[2024-10-13T09:02:41.757+0000] {processor.py:186} INFO - Started process (PID=128) to work on /home/airflow/.local/lib/python3.12/site-packages/airflow/example_dags/example_python_operator.py
[2024-10-13T09:02:41.773+0000] {processor.py:914} INFO - Processing file /home/airflow/.local/lib/python3.12/site-packages/airflow/example_dags/example_python_operator.py for tasks to queue
[2024-10-13T09:02:41.782+0000] {logging_mixin.py:190} INFO - [2024-10-13T09:02:41.781+0000] {dagbag.py:588} INFO - Filling up the DagBag from /home/airflow/.local/lib/python3.12/site-packages/airflow/example_dags/example_python_operator.py
[2024-10-13T09:02:41.956+0000] {processor.py:925} INFO - DAG(s) 'example_python_operator' retrieved from /home/airflow/.local/lib/python3.12/site-packages/airflow/example_dags/example_python_operator.py
[2024-10-13T09:02:42.511+0000] {logging_mixin.py:190} INFO - [2024-10-13T09:02:42.469+0000] {dag.py:3239} INFO - Sync 1 DAGs
[2024-10-13T09:02:42.609+0000] {logging_mixin.py:190} INFO - [2024-10-13T09:02:42.609+0000] {dag.py:4180} INFO - Setting next_dagrun for example_python_operator to None, run_after=None
[2024-10-13T09:02:42.716+0000] {processor.py:208} INFO - Processing /home/airflow/.local/lib/python3.12/site-packages/airflow/example_dags/example_python_operator.py took 0.983 seconds
[2024-10-13T09:03:13.103+0000] {processor.py:186} INFO - Started process (PID=191) to work on /home/airflow/.local/lib/python3.12/site-packages/airflow/example_dags/example_python_operator.py
[2024-10-13T09:03:13.127+0000] {processor.py:914} INFO - Processing file /home/airflow/.local/lib/python3.12/site-packages/airflow/example_dags/example_python_operator.py for tasks to queue
[2024-10-13T09:03:13.178+0000] {logging_mixin.py:190} INFO - [2024-10-13T09:03:13.173+0000] {dagbag.py:588} INFO - Filling up the DagBag from /home/airflow/.local/lib/python3.12/site-packages/airflow/example_dags/example_python_operator.py
[2024-10-13T09:03:13.473+0000] {processor.py:925} INFO - DAG(s) 'example_python_operator' retrieved from /home/airflow/.local/lib/python3.12/site-packages/airflow/example_dags/example_python_operator.py
[2024-10-13T09:03:13.600+0000] {logging_mixin.py:190} INFO - [2024-10-13T09:03:13.599+0000] {dag.py:3239} INFO - Sync 1 DAGs
[2024-10-13T09:03:13.708+0000] {logging_mixin.py:190} INFO - [2024-10-13T09:03:13.708+0000] {dag.py:4180} INFO - Setting next_dagrun for example_python_operator to None, run_after=None
[2024-10-13T09:03:13.956+0000] {processor.py:208} INFO - Processing /home/airflow/.local/lib/python3.12/site-packages/airflow/example_dags/example_python_operator.py took 0.889 seconds
[2024-10-13T09:03:44.489+0000] {processor.py:186} INFO - Started process (PID=255) to work on /home/airflow/.local/lib/python3.12/site-packages/airflow/example_dags/example_python_operator.py
[2024-10-13T09:03:44.494+0000] {processor.py:914} INFO - Processing file /home/airflow/.local/lib/python3.12/site-packages/airflow/example_dags/example_python_operator.py for tasks to queue
[2024-10-13T09:03:44.498+0000] {logging_mixin.py:190} INFO - [2024-10-13T09:03:44.498+0000] {dagbag.py:588} INFO - Filling up the DagBag from /home/airflow/.local/lib/python3.12/site-packages/airflow/example_dags/example_python_operator.py
[2024-10-13T09:03:44.534+0000] {processor.py:925} INFO - DAG(s) 'example_python_operator' retrieved from /home/airflow/.local/lib/python3.12/site-packages/airflow/example_dags/example_python_operator.py
[2024-10-13T09:03:44.618+0000] {logging_mixin.py:190} INFO - [2024-10-13T09:03:44.617+0000] {dag.py:3239} INFO - Sync 1 DAGs
[2024-10-13T09:03:44.736+0000] {logging_mixin.py:190} INFO - [2024-10-13T09:03:44.735+0000] {dag.py:4180} INFO - Setting next_dagrun for example_python_operator to None, run_after=None
[2024-10-13T09:03:44.814+0000] {processor.py:208} INFO - Processing /home/airflow/.local/lib/python3.12/site-packages/airflow/example_dags/example_python_operator.py took 0.338 seconds
[2024-10-13T09:04:21.216+0000] {processor.py:186} INFO - Started process (PID=317) to work on /home/airflow/.local/lib/python3.12/site-packages/airflow/example_dags/example_python_operator.py
[2024-10-13T09:04:21.225+0000] {processor.py:914} INFO - Processing file /home/airflow/.local/lib/python3.12/site-packages/airflow/example_dags/example_python_operator.py for tasks to queue
[2024-10-13T09:04:21.239+0000] {logging_mixin.py:190} INFO - [2024-10-13T09:04:21.238+0000] {dagbag.py:588} INFO - Filling up the DagBag from /home/airflow/.local/lib/python3.12/site-packages/airflow/example_dags/example_python_operator.py
[2024-10-13T09:04:21.294+0000] {processor.py:925} INFO - DAG(s) 'example_python_operator' retrieved from /home/airflow/.local/lib/python3.12/site-packages/airflow/example_dags/example_python_operator.py
[2024-10-13T09:04:21.409+0000] {logging_mixin.py:190} INFO - [2024-10-13T09:04:21.408+0000] {dag.py:3239} INFO - Sync 1 DAGs
[2024-10-13T09:04:21.481+0000] {logging_mixin.py:190} INFO - [2024-10-13T09:04:21.480+0000] {dag.py:4180} INFO - Setting next_dagrun for example_python_operator to None, run_after=None
[2024-10-13T09:04:21.600+0000] {processor.py:208} INFO - Processing /home/airflow/.local/lib/python3.12/site-packages/airflow/example_dags/example_python_operator.py took 0.408 seconds
[2024-10-13T09:04:52.234+0000] {processor.py:186} INFO - Started process (PID=380) to work on /home/airflow/.local/lib/python3.12/site-packages/airflow/example_dags/example_python_operator.py
[2024-10-13T09:04:52.237+0000] {processor.py:914} INFO - Processing file /home/airflow/.local/lib/python3.12/site-packages/airflow/example_dags/example_python_operator.py for tasks to queue
[2024-10-13T09:04:52.244+0000] {logging_mixin.py:190} INFO - [2024-10-13T09:04:52.243+0000] {dagbag.py:588} INFO - Filling up the DagBag from /home/airflow/.local/lib/python3.12/site-packages/airflow/example_dags/example_python_operator.py
[2024-10-13T09:04:52.277+0000] {processor.py:925} INFO - DAG(s) 'example_python_operator' retrieved from /home/airflow/.local/lib/python3.12/site-packages/airflow/example_dags/example_python_operator.py
[2024-10-13T09:04:52.337+0000] {logging_mixin.py:190} INFO - [2024-10-13T09:04:52.337+0000] {dag.py:3239} INFO - Sync 1 DAGs
[2024-10-13T09:04:52.367+0000] {logging_mixin.py:190} INFO - [2024-10-13T09:04:52.367+0000] {dag.py:4180} INFO - Setting next_dagrun for example_python_operator to None, run_after=None
[2024-10-13T09:04:52.406+0000] {processor.py:208} INFO - Processing /home/airflow/.local/lib/python3.12/site-packages/airflow/example_dags/example_python_operator.py took 0.185 seconds
[2024-10-13T09:05:22.570+0000] {processor.py:186} INFO - Started process (PID=443) to work on /home/airflow/.local/lib/python3.12/site-packages/airflow/example_dags/example_python_operator.py
[2024-10-13T09:05:22.573+0000] {processor.py:914} INFO - Processing file /home/airflow/.local/lib/python3.12/site-packages/airflow/example_dags/example_python_operator.py for tasks to queue
[2024-10-13T09:05:22.578+0000] {logging_mixin.py:190} INFO - [2024-10-13T09:05:22.578+0000] {dagbag.py:588} INFO - Filling up the DagBag from /home/airflow/.local/lib/python3.12/site-packages/airflow/example_dags/example_python_operator.py
[2024-10-13T09:05:22.607+0000] {processor.py:925} INFO - DAG(s) 'example_python_operator' retrieved from /home/airflow/.local/lib/python3.12/site-packages/airflow/example_dags/example_python_operator.py
[2024-10-13T09:05:22.652+0000] {logging_mixin.py:190} INFO - [2024-10-13T09:05:22.651+0000] {dag.py:3239} INFO - Sync 1 DAGs
[2024-10-13T09:05:22.693+0000] {logging_mixin.py:190} INFO - [2024-10-13T09:05:22.692+0000] {dag.py:4180} INFO - Setting next_dagrun for example_python_operator to None, run_after=None
[2024-10-13T09:05:22.757+0000] {processor.py:208} INFO - Processing /home/airflow/.local/lib/python3.12/site-packages/airflow/example_dags/example_python_operator.py took 0.195 seconds
[2024-10-13T09:05:53.140+0000] {processor.py:186} INFO - Started process (PID=506) to work on /home/airflow/.local/lib/python3.12/site-packages/airflow/example_dags/example_python_operator.py
[2024-10-13T09:05:53.146+0000] {processor.py:914} INFO - Processing file /home/airflow/.local/lib/python3.12/site-packages/airflow/example_dags/example_python_operator.py for tasks to queue
[2024-10-13T09:05:53.187+0000] {logging_mixin.py:190} INFO - [2024-10-13T09:05:53.186+0000] {dagbag.py:588} INFO - Filling up the DagBag from /home/airflow/.local/lib/python3.12/site-packages/airflow/example_dags/example_python_operator.py
[2024-10-13T09:05:53.446+0000] {processor.py:925} INFO - DAG(s) 'example_python_operator' retrieved from /home/airflow/.local/lib/python3.12/site-packages/airflow/example_dags/example_python_operator.py
[2024-10-13T09:05:53.514+0000] {logging_mixin.py:190} INFO - [2024-10-13T09:05:53.514+0000] {dag.py:3239} INFO - Sync 1 DAGs
[2024-10-13T09:05:53.563+0000] {logging_mixin.py:190} INFO - [2024-10-13T09:05:53.562+0000] {dag.py:4180} INFO - Setting next_dagrun for example_python_operator to None, run_after=None
[2024-10-13T09:05:54.855+0000] {processor.py:208} INFO - Processing /home/airflow/.local/lib/python3.12/site-packages/airflow/example_dags/example_python_operator.py took 1.834 seconds
[2024-10-13T09:06:25.358+0000] {processor.py:186} INFO - Started process (PID=569) to work on /home/airflow/.local/lib/python3.12/site-packages/airflow/example_dags/example_python_operator.py
[2024-10-13T09:06:25.360+0000] {processor.py:914} INFO - Processing file /home/airflow/.local/lib/python3.12/site-packages/airflow/example_dags/example_python_operator.py for tasks to queue
[2024-10-13T09:06:25.363+0000] {logging_mixin.py:190} INFO - [2024-10-13T09:06:25.363+0000] {dagbag.py:588} INFO - Filling up the DagBag from /home/airflow/.local/lib/python3.12/site-packages/airflow/example_dags/example_python_operator.py
[2024-10-13T09:06:25.377+0000] {processor.py:925} INFO - DAG(s) 'example_python_operator' retrieved from /home/airflow/.local/lib/python3.12/site-packages/airflow/example_dags/example_python_operator.py
[2024-10-13T09:06:25.407+0000] {logging_mixin.py:190} INFO - [2024-10-13T09:06:25.406+0000] {dag.py:3239} INFO - Sync 1 DAGs
[2024-10-13T09:06:25.426+0000] {logging_mixin.py:190} INFO - [2024-10-13T09:06:25.426+0000] {dag.py:4180} INFO - Setting next_dagrun for example_python_operator to None, run_after=None
[2024-10-13T09:06:25.457+0000] {processor.py:208} INFO - Processing /home/airflow/.local/lib/python3.12/site-packages/airflow/example_dags/example_python_operator.py took 0.104 seconds
[2024-10-13T09:06:55.803+0000] {processor.py:186} INFO - Started process (PID=633) to work on /home/airflow/.local/lib/python3.12/site-packages/airflow/example_dags/example_python_operator.py
[2024-10-13T09:06:55.805+0000] {processor.py:914} INFO - Processing file /home/airflow/.local/lib/python3.12/site-packages/airflow/example_dags/example_python_operator.py for tasks to queue
[2024-10-13T09:06:55.809+0000] {logging_mixin.py:190} INFO - [2024-10-13T09:06:55.808+0000] {dagbag.py:588} INFO - Filling up the DagBag from /home/airflow/.local/lib/python3.12/site-packages/airflow/example_dags/example_python_operator.py
[2024-10-13T09:06:55.825+0000] {processor.py:925} INFO - DAG(s) 'example_python_operator' retrieved from /home/airflow/.local/lib/python3.12/site-packages/airflow/example_dags/example_python_operator.py
[2024-10-13T09:06:55.854+0000] {logging_mixin.py:190} INFO - [2024-10-13T09:06:55.854+0000] {dag.py:3239} INFO - Sync 1 DAGs
[2024-10-13T09:06:55.872+0000] {logging_mixin.py:190} INFO - [2024-10-13T09:06:55.872+0000] {dag.py:4180} INFO - Setting next_dagrun for example_python_operator to None, run_after=None
[2024-10-13T09:06:55.909+0000] {processor.py:208} INFO - Processing /home/airflow/.local/lib/python3.12/site-packages/airflow/example_dags/example_python_operator.py took 0.114 seconds
[2024-10-13T09:07:26.220+0000] {processor.py:186} INFO - Started process (PID=697) to work on /home/airflow/.local/lib/python3.12/site-packages/airflow/example_dags/example_python_operator.py
[2024-10-13T09:07:26.222+0000] {processor.py:914} INFO - Processing file /home/airflow/.local/lib/python3.12/site-packages/airflow/example_dags/example_python_operator.py for tasks to queue
[2024-10-13T09:07:26.227+0000] {logging_mixin.py:190} INFO - [2024-10-13T09:07:26.226+0000] {dagbag.py:588} INFO - Filling up the DagBag from /home/airflow/.local/lib/python3.12/site-packages/airflow/example_dags/example_python_operator.py
[2024-10-13T09:07:26.257+0000] {processor.py:925} INFO - DAG(s) 'example_python_operator' retrieved from /home/airflow/.local/lib/python3.12/site-packages/airflow/example_dags/example_python_operator.py
[2024-10-13T09:07:26.326+0000] {logging_mixin.py:190} INFO - [2024-10-13T09:07:26.325+0000] {dag.py:3239} INFO - Sync 1 DAGs
[2024-10-13T09:07:26.374+0000] {logging_mixin.py:190} INFO - [2024-10-13T09:07:26.373+0000] {dag.py:4180} INFO - Setting next_dagrun for example_python_operator to None, run_after=None
[2024-10-13T09:07:26.435+0000] {processor.py:208} INFO - Processing /home/airflow/.local/lib/python3.12/site-packages/airflow/example_dags/example_python_operator.py took 0.232 seconds
[2024-10-13T09:07:57.354+0000] {processor.py:186} INFO - Started process (PID=760) to work on /home/airflow/.local/lib/python3.12/site-packages/airflow/example_dags/example_python_operator.py
[2024-10-13T09:07:57.356+0000] {processor.py:914} INFO - Processing file /home/airflow/.local/lib/python3.12/site-packages/airflow/example_dags/example_python_operator.py for tasks to queue
[2024-10-13T09:07:57.360+0000] {logging_mixin.py:190} INFO - [2024-10-13T09:07:57.359+0000] {dagbag.py:588} INFO - Filling up the DagBag from /home/airflow/.local/lib/python3.12/site-packages/airflow/example_dags/example_python_operator.py
[2024-10-13T09:07:57.384+0000] {processor.py:925} INFO - DAG(s) 'example_python_operator' retrieved from /home/airflow/.local/lib/python3.12/site-packages/airflow/example_dags/example_python_operator.py
[2024-10-13T09:07:57.432+0000] {logging_mixin.py:190} INFO - [2024-10-13T09:07:57.431+0000] {dag.py:3239} INFO - Sync 1 DAGs
[2024-10-13T09:07:57.453+0000] {logging_mixin.py:190} INFO - [2024-10-13T09:07:57.453+0000] {dag.py:4180} INFO - Setting next_dagrun for example_python_operator to None, run_after=None
[2024-10-13T09:07:57.498+0000] {processor.py:208} INFO - Processing /home/airflow/.local/lib/python3.12/site-packages/airflow/example_dags/example_python_operator.py took 0.154 seconds
[2024-10-13T09:08:28.156+0000] {processor.py:186} INFO - Started process (PID=823) to work on /home/airflow/.local/lib/python3.12/site-packages/airflow/example_dags/example_python_operator.py
[2024-10-13T09:08:28.158+0000] {processor.py:914} INFO - Processing file /home/airflow/.local/lib/python3.12/site-packages/airflow/example_dags/example_python_operator.py for tasks to queue
[2024-10-13T09:08:28.162+0000] {logging_mixin.py:190} INFO - [2024-10-13T09:08:28.161+0000] {dagbag.py:588} INFO - Filling up the DagBag from /home/airflow/.local/lib/python3.12/site-packages/airflow/example_dags/example_python_operator.py
[2024-10-13T09:08:28.195+0000] {processor.py:925} INFO - DAG(s) 'example_python_operator' retrieved from /home/airflow/.local/lib/python3.12/site-packages/airflow/example_dags/example_python_operator.py
[2024-10-13T09:08:28.251+0000] {logging_mixin.py:190} INFO - [2024-10-13T09:08:28.250+0000] {dag.py:3239} INFO - Sync 1 DAGs
[2024-10-13T09:08:28.299+0000] {logging_mixin.py:190} INFO - [2024-10-13T09:08:28.298+0000] {dag.py:4180} INFO - Setting next_dagrun for example_python_operator to None, run_after=None
[2024-10-13T09:08:28.359+0000] {processor.py:208} INFO - Processing /home/airflow/.local/lib/python3.12/site-packages/airflow/example_dags/example_python_operator.py took 0.211 seconds
[2024-10-13T09:08:59.090+0000] {processor.py:186} INFO - Started process (PID=886) to work on /home/airflow/.local/lib/python3.12/site-packages/airflow/example_dags/example_python_operator.py
[2024-10-13T09:08:59.096+0000] {processor.py:914} INFO - Processing file /home/airflow/.local/lib/python3.12/site-packages/airflow/example_dags/example_python_operator.py for tasks to queue
[2024-10-13T09:08:59.126+0000] {logging_mixin.py:190} INFO - [2024-10-13T09:08:59.124+0000] {dagbag.py:588} INFO - Filling up the DagBag from /home/airflow/.local/lib/python3.12/site-packages/airflow/example_dags/example_python_operator.py
[2024-10-13T09:08:59.193+0000] {processor.py:925} INFO - DAG(s) 'example_python_operator' retrieved from /home/airflow/.local/lib/python3.12/site-packages/airflow/example_dags/example_python_operator.py
[2024-10-13T09:08:59.297+0000] {logging_mixin.py:190} INFO - [2024-10-13T09:08:59.297+0000] {dag.py:3239} INFO - Sync 1 DAGs
[2024-10-13T09:08:59.350+0000] {logging_mixin.py:190} INFO - [2024-10-13T09:08:59.350+0000] {dag.py:4180} INFO - Setting next_dagrun for example_python_operator to None, run_after=None
[2024-10-13T09:08:59.447+0000] {processor.py:208} INFO - Processing /home/airflow/.local/lib/python3.12/site-packages/airflow/example_dags/example_python_operator.py took 0.387 seconds
[2024-10-13T09:09:30.931+0000] {processor.py:186} INFO - Started process (PID=949) to work on /home/airflow/.local/lib/python3.12/site-packages/airflow/example_dags/example_python_operator.py
[2024-10-13T09:09:30.935+0000] {processor.py:914} INFO - Processing file /home/airflow/.local/lib/python3.12/site-packages/airflow/example_dags/example_python_operator.py for tasks to queue
[2024-10-13T09:09:30.957+0000] {logging_mixin.py:190} INFO - [2024-10-13T09:09:30.956+0000] {dagbag.py:588} INFO - Filling up the DagBag from /home/airflow/.local/lib/python3.12/site-packages/airflow/example_dags/example_python_operator.py
[2024-10-13T09:09:31.032+0000] {processor.py:925} INFO - DAG(s) 'example_python_operator' retrieved from /home/airflow/.local/lib/python3.12/site-packages/airflow/example_dags/example_python_operator.py
[2024-10-13T09:09:31.177+0000] {logging_mixin.py:190} INFO - [2024-10-13T09:09:31.176+0000] {dag.py:3239} INFO - Sync 1 DAGs
[2024-10-13T09:09:31.250+0000] {logging_mixin.py:190} INFO - [2024-10-13T09:09:31.249+0000] {dag.py:4180} INFO - Setting next_dagrun for example_python_operator to None, run_after=None
[2024-10-13T09:09:31.324+0000] {processor.py:208} INFO - Processing /home/airflow/.local/lib/python3.12/site-packages/airflow/example_dags/example_python_operator.py took 0.413 seconds
[2024-10-13T09:10:02.184+0000] {processor.py:186} INFO - Started process (PID=1013) to work on /home/airflow/.local/lib/python3.12/site-packages/airflow/example_dags/example_python_operator.py
[2024-10-13T09:10:02.185+0000] {processor.py:914} INFO - Processing file /home/airflow/.local/lib/python3.12/site-packages/airflow/example_dags/example_python_operator.py for tasks to queue
[2024-10-13T09:10:02.189+0000] {logging_mixin.py:190} INFO - [2024-10-13T09:10:02.188+0000] {dagbag.py:588} INFO - Filling up the DagBag from /home/airflow/.local/lib/python3.12/site-packages/airflow/example_dags/example_python_operator.py
[2024-10-13T09:10:02.206+0000] {processor.py:925} INFO - DAG(s) 'example_python_operator' retrieved from /home/airflow/.local/lib/python3.12/site-packages/airflow/example_dags/example_python_operator.py
[2024-10-13T09:10:02.242+0000] {logging_mixin.py:190} INFO - [2024-10-13T09:10:02.242+0000] {dag.py:3239} INFO - Sync 1 DAGs
[2024-10-13T09:10:02.261+0000] {logging_mixin.py:190} INFO - [2024-10-13T09:10:02.261+0000] {dag.py:4180} INFO - Setting next_dagrun for example_python_operator to None, run_after=None
[2024-10-13T09:10:02.284+0000] {processor.py:208} INFO - Processing /home/airflow/.local/lib/python3.12/site-packages/airflow/example_dags/example_python_operator.py took 0.109 seconds
[2024-10-13T09:10:32.524+0000] {processor.py:186} INFO - Started process (PID=1076) to work on /home/airflow/.local/lib/python3.12/site-packages/airflow/example_dags/example_python_operator.py
[2024-10-13T09:10:32.525+0000] {processor.py:914} INFO - Processing file /home/airflow/.local/lib/python3.12/site-packages/airflow/example_dags/example_python_operator.py for tasks to queue
[2024-10-13T09:10:32.528+0000] {logging_mixin.py:190} INFO - [2024-10-13T09:10:32.527+0000] {dagbag.py:588} INFO - Filling up the DagBag from /home/airflow/.local/lib/python3.12/site-packages/airflow/example_dags/example_python_operator.py
[2024-10-13T09:10:32.544+0000] {processor.py:925} INFO - DAG(s) 'example_python_operator' retrieved from /home/airflow/.local/lib/python3.12/site-packages/airflow/example_dags/example_python_operator.py
[2024-10-13T09:10:32.564+0000] {logging_mixin.py:190} INFO - [2024-10-13T09:10:32.564+0000] {dag.py:3239} INFO - Sync 1 DAGs
[2024-10-13T09:10:32.577+0000] {logging_mixin.py:190} INFO - [2024-10-13T09:10:32.576+0000] {dag.py:4180} INFO - Setting next_dagrun for example_python_operator to None, run_after=None
[2024-10-13T09:10:32.598+0000] {processor.py:208} INFO - Processing /home/airflow/.local/lib/python3.12/site-packages/airflow/example_dags/example_python_operator.py took 0.078 seconds
[2024-10-13T09:11:02.853+0000] {processor.py:186} INFO - Started process (PID=1139) to work on /home/airflow/.local/lib/python3.12/site-packages/airflow/example_dags/example_python_operator.py
[2024-10-13T09:11:02.855+0000] {processor.py:914} INFO - Processing file /home/airflow/.local/lib/python3.12/site-packages/airflow/example_dags/example_python_operator.py for tasks to queue
[2024-10-13T09:11:02.857+0000] {logging_mixin.py:190} INFO - [2024-10-13T09:11:02.857+0000] {dagbag.py:588} INFO - Filling up the DagBag from /home/airflow/.local/lib/python3.12/site-packages/airflow/example_dags/example_python_operator.py
[2024-10-13T09:11:02.872+0000] {processor.py:925} INFO - DAG(s) 'example_python_operator' retrieved from /home/airflow/.local/lib/python3.12/site-packages/airflow/example_dags/example_python_operator.py
[2024-10-13T09:11:02.901+0000] {logging_mixin.py:190} INFO - [2024-10-13T09:11:02.901+0000] {dag.py:3239} INFO - Sync 1 DAGs
[2024-10-13T09:11:02.921+0000] {logging_mixin.py:190} INFO - [2024-10-13T09:11:02.921+0000] {dag.py:4180} INFO - Setting next_dagrun for example_python_operator to None, run_after=None
[2024-10-13T09:11:02.953+0000] {processor.py:208} INFO - Processing /home/airflow/.local/lib/python3.12/site-packages/airflow/example_dags/example_python_operator.py took 0.105 seconds
[2024-10-13T09:11:33.308+0000] {processor.py:186} INFO - Started process (PID=1202) to work on /home/airflow/.local/lib/python3.12/site-packages/airflow/example_dags/example_python_operator.py
[2024-10-13T09:11:33.311+0000] {processor.py:914} INFO - Processing file /home/airflow/.local/lib/python3.12/site-packages/airflow/example_dags/example_python_operator.py for tasks to queue
[2024-10-13T09:11:33.317+0000] {logging_mixin.py:190} INFO - [2024-10-13T09:11:33.316+0000] {dagbag.py:588} INFO - Filling up the DagBag from /home/airflow/.local/lib/python3.12/site-packages/airflow/example_dags/example_python_operator.py
[2024-10-13T09:11:33.334+0000] {processor.py:925} INFO - DAG(s) 'example_python_operator' retrieved from /home/airflow/.local/lib/python3.12/site-packages/airflow/example_dags/example_python_operator.py
[2024-10-13T09:11:33.371+0000] {logging_mixin.py:190} INFO - [2024-10-13T09:11:33.370+0000] {dag.py:3239} INFO - Sync 1 DAGs
[2024-10-13T09:11:33.395+0000] {logging_mixin.py:190} INFO - [2024-10-13T09:11:33.395+0000] {dag.py:4180} INFO - Setting next_dagrun for example_python_operator to None, run_after=None
[2024-10-13T09:11:33.423+0000] {processor.py:208} INFO - Processing /home/airflow/.local/lib/python3.12/site-packages/airflow/example_dags/example_python_operator.py took 0.125 seconds
[2024-10-13T09:12:04.646+0000] {processor.py:186} INFO - Started process (PID=1268) to work on /home/airflow/.local/lib/python3.12/site-packages/airflow/example_dags/example_python_operator.py
[2024-10-13T09:12:04.647+0000] {processor.py:914} INFO - Processing file /home/airflow/.local/lib/python3.12/site-packages/airflow/example_dags/example_python_operator.py for tasks to queue
[2024-10-13T09:12:04.650+0000] {logging_mixin.py:190} INFO - [2024-10-13T09:12:04.650+0000] {dagbag.py:588} INFO - Filling up the DagBag from /home/airflow/.local/lib/python3.12/site-packages/airflow/example_dags/example_python_operator.py
[2024-10-13T09:12:04.663+0000] {processor.py:925} INFO - DAG(s) 'example_python_operator' retrieved from /home/airflow/.local/lib/python3.12/site-packages/airflow/example_dags/example_python_operator.py
[2024-10-13T09:12:04.687+0000] {logging_mixin.py:190} INFO - [2024-10-13T09:12:04.686+0000] {dag.py:3239} INFO - Sync 1 DAGs
[2024-10-13T09:12:04.703+0000] {logging_mixin.py:190} INFO - [2024-10-13T09:12:04.703+0000] {dag.py:4180} INFO - Setting next_dagrun for example_python_operator to None, run_after=None
[2024-10-13T09:12:04.730+0000] {processor.py:208} INFO - Processing /home/airflow/.local/lib/python3.12/site-packages/airflow/example_dags/example_python_operator.py took 0.090 seconds
[2024-10-13T09:12:35.431+0000] {processor.py:186} INFO - Started process (PID=1331) to work on /home/airflow/.local/lib/python3.12/site-packages/airflow/example_dags/example_python_operator.py
[2024-10-13T09:12:35.433+0000] {processor.py:914} INFO - Processing file /home/airflow/.local/lib/python3.12/site-packages/airflow/example_dags/example_python_operator.py for tasks to queue
[2024-10-13T09:12:35.438+0000] {logging_mixin.py:190} INFO - [2024-10-13T09:12:35.437+0000] {dagbag.py:588} INFO - Filling up the DagBag from /home/airflow/.local/lib/python3.12/site-packages/airflow/example_dags/example_python_operator.py
[2024-10-13T09:12:35.454+0000] {processor.py:925} INFO - DAG(s) 'example_python_operator' retrieved from /home/airflow/.local/lib/python3.12/site-packages/airflow/example_dags/example_python_operator.py
[2024-10-13T09:12:35.494+0000] {logging_mixin.py:190} INFO - [2024-10-13T09:12:35.494+0000] {dag.py:3239} INFO - Sync 1 DAGs
[2024-10-13T09:12:35.525+0000] {logging_mixin.py:190} INFO - [2024-10-13T09:12:35.525+0000] {dag.py:4180} INFO - Setting next_dagrun for example_python_operator to None, run_after=None
[2024-10-13T09:12:35.566+0000] {processor.py:208} INFO - Processing /home/airflow/.local/lib/python3.12/site-packages/airflow/example_dags/example_python_operator.py took 0.142 seconds
[2024-10-13T09:13:14.325+0000] {processor.py:186} INFO - Started process (PID=1405) to work on /home/airflow/.local/lib/python3.12/site-packages/airflow/example_dags/example_python_operator.py
[2024-10-13T09:13:14.328+0000] {processor.py:914} INFO - Processing file /home/airflow/.local/lib/python3.12/site-packages/airflow/example_dags/example_python_operator.py for tasks to queue
[2024-10-13T09:13:14.337+0000] {logging_mixin.py:190} INFO - [2024-10-13T09:13:14.335+0000] {dagbag.py:588} INFO - Filling up the DagBag from /home/airflow/.local/lib/python3.12/site-packages/airflow/example_dags/example_python_operator.py
[2024-10-13T09:13:14.395+0000] {processor.py:925} INFO - DAG(s) 'example_python_operator' retrieved from /home/airflow/.local/lib/python3.12/site-packages/airflow/example_dags/example_python_operator.py
[2024-10-13T09:13:14.494+0000] {logging_mixin.py:190} INFO - [2024-10-13T09:13:14.493+0000] {dag.py:3239} INFO - Sync 1 DAGs
[2024-10-13T09:13:14.563+0000] {logging_mixin.py:190} INFO - [2024-10-13T09:13:14.562+0000] {dag.py:4180} INFO - Setting next_dagrun for example_python_operator to None, run_after=None
[2024-10-13T09:13:14.677+0000] {processor.py:208} INFO - Processing /home/airflow/.local/lib/python3.12/site-packages/airflow/example_dags/example_python_operator.py took 0.390 seconds
[2024-10-13T09:13:45.401+0000] {processor.py:186} INFO - Started process (PID=1468) to work on /home/airflow/.local/lib/python3.12/site-packages/airflow/example_dags/example_python_operator.py
[2024-10-13T09:13:45.403+0000] {processor.py:914} INFO - Processing file /home/airflow/.local/lib/python3.12/site-packages/airflow/example_dags/example_python_operator.py for tasks to queue
[2024-10-13T09:13:45.408+0000] {logging_mixin.py:190} INFO - [2024-10-13T09:13:45.408+0000] {dagbag.py:588} INFO - Filling up the DagBag from /home/airflow/.local/lib/python3.12/site-packages/airflow/example_dags/example_python_operator.py
[2024-10-13T09:13:45.443+0000] {processor.py:925} INFO - DAG(s) 'example_python_operator' retrieved from /home/airflow/.local/lib/python3.12/site-packages/airflow/example_dags/example_python_operator.py
[2024-10-13T09:13:45.521+0000] {logging_mixin.py:190} INFO - [2024-10-13T09:13:45.520+0000] {dag.py:3239} INFO - Sync 1 DAGs
[2024-10-13T09:13:45.568+0000] {logging_mixin.py:190} INFO - [2024-10-13T09:13:45.568+0000] {dag.py:4180} INFO - Setting next_dagrun for example_python_operator to None, run_after=None
[2024-10-13T09:13:45.635+0000] {processor.py:208} INFO - Processing /home/airflow/.local/lib/python3.12/site-packages/airflow/example_dags/example_python_operator.py took 0.243 seconds
[2024-10-13T09:14:15.917+0000] {processor.py:186} INFO - Started process (PID=1531) to work on /home/airflow/.local/lib/python3.12/site-packages/airflow/example_dags/example_python_operator.py
[2024-10-13T09:14:15.919+0000] {processor.py:914} INFO - Processing file /home/airflow/.local/lib/python3.12/site-packages/airflow/example_dags/example_python_operator.py for tasks to queue
[2024-10-13T09:14:15.925+0000] {logging_mixin.py:190} INFO - [2024-10-13T09:14:15.924+0000] {dagbag.py:588} INFO - Filling up the DagBag from /home/airflow/.local/lib/python3.12/site-packages/airflow/example_dags/example_python_operator.py
[2024-10-13T09:14:15.947+0000] {processor.py:925} INFO - DAG(s) 'example_python_operator' retrieved from /home/airflow/.local/lib/python3.12/site-packages/airflow/example_dags/example_python_operator.py
[2024-10-13T09:14:15.983+0000] {logging_mixin.py:190} INFO - [2024-10-13T09:14:15.983+0000] {dag.py:3239} INFO - Sync 1 DAGs
[2024-10-13T09:14:16.011+0000] {logging_mixin.py:190} INFO - [2024-10-13T09:14:16.010+0000] {dag.py:4180} INFO - Setting next_dagrun for example_python_operator to None, run_after=None
[2024-10-13T09:14:16.047+0000] {processor.py:208} INFO - Processing /home/airflow/.local/lib/python3.12/site-packages/airflow/example_dags/example_python_operator.py took 0.140 seconds
[2024-10-13T09:14:46.342+0000] {processor.py:186} INFO - Started process (PID=1594) to work on /home/airflow/.local/lib/python3.12/site-packages/airflow/example_dags/example_python_operator.py
[2024-10-13T09:14:46.343+0000] {processor.py:914} INFO - Processing file /home/airflow/.local/lib/python3.12/site-packages/airflow/example_dags/example_python_operator.py for tasks to queue
[2024-10-13T09:14:46.346+0000] {logging_mixin.py:190} INFO - [2024-10-13T09:14:46.346+0000] {dagbag.py:588} INFO - Filling up the DagBag from /home/airflow/.local/lib/python3.12/site-packages/airflow/example_dags/example_python_operator.py
[2024-10-13T09:14:46.363+0000] {processor.py:925} INFO - DAG(s) 'example_python_operator' retrieved from /home/airflow/.local/lib/python3.12/site-packages/airflow/example_dags/example_python_operator.py
[2024-10-13T09:14:46.388+0000] {logging_mixin.py:190} INFO - [2024-10-13T09:14:46.388+0000] {dag.py:3239} INFO - Sync 1 DAGs
[2024-10-13T09:14:46.401+0000] {logging_mixin.py:190} INFO - [2024-10-13T09:14:46.401+0000] {dag.py:4180} INFO - Setting next_dagrun for example_python_operator to None, run_after=None
[2024-10-13T09:14:46.429+0000] {processor.py:208} INFO - Processing /home/airflow/.local/lib/python3.12/site-packages/airflow/example_dags/example_python_operator.py took 0.093 seconds
[2024-10-13T09:15:17.114+0000] {processor.py:186} INFO - Started process (PID=1663) to work on /home/airflow/.local/lib/python3.12/site-packages/airflow/example_dags/example_python_operator.py
[2024-10-13T09:15:17.117+0000] {processor.py:914} INFO - Processing file /home/airflow/.local/lib/python3.12/site-packages/airflow/example_dags/example_python_operator.py for tasks to queue
[2024-10-13T09:15:17.121+0000] {logging_mixin.py:190} INFO - [2024-10-13T09:15:17.120+0000] {dagbag.py:588} INFO - Filling up the DagBag from /home/airflow/.local/lib/python3.12/site-packages/airflow/example_dags/example_python_operator.py
[2024-10-13T09:15:17.148+0000] {processor.py:925} INFO - DAG(s) 'example_python_operator' retrieved from /home/airflow/.local/lib/python3.12/site-packages/airflow/example_dags/example_python_operator.py
[2024-10-13T09:15:17.183+0000] {logging_mixin.py:190} INFO - [2024-10-13T09:15:17.183+0000] {dag.py:3239} INFO - Sync 1 DAGs
[2024-10-13T09:15:17.203+0000] {logging_mixin.py:190} INFO - [2024-10-13T09:15:17.203+0000] {dag.py:4180} INFO - Setting next_dagrun for example_python_operator to None, run_after=None
[2024-10-13T09:15:17.243+0000] {processor.py:208} INFO - Processing /home/airflow/.local/lib/python3.12/site-packages/airflow/example_dags/example_python_operator.py took 0.137 seconds
[2024-10-13T09:15:47.954+0000] {processor.py:186} INFO - Started process (PID=1726) to work on /home/airflow/.local/lib/python3.12/site-packages/airflow/example_dags/example_python_operator.py
[2024-10-13T09:15:47.956+0000] {processor.py:914} INFO - Processing file /home/airflow/.local/lib/python3.12/site-packages/airflow/example_dags/example_python_operator.py for tasks to queue
[2024-10-13T09:15:47.959+0000] {logging_mixin.py:190} INFO - [2024-10-13T09:15:47.958+0000] {dagbag.py:588} INFO - Filling up the DagBag from /home/airflow/.local/lib/python3.12/site-packages/airflow/example_dags/example_python_operator.py
[2024-10-13T09:15:47.972+0000] {processor.py:925} INFO - DAG(s) 'example_python_operator' retrieved from /home/airflow/.local/lib/python3.12/site-packages/airflow/example_dags/example_python_operator.py
[2024-10-13T09:15:48.006+0000] {logging_mixin.py:190} INFO - [2024-10-13T09:15:48.006+0000] {dag.py:3239} INFO - Sync 1 DAGs
[2024-10-13T09:15:48.026+0000] {logging_mixin.py:190} INFO - [2024-10-13T09:15:48.025+0000] {dag.py:4180} INFO - Setting next_dagrun for example_python_operator to None, run_after=None
[2024-10-13T09:15:48.071+0000] {processor.py:208} INFO - Processing /home/airflow/.local/lib/python3.12/site-packages/airflow/example_dags/example_python_operator.py took 0.124 seconds
[2024-10-13T09:16:18.527+0000] {processor.py:186} INFO - Started process (PID=1789) to work on /home/airflow/.local/lib/python3.12/site-packages/airflow/example_dags/example_python_operator.py
[2024-10-13T09:16:18.529+0000] {processor.py:914} INFO - Processing file /home/airflow/.local/lib/python3.12/site-packages/airflow/example_dags/example_python_operator.py for tasks to queue
[2024-10-13T09:16:18.535+0000] {logging_mixin.py:190} INFO - [2024-10-13T09:16:18.534+0000] {dagbag.py:588} INFO - Filling up the DagBag from /home/airflow/.local/lib/python3.12/site-packages/airflow/example_dags/example_python_operator.py
[2024-10-13T09:16:18.556+0000] {processor.py:925} INFO - DAG(s) 'example_python_operator' retrieved from /home/airflow/.local/lib/python3.12/site-packages/airflow/example_dags/example_python_operator.py
[2024-10-13T09:16:18.603+0000] {logging_mixin.py:190} INFO - [2024-10-13T09:16:18.603+0000] {dag.py:3239} INFO - Sync 1 DAGs
[2024-10-13T09:16:18.634+0000] {logging_mixin.py:190} INFO - [2024-10-13T09:16:18.634+0000] {dag.py:4180} INFO - Setting next_dagrun for example_python_operator to None, run_after=None
[2024-10-13T09:16:18.688+0000] {processor.py:208} INFO - Processing /home/airflow/.local/lib/python3.12/site-packages/airflow/example_dags/example_python_operator.py took 0.171 seconds
[2024-10-13T09:16:49.491+0000] {processor.py:186} INFO - Started process (PID=1852) to work on /home/airflow/.local/lib/python3.12/site-packages/airflow/example_dags/example_python_operator.py
[2024-10-13T09:16:49.492+0000] {processor.py:914} INFO - Processing file /home/airflow/.local/lib/python3.12/site-packages/airflow/example_dags/example_python_operator.py for tasks to queue
[2024-10-13T09:16:49.495+0000] {logging_mixin.py:190} INFO - [2024-10-13T09:16:49.495+0000] {dagbag.py:588} INFO - Filling up the DagBag from /home/airflow/.local/lib/python3.12/site-packages/airflow/example_dags/example_python_operator.py
[2024-10-13T09:16:49.509+0000] {processor.py:925} INFO - DAG(s) 'example_python_operator' retrieved from /home/airflow/.local/lib/python3.12/site-packages/airflow/example_dags/example_python_operator.py
[2024-10-13T09:16:49.536+0000] {logging_mixin.py:190} INFO - [2024-10-13T09:16:49.536+0000] {dag.py:3239} INFO - Sync 1 DAGs
[2024-10-13T09:16:49.551+0000] {logging_mixin.py:190} INFO - [2024-10-13T09:16:49.551+0000] {dag.py:4180} INFO - Setting next_dagrun for example_python_operator to None, run_after=None
[2024-10-13T09:16:49.578+0000] {processor.py:208} INFO - Processing /home/airflow/.local/lib/python3.12/site-packages/airflow/example_dags/example_python_operator.py took 0.095 seconds
[2024-10-13T09:17:20.329+0000] {processor.py:186} INFO - Started process (PID=1915) to work on /home/airflow/.local/lib/python3.12/site-packages/airflow/example_dags/example_python_operator.py
[2024-10-13T09:17:20.330+0000] {processor.py:914} INFO - Processing file /home/airflow/.local/lib/python3.12/site-packages/airflow/example_dags/example_python_operator.py for tasks to queue
[2024-10-13T09:17:20.334+0000] {logging_mixin.py:190} INFO - [2024-10-13T09:17:20.334+0000] {dagbag.py:588} INFO - Filling up the DagBag from /home/airflow/.local/lib/python3.12/site-packages/airflow/example_dags/example_python_operator.py
[2024-10-13T09:17:20.349+0000] {processor.py:925} INFO - DAG(s) 'example_python_operator' retrieved from /home/airflow/.local/lib/python3.12/site-packages/airflow/example_dags/example_python_operator.py
[2024-10-13T09:17:20.382+0000] {logging_mixin.py:190} INFO - [2024-10-13T09:17:20.381+0000] {dag.py:3239} INFO - Sync 1 DAGs
[2024-10-13T09:17:20.398+0000] {logging_mixin.py:190} INFO - [2024-10-13T09:17:20.398+0000] {dag.py:4180} INFO - Setting next_dagrun for example_python_operator to None, run_after=None
[2024-10-13T09:17:20.425+0000] {processor.py:208} INFO - Processing /home/airflow/.local/lib/python3.12/site-packages/airflow/example_dags/example_python_operator.py took 0.107 seconds
[2024-10-13T09:17:50.482+0000] {processor.py:186} INFO - Started process (PID=1978) to work on /home/airflow/.local/lib/python3.12/site-packages/airflow/example_dags/example_python_operator.py
[2024-10-13T09:17:50.484+0000] {processor.py:914} INFO - Processing file /home/airflow/.local/lib/python3.12/site-packages/airflow/example_dags/example_python_operator.py for tasks to queue
[2024-10-13T09:17:50.486+0000] {logging_mixin.py:190} INFO - [2024-10-13T09:17:50.486+0000] {dagbag.py:588} INFO - Filling up the DagBag from /home/airflow/.local/lib/python3.12/site-packages/airflow/example_dags/example_python_operator.py
[2024-10-13T09:17:50.498+0000] {processor.py:925} INFO - DAG(s) 'example_python_operator' retrieved from /home/airflow/.local/lib/python3.12/site-packages/airflow/example_dags/example_python_operator.py
[2024-10-13T09:17:50.521+0000] {logging_mixin.py:190} INFO - [2024-10-13T09:17:50.521+0000] {dag.py:3239} INFO - Sync 1 DAGs
[2024-10-13T09:17:50.536+0000] {logging_mixin.py:190} INFO - [2024-10-13T09:17:50.536+0000] {dag.py:4180} INFO - Setting next_dagrun for example_python_operator to None, run_after=None
[2024-10-13T09:17:50.556+0000] {processor.py:208} INFO - Processing /home/airflow/.local/lib/python3.12/site-packages/airflow/example_dags/example_python_operator.py took 0.081 seconds
[2024-10-13T09:18:21.496+0000] {processor.py:186} INFO - Started process (PID=2041) to work on /home/airflow/.local/lib/python3.12/site-packages/airflow/example_dags/example_python_operator.py
[2024-10-13T09:18:21.498+0000] {processor.py:914} INFO - Processing file /home/airflow/.local/lib/python3.12/site-packages/airflow/example_dags/example_python_operator.py for tasks to queue
[2024-10-13T09:18:21.500+0000] {logging_mixin.py:190} INFO - [2024-10-13T09:18:21.500+0000] {dagbag.py:588} INFO - Filling up the DagBag from /home/airflow/.local/lib/python3.12/site-packages/airflow/example_dags/example_python_operator.py
[2024-10-13T09:18:21.511+0000] {processor.py:925} INFO - DAG(s) 'example_python_operator' retrieved from /home/airflow/.local/lib/python3.12/site-packages/airflow/example_dags/example_python_operator.py
[2024-10-13T09:18:21.536+0000] {logging_mixin.py:190} INFO - [2024-10-13T09:18:21.536+0000] {dag.py:3239} INFO - Sync 1 DAGs
[2024-10-13T09:18:21.548+0000] {logging_mixin.py:190} INFO - [2024-10-13T09:18:21.547+0000] {dag.py:4180} INFO - Setting next_dagrun for example_python_operator to None, run_after=None
[2024-10-13T09:18:21.570+0000] {processor.py:208} INFO - Processing /home/airflow/.local/lib/python3.12/site-packages/airflow/example_dags/example_python_operator.py took 0.079 seconds
[2024-10-13T09:18:51.758+0000] {processor.py:186} INFO - Started process (PID=2104) to work on /home/airflow/.local/lib/python3.12/site-packages/airflow/example_dags/example_python_operator.py
[2024-10-13T09:18:51.759+0000] {processor.py:914} INFO - Processing file /home/airflow/.local/lib/python3.12/site-packages/airflow/example_dags/example_python_operator.py for tasks to queue
[2024-10-13T09:18:51.762+0000] {logging_mixin.py:190} INFO - [2024-10-13T09:18:51.762+0000] {dagbag.py:588} INFO - Filling up the DagBag from /home/airflow/.local/lib/python3.12/site-packages/airflow/example_dags/example_python_operator.py
[2024-10-13T09:18:51.775+0000] {processor.py:925} INFO - DAG(s) 'example_python_operator' retrieved from /home/airflow/.local/lib/python3.12/site-packages/airflow/example_dags/example_python_operator.py
[2024-10-13T09:18:51.803+0000] {logging_mixin.py:190} INFO - [2024-10-13T09:18:51.803+0000] {dag.py:3239} INFO - Sync 1 DAGs
[2024-10-13T09:18:51.821+0000] {logging_mixin.py:190} INFO - [2024-10-13T09:18:51.821+0000] {dag.py:4180} INFO - Setting next_dagrun for example_python_operator to None, run_after=None
[2024-10-13T09:18:51.847+0000] {processor.py:208} INFO - Processing /home/airflow/.local/lib/python3.12/site-packages/airflow/example_dags/example_python_operator.py took 0.094 seconds
[2024-10-13T09:19:22.207+0000] {processor.py:186} INFO - Started process (PID=2167) to work on /home/airflow/.local/lib/python3.12/site-packages/airflow/example_dags/example_python_operator.py
[2024-10-13T09:19:22.212+0000] {processor.py:914} INFO - Processing file /home/airflow/.local/lib/python3.12/site-packages/airflow/example_dags/example_python_operator.py for tasks to queue
[2024-10-13T09:19:22.222+0000] {logging_mixin.py:190} INFO - [2024-10-13T09:19:22.222+0000] {dagbag.py:588} INFO - Filling up the DagBag from /home/airflow/.local/lib/python3.12/site-packages/airflow/example_dags/example_python_operator.py
[2024-10-13T09:19:22.250+0000] {processor.py:925} INFO - DAG(s) 'example_python_operator' retrieved from /home/airflow/.local/lib/python3.12/site-packages/airflow/example_dags/example_python_operator.py
[2024-10-13T09:19:22.283+0000] {logging_mixin.py:190} INFO - [2024-10-13T09:19:22.283+0000] {dag.py:3239} INFO - Sync 1 DAGs
[2024-10-13T09:19:22.298+0000] {logging_mixin.py:190} INFO - [2024-10-13T09:19:22.298+0000] {dag.py:4180} INFO - Setting next_dagrun for example_python_operator to None, run_after=None
[2024-10-13T09:19:22.322+0000] {processor.py:208} INFO - Processing /home/airflow/.local/lib/python3.12/site-packages/airflow/example_dags/example_python_operator.py took 0.121 seconds
[2024-10-13T09:19:53.309+0000] {processor.py:186} INFO - Started process (PID=2230) to work on /home/airflow/.local/lib/python3.12/site-packages/airflow/example_dags/example_python_operator.py
[2024-10-13T09:19:53.317+0000] {processor.py:914} INFO - Processing file /home/airflow/.local/lib/python3.12/site-packages/airflow/example_dags/example_python_operator.py for tasks to queue
[2024-10-13T09:19:53.324+0000] {logging_mixin.py:190} INFO - [2024-10-13T09:19:53.323+0000] {dagbag.py:588} INFO - Filling up the DagBag from /home/airflow/.local/lib/python3.12/site-packages/airflow/example_dags/example_python_operator.py
[2024-10-13T09:19:53.354+0000] {processor.py:925} INFO - DAG(s) 'example_python_operator' retrieved from /home/airflow/.local/lib/python3.12/site-packages/airflow/example_dags/example_python_operator.py
[2024-10-13T09:19:53.395+0000] {logging_mixin.py:190} INFO - [2024-10-13T09:19:53.394+0000] {dag.py:3239} INFO - Sync 1 DAGs
[2024-10-13T09:19:53.442+0000] {logging_mixin.py:190} INFO - [2024-10-13T09:19:53.438+0000] {dag.py:4180} INFO - Setting next_dagrun for example_python_operator to None, run_after=None
[2024-10-13T09:19:53.510+0000] {processor.py:208} INFO - Processing /home/airflow/.local/lib/python3.12/site-packages/airflow/example_dags/example_python_operator.py took 0.215 seconds
[2024-10-13T09:20:23.741+0000] {processor.py:186} INFO - Started process (PID=2293) to work on /home/airflow/.local/lib/python3.12/site-packages/airflow/example_dags/example_python_operator.py
[2024-10-13T09:20:23.743+0000] {processor.py:914} INFO - Processing file /home/airflow/.local/lib/python3.12/site-packages/airflow/example_dags/example_python_operator.py for tasks to queue
[2024-10-13T09:20:23.745+0000] {logging_mixin.py:190} INFO - [2024-10-13T09:20:23.745+0000] {dagbag.py:588} INFO - Filling up the DagBag from /home/airflow/.local/lib/python3.12/site-packages/airflow/example_dags/example_python_operator.py
[2024-10-13T09:20:23.758+0000] {processor.py:925} INFO - DAG(s) 'example_python_operator' retrieved from /home/airflow/.local/lib/python3.12/site-packages/airflow/example_dags/example_python_operator.py
[2024-10-13T09:20:23.779+0000] {logging_mixin.py:190} INFO - [2024-10-13T09:20:23.778+0000] {dag.py:3239} INFO - Sync 1 DAGs
[2024-10-13T09:20:23.791+0000] {logging_mixin.py:190} INFO - [2024-10-13T09:20:23.791+0000] {dag.py:4180} INFO - Setting next_dagrun for example_python_operator to None, run_after=None
[2024-10-13T09:20:23.808+0000] {processor.py:208} INFO - Processing /home/airflow/.local/lib/python3.12/site-packages/airflow/example_dags/example_python_operator.py took 0.072 seconds
[2024-10-13T09:20:54.534+0000] {processor.py:186} INFO - Started process (PID=2356) to work on /home/airflow/.local/lib/python3.12/site-packages/airflow/example_dags/example_python_operator.py
[2024-10-13T09:20:54.536+0000] {processor.py:914} INFO - Processing file /home/airflow/.local/lib/python3.12/site-packages/airflow/example_dags/example_python_operator.py for tasks to queue
[2024-10-13T09:20:54.539+0000] {logging_mixin.py:190} INFO - [2024-10-13T09:20:54.538+0000] {dagbag.py:588} INFO - Filling up the DagBag from /home/airflow/.local/lib/python3.12/site-packages/airflow/example_dags/example_python_operator.py
[2024-10-13T09:20:54.556+0000] {processor.py:925} INFO - DAG(s) 'example_python_operator' retrieved from /home/airflow/.local/lib/python3.12/site-packages/airflow/example_dags/example_python_operator.py
[2024-10-13T09:20:54.581+0000] {logging_mixin.py:190} INFO - [2024-10-13T09:20:54.581+0000] {dag.py:3239} INFO - Sync 1 DAGs
[2024-10-13T09:20:54.597+0000] {logging_mixin.py:190} INFO - [2024-10-13T09:20:54.597+0000] {dag.py:4180} INFO - Setting next_dagrun for example_python_operator to None, run_after=None
[2024-10-13T09:20:54.620+0000] {processor.py:208} INFO - Processing /home/airflow/.local/lib/python3.12/site-packages/airflow/example_dags/example_python_operator.py took 0.094 seconds
[2024-10-13T09:21:25.231+0000] {processor.py:186} INFO - Started process (PID=2420) to work on /home/airflow/.local/lib/python3.12/site-packages/airflow/example_dags/example_python_operator.py
[2024-10-13T09:21:25.232+0000] {processor.py:914} INFO - Processing file /home/airflow/.local/lib/python3.12/site-packages/airflow/example_dags/example_python_operator.py for tasks to queue
[2024-10-13T09:21:25.238+0000] {logging_mixin.py:190} INFO - [2024-10-13T09:21:25.237+0000] {dagbag.py:588} INFO - Filling up the DagBag from /home/airflow/.local/lib/python3.12/site-packages/airflow/example_dags/example_python_operator.py
[2024-10-13T09:21:25.264+0000] {processor.py:925} INFO - DAG(s) 'example_python_operator' retrieved from /home/airflow/.local/lib/python3.12/site-packages/airflow/example_dags/example_python_operator.py
[2024-10-13T09:21:25.352+0000] {logging_mixin.py:190} INFO - [2024-10-13T09:21:25.351+0000] {dag.py:3239} INFO - Sync 1 DAGs
[2024-10-13T09:21:25.408+0000] {logging_mixin.py:190} INFO - [2024-10-13T09:21:25.408+0000] {dag.py:4180} INFO - Setting next_dagrun for example_python_operator to None, run_after=None
[2024-10-13T09:21:25.472+0000] {processor.py:208} INFO - Processing /home/airflow/.local/lib/python3.12/site-packages/airflow/example_dags/example_python_operator.py took 0.256 seconds
[2024-10-13T09:21:55.661+0000] {processor.py:186} INFO - Started process (PID=2483) to work on /home/airflow/.local/lib/python3.12/site-packages/airflow/example_dags/example_python_operator.py
[2024-10-13T09:21:55.663+0000] {processor.py:914} INFO - Processing file /home/airflow/.local/lib/python3.12/site-packages/airflow/example_dags/example_python_operator.py for tasks to queue
[2024-10-13T09:21:55.666+0000] {logging_mixin.py:190} INFO - [2024-10-13T09:21:55.665+0000] {dagbag.py:588} INFO - Filling up the DagBag from /home/airflow/.local/lib/python3.12/site-packages/airflow/example_dags/example_python_operator.py
[2024-10-13T09:21:55.681+0000] {processor.py:925} INFO - DAG(s) 'example_python_operator' retrieved from /home/airflow/.local/lib/python3.12/site-packages/airflow/example_dags/example_python_operator.py
[2024-10-13T09:21:55.711+0000] {logging_mixin.py:190} INFO - [2024-10-13T09:21:55.711+0000] {dag.py:3239} INFO - Sync 1 DAGs
[2024-10-13T09:21:55.729+0000] {logging_mixin.py:190} INFO - [2024-10-13T09:21:55.729+0000] {dag.py:4180} INFO - Setting next_dagrun for example_python_operator to None, run_after=None
[2024-10-13T09:21:55.754+0000] {processor.py:208} INFO - Processing /home/airflow/.local/lib/python3.12/site-packages/airflow/example_dags/example_python_operator.py took 0.098 seconds
[2024-10-13T09:22:26.416+0000] {processor.py:186} INFO - Started process (PID=2546) to work on /home/airflow/.local/lib/python3.12/site-packages/airflow/example_dags/example_python_operator.py
[2024-10-13T09:22:26.419+0000] {processor.py:914} INFO - Processing file /home/airflow/.local/lib/python3.12/site-packages/airflow/example_dags/example_python_operator.py for tasks to queue
[2024-10-13T09:22:26.424+0000] {logging_mixin.py:190} INFO - [2024-10-13T09:22:26.424+0000] {dagbag.py:588} INFO - Filling up the DagBag from /home/airflow/.local/lib/python3.12/site-packages/airflow/example_dags/example_python_operator.py
[2024-10-13T09:22:26.449+0000] {processor.py:925} INFO - DAG(s) 'example_python_operator' retrieved from /home/airflow/.local/lib/python3.12/site-packages/airflow/example_dags/example_python_operator.py
[2024-10-13T09:22:26.500+0000] {logging_mixin.py:190} INFO - [2024-10-13T09:22:26.499+0000] {dag.py:3239} INFO - Sync 1 DAGs
[2024-10-13T09:22:26.535+0000] {logging_mixin.py:190} INFO - [2024-10-13T09:22:26.534+0000] {dag.py:4180} INFO - Setting next_dagrun for example_python_operator to None, run_after=None
[2024-10-13T09:22:26.572+0000] {processor.py:208} INFO - Processing /home/airflow/.local/lib/python3.12/site-packages/airflow/example_dags/example_python_operator.py took 0.167 seconds
[2024-10-13T09:22:57.344+0000] {processor.py:186} INFO - Started process (PID=2609) to work on /home/airflow/.local/lib/python3.12/site-packages/airflow/example_dags/example_python_operator.py
[2024-10-13T09:22:57.347+0000] {processor.py:914} INFO - Processing file /home/airflow/.local/lib/python3.12/site-packages/airflow/example_dags/example_python_operator.py for tasks to queue
[2024-10-13T09:22:57.353+0000] {logging_mixin.py:190} INFO - [2024-10-13T09:22:57.352+0000] {dagbag.py:588} INFO - Filling up the DagBag from /home/airflow/.local/lib/python3.12/site-packages/airflow/example_dags/example_python_operator.py
[2024-10-13T09:22:57.374+0000] {processor.py:925} INFO - DAG(s) 'example_python_operator' retrieved from /home/airflow/.local/lib/python3.12/site-packages/airflow/example_dags/example_python_operator.py
[2024-10-13T09:22:57.419+0000] {logging_mixin.py:190} INFO - [2024-10-13T09:22:57.418+0000] {dag.py:3239} INFO - Sync 1 DAGs
[2024-10-13T09:22:57.454+0000] {logging_mixin.py:190} INFO - [2024-10-13T09:22:57.453+0000] {dag.py:4180} INFO - Setting next_dagrun for example_python_operator to None, run_after=None
[2024-10-13T09:22:57.495+0000] {processor.py:208} INFO - Processing /home/airflow/.local/lib/python3.12/site-packages/airflow/example_dags/example_python_operator.py took 0.163 seconds
[2024-10-13T09:23:27.984+0000] {processor.py:186} INFO - Started process (PID=2672) to work on /home/airflow/.local/lib/python3.12/site-packages/airflow/example_dags/example_python_operator.py
[2024-10-13T09:23:27.986+0000] {processor.py:914} INFO - Processing file /home/airflow/.local/lib/python3.12/site-packages/airflow/example_dags/example_python_operator.py for tasks to queue
[2024-10-13T09:23:27.989+0000] {logging_mixin.py:190} INFO - [2024-10-13T09:23:27.989+0000] {dagbag.py:588} INFO - Filling up the DagBag from /home/airflow/.local/lib/python3.12/site-packages/airflow/example_dags/example_python_operator.py
[2024-10-13T09:23:28.007+0000] {processor.py:925} INFO - DAG(s) 'example_python_operator' retrieved from /home/airflow/.local/lib/python3.12/site-packages/airflow/example_dags/example_python_operator.py
[2024-10-13T09:23:28.042+0000] {logging_mixin.py:190} INFO - [2024-10-13T09:23:28.042+0000] {dag.py:3239} INFO - Sync 1 DAGs
[2024-10-13T09:23:28.067+0000] {logging_mixin.py:190} INFO - [2024-10-13T09:23:28.067+0000] {dag.py:4180} INFO - Setting next_dagrun for example_python_operator to None, run_after=None
[2024-10-13T09:23:28.106+0000] {processor.py:208} INFO - Processing /home/airflow/.local/lib/python3.12/site-packages/airflow/example_dags/example_python_operator.py took 0.135 seconds
[2024-10-13T09:23:59.042+0000] {processor.py:186} INFO - Started process (PID=2736) to work on /home/airflow/.local/lib/python3.12/site-packages/airflow/example_dags/example_python_operator.py
[2024-10-13T09:23:59.047+0000] {processor.py:914} INFO - Processing file /home/airflow/.local/lib/python3.12/site-packages/airflow/example_dags/example_python_operator.py for tasks to queue
[2024-10-13T09:23:59.051+0000] {logging_mixin.py:190} INFO - [2024-10-13T09:23:59.051+0000] {dagbag.py:588} INFO - Filling up the DagBag from /home/airflow/.local/lib/python3.12/site-packages/airflow/example_dags/example_python_operator.py
[2024-10-13T09:23:59.082+0000] {processor.py:925} INFO - DAG(s) 'example_python_operator' retrieved from /home/airflow/.local/lib/python3.12/site-packages/airflow/example_dags/example_python_operator.py
[2024-10-13T09:23:59.138+0000] {logging_mixin.py:190} INFO - [2024-10-13T09:23:59.137+0000] {dag.py:3239} INFO - Sync 1 DAGs
[2024-10-13T09:23:59.162+0000] {logging_mixin.py:190} INFO - [2024-10-13T09:23:59.162+0000] {dag.py:4180} INFO - Setting next_dagrun for example_python_operator to None, run_after=None
[2024-10-13T09:23:59.196+0000] {processor.py:208} INFO - Processing /home/airflow/.local/lib/python3.12/site-packages/airflow/example_dags/example_python_operator.py took 0.170 seconds
[2024-10-13T09:24:30.429+0000] {processor.py:186} INFO - Started process (PID=2798) to work on /home/airflow/.local/lib/python3.12/site-packages/airflow/example_dags/example_python_operator.py
[2024-10-13T09:24:30.435+0000] {processor.py:914} INFO - Processing file /home/airflow/.local/lib/python3.12/site-packages/airflow/example_dags/example_python_operator.py for tasks to queue
[2024-10-13T09:24:30.445+0000] {logging_mixin.py:190} INFO - [2024-10-13T09:24:30.444+0000] {dagbag.py:588} INFO - Filling up the DagBag from /home/airflow/.local/lib/python3.12/site-packages/airflow/example_dags/example_python_operator.py
[2024-10-13T09:24:30.480+0000] {processor.py:925} INFO - DAG(s) 'example_python_operator' retrieved from /home/airflow/.local/lib/python3.12/site-packages/airflow/example_dags/example_python_operator.py
[2024-10-13T09:24:30.528+0000] {logging_mixin.py:190} INFO - [2024-10-13T09:24:30.527+0000] {dag.py:3239} INFO - Sync 1 DAGs
[2024-10-13T09:24:30.574+0000] {logging_mixin.py:190} INFO - [2024-10-13T09:24:30.574+0000] {dag.py:4180} INFO - Setting next_dagrun for example_python_operator to None, run_after=None
[2024-10-13T09:24:30.643+0000] {processor.py:208} INFO - Processing /home/airflow/.local/lib/python3.12/site-packages/airflow/example_dags/example_python_operator.py took 0.232 seconds
[2024-10-13T09:25:01.377+0000] {processor.py:186} INFO - Started process (PID=2862) to work on /home/airflow/.local/lib/python3.12/site-packages/airflow/example_dags/example_python_operator.py
[2024-10-13T09:25:01.397+0000] {processor.py:914} INFO - Processing file /home/airflow/.local/lib/python3.12/site-packages/airflow/example_dags/example_python_operator.py for tasks to queue
[2024-10-13T09:25:01.403+0000] {logging_mixin.py:190} INFO - [2024-10-13T09:25:01.402+0000] {dagbag.py:588} INFO - Filling up the DagBag from /home/airflow/.local/lib/python3.12/site-packages/airflow/example_dags/example_python_operator.py
[2024-10-13T09:25:01.439+0000] {processor.py:925} INFO - DAG(s) 'example_python_operator' retrieved from /home/airflow/.local/lib/python3.12/site-packages/airflow/example_dags/example_python_operator.py
[2024-10-13T09:25:01.512+0000] {logging_mixin.py:190} INFO - [2024-10-13T09:25:01.511+0000] {dag.py:3239} INFO - Sync 1 DAGs
[2024-10-13T09:25:01.564+0000] {logging_mixin.py:190} INFO - [2024-10-13T09:25:01.563+0000] {dag.py:4180} INFO - Setting next_dagrun for example_python_operator to None, run_after=None
[2024-10-13T09:25:01.626+0000] {processor.py:208} INFO - Processing /home/airflow/.local/lib/python3.12/site-packages/airflow/example_dags/example_python_operator.py took 0.267 seconds
[2024-10-13T09:25:31.778+0000] {processor.py:186} INFO - Started process (PID=2925) to work on /home/airflow/.local/lib/python3.12/site-packages/airflow/example_dags/example_python_operator.py
[2024-10-13T09:25:31.780+0000] {processor.py:914} INFO - Processing file /home/airflow/.local/lib/python3.12/site-packages/airflow/example_dags/example_python_operator.py for tasks to queue
[2024-10-13T09:25:31.783+0000] {logging_mixin.py:190} INFO - [2024-10-13T09:25:31.783+0000] {dagbag.py:588} INFO - Filling up the DagBag from /home/airflow/.local/lib/python3.12/site-packages/airflow/example_dags/example_python_operator.py
[2024-10-13T09:25:31.797+0000] {processor.py:925} INFO - DAG(s) 'example_python_operator' retrieved from /home/airflow/.local/lib/python3.12/site-packages/airflow/example_dags/example_python_operator.py
[2024-10-13T09:25:31.821+0000] {logging_mixin.py:190} INFO - [2024-10-13T09:25:31.821+0000] {dag.py:3239} INFO - Sync 1 DAGs
[2024-10-13T09:25:31.837+0000] {logging_mixin.py:190} INFO - [2024-10-13T09:25:31.837+0000] {dag.py:4180} INFO - Setting next_dagrun for example_python_operator to None, run_after=None
[2024-10-13T09:25:31.866+0000] {processor.py:208} INFO - Processing /home/airflow/.local/lib/python3.12/site-packages/airflow/example_dags/example_python_operator.py took 0.094 seconds
[2024-10-13T09:26:02.595+0000] {processor.py:186} INFO - Started process (PID=2988) to work on /home/airflow/.local/lib/python3.12/site-packages/airflow/example_dags/example_python_operator.py
[2024-10-13T09:26:02.597+0000] {processor.py:914} INFO - Processing file /home/airflow/.local/lib/python3.12/site-packages/airflow/example_dags/example_python_operator.py for tasks to queue
[2024-10-13T09:26:02.601+0000] {logging_mixin.py:190} INFO - [2024-10-13T09:26:02.600+0000] {dagbag.py:588} INFO - Filling up the DagBag from /home/airflow/.local/lib/python3.12/site-packages/airflow/example_dags/example_python_operator.py
[2024-10-13T09:26:02.616+0000] {processor.py:925} INFO - DAG(s) 'example_python_operator' retrieved from /home/airflow/.local/lib/python3.12/site-packages/airflow/example_dags/example_python_operator.py
[2024-10-13T09:26:02.640+0000] {logging_mixin.py:190} INFO - [2024-10-13T09:26:02.640+0000] {dag.py:3239} INFO - Sync 1 DAGs
[2024-10-13T09:26:02.654+0000] {logging_mixin.py:190} INFO - [2024-10-13T09:26:02.654+0000] {dag.py:4180} INFO - Setting next_dagrun for example_python_operator to None, run_after=None
[2024-10-13T09:26:02.673+0000] {processor.py:208} INFO - Processing /home/airflow/.local/lib/python3.12/site-packages/airflow/example_dags/example_python_operator.py took 0.084 seconds
[2024-10-13T09:26:40.354+0000] {processor.py:186} INFO - Started process (PID=3051) to work on /home/airflow/.local/lib/python3.12/site-packages/airflow/example_dags/example_python_operator.py
[2024-10-13T09:26:40.357+0000] {processor.py:914} INFO - Processing file /home/airflow/.local/lib/python3.12/site-packages/airflow/example_dags/example_python_operator.py for tasks to queue
[2024-10-13T09:26:40.361+0000] {logging_mixin.py:190} INFO - [2024-10-13T09:26:40.361+0000] {dagbag.py:588} INFO - Filling up the DagBag from /home/airflow/.local/lib/python3.12/site-packages/airflow/example_dags/example_python_operator.py
[2024-10-13T09:26:40.385+0000] {processor.py:925} INFO - DAG(s) 'example_python_operator' retrieved from /home/airflow/.local/lib/python3.12/site-packages/airflow/example_dags/example_python_operator.py
[2024-10-13T09:26:40.442+0000] {logging_mixin.py:190} INFO - [2024-10-13T09:26:40.442+0000] {dag.py:3239} INFO - Sync 1 DAGs
[2024-10-13T09:26:40.521+0000] {logging_mixin.py:190} INFO - [2024-10-13T09:26:40.521+0000] {dag.py:4180} INFO - Setting next_dagrun for example_python_operator to None, run_after=None
[2024-10-13T09:26:40.575+0000] {processor.py:208} INFO - Processing /home/airflow/.local/lib/python3.12/site-packages/airflow/example_dags/example_python_operator.py took 0.232 seconds
[2024-10-13T09:27:21.216+0000] {processor.py:186} INFO - Started process (PID=3129) to work on /home/airflow/.local/lib/python3.12/site-packages/airflow/example_dags/example_python_operator.py
[2024-10-13T09:27:21.223+0000] {processor.py:914} INFO - Processing file /home/airflow/.local/lib/python3.12/site-packages/airflow/example_dags/example_python_operator.py for tasks to queue
[2024-10-13T09:27:21.239+0000] {logging_mixin.py:190} INFO - [2024-10-13T09:27:21.238+0000] {dagbag.py:588} INFO - Filling up the DagBag from /home/airflow/.local/lib/python3.12/site-packages/airflow/example_dags/example_python_operator.py
[2024-10-13T09:27:21.274+0000] {processor.py:925} INFO - DAG(s) 'example_python_operator' retrieved from /home/airflow/.local/lib/python3.12/site-packages/airflow/example_dags/example_python_operator.py
[2024-10-13T09:27:21.371+0000] {logging_mixin.py:190} INFO - [2024-10-13T09:27:21.371+0000] {dag.py:3239} INFO - Sync 1 DAGs
[2024-10-13T09:27:21.436+0000] {logging_mixin.py:190} INFO - [2024-10-13T09:27:21.435+0000] {dag.py:4180} INFO - Setting next_dagrun for example_python_operator to None, run_after=None
[2024-10-13T09:27:21.512+0000] {processor.py:208} INFO - Processing /home/airflow/.local/lib/python3.12/site-packages/airflow/example_dags/example_python_operator.py took 0.314 seconds
[2024-10-13T09:27:54.759+0000] {processor.py:186} INFO - Started process (PID=3192) to work on /home/airflow/.local/lib/python3.12/site-packages/airflow/example_dags/example_python_operator.py
[2024-10-13T09:27:54.762+0000] {processor.py:914} INFO - Processing file /home/airflow/.local/lib/python3.12/site-packages/airflow/example_dags/example_python_operator.py for tasks to queue
[2024-10-13T09:27:54.769+0000] {logging_mixin.py:190} INFO - [2024-10-13T09:27:54.768+0000] {dagbag.py:588} INFO - Filling up the DagBag from /home/airflow/.local/lib/python3.12/site-packages/airflow/example_dags/example_python_operator.py
[2024-10-13T09:27:54.795+0000] {processor.py:925} INFO - DAG(s) 'example_python_operator' retrieved from /home/airflow/.local/lib/python3.12/site-packages/airflow/example_dags/example_python_operator.py
[2024-10-13T09:27:54.836+0000] {logging_mixin.py:190} INFO - [2024-10-13T09:27:54.835+0000] {dag.py:3239} INFO - Sync 1 DAGs
[2024-10-13T09:27:54.871+0000] {logging_mixin.py:190} INFO - [2024-10-13T09:27:54.871+0000] {dag.py:4180} INFO - Setting next_dagrun for example_python_operator to None, run_after=None
[2024-10-13T09:27:54.930+0000] {processor.py:208} INFO - Processing /home/airflow/.local/lib/python3.12/site-packages/airflow/example_dags/example_python_operator.py took 0.184 seconds
[2024-10-13T09:28:25.081+0000] {processor.py:186} INFO - Started process (PID=3255) to work on /home/airflow/.local/lib/python3.12/site-packages/airflow/example_dags/example_python_operator.py
[2024-10-13T09:28:25.083+0000] {processor.py:914} INFO - Processing file /home/airflow/.local/lib/python3.12/site-packages/airflow/example_dags/example_python_operator.py for tasks to queue
[2024-10-13T09:28:25.089+0000] {logging_mixin.py:190} INFO - [2024-10-13T09:28:25.088+0000] {dagbag.py:588} INFO - Filling up the DagBag from /home/airflow/.local/lib/python3.12/site-packages/airflow/example_dags/example_python_operator.py
[2024-10-13T09:28:25.127+0000] {processor.py:925} INFO - DAG(s) 'example_python_operator' retrieved from /home/airflow/.local/lib/python3.12/site-packages/airflow/example_dags/example_python_operator.py
[2024-10-13T09:28:25.204+0000] {logging_mixin.py:190} INFO - [2024-10-13T09:28:25.204+0000] {dag.py:3239} INFO - Sync 1 DAGs
[2024-10-13T09:28:25.250+0000] {logging_mixin.py:190} INFO - [2024-10-13T09:28:25.250+0000] {dag.py:4180} INFO - Setting next_dagrun for example_python_operator to None, run_after=None
[2024-10-13T09:28:25.308+0000] {processor.py:208} INFO - Processing /home/airflow/.local/lib/python3.12/site-packages/airflow/example_dags/example_python_operator.py took 0.241 seconds
[2024-10-13T09:28:55.849+0000] {processor.py:186} INFO - Started process (PID=3318) to work on /home/airflow/.local/lib/python3.12/site-packages/airflow/example_dags/example_python_operator.py
[2024-10-13T09:28:55.850+0000] {processor.py:914} INFO - Processing file /home/airflow/.local/lib/python3.12/site-packages/airflow/example_dags/example_python_operator.py for tasks to queue
[2024-10-13T09:28:55.854+0000] {logging_mixin.py:190} INFO - [2024-10-13T09:28:55.854+0000] {dagbag.py:588} INFO - Filling up the DagBag from /home/airflow/.local/lib/python3.12/site-packages/airflow/example_dags/example_python_operator.py
[2024-10-13T09:28:55.869+0000] {processor.py:925} INFO - DAG(s) 'example_python_operator' retrieved from /home/airflow/.local/lib/python3.12/site-packages/airflow/example_dags/example_python_operator.py
[2024-10-13T09:28:55.890+0000] {logging_mixin.py:190} INFO - [2024-10-13T09:28:55.890+0000] {dag.py:3239} INFO - Sync 1 DAGs
[2024-10-13T09:28:55.906+0000] {logging_mixin.py:190} INFO - [2024-10-13T09:28:55.906+0000] {dag.py:4180} INFO - Setting next_dagrun for example_python_operator to None, run_after=None
[2024-10-13T09:28:55.929+0000] {processor.py:208} INFO - Processing /home/airflow/.local/lib/python3.12/site-packages/airflow/example_dags/example_python_operator.py took 0.088 seconds
[2024-10-13T09:29:26.066+0000] {processor.py:186} INFO - Started process (PID=3381) to work on /home/airflow/.local/lib/python3.12/site-packages/airflow/example_dags/example_python_operator.py
[2024-10-13T09:29:26.067+0000] {processor.py:914} INFO - Processing file /home/airflow/.local/lib/python3.12/site-packages/airflow/example_dags/example_python_operator.py for tasks to queue
[2024-10-13T09:29:26.071+0000] {logging_mixin.py:190} INFO - [2024-10-13T09:29:26.071+0000] {dagbag.py:588} INFO - Filling up the DagBag from /home/airflow/.local/lib/python3.12/site-packages/airflow/example_dags/example_python_operator.py
[2024-10-13T09:29:26.082+0000] {processor.py:925} INFO - DAG(s) 'example_python_operator' retrieved from /home/airflow/.local/lib/python3.12/site-packages/airflow/example_dags/example_python_operator.py
[2024-10-13T09:29:26.108+0000] {logging_mixin.py:190} INFO - [2024-10-13T09:29:26.108+0000] {dag.py:3239} INFO - Sync 1 DAGs
[2024-10-13T09:29:26.123+0000] {logging_mixin.py:190} INFO - [2024-10-13T09:29:26.123+0000] {dag.py:4180} INFO - Setting next_dagrun for example_python_operator to None, run_after=None
[2024-10-13T09:29:26.150+0000] {processor.py:208} INFO - Processing /home/airflow/.local/lib/python3.12/site-packages/airflow/example_dags/example_python_operator.py took 0.092 seconds
[2024-10-13T09:29:56.886+0000] {processor.py:186} INFO - Started process (PID=3444) to work on /home/airflow/.local/lib/python3.12/site-packages/airflow/example_dags/example_python_operator.py
[2024-10-13T09:29:56.889+0000] {processor.py:914} INFO - Processing file /home/airflow/.local/lib/python3.12/site-packages/airflow/example_dags/example_python_operator.py for tasks to queue
[2024-10-13T09:29:56.896+0000] {logging_mixin.py:190} INFO - [2024-10-13T09:29:56.895+0000] {dagbag.py:588} INFO - Filling up the DagBag from /home/airflow/.local/lib/python3.12/site-packages/airflow/example_dags/example_python_operator.py
[2024-10-13T09:29:56.932+0000] {processor.py:925} INFO - DAG(s) 'example_python_operator' retrieved from /home/airflow/.local/lib/python3.12/site-packages/airflow/example_dags/example_python_operator.py
[2024-10-13T09:29:56.997+0000] {logging_mixin.py:190} INFO - [2024-10-13T09:29:56.996+0000] {dag.py:3239} INFO - Sync 1 DAGs
[2024-10-13T09:29:57.039+0000] {logging_mixin.py:190} INFO - [2024-10-13T09:29:57.038+0000] {dag.py:4180} INFO - Setting next_dagrun for example_python_operator to None, run_after=None
[2024-10-13T09:29:57.141+0000] {processor.py:208} INFO - Processing /home/airflow/.local/lib/python3.12/site-packages/airflow/example_dags/example_python_operator.py took 0.274 seconds
