[2024-10-13T09:02:39.296+0000] {processor.py:186} INFO - Started process (PID=110) to work on /home/airflow/.local/lib/python3.12/site-packages/airflow/example_dags/example_nested_branch_dag.py
[2024-10-13T09:02:39.298+0000] {processor.py:914} INFO - Processing file /home/airflow/.local/lib/python3.12/site-packages/airflow/example_dags/example_nested_branch_dag.py for tasks to queue
[2024-10-13T09:02:39.304+0000] {logging_mixin.py:190} INFO - [2024-10-13T09:02:39.303+0000] {dagbag.py:588} INFO - Filling up the DagBag from /home/airflow/.local/lib/python3.12/site-packages/airflow/example_dags/example_nested_branch_dag.py
[2024-10-13T09:02:39.342+0000] {processor.py:925} INFO - DAG(s) 'example_nested_branch_dag' retrieved from /home/airflow/.local/lib/python3.12/site-packages/airflow/example_dags/example_nested_branch_dag.py
[2024-10-13T09:02:39.433+0000] {logging_mixin.py:190} INFO - [2024-10-13T09:02:39.432+0000] {dag.py:3239} INFO - Sync 1 DAGs
[2024-10-13T09:02:39.509+0000] {logging_mixin.py:190} INFO - [2024-10-13T09:02:39.508+0000] {dag.py:4180} INFO - Setting next_dagrun for example_nested_branch_dag to 2024-10-12 00:00:00+00:00, run_after=2024-10-13 00:00:00+00:00
[2024-10-13T09:02:39.596+0000] {processor.py:208} INFO - Processing /home/airflow/.local/lib/python3.12/site-packages/airflow/example_dags/example_nested_branch_dag.py took 0.316 seconds
[2024-10-13T09:03:09.756+0000] {processor.py:186} INFO - Started process (PID=174) to work on /home/airflow/.local/lib/python3.12/site-packages/airflow/example_dags/example_nested_branch_dag.py
[2024-10-13T09:03:09.758+0000] {processor.py:914} INFO - Processing file /home/airflow/.local/lib/python3.12/site-packages/airflow/example_dags/example_nested_branch_dag.py for tasks to queue
[2024-10-13T09:03:09.764+0000] {logging_mixin.py:190} INFO - [2024-10-13T09:03:09.763+0000] {dagbag.py:588} INFO - Filling up the DagBag from /home/airflow/.local/lib/python3.12/site-packages/airflow/example_dags/example_nested_branch_dag.py
[2024-10-13T09:03:09.793+0000] {processor.py:925} INFO - DAG(s) 'example_nested_branch_dag' retrieved from /home/airflow/.local/lib/python3.12/site-packages/airflow/example_dags/example_nested_branch_dag.py
[2024-10-13T09:03:09.847+0000] {logging_mixin.py:190} INFO - [2024-10-13T09:03:09.847+0000] {dag.py:3239} INFO - Sync 1 DAGs
[2024-10-13T09:03:09.905+0000] {logging_mixin.py:190} INFO - [2024-10-13T09:03:09.904+0000] {dag.py:4180} INFO - Setting next_dagrun for example_nested_branch_dag to 2024-10-12 00:00:00+00:00, run_after=2024-10-13 00:00:00+00:00
[2024-10-13T09:03:09.966+0000] {processor.py:208} INFO - Processing /home/airflow/.local/lib/python3.12/site-packages/airflow/example_dags/example_nested_branch_dag.py took 0.220 seconds
[2024-10-13T09:03:42.514+0000] {processor.py:186} INFO - Started process (PID=244) to work on /home/airflow/.local/lib/python3.12/site-packages/airflow/example_dags/example_nested_branch_dag.py
[2024-10-13T09:03:42.526+0000] {processor.py:914} INFO - Processing file /home/airflow/.local/lib/python3.12/site-packages/airflow/example_dags/example_nested_branch_dag.py for tasks to queue
[2024-10-13T09:03:42.537+0000] {logging_mixin.py:190} INFO - [2024-10-13T09:03:42.536+0000] {dagbag.py:588} INFO - Filling up the DagBag from /home/airflow/.local/lib/python3.12/site-packages/airflow/example_dags/example_nested_branch_dag.py
[2024-10-13T09:03:42.580+0000] {processor.py:925} INFO - DAG(s) 'example_nested_branch_dag' retrieved from /home/airflow/.local/lib/python3.12/site-packages/airflow/example_dags/example_nested_branch_dag.py
[2024-10-13T09:03:42.688+0000] {logging_mixin.py:190} INFO - [2024-10-13T09:03:42.687+0000] {dag.py:3239} INFO - Sync 1 DAGs
[2024-10-13T09:03:42.799+0000] {logging_mixin.py:190} INFO - [2024-10-13T09:03:42.798+0000] {dag.py:4180} INFO - Setting next_dagrun for example_nested_branch_dag to 2024-10-12 00:00:00+00:00, run_after=2024-10-13 00:00:00+00:00
[2024-10-13T09:03:42.878+0000] {processor.py:208} INFO - Processing /home/airflow/.local/lib/python3.12/site-packages/airflow/example_dags/example_nested_branch_dag.py took 0.389 seconds
[2024-10-13T09:04:15.227+0000] {processor.py:186} INFO - Started process (PID=306) to work on /home/airflow/.local/lib/python3.12/site-packages/airflow/example_dags/example_nested_branch_dag.py
[2024-10-13T09:04:15.235+0000] {processor.py:914} INFO - Processing file /home/airflow/.local/lib/python3.12/site-packages/airflow/example_dags/example_nested_branch_dag.py for tasks to queue
[2024-10-13T09:04:15.242+0000] {logging_mixin.py:190} INFO - [2024-10-13T09:04:15.242+0000] {dagbag.py:588} INFO - Filling up the DagBag from /home/airflow/.local/lib/python3.12/site-packages/airflow/example_dags/example_nested_branch_dag.py
[2024-10-13T09:04:15.284+0000] {processor.py:925} INFO - DAG(s) 'example_nested_branch_dag' retrieved from /home/airflow/.local/lib/python3.12/site-packages/airflow/example_dags/example_nested_branch_dag.py
[2024-10-13T09:04:15.404+0000] {logging_mixin.py:190} INFO - [2024-10-13T09:04:15.402+0000] {dag.py:3239} INFO - Sync 1 DAGs
[2024-10-13T09:04:15.498+0000] {logging_mixin.py:190} INFO - [2024-10-13T09:04:15.497+0000] {dag.py:4180} INFO - Setting next_dagrun for example_nested_branch_dag to 2024-10-12 00:00:00+00:00, run_after=2024-10-13 00:00:00+00:00
[2024-10-13T09:04:15.562+0000] {processor.py:208} INFO - Processing /home/airflow/.local/lib/python3.12/site-packages/airflow/example_dags/example_nested_branch_dag.py took 0.380 seconds
[2024-10-13T09:04:46.304+0000] {processor.py:186} INFO - Started process (PID=369) to work on /home/airflow/.local/lib/python3.12/site-packages/airflow/example_dags/example_nested_branch_dag.py
[2024-10-13T09:04:46.305+0000] {processor.py:914} INFO - Processing file /home/airflow/.local/lib/python3.12/site-packages/airflow/example_dags/example_nested_branch_dag.py for tasks to queue
[2024-10-13T09:04:46.309+0000] {logging_mixin.py:190} INFO - [2024-10-13T09:04:46.309+0000] {dagbag.py:588} INFO - Filling up the DagBag from /home/airflow/.local/lib/python3.12/site-packages/airflow/example_dags/example_nested_branch_dag.py
[2024-10-13T09:04:46.326+0000] {processor.py:925} INFO - DAG(s) 'example_nested_branch_dag' retrieved from /home/airflow/.local/lib/python3.12/site-packages/airflow/example_dags/example_nested_branch_dag.py
[2024-10-13T09:04:46.362+0000] {logging_mixin.py:190} INFO - [2024-10-13T09:04:46.361+0000] {dag.py:3239} INFO - Sync 1 DAGs
[2024-10-13T09:04:46.405+0000] {logging_mixin.py:190} INFO - [2024-10-13T09:04:46.405+0000] {dag.py:4180} INFO - Setting next_dagrun for example_nested_branch_dag to 2024-10-12 00:00:00+00:00, run_after=2024-10-13 00:00:00+00:00
[2024-10-13T09:04:46.437+0000] {processor.py:208} INFO - Processing /home/airflow/.local/lib/python3.12/site-packages/airflow/example_dags/example_nested_branch_dag.py took 0.140 seconds
[2024-10-13T09:05:17.478+0000] {processor.py:186} INFO - Started process (PID=432) to work on /home/airflow/.local/lib/python3.12/site-packages/airflow/example_dags/example_nested_branch_dag.py
[2024-10-13T09:05:17.480+0000] {processor.py:914} INFO - Processing file /home/airflow/.local/lib/python3.12/site-packages/airflow/example_dags/example_nested_branch_dag.py for tasks to queue
[2024-10-13T09:05:17.485+0000] {logging_mixin.py:190} INFO - [2024-10-13T09:05:17.484+0000] {dagbag.py:588} INFO - Filling up the DagBag from /home/airflow/.local/lib/python3.12/site-packages/airflow/example_dags/example_nested_branch_dag.py
[2024-10-13T09:05:17.502+0000] {processor.py:925} INFO - DAG(s) 'example_nested_branch_dag' retrieved from /home/airflow/.local/lib/python3.12/site-packages/airflow/example_dags/example_nested_branch_dag.py
[2024-10-13T09:05:17.534+0000] {logging_mixin.py:190} INFO - [2024-10-13T09:05:17.534+0000] {dag.py:3239} INFO - Sync 1 DAGs
[2024-10-13T09:05:17.565+0000] {logging_mixin.py:190} INFO - [2024-10-13T09:05:17.565+0000] {dag.py:4180} INFO - Setting next_dagrun for example_nested_branch_dag to 2024-10-12 00:00:00+00:00, run_after=2024-10-13 00:00:00+00:00
[2024-10-13T09:05:17.610+0000] {processor.py:208} INFO - Processing /home/airflow/.local/lib/python3.12/site-packages/airflow/example_dags/example_nested_branch_dag.py took 0.142 seconds
[2024-10-13T09:05:48.650+0000] {processor.py:186} INFO - Started process (PID=495) to work on /home/airflow/.local/lib/python3.12/site-packages/airflow/example_dags/example_nested_branch_dag.py
[2024-10-13T09:05:48.656+0000] {processor.py:914} INFO - Processing file /home/airflow/.local/lib/python3.12/site-packages/airflow/example_dags/example_nested_branch_dag.py for tasks to queue
[2024-10-13T09:05:48.662+0000] {logging_mixin.py:190} INFO - [2024-10-13T09:05:48.661+0000] {dagbag.py:588} INFO - Filling up the DagBag from /home/airflow/.local/lib/python3.12/site-packages/airflow/example_dags/example_nested_branch_dag.py
[2024-10-13T09:05:48.683+0000] {processor.py:925} INFO - DAG(s) 'example_nested_branch_dag' retrieved from /home/airflow/.local/lib/python3.12/site-packages/airflow/example_dags/example_nested_branch_dag.py
[2024-10-13T09:05:48.740+0000] {logging_mixin.py:190} INFO - [2024-10-13T09:05:48.739+0000] {dag.py:3239} INFO - Sync 1 DAGs
[2024-10-13T09:05:48.823+0000] {logging_mixin.py:190} INFO - [2024-10-13T09:05:48.822+0000] {dag.py:4180} INFO - Setting next_dagrun for example_nested_branch_dag to 2024-10-12 00:00:00+00:00, run_after=2024-10-13 00:00:00+00:00
[2024-10-13T09:05:48.876+0000] {processor.py:208} INFO - Processing /home/airflow/.local/lib/python3.12/site-packages/airflow/example_dags/example_nested_branch_dag.py took 0.239 seconds
[2024-10-13T09:06:19.364+0000] {processor.py:186} INFO - Started process (PID=558) to work on /home/airflow/.local/lib/python3.12/site-packages/airflow/example_dags/example_nested_branch_dag.py
[2024-10-13T09:06:19.371+0000] {processor.py:914} INFO - Processing file /home/airflow/.local/lib/python3.12/site-packages/airflow/example_dags/example_nested_branch_dag.py for tasks to queue
[2024-10-13T09:06:19.377+0000] {logging_mixin.py:190} INFO - [2024-10-13T09:06:19.376+0000] {dagbag.py:588} INFO - Filling up the DagBag from /home/airflow/.local/lib/python3.12/site-packages/airflow/example_dags/example_nested_branch_dag.py
[2024-10-13T09:06:19.400+0000] {processor.py:925} INFO - DAG(s) 'example_nested_branch_dag' retrieved from /home/airflow/.local/lib/python3.12/site-packages/airflow/example_dags/example_nested_branch_dag.py
[2024-10-13T09:06:19.438+0000] {logging_mixin.py:190} INFO - [2024-10-13T09:06:19.437+0000] {dag.py:3239} INFO - Sync 1 DAGs
[2024-10-13T09:06:19.481+0000] {logging_mixin.py:190} INFO - [2024-10-13T09:06:19.481+0000] {dag.py:4180} INFO - Setting next_dagrun for example_nested_branch_dag to 2024-10-12 00:00:00+00:00, run_after=2024-10-13 00:00:00+00:00
[2024-10-13T09:06:19.525+0000] {processor.py:208} INFO - Processing /home/airflow/.local/lib/python3.12/site-packages/airflow/example_dags/example_nested_branch_dag.py took 0.173 seconds
[2024-10-13T09:06:50.628+0000] {processor.py:186} INFO - Started process (PID=621) to work on /home/airflow/.local/lib/python3.12/site-packages/airflow/example_dags/example_nested_branch_dag.py
[2024-10-13T09:06:50.630+0000] {processor.py:914} INFO - Processing file /home/airflow/.local/lib/python3.12/site-packages/airflow/example_dags/example_nested_branch_dag.py for tasks to queue
[2024-10-13T09:06:50.636+0000] {logging_mixin.py:190} INFO - [2024-10-13T09:06:50.635+0000] {dagbag.py:588} INFO - Filling up the DagBag from /home/airflow/.local/lib/python3.12/site-packages/airflow/example_dags/example_nested_branch_dag.py
[2024-10-13T09:06:50.657+0000] {processor.py:925} INFO - DAG(s) 'example_nested_branch_dag' retrieved from /home/airflow/.local/lib/python3.12/site-packages/airflow/example_dags/example_nested_branch_dag.py
[2024-10-13T09:06:50.712+0000] {logging_mixin.py:190} INFO - [2024-10-13T09:06:50.711+0000] {dag.py:3239} INFO - Sync 1 DAGs
[2024-10-13T09:06:50.772+0000] {logging_mixin.py:190} INFO - [2024-10-13T09:06:50.772+0000] {dag.py:4180} INFO - Setting next_dagrun for example_nested_branch_dag to 2024-10-12 00:00:00+00:00, run_after=2024-10-13 00:00:00+00:00
[2024-10-13T09:06:50.821+0000] {processor.py:208} INFO - Processing /home/airflow/.local/lib/python3.12/site-packages/airflow/example_dags/example_nested_branch_dag.py took 0.205 seconds
[2024-10-13T09:07:22.945+0000] {processor.py:186} INFO - Started process (PID=685) to work on /home/airflow/.local/lib/python3.12/site-packages/airflow/example_dags/example_nested_branch_dag.py
[2024-10-13T09:07:22.960+0000] {processor.py:914} INFO - Processing file /home/airflow/.local/lib/python3.12/site-packages/airflow/example_dags/example_nested_branch_dag.py for tasks to queue
[2024-10-13T09:07:22.966+0000] {logging_mixin.py:190} INFO - [2024-10-13T09:07:22.965+0000] {dagbag.py:588} INFO - Filling up the DagBag from /home/airflow/.local/lib/python3.12/site-packages/airflow/example_dags/example_nested_branch_dag.py
[2024-10-13T09:07:22.996+0000] {processor.py:925} INFO - DAG(s) 'example_nested_branch_dag' retrieved from /home/airflow/.local/lib/python3.12/site-packages/airflow/example_dags/example_nested_branch_dag.py
[2024-10-13T09:07:23.065+0000] {logging_mixin.py:190} INFO - [2024-10-13T09:07:23.064+0000] {dag.py:3239} INFO - Sync 1 DAGs
[2024-10-13T09:07:23.138+0000] {logging_mixin.py:190} INFO - [2024-10-13T09:07:23.137+0000] {dag.py:4180} INFO - Setting next_dagrun for example_nested_branch_dag to 2024-10-12 00:00:00+00:00, run_after=2024-10-13 00:00:00+00:00
[2024-10-13T09:07:23.210+0000] {processor.py:208} INFO - Processing /home/airflow/.local/lib/python3.12/site-packages/airflow/example_dags/example_nested_branch_dag.py took 0.277 seconds
[2024-10-13T09:07:53.978+0000] {processor.py:186} INFO - Started process (PID=748) to work on /home/airflow/.local/lib/python3.12/site-packages/airflow/example_dags/example_nested_branch_dag.py
[2024-10-13T09:07:53.982+0000] {processor.py:914} INFO - Processing file /home/airflow/.local/lib/python3.12/site-packages/airflow/example_dags/example_nested_branch_dag.py for tasks to queue
[2024-10-13T09:07:53.992+0000] {logging_mixin.py:190} INFO - [2024-10-13T09:07:53.991+0000] {dagbag.py:588} INFO - Filling up the DagBag from /home/airflow/.local/lib/python3.12/site-packages/airflow/example_dags/example_nested_branch_dag.py
[2024-10-13T09:07:54.022+0000] {processor.py:925} INFO - DAG(s) 'example_nested_branch_dag' retrieved from /home/airflow/.local/lib/python3.12/site-packages/airflow/example_dags/example_nested_branch_dag.py
[2024-10-13T09:07:54.076+0000] {logging_mixin.py:190} INFO - [2024-10-13T09:07:54.076+0000] {dag.py:3239} INFO - Sync 1 DAGs
[2024-10-13T09:07:54.132+0000] {logging_mixin.py:190} INFO - [2024-10-13T09:07:54.132+0000] {dag.py:4180} INFO - Setting next_dagrun for example_nested_branch_dag to 2024-10-12 00:00:00+00:00, run_after=2024-10-13 00:00:00+00:00
[2024-10-13T09:07:54.187+0000] {processor.py:208} INFO - Processing /home/airflow/.local/lib/python3.12/site-packages/airflow/example_dags/example_nested_branch_dag.py took 0.232 seconds
[2024-10-13T09:08:24.778+0000] {processor.py:186} INFO - Started process (PID=811) to work on /home/airflow/.local/lib/python3.12/site-packages/airflow/example_dags/example_nested_branch_dag.py
[2024-10-13T09:08:24.780+0000] {processor.py:914} INFO - Processing file /home/airflow/.local/lib/python3.12/site-packages/airflow/example_dags/example_nested_branch_dag.py for tasks to queue
[2024-10-13T09:08:24.786+0000] {logging_mixin.py:190} INFO - [2024-10-13T09:08:24.785+0000] {dagbag.py:588} INFO - Filling up the DagBag from /home/airflow/.local/lib/python3.12/site-packages/airflow/example_dags/example_nested_branch_dag.py
[2024-10-13T09:08:24.812+0000] {processor.py:925} INFO - DAG(s) 'example_nested_branch_dag' retrieved from /home/airflow/.local/lib/python3.12/site-packages/airflow/example_dags/example_nested_branch_dag.py
[2024-10-13T09:08:24.853+0000] {logging_mixin.py:190} INFO - [2024-10-13T09:08:24.852+0000] {dag.py:3239} INFO - Sync 1 DAGs
[2024-10-13T09:08:24.905+0000] {logging_mixin.py:190} INFO - [2024-10-13T09:08:24.904+0000] {dag.py:4180} INFO - Setting next_dagrun for example_nested_branch_dag to 2024-10-12 00:00:00+00:00, run_after=2024-10-13 00:00:00+00:00
[2024-10-13T09:08:24.949+0000] {processor.py:208} INFO - Processing /home/airflow/.local/lib/python3.12/site-packages/airflow/example_dags/example_nested_branch_dag.py took 0.183 seconds
[2024-10-13T09:08:55.731+0000] {processor.py:186} INFO - Started process (PID=874) to work on /home/airflow/.local/lib/python3.12/site-packages/airflow/example_dags/example_nested_branch_dag.py
[2024-10-13T09:08:55.733+0000] {processor.py:914} INFO - Processing file /home/airflow/.local/lib/python3.12/site-packages/airflow/example_dags/example_nested_branch_dag.py for tasks to queue
[2024-10-13T09:08:55.736+0000] {logging_mixin.py:190} INFO - [2024-10-13T09:08:55.736+0000] {dagbag.py:588} INFO - Filling up the DagBag from /home/airflow/.local/lib/python3.12/site-packages/airflow/example_dags/example_nested_branch_dag.py
[2024-10-13T09:08:55.752+0000] {processor.py:925} INFO - DAG(s) 'example_nested_branch_dag' retrieved from /home/airflow/.local/lib/python3.12/site-packages/airflow/example_dags/example_nested_branch_dag.py
[2024-10-13T09:08:55.783+0000] {logging_mixin.py:190} INFO - [2024-10-13T09:08:55.783+0000] {dag.py:3239} INFO - Sync 1 DAGs
[2024-10-13T09:08:55.817+0000] {logging_mixin.py:190} INFO - [2024-10-13T09:08:55.816+0000] {dag.py:4180} INFO - Setting next_dagrun for example_nested_branch_dag to 2024-10-12 00:00:00+00:00, run_after=2024-10-13 00:00:00+00:00
[2024-10-13T09:08:55.851+0000] {processor.py:208} INFO - Processing /home/airflow/.local/lib/python3.12/site-packages/airflow/example_dags/example_nested_branch_dag.py took 0.126 seconds
[2024-10-13T09:09:28.339+0000] {processor.py:186} INFO - Started process (PID=937) to work on /home/airflow/.local/lib/python3.12/site-packages/airflow/example_dags/example_nested_branch_dag.py
[2024-10-13T09:09:28.342+0000] {processor.py:914} INFO - Processing file /home/airflow/.local/lib/python3.12/site-packages/airflow/example_dags/example_nested_branch_dag.py for tasks to queue
[2024-10-13T09:09:28.352+0000] {logging_mixin.py:190} INFO - [2024-10-13T09:09:28.351+0000] {dagbag.py:588} INFO - Filling up the DagBag from /home/airflow/.local/lib/python3.12/site-packages/airflow/example_dags/example_nested_branch_dag.py
[2024-10-13T09:09:28.382+0000] {processor.py:925} INFO - DAG(s) 'example_nested_branch_dag' retrieved from /home/airflow/.local/lib/python3.12/site-packages/airflow/example_dags/example_nested_branch_dag.py
[2024-10-13T09:09:28.440+0000] {logging_mixin.py:190} INFO - [2024-10-13T09:09:28.439+0000] {dag.py:3239} INFO - Sync 1 DAGs
[2024-10-13T09:09:28.537+0000] {logging_mixin.py:190} INFO - [2024-10-13T09:09:28.537+0000] {dag.py:4180} INFO - Setting next_dagrun for example_nested_branch_dag to 2024-10-12 00:00:00+00:00, run_after=2024-10-13 00:00:00+00:00
[2024-10-13T09:09:28.598+0000] {processor.py:208} INFO - Processing /home/airflow/.local/lib/python3.12/site-packages/airflow/example_dags/example_nested_branch_dag.py took 0.276 seconds
[2024-10-13T09:09:59.348+0000] {processor.py:186} INFO - Started process (PID=1001) to work on /home/airflow/.local/lib/python3.12/site-packages/airflow/example_dags/example_nested_branch_dag.py
[2024-10-13T09:09:59.350+0000] {processor.py:914} INFO - Processing file /home/airflow/.local/lib/python3.12/site-packages/airflow/example_dags/example_nested_branch_dag.py for tasks to queue
[2024-10-13T09:09:59.353+0000] {logging_mixin.py:190} INFO - [2024-10-13T09:09:59.352+0000] {dagbag.py:588} INFO - Filling up the DagBag from /home/airflow/.local/lib/python3.12/site-packages/airflow/example_dags/example_nested_branch_dag.py
[2024-10-13T09:09:59.363+0000] {processor.py:925} INFO - DAG(s) 'example_nested_branch_dag' retrieved from /home/airflow/.local/lib/python3.12/site-packages/airflow/example_dags/example_nested_branch_dag.py
[2024-10-13T09:09:59.382+0000] {logging_mixin.py:190} INFO - [2024-10-13T09:09:59.382+0000] {dag.py:3239} INFO - Sync 1 DAGs
[2024-10-13T09:09:59.402+0000] {logging_mixin.py:190} INFO - [2024-10-13T09:09:59.402+0000] {dag.py:4180} INFO - Setting next_dagrun for example_nested_branch_dag to 2024-10-12 00:00:00+00:00, run_after=2024-10-13 00:00:00+00:00
[2024-10-13T09:09:59.424+0000] {processor.py:208} INFO - Processing /home/airflow/.local/lib/python3.12/site-packages/airflow/example_dags/example_nested_branch_dag.py took 0.083 seconds
[2024-10-13T09:10:29.695+0000] {processor.py:186} INFO - Started process (PID=1064) to work on /home/airflow/.local/lib/python3.12/site-packages/airflow/example_dags/example_nested_branch_dag.py
[2024-10-13T09:10:29.697+0000] {processor.py:914} INFO - Processing file /home/airflow/.local/lib/python3.12/site-packages/airflow/example_dags/example_nested_branch_dag.py for tasks to queue
[2024-10-13T09:10:29.700+0000] {logging_mixin.py:190} INFO - [2024-10-13T09:10:29.700+0000] {dagbag.py:588} INFO - Filling up the DagBag from /home/airflow/.local/lib/python3.12/site-packages/airflow/example_dags/example_nested_branch_dag.py
[2024-10-13T09:10:29.716+0000] {processor.py:925} INFO - DAG(s) 'example_nested_branch_dag' retrieved from /home/airflow/.local/lib/python3.12/site-packages/airflow/example_dags/example_nested_branch_dag.py
[2024-10-13T09:10:29.741+0000] {logging_mixin.py:190} INFO - [2024-10-13T09:10:29.741+0000] {dag.py:3239} INFO - Sync 1 DAGs
[2024-10-13T09:10:29.774+0000] {logging_mixin.py:190} INFO - [2024-10-13T09:10:29.773+0000] {dag.py:4180} INFO - Setting next_dagrun for example_nested_branch_dag to 2024-10-12 00:00:00+00:00, run_after=2024-10-13 00:00:00+00:00
[2024-10-13T09:10:29.806+0000] {processor.py:208} INFO - Processing /home/airflow/.local/lib/python3.12/site-packages/airflow/example_dags/example_nested_branch_dag.py took 0.119 seconds
[2024-10-13T09:11:00.837+0000] {processor.py:186} INFO - Started process (PID=1127) to work on /home/airflow/.local/lib/python3.12/site-packages/airflow/example_dags/example_nested_branch_dag.py
[2024-10-13T09:11:00.838+0000] {processor.py:914} INFO - Processing file /home/airflow/.local/lib/python3.12/site-packages/airflow/example_dags/example_nested_branch_dag.py for tasks to queue
[2024-10-13T09:11:00.841+0000] {logging_mixin.py:190} INFO - [2024-10-13T09:11:00.841+0000] {dagbag.py:588} INFO - Filling up the DagBag from /home/airflow/.local/lib/python3.12/site-packages/airflow/example_dags/example_nested_branch_dag.py
[2024-10-13T09:11:00.859+0000] {processor.py:925} INFO - DAG(s) 'example_nested_branch_dag' retrieved from /home/airflow/.local/lib/python3.12/site-packages/airflow/example_dags/example_nested_branch_dag.py
[2024-10-13T09:11:00.889+0000] {logging_mixin.py:190} INFO - [2024-10-13T09:11:00.889+0000] {dag.py:3239} INFO - Sync 1 DAGs
[2024-10-13T09:11:00.917+0000] {logging_mixin.py:190} INFO - [2024-10-13T09:11:00.916+0000] {dag.py:4180} INFO - Setting next_dagrun for example_nested_branch_dag to 2024-10-12 00:00:00+00:00, run_after=2024-10-13 00:00:00+00:00
[2024-10-13T09:11:00.942+0000] {processor.py:208} INFO - Processing /home/airflow/.local/lib/python3.12/site-packages/airflow/example_dags/example_nested_branch_dag.py took 0.112 seconds
[2024-10-13T09:11:31.642+0000] {processor.py:186} INFO - Started process (PID=1190) to work on /home/airflow/.local/lib/python3.12/site-packages/airflow/example_dags/example_nested_branch_dag.py
[2024-10-13T09:11:31.643+0000] {processor.py:914} INFO - Processing file /home/airflow/.local/lib/python3.12/site-packages/airflow/example_dags/example_nested_branch_dag.py for tasks to queue
[2024-10-13T09:11:31.646+0000] {logging_mixin.py:190} INFO - [2024-10-13T09:11:31.646+0000] {dagbag.py:588} INFO - Filling up the DagBag from /home/airflow/.local/lib/python3.12/site-packages/airflow/example_dags/example_nested_branch_dag.py
[2024-10-13T09:11:31.655+0000] {processor.py:925} INFO - DAG(s) 'example_nested_branch_dag' retrieved from /home/airflow/.local/lib/python3.12/site-packages/airflow/example_dags/example_nested_branch_dag.py
[2024-10-13T09:11:31.674+0000] {logging_mixin.py:190} INFO - [2024-10-13T09:11:31.674+0000] {dag.py:3239} INFO - Sync 1 DAGs
[2024-10-13T09:11:31.698+0000] {logging_mixin.py:190} INFO - [2024-10-13T09:11:31.698+0000] {dag.py:4180} INFO - Setting next_dagrun for example_nested_branch_dag to 2024-10-12 00:00:00+00:00, run_after=2024-10-13 00:00:00+00:00
[2024-10-13T09:11:31.719+0000] {processor.py:208} INFO - Processing /home/airflow/.local/lib/python3.12/site-packages/airflow/example_dags/example_nested_branch_dag.py took 0.081 seconds
[2024-10-13T09:12:02.295+0000] {processor.py:186} INFO - Started process (PID=1253) to work on /home/airflow/.local/lib/python3.12/site-packages/airflow/example_dags/example_nested_branch_dag.py
[2024-10-13T09:12:02.297+0000] {processor.py:914} INFO - Processing file /home/airflow/.local/lib/python3.12/site-packages/airflow/example_dags/example_nested_branch_dag.py for tasks to queue
[2024-10-13T09:12:02.302+0000] {logging_mixin.py:190} INFO - [2024-10-13T09:12:02.301+0000] {dagbag.py:588} INFO - Filling up the DagBag from /home/airflow/.local/lib/python3.12/site-packages/airflow/example_dags/example_nested_branch_dag.py
[2024-10-13T09:12:02.316+0000] {processor.py:925} INFO - DAG(s) 'example_nested_branch_dag' retrieved from /home/airflow/.local/lib/python3.12/site-packages/airflow/example_dags/example_nested_branch_dag.py
[2024-10-13T09:12:02.349+0000] {logging_mixin.py:190} INFO - [2024-10-13T09:12:02.349+0000] {dag.py:3239} INFO - Sync 1 DAGs
[2024-10-13T09:12:02.385+0000] {logging_mixin.py:190} INFO - [2024-10-13T09:12:02.385+0000] {dag.py:4180} INFO - Setting next_dagrun for example_nested_branch_dag to 2024-10-12 00:00:00+00:00, run_after=2024-10-13 00:00:00+00:00
[2024-10-13T09:12:02.420+0000] {processor.py:208} INFO - Processing /home/airflow/.local/lib/python3.12/site-packages/airflow/example_dags/example_nested_branch_dag.py took 0.132 seconds
[2024-10-13T09:12:32.909+0000] {processor.py:186} INFO - Started process (PID=1316) to work on /home/airflow/.local/lib/python3.12/site-packages/airflow/example_dags/example_nested_branch_dag.py
[2024-10-13T09:12:32.911+0000] {processor.py:914} INFO - Processing file /home/airflow/.local/lib/python3.12/site-packages/airflow/example_dags/example_nested_branch_dag.py for tasks to queue
[2024-10-13T09:12:32.914+0000] {logging_mixin.py:190} INFO - [2024-10-13T09:12:32.914+0000] {dagbag.py:588} INFO - Filling up the DagBag from /home/airflow/.local/lib/python3.12/site-packages/airflow/example_dags/example_nested_branch_dag.py
[2024-10-13T09:12:32.929+0000] {processor.py:925} INFO - DAG(s) 'example_nested_branch_dag' retrieved from /home/airflow/.local/lib/python3.12/site-packages/airflow/example_dags/example_nested_branch_dag.py
[2024-10-13T09:12:32.979+0000] {logging_mixin.py:190} INFO - [2024-10-13T09:12:32.979+0000] {dag.py:3239} INFO - Sync 1 DAGs
[2024-10-13T09:12:33.015+0000] {logging_mixin.py:190} INFO - [2024-10-13T09:12:33.014+0000] {dag.py:4180} INFO - Setting next_dagrun for example_nested_branch_dag to 2024-10-12 00:00:00+00:00, run_after=2024-10-13 00:00:00+00:00
[2024-10-13T09:12:33.053+0000] {processor.py:208} INFO - Processing /home/airflow/.local/lib/python3.12/site-packages/airflow/example_dags/example_nested_branch_dag.py took 0.152 seconds
[2024-10-13T09:13:07.626+0000] {processor.py:186} INFO - Started process (PID=1383) to work on /home/airflow/.local/lib/python3.12/site-packages/airflow/example_dags/example_nested_branch_dag.py
[2024-10-13T09:13:07.629+0000] {processor.py:914} INFO - Processing file /home/airflow/.local/lib/python3.12/site-packages/airflow/example_dags/example_nested_branch_dag.py for tasks to queue
[2024-10-13T09:13:07.642+0000] {logging_mixin.py:190} INFO - [2024-10-13T09:13:07.641+0000] {dagbag.py:588} INFO - Filling up the DagBag from /home/airflow/.local/lib/python3.12/site-packages/airflow/example_dags/example_nested_branch_dag.py
[2024-10-13T09:13:07.695+0000] {processor.py:925} INFO - DAG(s) 'example_nested_branch_dag' retrieved from /home/airflow/.local/lib/python3.12/site-packages/airflow/example_dags/example_nested_branch_dag.py
[2024-10-13T09:13:07.786+0000] {logging_mixin.py:190} INFO - [2024-10-13T09:13:07.785+0000] {dag.py:3239} INFO - Sync 1 DAGs
[2024-10-13T09:13:07.932+0000] {logging_mixin.py:190} INFO - [2024-10-13T09:13:07.931+0000] {dag.py:4180} INFO - Setting next_dagrun for example_nested_branch_dag to 2024-10-12 00:00:00+00:00, run_after=2024-10-13 00:00:00+00:00
[2024-10-13T09:13:08.022+0000] {processor.py:208} INFO - Processing /home/airflow/.local/lib/python3.12/site-packages/airflow/example_dags/example_nested_branch_dag.py took 0.412 seconds
[2024-10-13T09:13:38.720+0000] {processor.py:186} INFO - Started process (PID=1446) to work on /home/airflow/.local/lib/python3.12/site-packages/airflow/example_dags/example_nested_branch_dag.py
[2024-10-13T09:13:38.722+0000] {processor.py:914} INFO - Processing file /home/airflow/.local/lib/python3.12/site-packages/airflow/example_dags/example_nested_branch_dag.py for tasks to queue
[2024-10-13T09:13:38.729+0000] {logging_mixin.py:190} INFO - [2024-10-13T09:13:38.728+0000] {dagbag.py:588} INFO - Filling up the DagBag from /home/airflow/.local/lib/python3.12/site-packages/airflow/example_dags/example_nested_branch_dag.py
[2024-10-13T09:13:38.759+0000] {processor.py:925} INFO - DAG(s) 'example_nested_branch_dag' retrieved from /home/airflow/.local/lib/python3.12/site-packages/airflow/example_dags/example_nested_branch_dag.py
[2024-10-13T09:13:38.808+0000] {logging_mixin.py:190} INFO - [2024-10-13T09:13:38.808+0000] {dag.py:3239} INFO - Sync 1 DAGs
[2024-10-13T09:13:38.888+0000] {logging_mixin.py:190} INFO - [2024-10-13T09:13:38.888+0000] {dag.py:4180} INFO - Setting next_dagrun for example_nested_branch_dag to 2024-10-12 00:00:00+00:00, run_after=2024-10-13 00:00:00+00:00
[2024-10-13T09:13:38.950+0000] {processor.py:208} INFO - Processing /home/airflow/.local/lib/python3.12/site-packages/airflow/example_dags/example_nested_branch_dag.py took 0.241 seconds
[2024-10-13T09:14:09.867+0000] {processor.py:186} INFO - Started process (PID=1509) to work on /home/airflow/.local/lib/python3.12/site-packages/airflow/example_dags/example_nested_branch_dag.py
[2024-10-13T09:14:09.870+0000] {processor.py:914} INFO - Processing file /home/airflow/.local/lib/python3.12/site-packages/airflow/example_dags/example_nested_branch_dag.py for tasks to queue
[2024-10-13T09:14:09.875+0000] {logging_mixin.py:190} INFO - [2024-10-13T09:14:09.874+0000] {dagbag.py:588} INFO - Filling up the DagBag from /home/airflow/.local/lib/python3.12/site-packages/airflow/example_dags/example_nested_branch_dag.py
[2024-10-13T09:14:09.903+0000] {processor.py:925} INFO - DAG(s) 'example_nested_branch_dag' retrieved from /home/airflow/.local/lib/python3.12/site-packages/airflow/example_dags/example_nested_branch_dag.py
[2024-10-13T09:14:09.957+0000] {logging_mixin.py:190} INFO - [2024-10-13T09:14:09.956+0000] {dag.py:3239} INFO - Sync 1 DAGs
[2024-10-13T09:14:10.013+0000] {logging_mixin.py:190} INFO - [2024-10-13T09:14:10.012+0000] {dag.py:4180} INFO - Setting next_dagrun for example_nested_branch_dag to 2024-10-12 00:00:00+00:00, run_after=2024-10-13 00:00:00+00:00
[2024-10-13T09:14:10.055+0000] {processor.py:208} INFO - Processing /home/airflow/.local/lib/python3.12/site-packages/airflow/example_dags/example_nested_branch_dag.py took 0.201 seconds
[2024-10-13T09:14:40.894+0000] {processor.py:186} INFO - Started process (PID=1573) to work on /home/airflow/.local/lib/python3.12/site-packages/airflow/example_dags/example_nested_branch_dag.py
[2024-10-13T09:14:40.896+0000] {processor.py:914} INFO - Processing file /home/airflow/.local/lib/python3.12/site-packages/airflow/example_dags/example_nested_branch_dag.py for tasks to queue
[2024-10-13T09:14:40.902+0000] {logging_mixin.py:190} INFO - [2024-10-13T09:14:40.901+0000] {dagbag.py:588} INFO - Filling up the DagBag from /home/airflow/.local/lib/python3.12/site-packages/airflow/example_dags/example_nested_branch_dag.py
[2024-10-13T09:14:40.929+0000] {processor.py:925} INFO - DAG(s) 'example_nested_branch_dag' retrieved from /home/airflow/.local/lib/python3.12/site-packages/airflow/example_dags/example_nested_branch_dag.py
[2024-10-13T09:14:40.983+0000] {logging_mixin.py:190} INFO - [2024-10-13T09:14:40.982+0000] {dag.py:3239} INFO - Sync 1 DAGs
[2024-10-13T09:14:41.044+0000] {logging_mixin.py:190} INFO - [2024-10-13T09:14:41.043+0000] {dag.py:4180} INFO - Setting next_dagrun for example_nested_branch_dag to 2024-10-12 00:00:00+00:00, run_after=2024-10-13 00:00:00+00:00
[2024-10-13T09:14:41.096+0000] {processor.py:208} INFO - Processing /home/airflow/.local/lib/python3.12/site-packages/airflow/example_dags/example_nested_branch_dag.py took 0.212 seconds
[2024-10-13T09:15:12.011+0000] {processor.py:186} INFO - Started process (PID=1636) to work on /home/airflow/.local/lib/python3.12/site-packages/airflow/example_dags/example_nested_branch_dag.py
[2024-10-13T09:15:12.016+0000] {processor.py:914} INFO - Processing file /home/airflow/.local/lib/python3.12/site-packages/airflow/example_dags/example_nested_branch_dag.py for tasks to queue
[2024-10-13T09:15:12.022+0000] {logging_mixin.py:190} INFO - [2024-10-13T09:15:12.021+0000] {dagbag.py:588} INFO - Filling up the DagBag from /home/airflow/.local/lib/python3.12/site-packages/airflow/example_dags/example_nested_branch_dag.py
[2024-10-13T09:15:12.041+0000] {processor.py:925} INFO - DAG(s) 'example_nested_branch_dag' retrieved from /home/airflow/.local/lib/python3.12/site-packages/airflow/example_dags/example_nested_branch_dag.py
[2024-10-13T09:15:12.076+0000] {logging_mixin.py:190} INFO - [2024-10-13T09:15:12.075+0000] {dag.py:3239} INFO - Sync 1 DAGs
[2024-10-13T09:15:12.113+0000] {logging_mixin.py:190} INFO - [2024-10-13T09:15:12.113+0000] {dag.py:4180} INFO - Setting next_dagrun for example_nested_branch_dag to 2024-10-12 00:00:00+00:00, run_after=2024-10-13 00:00:00+00:00
[2024-10-13T09:15:12.140+0000] {processor.py:208} INFO - Processing /home/airflow/.local/lib/python3.12/site-packages/airflow/example_dags/example_nested_branch_dag.py took 0.143 seconds
[2024-10-13T09:15:43.036+0000] {processor.py:186} INFO - Started process (PID=1699) to work on /home/airflow/.local/lib/python3.12/site-packages/airflow/example_dags/example_nested_branch_dag.py
[2024-10-13T09:15:43.039+0000] {processor.py:914} INFO - Processing file /home/airflow/.local/lib/python3.12/site-packages/airflow/example_dags/example_nested_branch_dag.py for tasks to queue
[2024-10-13T09:15:43.044+0000] {logging_mixin.py:190} INFO - [2024-10-13T09:15:43.044+0000] {dagbag.py:588} INFO - Filling up the DagBag from /home/airflow/.local/lib/python3.12/site-packages/airflow/example_dags/example_nested_branch_dag.py
[2024-10-13T09:15:43.064+0000] {processor.py:925} INFO - DAG(s) 'example_nested_branch_dag' retrieved from /home/airflow/.local/lib/python3.12/site-packages/airflow/example_dags/example_nested_branch_dag.py
[2024-10-13T09:15:43.100+0000] {logging_mixin.py:190} INFO - [2024-10-13T09:15:43.100+0000] {dag.py:3239} INFO - Sync 1 DAGs
[2024-10-13T09:15:43.133+0000] {logging_mixin.py:190} INFO - [2024-10-13T09:15:43.133+0000] {dag.py:4180} INFO - Setting next_dagrun for example_nested_branch_dag to 2024-10-12 00:00:00+00:00, run_after=2024-10-13 00:00:00+00:00
[2024-10-13T09:15:43.171+0000] {processor.py:208} INFO - Processing /home/airflow/.local/lib/python3.12/site-packages/airflow/example_dags/example_nested_branch_dag.py took 0.142 seconds
[2024-10-13T09:16:13.813+0000] {processor.py:186} INFO - Started process (PID=1762) to work on /home/airflow/.local/lib/python3.12/site-packages/airflow/example_dags/example_nested_branch_dag.py
[2024-10-13T09:16:13.816+0000] {processor.py:914} INFO - Processing file /home/airflow/.local/lib/python3.12/site-packages/airflow/example_dags/example_nested_branch_dag.py for tasks to queue
[2024-10-13T09:16:13.822+0000] {logging_mixin.py:190} INFO - [2024-10-13T09:16:13.821+0000] {dagbag.py:588} INFO - Filling up the DagBag from /home/airflow/.local/lib/python3.12/site-packages/airflow/example_dags/example_nested_branch_dag.py
[2024-10-13T09:16:13.859+0000] {processor.py:925} INFO - DAG(s) 'example_nested_branch_dag' retrieved from /home/airflow/.local/lib/python3.12/site-packages/airflow/example_dags/example_nested_branch_dag.py
[2024-10-13T09:16:13.933+0000] {logging_mixin.py:190} INFO - [2024-10-13T09:16:13.932+0000] {dag.py:3239} INFO - Sync 1 DAGs
[2024-10-13T09:16:13.998+0000] {logging_mixin.py:190} INFO - [2024-10-13T09:16:13.997+0000] {dag.py:4180} INFO - Setting next_dagrun for example_nested_branch_dag to 2024-10-12 00:00:00+00:00, run_after=2024-10-13 00:00:00+00:00
[2024-10-13T09:16:14.067+0000] {processor.py:208} INFO - Processing /home/airflow/.local/lib/python3.12/site-packages/airflow/example_dags/example_nested_branch_dag.py took 0.267 seconds
[2024-10-13T09:16:44.951+0000] {processor.py:186} INFO - Started process (PID=1825) to work on /home/airflow/.local/lib/python3.12/site-packages/airflow/example_dags/example_nested_branch_dag.py
[2024-10-13T09:16:44.953+0000] {processor.py:914} INFO - Processing file /home/airflow/.local/lib/python3.12/site-packages/airflow/example_dags/example_nested_branch_dag.py for tasks to queue
[2024-10-13T09:16:44.962+0000] {logging_mixin.py:190} INFO - [2024-10-13T09:16:44.961+0000] {dagbag.py:588} INFO - Filling up the DagBag from /home/airflow/.local/lib/python3.12/site-packages/airflow/example_dags/example_nested_branch_dag.py
[2024-10-13T09:16:44.986+0000] {processor.py:925} INFO - DAG(s) 'example_nested_branch_dag' retrieved from /home/airflow/.local/lib/python3.12/site-packages/airflow/example_dags/example_nested_branch_dag.py
[2024-10-13T09:16:45.070+0000] {logging_mixin.py:190} INFO - [2024-10-13T09:16:45.069+0000] {dag.py:3239} INFO - Sync 1 DAGs
[2024-10-13T09:16:45.141+0000] {logging_mixin.py:190} INFO - [2024-10-13T09:16:45.141+0000] {dag.py:4180} INFO - Setting next_dagrun for example_nested_branch_dag to 2024-10-12 00:00:00+00:00, run_after=2024-10-13 00:00:00+00:00
[2024-10-13T09:16:45.175+0000] {processor.py:208} INFO - Processing /home/airflow/.local/lib/python3.12/site-packages/airflow/example_dags/example_nested_branch_dag.py took 0.239 seconds
[2024-10-13T09:17:15.403+0000] {processor.py:186} INFO - Started process (PID=1888) to work on /home/airflow/.local/lib/python3.12/site-packages/airflow/example_dags/example_nested_branch_dag.py
[2024-10-13T09:17:15.421+0000] {processor.py:914} INFO - Processing file /home/airflow/.local/lib/python3.12/site-packages/airflow/example_dags/example_nested_branch_dag.py for tasks to queue
[2024-10-13T09:17:15.436+0000] {logging_mixin.py:190} INFO - [2024-10-13T09:17:15.435+0000] {dagbag.py:588} INFO - Filling up the DagBag from /home/airflow/.local/lib/python3.12/site-packages/airflow/example_dags/example_nested_branch_dag.py
[2024-10-13T09:17:15.448+0000] {processor.py:925} INFO - DAG(s) 'example_nested_branch_dag' retrieved from /home/airflow/.local/lib/python3.12/site-packages/airflow/example_dags/example_nested_branch_dag.py
[2024-10-13T09:17:15.470+0000] {logging_mixin.py:190} INFO - [2024-10-13T09:17:15.470+0000] {dag.py:3239} INFO - Sync 1 DAGs
[2024-10-13T09:17:15.496+0000] {logging_mixin.py:190} INFO - [2024-10-13T09:17:15.496+0000] {dag.py:4180} INFO - Setting next_dagrun for example_nested_branch_dag to 2024-10-12 00:00:00+00:00, run_after=2024-10-13 00:00:00+00:00
[2024-10-13T09:17:15.520+0000] {processor.py:208} INFO - Processing /home/airflow/.local/lib/python3.12/site-packages/airflow/example_dags/example_nested_branch_dag.py took 0.122 seconds
[2024-10-13T09:17:46.256+0000] {processor.py:186} INFO - Started process (PID=1951) to work on /home/airflow/.local/lib/python3.12/site-packages/airflow/example_dags/example_nested_branch_dag.py
[2024-10-13T09:17:46.258+0000] {processor.py:914} INFO - Processing file /home/airflow/.local/lib/python3.12/site-packages/airflow/example_dags/example_nested_branch_dag.py for tasks to queue
[2024-10-13T09:17:46.262+0000] {logging_mixin.py:190} INFO - [2024-10-13T09:17:46.262+0000] {dagbag.py:588} INFO - Filling up the DagBag from /home/airflow/.local/lib/python3.12/site-packages/airflow/example_dags/example_nested_branch_dag.py
[2024-10-13T09:17:46.275+0000] {processor.py:925} INFO - DAG(s) 'example_nested_branch_dag' retrieved from /home/airflow/.local/lib/python3.12/site-packages/airflow/example_dags/example_nested_branch_dag.py
[2024-10-13T09:17:46.305+0000] {logging_mixin.py:190} INFO - [2024-10-13T09:17:46.304+0000] {dag.py:3239} INFO - Sync 1 DAGs
[2024-10-13T09:17:46.327+0000] {logging_mixin.py:190} INFO - [2024-10-13T09:17:46.327+0000] {dag.py:4180} INFO - Setting next_dagrun for example_nested_branch_dag to 2024-10-12 00:00:00+00:00, run_after=2024-10-13 00:00:00+00:00
[2024-10-13T09:17:46.349+0000] {processor.py:208} INFO - Processing /home/airflow/.local/lib/python3.12/site-packages/airflow/example_dags/example_nested_branch_dag.py took 0.103 seconds
[2024-10-13T09:18:17.043+0000] {processor.py:186} INFO - Started process (PID=2014) to work on /home/airflow/.local/lib/python3.12/site-packages/airflow/example_dags/example_nested_branch_dag.py
[2024-10-13T09:18:17.044+0000] {processor.py:914} INFO - Processing file /home/airflow/.local/lib/python3.12/site-packages/airflow/example_dags/example_nested_branch_dag.py for tasks to queue
[2024-10-13T09:18:17.046+0000] {logging_mixin.py:190} INFO - [2024-10-13T09:18:17.046+0000] {dagbag.py:588} INFO - Filling up the DagBag from /home/airflow/.local/lib/python3.12/site-packages/airflow/example_dags/example_nested_branch_dag.py
[2024-10-13T09:18:17.055+0000] {processor.py:925} INFO - DAG(s) 'example_nested_branch_dag' retrieved from /home/airflow/.local/lib/python3.12/site-packages/airflow/example_dags/example_nested_branch_dag.py
[2024-10-13T09:18:17.074+0000] {logging_mixin.py:190} INFO - [2024-10-13T09:18:17.074+0000] {dag.py:3239} INFO - Sync 1 DAGs
[2024-10-13T09:18:17.094+0000] {logging_mixin.py:190} INFO - [2024-10-13T09:18:17.094+0000] {dag.py:4180} INFO - Setting next_dagrun for example_nested_branch_dag to 2024-10-12 00:00:00+00:00, run_after=2024-10-13 00:00:00+00:00
[2024-10-13T09:18:17.113+0000] {processor.py:208} INFO - Processing /home/airflow/.local/lib/python3.12/site-packages/airflow/example_dags/example_nested_branch_dag.py took 0.074 seconds
[2024-10-13T09:18:47.286+0000] {processor.py:186} INFO - Started process (PID=2077) to work on /home/airflow/.local/lib/python3.12/site-packages/airflow/example_dags/example_nested_branch_dag.py
[2024-10-13T09:18:47.288+0000] {processor.py:914} INFO - Processing file /home/airflow/.local/lib/python3.12/site-packages/airflow/example_dags/example_nested_branch_dag.py for tasks to queue
[2024-10-13T09:18:47.290+0000] {logging_mixin.py:190} INFO - [2024-10-13T09:18:47.290+0000] {dagbag.py:588} INFO - Filling up the DagBag from /home/airflow/.local/lib/python3.12/site-packages/airflow/example_dags/example_nested_branch_dag.py
[2024-10-13T09:18:47.303+0000] {processor.py:925} INFO - DAG(s) 'example_nested_branch_dag' retrieved from /home/airflow/.local/lib/python3.12/site-packages/airflow/example_dags/example_nested_branch_dag.py
[2024-10-13T09:18:47.323+0000] {logging_mixin.py:190} INFO - [2024-10-13T09:18:47.322+0000] {dag.py:3239} INFO - Sync 1 DAGs
[2024-10-13T09:18:47.353+0000] {logging_mixin.py:190} INFO - [2024-10-13T09:18:47.353+0000] {dag.py:4180} INFO - Setting next_dagrun for example_nested_branch_dag to 2024-10-12 00:00:00+00:00, run_after=2024-10-13 00:00:00+00:00
[2024-10-13T09:18:47.377+0000] {processor.py:208} INFO - Processing /home/airflow/.local/lib/python3.12/site-packages/airflow/example_dags/example_nested_branch_dag.py took 0.096 seconds
[2024-10-13T09:19:18.166+0000] {processor.py:186} INFO - Started process (PID=2146) to work on /home/airflow/.local/lib/python3.12/site-packages/airflow/example_dags/example_nested_branch_dag.py
[2024-10-13T09:19:18.167+0000] {processor.py:914} INFO - Processing file /home/airflow/.local/lib/python3.12/site-packages/airflow/example_dags/example_nested_branch_dag.py for tasks to queue
[2024-10-13T09:19:18.175+0000] {logging_mixin.py:190} INFO - [2024-10-13T09:19:18.173+0000] {dagbag.py:588} INFO - Filling up the DagBag from /home/airflow/.local/lib/python3.12/site-packages/airflow/example_dags/example_nested_branch_dag.py
[2024-10-13T09:19:18.191+0000] {processor.py:925} INFO - DAG(s) 'example_nested_branch_dag' retrieved from /home/airflow/.local/lib/python3.12/site-packages/airflow/example_dags/example_nested_branch_dag.py
[2024-10-13T09:19:18.221+0000] {logging_mixin.py:190} INFO - [2024-10-13T09:19:18.221+0000] {dag.py:3239} INFO - Sync 1 DAGs
[2024-10-13T09:19:18.254+0000] {logging_mixin.py:190} INFO - [2024-10-13T09:19:18.253+0000] {dag.py:4180} INFO - Setting next_dagrun for example_nested_branch_dag to 2024-10-12 00:00:00+00:00, run_after=2024-10-13 00:00:00+00:00
[2024-10-13T09:19:18.275+0000] {processor.py:208} INFO - Processing /home/airflow/.local/lib/python3.12/site-packages/airflow/example_dags/example_nested_branch_dag.py took 0.115 seconds
[2024-10-13T09:19:48.745+0000] {processor.py:186} INFO - Started process (PID=2209) to work on /home/airflow/.local/lib/python3.12/site-packages/airflow/example_dags/example_nested_branch_dag.py
[2024-10-13T09:19:48.746+0000] {processor.py:914} INFO - Processing file /home/airflow/.local/lib/python3.12/site-packages/airflow/example_dags/example_nested_branch_dag.py for tasks to queue
[2024-10-13T09:19:48.749+0000] {logging_mixin.py:190} INFO - [2024-10-13T09:19:48.749+0000] {dagbag.py:588} INFO - Filling up the DagBag from /home/airflow/.local/lib/python3.12/site-packages/airflow/example_dags/example_nested_branch_dag.py
[2024-10-13T09:19:48.759+0000] {processor.py:925} INFO - DAG(s) 'example_nested_branch_dag' retrieved from /home/airflow/.local/lib/python3.12/site-packages/airflow/example_dags/example_nested_branch_dag.py
[2024-10-13T09:19:48.781+0000] {logging_mixin.py:190} INFO - [2024-10-13T09:19:48.781+0000] {dag.py:3239} INFO - Sync 1 DAGs
[2024-10-13T09:19:48.802+0000] {logging_mixin.py:190} INFO - [2024-10-13T09:19:48.802+0000] {dag.py:4180} INFO - Setting next_dagrun for example_nested_branch_dag to 2024-10-12 00:00:00+00:00, run_after=2024-10-13 00:00:00+00:00
[2024-10-13T09:19:48.824+0000] {processor.py:208} INFO - Processing /home/airflow/.local/lib/python3.12/site-packages/airflow/example_dags/example_nested_branch_dag.py took 0.084 seconds
[2024-10-13T09:20:19.263+0000] {processor.py:186} INFO - Started process (PID=2272) to work on /home/airflow/.local/lib/python3.12/site-packages/airflow/example_dags/example_nested_branch_dag.py
[2024-10-13T09:20:19.265+0000] {processor.py:914} INFO - Processing file /home/airflow/.local/lib/python3.12/site-packages/airflow/example_dags/example_nested_branch_dag.py for tasks to queue
[2024-10-13T09:20:19.269+0000] {logging_mixin.py:190} INFO - [2024-10-13T09:20:19.269+0000] {dagbag.py:588} INFO - Filling up the DagBag from /home/airflow/.local/lib/python3.12/site-packages/airflow/example_dags/example_nested_branch_dag.py
[2024-10-13T09:20:19.286+0000] {processor.py:925} INFO - DAG(s) 'example_nested_branch_dag' retrieved from /home/airflow/.local/lib/python3.12/site-packages/airflow/example_dags/example_nested_branch_dag.py
[2024-10-13T09:20:19.307+0000] {logging_mixin.py:190} INFO - [2024-10-13T09:20:19.307+0000] {dag.py:3239} INFO - Sync 1 DAGs
[2024-10-13T09:20:19.329+0000] {logging_mixin.py:190} INFO - [2024-10-13T09:20:19.329+0000] {dag.py:4180} INFO - Setting next_dagrun for example_nested_branch_dag to 2024-10-12 00:00:00+00:00, run_after=2024-10-13 00:00:00+00:00
[2024-10-13T09:20:19.349+0000] {processor.py:208} INFO - Processing /home/airflow/.local/lib/python3.12/site-packages/airflow/example_dags/example_nested_branch_dag.py took 0.093 seconds
[2024-10-13T09:20:49.695+0000] {processor.py:186} INFO - Started process (PID=2335) to work on /home/airflow/.local/lib/python3.12/site-packages/airflow/example_dags/example_nested_branch_dag.py
[2024-10-13T09:20:49.697+0000] {processor.py:914} INFO - Processing file /home/airflow/.local/lib/python3.12/site-packages/airflow/example_dags/example_nested_branch_dag.py for tasks to queue
[2024-10-13T09:20:49.702+0000] {logging_mixin.py:190} INFO - [2024-10-13T09:20:49.701+0000] {dagbag.py:588} INFO - Filling up the DagBag from /home/airflow/.local/lib/python3.12/site-packages/airflow/example_dags/example_nested_branch_dag.py
[2024-10-13T09:20:49.716+0000] {processor.py:925} INFO - DAG(s) 'example_nested_branch_dag' retrieved from /home/airflow/.local/lib/python3.12/site-packages/airflow/example_dags/example_nested_branch_dag.py
[2024-10-13T09:20:49.745+0000] {logging_mixin.py:190} INFO - [2024-10-13T09:20:49.745+0000] {dag.py:3239} INFO - Sync 1 DAGs
[2024-10-13T09:20:49.780+0000] {logging_mixin.py:190} INFO - [2024-10-13T09:20:49.779+0000] {dag.py:4180} INFO - Setting next_dagrun for example_nested_branch_dag to 2024-10-12 00:00:00+00:00, run_after=2024-10-13 00:00:00+00:00
[2024-10-13T09:20:49.817+0000] {processor.py:208} INFO - Processing /home/airflow/.local/lib/python3.12/site-packages/airflow/example_dags/example_nested_branch_dag.py took 0.133 seconds
[2024-10-13T09:21:20.032+0000] {processor.py:186} INFO - Started process (PID=2399) to work on /home/airflow/.local/lib/python3.12/site-packages/airflow/example_dags/example_nested_branch_dag.py
[2024-10-13T09:21:20.034+0000] {processor.py:914} INFO - Processing file /home/airflow/.local/lib/python3.12/site-packages/airflow/example_dags/example_nested_branch_dag.py for tasks to queue
[2024-10-13T09:21:20.039+0000] {logging_mixin.py:190} INFO - [2024-10-13T09:21:20.038+0000] {dagbag.py:588} INFO - Filling up the DagBag from /home/airflow/.local/lib/python3.12/site-packages/airflow/example_dags/example_nested_branch_dag.py
[2024-10-13T09:21:20.059+0000] {processor.py:925} INFO - DAG(s) 'example_nested_branch_dag' retrieved from /home/airflow/.local/lib/python3.12/site-packages/airflow/example_dags/example_nested_branch_dag.py
[2024-10-13T09:21:20.101+0000] {logging_mixin.py:190} INFO - [2024-10-13T09:21:20.101+0000] {dag.py:3239} INFO - Sync 1 DAGs
[2024-10-13T09:21:20.150+0000] {logging_mixin.py:190} INFO - [2024-10-13T09:21:20.149+0000] {dag.py:4180} INFO - Setting next_dagrun for example_nested_branch_dag to 2024-10-12 00:00:00+00:00, run_after=2024-10-13 00:00:00+00:00
[2024-10-13T09:21:20.209+0000] {processor.py:208} INFO - Processing /home/airflow/.local/lib/python3.12/site-packages/airflow/example_dags/example_nested_branch_dag.py took 0.186 seconds
[2024-10-13T09:21:50.690+0000] {processor.py:186} INFO - Started process (PID=2461) to work on /home/airflow/.local/lib/python3.12/site-packages/airflow/example_dags/example_nested_branch_dag.py
[2024-10-13T09:21:50.693+0000] {processor.py:914} INFO - Processing file /home/airflow/.local/lib/python3.12/site-packages/airflow/example_dags/example_nested_branch_dag.py for tasks to queue
[2024-10-13T09:21:50.697+0000] {logging_mixin.py:190} INFO - [2024-10-13T09:21:50.696+0000] {dagbag.py:588} INFO - Filling up the DagBag from /home/airflow/.local/lib/python3.12/site-packages/airflow/example_dags/example_nested_branch_dag.py
[2024-10-13T09:21:50.711+0000] {processor.py:925} INFO - DAG(s) 'example_nested_branch_dag' retrieved from /home/airflow/.local/lib/python3.12/site-packages/airflow/example_dags/example_nested_branch_dag.py
[2024-10-13T09:21:50.742+0000] {logging_mixin.py:190} INFO - [2024-10-13T09:21:50.742+0000] {dag.py:3239} INFO - Sync 1 DAGs
[2024-10-13T09:21:50.806+0000] {logging_mixin.py:190} INFO - [2024-10-13T09:21:50.806+0000] {dag.py:4180} INFO - Setting next_dagrun for example_nested_branch_dag to 2024-10-12 00:00:00+00:00, run_after=2024-10-13 00:00:00+00:00
[2024-10-13T09:21:50.848+0000] {processor.py:208} INFO - Processing /home/airflow/.local/lib/python3.12/site-packages/airflow/example_dags/example_nested_branch_dag.py took 0.165 seconds
[2024-10-13T09:22:21.073+0000] {processor.py:186} INFO - Started process (PID=2524) to work on /home/airflow/.local/lib/python3.12/site-packages/airflow/example_dags/example_nested_branch_dag.py
[2024-10-13T09:22:21.074+0000] {processor.py:914} INFO - Processing file /home/airflow/.local/lib/python3.12/site-packages/airflow/example_dags/example_nested_branch_dag.py for tasks to queue
[2024-10-13T09:22:21.080+0000] {logging_mixin.py:190} INFO - [2024-10-13T09:22:21.079+0000] {dagbag.py:588} INFO - Filling up the DagBag from /home/airflow/.local/lib/python3.12/site-packages/airflow/example_dags/example_nested_branch_dag.py
[2024-10-13T09:22:21.105+0000] {processor.py:925} INFO - DAG(s) 'example_nested_branch_dag' retrieved from /home/airflow/.local/lib/python3.12/site-packages/airflow/example_dags/example_nested_branch_dag.py
[2024-10-13T09:22:21.145+0000] {logging_mixin.py:190} INFO - [2024-10-13T09:22:21.145+0000] {dag.py:3239} INFO - Sync 1 DAGs
[2024-10-13T09:22:21.183+0000] {logging_mixin.py:190} INFO - [2024-10-13T09:22:21.183+0000] {dag.py:4180} INFO - Setting next_dagrun for example_nested_branch_dag to 2024-10-12 00:00:00+00:00, run_after=2024-10-13 00:00:00+00:00
[2024-10-13T09:22:21.219+0000] {processor.py:208} INFO - Processing /home/airflow/.local/lib/python3.12/site-packages/airflow/example_dags/example_nested_branch_dag.py took 0.155 seconds
[2024-10-13T09:22:51.499+0000] {processor.py:186} INFO - Started process (PID=2587) to work on /home/airflow/.local/lib/python3.12/site-packages/airflow/example_dags/example_nested_branch_dag.py
[2024-10-13T09:22:51.501+0000] {processor.py:914} INFO - Processing file /home/airflow/.local/lib/python3.12/site-packages/airflow/example_dags/example_nested_branch_dag.py for tasks to queue
[2024-10-13T09:22:51.503+0000] {logging_mixin.py:190} INFO - [2024-10-13T09:22:51.503+0000] {dagbag.py:588} INFO - Filling up the DagBag from /home/airflow/.local/lib/python3.12/site-packages/airflow/example_dags/example_nested_branch_dag.py
[2024-10-13T09:22:51.517+0000] {processor.py:925} INFO - DAG(s) 'example_nested_branch_dag' retrieved from /home/airflow/.local/lib/python3.12/site-packages/airflow/example_dags/example_nested_branch_dag.py
[2024-10-13T09:22:51.550+0000] {logging_mixin.py:190} INFO - [2024-10-13T09:22:51.549+0000] {dag.py:3239} INFO - Sync 1 DAGs
[2024-10-13T09:22:51.590+0000] {logging_mixin.py:190} INFO - [2024-10-13T09:22:51.588+0000] {dag.py:4180} INFO - Setting next_dagrun for example_nested_branch_dag to 2024-10-12 00:00:00+00:00, run_after=2024-10-13 00:00:00+00:00
[2024-10-13T09:22:51.641+0000] {processor.py:208} INFO - Processing /home/airflow/.local/lib/python3.12/site-packages/airflow/example_dags/example_nested_branch_dag.py took 0.147 seconds
[2024-10-13T09:23:22.406+0000] {processor.py:186} INFO - Started process (PID=2650) to work on /home/airflow/.local/lib/python3.12/site-packages/airflow/example_dags/example_nested_branch_dag.py
[2024-10-13T09:23:22.409+0000] {processor.py:914} INFO - Processing file /home/airflow/.local/lib/python3.12/site-packages/airflow/example_dags/example_nested_branch_dag.py for tasks to queue
[2024-10-13T09:23:22.413+0000] {logging_mixin.py:190} INFO - [2024-10-13T09:23:22.412+0000] {dagbag.py:588} INFO - Filling up the DagBag from /home/airflow/.local/lib/python3.12/site-packages/airflow/example_dags/example_nested_branch_dag.py
[2024-10-13T09:23:22.429+0000] {processor.py:925} INFO - DAG(s) 'example_nested_branch_dag' retrieved from /home/airflow/.local/lib/python3.12/site-packages/airflow/example_dags/example_nested_branch_dag.py
[2024-10-13T09:23:22.460+0000] {logging_mixin.py:190} INFO - [2024-10-13T09:23:22.460+0000] {dag.py:3239} INFO - Sync 1 DAGs
[2024-10-13T09:23:22.495+0000] {logging_mixin.py:190} INFO - [2024-10-13T09:23:22.495+0000] {dag.py:4180} INFO - Setting next_dagrun for example_nested_branch_dag to 2024-10-12 00:00:00+00:00, run_after=2024-10-13 00:00:00+00:00
[2024-10-13T09:23:22.520+0000] {processor.py:208} INFO - Processing /home/airflow/.local/lib/python3.12/site-packages/airflow/example_dags/example_nested_branch_dag.py took 0.123 seconds
[2024-10-13T09:23:53.130+0000] {processor.py:186} INFO - Started process (PID=2714) to work on /home/airflow/.local/lib/python3.12/site-packages/airflow/example_dags/example_nested_branch_dag.py
[2024-10-13T09:23:53.131+0000] {processor.py:914} INFO - Processing file /home/airflow/.local/lib/python3.12/site-packages/airflow/example_dags/example_nested_branch_dag.py for tasks to queue
[2024-10-13T09:23:53.135+0000] {logging_mixin.py:190} INFO - [2024-10-13T09:23:53.135+0000] {dagbag.py:588} INFO - Filling up the DagBag from /home/airflow/.local/lib/python3.12/site-packages/airflow/example_dags/example_nested_branch_dag.py
[2024-10-13T09:23:53.147+0000] {processor.py:925} INFO - DAG(s) 'example_nested_branch_dag' retrieved from /home/airflow/.local/lib/python3.12/site-packages/airflow/example_dags/example_nested_branch_dag.py
[2024-10-13T09:23:53.176+0000] {logging_mixin.py:190} INFO - [2024-10-13T09:23:53.175+0000] {dag.py:3239} INFO - Sync 1 DAGs
[2024-10-13T09:23:53.208+0000] {logging_mixin.py:190} INFO - [2024-10-13T09:23:53.207+0000] {dag.py:4180} INFO - Setting next_dagrun for example_nested_branch_dag to 2024-10-12 00:00:00+00:00, run_after=2024-10-13 00:00:00+00:00
[2024-10-13T09:23:53.237+0000] {processor.py:208} INFO - Processing /home/airflow/.local/lib/python3.12/site-packages/airflow/example_dags/example_nested_branch_dag.py took 0.113 seconds
[2024-10-13T09:24:26.987+0000] {processor.py:186} INFO - Started process (PID=2779) to work on /home/airflow/.local/lib/python3.12/site-packages/airflow/example_dags/example_nested_branch_dag.py
[2024-10-13T09:24:26.990+0000] {processor.py:914} INFO - Processing file /home/airflow/.local/lib/python3.12/site-packages/airflow/example_dags/example_nested_branch_dag.py for tasks to queue
[2024-10-13T09:24:27.001+0000] {logging_mixin.py:190} INFO - [2024-10-13T09:24:27.000+0000] {dagbag.py:588} INFO - Filling up the DagBag from /home/airflow/.local/lib/python3.12/site-packages/airflow/example_dags/example_nested_branch_dag.py
[2024-10-13T09:24:27.051+0000] {processor.py:925} INFO - DAG(s) 'example_nested_branch_dag' retrieved from /home/airflow/.local/lib/python3.12/site-packages/airflow/example_dags/example_nested_branch_dag.py
[2024-10-13T09:24:27.122+0000] {logging_mixin.py:190} INFO - [2024-10-13T09:24:27.121+0000] {dag.py:3239} INFO - Sync 1 DAGs
[2024-10-13T09:24:27.196+0000] {logging_mixin.py:190} INFO - [2024-10-13T09:24:27.195+0000] {dag.py:4180} INFO - Setting next_dagrun for example_nested_branch_dag to 2024-10-12 00:00:00+00:00, run_after=2024-10-13 00:00:00+00:00
[2024-10-13T09:24:27.258+0000] {processor.py:208} INFO - Processing /home/airflow/.local/lib/python3.12/site-packages/airflow/example_dags/example_nested_branch_dag.py took 0.287 seconds
[2024-10-13T09:24:57.634+0000] {processor.py:186} INFO - Started process (PID=2843) to work on /home/airflow/.local/lib/python3.12/site-packages/airflow/example_dags/example_nested_branch_dag.py
[2024-10-13T09:24:57.638+0000] {processor.py:914} INFO - Processing file /home/airflow/.local/lib/python3.12/site-packages/airflow/example_dags/example_nested_branch_dag.py for tasks to queue
[2024-10-13T09:24:57.647+0000] {logging_mixin.py:190} INFO - [2024-10-13T09:24:57.645+0000] {dagbag.py:588} INFO - Filling up the DagBag from /home/airflow/.local/lib/python3.12/site-packages/airflow/example_dags/example_nested_branch_dag.py
[2024-10-13T09:24:57.671+0000] {processor.py:925} INFO - DAG(s) 'example_nested_branch_dag' retrieved from /home/airflow/.local/lib/python3.12/site-packages/airflow/example_dags/example_nested_branch_dag.py
[2024-10-13T09:24:57.720+0000] {logging_mixin.py:190} INFO - [2024-10-13T09:24:57.720+0000] {dag.py:3239} INFO - Sync 1 DAGs
[2024-10-13T09:24:57.774+0000] {logging_mixin.py:190} INFO - [2024-10-13T09:24:57.774+0000] {dag.py:4180} INFO - Setting next_dagrun for example_nested_branch_dag to 2024-10-12 00:00:00+00:00, run_after=2024-10-13 00:00:00+00:00
[2024-10-13T09:24:57.818+0000] {processor.py:208} INFO - Processing /home/airflow/.local/lib/python3.12/site-packages/airflow/example_dags/example_nested_branch_dag.py took 0.201 seconds
[2024-10-13T09:25:28.908+0000] {processor.py:186} INFO - Started process (PID=2906) to work on /home/airflow/.local/lib/python3.12/site-packages/airflow/example_dags/example_nested_branch_dag.py
[2024-10-13T09:25:28.910+0000] {processor.py:914} INFO - Processing file /home/airflow/.local/lib/python3.12/site-packages/airflow/example_dags/example_nested_branch_dag.py for tasks to queue
[2024-10-13T09:25:28.914+0000] {logging_mixin.py:190} INFO - [2024-10-13T09:25:28.914+0000] {dagbag.py:588} INFO - Filling up the DagBag from /home/airflow/.local/lib/python3.12/site-packages/airflow/example_dags/example_nested_branch_dag.py
[2024-10-13T09:25:28.932+0000] {processor.py:925} INFO - DAG(s) 'example_nested_branch_dag' retrieved from /home/airflow/.local/lib/python3.12/site-packages/airflow/example_dags/example_nested_branch_dag.py
[2024-10-13T09:25:28.965+0000] {logging_mixin.py:190} INFO - [2024-10-13T09:25:28.965+0000] {dag.py:3239} INFO - Sync 1 DAGs
[2024-10-13T09:25:29.005+0000] {logging_mixin.py:190} INFO - [2024-10-13T09:25:29.005+0000] {dag.py:4180} INFO - Setting next_dagrun for example_nested_branch_dag to 2024-10-12 00:00:00+00:00, run_after=2024-10-13 00:00:00+00:00
[2024-10-13T09:25:29.032+0000] {processor.py:208} INFO - Processing /home/airflow/.local/lib/python3.12/site-packages/airflow/example_dags/example_nested_branch_dag.py took 0.132 seconds
[2024-10-13T09:25:59.751+0000] {processor.py:186} INFO - Started process (PID=2970) to work on /home/airflow/.local/lib/python3.12/site-packages/airflow/example_dags/example_nested_branch_dag.py
[2024-10-13T09:25:59.754+0000] {processor.py:914} INFO - Processing file /home/airflow/.local/lib/python3.12/site-packages/airflow/example_dags/example_nested_branch_dag.py for tasks to queue
[2024-10-13T09:25:59.758+0000] {logging_mixin.py:190} INFO - [2024-10-13T09:25:59.758+0000] {dagbag.py:588} INFO - Filling up the DagBag from /home/airflow/.local/lib/python3.12/site-packages/airflow/example_dags/example_nested_branch_dag.py
[2024-10-13T09:25:59.775+0000] {processor.py:925} INFO - DAG(s) 'example_nested_branch_dag' retrieved from /home/airflow/.local/lib/python3.12/site-packages/airflow/example_dags/example_nested_branch_dag.py
[2024-10-13T09:25:59.809+0000] {logging_mixin.py:190} INFO - [2024-10-13T09:25:59.809+0000] {dag.py:3239} INFO - Sync 1 DAGs
[2024-10-13T09:25:59.848+0000] {logging_mixin.py:190} INFO - [2024-10-13T09:25:59.847+0000] {dag.py:4180} INFO - Setting next_dagrun for example_nested_branch_dag to 2024-10-12 00:00:00+00:00, run_after=2024-10-13 00:00:00+00:00
[2024-10-13T09:25:59.894+0000] {processor.py:208} INFO - Processing /home/airflow/.local/lib/python3.12/site-packages/airflow/example_dags/example_nested_branch_dag.py took 0.151 seconds
[2024-10-13T09:26:37.133+0000] {processor.py:186} INFO - Started process (PID=3040) to work on /home/airflow/.local/lib/python3.12/site-packages/airflow/example_dags/example_nested_branch_dag.py
[2024-10-13T09:26:37.262+0000] {processor.py:914} INFO - Processing file /home/airflow/.local/lib/python3.12/site-packages/airflow/example_dags/example_nested_branch_dag.py for tasks to queue
[2024-10-13T09:26:37.273+0000] {logging_mixin.py:190} INFO - [2024-10-13T09:26:37.272+0000] {dagbag.py:588} INFO - Filling up the DagBag from /home/airflow/.local/lib/python3.12/site-packages/airflow/example_dags/example_nested_branch_dag.py
[2024-10-13T09:26:37.357+0000] {processor.py:925} INFO - DAG(s) 'example_nested_branch_dag' retrieved from /home/airflow/.local/lib/python3.12/site-packages/airflow/example_dags/example_nested_branch_dag.py
[2024-10-13T09:26:37.454+0000] {logging_mixin.py:190} INFO - [2024-10-13T09:26:37.453+0000] {dag.py:3239} INFO - Sync 1 DAGs
[2024-10-13T09:26:37.577+0000] {logging_mixin.py:190} INFO - [2024-10-13T09:26:37.576+0000] {dag.py:4180} INFO - Setting next_dagrun for example_nested_branch_dag to 2024-10-12 00:00:00+00:00, run_after=2024-10-13 00:00:00+00:00
[2024-10-13T09:26:37.682+0000] {processor.py:208} INFO - Processing /home/airflow/.local/lib/python3.12/site-packages/airflow/example_dags/example_nested_branch_dag.py took 0.572 seconds
[2024-10-13T09:27:12.546+0000] {processor.py:186} INFO - Started process (PID=3103) to work on /home/airflow/.local/lib/python3.12/site-packages/airflow/example_dags/example_nested_branch_dag.py
[2024-10-13T09:27:12.554+0000] {processor.py:914} INFO - Processing file /home/airflow/.local/lib/python3.12/site-packages/airflow/example_dags/example_nested_branch_dag.py for tasks to queue
[2024-10-13T09:27:12.565+0000] {logging_mixin.py:190} INFO - [2024-10-13T09:27:12.564+0000] {dagbag.py:588} INFO - Filling up the DagBag from /home/airflow/.local/lib/python3.12/site-packages/airflow/example_dags/example_nested_branch_dag.py
[2024-10-13T09:27:12.634+0000] {processor.py:925} INFO - DAG(s) 'example_nested_branch_dag' retrieved from /home/airflow/.local/lib/python3.12/site-packages/airflow/example_dags/example_nested_branch_dag.py
[2024-10-13T09:27:12.758+0000] {logging_mixin.py:190} INFO - [2024-10-13T09:27:12.752+0000] {dag.py:3239} INFO - Sync 1 DAGs
[2024-10-13T09:27:13.033+0000] {logging_mixin.py:190} INFO - [2024-10-13T09:27:13.033+0000] {dag.py:4180} INFO - Setting next_dagrun for example_nested_branch_dag to 2024-10-12 00:00:00+00:00, run_after=2024-10-13 00:00:00+00:00
[2024-10-13T09:27:13.231+0000] {processor.py:208} INFO - Processing /home/airflow/.local/lib/python3.12/site-packages/airflow/example_dags/example_nested_branch_dag.py took 0.709 seconds
[2024-10-13T09:27:43.498+0000] {processor.py:186} INFO - Started process (PID=3166) to work on /home/airflow/.local/lib/python3.12/site-packages/airflow/example_dags/example_nested_branch_dag.py
[2024-10-13T09:27:43.500+0000] {processor.py:914} INFO - Processing file /home/airflow/.local/lib/python3.12/site-packages/airflow/example_dags/example_nested_branch_dag.py for tasks to queue
[2024-10-13T09:27:43.512+0000] {logging_mixin.py:190} INFO - [2024-10-13T09:27:43.511+0000] {dagbag.py:588} INFO - Filling up the DagBag from /home/airflow/.local/lib/python3.12/site-packages/airflow/example_dags/example_nested_branch_dag.py
[2024-10-13T09:27:43.549+0000] {processor.py:925} INFO - DAG(s) 'example_nested_branch_dag' retrieved from /home/airflow/.local/lib/python3.12/site-packages/airflow/example_dags/example_nested_branch_dag.py
[2024-10-13T09:27:43.601+0000] {logging_mixin.py:190} INFO - [2024-10-13T09:27:43.601+0000] {dag.py:3239} INFO - Sync 1 DAGs
[2024-10-13T09:27:43.651+0000] {logging_mixin.py:190} INFO - [2024-10-13T09:27:43.651+0000] {dag.py:4180} INFO - Setting next_dagrun for example_nested_branch_dag to 2024-10-12 00:00:00+00:00, run_after=2024-10-13 00:00:00+00:00
[2024-10-13T09:27:43.696+0000] {processor.py:208} INFO - Processing /home/airflow/.local/lib/python3.12/site-packages/airflow/example_dags/example_nested_branch_dag.py took 0.214 seconds
[2024-10-13T09:28:13.837+0000] {processor.py:186} INFO - Started process (PID=3229) to work on /home/airflow/.local/lib/python3.12/site-packages/airflow/example_dags/example_nested_branch_dag.py
[2024-10-13T09:28:13.839+0000] {processor.py:914} INFO - Processing file /home/airflow/.local/lib/python3.12/site-packages/airflow/example_dags/example_nested_branch_dag.py for tasks to queue
[2024-10-13T09:28:13.842+0000] {logging_mixin.py:190} INFO - [2024-10-13T09:28:13.842+0000] {dagbag.py:588} INFO - Filling up the DagBag from /home/airflow/.local/lib/python3.12/site-packages/airflow/example_dags/example_nested_branch_dag.py
[2024-10-13T09:28:13.863+0000] {processor.py:925} INFO - DAG(s) 'example_nested_branch_dag' retrieved from /home/airflow/.local/lib/python3.12/site-packages/airflow/example_dags/example_nested_branch_dag.py
[2024-10-13T09:28:13.892+0000] {logging_mixin.py:190} INFO - [2024-10-13T09:28:13.891+0000] {dag.py:3239} INFO - Sync 1 DAGs
[2024-10-13T09:28:13.918+0000] {logging_mixin.py:190} INFO - [2024-10-13T09:28:13.918+0000] {dag.py:4180} INFO - Setting next_dagrun for example_nested_branch_dag to 2024-10-12 00:00:00+00:00, run_after=2024-10-13 00:00:00+00:00
[2024-10-13T09:28:13.939+0000] {processor.py:208} INFO - Processing /home/airflow/.local/lib/python3.12/site-packages/airflow/example_dags/example_nested_branch_dag.py took 0.109 seconds
[2024-10-13T09:28:44.401+0000] {processor.py:186} INFO - Started process (PID=3292) to work on /home/airflow/.local/lib/python3.12/site-packages/airflow/example_dags/example_nested_branch_dag.py
[2024-10-13T09:28:44.408+0000] {processor.py:914} INFO - Processing file /home/airflow/.local/lib/python3.12/site-packages/airflow/example_dags/example_nested_branch_dag.py for tasks to queue
[2024-10-13T09:28:44.413+0000] {logging_mixin.py:190} INFO - [2024-10-13T09:28:44.412+0000] {dagbag.py:588} INFO - Filling up the DagBag from /home/airflow/.local/lib/python3.12/site-packages/airflow/example_dags/example_nested_branch_dag.py
[2024-10-13T09:28:44.459+0000] {processor.py:925} INFO - DAG(s) 'example_nested_branch_dag' retrieved from /home/airflow/.local/lib/python3.12/site-packages/airflow/example_dags/example_nested_branch_dag.py
[2024-10-13T09:28:44.525+0000] {logging_mixin.py:190} INFO - [2024-10-13T09:28:44.525+0000] {dag.py:3239} INFO - Sync 1 DAGs
[2024-10-13T09:28:44.613+0000] {logging_mixin.py:190} INFO - [2024-10-13T09:28:44.612+0000] {dag.py:4180} INFO - Setting next_dagrun for example_nested_branch_dag to 2024-10-12 00:00:00+00:00, run_after=2024-10-13 00:00:00+00:00
[2024-10-13T09:28:44.681+0000] {processor.py:208} INFO - Processing /home/airflow/.local/lib/python3.12/site-packages/airflow/example_dags/example_nested_branch_dag.py took 0.298 seconds
[2024-10-13T09:29:15.591+0000] {processor.py:186} INFO - Started process (PID=3355) to work on /home/airflow/.local/lib/python3.12/site-packages/airflow/example_dags/example_nested_branch_dag.py
[2024-10-13T09:29:15.592+0000] {processor.py:914} INFO - Processing file /home/airflow/.local/lib/python3.12/site-packages/airflow/example_dags/example_nested_branch_dag.py for tasks to queue
[2024-10-13T09:29:15.596+0000] {logging_mixin.py:190} INFO - [2024-10-13T09:29:15.596+0000] {dagbag.py:588} INFO - Filling up the DagBag from /home/airflow/.local/lib/python3.12/site-packages/airflow/example_dags/example_nested_branch_dag.py
[2024-10-13T09:29:15.612+0000] {processor.py:925} INFO - DAG(s) 'example_nested_branch_dag' retrieved from /home/airflow/.local/lib/python3.12/site-packages/airflow/example_dags/example_nested_branch_dag.py
[2024-10-13T09:29:15.639+0000] {logging_mixin.py:190} INFO - [2024-10-13T09:29:15.639+0000] {dag.py:3239} INFO - Sync 1 DAGs
[2024-10-13T09:29:15.668+0000] {logging_mixin.py:190} INFO - [2024-10-13T09:29:15.668+0000] {dag.py:4180} INFO - Setting next_dagrun for example_nested_branch_dag to 2024-10-12 00:00:00+00:00, run_after=2024-10-13 00:00:00+00:00
[2024-10-13T09:29:15.695+0000] {processor.py:208} INFO - Processing /home/airflow/.local/lib/python3.12/site-packages/airflow/example_dags/example_nested_branch_dag.py took 0.110 seconds
[2024-10-13T09:29:45.758+0000] {processor.py:186} INFO - Started process (PID=3417) to work on /home/airflow/.local/lib/python3.12/site-packages/airflow/example_dags/example_nested_branch_dag.py
[2024-10-13T09:29:45.759+0000] {processor.py:914} INFO - Processing file /home/airflow/.local/lib/python3.12/site-packages/airflow/example_dags/example_nested_branch_dag.py for tasks to queue
[2024-10-13T09:29:45.762+0000] {logging_mixin.py:190} INFO - [2024-10-13T09:29:45.762+0000] {dagbag.py:588} INFO - Filling up the DagBag from /home/airflow/.local/lib/python3.12/site-packages/airflow/example_dags/example_nested_branch_dag.py
[2024-10-13T09:29:45.771+0000] {processor.py:925} INFO - DAG(s) 'example_nested_branch_dag' retrieved from /home/airflow/.local/lib/python3.12/site-packages/airflow/example_dags/example_nested_branch_dag.py
[2024-10-13T09:29:45.788+0000] {logging_mixin.py:190} INFO - [2024-10-13T09:29:45.788+0000] {dag.py:3239} INFO - Sync 1 DAGs
[2024-10-13T09:29:45.807+0000] {logging_mixin.py:190} INFO - [2024-10-13T09:29:45.807+0000] {dag.py:4180} INFO - Setting next_dagrun for example_nested_branch_dag to 2024-10-12 00:00:00+00:00, run_after=2024-10-13 00:00:00+00:00
[2024-10-13T09:29:45.828+0000] {processor.py:208} INFO - Processing /home/airflow/.local/lib/python3.12/site-packages/airflow/example_dags/example_nested_branch_dag.py took 0.075 seconds
