[2024-10-13T09:02:34.410+0000] {processor.py:186} INFO - Started process (PID=102) to work on /home/airflow/.local/lib/python3.12/site-packages/airflow/example_dags/example_branch_python_dop_operator_3.py
[2024-10-13T09:02:34.444+0000] {processor.py:914} INFO - Processing file /home/airflow/.local/lib/python3.12/site-packages/airflow/example_dags/example_branch_python_dop_operator_3.py for tasks to queue
[2024-10-13T09:02:34.470+0000] {logging_mixin.py:190} INFO - [2024-10-13T09:02:34.469+0000] {dagbag.py:588} INFO - Filling up the DagBag from /home/airflow/.local/lib/python3.12/site-packages/airflow/example_dags/example_branch_python_dop_operator_3.py
[2024-10-13T09:02:34.501+0000] {processor.py:925} INFO - DAG(s) 'example_branch_dop_operator_v3' retrieved from /home/airflow/.local/lib/python3.12/site-packages/airflow/example_dags/example_branch_python_dop_operator_3.py
[2024-10-13T09:02:34.677+0000] {logging_mixin.py:190} INFO - [2024-10-13T09:02:34.675+0000] {dag.py:3239} INFO - Sync 1 DAGs
[2024-10-13T09:02:34.925+0000] {logging_mixin.py:190} INFO - [2024-10-13T09:02:34.923+0000] {dag.py:4180} INFO - Setting next_dagrun for example_branch_dop_operator_v3 to 2024-10-13 09:01:00+00:00, run_after=2024-10-13 09:02:00+00:00
[2024-10-13T09:02:35.036+0000] {processor.py:208} INFO - Processing /home/airflow/.local/lib/python3.12/site-packages/airflow/example_dags/example_branch_python_dop_operator_3.py took 0.696 seconds
[2024-10-13T09:03:05.330+0000] {processor.py:186} INFO - Started process (PID=166) to work on /home/airflow/.local/lib/python3.12/site-packages/airflow/example_dags/example_branch_python_dop_operator_3.py
[2024-10-13T09:03:05.332+0000] {processor.py:914} INFO - Processing file /home/airflow/.local/lib/python3.12/site-packages/airflow/example_dags/example_branch_python_dop_operator_3.py for tasks to queue
[2024-10-13T09:03:05.337+0000] {logging_mixin.py:190} INFO - [2024-10-13T09:03:05.336+0000] {dagbag.py:588} INFO - Filling up the DagBag from /home/airflow/.local/lib/python3.12/site-packages/airflow/example_dags/example_branch_python_dop_operator_3.py
[2024-10-13T09:03:05.350+0000] {processor.py:925} INFO - DAG(s) 'example_branch_dop_operator_v3' retrieved from /home/airflow/.local/lib/python3.12/site-packages/airflow/example_dags/example_branch_python_dop_operator_3.py
[2024-10-13T09:03:05.377+0000] {logging_mixin.py:190} INFO - [2024-10-13T09:03:05.377+0000] {dag.py:3239} INFO - Sync 1 DAGs
[2024-10-13T09:03:05.410+0000] {logging_mixin.py:190} INFO - [2024-10-13T09:03:05.410+0000] {dag.py:4180} INFO - Setting next_dagrun for example_branch_dop_operator_v3 to 2024-10-13 09:02:00+00:00, run_after=2024-10-13 09:03:00+00:00
[2024-10-13T09:03:05.436+0000] {processor.py:208} INFO - Processing /home/airflow/.local/lib/python3.12/site-packages/airflow/example_dags/example_branch_python_dop_operator_3.py took 0.112 seconds
[2024-10-13T09:03:35.920+0000] {processor.py:186} INFO - Started process (PID=229) to work on /home/airflow/.local/lib/python3.12/site-packages/airflow/example_dags/example_branch_python_dop_operator_3.py
[2024-10-13T09:03:35.926+0000] {processor.py:914} INFO - Processing file /home/airflow/.local/lib/python3.12/site-packages/airflow/example_dags/example_branch_python_dop_operator_3.py for tasks to queue
[2024-10-13T09:03:35.934+0000] {logging_mixin.py:190} INFO - [2024-10-13T09:03:35.933+0000] {dagbag.py:588} INFO - Filling up the DagBag from /home/airflow/.local/lib/python3.12/site-packages/airflow/example_dags/example_branch_python_dop_operator_3.py
[2024-10-13T09:03:35.974+0000] {processor.py:925} INFO - DAG(s) 'example_branch_dop_operator_v3' retrieved from /home/airflow/.local/lib/python3.12/site-packages/airflow/example_dags/example_branch_python_dop_operator_3.py
[2024-10-13T09:03:36.079+0000] {logging_mixin.py:190} INFO - [2024-10-13T09:03:36.078+0000] {dag.py:3239} INFO - Sync 1 DAGs
[2024-10-13T09:03:36.182+0000] {logging_mixin.py:190} INFO - [2024-10-13T09:03:36.182+0000] {dag.py:4180} INFO - Setting next_dagrun for example_branch_dop_operator_v3 to 2024-10-13 09:02:00+00:00, run_after=2024-10-13 09:03:00+00:00
[2024-10-13T09:03:36.267+0000] {processor.py:208} INFO - Processing /home/airflow/.local/lib/python3.12/site-packages/airflow/example_dags/example_branch_python_dop_operator_3.py took 0.367 seconds
[2024-10-13T09:04:06.823+0000] {processor.py:186} INFO - Started process (PID=293) to work on /home/airflow/.local/lib/python3.12/site-packages/airflow/example_dags/example_branch_python_dop_operator_3.py
[2024-10-13T09:04:06.829+0000] {processor.py:914} INFO - Processing file /home/airflow/.local/lib/python3.12/site-packages/airflow/example_dags/example_branch_python_dop_operator_3.py for tasks to queue
[2024-10-13T09:04:06.845+0000] {logging_mixin.py:190} INFO - [2024-10-13T09:04:06.845+0000] {dagbag.py:588} INFO - Filling up the DagBag from /home/airflow/.local/lib/python3.12/site-packages/airflow/example_dags/example_branch_python_dop_operator_3.py
[2024-10-13T09:04:06.898+0000] {processor.py:925} INFO - DAG(s) 'example_branch_dop_operator_v3' retrieved from /home/airflow/.local/lib/python3.12/site-packages/airflow/example_dags/example_branch_python_dop_operator_3.py
[2024-10-13T09:04:06.976+0000] {logging_mixin.py:190} INFO - [2024-10-13T09:04:06.976+0000] {dag.py:3239} INFO - Sync 1 DAGs
[2024-10-13T09:04:07.014+0000] {logging_mixin.py:190} INFO - [2024-10-13T09:04:07.014+0000] {dag.py:4180} INFO - Setting next_dagrun for example_branch_dop_operator_v3 to 2024-10-13 09:03:00+00:00, run_after=2024-10-13 09:04:00+00:00
[2024-10-13T09:04:07.067+0000] {processor.py:208} INFO - Processing /home/airflow/.local/lib/python3.12/site-packages/airflow/example_dags/example_branch_python_dop_operator_3.py took 0.294 seconds
[2024-10-13T09:04:37.278+0000] {processor.py:186} INFO - Started process (PID=355) to work on /home/airflow/.local/lib/python3.12/site-packages/airflow/example_dags/example_branch_python_dop_operator_3.py
[2024-10-13T09:04:37.281+0000] {processor.py:914} INFO - Processing file /home/airflow/.local/lib/python3.12/site-packages/airflow/example_dags/example_branch_python_dop_operator_3.py for tasks to queue
[2024-10-13T09:04:37.286+0000] {logging_mixin.py:190} INFO - [2024-10-13T09:04:37.285+0000] {dagbag.py:588} INFO - Filling up the DagBag from /home/airflow/.local/lib/python3.12/site-packages/airflow/example_dags/example_branch_python_dop_operator_3.py
[2024-10-13T09:04:37.308+0000] {processor.py:925} INFO - DAG(s) 'example_branch_dop_operator_v3' retrieved from /home/airflow/.local/lib/python3.12/site-packages/airflow/example_dags/example_branch_python_dop_operator_3.py
[2024-10-13T09:04:37.342+0000] {logging_mixin.py:190} INFO - [2024-10-13T09:04:37.341+0000] {dag.py:3239} INFO - Sync 1 DAGs
[2024-10-13T09:04:37.393+0000] {logging_mixin.py:190} INFO - [2024-10-13T09:04:37.392+0000] {dag.py:4180} INFO - Setting next_dagrun for example_branch_dop_operator_v3 to 2024-10-13 09:03:00+00:00, run_after=2024-10-13 09:04:00+00:00
[2024-10-13T09:04:37.430+0000] {processor.py:208} INFO - Processing /home/airflow/.local/lib/python3.12/site-packages/airflow/example_dags/example_branch_python_dop_operator_3.py took 0.163 seconds
[2024-10-13T09:05:07.789+0000] {processor.py:186} INFO - Started process (PID=418) to work on /home/airflow/.local/lib/python3.12/site-packages/airflow/example_dags/example_branch_python_dop_operator_3.py
[2024-10-13T09:05:07.794+0000] {processor.py:914} INFO - Processing file /home/airflow/.local/lib/python3.12/site-packages/airflow/example_dags/example_branch_python_dop_operator_3.py for tasks to queue
[2024-10-13T09:05:07.800+0000] {logging_mixin.py:190} INFO - [2024-10-13T09:05:07.799+0000] {dagbag.py:588} INFO - Filling up the DagBag from /home/airflow/.local/lib/python3.12/site-packages/airflow/example_dags/example_branch_python_dop_operator_3.py
[2024-10-13T09:05:07.827+0000] {processor.py:925} INFO - DAG(s) 'example_branch_dop_operator_v3' retrieved from /home/airflow/.local/lib/python3.12/site-packages/airflow/example_dags/example_branch_python_dop_operator_3.py
[2024-10-13T09:05:07.873+0000] {logging_mixin.py:190} INFO - [2024-10-13T09:05:07.873+0000] {dag.py:3239} INFO - Sync 1 DAGs
[2024-10-13T09:05:07.930+0000] {logging_mixin.py:190} INFO - [2024-10-13T09:05:07.930+0000] {dag.py:4180} INFO - Setting next_dagrun for example_branch_dop_operator_v3 to 2024-10-13 09:04:00+00:00, run_after=2024-10-13 09:05:00+00:00
[2024-10-13T09:05:07.979+0000] {processor.py:208} INFO - Processing /home/airflow/.local/lib/python3.12/site-packages/airflow/example_dags/example_branch_python_dop_operator_3.py took 0.204 seconds
[2024-10-13T09:05:38.394+0000] {processor.py:186} INFO - Started process (PID=481) to work on /home/airflow/.local/lib/python3.12/site-packages/airflow/example_dags/example_branch_python_dop_operator_3.py
[2024-10-13T09:05:38.399+0000] {processor.py:914} INFO - Processing file /home/airflow/.local/lib/python3.12/site-packages/airflow/example_dags/example_branch_python_dop_operator_3.py for tasks to queue
[2024-10-13T09:05:38.405+0000] {logging_mixin.py:190} INFO - [2024-10-13T09:05:38.404+0000] {dagbag.py:588} INFO - Filling up the DagBag from /home/airflow/.local/lib/python3.12/site-packages/airflow/example_dags/example_branch_python_dop_operator_3.py
[2024-10-13T09:05:38.440+0000] {processor.py:925} INFO - DAG(s) 'example_branch_dop_operator_v3' retrieved from /home/airflow/.local/lib/python3.12/site-packages/airflow/example_dags/example_branch_python_dop_operator_3.py
[2024-10-13T09:05:38.525+0000] {logging_mixin.py:190} INFO - [2024-10-13T09:05:38.524+0000] {dag.py:3239} INFO - Sync 1 DAGs
[2024-10-13T09:05:38.604+0000] {logging_mixin.py:190} INFO - [2024-10-13T09:05:38.603+0000] {dag.py:4180} INFO - Setting next_dagrun for example_branch_dop_operator_v3 to 2024-10-13 09:04:00+00:00, run_after=2024-10-13 09:05:00+00:00
[2024-10-13T09:05:38.902+0000] {processor.py:208} INFO - Processing /home/airflow/.local/lib/python3.12/site-packages/airflow/example_dags/example_branch_python_dop_operator_3.py took 0.515 seconds
[2024-10-13T09:06:09.060+0000] {processor.py:186} INFO - Started process (PID=544) to work on /home/airflow/.local/lib/python3.12/site-packages/airflow/example_dags/example_branch_python_dop_operator_3.py
[2024-10-13T09:06:09.062+0000] {processor.py:914} INFO - Processing file /home/airflow/.local/lib/python3.12/site-packages/airflow/example_dags/example_branch_python_dop_operator_3.py for tasks to queue
[2024-10-13T09:06:09.068+0000] {logging_mixin.py:190} INFO - [2024-10-13T09:06:09.067+0000] {dagbag.py:588} INFO - Filling up the DagBag from /home/airflow/.local/lib/python3.12/site-packages/airflow/example_dags/example_branch_python_dop_operator_3.py
[2024-10-13T09:06:09.083+0000] {processor.py:925} INFO - DAG(s) 'example_branch_dop_operator_v3' retrieved from /home/airflow/.local/lib/python3.12/site-packages/airflow/example_dags/example_branch_python_dop_operator_3.py
[2024-10-13T09:06:09.120+0000] {logging_mixin.py:190} INFO - [2024-10-13T09:06:09.119+0000] {dag.py:3239} INFO - Sync 1 DAGs
[2024-10-13T09:06:09.158+0000] {logging_mixin.py:190} INFO - [2024-10-13T09:06:09.158+0000] {dag.py:4180} INFO - Setting next_dagrun for example_branch_dop_operator_v3 to 2024-10-13 09:05:00+00:00, run_after=2024-10-13 09:06:00+00:00
[2024-10-13T09:06:09.202+0000] {processor.py:208} INFO - Processing /home/airflow/.local/lib/python3.12/site-packages/airflow/example_dags/example_branch_python_dop_operator_3.py took 0.156 seconds
[2024-10-13T09:06:40.021+0000] {processor.py:186} INFO - Started process (PID=607) to work on /home/airflow/.local/lib/python3.12/site-packages/airflow/example_dags/example_branch_python_dop_operator_3.py
[2024-10-13T09:06:40.024+0000] {processor.py:914} INFO - Processing file /home/airflow/.local/lib/python3.12/site-packages/airflow/example_dags/example_branch_python_dop_operator_3.py for tasks to queue
[2024-10-13T09:06:40.032+0000] {logging_mixin.py:190} INFO - [2024-10-13T09:06:40.032+0000] {dagbag.py:588} INFO - Filling up the DagBag from /home/airflow/.local/lib/python3.12/site-packages/airflow/example_dags/example_branch_python_dop_operator_3.py
[2024-10-13T09:06:40.064+0000] {processor.py:925} INFO - DAG(s) 'example_branch_dop_operator_v3' retrieved from /home/airflow/.local/lib/python3.12/site-packages/airflow/example_dags/example_branch_python_dop_operator_3.py
[2024-10-13T09:06:40.123+0000] {logging_mixin.py:190} INFO - [2024-10-13T09:06:40.122+0000] {dag.py:3239} INFO - Sync 1 DAGs
[2024-10-13T09:06:40.246+0000] {logging_mixin.py:190} INFO - [2024-10-13T09:06:40.246+0000] {dag.py:4180} INFO - Setting next_dagrun for example_branch_dop_operator_v3 to 2024-10-13 09:05:00+00:00, run_after=2024-10-13 09:06:00+00:00
[2024-10-13T09:06:40.319+0000] {processor.py:208} INFO - Processing /home/airflow/.local/lib/python3.12/site-packages/airflow/example_dags/example_branch_python_dop_operator_3.py took 0.315 seconds
[2024-10-13T09:07:10.540+0000] {processor.py:186} INFO - Started process (PID=670) to work on /home/airflow/.local/lib/python3.12/site-packages/airflow/example_dags/example_branch_python_dop_operator_3.py
[2024-10-13T09:07:10.542+0000] {processor.py:914} INFO - Processing file /home/airflow/.local/lib/python3.12/site-packages/airflow/example_dags/example_branch_python_dop_operator_3.py for tasks to queue
[2024-10-13T09:07:10.545+0000] {logging_mixin.py:190} INFO - [2024-10-13T09:07:10.545+0000] {dagbag.py:588} INFO - Filling up the DagBag from /home/airflow/.local/lib/python3.12/site-packages/airflow/example_dags/example_branch_python_dop_operator_3.py
[2024-10-13T09:07:10.558+0000] {processor.py:925} INFO - DAG(s) 'example_branch_dop_operator_v3' retrieved from /home/airflow/.local/lib/python3.12/site-packages/airflow/example_dags/example_branch_python_dop_operator_3.py
[2024-10-13T09:07:10.585+0000] {logging_mixin.py:190} INFO - [2024-10-13T09:07:10.585+0000] {dag.py:3239} INFO - Sync 1 DAGs
[2024-10-13T09:07:10.622+0000] {logging_mixin.py:190} INFO - [2024-10-13T09:07:10.621+0000] {dag.py:4180} INFO - Setting next_dagrun for example_branch_dop_operator_v3 to 2024-10-13 09:06:00+00:00, run_after=2024-10-13 09:07:00+00:00
[2024-10-13T09:07:10.650+0000] {processor.py:208} INFO - Processing /home/airflow/.local/lib/python3.12/site-packages/airflow/example_dags/example_branch_python_dop_operator_3.py took 0.117 seconds
[2024-10-13T09:07:40.994+0000] {processor.py:186} INFO - Started process (PID=734) to work on /home/airflow/.local/lib/python3.12/site-packages/airflow/example_dags/example_branch_python_dop_operator_3.py
[2024-10-13T09:07:40.996+0000] {processor.py:914} INFO - Processing file /home/airflow/.local/lib/python3.12/site-packages/airflow/example_dags/example_branch_python_dop_operator_3.py for tasks to queue
[2024-10-13T09:07:41.000+0000] {logging_mixin.py:190} INFO - [2024-10-13T09:07:40.999+0000] {dagbag.py:588} INFO - Filling up the DagBag from /home/airflow/.local/lib/python3.12/site-packages/airflow/example_dags/example_branch_python_dop_operator_3.py
[2024-10-13T09:07:41.014+0000] {processor.py:925} INFO - DAG(s) 'example_branch_dop_operator_v3' retrieved from /home/airflow/.local/lib/python3.12/site-packages/airflow/example_dags/example_branch_python_dop_operator_3.py
[2024-10-13T09:07:41.041+0000] {logging_mixin.py:190} INFO - [2024-10-13T09:07:41.041+0000] {dag.py:3239} INFO - Sync 1 DAGs
[2024-10-13T09:07:41.066+0000] {logging_mixin.py:190} INFO - [2024-10-13T09:07:41.066+0000] {dag.py:4180} INFO - Setting next_dagrun for example_branch_dop_operator_v3 to 2024-10-13 09:06:00+00:00, run_after=2024-10-13 09:07:00+00:00
[2024-10-13T09:07:41.098+0000] {processor.py:208} INFO - Processing /home/airflow/.local/lib/python3.12/site-packages/airflow/example_dags/example_branch_python_dop_operator_3.py took 0.113 seconds
[2024-10-13T09:08:11.970+0000] {processor.py:186} INFO - Started process (PID=797) to work on /home/airflow/.local/lib/python3.12/site-packages/airflow/example_dags/example_branch_python_dop_operator_3.py
[2024-10-13T09:08:11.972+0000] {processor.py:914} INFO - Processing file /home/airflow/.local/lib/python3.12/site-packages/airflow/example_dags/example_branch_python_dop_operator_3.py for tasks to queue
[2024-10-13T09:08:11.975+0000] {logging_mixin.py:190} INFO - [2024-10-13T09:08:11.974+0000] {dagbag.py:588} INFO - Filling up the DagBag from /home/airflow/.local/lib/python3.12/site-packages/airflow/example_dags/example_branch_python_dop_operator_3.py
[2024-10-13T09:08:11.990+0000] {processor.py:925} INFO - DAG(s) 'example_branch_dop_operator_v3' retrieved from /home/airflow/.local/lib/python3.12/site-packages/airflow/example_dags/example_branch_python_dop_operator_3.py
[2024-10-13T09:08:12.023+0000] {logging_mixin.py:190} INFO - [2024-10-13T09:08:12.023+0000] {dag.py:3239} INFO - Sync 1 DAGs
[2024-10-13T09:08:12.067+0000] {logging_mixin.py:190} INFO - [2024-10-13T09:08:12.067+0000] {dag.py:4180} INFO - Setting next_dagrun for example_branch_dop_operator_v3 to 2024-10-13 09:07:00+00:00, run_after=2024-10-13 09:08:00+00:00
[2024-10-13T09:08:12.108+0000] {processor.py:208} INFO - Processing /home/airflow/.local/lib/python3.12/site-packages/airflow/example_dags/example_branch_python_dop_operator_3.py took 0.144 seconds
[2024-10-13T09:08:42.583+0000] {processor.py:186} INFO - Started process (PID=860) to work on /home/airflow/.local/lib/python3.12/site-packages/airflow/example_dags/example_branch_python_dop_operator_3.py
[2024-10-13T09:08:42.585+0000] {processor.py:914} INFO - Processing file /home/airflow/.local/lib/python3.12/site-packages/airflow/example_dags/example_branch_python_dop_operator_3.py for tasks to queue
[2024-10-13T09:08:42.590+0000] {logging_mixin.py:190} INFO - [2024-10-13T09:08:42.589+0000] {dagbag.py:588} INFO - Filling up the DagBag from /home/airflow/.local/lib/python3.12/site-packages/airflow/example_dags/example_branch_python_dop_operator_3.py
[2024-10-13T09:08:42.608+0000] {processor.py:925} INFO - DAG(s) 'example_branch_dop_operator_v3' retrieved from /home/airflow/.local/lib/python3.12/site-packages/airflow/example_dags/example_branch_python_dop_operator_3.py
[2024-10-13T09:08:42.638+0000] {logging_mixin.py:190} INFO - [2024-10-13T09:08:42.637+0000] {dag.py:3239} INFO - Sync 1 DAGs
[2024-10-13T09:08:42.674+0000] {logging_mixin.py:190} INFO - [2024-10-13T09:08:42.674+0000] {dag.py:4180} INFO - Setting next_dagrun for example_branch_dop_operator_v3 to 2024-10-13 09:07:00+00:00, run_after=2024-10-13 09:08:00+00:00
[2024-10-13T09:08:42.702+0000] {processor.py:208} INFO - Processing /home/airflow/.local/lib/python3.12/site-packages/airflow/example_dags/example_branch_python_dop_operator_3.py took 0.129 seconds
[2024-10-13T09:09:13.437+0000] {processor.py:186} INFO - Started process (PID=923) to work on /home/airflow/.local/lib/python3.12/site-packages/airflow/example_dags/example_branch_python_dop_operator_3.py
[2024-10-13T09:09:13.439+0000] {processor.py:914} INFO - Processing file /home/airflow/.local/lib/python3.12/site-packages/airflow/example_dags/example_branch_python_dop_operator_3.py for tasks to queue
[2024-10-13T09:09:13.446+0000] {logging_mixin.py:190} INFO - [2024-10-13T09:09:13.445+0000] {dagbag.py:588} INFO - Filling up the DagBag from /home/airflow/.local/lib/python3.12/site-packages/airflow/example_dags/example_branch_python_dop_operator_3.py
[2024-10-13T09:09:13.479+0000] {processor.py:925} INFO - DAG(s) 'example_branch_dop_operator_v3' retrieved from /home/airflow/.local/lib/python3.12/site-packages/airflow/example_dags/example_branch_python_dop_operator_3.py
[2024-10-13T09:09:13.571+0000] {logging_mixin.py:190} INFO - [2024-10-13T09:09:13.571+0000] {dag.py:3239} INFO - Sync 1 DAGs
[2024-10-13T09:09:13.645+0000] {logging_mixin.py:190} INFO - [2024-10-13T09:09:13.644+0000] {dag.py:4180} INFO - Setting next_dagrun for example_branch_dop_operator_v3 to 2024-10-13 09:08:00+00:00, run_after=2024-10-13 09:09:00+00:00
[2024-10-13T09:09:13.707+0000] {processor.py:208} INFO - Processing /home/airflow/.local/lib/python3.12/site-packages/airflow/example_dags/example_branch_python_dop_operator_3.py took 0.289 seconds
[2024-10-13T09:09:44.544+0000] {processor.py:186} INFO - Started process (PID=986) to work on /home/airflow/.local/lib/python3.12/site-packages/airflow/example_dags/example_branch_python_dop_operator_3.py
[2024-10-13T09:09:44.546+0000] {processor.py:914} INFO - Processing file /home/airflow/.local/lib/python3.12/site-packages/airflow/example_dags/example_branch_python_dop_operator_3.py for tasks to queue
[2024-10-13T09:09:44.554+0000] {logging_mixin.py:190} INFO - [2024-10-13T09:09:44.553+0000] {dagbag.py:588} INFO - Filling up the DagBag from /home/airflow/.local/lib/python3.12/site-packages/airflow/example_dags/example_branch_python_dop_operator_3.py
[2024-10-13T09:09:44.576+0000] {processor.py:925} INFO - DAG(s) 'example_branch_dop_operator_v3' retrieved from /home/airflow/.local/lib/python3.12/site-packages/airflow/example_dags/example_branch_python_dop_operator_3.py
[2024-10-13T09:09:44.619+0000] {logging_mixin.py:190} INFO - [2024-10-13T09:09:44.619+0000] {dag.py:3239} INFO - Sync 1 DAGs
[2024-10-13T09:09:44.674+0000] {logging_mixin.py:190} INFO - [2024-10-13T09:09:44.674+0000] {dag.py:4180} INFO - Setting next_dagrun for example_branch_dop_operator_v3 to 2024-10-13 09:08:00+00:00, run_after=2024-10-13 09:09:00+00:00
[2024-10-13T09:09:44.712+0000] {processor.py:208} INFO - Processing /home/airflow/.local/lib/python3.12/site-packages/airflow/example_dags/example_branch_python_dop_operator_3.py took 0.180 seconds
[2024-10-13T09:10:15.396+0000] {processor.py:186} INFO - Started process (PID=1049) to work on /home/airflow/.local/lib/python3.12/site-packages/airflow/example_dags/example_branch_python_dop_operator_3.py
[2024-10-13T09:10:15.398+0000] {processor.py:914} INFO - Processing file /home/airflow/.local/lib/python3.12/site-packages/airflow/example_dags/example_branch_python_dop_operator_3.py for tasks to queue
[2024-10-13T09:10:15.404+0000] {logging_mixin.py:190} INFO - [2024-10-13T09:10:15.403+0000] {dagbag.py:588} INFO - Filling up the DagBag from /home/airflow/.local/lib/python3.12/site-packages/airflow/example_dags/example_branch_python_dop_operator_3.py
[2024-10-13T09:10:15.421+0000] {processor.py:925} INFO - DAG(s) 'example_branch_dop_operator_v3' retrieved from /home/airflow/.local/lib/python3.12/site-packages/airflow/example_dags/example_branch_python_dop_operator_3.py
[2024-10-13T09:10:15.458+0000] {logging_mixin.py:190} INFO - [2024-10-13T09:10:15.457+0000] {dag.py:3239} INFO - Sync 1 DAGs
[2024-10-13T09:10:15.515+0000] {logging_mixin.py:190} INFO - [2024-10-13T09:10:15.515+0000] {dag.py:4180} INFO - Setting next_dagrun for example_branch_dop_operator_v3 to 2024-10-13 09:09:00+00:00, run_after=2024-10-13 09:10:00+00:00
[2024-10-13T09:10:15.574+0000] {processor.py:208} INFO - Processing /home/airflow/.local/lib/python3.12/site-packages/airflow/example_dags/example_branch_python_dop_operator_3.py took 0.187 seconds
[2024-10-13T09:10:45.757+0000] {processor.py:186} INFO - Started process (PID=1112) to work on /home/airflow/.local/lib/python3.12/site-packages/airflow/example_dags/example_branch_python_dop_operator_3.py
[2024-10-13T09:10:45.759+0000] {processor.py:914} INFO - Processing file /home/airflow/.local/lib/python3.12/site-packages/airflow/example_dags/example_branch_python_dop_operator_3.py for tasks to queue
[2024-10-13T09:10:45.762+0000] {logging_mixin.py:190} INFO - [2024-10-13T09:10:45.761+0000] {dagbag.py:588} INFO - Filling up the DagBag from /home/airflow/.local/lib/python3.12/site-packages/airflow/example_dags/example_branch_python_dop_operator_3.py
[2024-10-13T09:10:45.778+0000] {processor.py:925} INFO - DAG(s) 'example_branch_dop_operator_v3' retrieved from /home/airflow/.local/lib/python3.12/site-packages/airflow/example_dags/example_branch_python_dop_operator_3.py
[2024-10-13T09:10:45.803+0000] {logging_mixin.py:190} INFO - [2024-10-13T09:10:45.802+0000] {dag.py:3239} INFO - Sync 1 DAGs
[2024-10-13T09:10:45.847+0000] {logging_mixin.py:190} INFO - [2024-10-13T09:10:45.846+0000] {dag.py:4180} INFO - Setting next_dagrun for example_branch_dop_operator_v3 to 2024-10-13 09:09:00+00:00, run_after=2024-10-13 09:10:00+00:00
[2024-10-13T09:10:45.881+0000] {processor.py:208} INFO - Processing /home/airflow/.local/lib/python3.12/site-packages/airflow/example_dags/example_branch_python_dop_operator_3.py took 0.131 seconds
[2024-10-13T09:11:16.607+0000] {processor.py:186} INFO - Started process (PID=1181) to work on /home/airflow/.local/lib/python3.12/site-packages/airflow/example_dags/example_branch_python_dop_operator_3.py
[2024-10-13T09:11:16.608+0000] {processor.py:914} INFO - Processing file /home/airflow/.local/lib/python3.12/site-packages/airflow/example_dags/example_branch_python_dop_operator_3.py for tasks to queue
[2024-10-13T09:11:16.611+0000] {logging_mixin.py:190} INFO - [2024-10-13T09:11:16.611+0000] {dagbag.py:588} INFO - Filling up the DagBag from /home/airflow/.local/lib/python3.12/site-packages/airflow/example_dags/example_branch_python_dop_operator_3.py
[2024-10-13T09:11:16.620+0000] {processor.py:925} INFO - DAG(s) 'example_branch_dop_operator_v3' retrieved from /home/airflow/.local/lib/python3.12/site-packages/airflow/example_dags/example_branch_python_dop_operator_3.py
[2024-10-13T09:11:16.645+0000] {logging_mixin.py:190} INFO - [2024-10-13T09:11:16.645+0000] {dag.py:3239} INFO - Sync 1 DAGs
[2024-10-13T09:11:16.673+0000] {logging_mixin.py:190} INFO - [2024-10-13T09:11:16.673+0000] {dag.py:4180} INFO - Setting next_dagrun for example_branch_dop_operator_v3 to 2024-10-13 09:10:00+00:00, run_after=2024-10-13 09:11:00+00:00
[2024-10-13T09:11:16.707+0000] {processor.py:208} INFO - Processing /home/airflow/.local/lib/python3.12/site-packages/airflow/example_dags/example_branch_python_dop_operator_3.py took 0.106 seconds
[2024-10-13T09:11:46.996+0000] {processor.py:186} INFO - Started process (PID=1244) to work on /home/airflow/.local/lib/python3.12/site-packages/airflow/example_dags/example_branch_python_dop_operator_3.py
[2024-10-13T09:11:46.998+0000] {processor.py:914} INFO - Processing file /home/airflow/.local/lib/python3.12/site-packages/airflow/example_dags/example_branch_python_dop_operator_3.py for tasks to queue
[2024-10-13T09:11:47.003+0000] {logging_mixin.py:190} INFO - [2024-10-13T09:11:47.002+0000] {dagbag.py:588} INFO - Filling up the DagBag from /home/airflow/.local/lib/python3.12/site-packages/airflow/example_dags/example_branch_python_dop_operator_3.py
[2024-10-13T09:11:47.018+0000] {processor.py:925} INFO - DAG(s) 'example_branch_dop_operator_v3' retrieved from /home/airflow/.local/lib/python3.12/site-packages/airflow/example_dags/example_branch_python_dop_operator_3.py
[2024-10-13T09:11:47.044+0000] {logging_mixin.py:190} INFO - [2024-10-13T09:11:47.044+0000] {dag.py:3239} INFO - Sync 1 DAGs
[2024-10-13T09:11:47.076+0000] {logging_mixin.py:190} INFO - [2024-10-13T09:11:47.076+0000] {dag.py:4180} INFO - Setting next_dagrun for example_branch_dop_operator_v3 to 2024-10-13 09:10:00+00:00, run_after=2024-10-13 09:11:00+00:00
[2024-10-13T09:11:47.109+0000] {processor.py:208} INFO - Processing /home/airflow/.local/lib/python3.12/site-packages/airflow/example_dags/example_branch_python_dop_operator_3.py took 0.119 seconds
[2024-10-13T09:12:17.907+0000] {processor.py:186} INFO - Started process (PID=1307) to work on /home/airflow/.local/lib/python3.12/site-packages/airflow/example_dags/example_branch_python_dop_operator_3.py
[2024-10-13T09:12:17.909+0000] {processor.py:914} INFO - Processing file /home/airflow/.local/lib/python3.12/site-packages/airflow/example_dags/example_branch_python_dop_operator_3.py for tasks to queue
[2024-10-13T09:12:17.913+0000] {logging_mixin.py:190} INFO - [2024-10-13T09:12:17.913+0000] {dagbag.py:588} INFO - Filling up the DagBag from /home/airflow/.local/lib/python3.12/site-packages/airflow/example_dags/example_branch_python_dop_operator_3.py
[2024-10-13T09:12:17.936+0000] {processor.py:925} INFO - DAG(s) 'example_branch_dop_operator_v3' retrieved from /home/airflow/.local/lib/python3.12/site-packages/airflow/example_dags/example_branch_python_dop_operator_3.py
[2024-10-13T09:12:17.977+0000] {logging_mixin.py:190} INFO - [2024-10-13T09:12:17.976+0000] {dag.py:3239} INFO - Sync 1 DAGs
[2024-10-13T09:12:18.023+0000] {logging_mixin.py:190} INFO - [2024-10-13T09:12:18.022+0000] {dag.py:4180} INFO - Setting next_dagrun for example_branch_dop_operator_v3 to 2024-10-13 09:11:00+00:00, run_after=2024-10-13 09:12:00+00:00
[2024-10-13T09:12:18.050+0000] {processor.py:208} INFO - Processing /home/airflow/.local/lib/python3.12/site-packages/airflow/example_dags/example_branch_python_dop_operator_3.py took 0.153 seconds
[2024-10-13T09:12:48.252+0000] {processor.py:186} INFO - Started process (PID=1370) to work on /home/airflow/.local/lib/python3.12/site-packages/airflow/example_dags/example_branch_python_dop_operator_3.py
[2024-10-13T09:12:48.254+0000] {processor.py:914} INFO - Processing file /home/airflow/.local/lib/python3.12/site-packages/airflow/example_dags/example_branch_python_dop_operator_3.py for tasks to queue
[2024-10-13T09:12:48.263+0000] {logging_mixin.py:190} INFO - [2024-10-13T09:12:48.262+0000] {dagbag.py:588} INFO - Filling up the DagBag from /home/airflow/.local/lib/python3.12/site-packages/airflow/example_dags/example_branch_python_dop_operator_3.py
[2024-10-13T09:12:48.297+0000] {processor.py:925} INFO - DAG(s) 'example_branch_dop_operator_v3' retrieved from /home/airflow/.local/lib/python3.12/site-packages/airflow/example_dags/example_branch_python_dop_operator_3.py
[2024-10-13T09:12:48.350+0000] {logging_mixin.py:190} INFO - [2024-10-13T09:12:48.350+0000] {dag.py:3239} INFO - Sync 1 DAGs
[2024-10-13T09:12:48.421+0000] {logging_mixin.py:190} INFO - [2024-10-13T09:12:48.420+0000] {dag.py:4180} INFO - Setting next_dagrun for example_branch_dop_operator_v3 to 2024-10-13 09:11:00+00:00, run_after=2024-10-13 09:12:00+00:00
[2024-10-13T09:12:48.486+0000] {processor.py:208} INFO - Processing /home/airflow/.local/lib/python3.12/site-packages/airflow/example_dags/example_branch_python_dop_operator_3.py took 0.251 seconds
[2024-10-13T09:13:20.072+0000] {processor.py:186} INFO - Started process (PID=1433) to work on /home/airflow/.local/lib/python3.12/site-packages/airflow/example_dags/example_branch_python_dop_operator_3.py
[2024-10-13T09:13:20.079+0000] {processor.py:914} INFO - Processing file /home/airflow/.local/lib/python3.12/site-packages/airflow/example_dags/example_branch_python_dop_operator_3.py for tasks to queue
[2024-10-13T09:13:20.089+0000] {logging_mixin.py:190} INFO - [2024-10-13T09:13:20.086+0000] {dagbag.py:588} INFO - Filling up the DagBag from /home/airflow/.local/lib/python3.12/site-packages/airflow/example_dags/example_branch_python_dop_operator_3.py
[2024-10-13T09:13:20.126+0000] {processor.py:925} INFO - DAG(s) 'example_branch_dop_operator_v3' retrieved from /home/airflow/.local/lib/python3.12/site-packages/airflow/example_dags/example_branch_python_dop_operator_3.py
[2024-10-13T09:13:20.177+0000] {logging_mixin.py:190} INFO - [2024-10-13T09:13:20.176+0000] {dag.py:3239} INFO - Sync 1 DAGs
[2024-10-13T09:13:20.263+0000] {logging_mixin.py:190} INFO - [2024-10-13T09:13:20.263+0000] {dag.py:4180} INFO - Setting next_dagrun for example_branch_dop_operator_v3 to 2024-10-13 09:12:00+00:00, run_after=2024-10-13 09:13:00+00:00
[2024-10-13T09:13:20.333+0000] {processor.py:208} INFO - Processing /home/airflow/.local/lib/python3.12/site-packages/airflow/example_dags/example_branch_python_dop_operator_3.py took 0.280 seconds
[2024-10-13T09:13:50.997+0000] {processor.py:186} INFO - Started process (PID=1494) to work on /home/airflow/.local/lib/python3.12/site-packages/airflow/example_dags/example_branch_python_dop_operator_3.py
[2024-10-13T09:13:51.002+0000] {processor.py:914} INFO - Processing file /home/airflow/.local/lib/python3.12/site-packages/airflow/example_dags/example_branch_python_dop_operator_3.py for tasks to queue
[2024-10-13T09:13:51.011+0000] {logging_mixin.py:190} INFO - [2024-10-13T09:13:51.010+0000] {dagbag.py:588} INFO - Filling up the DagBag from /home/airflow/.local/lib/python3.12/site-packages/airflow/example_dags/example_branch_python_dop_operator_3.py
[2024-10-13T09:13:51.037+0000] {processor.py:925} INFO - DAG(s) 'example_branch_dop_operator_v3' retrieved from /home/airflow/.local/lib/python3.12/site-packages/airflow/example_dags/example_branch_python_dop_operator_3.py
[2024-10-13T09:13:51.092+0000] {logging_mixin.py:190} INFO - [2024-10-13T09:13:51.091+0000] {dag.py:3239} INFO - Sync 1 DAGs
[2024-10-13T09:13:51.181+0000] {logging_mixin.py:190} INFO - [2024-10-13T09:13:51.180+0000] {dag.py:4180} INFO - Setting next_dagrun for example_branch_dop_operator_v3 to 2024-10-13 09:12:00+00:00, run_after=2024-10-13 09:13:00+00:00
[2024-10-13T09:13:51.248+0000] {processor.py:208} INFO - Processing /home/airflow/.local/lib/python3.12/site-packages/airflow/example_dags/example_branch_python_dop_operator_3.py took 0.275 seconds
[2024-10-13T09:14:22.114+0000] {processor.py:186} INFO - Started process (PID=1557) to work on /home/airflow/.local/lib/python3.12/site-packages/airflow/example_dags/example_branch_python_dop_operator_3.py
[2024-10-13T09:14:22.116+0000] {processor.py:914} INFO - Processing file /home/airflow/.local/lib/python3.12/site-packages/airflow/example_dags/example_branch_python_dop_operator_3.py for tasks to queue
[2024-10-13T09:14:22.122+0000] {logging_mixin.py:190} INFO - [2024-10-13T09:14:22.121+0000] {dagbag.py:588} INFO - Filling up the DagBag from /home/airflow/.local/lib/python3.12/site-packages/airflow/example_dags/example_branch_python_dop_operator_3.py
[2024-10-13T09:14:22.144+0000] {processor.py:925} INFO - DAG(s) 'example_branch_dop_operator_v3' retrieved from /home/airflow/.local/lib/python3.12/site-packages/airflow/example_dags/example_branch_python_dop_operator_3.py
[2024-10-13T09:14:22.180+0000] {logging_mixin.py:190} INFO - [2024-10-13T09:14:22.179+0000] {dag.py:3239} INFO - Sync 1 DAGs
[2024-10-13T09:14:22.229+0000] {logging_mixin.py:190} INFO - [2024-10-13T09:14:22.228+0000] {dag.py:4180} INFO - Setting next_dagrun for example_branch_dop_operator_v3 to 2024-10-13 09:13:00+00:00, run_after=2024-10-13 09:14:00+00:00
[2024-10-13T09:14:22.286+0000] {processor.py:208} INFO - Processing /home/airflow/.local/lib/python3.12/site-packages/airflow/example_dags/example_branch_python_dop_operator_3.py took 0.187 seconds
[2024-10-13T09:14:52.720+0000] {processor.py:186} INFO - Started process (PID=1620) to work on /home/airflow/.local/lib/python3.12/site-packages/airflow/example_dags/example_branch_python_dop_operator_3.py
[2024-10-13T09:14:52.721+0000] {processor.py:914} INFO - Processing file /home/airflow/.local/lib/python3.12/site-packages/airflow/example_dags/example_branch_python_dop_operator_3.py for tasks to queue
[2024-10-13T09:14:52.725+0000] {logging_mixin.py:190} INFO - [2024-10-13T09:14:52.725+0000] {dagbag.py:588} INFO - Filling up the DagBag from /home/airflow/.local/lib/python3.12/site-packages/airflow/example_dags/example_branch_python_dop_operator_3.py
[2024-10-13T09:14:52.740+0000] {processor.py:925} INFO - DAG(s) 'example_branch_dop_operator_v3' retrieved from /home/airflow/.local/lib/python3.12/site-packages/airflow/example_dags/example_branch_python_dop_operator_3.py
[2024-10-13T09:14:52.765+0000] {logging_mixin.py:190} INFO - [2024-10-13T09:14:52.765+0000] {dag.py:3239} INFO - Sync 1 DAGs
[2024-10-13T09:14:52.794+0000] {logging_mixin.py:190} INFO - [2024-10-13T09:14:52.793+0000] {dag.py:4180} INFO - Setting next_dagrun for example_branch_dop_operator_v3 to 2024-10-13 09:13:00+00:00, run_after=2024-10-13 09:14:00+00:00
[2024-10-13T09:14:52.819+0000] {processor.py:208} INFO - Processing /home/airflow/.local/lib/python3.12/site-packages/airflow/example_dags/example_branch_python_dop_operator_3.py took 0.108 seconds
[2024-10-13T09:15:22.897+0000] {processor.py:186} INFO - Started process (PID=1683) to work on /home/airflow/.local/lib/python3.12/site-packages/airflow/example_dags/example_branch_python_dop_operator_3.py
[2024-10-13T09:15:22.898+0000] {processor.py:914} INFO - Processing file /home/airflow/.local/lib/python3.12/site-packages/airflow/example_dags/example_branch_python_dop_operator_3.py for tasks to queue
[2024-10-13T09:15:22.901+0000] {logging_mixin.py:190} INFO - [2024-10-13T09:15:22.900+0000] {dagbag.py:588} INFO - Filling up the DagBag from /home/airflow/.local/lib/python3.12/site-packages/airflow/example_dags/example_branch_python_dop_operator_3.py
[2024-10-13T09:15:22.918+0000] {processor.py:925} INFO - DAG(s) 'example_branch_dop_operator_v3' retrieved from /home/airflow/.local/lib/python3.12/site-packages/airflow/example_dags/example_branch_python_dop_operator_3.py
[2024-10-13T09:15:22.942+0000] {logging_mixin.py:190} INFO - [2024-10-13T09:15:22.942+0000] {dag.py:3239} INFO - Sync 1 DAGs
[2024-10-13T09:15:22.967+0000] {logging_mixin.py:190} INFO - [2024-10-13T09:15:22.967+0000] {dag.py:4180} INFO - Setting next_dagrun for example_branch_dop_operator_v3 to 2024-10-13 09:14:00+00:00, run_after=2024-10-13 09:15:00+00:00
[2024-10-13T09:15:22.989+0000] {processor.py:208} INFO - Processing /home/airflow/.local/lib/python3.12/site-packages/airflow/example_dags/example_branch_python_dop_operator_3.py took 0.096 seconds
[2024-10-13T09:15:53.620+0000] {processor.py:186} INFO - Started process (PID=1746) to work on /home/airflow/.local/lib/python3.12/site-packages/airflow/example_dags/example_branch_python_dop_operator_3.py
[2024-10-13T09:15:53.621+0000] {processor.py:914} INFO - Processing file /home/airflow/.local/lib/python3.12/site-packages/airflow/example_dags/example_branch_python_dop_operator_3.py for tasks to queue
[2024-10-13T09:15:53.626+0000] {logging_mixin.py:190} INFO - [2024-10-13T09:15:53.625+0000] {dagbag.py:588} INFO - Filling up the DagBag from /home/airflow/.local/lib/python3.12/site-packages/airflow/example_dags/example_branch_python_dop_operator_3.py
[2024-10-13T09:15:53.637+0000] {processor.py:925} INFO - DAG(s) 'example_branch_dop_operator_v3' retrieved from /home/airflow/.local/lib/python3.12/site-packages/airflow/example_dags/example_branch_python_dop_operator_3.py
[2024-10-13T09:15:53.676+0000] {logging_mixin.py:190} INFO - [2024-10-13T09:15:53.675+0000] {dag.py:3239} INFO - Sync 1 DAGs
[2024-10-13T09:15:53.713+0000] {logging_mixin.py:190} INFO - [2024-10-13T09:15:53.713+0000] {dag.py:4180} INFO - Setting next_dagrun for example_branch_dop_operator_v3 to 2024-10-13 09:14:00+00:00, run_after=2024-10-13 09:15:00+00:00
[2024-10-13T09:15:53.748+0000] {processor.py:208} INFO - Processing /home/airflow/.local/lib/python3.12/site-packages/airflow/example_dags/example_branch_python_dop_operator_3.py took 0.138 seconds
[2024-10-13T09:16:24.271+0000] {processor.py:186} INFO - Started process (PID=1809) to work on /home/airflow/.local/lib/python3.12/site-packages/airflow/example_dags/example_branch_python_dop_operator_3.py
[2024-10-13T09:16:24.273+0000] {processor.py:914} INFO - Processing file /home/airflow/.local/lib/python3.12/site-packages/airflow/example_dags/example_branch_python_dop_operator_3.py for tasks to queue
[2024-10-13T09:16:24.279+0000] {logging_mixin.py:190} INFO - [2024-10-13T09:16:24.278+0000] {dagbag.py:588} INFO - Filling up the DagBag from /home/airflow/.local/lib/python3.12/site-packages/airflow/example_dags/example_branch_python_dop_operator_3.py
[2024-10-13T09:16:24.303+0000] {processor.py:925} INFO - DAG(s) 'example_branch_dop_operator_v3' retrieved from /home/airflow/.local/lib/python3.12/site-packages/airflow/example_dags/example_branch_python_dop_operator_3.py
[2024-10-13T09:16:24.339+0000] {logging_mixin.py:190} INFO - [2024-10-13T09:16:24.338+0000] {dag.py:3239} INFO - Sync 1 DAGs
[2024-10-13T09:16:24.386+0000] {logging_mixin.py:190} INFO - [2024-10-13T09:16:24.385+0000] {dag.py:4180} INFO - Setting next_dagrun for example_branch_dop_operator_v3 to 2024-10-13 09:15:00+00:00, run_after=2024-10-13 09:16:00+00:00
[2024-10-13T09:16:24.424+0000] {processor.py:208} INFO - Processing /home/airflow/.local/lib/python3.12/site-packages/airflow/example_dags/example_branch_python_dop_operator_3.py took 0.159 seconds
[2024-10-13T09:16:55.165+0000] {processor.py:186} INFO - Started process (PID=1872) to work on /home/airflow/.local/lib/python3.12/site-packages/airflow/example_dags/example_branch_python_dop_operator_3.py
[2024-10-13T09:16:55.167+0000] {processor.py:914} INFO - Processing file /home/airflow/.local/lib/python3.12/site-packages/airflow/example_dags/example_branch_python_dop_operator_3.py for tasks to queue
[2024-10-13T09:16:55.172+0000] {logging_mixin.py:190} INFO - [2024-10-13T09:16:55.171+0000] {dagbag.py:588} INFO - Filling up the DagBag from /home/airflow/.local/lib/python3.12/site-packages/airflow/example_dags/example_branch_python_dop_operator_3.py
[2024-10-13T09:16:55.187+0000] {processor.py:925} INFO - DAG(s) 'example_branch_dop_operator_v3' retrieved from /home/airflow/.local/lib/python3.12/site-packages/airflow/example_dags/example_branch_python_dop_operator_3.py
[2024-10-13T09:16:55.219+0000] {logging_mixin.py:190} INFO - [2024-10-13T09:16:55.216+0000] {dag.py:3239} INFO - Sync 1 DAGs
[2024-10-13T09:16:55.284+0000] {logging_mixin.py:190} INFO - [2024-10-13T09:16:55.284+0000] {dag.py:4180} INFO - Setting next_dagrun for example_branch_dop_operator_v3 to 2024-10-13 09:15:00+00:00, run_after=2024-10-13 09:16:00+00:00
[2024-10-13T09:16:55.323+0000] {processor.py:208} INFO - Processing /home/airflow/.local/lib/python3.12/site-packages/airflow/example_dags/example_branch_python_dop_operator_3.py took 0.166 seconds
[2024-10-13T09:17:25.430+0000] {processor.py:186} INFO - Started process (PID=1935) to work on /home/airflow/.local/lib/python3.12/site-packages/airflow/example_dags/example_branch_python_dop_operator_3.py
[2024-10-13T09:17:25.434+0000] {processor.py:914} INFO - Processing file /home/airflow/.local/lib/python3.12/site-packages/airflow/example_dags/example_branch_python_dop_operator_3.py for tasks to queue
[2024-10-13T09:17:25.440+0000] {logging_mixin.py:190} INFO - [2024-10-13T09:17:25.439+0000] {dagbag.py:588} INFO - Filling up the DagBag from /home/airflow/.local/lib/python3.12/site-packages/airflow/example_dags/example_branch_python_dop_operator_3.py
[2024-10-13T09:17:25.469+0000] {processor.py:925} INFO - DAG(s) 'example_branch_dop_operator_v3' retrieved from /home/airflow/.local/lib/python3.12/site-packages/airflow/example_dags/example_branch_python_dop_operator_3.py
[2024-10-13T09:17:25.493+0000] {logging_mixin.py:190} INFO - [2024-10-13T09:17:25.493+0000] {dag.py:3239} INFO - Sync 1 DAGs
[2024-10-13T09:17:25.515+0000] {logging_mixin.py:190} INFO - [2024-10-13T09:17:25.515+0000] {dag.py:4180} INFO - Setting next_dagrun for example_branch_dop_operator_v3 to 2024-10-13 09:16:00+00:00, run_after=2024-10-13 09:17:00+00:00
[2024-10-13T09:17:25.537+0000] {processor.py:208} INFO - Processing /home/airflow/.local/lib/python3.12/site-packages/airflow/example_dags/example_branch_python_dop_operator_3.py took 0.119 seconds
[2024-10-13T09:17:56.380+0000] {processor.py:186} INFO - Started process (PID=1998) to work on /home/airflow/.local/lib/python3.12/site-packages/airflow/example_dags/example_branch_python_dop_operator_3.py
[2024-10-13T09:17:56.382+0000] {processor.py:914} INFO - Processing file /home/airflow/.local/lib/python3.12/site-packages/airflow/example_dags/example_branch_python_dop_operator_3.py for tasks to queue
[2024-10-13T09:17:56.386+0000] {logging_mixin.py:190} INFO - [2024-10-13T09:17:56.386+0000] {dagbag.py:588} INFO - Filling up the DagBag from /home/airflow/.local/lib/python3.12/site-packages/airflow/example_dags/example_branch_python_dop_operator_3.py
[2024-10-13T09:17:56.399+0000] {processor.py:925} INFO - DAG(s) 'example_branch_dop_operator_v3' retrieved from /home/airflow/.local/lib/python3.12/site-packages/airflow/example_dags/example_branch_python_dop_operator_3.py
[2024-10-13T09:17:56.431+0000] {logging_mixin.py:190} INFO - [2024-10-13T09:17:56.431+0000] {dag.py:3239} INFO - Sync 1 DAGs
[2024-10-13T09:17:56.466+0000] {logging_mixin.py:190} INFO - [2024-10-13T09:17:56.465+0000] {dag.py:4180} INFO - Setting next_dagrun for example_branch_dop_operator_v3 to 2024-10-13 09:16:00+00:00, run_after=2024-10-13 09:17:00+00:00
[2024-10-13T09:17:56.496+0000] {processor.py:208} INFO - Processing /home/airflow/.local/lib/python3.12/site-packages/airflow/example_dags/example_branch_python_dop_operator_3.py took 0.123 seconds
[2024-10-13T09:18:27.322+0000] {processor.py:186} INFO - Started process (PID=2061) to work on /home/airflow/.local/lib/python3.12/site-packages/airflow/example_dags/example_branch_python_dop_operator_3.py
[2024-10-13T09:18:27.323+0000] {processor.py:914} INFO - Processing file /home/airflow/.local/lib/python3.12/site-packages/airflow/example_dags/example_branch_python_dop_operator_3.py for tasks to queue
[2024-10-13T09:18:27.326+0000] {logging_mixin.py:190} INFO - [2024-10-13T09:18:27.326+0000] {dagbag.py:588} INFO - Filling up the DagBag from /home/airflow/.local/lib/python3.12/site-packages/airflow/example_dags/example_branch_python_dop_operator_3.py
[2024-10-13T09:18:27.337+0000] {processor.py:925} INFO - DAG(s) 'example_branch_dop_operator_v3' retrieved from /home/airflow/.local/lib/python3.12/site-packages/airflow/example_dags/example_branch_python_dop_operator_3.py
[2024-10-13T09:18:27.362+0000] {logging_mixin.py:190} INFO - [2024-10-13T09:18:27.362+0000] {dag.py:3239} INFO - Sync 1 DAGs
[2024-10-13T09:18:27.390+0000] {logging_mixin.py:190} INFO - [2024-10-13T09:18:27.390+0000] {dag.py:4180} INFO - Setting next_dagrun for example_branch_dop_operator_v3 to 2024-10-13 09:17:00+00:00, run_after=2024-10-13 09:18:00+00:00
[2024-10-13T09:18:27.417+0000] {processor.py:208} INFO - Processing /home/airflow/.local/lib/python3.12/site-packages/airflow/example_dags/example_branch_python_dop_operator_3.py took 0.101 seconds
[2024-10-13T09:18:58.425+0000] {processor.py:186} INFO - Started process (PID=2124) to work on /home/airflow/.local/lib/python3.12/site-packages/airflow/example_dags/example_branch_python_dop_operator_3.py
[2024-10-13T09:18:58.427+0000] {processor.py:914} INFO - Processing file /home/airflow/.local/lib/python3.12/site-packages/airflow/example_dags/example_branch_python_dop_operator_3.py for tasks to queue
[2024-10-13T09:18:58.433+0000] {logging_mixin.py:190} INFO - [2024-10-13T09:18:58.432+0000] {dagbag.py:588} INFO - Filling up the DagBag from /home/airflow/.local/lib/python3.12/site-packages/airflow/example_dags/example_branch_python_dop_operator_3.py
[2024-10-13T09:18:58.449+0000] {processor.py:925} INFO - DAG(s) 'example_branch_dop_operator_v3' retrieved from /home/airflow/.local/lib/python3.12/site-packages/airflow/example_dags/example_branch_python_dop_operator_3.py
[2024-10-13T09:18:58.493+0000] {logging_mixin.py:190} INFO - [2024-10-13T09:18:58.492+0000] {dag.py:3239} INFO - Sync 1 DAGs
[2024-10-13T09:18:58.535+0000] {logging_mixin.py:190} INFO - [2024-10-13T09:18:58.535+0000] {dag.py:4180} INFO - Setting next_dagrun for example_branch_dop_operator_v3 to 2024-10-13 09:17:00+00:00, run_after=2024-10-13 09:18:00+00:00
[2024-10-13T09:18:58.589+0000] {processor.py:208} INFO - Processing /home/airflow/.local/lib/python3.12/site-packages/airflow/example_dags/example_branch_python_dop_operator_3.py took 0.174 seconds
[2024-10-13T09:19:28.996+0000] {processor.py:186} INFO - Started process (PID=2187) to work on /home/airflow/.local/lib/python3.12/site-packages/airflow/example_dags/example_branch_python_dop_operator_3.py
[2024-10-13T09:19:28.998+0000] {processor.py:914} INFO - Processing file /home/airflow/.local/lib/python3.12/site-packages/airflow/example_dags/example_branch_python_dop_operator_3.py for tasks to queue
[2024-10-13T09:19:29.000+0000] {logging_mixin.py:190} INFO - [2024-10-13T09:19:29.000+0000] {dagbag.py:588} INFO - Filling up the DagBag from /home/airflow/.local/lib/python3.12/site-packages/airflow/example_dags/example_branch_python_dop_operator_3.py
[2024-10-13T09:19:29.009+0000] {processor.py:925} INFO - DAG(s) 'example_branch_dop_operator_v3' retrieved from /home/airflow/.local/lib/python3.12/site-packages/airflow/example_dags/example_branch_python_dop_operator_3.py
[2024-10-13T09:19:29.029+0000] {logging_mixin.py:190} INFO - [2024-10-13T09:19:29.029+0000] {dag.py:3239} INFO - Sync 1 DAGs
[2024-10-13T09:19:29.057+0000] {logging_mixin.py:190} INFO - [2024-10-13T09:19:29.056+0000] {dag.py:4180} INFO - Setting next_dagrun for example_branch_dop_operator_v3 to 2024-10-13 09:18:00+00:00, run_after=2024-10-13 09:19:00+00:00
[2024-10-13T09:19:29.086+0000] {processor.py:208} INFO - Processing /home/airflow/.local/lib/python3.12/site-packages/airflow/example_dags/example_branch_python_dop_operator_3.py took 0.095 seconds
[2024-10-13T09:20:00.063+0000] {processor.py:186} INFO - Started process (PID=2250) to work on /home/airflow/.local/lib/python3.12/site-packages/airflow/example_dags/example_branch_python_dop_operator_3.py
[2024-10-13T09:20:00.065+0000] {processor.py:914} INFO - Processing file /home/airflow/.local/lib/python3.12/site-packages/airflow/example_dags/example_branch_python_dop_operator_3.py for tasks to queue
[2024-10-13T09:20:00.067+0000] {logging_mixin.py:190} INFO - [2024-10-13T09:20:00.067+0000] {dagbag.py:588} INFO - Filling up the DagBag from /home/airflow/.local/lib/python3.12/site-packages/airflow/example_dags/example_branch_python_dop_operator_3.py
[2024-10-13T09:20:00.079+0000] {processor.py:925} INFO - DAG(s) 'example_branch_dop_operator_v3' retrieved from /home/airflow/.local/lib/python3.12/site-packages/airflow/example_dags/example_branch_python_dop_operator_3.py
[2024-10-13T09:20:00.110+0000] {logging_mixin.py:190} INFO - [2024-10-13T09:20:00.109+0000] {dag.py:3239} INFO - Sync 1 DAGs
[2024-10-13T09:20:00.150+0000] {logging_mixin.py:190} INFO - [2024-10-13T09:20:00.150+0000] {dag.py:4180} INFO - Setting next_dagrun for example_branch_dop_operator_v3 to 2024-10-13 09:19:00+00:00, run_after=2024-10-13 09:20:00+00:00
[2024-10-13T09:20:00.194+0000] {processor.py:208} INFO - Processing /home/airflow/.local/lib/python3.12/site-packages/airflow/example_dags/example_branch_python_dop_operator_3.py took 0.137 seconds
[2024-10-13T09:20:30.396+0000] {processor.py:186} INFO - Started process (PID=2312) to work on /home/airflow/.local/lib/python3.12/site-packages/airflow/example_dags/example_branch_python_dop_operator_3.py
[2024-10-13T09:20:30.398+0000] {processor.py:914} INFO - Processing file /home/airflow/.local/lib/python3.12/site-packages/airflow/example_dags/example_branch_python_dop_operator_3.py for tasks to queue
[2024-10-13T09:20:30.402+0000] {logging_mixin.py:190} INFO - [2024-10-13T09:20:30.402+0000] {dagbag.py:588} INFO - Filling up the DagBag from /home/airflow/.local/lib/python3.12/site-packages/airflow/example_dags/example_branch_python_dop_operator_3.py
[2024-10-13T09:20:30.415+0000] {processor.py:925} INFO - DAG(s) 'example_branch_dop_operator_v3' retrieved from /home/airflow/.local/lib/python3.12/site-packages/airflow/example_dags/example_branch_python_dop_operator_3.py
[2024-10-13T09:20:30.445+0000] {logging_mixin.py:190} INFO - [2024-10-13T09:20:30.444+0000] {dag.py:3239} INFO - Sync 1 DAGs
[2024-10-13T09:20:30.485+0000] {logging_mixin.py:190} INFO - [2024-10-13T09:20:30.485+0000] {dag.py:4180} INFO - Setting next_dagrun for example_branch_dop_operator_v3 to 2024-10-13 09:19:00+00:00, run_after=2024-10-13 09:20:00+00:00
[2024-10-13T09:20:30.519+0000] {processor.py:208} INFO - Processing /home/airflow/.local/lib/python3.12/site-packages/airflow/example_dags/example_branch_python_dop_operator_3.py took 0.131 seconds
[2024-10-13T09:21:00.714+0000] {processor.py:186} INFO - Started process (PID=2375) to work on /home/airflow/.local/lib/python3.12/site-packages/airflow/example_dags/example_branch_python_dop_operator_3.py
[2024-10-13T09:21:00.716+0000] {processor.py:914} INFO - Processing file /home/airflow/.local/lib/python3.12/site-packages/airflow/example_dags/example_branch_python_dop_operator_3.py for tasks to queue
[2024-10-13T09:21:00.719+0000] {logging_mixin.py:190} INFO - [2024-10-13T09:21:00.719+0000] {dagbag.py:588} INFO - Filling up the DagBag from /home/airflow/.local/lib/python3.12/site-packages/airflow/example_dags/example_branch_python_dop_operator_3.py
[2024-10-13T09:21:00.728+0000] {processor.py:925} INFO - DAG(s) 'example_branch_dop_operator_v3' retrieved from /home/airflow/.local/lib/python3.12/site-packages/airflow/example_dags/example_branch_python_dop_operator_3.py
[2024-10-13T09:21:00.751+0000] {logging_mixin.py:190} INFO - [2024-10-13T09:21:00.751+0000] {dag.py:3239} INFO - Sync 1 DAGs
[2024-10-13T09:21:00.779+0000] {logging_mixin.py:190} INFO - [2024-10-13T09:21:00.779+0000] {dag.py:4180} INFO - Setting next_dagrun for example_branch_dop_operator_v3 to 2024-10-13 09:20:00+00:00, run_after=2024-10-13 09:21:00+00:00
[2024-10-13T09:21:00.799+0000] {processor.py:208} INFO - Processing /home/airflow/.local/lib/python3.12/site-packages/airflow/example_dags/example_branch_python_dop_operator_3.py took 0.090 seconds
[2024-10-13T09:21:31.209+0000] {processor.py:186} INFO - Started process (PID=2439) to work on /home/airflow/.local/lib/python3.12/site-packages/airflow/example_dags/example_branch_python_dop_operator_3.py
[2024-10-13T09:21:31.211+0000] {processor.py:914} INFO - Processing file /home/airflow/.local/lib/python3.12/site-packages/airflow/example_dags/example_branch_python_dop_operator_3.py for tasks to queue
[2024-10-13T09:21:31.214+0000] {logging_mixin.py:190} INFO - [2024-10-13T09:21:31.214+0000] {dagbag.py:588} INFO - Filling up the DagBag from /home/airflow/.local/lib/python3.12/site-packages/airflow/example_dags/example_branch_python_dop_operator_3.py
[2024-10-13T09:21:31.234+0000] {processor.py:925} INFO - DAG(s) 'example_branch_dop_operator_v3' retrieved from /home/airflow/.local/lib/python3.12/site-packages/airflow/example_dags/example_branch_python_dop_operator_3.py
[2024-10-13T09:21:31.270+0000] {logging_mixin.py:190} INFO - [2024-10-13T09:21:31.270+0000] {dag.py:3239} INFO - Sync 1 DAGs
[2024-10-13T09:21:31.305+0000] {logging_mixin.py:190} INFO - [2024-10-13T09:21:31.305+0000] {dag.py:4180} INFO - Setting next_dagrun for example_branch_dop_operator_v3 to 2024-10-13 09:20:00+00:00, run_after=2024-10-13 09:21:00+00:00
[2024-10-13T09:21:31.329+0000] {processor.py:208} INFO - Processing /home/airflow/.local/lib/python3.12/site-packages/airflow/example_dags/example_branch_python_dop_operator_3.py took 0.129 seconds
[2024-10-13T09:22:02.027+0000] {processor.py:186} INFO - Started process (PID=2502) to work on /home/airflow/.local/lib/python3.12/site-packages/airflow/example_dags/example_branch_python_dop_operator_3.py
[2024-10-13T09:22:02.028+0000] {processor.py:914} INFO - Processing file /home/airflow/.local/lib/python3.12/site-packages/airflow/example_dags/example_branch_python_dop_operator_3.py for tasks to queue
[2024-10-13T09:22:02.030+0000] {logging_mixin.py:190} INFO - [2024-10-13T09:22:02.030+0000] {dagbag.py:588} INFO - Filling up the DagBag from /home/airflow/.local/lib/python3.12/site-packages/airflow/example_dags/example_branch_python_dop_operator_3.py
[2024-10-13T09:22:02.040+0000] {processor.py:925} INFO - DAG(s) 'example_branch_dop_operator_v3' retrieved from /home/airflow/.local/lib/python3.12/site-packages/airflow/example_dags/example_branch_python_dop_operator_3.py
[2024-10-13T09:22:02.058+0000] {logging_mixin.py:190} INFO - [2024-10-13T09:22:02.058+0000] {dag.py:3239} INFO - Sync 1 DAGs
[2024-10-13T09:22:02.082+0000] {logging_mixin.py:190} INFO - [2024-10-13T09:22:02.082+0000] {dag.py:4180} INFO - Setting next_dagrun for example_branch_dop_operator_v3 to 2024-10-13 09:21:00+00:00, run_after=2024-10-13 09:22:00+00:00
[2024-10-13T09:22:02.102+0000] {processor.py:208} INFO - Processing /home/airflow/.local/lib/python3.12/site-packages/airflow/example_dags/example_branch_python_dop_operator_3.py took 0.083 seconds
[2024-10-13T09:22:32.477+0000] {processor.py:186} INFO - Started process (PID=2565) to work on /home/airflow/.local/lib/python3.12/site-packages/airflow/example_dags/example_branch_python_dop_operator_3.py
[2024-10-13T09:22:32.479+0000] {processor.py:914} INFO - Processing file /home/airflow/.local/lib/python3.12/site-packages/airflow/example_dags/example_branch_python_dop_operator_3.py for tasks to queue
[2024-10-13T09:22:32.485+0000] {logging_mixin.py:190} INFO - [2024-10-13T09:22:32.484+0000] {dagbag.py:588} INFO - Filling up the DagBag from /home/airflow/.local/lib/python3.12/site-packages/airflow/example_dags/example_branch_python_dop_operator_3.py
[2024-10-13T09:22:32.502+0000] {processor.py:925} INFO - DAG(s) 'example_branch_dop_operator_v3' retrieved from /home/airflow/.local/lib/python3.12/site-packages/airflow/example_dags/example_branch_python_dop_operator_3.py
[2024-10-13T09:22:32.549+0000] {logging_mixin.py:190} INFO - [2024-10-13T09:22:32.548+0000] {dag.py:3239} INFO - Sync 1 DAGs
[2024-10-13T09:22:32.598+0000] {logging_mixin.py:190} INFO - [2024-10-13T09:22:32.598+0000] {dag.py:4180} INFO - Setting next_dagrun for example_branch_dop_operator_v3 to 2024-10-13 09:21:00+00:00, run_after=2024-10-13 09:22:00+00:00
[2024-10-13T09:22:32.644+0000] {processor.py:208} INFO - Processing /home/airflow/.local/lib/python3.12/site-packages/airflow/example_dags/example_branch_python_dop_operator_3.py took 0.175 seconds
[2024-10-13T09:23:02.734+0000] {processor.py:186} INFO - Started process (PID=2628) to work on /home/airflow/.local/lib/python3.12/site-packages/airflow/example_dags/example_branch_python_dop_operator_3.py
[2024-10-13T09:23:02.736+0000] {processor.py:914} INFO - Processing file /home/airflow/.local/lib/python3.12/site-packages/airflow/example_dags/example_branch_python_dop_operator_3.py for tasks to queue
[2024-10-13T09:23:02.739+0000] {logging_mixin.py:190} INFO - [2024-10-13T09:23:02.738+0000] {dagbag.py:588} INFO - Filling up the DagBag from /home/airflow/.local/lib/python3.12/site-packages/airflow/example_dags/example_branch_python_dop_operator_3.py
[2024-10-13T09:23:02.748+0000] {processor.py:925} INFO - DAG(s) 'example_branch_dop_operator_v3' retrieved from /home/airflow/.local/lib/python3.12/site-packages/airflow/example_dags/example_branch_python_dop_operator_3.py
[2024-10-13T09:23:02.771+0000] {logging_mixin.py:190} INFO - [2024-10-13T09:23:02.771+0000] {dag.py:3239} INFO - Sync 1 DAGs
[2024-10-13T09:23:02.799+0000] {logging_mixin.py:190} INFO - [2024-10-13T09:23:02.799+0000] {dag.py:4180} INFO - Setting next_dagrun for example_branch_dop_operator_v3 to 2024-10-13 09:22:00+00:00, run_after=2024-10-13 09:23:00+00:00
[2024-10-13T09:23:02.823+0000] {processor.py:208} INFO - Processing /home/airflow/.local/lib/python3.12/site-packages/airflow/example_dags/example_branch_python_dop_operator_3.py took 0.095 seconds
[2024-10-13T09:23:33.394+0000] {processor.py:186} INFO - Started process (PID=2691) to work on /home/airflow/.local/lib/python3.12/site-packages/airflow/example_dags/example_branch_python_dop_operator_3.py
[2024-10-13T09:23:33.397+0000] {processor.py:914} INFO - Processing file /home/airflow/.local/lib/python3.12/site-packages/airflow/example_dags/example_branch_python_dop_operator_3.py for tasks to queue
[2024-10-13T09:23:33.405+0000] {logging_mixin.py:190} INFO - [2024-10-13T09:23:33.402+0000] {dagbag.py:588} INFO - Filling up the DagBag from /home/airflow/.local/lib/python3.12/site-packages/airflow/example_dags/example_branch_python_dop_operator_3.py
[2024-10-13T09:23:33.431+0000] {processor.py:925} INFO - DAG(s) 'example_branch_dop_operator_v3' retrieved from /home/airflow/.local/lib/python3.12/site-packages/airflow/example_dags/example_branch_python_dop_operator_3.py
[2024-10-13T09:23:33.480+0000] {logging_mixin.py:190} INFO - [2024-10-13T09:23:33.480+0000] {dag.py:3239} INFO - Sync 1 DAGs
[2024-10-13T09:23:33.549+0000] {logging_mixin.py:190} INFO - [2024-10-13T09:23:33.548+0000] {dag.py:4180} INFO - Setting next_dagrun for example_branch_dop_operator_v3 to 2024-10-13 09:22:00+00:00, run_after=2024-10-13 09:23:00+00:00
[2024-10-13T09:23:33.588+0000] {processor.py:208} INFO - Processing /home/airflow/.local/lib/python3.12/site-packages/airflow/example_dags/example_branch_python_dop_operator_3.py took 0.206 seconds
[2024-10-13T09:24:04.021+0000] {processor.py:186} INFO - Started process (PID=2753) to work on /home/airflow/.local/lib/python3.12/site-packages/airflow/example_dags/example_branch_python_dop_operator_3.py
[2024-10-13T09:24:04.023+0000] {processor.py:914} INFO - Processing file /home/airflow/.local/lib/python3.12/site-packages/airflow/example_dags/example_branch_python_dop_operator_3.py for tasks to queue
[2024-10-13T09:24:04.028+0000] {logging_mixin.py:190} INFO - [2024-10-13T09:24:04.027+0000] {dagbag.py:588} INFO - Filling up the DagBag from /home/airflow/.local/lib/python3.12/site-packages/airflow/example_dags/example_branch_python_dop_operator_3.py
[2024-10-13T09:24:04.045+0000] {processor.py:925} INFO - DAG(s) 'example_branch_dop_operator_v3' retrieved from /home/airflow/.local/lib/python3.12/site-packages/airflow/example_dags/example_branch_python_dop_operator_3.py
[2024-10-13T09:24:04.073+0000] {logging_mixin.py:190} INFO - [2024-10-13T09:24:04.073+0000] {dag.py:3239} INFO - Sync 1 DAGs
[2024-10-13T09:24:04.110+0000] {logging_mixin.py:190} INFO - [2024-10-13T09:24:04.110+0000] {dag.py:4180} INFO - Setting next_dagrun for example_branch_dop_operator_v3 to 2024-10-13 09:23:00+00:00, run_after=2024-10-13 09:24:00+00:00
[2024-10-13T09:24:04.144+0000] {processor.py:208} INFO - Processing /home/airflow/.local/lib/python3.12/site-packages/airflow/example_dags/example_branch_python_dop_operator_3.py took 0.130 seconds
[2024-10-13T09:24:35.219+0000] {processor.py:186} INFO - Started process (PID=2815) to work on /home/airflow/.local/lib/python3.12/site-packages/airflow/example_dags/example_branch_python_dop_operator_3.py
[2024-10-13T09:24:35.223+0000] {processor.py:914} INFO - Processing file /home/airflow/.local/lib/python3.12/site-packages/airflow/example_dags/example_branch_python_dop_operator_3.py for tasks to queue
[2024-10-13T09:24:35.230+0000] {logging_mixin.py:190} INFO - [2024-10-13T09:24:35.229+0000] {dagbag.py:588} INFO - Filling up the DagBag from /home/airflow/.local/lib/python3.12/site-packages/airflow/example_dags/example_branch_python_dop_operator_3.py
[2024-10-13T09:24:35.269+0000] {processor.py:925} INFO - DAG(s) 'example_branch_dop_operator_v3' retrieved from /home/airflow/.local/lib/python3.12/site-packages/airflow/example_dags/example_branch_python_dop_operator_3.py
[2024-10-13T09:24:35.326+0000] {logging_mixin.py:190} INFO - [2024-10-13T09:24:35.326+0000] {dag.py:3239} INFO - Sync 1 DAGs
[2024-10-13T09:24:35.410+0000] {logging_mixin.py:190} INFO - [2024-10-13T09:24:35.410+0000] {dag.py:4180} INFO - Setting next_dagrun for example_branch_dop_operator_v3 to 2024-10-13 09:23:00+00:00, run_after=2024-10-13 09:24:00+00:00
[2024-10-13T09:24:35.480+0000] {processor.py:208} INFO - Processing /home/airflow/.local/lib/python3.12/site-packages/airflow/example_dags/example_branch_python_dop_operator_3.py took 0.278 seconds
[2024-10-13T09:25:06.020+0000] {processor.py:186} INFO - Started process (PID=2879) to work on /home/airflow/.local/lib/python3.12/site-packages/airflow/example_dags/example_branch_python_dop_operator_3.py
[2024-10-13T09:25:06.022+0000] {processor.py:914} INFO - Processing file /home/airflow/.local/lib/python3.12/site-packages/airflow/example_dags/example_branch_python_dop_operator_3.py for tasks to queue
[2024-10-13T09:25:06.025+0000] {logging_mixin.py:190} INFO - [2024-10-13T09:25:06.025+0000] {dagbag.py:588} INFO - Filling up the DagBag from /home/airflow/.local/lib/python3.12/site-packages/airflow/example_dags/example_branch_python_dop_operator_3.py
[2024-10-13T09:25:06.041+0000] {processor.py:925} INFO - DAG(s) 'example_branch_dop_operator_v3' retrieved from /home/airflow/.local/lib/python3.12/site-packages/airflow/example_dags/example_branch_python_dop_operator_3.py
[2024-10-13T09:25:06.083+0000] {logging_mixin.py:190} INFO - [2024-10-13T09:25:06.082+0000] {dag.py:3239} INFO - Sync 1 DAGs
[2024-10-13T09:25:06.164+0000] {logging_mixin.py:190} INFO - [2024-10-13T09:25:06.164+0000] {dag.py:4180} INFO - Setting next_dagrun for example_branch_dop_operator_v3 to 2024-10-13 09:24:00+00:00, run_after=2024-10-13 09:25:00+00:00
[2024-10-13T09:25:06.207+0000] {processor.py:208} INFO - Processing /home/airflow/.local/lib/python3.12/site-packages/airflow/example_dags/example_branch_python_dop_operator_3.py took 0.196 seconds
[2024-10-13T09:25:36.674+0000] {processor.py:186} INFO - Started process (PID=2942) to work on /home/airflow/.local/lib/python3.12/site-packages/airflow/example_dags/example_branch_python_dop_operator_3.py
[2024-10-13T09:25:36.676+0000] {processor.py:914} INFO - Processing file /home/airflow/.local/lib/python3.12/site-packages/airflow/example_dags/example_branch_python_dop_operator_3.py for tasks to queue
[2024-10-13T09:25:36.681+0000] {logging_mixin.py:190} INFO - [2024-10-13T09:25:36.680+0000] {dagbag.py:588} INFO - Filling up the DagBag from /home/airflow/.local/lib/python3.12/site-packages/airflow/example_dags/example_branch_python_dop_operator_3.py
[2024-10-13T09:25:36.699+0000] {processor.py:925} INFO - DAG(s) 'example_branch_dop_operator_v3' retrieved from /home/airflow/.local/lib/python3.12/site-packages/airflow/example_dags/example_branch_python_dop_operator_3.py
[2024-10-13T09:25:36.734+0000] {logging_mixin.py:190} INFO - [2024-10-13T09:25:36.734+0000] {dag.py:3239} INFO - Sync 1 DAGs
[2024-10-13T09:25:36.781+0000] {logging_mixin.py:190} INFO - [2024-10-13T09:25:36.780+0000] {dag.py:4180} INFO - Setting next_dagrun for example_branch_dop_operator_v3 to 2024-10-13 09:24:00+00:00, run_after=2024-10-13 09:25:00+00:00
[2024-10-13T09:25:36.821+0000] {processor.py:208} INFO - Processing /home/airflow/.local/lib/python3.12/site-packages/airflow/example_dags/example_branch_python_dop_operator_3.py took 0.155 seconds
[2024-10-13T09:26:06.905+0000] {processor.py:186} INFO - Started process (PID=3005) to work on /home/airflow/.local/lib/python3.12/site-packages/airflow/example_dags/example_branch_python_dop_operator_3.py
[2024-10-13T09:26:06.907+0000] {processor.py:914} INFO - Processing file /home/airflow/.local/lib/python3.12/site-packages/airflow/example_dags/example_branch_python_dop_operator_3.py for tasks to queue
[2024-10-13T09:26:06.910+0000] {logging_mixin.py:190} INFO - [2024-10-13T09:26:06.910+0000] {dagbag.py:588} INFO - Filling up the DagBag from /home/airflow/.local/lib/python3.12/site-packages/airflow/example_dags/example_branch_python_dop_operator_3.py
[2024-10-13T09:26:06.923+0000] {processor.py:925} INFO - DAG(s) 'example_branch_dop_operator_v3' retrieved from /home/airflow/.local/lib/python3.12/site-packages/airflow/example_dags/example_branch_python_dop_operator_3.py
[2024-10-13T09:26:06.948+0000] {logging_mixin.py:190} INFO - [2024-10-13T09:26:06.947+0000] {dag.py:3239} INFO - Sync 1 DAGs
[2024-10-13T09:26:07.032+0000] {logging_mixin.py:190} INFO - [2024-10-13T09:26:07.031+0000] {dag.py:4180} INFO - Setting next_dagrun for example_branch_dop_operator_v3 to 2024-10-13 09:25:00+00:00, run_after=2024-10-13 09:26:00+00:00
[2024-10-13T09:26:07.104+0000] {processor.py:208} INFO - Processing /home/airflow/.local/lib/python3.12/site-packages/airflow/example_dags/example_branch_python_dop_operator_3.py took 0.208 seconds
[2024-10-13T09:26:43.185+0000] {processor.py:186} INFO - Started process (PID=3061) to work on /home/airflow/.local/lib/python3.12/site-packages/airflow/example_dags/example_branch_python_dop_operator_3.py
[2024-10-13T09:26:43.193+0000] {processor.py:914} INFO - Processing file /home/airflow/.local/lib/python3.12/site-packages/airflow/example_dags/example_branch_python_dop_operator_3.py for tasks to queue
[2024-10-13T09:26:43.200+0000] {logging_mixin.py:190} INFO - [2024-10-13T09:26:43.199+0000] {dagbag.py:588} INFO - Filling up the DagBag from /home/airflow/.local/lib/python3.12/site-packages/airflow/example_dags/example_branch_python_dop_operator_3.py
[2024-10-13T09:26:43.226+0000] {processor.py:925} INFO - DAG(s) 'example_branch_dop_operator_v3' retrieved from /home/airflow/.local/lib/python3.12/site-packages/airflow/example_dags/example_branch_python_dop_operator_3.py
[2024-10-13T09:26:43.290+0000] {logging_mixin.py:190} INFO - [2024-10-13T09:26:43.289+0000] {dag.py:3239} INFO - Sync 1 DAGs
[2024-10-13T09:26:43.378+0000] {logging_mixin.py:190} INFO - [2024-10-13T09:26:43.377+0000] {dag.py:4180} INFO - Setting next_dagrun for example_branch_dop_operator_v3 to 2024-10-13 09:25:00+00:00, run_after=2024-10-13 09:26:00+00:00
[2024-10-13T09:26:43.453+0000] {processor.py:208} INFO - Processing /home/airflow/.local/lib/python3.12/site-packages/airflow/example_dags/example_branch_python_dop_operator_3.py took 0.278 seconds
[2024-10-13T09:27:19.133+0000] {processor.py:186} INFO - Started process (PID=3115) to work on /home/airflow/.local/lib/python3.12/site-packages/airflow/example_dags/example_branch_python_dop_operator_3.py
[2024-10-13T09:27:19.164+0000] {processor.py:914} INFO - Processing file /home/airflow/.local/lib/python3.12/site-packages/airflow/example_dags/example_branch_python_dop_operator_3.py for tasks to queue
[2024-10-13T09:27:19.177+0000] {logging_mixin.py:190} INFO - [2024-10-13T09:27:19.177+0000] {dagbag.py:588} INFO - Filling up the DagBag from /home/airflow/.local/lib/python3.12/site-packages/airflow/example_dags/example_branch_python_dop_operator_3.py
[2024-10-13T09:27:19.247+0000] {processor.py:925} INFO - DAG(s) 'example_branch_dop_operator_v3' retrieved from /home/airflow/.local/lib/python3.12/site-packages/airflow/example_dags/example_branch_python_dop_operator_3.py
[2024-10-13T09:27:19.333+0000] {logging_mixin.py:190} INFO - [2024-10-13T09:27:19.332+0000] {dag.py:3239} INFO - Sync 1 DAGs
[2024-10-13T09:27:19.481+0000] {logging_mixin.py:190} INFO - [2024-10-13T09:27:19.480+0000] {dag.py:4180} INFO - Setting next_dagrun for example_branch_dop_operator_v3 to 2024-10-13 09:26:00+00:00, run_after=2024-10-13 09:27:00+00:00
[2024-10-13T09:27:19.678+0000] {processor.py:208} INFO - Processing /home/airflow/.local/lib/python3.12/site-packages/airflow/example_dags/example_branch_python_dop_operator_3.py took 0.555 seconds
[2024-10-13T09:27:50.740+0000] {processor.py:186} INFO - Started process (PID=3184) to work on /home/airflow/.local/lib/python3.12/site-packages/airflow/example_dags/example_branch_python_dop_operator_3.py
[2024-10-13T09:27:50.745+0000] {processor.py:914} INFO - Processing file /home/airflow/.local/lib/python3.12/site-packages/airflow/example_dags/example_branch_python_dop_operator_3.py for tasks to queue
[2024-10-13T09:27:50.786+0000] {logging_mixin.py:190} INFO - [2024-10-13T09:27:50.782+0000] {dagbag.py:588} INFO - Filling up the DagBag from /home/airflow/.local/lib/python3.12/site-packages/airflow/example_dags/example_branch_python_dop_operator_3.py
[2024-10-13T09:27:50.888+0000] {processor.py:925} INFO - DAG(s) 'example_branch_dop_operator_v3' retrieved from /home/airflow/.local/lib/python3.12/site-packages/airflow/example_dags/example_branch_python_dop_operator_3.py
[2024-10-13T09:27:51.137+0000] {logging_mixin.py:190} INFO - [2024-10-13T09:27:51.134+0000] {dag.py:3239} INFO - Sync 1 DAGs
[2024-10-13T09:27:51.383+0000] {logging_mixin.py:190} INFO - [2024-10-13T09:27:51.382+0000] {dag.py:4180} INFO - Setting next_dagrun for example_branch_dop_operator_v3 to 2024-10-13 09:26:00+00:00, run_after=2024-10-13 09:27:00+00:00
[2024-10-13T09:27:52.906+0000] {processor.py:208} INFO - Processing /home/airflow/.local/lib/python3.12/site-packages/airflow/example_dags/example_branch_python_dop_operator_3.py took 2.259 seconds
[2024-10-13T09:28:23.749+0000] {processor.py:186} INFO - Started process (PID=3247) to work on /home/airflow/.local/lib/python3.12/site-packages/airflow/example_dags/example_branch_python_dop_operator_3.py
[2024-10-13T09:28:23.751+0000] {processor.py:914} INFO - Processing file /home/airflow/.local/lib/python3.12/site-packages/airflow/example_dags/example_branch_python_dop_operator_3.py for tasks to queue
[2024-10-13T09:28:23.756+0000] {logging_mixin.py:190} INFO - [2024-10-13T09:28:23.755+0000] {dagbag.py:588} INFO - Filling up the DagBag from /home/airflow/.local/lib/python3.12/site-packages/airflow/example_dags/example_branch_python_dop_operator_3.py
[2024-10-13T09:28:23.775+0000] {processor.py:925} INFO - DAG(s) 'example_branch_dop_operator_v3' retrieved from /home/airflow/.local/lib/python3.12/site-packages/airflow/example_dags/example_branch_python_dop_operator_3.py
[2024-10-13T09:28:23.820+0000] {logging_mixin.py:190} INFO - [2024-10-13T09:28:23.820+0000] {dag.py:3239} INFO - Sync 1 DAGs
[2024-10-13T09:28:23.874+0000] {logging_mixin.py:190} INFO - [2024-10-13T09:28:23.873+0000] {dag.py:4180} INFO - Setting next_dagrun for example_branch_dop_operator_v3 to 2024-10-13 09:27:00+00:00, run_after=2024-10-13 09:28:00+00:00
[2024-10-13T09:28:23.904+0000] {processor.py:208} INFO - Processing /home/airflow/.local/lib/python3.12/site-packages/airflow/example_dags/example_branch_python_dop_operator_3.py took 0.164 seconds
[2024-10-13T09:28:54.092+0000] {processor.py:186} INFO - Started process (PID=3310) to work on /home/airflow/.local/lib/python3.12/site-packages/airflow/example_dags/example_branch_python_dop_operator_3.py
[2024-10-13T09:28:54.094+0000] {processor.py:914} INFO - Processing file /home/airflow/.local/lib/python3.12/site-packages/airflow/example_dags/example_branch_python_dop_operator_3.py for tasks to queue
[2024-10-13T09:28:54.098+0000] {logging_mixin.py:190} INFO - [2024-10-13T09:28:54.097+0000] {dagbag.py:588} INFO - Filling up the DagBag from /home/airflow/.local/lib/python3.12/site-packages/airflow/example_dags/example_branch_python_dop_operator_3.py
[2024-10-13T09:28:54.108+0000] {processor.py:925} INFO - DAG(s) 'example_branch_dop_operator_v3' retrieved from /home/airflow/.local/lib/python3.12/site-packages/airflow/example_dags/example_branch_python_dop_operator_3.py
[2024-10-13T09:28:54.141+0000] {logging_mixin.py:190} INFO - [2024-10-13T09:28:54.140+0000] {dag.py:3239} INFO - Sync 1 DAGs
[2024-10-13T09:28:54.183+0000] {logging_mixin.py:190} INFO - [2024-10-13T09:28:54.183+0000] {dag.py:4180} INFO - Setting next_dagrun for example_branch_dop_operator_v3 to 2024-10-13 09:27:00+00:00, run_after=2024-10-13 09:28:00+00:00
[2024-10-13T09:28:54.229+0000] {processor.py:208} INFO - Processing /home/airflow/.local/lib/python3.12/site-packages/airflow/example_dags/example_branch_python_dop_operator_3.py took 0.142 seconds
[2024-10-13T09:29:24.536+0000] {processor.py:186} INFO - Started process (PID=3373) to work on /home/airflow/.local/lib/python3.12/site-packages/airflow/example_dags/example_branch_python_dop_operator_3.py
[2024-10-13T09:29:24.537+0000] {processor.py:914} INFO - Processing file /home/airflow/.local/lib/python3.12/site-packages/airflow/example_dags/example_branch_python_dop_operator_3.py for tasks to queue
[2024-10-13T09:29:24.541+0000] {logging_mixin.py:190} INFO - [2024-10-13T09:29:24.541+0000] {dagbag.py:588} INFO - Filling up the DagBag from /home/airflow/.local/lib/python3.12/site-packages/airflow/example_dags/example_branch_python_dop_operator_3.py
[2024-10-13T09:29:24.555+0000] {processor.py:925} INFO - DAG(s) 'example_branch_dop_operator_v3' retrieved from /home/airflow/.local/lib/python3.12/site-packages/airflow/example_dags/example_branch_python_dop_operator_3.py
[2024-10-13T09:29:24.581+0000] {logging_mixin.py:190} INFO - [2024-10-13T09:29:24.581+0000] {dag.py:3239} INFO - Sync 1 DAGs
[2024-10-13T09:29:24.608+0000] {logging_mixin.py:190} INFO - [2024-10-13T09:29:24.608+0000] {dag.py:4180} INFO - Setting next_dagrun for example_branch_dop_operator_v3 to 2024-10-13 09:28:00+00:00, run_after=2024-10-13 09:29:00+00:00
[2024-10-13T09:29:24.628+0000] {processor.py:208} INFO - Processing /home/airflow/.local/lib/python3.12/site-packages/airflow/example_dags/example_branch_python_dop_operator_3.py took 0.098 seconds
[2024-10-13T09:29:54.888+0000] {processor.py:186} INFO - Started process (PID=3436) to work on /home/airflow/.local/lib/python3.12/site-packages/airflow/example_dags/example_branch_python_dop_operator_3.py
[2024-10-13T09:29:54.890+0000] {processor.py:914} INFO - Processing file /home/airflow/.local/lib/python3.12/site-packages/airflow/example_dags/example_branch_python_dop_operator_3.py for tasks to queue
[2024-10-13T09:29:54.893+0000] {logging_mixin.py:190} INFO - [2024-10-13T09:29:54.892+0000] {dagbag.py:588} INFO - Filling up the DagBag from /home/airflow/.local/lib/python3.12/site-packages/airflow/example_dags/example_branch_python_dop_operator_3.py
[2024-10-13T09:29:54.901+0000] {processor.py:925} INFO - DAG(s) 'example_branch_dop_operator_v3' retrieved from /home/airflow/.local/lib/python3.12/site-packages/airflow/example_dags/example_branch_python_dop_operator_3.py
[2024-10-13T09:29:54.938+0000] {logging_mixin.py:190} INFO - [2024-10-13T09:29:54.937+0000] {dag.py:3239} INFO - Sync 1 DAGs
[2024-10-13T09:29:55.027+0000] {logging_mixin.py:190} INFO - [2024-10-13T09:29:55.026+0000] {dag.py:4180} INFO - Setting next_dagrun for example_branch_dop_operator_v3 to 2024-10-13 09:28:00+00:00, run_after=2024-10-13 09:29:00+00:00
[2024-10-13T09:29:55.067+0000] {processor.py:208} INFO - Processing /home/airflow/.local/lib/python3.12/site-packages/airflow/example_dags/example_branch_python_dop_operator_3.py took 0.184 seconds
