[2024-10-13T09:02:33.237+0000] {processor.py:186} INFO - Started process (PID=99) to work on /home/airflow/.local/lib/python3.12/site-packages/airflow/example_dags/example_sensors.py
[2024-10-13T09:02:33.252+0000] {processor.py:914} INFO - Processing file /home/airflow/.local/lib/python3.12/site-packages/airflow/example_dags/example_sensors.py for tasks to queue
[2024-10-13T09:02:33.269+0000] {logging_mixin.py:190} INFO - [2024-10-13T09:02:33.268+0000] {dagbag.py:588} INFO - Filling up the DagBag from /home/airflow/.local/lib/python3.12/site-packages/airflow/example_dags/example_sensors.py
[2024-10-13T09:02:33.318+0000] {processor.py:925} INFO - DAG(s) 'example_sensors' retrieved from /home/airflow/.local/lib/python3.12/site-packages/airflow/example_dags/example_sensors.py
[2024-10-13T09:02:33.597+0000] {logging_mixin.py:190} INFO - [2024-10-13T09:02:33.596+0000] {dag.py:3239} INFO - Sync 1 DAGs
[2024-10-13T09:02:33.720+0000] {logging_mixin.py:190} INFO - [2024-10-13T09:02:33.718+0000] {dag.py:4180} INFO - Setting next_dagrun for example_sensors to None, run_after=None
[2024-10-13T09:02:33.857+0000] {processor.py:208} INFO - Processing /home/airflow/.local/lib/python3.12/site-packages/airflow/example_dags/example_sensors.py took 0.671 seconds
[2024-10-13T09:03:04.164+0000] {processor.py:186} INFO - Started process (PID=163) to work on /home/airflow/.local/lib/python3.12/site-packages/airflow/example_dags/example_sensors.py
[2024-10-13T09:03:04.166+0000] {processor.py:914} INFO - Processing file /home/airflow/.local/lib/python3.12/site-packages/airflow/example_dags/example_sensors.py for tasks to queue
[2024-10-13T09:03:04.171+0000] {logging_mixin.py:190} INFO - [2024-10-13T09:03:04.171+0000] {dagbag.py:588} INFO - Filling up the DagBag from /home/airflow/.local/lib/python3.12/site-packages/airflow/example_dags/example_sensors.py
[2024-10-13T09:03:04.184+0000] {processor.py:925} INFO - DAG(s) 'example_sensors' retrieved from /home/airflow/.local/lib/python3.12/site-packages/airflow/example_dags/example_sensors.py
[2024-10-13T09:03:04.209+0000] {logging_mixin.py:190} INFO - [2024-10-13T09:03:04.208+0000] {dag.py:3239} INFO - Sync 1 DAGs
[2024-10-13T09:03:04.228+0000] {logging_mixin.py:190} INFO - [2024-10-13T09:03:04.227+0000] {dag.py:4180} INFO - Setting next_dagrun for example_sensors to None, run_after=None
[2024-10-13T09:03:04.269+0000] {processor.py:208} INFO - Processing /home/airflow/.local/lib/python3.12/site-packages/airflow/example_dags/example_sensors.py took 0.114 seconds
[2024-10-13T09:03:34.382+0000] {processor.py:186} INFO - Started process (PID=226) to work on /home/airflow/.local/lib/python3.12/site-packages/airflow/example_dags/example_sensors.py
[2024-10-13T09:03:34.402+0000] {processor.py:914} INFO - Processing file /home/airflow/.local/lib/python3.12/site-packages/airflow/example_dags/example_sensors.py for tasks to queue
[2024-10-13T09:03:34.414+0000] {logging_mixin.py:190} INFO - [2024-10-13T09:03:34.413+0000] {dagbag.py:588} INFO - Filling up the DagBag from /home/airflow/.local/lib/python3.12/site-packages/airflow/example_dags/example_sensors.py
[2024-10-13T09:03:34.480+0000] {processor.py:925} INFO - DAG(s) 'example_sensors' retrieved from /home/airflow/.local/lib/python3.12/site-packages/airflow/example_dags/example_sensors.py
[2024-10-13T09:03:34.581+0000] {logging_mixin.py:190} INFO - [2024-10-13T09:03:34.581+0000] {dag.py:3239} INFO - Sync 1 DAGs
[2024-10-13T09:03:34.636+0000] {logging_mixin.py:190} INFO - [2024-10-13T09:03:34.635+0000] {dag.py:4180} INFO - Setting next_dagrun for example_sensors to None, run_after=None
[2024-10-13T09:03:34.731+0000] {processor.py:208} INFO - Processing /home/airflow/.local/lib/python3.12/site-packages/airflow/example_dags/example_sensors.py took 0.365 seconds
[2024-10-13T09:04:05.083+0000] {processor.py:186} INFO - Started process (PID=290) to work on /home/airflow/.local/lib/python3.12/site-packages/airflow/example_dags/example_sensors.py
[2024-10-13T09:04:05.085+0000] {processor.py:914} INFO - Processing file /home/airflow/.local/lib/python3.12/site-packages/airflow/example_dags/example_sensors.py for tasks to queue
[2024-10-13T09:04:05.091+0000] {logging_mixin.py:190} INFO - [2024-10-13T09:04:05.090+0000] {dagbag.py:588} INFO - Filling up the DagBag from /home/airflow/.local/lib/python3.12/site-packages/airflow/example_dags/example_sensors.py
[2024-10-13T09:04:05.136+0000] {processor.py:925} INFO - DAG(s) 'example_sensors' retrieved from /home/airflow/.local/lib/python3.12/site-packages/airflow/example_dags/example_sensors.py
[2024-10-13T09:04:05.359+0000] {logging_mixin.py:190} INFO - [2024-10-13T09:04:05.336+0000] {dag.py:3239} INFO - Sync 1 DAGs
[2024-10-13T09:04:05.529+0000] {logging_mixin.py:190} INFO - [2024-10-13T09:04:05.529+0000] {dag.py:4180} INFO - Setting next_dagrun for example_sensors to None, run_after=None
[2024-10-13T09:04:05.652+0000] {processor.py:208} INFO - Processing /home/airflow/.local/lib/python3.12/site-packages/airflow/example_dags/example_sensors.py took 0.577 seconds
[2024-10-13T09:04:35.806+0000] {processor.py:186} INFO - Started process (PID=352) to work on /home/airflow/.local/lib/python3.12/site-packages/airflow/example_dags/example_sensors.py
[2024-10-13T09:04:35.810+0000] {processor.py:914} INFO - Processing file /home/airflow/.local/lib/python3.12/site-packages/airflow/example_dags/example_sensors.py for tasks to queue
[2024-10-13T09:04:35.819+0000] {logging_mixin.py:190} INFO - [2024-10-13T09:04:35.818+0000] {dagbag.py:588} INFO - Filling up the DagBag from /home/airflow/.local/lib/python3.12/site-packages/airflow/example_dags/example_sensors.py
[2024-10-13T09:04:35.848+0000] {processor.py:925} INFO - DAG(s) 'example_sensors' retrieved from /home/airflow/.local/lib/python3.12/site-packages/airflow/example_dags/example_sensors.py
[2024-10-13T09:04:35.897+0000] {logging_mixin.py:190} INFO - [2024-10-13T09:04:35.896+0000] {dag.py:3239} INFO - Sync 1 DAGs
[2024-10-13T09:04:35.936+0000] {logging_mixin.py:190} INFO - [2024-10-13T09:04:35.936+0000] {dag.py:4180} INFO - Setting next_dagrun for example_sensors to None, run_after=None
[2024-10-13T09:04:35.985+0000] {processor.py:208} INFO - Processing /home/airflow/.local/lib/python3.12/site-packages/airflow/example_dags/example_sensors.py took 0.188 seconds
[2024-10-13T09:05:06.564+0000] {processor.py:186} INFO - Started process (PID=415) to work on /home/airflow/.local/lib/python3.12/site-packages/airflow/example_dags/example_sensors.py
[2024-10-13T09:05:06.566+0000] {processor.py:914} INFO - Processing file /home/airflow/.local/lib/python3.12/site-packages/airflow/example_dags/example_sensors.py for tasks to queue
[2024-10-13T09:05:06.569+0000] {logging_mixin.py:190} INFO - [2024-10-13T09:05:06.569+0000] {dagbag.py:588} INFO - Filling up the DagBag from /home/airflow/.local/lib/python3.12/site-packages/airflow/example_dags/example_sensors.py
[2024-10-13T09:05:06.580+0000] {processor.py:925} INFO - DAG(s) 'example_sensors' retrieved from /home/airflow/.local/lib/python3.12/site-packages/airflow/example_dags/example_sensors.py
[2024-10-13T09:05:06.612+0000] {logging_mixin.py:190} INFO - [2024-10-13T09:05:06.612+0000] {dag.py:3239} INFO - Sync 1 DAGs
[2024-10-13T09:05:06.637+0000] {logging_mixin.py:190} INFO - [2024-10-13T09:05:06.637+0000] {dag.py:4180} INFO - Setting next_dagrun for example_sensors to None, run_after=None
[2024-10-13T09:05:06.681+0000] {processor.py:208} INFO - Processing /home/airflow/.local/lib/python3.12/site-packages/airflow/example_dags/example_sensors.py took 0.123 seconds
[2024-10-13T09:05:37.191+0000] {processor.py:186} INFO - Started process (PID=478) to work on /home/airflow/.local/lib/python3.12/site-packages/airflow/example_dags/example_sensors.py
[2024-10-13T09:05:37.196+0000] {processor.py:914} INFO - Processing file /home/airflow/.local/lib/python3.12/site-packages/airflow/example_dags/example_sensors.py for tasks to queue
[2024-10-13T09:05:37.199+0000] {logging_mixin.py:190} INFO - [2024-10-13T09:05:37.198+0000] {dagbag.py:588} INFO - Filling up the DagBag from /home/airflow/.local/lib/python3.12/site-packages/airflow/example_dags/example_sensors.py
[2024-10-13T09:05:37.212+0000] {processor.py:925} INFO - DAG(s) 'example_sensors' retrieved from /home/airflow/.local/lib/python3.12/site-packages/airflow/example_dags/example_sensors.py
[2024-10-13T09:05:37.245+0000] {logging_mixin.py:190} INFO - [2024-10-13T09:05:37.245+0000] {dag.py:3239} INFO - Sync 1 DAGs
[2024-10-13T09:05:37.260+0000] {logging_mixin.py:190} INFO - [2024-10-13T09:05:37.260+0000] {dag.py:4180} INFO - Setting next_dagrun for example_sensors to None, run_after=None
[2024-10-13T09:05:37.293+0000] {processor.py:208} INFO - Processing /home/airflow/.local/lib/python3.12/site-packages/airflow/example_dags/example_sensors.py took 0.108 seconds
[2024-10-13T09:06:07.763+0000] {processor.py:186} INFO - Started process (PID=541) to work on /home/airflow/.local/lib/python3.12/site-packages/airflow/example_dags/example_sensors.py
[2024-10-13T09:06:07.766+0000] {processor.py:914} INFO - Processing file /home/airflow/.local/lib/python3.12/site-packages/airflow/example_dags/example_sensors.py for tasks to queue
[2024-10-13T09:06:07.774+0000] {logging_mixin.py:190} INFO - [2024-10-13T09:06:07.773+0000] {dagbag.py:588} INFO - Filling up the DagBag from /home/airflow/.local/lib/python3.12/site-packages/airflow/example_dags/example_sensors.py
[2024-10-13T09:06:07.808+0000] {processor.py:925} INFO - DAG(s) 'example_sensors' retrieved from /home/airflow/.local/lib/python3.12/site-packages/airflow/example_dags/example_sensors.py
[2024-10-13T09:06:07.881+0000] {logging_mixin.py:190} INFO - [2024-10-13T09:06:07.878+0000] {dag.py:3239} INFO - Sync 1 DAGs
[2024-10-13T09:06:07.919+0000] {logging_mixin.py:190} INFO - [2024-10-13T09:06:07.919+0000] {dag.py:4180} INFO - Setting next_dagrun for example_sensors to None, run_after=None
[2024-10-13T09:06:07.975+0000] {processor.py:208} INFO - Processing /home/airflow/.local/lib/python3.12/site-packages/airflow/example_dags/example_sensors.py took 0.224 seconds
[2024-10-13T09:06:38.635+0000] {processor.py:186} INFO - Started process (PID=604) to work on /home/airflow/.local/lib/python3.12/site-packages/airflow/example_dags/example_sensors.py
[2024-10-13T09:06:38.640+0000] {processor.py:914} INFO - Processing file /home/airflow/.local/lib/python3.12/site-packages/airflow/example_dags/example_sensors.py for tasks to queue
[2024-10-13T09:06:38.649+0000] {logging_mixin.py:190} INFO - [2024-10-13T09:06:38.645+0000] {dagbag.py:588} INFO - Filling up the DagBag from /home/airflow/.local/lib/python3.12/site-packages/airflow/example_dags/example_sensors.py
[2024-10-13T09:06:38.690+0000] {processor.py:925} INFO - DAG(s) 'example_sensors' retrieved from /home/airflow/.local/lib/python3.12/site-packages/airflow/example_dags/example_sensors.py
[2024-10-13T09:06:38.802+0000] {logging_mixin.py:190} INFO - [2024-10-13T09:06:38.801+0000] {dag.py:3239} INFO - Sync 1 DAGs
[2024-10-13T09:06:38.845+0000] {logging_mixin.py:190} INFO - [2024-10-13T09:06:38.845+0000] {dag.py:4180} INFO - Setting next_dagrun for example_sensors to None, run_after=None
[2024-10-13T09:06:38.897+0000] {processor.py:208} INFO - Processing /home/airflow/.local/lib/python3.12/site-packages/airflow/example_dags/example_sensors.py took 0.279 seconds
[2024-10-13T09:07:09.128+0000] {processor.py:186} INFO - Started process (PID=667) to work on /home/airflow/.local/lib/python3.12/site-packages/airflow/example_dags/example_sensors.py
[2024-10-13T09:07:09.130+0000] {processor.py:914} INFO - Processing file /home/airflow/.local/lib/python3.12/site-packages/airflow/example_dags/example_sensors.py for tasks to queue
[2024-10-13T09:07:09.133+0000] {logging_mixin.py:190} INFO - [2024-10-13T09:07:09.133+0000] {dagbag.py:588} INFO - Filling up the DagBag from /home/airflow/.local/lib/python3.12/site-packages/airflow/example_dags/example_sensors.py
[2024-10-13T09:07:09.148+0000] {processor.py:925} INFO - DAG(s) 'example_sensors' retrieved from /home/airflow/.local/lib/python3.12/site-packages/airflow/example_dags/example_sensors.py
[2024-10-13T09:07:09.192+0000] {logging_mixin.py:190} INFO - [2024-10-13T09:07:09.192+0000] {dag.py:3239} INFO - Sync 1 DAGs
[2024-10-13T09:07:09.227+0000] {logging_mixin.py:190} INFO - [2024-10-13T09:07:09.224+0000] {dag.py:4180} INFO - Setting next_dagrun for example_sensors to None, run_after=None
[2024-10-13T09:07:09.263+0000] {processor.py:208} INFO - Processing /home/airflow/.local/lib/python3.12/site-packages/airflow/example_dags/example_sensors.py took 0.144 seconds
[2024-10-13T09:07:39.754+0000] {processor.py:186} INFO - Started process (PID=731) to work on /home/airflow/.local/lib/python3.12/site-packages/airflow/example_dags/example_sensors.py
[2024-10-13T09:07:39.757+0000] {processor.py:914} INFO - Processing file /home/airflow/.local/lib/python3.12/site-packages/airflow/example_dags/example_sensors.py for tasks to queue
[2024-10-13T09:07:39.761+0000] {logging_mixin.py:190} INFO - [2024-10-13T09:07:39.760+0000] {dagbag.py:588} INFO - Filling up the DagBag from /home/airflow/.local/lib/python3.12/site-packages/airflow/example_dags/example_sensors.py
[2024-10-13T09:07:39.779+0000] {processor.py:925} INFO - DAG(s) 'example_sensors' retrieved from /home/airflow/.local/lib/python3.12/site-packages/airflow/example_dags/example_sensors.py
[2024-10-13T09:07:39.811+0000] {logging_mixin.py:190} INFO - [2024-10-13T09:07:39.811+0000] {dag.py:3239} INFO - Sync 1 DAGs
[2024-10-13T09:07:39.838+0000] {logging_mixin.py:190} INFO - [2024-10-13T09:07:39.838+0000] {dag.py:4180} INFO - Setting next_dagrun for example_sensors to None, run_after=None
[2024-10-13T09:07:39.877+0000] {processor.py:208} INFO - Processing /home/airflow/.local/lib/python3.12/site-packages/airflow/example_dags/example_sensors.py took 0.131 seconds
[2024-10-13T09:08:10.794+0000] {processor.py:186} INFO - Started process (PID=794) to work on /home/airflow/.local/lib/python3.12/site-packages/airflow/example_dags/example_sensors.py
[2024-10-13T09:08:10.796+0000] {processor.py:914} INFO - Processing file /home/airflow/.local/lib/python3.12/site-packages/airflow/example_dags/example_sensors.py for tasks to queue
[2024-10-13T09:08:10.800+0000] {logging_mixin.py:190} INFO - [2024-10-13T09:08:10.799+0000] {dagbag.py:588} INFO - Filling up the DagBag from /home/airflow/.local/lib/python3.12/site-packages/airflow/example_dags/example_sensors.py
[2024-10-13T09:08:10.815+0000] {processor.py:925} INFO - DAG(s) 'example_sensors' retrieved from /home/airflow/.local/lib/python3.12/site-packages/airflow/example_dags/example_sensors.py
[2024-10-13T09:08:10.848+0000] {logging_mixin.py:190} INFO - [2024-10-13T09:08:10.848+0000] {dag.py:3239} INFO - Sync 1 DAGs
[2024-10-13T09:08:10.865+0000] {logging_mixin.py:190} INFO - [2024-10-13T09:08:10.865+0000] {dag.py:4180} INFO - Setting next_dagrun for example_sensors to None, run_after=None
[2024-10-13T09:08:10.901+0000] {processor.py:208} INFO - Processing /home/airflow/.local/lib/python3.12/site-packages/airflow/example_dags/example_sensors.py took 0.116 seconds
[2024-10-13T09:08:41.346+0000] {processor.py:186} INFO - Started process (PID=857) to work on /home/airflow/.local/lib/python3.12/site-packages/airflow/example_dags/example_sensors.py
[2024-10-13T09:08:41.348+0000] {processor.py:914} INFO - Processing file /home/airflow/.local/lib/python3.12/site-packages/airflow/example_dags/example_sensors.py for tasks to queue
[2024-10-13T09:08:41.353+0000] {logging_mixin.py:190} INFO - [2024-10-13T09:08:41.352+0000] {dagbag.py:588} INFO - Filling up the DagBag from /home/airflow/.local/lib/python3.12/site-packages/airflow/example_dags/example_sensors.py
[2024-10-13T09:08:41.370+0000] {processor.py:925} INFO - DAG(s) 'example_sensors' retrieved from /home/airflow/.local/lib/python3.12/site-packages/airflow/example_dags/example_sensors.py
[2024-10-13T09:08:41.437+0000] {logging_mixin.py:190} INFO - [2024-10-13T09:08:41.435+0000] {dag.py:3239} INFO - Sync 1 DAGs
[2024-10-13T09:08:41.465+0000] {logging_mixin.py:190} INFO - [2024-10-13T09:08:41.464+0000] {dag.py:4180} INFO - Setting next_dagrun for example_sensors to None, run_after=None
[2024-10-13T09:08:41.502+0000] {processor.py:208} INFO - Processing /home/airflow/.local/lib/python3.12/site-packages/airflow/example_dags/example_sensors.py took 0.165 seconds
[2024-10-13T09:09:12.625+0000] {processor.py:186} INFO - Started process (PID=920) to work on /home/airflow/.local/lib/python3.12/site-packages/airflow/example_dags/example_sensors.py
[2024-10-13T09:09:12.628+0000] {processor.py:914} INFO - Processing file /home/airflow/.local/lib/python3.12/site-packages/airflow/example_dags/example_sensors.py for tasks to queue
[2024-10-13T09:09:12.634+0000] {logging_mixin.py:190} INFO - [2024-10-13T09:09:12.633+0000] {dagbag.py:588} INFO - Filling up the DagBag from /home/airflow/.local/lib/python3.12/site-packages/airflow/example_dags/example_sensors.py
[2024-10-13T09:09:12.665+0000] {processor.py:925} INFO - DAG(s) 'example_sensors' retrieved from /home/airflow/.local/lib/python3.12/site-packages/airflow/example_dags/example_sensors.py
[2024-10-13T09:09:12.758+0000] {logging_mixin.py:190} INFO - [2024-10-13T09:09:12.757+0000] {dag.py:3239} INFO - Sync 1 DAGs
[2024-10-13T09:09:12.813+0000] {logging_mixin.py:190} INFO - [2024-10-13T09:09:12.812+0000] {dag.py:4180} INFO - Setting next_dagrun for example_sensors to None, run_after=None
[2024-10-13T09:09:12.897+0000] {processor.py:208} INFO - Processing /home/airflow/.local/lib/python3.12/site-packages/airflow/example_dags/example_sensors.py took 0.285 seconds
[2024-10-13T09:09:43.257+0000] {processor.py:186} INFO - Started process (PID=983) to work on /home/airflow/.local/lib/python3.12/site-packages/airflow/example_dags/example_sensors.py
[2024-10-13T09:09:43.259+0000] {processor.py:914} INFO - Processing file /home/airflow/.local/lib/python3.12/site-packages/airflow/example_dags/example_sensors.py for tasks to queue
[2024-10-13T09:09:43.265+0000] {logging_mixin.py:190} INFO - [2024-10-13T09:09:43.264+0000] {dagbag.py:588} INFO - Filling up the DagBag from /home/airflow/.local/lib/python3.12/site-packages/airflow/example_dags/example_sensors.py
[2024-10-13T09:09:43.287+0000] {processor.py:925} INFO - DAG(s) 'example_sensors' retrieved from /home/airflow/.local/lib/python3.12/site-packages/airflow/example_dags/example_sensors.py
[2024-10-13T09:09:43.355+0000] {logging_mixin.py:190} INFO - [2024-10-13T09:09:43.355+0000] {dag.py:3239} INFO - Sync 1 DAGs
[2024-10-13T09:09:43.390+0000] {logging_mixin.py:190} INFO - [2024-10-13T09:09:43.389+0000] {dag.py:4180} INFO - Setting next_dagrun for example_sensors to None, run_after=None
[2024-10-13T09:09:43.444+0000] {processor.py:208} INFO - Processing /home/airflow/.local/lib/python3.12/site-packages/airflow/example_dags/example_sensors.py took 0.201 seconds
[2024-10-13T09:10:14.183+0000] {processor.py:186} INFO - Started process (PID=1046) to work on /home/airflow/.local/lib/python3.12/site-packages/airflow/example_dags/example_sensors.py
[2024-10-13T09:10:14.185+0000] {processor.py:914} INFO - Processing file /home/airflow/.local/lib/python3.12/site-packages/airflow/example_dags/example_sensors.py for tasks to queue
[2024-10-13T09:10:14.191+0000] {logging_mixin.py:190} INFO - [2024-10-13T09:10:14.191+0000] {dagbag.py:588} INFO - Filling up the DagBag from /home/airflow/.local/lib/python3.12/site-packages/airflow/example_dags/example_sensors.py
[2024-10-13T09:10:14.210+0000] {processor.py:925} INFO - DAG(s) 'example_sensors' retrieved from /home/airflow/.local/lib/python3.12/site-packages/airflow/example_dags/example_sensors.py
[2024-10-13T09:10:14.255+0000] {logging_mixin.py:190} INFO - [2024-10-13T09:10:14.255+0000] {dag.py:3239} INFO - Sync 1 DAGs
[2024-10-13T09:10:14.277+0000] {logging_mixin.py:190} INFO - [2024-10-13T09:10:14.277+0000] {dag.py:4180} INFO - Setting next_dagrun for example_sensors to None, run_after=None
[2024-10-13T09:10:14.314+0000] {processor.py:208} INFO - Processing /home/airflow/.local/lib/python3.12/site-packages/airflow/example_dags/example_sensors.py took 0.141 seconds
[2024-10-13T09:10:44.620+0000] {processor.py:186} INFO - Started process (PID=1109) to work on /home/airflow/.local/lib/python3.12/site-packages/airflow/example_dags/example_sensors.py
[2024-10-13T09:10:44.622+0000] {processor.py:914} INFO - Processing file /home/airflow/.local/lib/python3.12/site-packages/airflow/example_dags/example_sensors.py for tasks to queue
[2024-10-13T09:10:44.627+0000] {logging_mixin.py:190} INFO - [2024-10-13T09:10:44.626+0000] {dagbag.py:588} INFO - Filling up the DagBag from /home/airflow/.local/lib/python3.12/site-packages/airflow/example_dags/example_sensors.py
[2024-10-13T09:10:44.636+0000] {processor.py:925} INFO - DAG(s) 'example_sensors' retrieved from /home/airflow/.local/lib/python3.12/site-packages/airflow/example_dags/example_sensors.py
[2024-10-13T09:10:44.662+0000] {logging_mixin.py:190} INFO - [2024-10-13T09:10:44.662+0000] {dag.py:3239} INFO - Sync 1 DAGs
[2024-10-13T09:10:44.673+0000] {logging_mixin.py:190} INFO - [2024-10-13T09:10:44.672+0000] {dag.py:4180} INFO - Setting next_dagrun for example_sensors to None, run_after=None
[2024-10-13T09:10:44.689+0000] {processor.py:208} INFO - Processing /home/airflow/.local/lib/python3.12/site-packages/airflow/example_dags/example_sensors.py took 0.076 seconds
[2024-10-13T09:11:15.477+0000] {processor.py:186} INFO - Started process (PID=1172) to work on /home/airflow/.local/lib/python3.12/site-packages/airflow/example_dags/example_sensors.py
[2024-10-13T09:11:15.478+0000] {processor.py:914} INFO - Processing file /home/airflow/.local/lib/python3.12/site-packages/airflow/example_dags/example_sensors.py for tasks to queue
[2024-10-13T09:11:15.480+0000] {logging_mixin.py:190} INFO - [2024-10-13T09:11:15.480+0000] {dagbag.py:588} INFO - Filling up the DagBag from /home/airflow/.local/lib/python3.12/site-packages/airflow/example_dags/example_sensors.py
[2024-10-13T09:11:15.491+0000] {processor.py:925} INFO - DAG(s) 'example_sensors' retrieved from /home/airflow/.local/lib/python3.12/site-packages/airflow/example_dags/example_sensors.py
[2024-10-13T09:11:15.514+0000] {logging_mixin.py:190} INFO - [2024-10-13T09:11:15.513+0000] {dag.py:3239} INFO - Sync 1 DAGs
[2024-10-13T09:11:15.526+0000] {logging_mixin.py:190} INFO - [2024-10-13T09:11:15.526+0000] {dag.py:4180} INFO - Setting next_dagrun for example_sensors to None, run_after=None
[2024-10-13T09:11:15.546+0000] {processor.py:208} INFO - Processing /home/airflow/.local/lib/python3.12/site-packages/airflow/example_dags/example_sensors.py took 0.074 seconds
[2024-10-13T09:11:45.957+0000] {processor.py:186} INFO - Started process (PID=1235) to work on /home/airflow/.local/lib/python3.12/site-packages/airflow/example_dags/example_sensors.py
[2024-10-13T09:11:45.958+0000] {processor.py:914} INFO - Processing file /home/airflow/.local/lib/python3.12/site-packages/airflow/example_dags/example_sensors.py for tasks to queue
[2024-10-13T09:11:45.962+0000] {logging_mixin.py:190} INFO - [2024-10-13T09:11:45.961+0000] {dagbag.py:588} INFO - Filling up the DagBag from /home/airflow/.local/lib/python3.12/site-packages/airflow/example_dags/example_sensors.py
[2024-10-13T09:11:45.976+0000] {processor.py:925} INFO - DAG(s) 'example_sensors' retrieved from /home/airflow/.local/lib/python3.12/site-packages/airflow/example_dags/example_sensors.py
[2024-10-13T09:11:46.007+0000] {logging_mixin.py:190} INFO - [2024-10-13T09:11:46.007+0000] {dag.py:3239} INFO - Sync 1 DAGs
[2024-10-13T09:11:46.020+0000] {logging_mixin.py:190} INFO - [2024-10-13T09:11:46.020+0000] {dag.py:4180} INFO - Setting next_dagrun for example_sensors to None, run_after=None
[2024-10-13T09:11:46.041+0000] {processor.py:208} INFO - Processing /home/airflow/.local/lib/python3.12/site-packages/airflow/example_dags/example_sensors.py took 0.090 seconds
[2024-10-13T09:12:16.747+0000] {processor.py:186} INFO - Started process (PID=1304) to work on /home/airflow/.local/lib/python3.12/site-packages/airflow/example_dags/example_sensors.py
[2024-10-13T09:12:16.749+0000] {processor.py:914} INFO - Processing file /home/airflow/.local/lib/python3.12/site-packages/airflow/example_dags/example_sensors.py for tasks to queue
[2024-10-13T09:12:16.752+0000] {logging_mixin.py:190} INFO - [2024-10-13T09:12:16.751+0000] {dagbag.py:588} INFO - Filling up the DagBag from /home/airflow/.local/lib/python3.12/site-packages/airflow/example_dags/example_sensors.py
[2024-10-13T09:12:16.766+0000] {processor.py:925} INFO - DAG(s) 'example_sensors' retrieved from /home/airflow/.local/lib/python3.12/site-packages/airflow/example_dags/example_sensors.py
[2024-10-13T09:12:16.793+0000] {logging_mixin.py:190} INFO - [2024-10-13T09:12:16.793+0000] {dag.py:3239} INFO - Sync 1 DAGs
[2024-10-13T09:12:16.809+0000] {logging_mixin.py:190} INFO - [2024-10-13T09:12:16.808+0000] {dag.py:4180} INFO - Setting next_dagrun for example_sensors to None, run_after=None
[2024-10-13T09:12:16.832+0000] {processor.py:208} INFO - Processing /home/airflow/.local/lib/python3.12/site-packages/airflow/example_dags/example_sensors.py took 0.093 seconds
[2024-10-13T09:12:47.071+0000] {processor.py:186} INFO - Started process (PID=1367) to work on /home/airflow/.local/lib/python3.12/site-packages/airflow/example_dags/example_sensors.py
[2024-10-13T09:12:47.073+0000] {processor.py:914} INFO - Processing file /home/airflow/.local/lib/python3.12/site-packages/airflow/example_dags/example_sensors.py for tasks to queue
[2024-10-13T09:12:47.075+0000] {logging_mixin.py:190} INFO - [2024-10-13T09:12:47.075+0000] {dagbag.py:588} INFO - Filling up the DagBag from /home/airflow/.local/lib/python3.12/site-packages/airflow/example_dags/example_sensors.py
[2024-10-13T09:12:47.084+0000] {processor.py:925} INFO - DAG(s) 'example_sensors' retrieved from /home/airflow/.local/lib/python3.12/site-packages/airflow/example_dags/example_sensors.py
[2024-10-13T09:12:47.107+0000] {logging_mixin.py:190} INFO - [2024-10-13T09:12:47.106+0000] {dag.py:3239} INFO - Sync 1 DAGs
[2024-10-13T09:12:47.119+0000] {logging_mixin.py:190} INFO - [2024-10-13T09:12:47.119+0000] {dag.py:4180} INFO - Setting next_dagrun for example_sensors to None, run_after=None
[2024-10-13T09:12:47.140+0000] {processor.py:208} INFO - Processing /home/airflow/.local/lib/python3.12/site-packages/airflow/example_dags/example_sensors.py took 0.074 seconds
[2024-10-13T09:13:19.702+0000] {processor.py:186} INFO - Started process (PID=1430) to work on /home/airflow/.local/lib/python3.12/site-packages/airflow/example_dags/example_sensors.py
[2024-10-13T09:13:19.705+0000] {processor.py:914} INFO - Processing file /home/airflow/.local/lib/python3.12/site-packages/airflow/example_dags/example_sensors.py for tasks to queue
[2024-10-13T09:13:19.710+0000] {logging_mixin.py:190} INFO - [2024-10-13T09:13:19.710+0000] {dagbag.py:588} INFO - Filling up the DagBag from /home/airflow/.local/lib/python3.12/site-packages/airflow/example_dags/example_sensors.py
[2024-10-13T09:13:19.742+0000] {processor.py:925} INFO - DAG(s) 'example_sensors' retrieved from /home/airflow/.local/lib/python3.12/site-packages/airflow/example_dags/example_sensors.py
[2024-10-13T09:13:19.807+0000] {logging_mixin.py:190} INFO - [2024-10-13T09:13:19.806+0000] {dag.py:3239} INFO - Sync 1 DAGs
[2024-10-13T09:13:19.847+0000] {logging_mixin.py:190} INFO - [2024-10-13T09:13:19.846+0000] {dag.py:4180} INFO - Setting next_dagrun for example_sensors to None, run_after=None
[2024-10-13T09:13:19.899+0000] {processor.py:208} INFO - Processing /home/airflow/.local/lib/python3.12/site-packages/airflow/example_dags/example_sensors.py took 0.206 seconds
[2024-10-13T09:13:50.616+0000] {processor.py:186} INFO - Started process (PID=1491) to work on /home/airflow/.local/lib/python3.12/site-packages/airflow/example_dags/example_sensors.py
[2024-10-13T09:13:50.619+0000] {processor.py:914} INFO - Processing file /home/airflow/.local/lib/python3.12/site-packages/airflow/example_dags/example_sensors.py for tasks to queue
[2024-10-13T09:13:50.626+0000] {logging_mixin.py:190} INFO - [2024-10-13T09:13:50.625+0000] {dagbag.py:588} INFO - Filling up the DagBag from /home/airflow/.local/lib/python3.12/site-packages/airflow/example_dags/example_sensors.py
[2024-10-13T09:13:50.664+0000] {processor.py:925} INFO - DAG(s) 'example_sensors' retrieved from /home/airflow/.local/lib/python3.12/site-packages/airflow/example_dags/example_sensors.py
[2024-10-13T09:13:50.773+0000] {logging_mixin.py:190} INFO - [2024-10-13T09:13:50.772+0000] {dag.py:3239} INFO - Sync 1 DAGs
[2024-10-13T09:13:50.818+0000] {logging_mixin.py:190} INFO - [2024-10-13T09:13:50.817+0000] {dag.py:4180} INFO - Setting next_dagrun for example_sensors to None, run_after=None
[2024-10-13T09:13:50.880+0000] {processor.py:208} INFO - Processing /home/airflow/.local/lib/python3.12/site-packages/airflow/example_dags/example_sensors.py took 0.276 seconds
[2024-10-13T09:14:21.060+0000] {processor.py:186} INFO - Started process (PID=1554) to work on /home/airflow/.local/lib/python3.12/site-packages/airflow/example_dags/example_sensors.py
[2024-10-13T09:14:21.062+0000] {processor.py:914} INFO - Processing file /home/airflow/.local/lib/python3.12/site-packages/airflow/example_dags/example_sensors.py for tasks to queue
[2024-10-13T09:14:21.065+0000] {logging_mixin.py:190} INFO - [2024-10-13T09:14:21.064+0000] {dagbag.py:588} INFO - Filling up the DagBag from /home/airflow/.local/lib/python3.12/site-packages/airflow/example_dags/example_sensors.py
[2024-10-13T09:14:21.077+0000] {processor.py:925} INFO - DAG(s) 'example_sensors' retrieved from /home/airflow/.local/lib/python3.12/site-packages/airflow/example_dags/example_sensors.py
[2024-10-13T09:14:21.119+0000] {logging_mixin.py:190} INFO - [2024-10-13T09:14:21.118+0000] {dag.py:3239} INFO - Sync 1 DAGs
[2024-10-13T09:14:21.144+0000] {logging_mixin.py:190} INFO - [2024-10-13T09:14:21.143+0000] {dag.py:4180} INFO - Setting next_dagrun for example_sensors to None, run_after=None
[2024-10-13T09:14:21.175+0000] {processor.py:208} INFO - Processing /home/airflow/.local/lib/python3.12/site-packages/airflow/example_dags/example_sensors.py took 0.121 seconds
[2024-10-13T09:14:51.683+0000] {processor.py:186} INFO - Started process (PID=1617) to work on /home/airflow/.local/lib/python3.12/site-packages/airflow/example_dags/example_sensors.py
[2024-10-13T09:14:51.685+0000] {processor.py:914} INFO - Processing file /home/airflow/.local/lib/python3.12/site-packages/airflow/example_dags/example_sensors.py for tasks to queue
[2024-10-13T09:14:51.689+0000] {logging_mixin.py:190} INFO - [2024-10-13T09:14:51.689+0000] {dagbag.py:588} INFO - Filling up the DagBag from /home/airflow/.local/lib/python3.12/site-packages/airflow/example_dags/example_sensors.py
[2024-10-13T09:14:51.701+0000] {processor.py:925} INFO - DAG(s) 'example_sensors' retrieved from /home/airflow/.local/lib/python3.12/site-packages/airflow/example_dags/example_sensors.py
[2024-10-13T09:14:51.726+0000] {logging_mixin.py:190} INFO - [2024-10-13T09:14:51.726+0000] {dag.py:3239} INFO - Sync 1 DAGs
[2024-10-13T09:14:51.739+0000] {logging_mixin.py:190} INFO - [2024-10-13T09:14:51.739+0000] {dag.py:4180} INFO - Setting next_dagrun for example_sensors to None, run_after=None
[2024-10-13T09:14:51.767+0000] {processor.py:208} INFO - Processing /home/airflow/.local/lib/python3.12/site-packages/airflow/example_dags/example_sensors.py took 0.091 seconds
[2024-10-13T09:15:21.868+0000] {processor.py:186} INFO - Started process (PID=1680) to work on /home/airflow/.local/lib/python3.12/site-packages/airflow/example_dags/example_sensors.py
[2024-10-13T09:15:21.870+0000] {processor.py:914} INFO - Processing file /home/airflow/.local/lib/python3.12/site-packages/airflow/example_dags/example_sensors.py for tasks to queue
[2024-10-13T09:15:21.873+0000] {logging_mixin.py:190} INFO - [2024-10-13T09:15:21.873+0000] {dagbag.py:588} INFO - Filling up the DagBag from /home/airflow/.local/lib/python3.12/site-packages/airflow/example_dags/example_sensors.py
[2024-10-13T09:15:21.883+0000] {processor.py:925} INFO - DAG(s) 'example_sensors' retrieved from /home/airflow/.local/lib/python3.12/site-packages/airflow/example_dags/example_sensors.py
[2024-10-13T09:15:21.910+0000] {logging_mixin.py:190} INFO - [2024-10-13T09:15:21.909+0000] {dag.py:3239} INFO - Sync 1 DAGs
[2024-10-13T09:15:21.922+0000] {logging_mixin.py:190} INFO - [2024-10-13T09:15:21.922+0000] {dag.py:4180} INFO - Setting next_dagrun for example_sensors to None, run_after=None
[2024-10-13T09:15:21.945+0000] {processor.py:208} INFO - Processing /home/airflow/.local/lib/python3.12/site-packages/airflow/example_dags/example_sensors.py took 0.082 seconds
[2024-10-13T09:15:52.576+0000] {processor.py:186} INFO - Started process (PID=1743) to work on /home/airflow/.local/lib/python3.12/site-packages/airflow/example_dags/example_sensors.py
[2024-10-13T09:15:52.577+0000] {processor.py:914} INFO - Processing file /home/airflow/.local/lib/python3.12/site-packages/airflow/example_dags/example_sensors.py for tasks to queue
[2024-10-13T09:15:52.580+0000] {logging_mixin.py:190} INFO - [2024-10-13T09:15:52.580+0000] {dagbag.py:588} INFO - Filling up the DagBag from /home/airflow/.local/lib/python3.12/site-packages/airflow/example_dags/example_sensors.py
[2024-10-13T09:15:52.591+0000] {processor.py:925} INFO - DAG(s) 'example_sensors' retrieved from /home/airflow/.local/lib/python3.12/site-packages/airflow/example_dags/example_sensors.py
[2024-10-13T09:15:52.619+0000] {logging_mixin.py:190} INFO - [2024-10-13T09:15:52.619+0000] {dag.py:3239} INFO - Sync 1 DAGs
[2024-10-13T09:15:52.634+0000] {logging_mixin.py:190} INFO - [2024-10-13T09:15:52.634+0000] {dag.py:4180} INFO - Setting next_dagrun for example_sensors to None, run_after=None
[2024-10-13T09:15:52.662+0000] {processor.py:208} INFO - Processing /home/airflow/.local/lib/python3.12/site-packages/airflow/example_dags/example_sensors.py took 0.092 seconds
[2024-10-13T09:16:23.003+0000] {processor.py:186} INFO - Started process (PID=1806) to work on /home/airflow/.local/lib/python3.12/site-packages/airflow/example_dags/example_sensors.py
[2024-10-13T09:16:23.005+0000] {processor.py:914} INFO - Processing file /home/airflow/.local/lib/python3.12/site-packages/airflow/example_dags/example_sensors.py for tasks to queue
[2024-10-13T09:16:23.011+0000] {logging_mixin.py:190} INFO - [2024-10-13T09:16:23.010+0000] {dagbag.py:588} INFO - Filling up the DagBag from /home/airflow/.local/lib/python3.12/site-packages/airflow/example_dags/example_sensors.py
[2024-10-13T09:16:23.035+0000] {processor.py:925} INFO - DAG(s) 'example_sensors' retrieved from /home/airflow/.local/lib/python3.12/site-packages/airflow/example_dags/example_sensors.py
[2024-10-13T09:16:23.085+0000] {logging_mixin.py:190} INFO - [2024-10-13T09:16:23.085+0000] {dag.py:3239} INFO - Sync 1 DAGs
[2024-10-13T09:16:23.128+0000] {logging_mixin.py:190} INFO - [2024-10-13T09:16:23.128+0000] {dag.py:4180} INFO - Setting next_dagrun for example_sensors to None, run_after=None
[2024-10-13T09:16:23.176+0000] {processor.py:208} INFO - Processing /home/airflow/.local/lib/python3.12/site-packages/airflow/example_dags/example_sensors.py took 0.187 seconds
[2024-10-13T09:16:54.007+0000] {processor.py:186} INFO - Started process (PID=1869) to work on /home/airflow/.local/lib/python3.12/site-packages/airflow/example_dags/example_sensors.py
[2024-10-13T09:16:54.010+0000] {processor.py:914} INFO - Processing file /home/airflow/.local/lib/python3.12/site-packages/airflow/example_dags/example_sensors.py for tasks to queue
[2024-10-13T09:16:54.012+0000] {logging_mixin.py:190} INFO - [2024-10-13T09:16:54.012+0000] {dagbag.py:588} INFO - Filling up the DagBag from /home/airflow/.local/lib/python3.12/site-packages/airflow/example_dags/example_sensors.py
[2024-10-13T09:16:54.025+0000] {processor.py:925} INFO - DAG(s) 'example_sensors' retrieved from /home/airflow/.local/lib/python3.12/site-packages/airflow/example_dags/example_sensors.py
[2024-10-13T09:16:54.044+0000] {logging_mixin.py:190} INFO - [2024-10-13T09:16:54.044+0000] {dag.py:3239} INFO - Sync 1 DAGs
[2024-10-13T09:16:54.055+0000] {logging_mixin.py:190} INFO - [2024-10-13T09:16:54.055+0000] {dag.py:4180} INFO - Setting next_dagrun for example_sensors to None, run_after=None
[2024-10-13T09:16:54.073+0000] {processor.py:208} INFO - Processing /home/airflow/.local/lib/python3.12/site-packages/airflow/example_dags/example_sensors.py took 0.075 seconds
[2024-10-13T09:17:25.047+0000] {processor.py:186} INFO - Started process (PID=1932) to work on /home/airflow/.local/lib/python3.12/site-packages/airflow/example_dags/example_sensors.py
[2024-10-13T09:17:25.049+0000] {processor.py:914} INFO - Processing file /home/airflow/.local/lib/python3.12/site-packages/airflow/example_dags/example_sensors.py for tasks to queue
[2024-10-13T09:17:25.054+0000] {logging_mixin.py:190} INFO - [2024-10-13T09:17:25.054+0000] {dagbag.py:588} INFO - Filling up the DagBag from /home/airflow/.local/lib/python3.12/site-packages/airflow/example_dags/example_sensors.py
[2024-10-13T09:17:25.067+0000] {processor.py:925} INFO - DAG(s) 'example_sensors' retrieved from /home/airflow/.local/lib/python3.12/site-packages/airflow/example_dags/example_sensors.py
[2024-10-13T09:17:25.124+0000] {logging_mixin.py:190} INFO - [2024-10-13T09:17:25.124+0000] {dag.py:3239} INFO - Sync 1 DAGs
[2024-10-13T09:17:25.144+0000] {logging_mixin.py:190} INFO - [2024-10-13T09:17:25.143+0000] {dag.py:4180} INFO - Setting next_dagrun for example_sensors to None, run_after=None
[2024-10-13T09:17:25.168+0000] {processor.py:208} INFO - Processing /home/airflow/.local/lib/python3.12/site-packages/airflow/example_dags/example_sensors.py took 0.127 seconds
[2024-10-13T09:17:56.131+0000] {processor.py:186} INFO - Started process (PID=1995) to work on /home/airflow/.local/lib/python3.12/site-packages/airflow/example_dags/example_sensors.py
[2024-10-13T09:17:56.136+0000] {processor.py:914} INFO - Processing file /home/airflow/.local/lib/python3.12/site-packages/airflow/example_dags/example_sensors.py for tasks to queue
[2024-10-13T09:17:56.143+0000] {logging_mixin.py:190} INFO - [2024-10-13T09:17:56.142+0000] {dagbag.py:588} INFO - Filling up the DagBag from /home/airflow/.local/lib/python3.12/site-packages/airflow/example_dags/example_sensors.py
[2024-10-13T09:17:56.175+0000] {processor.py:925} INFO - DAG(s) 'example_sensors' retrieved from /home/airflow/.local/lib/python3.12/site-packages/airflow/example_dags/example_sensors.py
[2024-10-13T09:17:56.227+0000] {logging_mixin.py:190} INFO - [2024-10-13T09:17:56.226+0000] {dag.py:3239} INFO - Sync 1 DAGs
[2024-10-13T09:17:56.253+0000] {logging_mixin.py:190} INFO - [2024-10-13T09:17:56.253+0000] {dag.py:4180} INFO - Setting next_dagrun for example_sensors to None, run_after=None
[2024-10-13T09:17:56.292+0000] {processor.py:208} INFO - Processing /home/airflow/.local/lib/python3.12/site-packages/airflow/example_dags/example_sensors.py took 0.172 seconds
[2024-10-13T09:18:27.012+0000] {processor.py:186} INFO - Started process (PID=2058) to work on /home/airflow/.local/lib/python3.12/site-packages/airflow/example_dags/example_sensors.py
[2024-10-13T09:18:27.014+0000] {processor.py:914} INFO - Processing file /home/airflow/.local/lib/python3.12/site-packages/airflow/example_dags/example_sensors.py for tasks to queue
[2024-10-13T09:18:27.016+0000] {logging_mixin.py:190} INFO - [2024-10-13T09:18:27.016+0000] {dagbag.py:588} INFO - Filling up the DagBag from /home/airflow/.local/lib/python3.12/site-packages/airflow/example_dags/example_sensors.py
[2024-10-13T09:18:27.029+0000] {processor.py:925} INFO - DAG(s) 'example_sensors' retrieved from /home/airflow/.local/lib/python3.12/site-packages/airflow/example_dags/example_sensors.py
[2024-10-13T09:18:27.059+0000] {logging_mixin.py:190} INFO - [2024-10-13T09:18:27.059+0000] {dag.py:3239} INFO - Sync 1 DAGs
[2024-10-13T09:18:27.074+0000] {logging_mixin.py:190} INFO - [2024-10-13T09:18:27.074+0000] {dag.py:4180} INFO - Setting next_dagrun for example_sensors to None, run_after=None
[2024-10-13T09:18:27.101+0000] {processor.py:208} INFO - Processing /home/airflow/.local/lib/python3.12/site-packages/airflow/example_dags/example_sensors.py took 0.095 seconds
[2024-10-13T09:18:57.992+0000] {processor.py:186} INFO - Started process (PID=2121) to work on /home/airflow/.local/lib/python3.12/site-packages/airflow/example_dags/example_sensors.py
[2024-10-13T09:18:57.993+0000] {processor.py:914} INFO - Processing file /home/airflow/.local/lib/python3.12/site-packages/airflow/example_dags/example_sensors.py for tasks to queue
[2024-10-13T09:18:57.996+0000] {logging_mixin.py:190} INFO - [2024-10-13T09:18:57.995+0000] {dagbag.py:588} INFO - Filling up the DagBag from /home/airflow/.local/lib/python3.12/site-packages/airflow/example_dags/example_sensors.py
[2024-10-13T09:18:58.006+0000] {processor.py:925} INFO - DAG(s) 'example_sensors' retrieved from /home/airflow/.local/lib/python3.12/site-packages/airflow/example_dags/example_sensors.py
[2024-10-13T09:18:58.036+0000] {logging_mixin.py:190} INFO - [2024-10-13T09:18:58.035+0000] {dag.py:3239} INFO - Sync 1 DAGs
[2024-10-13T09:18:58.067+0000] {logging_mixin.py:190} INFO - [2024-10-13T09:18:58.067+0000] {dag.py:4180} INFO - Setting next_dagrun for example_sensors to None, run_after=None
[2024-10-13T09:18:58.123+0000] {processor.py:208} INFO - Processing /home/airflow/.local/lib/python3.12/site-packages/airflow/example_dags/example_sensors.py took 0.137 seconds
[2024-10-13T09:19:28.722+0000] {processor.py:186} INFO - Started process (PID=2184) to work on /home/airflow/.local/lib/python3.12/site-packages/airflow/example_dags/example_sensors.py
[2024-10-13T09:19:28.723+0000] {processor.py:914} INFO - Processing file /home/airflow/.local/lib/python3.12/site-packages/airflow/example_dags/example_sensors.py for tasks to queue
[2024-10-13T09:19:28.728+0000] {logging_mixin.py:190} INFO - [2024-10-13T09:19:28.727+0000] {dagbag.py:588} INFO - Filling up the DagBag from /home/airflow/.local/lib/python3.12/site-packages/airflow/example_dags/example_sensors.py
[2024-10-13T09:19:28.750+0000] {processor.py:925} INFO - DAG(s) 'example_sensors' retrieved from /home/airflow/.local/lib/python3.12/site-packages/airflow/example_dags/example_sensors.py
[2024-10-13T09:19:28.778+0000] {logging_mixin.py:190} INFO - [2024-10-13T09:19:28.777+0000] {dag.py:3239} INFO - Sync 1 DAGs
[2024-10-13T09:19:28.789+0000] {logging_mixin.py:190} INFO - [2024-10-13T09:19:28.789+0000] {dag.py:4180} INFO - Setting next_dagrun for example_sensors to None, run_after=None
[2024-10-13T09:19:28.812+0000] {processor.py:208} INFO - Processing /home/airflow/.local/lib/python3.12/site-packages/airflow/example_dags/example_sensors.py took 0.097 seconds
[2024-10-13T09:19:59.717+0000] {processor.py:186} INFO - Started process (PID=2247) to work on /home/airflow/.local/lib/python3.12/site-packages/airflow/example_dags/example_sensors.py
[2024-10-13T09:19:59.720+0000] {processor.py:914} INFO - Processing file /home/airflow/.local/lib/python3.12/site-packages/airflow/example_dags/example_sensors.py for tasks to queue
[2024-10-13T09:19:59.725+0000] {logging_mixin.py:190} INFO - [2024-10-13T09:19:59.725+0000] {dagbag.py:588} INFO - Filling up the DagBag from /home/airflow/.local/lib/python3.12/site-packages/airflow/example_dags/example_sensors.py
[2024-10-13T09:19:59.736+0000] {processor.py:925} INFO - DAG(s) 'example_sensors' retrieved from /home/airflow/.local/lib/python3.12/site-packages/airflow/example_dags/example_sensors.py
[2024-10-13T09:19:59.764+0000] {logging_mixin.py:190} INFO - [2024-10-13T09:19:59.764+0000] {dag.py:3239} INFO - Sync 1 DAGs
[2024-10-13T09:19:59.779+0000] {logging_mixin.py:190} INFO - [2024-10-13T09:19:59.779+0000] {dag.py:4180} INFO - Setting next_dagrun for example_sensors to None, run_after=None
[2024-10-13T09:19:59.795+0000] {processor.py:208} INFO - Processing /home/airflow/.local/lib/python3.12/site-packages/airflow/example_dags/example_sensors.py took 0.086 seconds
[2024-10-13T09:20:29.943+0000] {processor.py:186} INFO - Started process (PID=2309) to work on /home/airflow/.local/lib/python3.12/site-packages/airflow/example_dags/example_sensors.py
[2024-10-13T09:20:29.945+0000] {processor.py:914} INFO - Processing file /home/airflow/.local/lib/python3.12/site-packages/airflow/example_dags/example_sensors.py for tasks to queue
[2024-10-13T09:20:29.947+0000] {logging_mixin.py:190} INFO - [2024-10-13T09:20:29.947+0000] {dagbag.py:588} INFO - Filling up the DagBag from /home/airflow/.local/lib/python3.12/site-packages/airflow/example_dags/example_sensors.py
[2024-10-13T09:20:29.957+0000] {processor.py:925} INFO - DAG(s) 'example_sensors' retrieved from /home/airflow/.local/lib/python3.12/site-packages/airflow/example_dags/example_sensors.py
[2024-10-13T09:20:29.981+0000] {logging_mixin.py:190} INFO - [2024-10-13T09:20:29.981+0000] {dag.py:3239} INFO - Sync 1 DAGs
[2024-10-13T09:20:29.995+0000] {logging_mixin.py:190} INFO - [2024-10-13T09:20:29.995+0000] {dag.py:4180} INFO - Setting next_dagrun for example_sensors to None, run_after=None
[2024-10-13T09:20:30.014+0000] {processor.py:208} INFO - Processing /home/airflow/.local/lib/python3.12/site-packages/airflow/example_dags/example_sensors.py took 0.077 seconds
[2024-10-13T09:21:00.465+0000] {processor.py:186} INFO - Started process (PID=2372) to work on /home/airflow/.local/lib/python3.12/site-packages/airflow/example_dags/example_sensors.py
[2024-10-13T09:21:00.467+0000] {processor.py:914} INFO - Processing file /home/airflow/.local/lib/python3.12/site-packages/airflow/example_dags/example_sensors.py for tasks to queue
[2024-10-13T09:21:00.472+0000] {logging_mixin.py:190} INFO - [2024-10-13T09:21:00.471+0000] {dagbag.py:588} INFO - Filling up the DagBag from /home/airflow/.local/lib/python3.12/site-packages/airflow/example_dags/example_sensors.py
[2024-10-13T09:21:00.482+0000] {processor.py:925} INFO - DAG(s) 'example_sensors' retrieved from /home/airflow/.local/lib/python3.12/site-packages/airflow/example_dags/example_sensors.py
[2024-10-13T09:21:00.508+0000] {logging_mixin.py:190} INFO - [2024-10-13T09:21:00.507+0000] {dag.py:3239} INFO - Sync 1 DAGs
[2024-10-13T09:21:00.521+0000] {logging_mixin.py:190} INFO - [2024-10-13T09:21:00.521+0000] {dag.py:4180} INFO - Setting next_dagrun for example_sensors to None, run_after=None
[2024-10-13T09:21:00.553+0000] {processor.py:208} INFO - Processing /home/airflow/.local/lib/python3.12/site-packages/airflow/example_dags/example_sensors.py took 0.097 seconds
[2024-10-13T09:21:30.917+0000] {processor.py:186} INFO - Started process (PID=2436) to work on /home/airflow/.local/lib/python3.12/site-packages/airflow/example_dags/example_sensors.py
[2024-10-13T09:21:30.918+0000] {processor.py:914} INFO - Processing file /home/airflow/.local/lib/python3.12/site-packages/airflow/example_dags/example_sensors.py for tasks to queue
[2024-10-13T09:21:30.921+0000] {logging_mixin.py:190} INFO - [2024-10-13T09:21:30.921+0000] {dagbag.py:588} INFO - Filling up the DagBag from /home/airflow/.local/lib/python3.12/site-packages/airflow/example_dags/example_sensors.py
[2024-10-13T09:21:30.932+0000] {processor.py:925} INFO - DAG(s) 'example_sensors' retrieved from /home/airflow/.local/lib/python3.12/site-packages/airflow/example_dags/example_sensors.py
[2024-10-13T09:21:30.962+0000] {logging_mixin.py:190} INFO - [2024-10-13T09:21:30.961+0000] {dag.py:3239} INFO - Sync 1 DAGs
[2024-10-13T09:21:30.976+0000] {logging_mixin.py:190} INFO - [2024-10-13T09:21:30.975+0000] {dag.py:4180} INFO - Setting next_dagrun for example_sensors to None, run_after=None
[2024-10-13T09:21:30.996+0000] {processor.py:208} INFO - Processing /home/airflow/.local/lib/python3.12/site-packages/airflow/example_dags/example_sensors.py took 0.087 seconds
[2024-10-13T09:22:01.695+0000] {processor.py:186} INFO - Started process (PID=2499) to work on /home/airflow/.local/lib/python3.12/site-packages/airflow/example_dags/example_sensors.py
[2024-10-13T09:22:01.697+0000] {processor.py:914} INFO - Processing file /home/airflow/.local/lib/python3.12/site-packages/airflow/example_dags/example_sensors.py for tasks to queue
[2024-10-13T09:22:01.702+0000] {logging_mixin.py:190} INFO - [2024-10-13T09:22:01.701+0000] {dagbag.py:588} INFO - Filling up the DagBag from /home/airflow/.local/lib/python3.12/site-packages/airflow/example_dags/example_sensors.py
[2024-10-13T09:22:01.713+0000] {processor.py:925} INFO - DAG(s) 'example_sensors' retrieved from /home/airflow/.local/lib/python3.12/site-packages/airflow/example_dags/example_sensors.py
[2024-10-13T09:22:01.753+0000] {logging_mixin.py:190} INFO - [2024-10-13T09:22:01.753+0000] {dag.py:3239} INFO - Sync 1 DAGs
[2024-10-13T09:22:01.774+0000] {logging_mixin.py:190} INFO - [2024-10-13T09:22:01.774+0000] {dag.py:4180} INFO - Setting next_dagrun for example_sensors to None, run_after=None
[2024-10-13T09:22:01.807+0000] {processor.py:208} INFO - Processing /home/airflow/.local/lib/python3.12/site-packages/airflow/example_dags/example_sensors.py took 0.120 seconds
[2024-10-13T09:22:32.082+0000] {processor.py:186} INFO - Started process (PID=2562) to work on /home/airflow/.local/lib/python3.12/site-packages/airflow/example_dags/example_sensors.py
[2024-10-13T09:22:32.085+0000] {processor.py:914} INFO - Processing file /home/airflow/.local/lib/python3.12/site-packages/airflow/example_dags/example_sensors.py for tasks to queue
[2024-10-13T09:22:32.090+0000] {logging_mixin.py:190} INFO - [2024-10-13T09:22:32.090+0000] {dagbag.py:588} INFO - Filling up the DagBag from /home/airflow/.local/lib/python3.12/site-packages/airflow/example_dags/example_sensors.py
[2024-10-13T09:22:32.106+0000] {processor.py:925} INFO - DAG(s) 'example_sensors' retrieved from /home/airflow/.local/lib/python3.12/site-packages/airflow/example_dags/example_sensors.py
[2024-10-13T09:22:32.154+0000] {logging_mixin.py:190} INFO - [2024-10-13T09:22:32.154+0000] {dag.py:3239} INFO - Sync 1 DAGs
[2024-10-13T09:22:32.178+0000] {logging_mixin.py:190} INFO - [2024-10-13T09:22:32.177+0000] {dag.py:4180} INFO - Setting next_dagrun for example_sensors to None, run_after=None
[2024-10-13T09:22:32.215+0000] {processor.py:208} INFO - Processing /home/airflow/.local/lib/python3.12/site-packages/airflow/example_dags/example_sensors.py took 0.145 seconds
[2024-10-13T09:23:02.448+0000] {processor.py:186} INFO - Started process (PID=2625) to work on /home/airflow/.local/lib/python3.12/site-packages/airflow/example_dags/example_sensors.py
[2024-10-13T09:23:02.450+0000] {processor.py:914} INFO - Processing file /home/airflow/.local/lib/python3.12/site-packages/airflow/example_dags/example_sensors.py for tasks to queue
[2024-10-13T09:23:02.453+0000] {logging_mixin.py:190} INFO - [2024-10-13T09:23:02.453+0000] {dagbag.py:588} INFO - Filling up the DagBag from /home/airflow/.local/lib/python3.12/site-packages/airflow/example_dags/example_sensors.py
[2024-10-13T09:23:02.465+0000] {processor.py:925} INFO - DAG(s) 'example_sensors' retrieved from /home/airflow/.local/lib/python3.12/site-packages/airflow/example_dags/example_sensors.py
[2024-10-13T09:23:02.493+0000] {logging_mixin.py:190} INFO - [2024-10-13T09:23:02.493+0000] {dag.py:3239} INFO - Sync 1 DAGs
[2024-10-13T09:23:02.509+0000] {logging_mixin.py:190} INFO - [2024-10-13T09:23:02.508+0000] {dag.py:4180} INFO - Setting next_dagrun for example_sensors to None, run_after=None
[2024-10-13T09:23:02.537+0000] {processor.py:208} INFO - Processing /home/airflow/.local/lib/python3.12/site-packages/airflow/example_dags/example_sensors.py took 0.097 seconds
[2024-10-13T09:23:33.021+0000] {processor.py:186} INFO - Started process (PID=2686) to work on /home/airflow/.local/lib/python3.12/site-packages/airflow/example_dags/example_sensors.py
[2024-10-13T09:23:33.023+0000] {processor.py:914} INFO - Processing file /home/airflow/.local/lib/python3.12/site-packages/airflow/example_dags/example_sensors.py for tasks to queue
[2024-10-13T09:23:33.030+0000] {logging_mixin.py:190} INFO - [2024-10-13T09:23:33.029+0000] {dagbag.py:588} INFO - Filling up the DagBag from /home/airflow/.local/lib/python3.12/site-packages/airflow/example_dags/example_sensors.py
[2024-10-13T09:23:33.046+0000] {processor.py:925} INFO - DAG(s) 'example_sensors' retrieved from /home/airflow/.local/lib/python3.12/site-packages/airflow/example_dags/example_sensors.py
[2024-10-13T09:23:33.095+0000] {logging_mixin.py:190} INFO - [2024-10-13T09:23:33.095+0000] {dag.py:3239} INFO - Sync 1 DAGs
[2024-10-13T09:23:33.128+0000] {logging_mixin.py:190} INFO - [2024-10-13T09:23:33.127+0000] {dag.py:4180} INFO - Setting next_dagrun for example_sensors to None, run_after=None
[2024-10-13T09:23:33.165+0000] {processor.py:208} INFO - Processing /home/airflow/.local/lib/python3.12/site-packages/airflow/example_dags/example_sensors.py took 0.153 seconds
[2024-10-13T09:24:03.696+0000] {processor.py:186} INFO - Started process (PID=2750) to work on /home/airflow/.local/lib/python3.12/site-packages/airflow/example_dags/example_sensors.py
[2024-10-13T09:24:03.698+0000] {processor.py:914} INFO - Processing file /home/airflow/.local/lib/python3.12/site-packages/airflow/example_dags/example_sensors.py for tasks to queue
[2024-10-13T09:24:03.702+0000] {logging_mixin.py:190} INFO - [2024-10-13T09:24:03.702+0000] {dagbag.py:588} INFO - Filling up the DagBag from /home/airflow/.local/lib/python3.12/site-packages/airflow/example_dags/example_sensors.py
[2024-10-13T09:24:03.720+0000] {processor.py:925} INFO - DAG(s) 'example_sensors' retrieved from /home/airflow/.local/lib/python3.12/site-packages/airflow/example_dags/example_sensors.py
[2024-10-13T09:24:03.761+0000] {logging_mixin.py:190} INFO - [2024-10-13T09:24:03.761+0000] {dag.py:3239} INFO - Sync 1 DAGs
[2024-10-13T09:24:03.784+0000] {logging_mixin.py:190} INFO - [2024-10-13T09:24:03.784+0000] {dag.py:4180} INFO - Setting next_dagrun for example_sensors to None, run_after=None
[2024-10-13T09:24:03.827+0000] {processor.py:208} INFO - Processing /home/airflow/.local/lib/python3.12/site-packages/airflow/example_dags/example_sensors.py took 0.140 seconds
[2024-10-13T09:24:34.585+0000] {processor.py:186} INFO - Started process (PID=2812) to work on /home/airflow/.local/lib/python3.12/site-packages/airflow/example_dags/example_sensors.py
[2024-10-13T09:24:34.588+0000] {processor.py:914} INFO - Processing file /home/airflow/.local/lib/python3.12/site-packages/airflow/example_dags/example_sensors.py for tasks to queue
[2024-10-13T09:24:34.596+0000] {logging_mixin.py:190} INFO - [2024-10-13T09:24:34.594+0000] {dagbag.py:588} INFO - Filling up the DagBag from /home/airflow/.local/lib/python3.12/site-packages/airflow/example_dags/example_sensors.py
[2024-10-13T09:24:34.631+0000] {processor.py:925} INFO - DAG(s) 'example_sensors' retrieved from /home/airflow/.local/lib/python3.12/site-packages/airflow/example_dags/example_sensors.py
[2024-10-13T09:24:34.724+0000] {logging_mixin.py:190} INFO - [2024-10-13T09:24:34.723+0000] {dag.py:3239} INFO - Sync 1 DAGs
[2024-10-13T09:24:34.785+0000] {logging_mixin.py:190} INFO - [2024-10-13T09:24:34.784+0000] {dag.py:4180} INFO - Setting next_dagrun for example_sensors to None, run_after=None
[2024-10-13T09:24:34.852+0000] {processor.py:208} INFO - Processing /home/airflow/.local/lib/python3.12/site-packages/airflow/example_dags/example_sensors.py took 0.282 seconds
[2024-10-13T09:25:05.415+0000] {processor.py:186} INFO - Started process (PID=2876) to work on /home/airflow/.local/lib/python3.12/site-packages/airflow/example_dags/example_sensors.py
[2024-10-13T09:25:05.424+0000] {processor.py:914} INFO - Processing file /home/airflow/.local/lib/python3.12/site-packages/airflow/example_dags/example_sensors.py for tasks to queue
[2024-10-13T09:25:05.436+0000] {logging_mixin.py:190} INFO - [2024-10-13T09:25:05.436+0000] {dagbag.py:588} INFO - Filling up the DagBag from /home/airflow/.local/lib/python3.12/site-packages/airflow/example_dags/example_sensors.py
[2024-10-13T09:25:05.476+0000] {processor.py:925} INFO - DAG(s) 'example_sensors' retrieved from /home/airflow/.local/lib/python3.12/site-packages/airflow/example_dags/example_sensors.py
[2024-10-13T09:25:05.534+0000] {logging_mixin.py:190} INFO - [2024-10-13T09:25:05.533+0000] {dag.py:3239} INFO - Sync 1 DAGs
[2024-10-13T09:25:05.565+0000] {logging_mixin.py:190} INFO - [2024-10-13T09:25:05.565+0000] {dag.py:4180} INFO - Setting next_dagrun for example_sensors to None, run_after=None
[2024-10-13T09:25:05.607+0000] {processor.py:208} INFO - Processing /home/airflow/.local/lib/python3.12/site-packages/airflow/example_dags/example_sensors.py took 0.201 seconds
[2024-10-13T09:25:36.050+0000] {processor.py:186} INFO - Started process (PID=2939) to work on /home/airflow/.local/lib/python3.12/site-packages/airflow/example_dags/example_sensors.py
[2024-10-13T09:25:36.052+0000] {processor.py:914} INFO - Processing file /home/airflow/.local/lib/python3.12/site-packages/airflow/example_dags/example_sensors.py for tasks to queue
[2024-10-13T09:25:36.055+0000] {logging_mixin.py:190} INFO - [2024-10-13T09:25:36.055+0000] {dagbag.py:588} INFO - Filling up the DagBag from /home/airflow/.local/lib/python3.12/site-packages/airflow/example_dags/example_sensors.py
[2024-10-13T09:25:36.068+0000] {processor.py:925} INFO - DAG(s) 'example_sensors' retrieved from /home/airflow/.local/lib/python3.12/site-packages/airflow/example_dags/example_sensors.py
[2024-10-13T09:25:36.099+0000] {logging_mixin.py:190} INFO - [2024-10-13T09:25:36.099+0000] {dag.py:3239} INFO - Sync 1 DAGs
[2024-10-13T09:25:36.120+0000] {logging_mixin.py:190} INFO - [2024-10-13T09:25:36.120+0000] {dag.py:4180} INFO - Setting next_dagrun for example_sensors to None, run_after=None
[2024-10-13T09:25:36.152+0000] {processor.py:208} INFO - Processing /home/airflow/.local/lib/python3.12/site-packages/airflow/example_dags/example_sensors.py took 0.110 seconds
[2024-10-13T09:26:06.372+0000] {processor.py:186} INFO - Started process (PID=3002) to work on /home/airflow/.local/lib/python3.12/site-packages/airflow/example_dags/example_sensors.py
[2024-10-13T09:26:06.376+0000] {processor.py:914} INFO - Processing file /home/airflow/.local/lib/python3.12/site-packages/airflow/example_dags/example_sensors.py for tasks to queue
[2024-10-13T09:26:06.397+0000] {logging_mixin.py:190} INFO - [2024-10-13T09:26:06.396+0000] {dagbag.py:588} INFO - Filling up the DagBag from /home/airflow/.local/lib/python3.12/site-packages/airflow/example_dags/example_sensors.py
[2024-10-13T09:26:06.439+0000] {processor.py:925} INFO - DAG(s) 'example_sensors' retrieved from /home/airflow/.local/lib/python3.12/site-packages/airflow/example_dags/example_sensors.py
[2024-10-13T09:26:06.495+0000] {logging_mixin.py:190} INFO - [2024-10-13T09:26:06.495+0000] {dag.py:3239} INFO - Sync 1 DAGs
[2024-10-13T09:26:06.522+0000] {logging_mixin.py:190} INFO - [2024-10-13T09:26:06.522+0000] {dag.py:4180} INFO - Setting next_dagrun for example_sensors to None, run_after=None
[2024-10-13T09:26:06.552+0000] {processor.py:208} INFO - Processing /home/airflow/.local/lib/python3.12/site-packages/airflow/example_dags/example_sensors.py took 0.195 seconds
[2024-10-13T09:26:42.755+0000] {processor.py:186} INFO - Started process (PID=3058) to work on /home/airflow/.local/lib/python3.12/site-packages/airflow/example_dags/example_sensors.py
[2024-10-13T09:26:42.757+0000] {processor.py:914} INFO - Processing file /home/airflow/.local/lib/python3.12/site-packages/airflow/example_dags/example_sensors.py for tasks to queue
[2024-10-13T09:26:42.763+0000] {logging_mixin.py:190} INFO - [2024-10-13T09:26:42.762+0000] {dagbag.py:588} INFO - Filling up the DagBag from /home/airflow/.local/lib/python3.12/site-packages/airflow/example_dags/example_sensors.py
[2024-10-13T09:26:42.788+0000] {processor.py:925} INFO - DAG(s) 'example_sensors' retrieved from /home/airflow/.local/lib/python3.12/site-packages/airflow/example_dags/example_sensors.py
[2024-10-13T09:26:42.847+0000] {logging_mixin.py:190} INFO - [2024-10-13T09:26:42.847+0000] {dag.py:3239} INFO - Sync 1 DAGs
[2024-10-13T09:26:42.876+0000] {logging_mixin.py:190} INFO - [2024-10-13T09:26:42.875+0000] {dag.py:4180} INFO - Setting next_dagrun for example_sensors to None, run_after=None
[2024-10-13T09:26:42.913+0000] {processor.py:208} INFO - Processing /home/airflow/.local/lib/python3.12/site-packages/airflow/example_dags/example_sensors.py took 0.167 seconds
[2024-10-13T09:27:16.709+0000] {processor.py:186} INFO - Started process (PID=3112) to work on /home/airflow/.local/lib/python3.12/site-packages/airflow/example_dags/example_sensors.py
[2024-10-13T09:27:16.795+0000] {processor.py:914} INFO - Processing file /home/airflow/.local/lib/python3.12/site-packages/airflow/example_dags/example_sensors.py for tasks to queue
[2024-10-13T09:27:16.800+0000] {logging_mixin.py:190} INFO - [2024-10-13T09:27:16.799+0000] {dagbag.py:588} INFO - Filling up the DagBag from /home/airflow/.local/lib/python3.12/site-packages/airflow/example_dags/example_sensors.py
[2024-10-13T09:27:16.853+0000] {processor.py:925} INFO - DAG(s) 'example_sensors' retrieved from /home/airflow/.local/lib/python3.12/site-packages/airflow/example_dags/example_sensors.py
[2024-10-13T09:27:16.914+0000] {logging_mixin.py:190} INFO - [2024-10-13T09:27:16.914+0000] {dag.py:3239} INFO - Sync 1 DAGs
[2024-10-13T09:27:16.945+0000] {logging_mixin.py:190} INFO - [2024-10-13T09:27:16.945+0000] {dag.py:4180} INFO - Setting next_dagrun for example_sensors to None, run_after=None
[2024-10-13T09:27:17.029+0000] {processor.py:208} INFO - Processing /home/airflow/.local/lib/python3.12/site-packages/airflow/example_dags/example_sensors.py took 0.338 seconds
[2024-10-13T09:27:47.832+0000] {processor.py:186} INFO - Started process (PID=3175) to work on /home/airflow/.local/lib/python3.12/site-packages/airflow/example_dags/example_sensors.py
[2024-10-13T09:27:47.835+0000] {processor.py:914} INFO - Processing file /home/airflow/.local/lib/python3.12/site-packages/airflow/example_dags/example_sensors.py for tasks to queue
[2024-10-13T09:27:47.845+0000] {logging_mixin.py:190} INFO - [2024-10-13T09:27:47.844+0000] {dagbag.py:588} INFO - Filling up the DagBag from /home/airflow/.local/lib/python3.12/site-packages/airflow/example_dags/example_sensors.py
[2024-10-13T09:27:47.884+0000] {processor.py:925} INFO - DAG(s) 'example_sensors' retrieved from /home/airflow/.local/lib/python3.12/site-packages/airflow/example_dags/example_sensors.py
[2024-10-13T09:27:47.971+0000] {logging_mixin.py:190} INFO - [2024-10-13T09:27:47.971+0000] {dag.py:3239} INFO - Sync 1 DAGs
[2024-10-13T09:27:48.022+0000] {logging_mixin.py:190} INFO - [2024-10-13T09:27:48.022+0000] {dag.py:4180} INFO - Setting next_dagrun for example_sensors to None, run_after=None
[2024-10-13T09:27:48.068+0000] {processor.py:208} INFO - Processing /home/airflow/.local/lib/python3.12/site-packages/airflow/example_dags/example_sensors.py took 0.250 seconds
[2024-10-13T09:28:18.447+0000] {processor.py:186} INFO - Started process (PID=3238) to work on /home/airflow/.local/lib/python3.12/site-packages/airflow/example_dags/example_sensors.py
[2024-10-13T09:28:18.449+0000] {processor.py:914} INFO - Processing file /home/airflow/.local/lib/python3.12/site-packages/airflow/example_dags/example_sensors.py for tasks to queue
[2024-10-13T09:28:18.453+0000] {logging_mixin.py:190} INFO - [2024-10-13T09:28:18.453+0000] {dagbag.py:588} INFO - Filling up the DagBag from /home/airflow/.local/lib/python3.12/site-packages/airflow/example_dags/example_sensors.py
[2024-10-13T09:28:18.469+0000] {processor.py:925} INFO - DAG(s) 'example_sensors' retrieved from /home/airflow/.local/lib/python3.12/site-packages/airflow/example_dags/example_sensors.py
[2024-10-13T09:28:18.499+0000] {logging_mixin.py:190} INFO - [2024-10-13T09:28:18.499+0000] {dag.py:3239} INFO - Sync 1 DAGs
[2024-10-13T09:28:18.516+0000] {logging_mixin.py:190} INFO - [2024-10-13T09:28:18.516+0000] {dag.py:4180} INFO - Setting next_dagrun for example_sensors to None, run_after=None
[2024-10-13T09:28:18.546+0000] {processor.py:208} INFO - Processing /home/airflow/.local/lib/python3.12/site-packages/airflow/example_dags/example_sensors.py took 0.105 seconds
[2024-10-13T09:28:48.835+0000] {processor.py:186} INFO - Started process (PID=3301) to work on /home/airflow/.local/lib/python3.12/site-packages/airflow/example_dags/example_sensors.py
[2024-10-13T09:28:48.839+0000] {processor.py:914} INFO - Processing file /home/airflow/.local/lib/python3.12/site-packages/airflow/example_dags/example_sensors.py for tasks to queue
[2024-10-13T09:28:48.848+0000] {logging_mixin.py:190} INFO - [2024-10-13T09:28:48.846+0000] {dagbag.py:588} INFO - Filling up the DagBag from /home/airflow/.local/lib/python3.12/site-packages/airflow/example_dags/example_sensors.py
[2024-10-13T09:28:48.883+0000] {processor.py:925} INFO - DAG(s) 'example_sensors' retrieved from /home/airflow/.local/lib/python3.12/site-packages/airflow/example_dags/example_sensors.py
[2024-10-13T09:28:48.991+0000] {logging_mixin.py:190} INFO - [2024-10-13T09:28:48.990+0000] {dag.py:3239} INFO - Sync 1 DAGs
[2024-10-13T09:28:49.053+0000] {logging_mixin.py:190} INFO - [2024-10-13T09:28:49.052+0000] {dag.py:4180} INFO - Setting next_dagrun for example_sensors to None, run_after=None
[2024-10-13T09:28:49.122+0000] {processor.py:208} INFO - Processing /home/airflow/.local/lib/python3.12/site-packages/airflow/example_dags/example_sensors.py took 0.311 seconds
[2024-10-13T09:29:19.477+0000] {processor.py:186} INFO - Started process (PID=3370) to work on /home/airflow/.local/lib/python3.12/site-packages/airflow/example_dags/example_sensors.py
[2024-10-13T09:29:19.480+0000] {processor.py:914} INFO - Processing file /home/airflow/.local/lib/python3.12/site-packages/airflow/example_dags/example_sensors.py for tasks to queue
[2024-10-13T09:29:19.485+0000] {logging_mixin.py:190} INFO - [2024-10-13T09:29:19.484+0000] {dagbag.py:588} INFO - Filling up the DagBag from /home/airflow/.local/lib/python3.12/site-packages/airflow/example_dags/example_sensors.py
[2024-10-13T09:29:19.497+0000] {processor.py:925} INFO - DAG(s) 'example_sensors' retrieved from /home/airflow/.local/lib/python3.12/site-packages/airflow/example_dags/example_sensors.py
[2024-10-13T09:29:19.522+0000] {logging_mixin.py:190} INFO - [2024-10-13T09:29:19.522+0000] {dag.py:3239} INFO - Sync 1 DAGs
[2024-10-13T09:29:19.535+0000] {logging_mixin.py:190} INFO - [2024-10-13T09:29:19.535+0000] {dag.py:4180} INFO - Setting next_dagrun for example_sensors to None, run_after=None
[2024-10-13T09:29:19.555+0000] {processor.py:208} INFO - Processing /home/airflow/.local/lib/python3.12/site-packages/airflow/example_dags/example_sensors.py took 0.088 seconds
[2024-10-13T09:29:49.832+0000] {processor.py:186} INFO - Started process (PID=3434) to work on /home/airflow/.local/lib/python3.12/site-packages/airflow/example_dags/example_sensors.py
[2024-10-13T09:29:49.834+0000] {processor.py:914} INFO - Processing file /home/airflow/.local/lib/python3.12/site-packages/airflow/example_dags/example_sensors.py for tasks to queue
[2024-10-13T09:29:49.838+0000] {logging_mixin.py:190} INFO - [2024-10-13T09:29:49.837+0000] {dagbag.py:588} INFO - Filling up the DagBag from /home/airflow/.local/lib/python3.12/site-packages/airflow/example_dags/example_sensors.py
[2024-10-13T09:29:49.850+0000] {processor.py:925} INFO - DAG(s) 'example_sensors' retrieved from /home/airflow/.local/lib/python3.12/site-packages/airflow/example_dags/example_sensors.py
[2024-10-13T09:29:49.886+0000] {logging_mixin.py:190} INFO - [2024-10-13T09:29:49.886+0000] {dag.py:3239} INFO - Sync 1 DAGs
[2024-10-13T09:29:49.902+0000] {logging_mixin.py:190} INFO - [2024-10-13T09:29:49.902+0000] {dag.py:4180} INFO - Setting next_dagrun for example_sensors to None, run_after=None
[2024-10-13T09:29:49.927+0000] {processor.py:208} INFO - Processing /home/airflow/.local/lib/python3.12/site-packages/airflow/example_dags/example_sensors.py took 0.102 seconds
