[2024-10-13T09:02:13.575+0000] {processor.py:186} INFO - Started process (PID=79) to work on /home/airflow/.local/lib/python3.12/site-packages/airflow/example_dags/example_sla_dag.py
[2024-10-13T09:02:13.601+0000] {processor.py:914} INFO - Processing file /home/airflow/.local/lib/python3.12/site-packages/airflow/example_dags/example_sla_dag.py for tasks to queue
[2024-10-13T09:02:13.698+0000] {logging_mixin.py:190} INFO - [2024-10-13T09:02:13.690+0000] {dagbag.py:588} INFO - Filling up the DagBag from /home/airflow/.local/lib/python3.12/site-packages/airflow/example_dags/example_sla_dag.py
[2024-10-13T09:02:14.669+0000] {processor.py:925} INFO - DAG(s) 'example_sla_dag' retrieved from /home/airflow/.local/lib/python3.12/site-packages/airflow/example_dags/example_sla_dag.py
[2024-10-13T09:02:15.003+0000] {logging_mixin.py:190} INFO - [2024-10-13T09:02:15.001+0000] {dag.py:3239} INFO - Sync 1 DAGs
[2024-10-13T09:02:15.539+0000] {logging_mixin.py:190} INFO - [2024-10-13T09:02:15.536+0000] {dag.py:4180} INFO - Setting next_dagrun for example_sla_dag to 2024-10-13 09:00:00+00:00, run_after=2024-10-13 09:02:00+00:00
[2024-10-13T09:02:15.862+0000] {processor.py:208} INFO - Processing /home/airflow/.local/lib/python3.12/site-packages/airflow/example_dags/example_sla_dag.py took 2.424 seconds
[2024-10-13T09:02:46.041+0000] {processor.py:186} INFO - Started process (PID=143) to work on /home/airflow/.local/lib/python3.12/site-packages/airflow/example_dags/example_sla_dag.py
[2024-10-13T09:02:46.045+0000] {processor.py:914} INFO - Processing file /home/airflow/.local/lib/python3.12/site-packages/airflow/example_dags/example_sla_dag.py for tasks to queue
[2024-10-13T09:02:46.051+0000] {logging_mixin.py:190} INFO - [2024-10-13T09:02:46.050+0000] {dagbag.py:588} INFO - Filling up the DagBag from /home/airflow/.local/lib/python3.12/site-packages/airflow/example_dags/example_sla_dag.py
[2024-10-13T09:02:46.069+0000] {processor.py:925} INFO - DAG(s) 'example_sla_dag' retrieved from /home/airflow/.local/lib/python3.12/site-packages/airflow/example_dags/example_sla_dag.py
[2024-10-13T09:02:46.117+0000] {logging_mixin.py:190} INFO - [2024-10-13T09:02:46.116+0000] {dag.py:3239} INFO - Sync 1 DAGs
[2024-10-13T09:02:46.164+0000] {logging_mixin.py:190} INFO - [2024-10-13T09:02:46.164+0000] {dag.py:4180} INFO - Setting next_dagrun for example_sla_dag to 2024-10-13 09:00:00+00:00, run_after=2024-10-13 09:02:00+00:00
[2024-10-13T09:02:46.210+0000] {processor.py:208} INFO - Processing /home/airflow/.local/lib/python3.12/site-packages/airflow/example_dags/example_sla_dag.py took 0.182 seconds
[2024-10-13T09:03:17.575+0000] {processor.py:186} INFO - Started process (PID=202) to work on /home/airflow/.local/lib/python3.12/site-packages/airflow/example_dags/example_sla_dag.py
[2024-10-13T09:03:17.578+0000] {processor.py:914} INFO - Processing file /home/airflow/.local/lib/python3.12/site-packages/airflow/example_dags/example_sla_dag.py for tasks to queue
[2024-10-13T09:03:17.626+0000] {logging_mixin.py:190} INFO - [2024-10-13T09:03:17.625+0000] {dagbag.py:588} INFO - Filling up the DagBag from /home/airflow/.local/lib/python3.12/site-packages/airflow/example_dags/example_sla_dag.py
[2024-10-13T09:03:17.669+0000] {processor.py:925} INFO - DAG(s) 'example_sla_dag' retrieved from /home/airflow/.local/lib/python3.12/site-packages/airflow/example_dags/example_sla_dag.py
[2024-10-13T09:03:17.760+0000] {logging_mixin.py:190} INFO - [2024-10-13T09:03:17.759+0000] {dag.py:3239} INFO - Sync 1 DAGs
[2024-10-13T09:03:17.874+0000] {logging_mixin.py:190} INFO - [2024-10-13T09:03:17.873+0000] {dag.py:4180} INFO - Setting next_dagrun for example_sla_dag to 2024-10-13 09:00:00+00:00, run_after=2024-10-13 09:02:00+00:00
[2024-10-13T09:03:17.965+0000] {processor.py:208} INFO - Processing /home/airflow/.local/lib/python3.12/site-packages/airflow/example_dags/example_sla_dag.py took 0.405 seconds
[2024-10-13T09:03:49.452+0000] {processor.py:186} INFO - Started process (PID=266) to work on /home/airflow/.local/lib/python3.12/site-packages/airflow/example_dags/example_sla_dag.py
[2024-10-13T09:03:49.456+0000] {processor.py:914} INFO - Processing file /home/airflow/.local/lib/python3.12/site-packages/airflow/example_dags/example_sla_dag.py for tasks to queue
[2024-10-13T09:03:49.471+0000] {logging_mixin.py:190} INFO - [2024-10-13T09:03:49.471+0000] {dagbag.py:588} INFO - Filling up the DagBag from /home/airflow/.local/lib/python3.12/site-packages/airflow/example_dags/example_sla_dag.py
[2024-10-13T09:03:49.517+0000] {processor.py:925} INFO - DAG(s) 'example_sla_dag' retrieved from /home/airflow/.local/lib/python3.12/site-packages/airflow/example_dags/example_sla_dag.py
[2024-10-13T09:03:49.599+0000] {logging_mixin.py:190} INFO - [2024-10-13T09:03:49.598+0000] {dag.py:3239} INFO - Sync 1 DAGs
[2024-10-13T09:03:49.725+0000] {logging_mixin.py:190} INFO - [2024-10-13T09:03:49.724+0000] {dag.py:4180} INFO - Setting next_dagrun for example_sla_dag to 2024-10-13 09:00:00+00:00, run_after=2024-10-13 09:02:00+00:00
[2024-10-13T09:03:49.824+0000] {processor.py:208} INFO - Processing /home/airflow/.local/lib/python3.12/site-packages/airflow/example_dags/example_sla_dag.py took 0.396 seconds
[2024-10-13T09:04:24.529+0000] {processor.py:186} INFO - Started process (PID=327) to work on /home/airflow/.local/lib/python3.12/site-packages/airflow/example_dags/example_sla_dag.py
[2024-10-13T09:04:24.538+0000] {processor.py:914} INFO - Processing file /home/airflow/.local/lib/python3.12/site-packages/airflow/example_dags/example_sla_dag.py for tasks to queue
[2024-10-13T09:04:24.546+0000] {logging_mixin.py:190} INFO - [2024-10-13T09:04:24.545+0000] {dagbag.py:588} INFO - Filling up the DagBag from /home/airflow/.local/lib/python3.12/site-packages/airflow/example_dags/example_sla_dag.py
[2024-10-13T09:04:24.587+0000] {processor.py:925} INFO - DAG(s) 'example_sla_dag' retrieved from /home/airflow/.local/lib/python3.12/site-packages/airflow/example_dags/example_sla_dag.py
[2024-10-13T09:04:24.655+0000] {logging_mixin.py:190} INFO - [2024-10-13T09:04:24.654+0000] {dag.py:3239} INFO - Sync 1 DAGs
[2024-10-13T09:04:24.748+0000] {logging_mixin.py:190} INFO - [2024-10-13T09:04:24.747+0000] {dag.py:4180} INFO - Setting next_dagrun for example_sla_dag to 2024-10-13 09:02:00+00:00, run_after=2024-10-13 09:04:00+00:00
[2024-10-13T09:04:24.801+0000] {processor.py:208} INFO - Processing /home/airflow/.local/lib/python3.12/site-packages/airflow/example_dags/example_sla_dag.py took 0.283 seconds
[2024-10-13T09:04:54.948+0000] {processor.py:186} INFO - Started process (PID=390) to work on /home/airflow/.local/lib/python3.12/site-packages/airflow/example_dags/example_sla_dag.py
[2024-10-13T09:04:54.950+0000] {processor.py:914} INFO - Processing file /home/airflow/.local/lib/python3.12/site-packages/airflow/example_dags/example_sla_dag.py for tasks to queue
[2024-10-13T09:04:54.953+0000] {logging_mixin.py:190} INFO - [2024-10-13T09:04:54.952+0000] {dagbag.py:588} INFO - Filling up the DagBag from /home/airflow/.local/lib/python3.12/site-packages/airflow/example_dags/example_sla_dag.py
[2024-10-13T09:04:54.974+0000] {processor.py:925} INFO - DAG(s) 'example_sla_dag' retrieved from /home/airflow/.local/lib/python3.12/site-packages/airflow/example_dags/example_sla_dag.py
[2024-10-13T09:04:55.004+0000] {logging_mixin.py:190} INFO - [2024-10-13T09:04:55.004+0000] {dag.py:3239} INFO - Sync 1 DAGs
[2024-10-13T09:04:55.054+0000] {logging_mixin.py:190} INFO - [2024-10-13T09:04:55.054+0000] {dag.py:4180} INFO - Setting next_dagrun for example_sla_dag to 2024-10-13 09:02:00+00:00, run_after=2024-10-13 09:04:00+00:00
[2024-10-13T09:04:55.092+0000] {processor.py:208} INFO - Processing /home/airflow/.local/lib/python3.12/site-packages/airflow/example_dags/example_sla_dag.py took 0.154 seconds
[2024-10-13T09:05:25.571+0000] {processor.py:186} INFO - Started process (PID=453) to work on /home/airflow/.local/lib/python3.12/site-packages/airflow/example_dags/example_sla_dag.py
[2024-10-13T09:05:25.579+0000] {processor.py:914} INFO - Processing file /home/airflow/.local/lib/python3.12/site-packages/airflow/example_dags/example_sla_dag.py for tasks to queue
[2024-10-13T09:05:25.593+0000] {logging_mixin.py:190} INFO - [2024-10-13T09:05:25.593+0000] {dagbag.py:588} INFO - Filling up the DagBag from /home/airflow/.local/lib/python3.12/site-packages/airflow/example_dags/example_sla_dag.py
[2024-10-13T09:05:25.616+0000] {processor.py:925} INFO - DAG(s) 'example_sla_dag' retrieved from /home/airflow/.local/lib/python3.12/site-packages/airflow/example_dags/example_sla_dag.py
[2024-10-13T09:05:25.692+0000] {logging_mixin.py:190} INFO - [2024-10-13T09:05:25.692+0000] {dag.py:3239} INFO - Sync 1 DAGs
[2024-10-13T09:05:25.759+0000] {logging_mixin.py:190} INFO - [2024-10-13T09:05:25.758+0000] {dag.py:4180} INFO - Setting next_dagrun for example_sla_dag to 2024-10-13 09:02:00+00:00, run_after=2024-10-13 09:04:00+00:00
[2024-10-13T09:05:25.803+0000] {processor.py:208} INFO - Processing /home/airflow/.local/lib/python3.12/site-packages/airflow/example_dags/example_sla_dag.py took 0.241 seconds
[2024-10-13T09:05:56.337+0000] {processor.py:186} INFO - Started process (PID=514) to work on /home/airflow/.local/lib/python3.12/site-packages/airflow/example_dags/example_sla_dag.py
[2024-10-13T09:05:56.339+0000] {processor.py:914} INFO - Processing file /home/airflow/.local/lib/python3.12/site-packages/airflow/example_dags/example_sla_dag.py for tasks to queue
[2024-10-13T09:05:56.346+0000] {logging_mixin.py:190} INFO - [2024-10-13T09:05:56.344+0000] {dagbag.py:588} INFO - Filling up the DagBag from /home/airflow/.local/lib/python3.12/site-packages/airflow/example_dags/example_sla_dag.py
[2024-10-13T09:05:56.368+0000] {processor.py:925} INFO - DAG(s) 'example_sla_dag' retrieved from /home/airflow/.local/lib/python3.12/site-packages/airflow/example_dags/example_sla_dag.py
[2024-10-13T09:05:56.422+0000] {logging_mixin.py:190} INFO - [2024-10-13T09:05:56.421+0000] {dag.py:3239} INFO - Sync 1 DAGs
[2024-10-13T09:05:56.510+0000] {logging_mixin.py:190} INFO - [2024-10-13T09:05:56.509+0000] {dag.py:4180} INFO - Setting next_dagrun for example_sla_dag to 2024-10-13 09:02:00+00:00, run_after=2024-10-13 09:04:00+00:00
[2024-10-13T09:05:56.593+0000] {processor.py:208} INFO - Processing /home/airflow/.local/lib/python3.12/site-packages/airflow/example_dags/example_sla_dag.py took 0.273 seconds
[2024-10-13T09:06:26.810+0000] {processor.py:186} INFO - Started process (PID=577) to work on /home/airflow/.local/lib/python3.12/site-packages/airflow/example_dags/example_sla_dag.py
[2024-10-13T09:06:26.813+0000] {processor.py:914} INFO - Processing file /home/airflow/.local/lib/python3.12/site-packages/airflow/example_dags/example_sla_dag.py for tasks to queue
[2024-10-13T09:06:26.816+0000] {logging_mixin.py:190} INFO - [2024-10-13T09:06:26.816+0000] {dagbag.py:588} INFO - Filling up the DagBag from /home/airflow/.local/lib/python3.12/site-packages/airflow/example_dags/example_sla_dag.py
[2024-10-13T09:06:26.833+0000] {processor.py:925} INFO - DAG(s) 'example_sla_dag' retrieved from /home/airflow/.local/lib/python3.12/site-packages/airflow/example_dags/example_sla_dag.py
[2024-10-13T09:06:26.877+0000] {logging_mixin.py:190} INFO - [2024-10-13T09:06:26.876+0000] {dag.py:3239} INFO - Sync 1 DAGs
[2024-10-13T09:06:26.926+0000] {logging_mixin.py:190} INFO - [2024-10-13T09:06:26.925+0000] {dag.py:4180} INFO - Setting next_dagrun for example_sla_dag to 2024-10-13 09:04:00+00:00, run_after=2024-10-13 09:06:00+00:00
[2024-10-13T09:06:26.970+0000] {processor.py:208} INFO - Processing /home/airflow/.local/lib/python3.12/site-packages/airflow/example_dags/example_sla_dag.py took 0.167 seconds
[2024-10-13T09:06:57.204+0000] {processor.py:186} INFO - Started process (PID=638) to work on /home/airflow/.local/lib/python3.12/site-packages/airflow/example_dags/example_sla_dag.py
[2024-10-13T09:06:57.206+0000] {processor.py:914} INFO - Processing file /home/airflow/.local/lib/python3.12/site-packages/airflow/example_dags/example_sla_dag.py for tasks to queue
[2024-10-13T09:06:57.210+0000] {logging_mixin.py:190} INFO - [2024-10-13T09:06:57.209+0000] {dagbag.py:588} INFO - Filling up the DagBag from /home/airflow/.local/lib/python3.12/site-packages/airflow/example_dags/example_sla_dag.py
[2024-10-13T09:06:57.231+0000] {processor.py:925} INFO - DAG(s) 'example_sla_dag' retrieved from /home/airflow/.local/lib/python3.12/site-packages/airflow/example_dags/example_sla_dag.py
[2024-10-13T09:06:57.268+0000] {logging_mixin.py:190} INFO - [2024-10-13T09:06:57.268+0000] {dag.py:3239} INFO - Sync 1 DAGs
[2024-10-13T09:06:57.308+0000] {logging_mixin.py:190} INFO - [2024-10-13T09:06:57.307+0000] {dag.py:4180} INFO - Setting next_dagrun for example_sla_dag to 2024-10-13 09:04:00+00:00, run_after=2024-10-13 09:06:00+00:00
[2024-10-13T09:06:57.333+0000] {processor.py:208} INFO - Processing /home/airflow/.local/lib/python3.12/site-packages/airflow/example_dags/example_sla_dag.py took 0.140 seconds
[2024-10-13T09:07:28.152+0000] {processor.py:186} INFO - Started process (PID=702) to work on /home/airflow/.local/lib/python3.12/site-packages/airflow/example_dags/example_sla_dag.py
[2024-10-13T09:07:28.155+0000] {processor.py:914} INFO - Processing file /home/airflow/.local/lib/python3.12/site-packages/airflow/example_dags/example_sla_dag.py for tasks to queue
[2024-10-13T09:07:28.159+0000] {logging_mixin.py:190} INFO - [2024-10-13T09:07:28.158+0000] {dagbag.py:588} INFO - Filling up the DagBag from /home/airflow/.local/lib/python3.12/site-packages/airflow/example_dags/example_sla_dag.py
[2024-10-13T09:07:28.174+0000] {processor.py:925} INFO - DAG(s) 'example_sla_dag' retrieved from /home/airflow/.local/lib/python3.12/site-packages/airflow/example_dags/example_sla_dag.py
[2024-10-13T09:07:28.209+0000] {logging_mixin.py:190} INFO - [2024-10-13T09:07:28.208+0000] {dag.py:3239} INFO - Sync 1 DAGs
[2024-10-13T09:07:28.257+0000] {logging_mixin.py:190} INFO - [2024-10-13T09:07:28.257+0000] {dag.py:4180} INFO - Setting next_dagrun for example_sla_dag to 2024-10-13 09:04:00+00:00, run_after=2024-10-13 09:06:00+00:00
[2024-10-13T09:07:28.289+0000] {processor.py:208} INFO - Processing /home/airflow/.local/lib/python3.12/site-packages/airflow/example_dags/example_sla_dag.py took 0.146 seconds
[2024-10-13T09:07:58.448+0000] {processor.py:186} INFO - Started process (PID=765) to work on /home/airflow/.local/lib/python3.12/site-packages/airflow/example_dags/example_sla_dag.py
[2024-10-13T09:07:58.450+0000] {processor.py:914} INFO - Processing file /home/airflow/.local/lib/python3.12/site-packages/airflow/example_dags/example_sla_dag.py for tasks to queue
[2024-10-13T09:07:58.456+0000] {logging_mixin.py:190} INFO - [2024-10-13T09:07:58.455+0000] {dagbag.py:588} INFO - Filling up the DagBag from /home/airflow/.local/lib/python3.12/site-packages/airflow/example_dags/example_sla_dag.py
[2024-10-13T09:07:58.478+0000] {processor.py:925} INFO - DAG(s) 'example_sla_dag' retrieved from /home/airflow/.local/lib/python3.12/site-packages/airflow/example_dags/example_sla_dag.py
[2024-10-13T09:07:58.523+0000] {logging_mixin.py:190} INFO - [2024-10-13T09:07:58.523+0000] {dag.py:3239} INFO - Sync 1 DAGs
[2024-10-13T09:07:58.580+0000] {logging_mixin.py:190} INFO - [2024-10-13T09:07:58.579+0000] {dag.py:4180} INFO - Setting next_dagrun for example_sla_dag to 2024-10-13 09:04:00+00:00, run_after=2024-10-13 09:06:00+00:00
[2024-10-13T09:07:58.632+0000] {processor.py:208} INFO - Processing /home/airflow/.local/lib/python3.12/site-packages/airflow/example_dags/example_sla_dag.py took 0.194 seconds
[2024-10-13T09:08:29.245+0000] {processor.py:186} INFO - Started process (PID=827) to work on /home/airflow/.local/lib/python3.12/site-packages/airflow/example_dags/example_sla_dag.py
[2024-10-13T09:08:29.248+0000] {processor.py:914} INFO - Processing file /home/airflow/.local/lib/python3.12/site-packages/airflow/example_dags/example_sla_dag.py for tasks to queue
[2024-10-13T09:08:29.258+0000] {logging_mixin.py:190} INFO - [2024-10-13T09:08:29.257+0000] {dagbag.py:588} INFO - Filling up the DagBag from /home/airflow/.local/lib/python3.12/site-packages/airflow/example_dags/example_sla_dag.py
[2024-10-13T09:08:29.300+0000] {processor.py:925} INFO - DAG(s) 'example_sla_dag' retrieved from /home/airflow/.local/lib/python3.12/site-packages/airflow/example_dags/example_sla_dag.py
[2024-10-13T09:08:29.392+0000] {logging_mixin.py:190} INFO - [2024-10-13T09:08:29.391+0000] {dag.py:3239} INFO - Sync 1 DAGs
[2024-10-13T09:08:29.492+0000] {logging_mixin.py:190} INFO - [2024-10-13T09:08:29.491+0000] {dag.py:4180} INFO - Setting next_dagrun for example_sla_dag to 2024-10-13 09:06:00+00:00, run_after=2024-10-13 09:08:00+00:00
[2024-10-13T09:08:29.558+0000] {processor.py:208} INFO - Processing /home/airflow/.local/lib/python3.12/site-packages/airflow/example_dags/example_sla_dag.py took 0.331 seconds
[2024-10-13T09:09:00.807+0000] {processor.py:186} INFO - Started process (PID=890) to work on /home/airflow/.local/lib/python3.12/site-packages/airflow/example_dags/example_sla_dag.py
[2024-10-13T09:09:00.813+0000] {processor.py:914} INFO - Processing file /home/airflow/.local/lib/python3.12/site-packages/airflow/example_dags/example_sla_dag.py for tasks to queue
[2024-10-13T09:09:00.827+0000] {logging_mixin.py:190} INFO - [2024-10-13T09:09:00.823+0000] {dagbag.py:588} INFO - Filling up the DagBag from /home/airflow/.local/lib/python3.12/site-packages/airflow/example_dags/example_sla_dag.py
[2024-10-13T09:09:00.874+0000] {processor.py:925} INFO - DAG(s) 'example_sla_dag' retrieved from /home/airflow/.local/lib/python3.12/site-packages/airflow/example_dags/example_sla_dag.py
[2024-10-13T09:09:00.952+0000] {logging_mixin.py:190} INFO - [2024-10-13T09:09:00.951+0000] {dag.py:3239} INFO - Sync 1 DAGs
[2024-10-13T09:09:01.045+0000] {logging_mixin.py:190} INFO - [2024-10-13T09:09:01.045+0000] {dag.py:4180} INFO - Setting next_dagrun for example_sla_dag to 2024-10-13 09:06:00+00:00, run_after=2024-10-13 09:08:00+00:00
[2024-10-13T09:09:01.135+0000] {processor.py:208} INFO - Processing /home/airflow/.local/lib/python3.12/site-packages/airflow/example_dags/example_sla_dag.py took 0.346 seconds
[2024-10-13T09:09:31.889+0000] {processor.py:186} INFO - Started process (PID=953) to work on /home/airflow/.local/lib/python3.12/site-packages/airflow/example_dags/example_sla_dag.py
[2024-10-13T09:09:31.894+0000] {processor.py:914} INFO - Processing file /home/airflow/.local/lib/python3.12/site-packages/airflow/example_dags/example_sla_dag.py for tasks to queue
[2024-10-13T09:09:31.908+0000] {logging_mixin.py:190} INFO - [2024-10-13T09:09:31.907+0000] {dagbag.py:588} INFO - Filling up the DagBag from /home/airflow/.local/lib/python3.12/site-packages/airflow/example_dags/example_sla_dag.py
[2024-10-13T09:09:31.948+0000] {processor.py:925} INFO - DAG(s) 'example_sla_dag' retrieved from /home/airflow/.local/lib/python3.12/site-packages/airflow/example_dags/example_sla_dag.py
[2024-10-13T09:09:32.004+0000] {logging_mixin.py:190} INFO - [2024-10-13T09:09:32.004+0000] {dag.py:3239} INFO - Sync 1 DAGs
[2024-10-13T09:09:32.108+0000] {logging_mixin.py:190} INFO - [2024-10-13T09:09:32.107+0000] {dag.py:4180} INFO - Setting next_dagrun for example_sla_dag to 2024-10-13 09:06:00+00:00, run_after=2024-10-13 09:08:00+00:00
[2024-10-13T09:09:32.196+0000] {processor.py:208} INFO - Processing /home/airflow/.local/lib/python3.12/site-packages/airflow/example_dags/example_sla_dag.py took 0.330 seconds
[2024-10-13T09:10:02.486+0000] {processor.py:186} INFO - Started process (PID=1016) to work on /home/airflow/.local/lib/python3.12/site-packages/airflow/example_dags/example_sla_dag.py
[2024-10-13T09:10:02.487+0000] {processor.py:914} INFO - Processing file /home/airflow/.local/lib/python3.12/site-packages/airflow/example_dags/example_sla_dag.py for tasks to queue
[2024-10-13T09:10:02.492+0000] {logging_mixin.py:190} INFO - [2024-10-13T09:10:02.492+0000] {dagbag.py:588} INFO - Filling up the DagBag from /home/airflow/.local/lib/python3.12/site-packages/airflow/example_dags/example_sla_dag.py
[2024-10-13T09:10:02.505+0000] {processor.py:925} INFO - DAG(s) 'example_sla_dag' retrieved from /home/airflow/.local/lib/python3.12/site-packages/airflow/example_dags/example_sla_dag.py
[2024-10-13T09:10:02.536+0000] {logging_mixin.py:190} INFO - [2024-10-13T09:10:02.536+0000] {dag.py:3239} INFO - Sync 1 DAGs
[2024-10-13T09:10:02.568+0000] {logging_mixin.py:190} INFO - [2024-10-13T09:10:02.568+0000] {dag.py:4180} INFO - Setting next_dagrun for example_sla_dag to 2024-10-13 09:08:00+00:00, run_after=2024-10-13 09:10:00+00:00
[2024-10-13T09:10:02.594+0000] {processor.py:208} INFO - Processing /home/airflow/.local/lib/python3.12/site-packages/airflow/example_dags/example_sla_dag.py took 0.116 seconds
[2024-10-13T09:10:32.804+0000] {processor.py:186} INFO - Started process (PID=1079) to work on /home/airflow/.local/lib/python3.12/site-packages/airflow/example_dags/example_sla_dag.py
[2024-10-13T09:10:32.806+0000] {processor.py:914} INFO - Processing file /home/airflow/.local/lib/python3.12/site-packages/airflow/example_dags/example_sla_dag.py for tasks to queue
[2024-10-13T09:10:32.810+0000] {logging_mixin.py:190} INFO - [2024-10-13T09:10:32.810+0000] {dagbag.py:588} INFO - Filling up the DagBag from /home/airflow/.local/lib/python3.12/site-packages/airflow/example_dags/example_sla_dag.py
[2024-10-13T09:10:32.822+0000] {processor.py:925} INFO - DAG(s) 'example_sla_dag' retrieved from /home/airflow/.local/lib/python3.12/site-packages/airflow/example_dags/example_sla_dag.py
[2024-10-13T09:10:32.847+0000] {logging_mixin.py:190} INFO - [2024-10-13T09:10:32.846+0000] {dag.py:3239} INFO - Sync 1 DAGs
[2024-10-13T09:10:32.900+0000] {logging_mixin.py:190} INFO - [2024-10-13T09:10:32.900+0000] {dag.py:4180} INFO - Setting next_dagrun for example_sla_dag to 2024-10-13 09:08:00+00:00, run_after=2024-10-13 09:10:00+00:00
[2024-10-13T09:10:32.941+0000] {processor.py:208} INFO - Processing /home/airflow/.local/lib/python3.12/site-packages/airflow/example_dags/example_sla_dag.py took 0.143 seconds
[2024-10-13T09:11:03.207+0000] {processor.py:186} INFO - Started process (PID=1142) to work on /home/airflow/.local/lib/python3.12/site-packages/airflow/example_dags/example_sla_dag.py
[2024-10-13T09:11:03.208+0000] {processor.py:914} INFO - Processing file /home/airflow/.local/lib/python3.12/site-packages/airflow/example_dags/example_sla_dag.py for tasks to queue
[2024-10-13T09:11:03.210+0000] {logging_mixin.py:190} INFO - [2024-10-13T09:11:03.210+0000] {dagbag.py:588} INFO - Filling up the DagBag from /home/airflow/.local/lib/python3.12/site-packages/airflow/example_dags/example_sla_dag.py
[2024-10-13T09:11:03.220+0000] {processor.py:925} INFO - DAG(s) 'example_sla_dag' retrieved from /home/airflow/.local/lib/python3.12/site-packages/airflow/example_dags/example_sla_dag.py
[2024-10-13T09:11:03.241+0000] {logging_mixin.py:190} INFO - [2024-10-13T09:11:03.241+0000] {dag.py:3239} INFO - Sync 1 DAGs
[2024-10-13T09:11:03.265+0000] {logging_mixin.py:190} INFO - [2024-10-13T09:11:03.265+0000] {dag.py:4180} INFO - Setting next_dagrun for example_sla_dag to 2024-10-13 09:08:00+00:00, run_after=2024-10-13 09:10:00+00:00
[2024-10-13T09:11:03.287+0000] {processor.py:208} INFO - Processing /home/airflow/.local/lib/python3.12/site-packages/airflow/example_dags/example_sla_dag.py took 0.085 seconds
[2024-10-13T09:11:33.595+0000] {processor.py:186} INFO - Started process (PID=1205) to work on /home/airflow/.local/lib/python3.12/site-packages/airflow/example_dags/example_sla_dag.py
[2024-10-13T09:11:33.596+0000] {processor.py:914} INFO - Processing file /home/airflow/.local/lib/python3.12/site-packages/airflow/example_dags/example_sla_dag.py for tasks to queue
[2024-10-13T09:11:33.599+0000] {logging_mixin.py:190} INFO - [2024-10-13T09:11:33.599+0000] {dagbag.py:588} INFO - Filling up the DagBag from /home/airflow/.local/lib/python3.12/site-packages/airflow/example_dags/example_sla_dag.py
[2024-10-13T09:11:33.611+0000] {processor.py:925} INFO - DAG(s) 'example_sla_dag' retrieved from /home/airflow/.local/lib/python3.12/site-packages/airflow/example_dags/example_sla_dag.py
[2024-10-13T09:11:33.632+0000] {logging_mixin.py:190} INFO - [2024-10-13T09:11:33.632+0000] {dag.py:3239} INFO - Sync 1 DAGs
[2024-10-13T09:11:33.666+0000] {logging_mixin.py:190} INFO - [2024-10-13T09:11:33.665+0000] {dag.py:4180} INFO - Setting next_dagrun for example_sla_dag to 2024-10-13 09:08:00+00:00, run_after=2024-10-13 09:10:00+00:00
[2024-10-13T09:11:33.702+0000] {processor.py:208} INFO - Processing /home/airflow/.local/lib/python3.12/site-packages/airflow/example_dags/example_sla_dag.py took 0.115 seconds
[2024-10-13T09:12:04.501+0000] {processor.py:186} INFO - Started process (PID=1266) to work on /home/airflow/.local/lib/python3.12/site-packages/airflow/example_dags/example_sla_dag.py
[2024-10-13T09:12:04.503+0000] {processor.py:914} INFO - Processing file /home/airflow/.local/lib/python3.12/site-packages/airflow/example_dags/example_sla_dag.py for tasks to queue
[2024-10-13T09:12:04.510+0000] {logging_mixin.py:190} INFO - [2024-10-13T09:12:04.508+0000] {dagbag.py:588} INFO - Filling up the DagBag from /home/airflow/.local/lib/python3.12/site-packages/airflow/example_dags/example_sla_dag.py
[2024-10-13T09:12:04.527+0000] {processor.py:925} INFO - DAG(s) 'example_sla_dag' retrieved from /home/airflow/.local/lib/python3.12/site-packages/airflow/example_dags/example_sla_dag.py
[2024-10-13T09:12:04.550+0000] {logging_mixin.py:190} INFO - [2024-10-13T09:12:04.550+0000] {dag.py:3239} INFO - Sync 1 DAGs
[2024-10-13T09:12:04.576+0000] {logging_mixin.py:190} INFO - [2024-10-13T09:12:04.576+0000] {dag.py:4180} INFO - Setting next_dagrun for example_sla_dag to 2024-10-13 09:10:00+00:00, run_after=2024-10-13 09:12:00+00:00
[2024-10-13T09:12:04.604+0000] {processor.py:208} INFO - Processing /home/airflow/.local/lib/python3.12/site-packages/airflow/example_dags/example_sla_dag.py took 0.110 seconds
[2024-10-13T09:12:35.219+0000] {processor.py:186} INFO - Started process (PID=1329) to work on /home/airflow/.local/lib/python3.12/site-packages/airflow/example_dags/example_sla_dag.py
[2024-10-13T09:12:35.221+0000] {processor.py:914} INFO - Processing file /home/airflow/.local/lib/python3.12/site-packages/airflow/example_dags/example_sla_dag.py for tasks to queue
[2024-10-13T09:12:35.227+0000] {logging_mixin.py:190} INFO - [2024-10-13T09:12:35.226+0000] {dagbag.py:588} INFO - Filling up the DagBag from /home/airflow/.local/lib/python3.12/site-packages/airflow/example_dags/example_sla_dag.py
[2024-10-13T09:12:35.247+0000] {processor.py:925} INFO - DAG(s) 'example_sla_dag' retrieved from /home/airflow/.local/lib/python3.12/site-packages/airflow/example_dags/example_sla_dag.py
[2024-10-13T09:12:35.284+0000] {logging_mixin.py:190} INFO - [2024-10-13T09:12:35.283+0000] {dag.py:3239} INFO - Sync 1 DAGs
[2024-10-13T09:12:35.332+0000] {logging_mixin.py:190} INFO - [2024-10-13T09:12:35.331+0000] {dag.py:4180} INFO - Setting next_dagrun for example_sla_dag to 2024-10-13 09:10:00+00:00, run_after=2024-10-13 09:12:00+00:00
[2024-10-13T09:12:35.379+0000] {processor.py:208} INFO - Processing /home/airflow/.local/lib/python3.12/site-packages/airflow/example_dags/example_sla_dag.py took 0.173 seconds
[2024-10-13T09:13:06.082+0000] {processor.py:186} INFO - Started process (PID=1379) to work on /home/airflow/.local/lib/python3.12/site-packages/airflow/example_dags/example_sla_dag.py
[2024-10-13T09:13:06.084+0000] {processor.py:914} INFO - Processing file /home/airflow/.local/lib/python3.12/site-packages/airflow/example_dags/example_sla_dag.py for tasks to queue
[2024-10-13T09:13:06.099+0000] {logging_mixin.py:190} INFO - [2024-10-13T09:13:06.098+0000] {dagbag.py:588} INFO - Filling up the DagBag from /home/airflow/.local/lib/python3.12/site-packages/airflow/example_dags/example_sla_dag.py
[2024-10-13T09:13:06.179+0000] {processor.py:925} INFO - DAG(s) 'example_sla_dag' retrieved from /home/airflow/.local/lib/python3.12/site-packages/airflow/example_dags/example_sla_dag.py
[2024-10-13T09:13:06.306+0000] {logging_mixin.py:190} INFO - [2024-10-13T09:13:06.306+0000] {dag.py:3239} INFO - Sync 1 DAGs
[2024-10-13T09:13:06.427+0000] {logging_mixin.py:190} INFO - [2024-10-13T09:13:06.427+0000] {dag.py:4180} INFO - Setting next_dagrun for example_sla_dag to 2024-10-13 09:10:00+00:00, run_after=2024-10-13 09:12:00+00:00
[2024-10-13T09:13:06.526+0000] {processor.py:208} INFO - Processing /home/airflow/.local/lib/python3.12/site-packages/airflow/example_dags/example_sla_dag.py took 0.480 seconds
[2024-10-13T09:13:36.673+0000] {processor.py:186} INFO - Started process (PID=1442) to work on /home/airflow/.local/lib/python3.12/site-packages/airflow/example_dags/example_sla_dag.py
[2024-10-13T09:13:36.677+0000] {processor.py:914} INFO - Processing file /home/airflow/.local/lib/python3.12/site-packages/airflow/example_dags/example_sla_dag.py for tasks to queue
[2024-10-13T09:13:36.684+0000] {logging_mixin.py:190} INFO - [2024-10-13T09:13:36.682+0000] {dagbag.py:588} INFO - Filling up the DagBag from /home/airflow/.local/lib/python3.12/site-packages/airflow/example_dags/example_sla_dag.py
[2024-10-13T09:13:36.716+0000] {processor.py:925} INFO - DAG(s) 'example_sla_dag' retrieved from /home/airflow/.local/lib/python3.12/site-packages/airflow/example_dags/example_sla_dag.py
[2024-10-13T09:13:36.776+0000] {logging_mixin.py:190} INFO - [2024-10-13T09:13:36.776+0000] {dag.py:3239} INFO - Sync 1 DAGs
[2024-10-13T09:13:36.845+0000] {logging_mixin.py:190} INFO - [2024-10-13T09:13:36.844+0000] {dag.py:4180} INFO - Setting next_dagrun for example_sla_dag to 2024-10-13 09:10:00+00:00, run_after=2024-10-13 09:12:00+00:00
[2024-10-13T09:13:36.895+0000] {processor.py:208} INFO - Processing /home/airflow/.local/lib/python3.12/site-packages/airflow/example_dags/example_sla_dag.py took 0.247 seconds
[2024-10-13T09:14:07.796+0000] {processor.py:186} INFO - Started process (PID=1505) to work on /home/airflow/.local/lib/python3.12/site-packages/airflow/example_dags/example_sla_dag.py
[2024-10-13T09:14:07.797+0000] {processor.py:914} INFO - Processing file /home/airflow/.local/lib/python3.12/site-packages/airflow/example_dags/example_sla_dag.py for tasks to queue
[2024-10-13T09:14:07.801+0000] {logging_mixin.py:190} INFO - [2024-10-13T09:14:07.800+0000] {dagbag.py:588} INFO - Filling up the DagBag from /home/airflow/.local/lib/python3.12/site-packages/airflow/example_dags/example_sla_dag.py
[2024-10-13T09:14:07.810+0000] {processor.py:925} INFO - DAG(s) 'example_sla_dag' retrieved from /home/airflow/.local/lib/python3.12/site-packages/airflow/example_dags/example_sla_dag.py
[2024-10-13T09:14:07.832+0000] {logging_mixin.py:190} INFO - [2024-10-13T09:14:07.831+0000] {dag.py:3239} INFO - Sync 1 DAGs
[2024-10-13T09:14:07.856+0000] {logging_mixin.py:190} INFO - [2024-10-13T09:14:07.856+0000] {dag.py:4180} INFO - Setting next_dagrun for example_sla_dag to 2024-10-13 09:12:00+00:00, run_after=2024-10-13 09:14:00+00:00
[2024-10-13T09:14:07.883+0000] {processor.py:208} INFO - Processing /home/airflow/.local/lib/python3.12/site-packages/airflow/example_dags/example_sla_dag.py took 0.092 seconds
[2024-10-13T09:14:38.878+0000] {processor.py:186} INFO - Started process (PID=1568) to work on /home/airflow/.local/lib/python3.12/site-packages/airflow/example_dags/example_sla_dag.py
[2024-10-13T09:14:38.880+0000] {processor.py:914} INFO - Processing file /home/airflow/.local/lib/python3.12/site-packages/airflow/example_dags/example_sla_dag.py for tasks to queue
[2024-10-13T09:14:38.885+0000] {logging_mixin.py:190} INFO - [2024-10-13T09:14:38.884+0000] {dagbag.py:588} INFO - Filling up the DagBag from /home/airflow/.local/lib/python3.12/site-packages/airflow/example_dags/example_sla_dag.py
[2024-10-13T09:14:38.900+0000] {processor.py:925} INFO - DAG(s) 'example_sla_dag' retrieved from /home/airflow/.local/lib/python3.12/site-packages/airflow/example_dags/example_sla_dag.py
[2024-10-13T09:14:38.943+0000] {logging_mixin.py:190} INFO - [2024-10-13T09:14:38.942+0000] {dag.py:3239} INFO - Sync 1 DAGs
[2024-10-13T09:14:38.997+0000] {logging_mixin.py:190} INFO - [2024-10-13T09:14:38.997+0000] {dag.py:4180} INFO - Setting next_dagrun for example_sla_dag to 2024-10-13 09:12:00+00:00, run_after=2024-10-13 09:14:00+00:00
[2024-10-13T09:14:39.033+0000] {processor.py:208} INFO - Processing /home/airflow/.local/lib/python3.12/site-packages/airflow/example_dags/example_sla_dag.py took 0.166 seconds
[2024-10-13T09:15:09.409+0000] {processor.py:186} INFO - Started process (PID=1630) to work on /home/airflow/.local/lib/python3.12/site-packages/airflow/example_dags/example_sla_dag.py
[2024-10-13T09:15:09.411+0000] {processor.py:914} INFO - Processing file /home/airflow/.local/lib/python3.12/site-packages/airflow/example_dags/example_sla_dag.py for tasks to queue
[2024-10-13T09:15:09.415+0000] {logging_mixin.py:190} INFO - [2024-10-13T09:15:09.415+0000] {dagbag.py:588} INFO - Filling up the DagBag from /home/airflow/.local/lib/python3.12/site-packages/airflow/example_dags/example_sla_dag.py
[2024-10-13T09:15:09.430+0000] {processor.py:925} INFO - DAG(s) 'example_sla_dag' retrieved from /home/airflow/.local/lib/python3.12/site-packages/airflow/example_dags/example_sla_dag.py
[2024-10-13T09:15:09.467+0000] {logging_mixin.py:190} INFO - [2024-10-13T09:15:09.467+0000] {dag.py:3239} INFO - Sync 1 DAGs
[2024-10-13T09:15:09.509+0000] {logging_mixin.py:190} INFO - [2024-10-13T09:15:09.508+0000] {dag.py:4180} INFO - Setting next_dagrun for example_sla_dag to 2024-10-13 09:12:00+00:00, run_after=2024-10-13 09:14:00+00:00
[2024-10-13T09:15:09.534+0000] {processor.py:208} INFO - Processing /home/airflow/.local/lib/python3.12/site-packages/airflow/example_dags/example_sla_dag.py took 0.135 seconds
[2024-10-13T09:15:39.681+0000] {processor.py:186} INFO - Started process (PID=1693) to work on /home/airflow/.local/lib/python3.12/site-packages/airflow/example_dags/example_sla_dag.py
[2024-10-13T09:15:39.683+0000] {processor.py:914} INFO - Processing file /home/airflow/.local/lib/python3.12/site-packages/airflow/example_dags/example_sla_dag.py for tasks to queue
[2024-10-13T09:15:39.686+0000] {logging_mixin.py:190} INFO - [2024-10-13T09:15:39.686+0000] {dagbag.py:588} INFO - Filling up the DagBag from /home/airflow/.local/lib/python3.12/site-packages/airflow/example_dags/example_sla_dag.py
[2024-10-13T09:15:39.697+0000] {processor.py:925} INFO - DAG(s) 'example_sla_dag' retrieved from /home/airflow/.local/lib/python3.12/site-packages/airflow/example_dags/example_sla_dag.py
[2024-10-13T09:15:39.724+0000] {logging_mixin.py:190} INFO - [2024-10-13T09:15:39.723+0000] {dag.py:3239} INFO - Sync 1 DAGs
[2024-10-13T09:15:39.750+0000] {logging_mixin.py:190} INFO - [2024-10-13T09:15:39.750+0000] {dag.py:4180} INFO - Setting next_dagrun for example_sla_dag to 2024-10-13 09:12:00+00:00, run_after=2024-10-13 09:14:00+00:00
[2024-10-13T09:15:39.782+0000] {processor.py:208} INFO - Processing /home/airflow/.local/lib/python3.12/site-packages/airflow/example_dags/example_sla_dag.py took 0.106 seconds
[2024-10-13T09:16:10.573+0000] {processor.py:186} INFO - Started process (PID=1754) to work on /home/airflow/.local/lib/python3.12/site-packages/airflow/example_dags/example_sla_dag.py
[2024-10-13T09:16:10.578+0000] {processor.py:914} INFO - Processing file /home/airflow/.local/lib/python3.12/site-packages/airflow/example_dags/example_sla_dag.py for tasks to queue
[2024-10-13T09:16:10.592+0000] {logging_mixin.py:190} INFO - [2024-10-13T09:16:10.591+0000] {dagbag.py:588} INFO - Filling up the DagBag from /home/airflow/.local/lib/python3.12/site-packages/airflow/example_dags/example_sla_dag.py
[2024-10-13T09:16:10.622+0000] {processor.py:925} INFO - DAG(s) 'example_sla_dag' retrieved from /home/airflow/.local/lib/python3.12/site-packages/airflow/example_dags/example_sla_dag.py
[2024-10-13T09:16:10.670+0000] {logging_mixin.py:190} INFO - [2024-10-13T09:16:10.669+0000] {dag.py:3239} INFO - Sync 1 DAGs
[2024-10-13T09:16:10.755+0000] {logging_mixin.py:190} INFO - [2024-10-13T09:16:10.755+0000] {dag.py:4180} INFO - Setting next_dagrun for example_sla_dag to 2024-10-13 09:14:00+00:00, run_after=2024-10-13 09:16:00+00:00
[2024-10-13T09:16:10.823+0000] {processor.py:208} INFO - Processing /home/airflow/.local/lib/python3.12/site-packages/airflow/example_dags/example_sla_dag.py took 0.265 seconds
[2024-10-13T09:16:41.146+0000] {processor.py:186} INFO - Started process (PID=1815) to work on /home/airflow/.local/lib/python3.12/site-packages/airflow/example_dags/example_sla_dag.py
[2024-10-13T09:16:41.147+0000] {processor.py:914} INFO - Processing file /home/airflow/.local/lib/python3.12/site-packages/airflow/example_dags/example_sla_dag.py for tasks to queue
[2024-10-13T09:16:41.150+0000] {logging_mixin.py:190} INFO - [2024-10-13T09:16:41.150+0000] {dagbag.py:588} INFO - Filling up the DagBag from /home/airflow/.local/lib/python3.12/site-packages/airflow/example_dags/example_sla_dag.py
[2024-10-13T09:16:41.161+0000] {processor.py:925} INFO - DAG(s) 'example_sla_dag' retrieved from /home/airflow/.local/lib/python3.12/site-packages/airflow/example_dags/example_sla_dag.py
[2024-10-13T09:16:41.184+0000] {logging_mixin.py:190} INFO - [2024-10-13T09:16:41.184+0000] {dag.py:3239} INFO - Sync 1 DAGs
[2024-10-13T09:16:41.209+0000] {logging_mixin.py:190} INFO - [2024-10-13T09:16:41.208+0000] {dag.py:4180} INFO - Setting next_dagrun for example_sla_dag to 2024-10-13 09:14:00+00:00, run_after=2024-10-13 09:16:00+00:00
[2024-10-13T09:16:41.237+0000] {processor.py:208} INFO - Processing /home/airflow/.local/lib/python3.12/site-packages/airflow/example_dags/example_sla_dag.py took 0.096 seconds
[2024-10-13T09:17:11.377+0000] {processor.py:186} INFO - Started process (PID=1878) to work on /home/airflow/.local/lib/python3.12/site-packages/airflow/example_dags/example_sla_dag.py
[2024-10-13T09:17:11.378+0000] {processor.py:914} INFO - Processing file /home/airflow/.local/lib/python3.12/site-packages/airflow/example_dags/example_sla_dag.py for tasks to queue
[2024-10-13T09:17:11.381+0000] {logging_mixin.py:190} INFO - [2024-10-13T09:17:11.381+0000] {dagbag.py:588} INFO - Filling up the DagBag from /home/airflow/.local/lib/python3.12/site-packages/airflow/example_dags/example_sla_dag.py
[2024-10-13T09:17:11.389+0000] {processor.py:925} INFO - DAG(s) 'example_sla_dag' retrieved from /home/airflow/.local/lib/python3.12/site-packages/airflow/example_dags/example_sla_dag.py
[2024-10-13T09:17:11.414+0000] {logging_mixin.py:190} INFO - [2024-10-13T09:17:11.413+0000] {dag.py:3239} INFO - Sync 1 DAGs
[2024-10-13T09:17:11.456+0000] {logging_mixin.py:190} INFO - [2024-10-13T09:17:11.456+0000] {dag.py:4180} INFO - Setting next_dagrun for example_sla_dag to 2024-10-13 09:14:00+00:00, run_after=2024-10-13 09:16:00+00:00
[2024-10-13T09:17:11.487+0000] {processor.py:208} INFO - Processing /home/airflow/.local/lib/python3.12/site-packages/airflow/example_dags/example_sla_dag.py took 0.115 seconds
[2024-10-13T09:17:42.400+0000] {processor.py:186} INFO - Started process (PID=1941) to work on /home/airflow/.local/lib/python3.12/site-packages/airflow/example_dags/example_sla_dag.py
[2024-10-13T09:17:42.402+0000] {processor.py:914} INFO - Processing file /home/airflow/.local/lib/python3.12/site-packages/airflow/example_dags/example_sla_dag.py for tasks to queue
[2024-10-13T09:17:42.404+0000] {logging_mixin.py:190} INFO - [2024-10-13T09:17:42.403+0000] {dagbag.py:588} INFO - Filling up the DagBag from /home/airflow/.local/lib/python3.12/site-packages/airflow/example_dags/example_sla_dag.py
[2024-10-13T09:17:42.413+0000] {processor.py:925} INFO - DAG(s) 'example_sla_dag' retrieved from /home/airflow/.local/lib/python3.12/site-packages/airflow/example_dags/example_sla_dag.py
[2024-10-13T09:17:42.432+0000] {logging_mixin.py:190} INFO - [2024-10-13T09:17:42.432+0000] {dag.py:3239} INFO - Sync 1 DAGs
[2024-10-13T09:17:42.453+0000] {logging_mixin.py:190} INFO - [2024-10-13T09:17:42.452+0000] {dag.py:4180} INFO - Setting next_dagrun for example_sla_dag to 2024-10-13 09:14:00+00:00, run_after=2024-10-13 09:16:00+00:00
[2024-10-13T09:17:42.473+0000] {processor.py:208} INFO - Processing /home/airflow/.local/lib/python3.12/site-packages/airflow/example_dags/example_sla_dag.py took 0.077 seconds
[2024-10-13T09:18:13.106+0000] {processor.py:186} INFO - Started process (PID=2004) to work on /home/airflow/.local/lib/python3.12/site-packages/airflow/example_dags/example_sla_dag.py
[2024-10-13T09:18:13.107+0000] {processor.py:914} INFO - Processing file /home/airflow/.local/lib/python3.12/site-packages/airflow/example_dags/example_sla_dag.py for tasks to queue
[2024-10-13T09:18:13.110+0000] {logging_mixin.py:190} INFO - [2024-10-13T09:18:13.110+0000] {dagbag.py:588} INFO - Filling up the DagBag from /home/airflow/.local/lib/python3.12/site-packages/airflow/example_dags/example_sla_dag.py
[2024-10-13T09:18:13.119+0000] {processor.py:925} INFO - DAG(s) 'example_sla_dag' retrieved from /home/airflow/.local/lib/python3.12/site-packages/airflow/example_dags/example_sla_dag.py
[2024-10-13T09:18:13.138+0000] {logging_mixin.py:190} INFO - [2024-10-13T09:18:13.138+0000] {dag.py:3239} INFO - Sync 1 DAGs
[2024-10-13T09:18:13.175+0000] {logging_mixin.py:190} INFO - [2024-10-13T09:18:13.174+0000] {dag.py:4180} INFO - Setting next_dagrun for example_sla_dag to 2024-10-13 09:16:00+00:00, run_after=2024-10-13 09:18:00+00:00
[2024-10-13T09:18:13.205+0000] {processor.py:208} INFO - Processing /home/airflow/.local/lib/python3.12/site-packages/airflow/example_dags/example_sla_dag.py took 0.105 seconds
[2024-10-13T09:18:43.436+0000] {processor.py:186} INFO - Started process (PID=2067) to work on /home/airflow/.local/lib/python3.12/site-packages/airflow/example_dags/example_sla_dag.py
[2024-10-13T09:18:43.437+0000] {processor.py:914} INFO - Processing file /home/airflow/.local/lib/python3.12/site-packages/airflow/example_dags/example_sla_dag.py for tasks to queue
[2024-10-13T09:18:43.439+0000] {logging_mixin.py:190} INFO - [2024-10-13T09:18:43.439+0000] {dagbag.py:588} INFO - Filling up the DagBag from /home/airflow/.local/lib/python3.12/site-packages/airflow/example_dags/example_sla_dag.py
[2024-10-13T09:18:43.450+0000] {processor.py:925} INFO - DAG(s) 'example_sla_dag' retrieved from /home/airflow/.local/lib/python3.12/site-packages/airflow/example_dags/example_sla_dag.py
[2024-10-13T09:18:43.477+0000] {logging_mixin.py:190} INFO - [2024-10-13T09:18:43.477+0000] {dag.py:3239} INFO - Sync 1 DAGs
[2024-10-13T09:18:43.503+0000] {logging_mixin.py:190} INFO - [2024-10-13T09:18:43.503+0000] {dag.py:4180} INFO - Setting next_dagrun for example_sla_dag to 2024-10-13 09:16:00+00:00, run_after=2024-10-13 09:18:00+00:00
[2024-10-13T09:18:43.531+0000] {processor.py:208} INFO - Processing /home/airflow/.local/lib/python3.12/site-packages/airflow/example_dags/example_sla_dag.py took 0.099 seconds
[2024-10-13T09:19:14.163+0000] {processor.py:186} INFO - Started process (PID=2130) to work on /home/airflow/.local/lib/python3.12/site-packages/airflow/example_dags/example_sla_dag.py
[2024-10-13T09:19:14.164+0000] {processor.py:914} INFO - Processing file /home/airflow/.local/lib/python3.12/site-packages/airflow/example_dags/example_sla_dag.py for tasks to queue
[2024-10-13T09:19:14.169+0000] {logging_mixin.py:190} INFO - [2024-10-13T09:19:14.168+0000] {dagbag.py:588} INFO - Filling up the DagBag from /home/airflow/.local/lib/python3.12/site-packages/airflow/example_dags/example_sla_dag.py
[2024-10-13T09:19:14.185+0000] {processor.py:925} INFO - DAG(s) 'example_sla_dag' retrieved from /home/airflow/.local/lib/python3.12/site-packages/airflow/example_dags/example_sla_dag.py
[2024-10-13T09:19:14.205+0000] {logging_mixin.py:190} INFO - [2024-10-13T09:19:14.205+0000] {dag.py:3239} INFO - Sync 1 DAGs
[2024-10-13T09:19:14.235+0000] {logging_mixin.py:190} INFO - [2024-10-13T09:19:14.235+0000] {dag.py:4180} INFO - Setting next_dagrun for example_sla_dag to 2024-10-13 09:16:00+00:00, run_after=2024-10-13 09:18:00+00:00
[2024-10-13T09:19:14.257+0000] {processor.py:208} INFO - Processing /home/airflow/.local/lib/python3.12/site-packages/airflow/example_dags/example_sla_dag.py took 0.100 seconds
[2024-10-13T09:19:44.489+0000] {processor.py:186} INFO - Started process (PID=2193) to work on /home/airflow/.local/lib/python3.12/site-packages/airflow/example_dags/example_sla_dag.py
[2024-10-13T09:19:44.491+0000] {processor.py:914} INFO - Processing file /home/airflow/.local/lib/python3.12/site-packages/airflow/example_dags/example_sla_dag.py for tasks to queue
[2024-10-13T09:19:44.496+0000] {logging_mixin.py:190} INFO - [2024-10-13T09:19:44.495+0000] {dagbag.py:588} INFO - Filling up the DagBag from /home/airflow/.local/lib/python3.12/site-packages/airflow/example_dags/example_sla_dag.py
[2024-10-13T09:19:44.514+0000] {processor.py:925} INFO - DAG(s) 'example_sla_dag' retrieved from /home/airflow/.local/lib/python3.12/site-packages/airflow/example_dags/example_sla_dag.py
[2024-10-13T09:19:44.549+0000] {logging_mixin.py:190} INFO - [2024-10-13T09:19:44.549+0000] {dag.py:3239} INFO - Sync 1 DAGs
[2024-10-13T09:19:44.597+0000] {logging_mixin.py:190} INFO - [2024-10-13T09:19:44.596+0000] {dag.py:4180} INFO - Setting next_dagrun for example_sla_dag to 2024-10-13 09:16:00+00:00, run_after=2024-10-13 09:18:00+00:00
[2024-10-13T09:19:44.642+0000] {processor.py:208} INFO - Processing /home/airflow/.local/lib/python3.12/site-packages/airflow/example_dags/example_sla_dag.py took 0.166 seconds
[2024-10-13T09:20:15.567+0000] {processor.py:186} INFO - Started process (PID=2256) to work on /home/airflow/.local/lib/python3.12/site-packages/airflow/example_dags/example_sla_dag.py
[2024-10-13T09:20:15.569+0000] {processor.py:914} INFO - Processing file /home/airflow/.local/lib/python3.12/site-packages/airflow/example_dags/example_sla_dag.py for tasks to queue
[2024-10-13T09:20:15.574+0000] {logging_mixin.py:190} INFO - [2024-10-13T09:20:15.574+0000] {dagbag.py:588} INFO - Filling up the DagBag from /home/airflow/.local/lib/python3.12/site-packages/airflow/example_dags/example_sla_dag.py
[2024-10-13T09:20:15.594+0000] {processor.py:925} INFO - DAG(s) 'example_sla_dag' retrieved from /home/airflow/.local/lib/python3.12/site-packages/airflow/example_dags/example_sla_dag.py
[2024-10-13T09:20:15.630+0000] {logging_mixin.py:190} INFO - [2024-10-13T09:20:15.630+0000] {dag.py:3239} INFO - Sync 1 DAGs
[2024-10-13T09:20:15.688+0000] {logging_mixin.py:190} INFO - [2024-10-13T09:20:15.687+0000] {dag.py:4180} INFO - Setting next_dagrun for example_sla_dag to 2024-10-13 09:18:00+00:00, run_after=2024-10-13 09:20:00+00:00
[2024-10-13T09:20:15.735+0000] {processor.py:208} INFO - Processing /home/airflow/.local/lib/python3.12/site-packages/airflow/example_dags/example_sla_dag.py took 0.180 seconds
[2024-10-13T09:20:46.339+0000] {processor.py:186} INFO - Started process (PID=2319) to work on /home/airflow/.local/lib/python3.12/site-packages/airflow/example_dags/example_sla_dag.py
[2024-10-13T09:20:46.341+0000] {processor.py:914} INFO - Processing file /home/airflow/.local/lib/python3.12/site-packages/airflow/example_dags/example_sla_dag.py for tasks to queue
[2024-10-13T09:20:46.346+0000] {logging_mixin.py:190} INFO - [2024-10-13T09:20:46.346+0000] {dagbag.py:588} INFO - Filling up the DagBag from /home/airflow/.local/lib/python3.12/site-packages/airflow/example_dags/example_sla_dag.py
[2024-10-13T09:20:46.363+0000] {processor.py:925} INFO - DAG(s) 'example_sla_dag' retrieved from /home/airflow/.local/lib/python3.12/site-packages/airflow/example_dags/example_sla_dag.py
[2024-10-13T09:20:46.410+0000] {logging_mixin.py:190} INFO - [2024-10-13T09:20:46.409+0000] {dag.py:3239} INFO - Sync 1 DAGs
[2024-10-13T09:20:46.455+0000] {logging_mixin.py:190} INFO - [2024-10-13T09:20:46.455+0000] {dag.py:4180} INFO - Setting next_dagrun for example_sla_dag to 2024-10-13 09:18:00+00:00, run_after=2024-10-13 09:20:00+00:00
[2024-10-13T09:20:46.491+0000] {processor.py:208} INFO - Processing /home/airflow/.local/lib/python3.12/site-packages/airflow/example_dags/example_sla_dag.py took 0.163 seconds
[2024-10-13T09:21:16.627+0000] {processor.py:186} INFO - Started process (PID=2382) to work on /home/airflow/.local/lib/python3.12/site-packages/airflow/example_dags/example_sla_dag.py
[2024-10-13T09:21:16.629+0000] {processor.py:914} INFO - Processing file /home/airflow/.local/lib/python3.12/site-packages/airflow/example_dags/example_sla_dag.py for tasks to queue
[2024-10-13T09:21:16.632+0000] {logging_mixin.py:190} INFO - [2024-10-13T09:21:16.632+0000] {dagbag.py:588} INFO - Filling up the DagBag from /home/airflow/.local/lib/python3.12/site-packages/airflow/example_dags/example_sla_dag.py
[2024-10-13T09:21:16.644+0000] {processor.py:925} INFO - DAG(s) 'example_sla_dag' retrieved from /home/airflow/.local/lib/python3.12/site-packages/airflow/example_dags/example_sla_dag.py
[2024-10-13T09:21:16.674+0000] {logging_mixin.py:190} INFO - [2024-10-13T09:21:16.674+0000] {dag.py:3239} INFO - Sync 1 DAGs
[2024-10-13T09:21:16.712+0000] {logging_mixin.py:190} INFO - [2024-10-13T09:21:16.711+0000] {dag.py:4180} INFO - Setting next_dagrun for example_sla_dag to 2024-10-13 09:18:00+00:00, run_after=2024-10-13 09:20:00+00:00
[2024-10-13T09:21:16.742+0000] {processor.py:208} INFO - Processing /home/airflow/.local/lib/python3.12/site-packages/airflow/example_dags/example_sla_dag.py took 0.122 seconds
[2024-10-13T09:21:46.997+0000] {processor.py:186} INFO - Started process (PID=2446) to work on /home/airflow/.local/lib/python3.12/site-packages/airflow/example_dags/example_sla_dag.py
[2024-10-13T09:21:46.999+0000] {processor.py:914} INFO - Processing file /home/airflow/.local/lib/python3.12/site-packages/airflow/example_dags/example_sla_dag.py for tasks to queue
[2024-10-13T09:21:47.003+0000] {logging_mixin.py:190} INFO - [2024-10-13T09:21:47.003+0000] {dagbag.py:588} INFO - Filling up the DagBag from /home/airflow/.local/lib/python3.12/site-packages/airflow/example_dags/example_sla_dag.py
[2024-10-13T09:21:47.017+0000] {processor.py:925} INFO - DAG(s) 'example_sla_dag' retrieved from /home/airflow/.local/lib/python3.12/site-packages/airflow/example_dags/example_sla_dag.py
[2024-10-13T09:21:47.045+0000] {logging_mixin.py:190} INFO - [2024-10-13T09:21:47.045+0000] {dag.py:3239} INFO - Sync 1 DAGs
[2024-10-13T09:21:47.075+0000] {logging_mixin.py:190} INFO - [2024-10-13T09:21:47.074+0000] {dag.py:4180} INFO - Setting next_dagrun for example_sla_dag to 2024-10-13 09:18:00+00:00, run_after=2024-10-13 09:20:00+00:00
[2024-10-13T09:21:47.108+0000] {processor.py:208} INFO - Processing /home/airflow/.local/lib/python3.12/site-packages/airflow/example_dags/example_sla_dag.py took 0.118 seconds
[2024-10-13T09:22:17.740+0000] {processor.py:186} INFO - Started process (PID=2515) to work on /home/airflow/.local/lib/python3.12/site-packages/airflow/example_dags/example_sla_dag.py
[2024-10-13T09:22:17.742+0000] {processor.py:914} INFO - Processing file /home/airflow/.local/lib/python3.12/site-packages/airflow/example_dags/example_sla_dag.py for tasks to queue
[2024-10-13T09:22:17.747+0000] {logging_mixin.py:190} INFO - [2024-10-13T09:22:17.746+0000] {dagbag.py:588} INFO - Filling up the DagBag from /home/airflow/.local/lib/python3.12/site-packages/airflow/example_dags/example_sla_dag.py
[2024-10-13T09:22:17.759+0000] {processor.py:925} INFO - DAG(s) 'example_sla_dag' retrieved from /home/airflow/.local/lib/python3.12/site-packages/airflow/example_dags/example_sla_dag.py
[2024-10-13T09:22:17.781+0000] {logging_mixin.py:190} INFO - [2024-10-13T09:22:17.780+0000] {dag.py:3239} INFO - Sync 1 DAGs
[2024-10-13T09:22:17.808+0000] {logging_mixin.py:190} INFO - [2024-10-13T09:22:17.808+0000] {dag.py:4180} INFO - Setting next_dagrun for example_sla_dag to 2024-10-13 09:20:00+00:00, run_after=2024-10-13 09:22:00+00:00
[2024-10-13T09:22:17.829+0000] {processor.py:208} INFO - Processing /home/airflow/.local/lib/python3.12/site-packages/airflow/example_dags/example_sla_dag.py took 0.098 seconds
[2024-10-13T09:22:48.455+0000] {processor.py:186} INFO - Started process (PID=2578) to work on /home/airflow/.local/lib/python3.12/site-packages/airflow/example_dags/example_sla_dag.py
[2024-10-13T09:22:48.457+0000] {processor.py:914} INFO - Processing file /home/airflow/.local/lib/python3.12/site-packages/airflow/example_dags/example_sla_dag.py for tasks to queue
[2024-10-13T09:22:48.463+0000] {logging_mixin.py:190} INFO - [2024-10-13T09:22:48.462+0000] {dagbag.py:588} INFO - Filling up the DagBag from /home/airflow/.local/lib/python3.12/site-packages/airflow/example_dags/example_sla_dag.py
[2024-10-13T09:22:48.481+0000] {processor.py:925} INFO - DAG(s) 'example_sla_dag' retrieved from /home/airflow/.local/lib/python3.12/site-packages/airflow/example_dags/example_sla_dag.py
[2024-10-13T09:22:48.504+0000] {logging_mixin.py:190} INFO - [2024-10-13T09:22:48.503+0000] {dag.py:3239} INFO - Sync 1 DAGs
[2024-10-13T09:22:48.534+0000] {logging_mixin.py:190} INFO - [2024-10-13T09:22:48.533+0000] {dag.py:4180} INFO - Setting next_dagrun for example_sla_dag to 2024-10-13 09:20:00+00:00, run_after=2024-10-13 09:22:00+00:00
[2024-10-13T09:22:48.558+0000] {processor.py:208} INFO - Processing /home/airflow/.local/lib/python3.12/site-packages/airflow/example_dags/example_sla_dag.py took 0.109 seconds
[2024-10-13T09:23:18.942+0000] {processor.py:186} INFO - Started process (PID=2641) to work on /home/airflow/.local/lib/python3.12/site-packages/airflow/example_dags/example_sla_dag.py
[2024-10-13T09:23:18.944+0000] {processor.py:914} INFO - Processing file /home/airflow/.local/lib/python3.12/site-packages/airflow/example_dags/example_sla_dag.py for tasks to queue
[2024-10-13T09:23:18.948+0000] {logging_mixin.py:190} INFO - [2024-10-13T09:23:18.948+0000] {dagbag.py:588} INFO - Filling up the DagBag from /home/airflow/.local/lib/python3.12/site-packages/airflow/example_dags/example_sla_dag.py
[2024-10-13T09:23:18.963+0000] {processor.py:925} INFO - DAG(s) 'example_sla_dag' retrieved from /home/airflow/.local/lib/python3.12/site-packages/airflow/example_dags/example_sla_dag.py
[2024-10-13T09:23:18.990+0000] {logging_mixin.py:190} INFO - [2024-10-13T09:23:18.989+0000] {dag.py:3239} INFO - Sync 1 DAGs
[2024-10-13T09:23:19.029+0000] {logging_mixin.py:190} INFO - [2024-10-13T09:23:19.029+0000] {dag.py:4180} INFO - Setting next_dagrun for example_sla_dag to 2024-10-13 09:20:00+00:00, run_after=2024-10-13 09:22:00+00:00
[2024-10-13T09:23:19.065+0000] {processor.py:208} INFO - Processing /home/airflow/.local/lib/python3.12/site-packages/airflow/example_dags/example_sla_dag.py took 0.132 seconds
[2024-10-13T09:23:49.163+0000] {processor.py:186} INFO - Started process (PID=2704) to work on /home/airflow/.local/lib/python3.12/site-packages/airflow/example_dags/example_sla_dag.py
[2024-10-13T09:23:49.165+0000] {processor.py:914} INFO - Processing file /home/airflow/.local/lib/python3.12/site-packages/airflow/example_dags/example_sla_dag.py for tasks to queue
[2024-10-13T09:23:49.169+0000] {logging_mixin.py:190} INFO - [2024-10-13T09:23:49.169+0000] {dagbag.py:588} INFO - Filling up the DagBag from /home/airflow/.local/lib/python3.12/site-packages/airflow/example_dags/example_sla_dag.py
[2024-10-13T09:23:49.184+0000] {processor.py:925} INFO - DAG(s) 'example_sla_dag' retrieved from /home/airflow/.local/lib/python3.12/site-packages/airflow/example_dags/example_sla_dag.py
[2024-10-13T09:23:49.214+0000] {logging_mixin.py:190} INFO - [2024-10-13T09:23:49.214+0000] {dag.py:3239} INFO - Sync 1 DAGs
[2024-10-13T09:23:49.250+0000] {logging_mixin.py:190} INFO - [2024-10-13T09:23:49.250+0000] {dag.py:4180} INFO - Setting next_dagrun for example_sla_dag to 2024-10-13 09:20:00+00:00, run_after=2024-10-13 09:22:00+00:00
[2024-10-13T09:23:49.280+0000] {processor.py:208} INFO - Processing /home/airflow/.local/lib/python3.12/site-packages/airflow/example_dags/example_sla_dag.py took 0.124 seconds
[2024-10-13T09:24:20.656+0000] {processor.py:186} INFO - Started process (PID=2767) to work on /home/airflow/.local/lib/python3.12/site-packages/airflow/example_dags/example_sla_dag.py
[2024-10-13T09:24:20.669+0000] {processor.py:914} INFO - Processing file /home/airflow/.local/lib/python3.12/site-packages/airflow/example_dags/example_sla_dag.py for tasks to queue
[2024-10-13T09:24:20.693+0000] {logging_mixin.py:190} INFO - [2024-10-13T09:24:20.692+0000] {dagbag.py:588} INFO - Filling up the DagBag from /home/airflow/.local/lib/python3.12/site-packages/airflow/example_dags/example_sla_dag.py
[2024-10-13T09:24:20.795+0000] {processor.py:925} INFO - DAG(s) 'example_sla_dag' retrieved from /home/airflow/.local/lib/python3.12/site-packages/airflow/example_dags/example_sla_dag.py
[2024-10-13T09:24:20.961+0000] {logging_mixin.py:190} INFO - [2024-10-13T09:24:20.956+0000] {dag.py:3239} INFO - Sync 1 DAGs
[2024-10-13T09:24:21.170+0000] {logging_mixin.py:190} INFO - [2024-10-13T09:24:21.169+0000] {dag.py:4180} INFO - Setting next_dagrun for example_sla_dag to 2024-10-13 09:22:00+00:00, run_after=2024-10-13 09:24:00+00:00
[2024-10-13T09:24:21.327+0000] {processor.py:208} INFO - Processing /home/airflow/.local/lib/python3.12/site-packages/airflow/example_dags/example_sla_dag.py took 0.699 seconds
[2024-10-13T09:24:51.469+0000] {processor.py:186} INFO - Started process (PID=2830) to work on /home/airflow/.local/lib/python3.12/site-packages/airflow/example_dags/example_sla_dag.py
[2024-10-13T09:24:51.472+0000] {processor.py:914} INFO - Processing file /home/airflow/.local/lib/python3.12/site-packages/airflow/example_dags/example_sla_dag.py for tasks to queue
[2024-10-13T09:24:51.481+0000] {logging_mixin.py:190} INFO - [2024-10-13T09:24:51.481+0000] {dagbag.py:588} INFO - Filling up the DagBag from /home/airflow/.local/lib/python3.12/site-packages/airflow/example_dags/example_sla_dag.py
[2024-10-13T09:24:51.516+0000] {processor.py:925} INFO - DAG(s) 'example_sla_dag' retrieved from /home/airflow/.local/lib/python3.12/site-packages/airflow/example_dags/example_sla_dag.py
[2024-10-13T09:24:51.578+0000] {logging_mixin.py:190} INFO - [2024-10-13T09:24:51.577+0000] {dag.py:3239} INFO - Sync 1 DAGs
[2024-10-13T09:24:51.668+0000] {logging_mixin.py:190} INFO - [2024-10-13T09:24:51.667+0000] {dag.py:4180} INFO - Setting next_dagrun for example_sla_dag to 2024-10-13 09:22:00+00:00, run_after=2024-10-13 09:24:00+00:00
[2024-10-13T09:24:51.746+0000] {processor.py:208} INFO - Processing /home/airflow/.local/lib/python3.12/site-packages/airflow/example_dags/example_sla_dag.py took 0.292 seconds
[2024-10-13T09:25:21.886+0000] {processor.py:186} INFO - Started process (PID=2893) to work on /home/airflow/.local/lib/python3.12/site-packages/airflow/example_dags/example_sla_dag.py
[2024-10-13T09:25:21.888+0000] {processor.py:914} INFO - Processing file /home/airflow/.local/lib/python3.12/site-packages/airflow/example_dags/example_sla_dag.py for tasks to queue
[2024-10-13T09:25:21.891+0000] {logging_mixin.py:190} INFO - [2024-10-13T09:25:21.891+0000] {dagbag.py:588} INFO - Filling up the DagBag from /home/airflow/.local/lib/python3.12/site-packages/airflow/example_dags/example_sla_dag.py
[2024-10-13T09:25:21.901+0000] {processor.py:925} INFO - DAG(s) 'example_sla_dag' retrieved from /home/airflow/.local/lib/python3.12/site-packages/airflow/example_dags/example_sla_dag.py
[2024-10-13T09:25:21.923+0000] {logging_mixin.py:190} INFO - [2024-10-13T09:25:21.923+0000] {dag.py:3239} INFO - Sync 1 DAGs
[2024-10-13T09:25:21.949+0000] {logging_mixin.py:190} INFO - [2024-10-13T09:25:21.949+0000] {dag.py:4180} INFO - Setting next_dagrun for example_sla_dag to 2024-10-13 09:22:00+00:00, run_after=2024-10-13 09:24:00+00:00
[2024-10-13T09:25:21.971+0000] {processor.py:208} INFO - Processing /home/airflow/.local/lib/python3.12/site-packages/airflow/example_dags/example_sla_dag.py took 0.091 seconds
[2024-10-13T09:25:52.846+0000] {processor.py:186} INFO - Started process (PID=2956) to work on /home/airflow/.local/lib/python3.12/site-packages/airflow/example_dags/example_sla_dag.py
[2024-10-13T09:25:52.848+0000] {processor.py:914} INFO - Processing file /home/airflow/.local/lib/python3.12/site-packages/airflow/example_dags/example_sla_dag.py for tasks to queue
[2024-10-13T09:25:52.853+0000] {logging_mixin.py:190} INFO - [2024-10-13T09:25:52.853+0000] {dagbag.py:588} INFO - Filling up the DagBag from /home/airflow/.local/lib/python3.12/site-packages/airflow/example_dags/example_sla_dag.py
[2024-10-13T09:25:52.873+0000] {processor.py:925} INFO - DAG(s) 'example_sla_dag' retrieved from /home/airflow/.local/lib/python3.12/site-packages/airflow/example_dags/example_sla_dag.py
[2024-10-13T09:25:52.905+0000] {logging_mixin.py:190} INFO - [2024-10-13T09:25:52.905+0000] {dag.py:3239} INFO - Sync 1 DAGs
[2024-10-13T09:25:52.939+0000] {logging_mixin.py:190} INFO - [2024-10-13T09:25:52.939+0000] {dag.py:4180} INFO - Setting next_dagrun for example_sla_dag to 2024-10-13 09:22:00+00:00, run_after=2024-10-13 09:24:00+00:00
[2024-10-13T09:25:52.972+0000] {processor.py:208} INFO - Processing /home/airflow/.local/lib/python3.12/site-packages/airflow/example_dags/example_sla_dag.py took 0.133 seconds
[2024-10-13T09:26:23.879+0000] {processor.py:186} INFO - Started process (PID=3018) to work on /home/airflow/.local/lib/python3.12/site-packages/airflow/example_dags/example_sla_dag.py
[2024-10-13T09:26:23.894+0000] {processor.py:914} INFO - Processing file /home/airflow/.local/lib/python3.12/site-packages/airflow/example_dags/example_sla_dag.py for tasks to queue
[2024-10-13T09:26:23.913+0000] {logging_mixin.py:190} INFO - [2024-10-13T09:26:23.913+0000] {dagbag.py:588} INFO - Filling up the DagBag from /home/airflow/.local/lib/python3.12/site-packages/airflow/example_dags/example_sla_dag.py
[2024-10-13T09:26:23.951+0000] {processor.py:925} INFO - DAG(s) 'example_sla_dag' retrieved from /home/airflow/.local/lib/python3.12/site-packages/airflow/example_dags/example_sla_dag.py
[2024-10-13T09:26:23.998+0000] {logging_mixin.py:190} INFO - [2024-10-13T09:26:23.997+0000] {dag.py:3239} INFO - Sync 1 DAGs
[2024-10-13T09:26:24.091+0000] {logging_mixin.py:190} INFO - [2024-10-13T09:26:24.087+0000] {dag.py:4180} INFO - Setting next_dagrun for example_sla_dag to 2024-10-13 09:24:00+00:00, run_after=2024-10-13 09:26:00+00:00
[2024-10-13T09:26:24.294+0000] {processor.py:208} INFO - Processing /home/airflow/.local/lib/python3.12/site-packages/airflow/example_dags/example_sla_dag.py took 0.433 seconds
[2024-10-13T09:26:55.414+0000] {processor.py:186} INFO - Started process (PID=3081) to work on /home/airflow/.local/lib/python3.12/site-packages/airflow/example_dags/example_sla_dag.py
[2024-10-13T09:26:55.423+0000] {processor.py:914} INFO - Processing file /home/airflow/.local/lib/python3.12/site-packages/airflow/example_dags/example_sla_dag.py for tasks to queue
[2024-10-13T09:26:55.437+0000] {logging_mixin.py:190} INFO - [2024-10-13T09:26:55.436+0000] {dagbag.py:588} INFO - Filling up the DagBag from /home/airflow/.local/lib/python3.12/site-packages/airflow/example_dags/example_sla_dag.py
[2024-10-13T09:26:55.476+0000] {processor.py:925} INFO - DAG(s) 'example_sla_dag' retrieved from /home/airflow/.local/lib/python3.12/site-packages/airflow/example_dags/example_sla_dag.py
[2024-10-13T09:26:55.537+0000] {logging_mixin.py:190} INFO - [2024-10-13T09:26:55.536+0000] {dag.py:3239} INFO - Sync 1 DAGs
[2024-10-13T09:26:55.696+0000] {logging_mixin.py:190} INFO - [2024-10-13T09:26:55.696+0000] {dag.py:4180} INFO - Setting next_dagrun for example_sla_dag to 2024-10-13 09:24:00+00:00, run_after=2024-10-13 09:26:00+00:00
[2024-10-13T09:26:55.769+0000] {processor.py:208} INFO - Processing /home/airflow/.local/lib/python3.12/site-packages/airflow/example_dags/example_sla_dag.py took 0.365 seconds
[2024-10-13T09:27:27.246+0000] {processor.py:186} INFO - Started process (PID=3145) to work on /home/airflow/.local/lib/python3.12/site-packages/airflow/example_dags/example_sla_dag.py
[2024-10-13T09:27:27.251+0000] {processor.py:914} INFO - Processing file /home/airflow/.local/lib/python3.12/site-packages/airflow/example_dags/example_sla_dag.py for tasks to queue
[2024-10-13T09:27:27.298+0000] {logging_mixin.py:190} INFO - [2024-10-13T09:27:27.297+0000] {dagbag.py:588} INFO - Filling up the DagBag from /home/airflow/.local/lib/python3.12/site-packages/airflow/example_dags/example_sla_dag.py
[2024-10-13T09:27:27.336+0000] {processor.py:925} INFO - DAG(s) 'example_sla_dag' retrieved from /home/airflow/.local/lib/python3.12/site-packages/airflow/example_dags/example_sla_dag.py
[2024-10-13T09:27:27.383+0000] {logging_mixin.py:190} INFO - [2024-10-13T09:27:27.382+0000] {dag.py:3239} INFO - Sync 1 DAGs
[2024-10-13T09:27:27.438+0000] {logging_mixin.py:190} INFO - [2024-10-13T09:27:27.438+0000] {dag.py:4180} INFO - Setting next_dagrun for example_sla_dag to 2024-10-13 09:24:00+00:00, run_after=2024-10-13 09:26:00+00:00
[2024-10-13T09:27:27.477+0000] {processor.py:208} INFO - Processing /home/airflow/.local/lib/python3.12/site-packages/airflow/example_dags/example_sla_dag.py took 0.244 seconds
[2024-10-13T09:27:58.131+0000] {processor.py:186} INFO - Started process (PID=3206) to work on /home/airflow/.local/lib/python3.12/site-packages/airflow/example_dags/example_sla_dag.py
[2024-10-13T09:27:58.133+0000] {processor.py:914} INFO - Processing file /home/airflow/.local/lib/python3.12/site-packages/airflow/example_dags/example_sla_dag.py for tasks to queue
[2024-10-13T09:27:58.138+0000] {logging_mixin.py:190} INFO - [2024-10-13T09:27:58.137+0000] {dagbag.py:588} INFO - Filling up the DagBag from /home/airflow/.local/lib/python3.12/site-packages/airflow/example_dags/example_sla_dag.py
[2024-10-13T09:27:58.166+0000] {processor.py:925} INFO - DAG(s) 'example_sla_dag' retrieved from /home/airflow/.local/lib/python3.12/site-packages/airflow/example_dags/example_sla_dag.py
[2024-10-13T09:27:58.196+0000] {logging_mixin.py:190} INFO - [2024-10-13T09:27:58.195+0000] {dag.py:3239} INFO - Sync 1 DAGs
[2024-10-13T09:27:58.245+0000] {logging_mixin.py:190} INFO - [2024-10-13T09:27:58.244+0000] {dag.py:4180} INFO - Setting next_dagrun for example_sla_dag to 2024-10-13 09:24:00+00:00, run_after=2024-10-13 09:26:00+00:00
[2024-10-13T09:27:58.290+0000] {processor.py:208} INFO - Processing /home/airflow/.local/lib/python3.12/site-packages/airflow/example_dags/example_sla_dag.py took 0.174 seconds
[2024-10-13T09:28:28.626+0000] {processor.py:186} INFO - Started process (PID=3265) to work on /home/airflow/.local/lib/python3.12/site-packages/airflow/example_dags/example_sla_dag.py
[2024-10-13T09:28:28.628+0000] {processor.py:914} INFO - Processing file /home/airflow/.local/lib/python3.12/site-packages/airflow/example_dags/example_sla_dag.py for tasks to queue
[2024-10-13T09:28:28.633+0000] {logging_mixin.py:190} INFO - [2024-10-13T09:28:28.632+0000] {dagbag.py:588} INFO - Filling up the DagBag from /home/airflow/.local/lib/python3.12/site-packages/airflow/example_dags/example_sla_dag.py
[2024-10-13T09:28:28.653+0000] {processor.py:925} INFO - DAG(s) 'example_sla_dag' retrieved from /home/airflow/.local/lib/python3.12/site-packages/airflow/example_dags/example_sla_dag.py
[2024-10-13T09:28:28.694+0000] {logging_mixin.py:190} INFO - [2024-10-13T09:28:28.693+0000] {dag.py:3239} INFO - Sync 1 DAGs
[2024-10-13T09:28:28.745+0000] {logging_mixin.py:190} INFO - [2024-10-13T09:28:28.745+0000] {dag.py:4180} INFO - Setting next_dagrun for example_sla_dag to 2024-10-13 09:26:00+00:00, run_after=2024-10-13 09:28:00+00:00
[2024-10-13T09:28:28.788+0000] {processor.py:208} INFO - Processing /home/airflow/.local/lib/python3.12/site-packages/airflow/example_dags/example_sla_dag.py took 0.174 seconds
[2024-10-13T09:28:58.890+0000] {processor.py:186} INFO - Started process (PID=3327) to work on /home/airflow/.local/lib/python3.12/site-packages/airflow/example_dags/example_sla_dag.py
[2024-10-13T09:28:58.892+0000] {processor.py:914} INFO - Processing file /home/airflow/.local/lib/python3.12/site-packages/airflow/example_dags/example_sla_dag.py for tasks to queue
[2024-10-13T09:28:58.897+0000] {logging_mixin.py:190} INFO - [2024-10-13T09:28:58.896+0000] {dagbag.py:588} INFO - Filling up the DagBag from /home/airflow/.local/lib/python3.12/site-packages/airflow/example_dags/example_sla_dag.py
[2024-10-13T09:28:58.918+0000] {processor.py:925} INFO - DAG(s) 'example_sla_dag' retrieved from /home/airflow/.local/lib/python3.12/site-packages/airflow/example_dags/example_sla_dag.py
[2024-10-13T09:28:58.955+0000] {logging_mixin.py:190} INFO - [2024-10-13T09:28:58.955+0000] {dag.py:3239} INFO - Sync 1 DAGs
[2024-10-13T09:28:59.018+0000] {logging_mixin.py:190} INFO - [2024-10-13T09:28:59.017+0000] {dag.py:4180} INFO - Setting next_dagrun for example_sla_dag to 2024-10-13 09:26:00+00:00, run_after=2024-10-13 09:28:00+00:00
[2024-10-13T09:28:59.080+0000] {processor.py:208} INFO - Processing /home/airflow/.local/lib/python3.12/site-packages/airflow/example_dags/example_sla_dag.py took 0.199 seconds
[2024-10-13T09:29:29.813+0000] {processor.py:186} INFO - Started process (PID=3391) to work on /home/airflow/.local/lib/python3.12/site-packages/airflow/example_dags/example_sla_dag.py
[2024-10-13T09:29:29.815+0000] {processor.py:914} INFO - Processing file /home/airflow/.local/lib/python3.12/site-packages/airflow/example_dags/example_sla_dag.py for tasks to queue
[2024-10-13T09:29:29.820+0000] {logging_mixin.py:190} INFO - [2024-10-13T09:29:29.819+0000] {dagbag.py:588} INFO - Filling up the DagBag from /home/airflow/.local/lib/python3.12/site-packages/airflow/example_dags/example_sla_dag.py
[2024-10-13T09:29:29.835+0000] {processor.py:925} INFO - DAG(s) 'example_sla_dag' retrieved from /home/airflow/.local/lib/python3.12/site-packages/airflow/example_dags/example_sla_dag.py
[2024-10-13T09:29:29.865+0000] {logging_mixin.py:190} INFO - [2024-10-13T09:29:29.865+0000] {dag.py:3239} INFO - Sync 1 DAGs
[2024-10-13T09:29:29.899+0000] {logging_mixin.py:190} INFO - [2024-10-13T09:29:29.899+0000] {dag.py:4180} INFO - Setting next_dagrun for example_sla_dag to 2024-10-13 09:26:00+00:00, run_after=2024-10-13 09:28:00+00:00
[2024-10-13T09:29:29.930+0000] {processor.py:208} INFO - Processing /home/airflow/.local/lib/python3.12/site-packages/airflow/example_dags/example_sla_dag.py took 0.127 seconds
[2024-10-13T09:30:00.295+0000] {processor.py:186} INFO - Started process (PID=3454) to work on /home/airflow/.local/lib/python3.12/site-packages/airflow/example_dags/example_sla_dag.py
[2024-10-13T09:30:00.297+0000] {processor.py:914} INFO - Processing file /home/airflow/.local/lib/python3.12/site-packages/airflow/example_dags/example_sla_dag.py for tasks to queue
[2024-10-13T09:30:00.302+0000] {logging_mixin.py:190} INFO - [2024-10-13T09:30:00.301+0000] {dagbag.py:588} INFO - Filling up the DagBag from /home/airflow/.local/lib/python3.12/site-packages/airflow/example_dags/example_sla_dag.py
[2024-10-13T09:30:00.324+0000] {processor.py:925} INFO - DAG(s) 'example_sla_dag' retrieved from /home/airflow/.local/lib/python3.12/site-packages/airflow/example_dags/example_sla_dag.py
[2024-10-13T09:30:00.358+0000] {logging_mixin.py:190} INFO - [2024-10-13T09:30:00.358+0000] {dag.py:3239} INFO - Sync 1 DAGs
[2024-10-13T09:30:00.403+0000] {logging_mixin.py:190} INFO - [2024-10-13T09:30:00.402+0000] {dag.py:4180} INFO - Setting next_dagrun for example_sla_dag to 2024-10-13 09:28:00+00:00, run_after=2024-10-13 09:30:00+00:00
[2024-10-13T09:30:00.439+0000] {processor.py:208} INFO - Processing /home/airflow/.local/lib/python3.12/site-packages/airflow/example_dags/example_sla_dag.py took 0.156 seconds
