[2024-10-13T09:02:41.732+0000] {processor.py:186} INFO - Started process (PID=127) to work on /home/airflow/.local/lib/python3.12/site-packages/airflow/example_dags/example_xcomargs.py
[2024-10-13T09:02:41.734+0000] {processor.py:914} INFO - Processing file /home/airflow/.local/lib/python3.12/site-packages/airflow/example_dags/example_xcomargs.py for tasks to queue
[2024-10-13T09:02:41.743+0000] {logging_mixin.py:190} INFO - [2024-10-13T09:02:41.742+0000] {dagbag.py:588} INFO - Filling up the DagBag from /home/airflow/.local/lib/python3.12/site-packages/airflow/example_dags/example_xcomargs.py
[2024-10-13T09:02:41.779+0000] {processor.py:925} INFO - DAG(s) 'example_xcom_args', 'example_xcom_args_with_operators' retrieved from /home/airflow/.local/lib/python3.12/site-packages/airflow/example_dags/example_xcomargs.py
[2024-10-13T09:02:41.929+0000] {logging_mixin.py:190} INFO - [2024-10-13T09:02:41.929+0000] {dag.py:3239} INFO - Sync 2 DAGs
[2024-10-13T09:02:42.045+0000] {logging_mixin.py:190} INFO - [2024-10-13T09:02:42.044+0000] {dag.py:4180} INFO - Setting next_dagrun for example_xcom_args to None, run_after=None
[2024-10-13T09:02:42.060+0000] {logging_mixin.py:190} INFO - [2024-10-13T09:02:42.059+0000] {dag.py:4180} INFO - Setting next_dagrun for example_xcom_args_with_operators to None, run_after=None
[2024-10-13T09:02:42.115+0000] {processor.py:208} INFO - Processing /home/airflow/.local/lib/python3.12/site-packages/airflow/example_dags/example_xcomargs.py took 0.395 seconds
[2024-10-13T09:03:12.870+0000] {processor.py:186} INFO - Started process (PID=190) to work on /home/airflow/.local/lib/python3.12/site-packages/airflow/example_dags/example_xcomargs.py
[2024-10-13T09:03:12.880+0000] {processor.py:914} INFO - Processing file /home/airflow/.local/lib/python3.12/site-packages/airflow/example_dags/example_xcomargs.py for tasks to queue
[2024-10-13T09:03:12.922+0000] {logging_mixin.py:190} INFO - [2024-10-13T09:03:12.920+0000] {dagbag.py:588} INFO - Filling up the DagBag from /home/airflow/.local/lib/python3.12/site-packages/airflow/example_dags/example_xcomargs.py
[2024-10-13T09:03:12.975+0000] {processor.py:925} INFO - DAG(s) 'example_xcom_args', 'example_xcom_args_with_operators' retrieved from /home/airflow/.local/lib/python3.12/site-packages/airflow/example_dags/example_xcomargs.py
[2024-10-13T09:03:13.067+0000] {logging_mixin.py:190} INFO - [2024-10-13T09:03:13.067+0000] {dag.py:3239} INFO - Sync 2 DAGs
[2024-10-13T09:03:13.239+0000] {logging_mixin.py:190} INFO - [2024-10-13T09:03:13.238+0000] {dag.py:4180} INFO - Setting next_dagrun for example_xcom_args to None, run_after=None
[2024-10-13T09:03:13.260+0000] {logging_mixin.py:190} INFO - [2024-10-13T09:03:13.259+0000] {dag.py:4180} INFO - Setting next_dagrun for example_xcom_args_with_operators to None, run_after=None
[2024-10-13T09:03:13.508+0000] {processor.py:208} INFO - Processing /home/airflow/.local/lib/python3.12/site-packages/airflow/example_dags/example_xcomargs.py took 0.650 seconds
[2024-10-13T09:03:44.444+0000] {processor.py:186} INFO - Started process (PID=254) to work on /home/airflow/.local/lib/python3.12/site-packages/airflow/example_dags/example_xcomargs.py
[2024-10-13T09:03:44.447+0000] {processor.py:914} INFO - Processing file /home/airflow/.local/lib/python3.12/site-packages/airflow/example_dags/example_xcomargs.py for tasks to queue
[2024-10-13T09:03:44.462+0000] {logging_mixin.py:190} INFO - [2024-10-13T09:03:44.462+0000] {dagbag.py:588} INFO - Filling up the DagBag from /home/airflow/.local/lib/python3.12/site-packages/airflow/example_dags/example_xcomargs.py
[2024-10-13T09:03:44.501+0000] {processor.py:925} INFO - DAG(s) 'example_xcom_args', 'example_xcom_args_with_operators' retrieved from /home/airflow/.local/lib/python3.12/site-packages/airflow/example_dags/example_xcomargs.py
[2024-10-13T09:03:44.596+0000] {logging_mixin.py:190} INFO - [2024-10-13T09:03:44.595+0000] {dag.py:3239} INFO - Sync 2 DAGs
[2024-10-13T09:03:44.662+0000] {logging_mixin.py:190} INFO - [2024-10-13T09:03:44.658+0000] {dag.py:4180} INFO - Setting next_dagrun for example_xcom_args to None, run_after=None
[2024-10-13T09:03:44.676+0000] {logging_mixin.py:190} INFO - [2024-10-13T09:03:44.675+0000] {dag.py:4180} INFO - Setting next_dagrun for example_xcom_args_with_operators to None, run_after=None
[2024-10-13T09:03:44.742+0000] {processor.py:208} INFO - Processing /home/airflow/.local/lib/python3.12/site-packages/airflow/example_dags/example_xcomargs.py took 0.319 seconds
[2024-10-13T09:04:21.218+0000] {processor.py:186} INFO - Started process (PID=316) to work on /home/airflow/.local/lib/python3.12/site-packages/airflow/example_dags/example_xcomargs.py
[2024-10-13T09:04:21.225+0000] {processor.py:914} INFO - Processing file /home/airflow/.local/lib/python3.12/site-packages/airflow/example_dags/example_xcomargs.py for tasks to queue
[2024-10-13T09:04:21.242+0000] {logging_mixin.py:190} INFO - [2024-10-13T09:04:21.240+0000] {dagbag.py:588} INFO - Filling up the DagBag from /home/airflow/.local/lib/python3.12/site-packages/airflow/example_dags/example_xcomargs.py
[2024-10-13T09:04:21.296+0000] {processor.py:925} INFO - DAG(s) 'example_xcom_args_with_operators', 'example_xcom_args' retrieved from /home/airflow/.local/lib/python3.12/site-packages/airflow/example_dags/example_xcomargs.py
[2024-10-13T09:04:21.390+0000] {logging_mixin.py:190} INFO - [2024-10-13T09:04:21.388+0000] {dag.py:3239} INFO - Sync 2 DAGs
[2024-10-13T09:04:21.470+0000] {logging_mixin.py:190} INFO - [2024-10-13T09:04:21.470+0000] {dag.py:4180} INFO - Setting next_dagrun for example_xcom_args to None, run_after=None
[2024-10-13T09:04:21.482+0000] {logging_mixin.py:190} INFO - [2024-10-13T09:04:21.481+0000] {dag.py:4180} INFO - Setting next_dagrun for example_xcom_args_with_operators to None, run_after=None
[2024-10-13T09:04:21.540+0000] {processor.py:208} INFO - Processing /home/airflow/.local/lib/python3.12/site-packages/airflow/example_dags/example_xcomargs.py took 0.347 seconds
[2024-10-13T09:04:52.231+0000] {processor.py:186} INFO - Started process (PID=379) to work on /home/airflow/.local/lib/python3.12/site-packages/airflow/example_dags/example_xcomargs.py
[2024-10-13T09:04:52.233+0000] {processor.py:914} INFO - Processing file /home/airflow/.local/lib/python3.12/site-packages/airflow/example_dags/example_xcomargs.py for tasks to queue
[2024-10-13T09:04:52.247+0000] {logging_mixin.py:190} INFO - [2024-10-13T09:04:52.246+0000] {dagbag.py:588} INFO - Filling up the DagBag from /home/airflow/.local/lib/python3.12/site-packages/airflow/example_dags/example_xcomargs.py
[2024-10-13T09:04:52.279+0000] {processor.py:925} INFO - DAG(s) 'example_xcom_args_with_operators', 'example_xcom_args' retrieved from /home/airflow/.local/lib/python3.12/site-packages/airflow/example_dags/example_xcomargs.py
[2024-10-13T09:04:52.346+0000] {logging_mixin.py:190} INFO - [2024-10-13T09:04:52.345+0000] {dag.py:3239} INFO - Sync 2 DAGs
[2024-10-13T09:04:52.378+0000] {logging_mixin.py:190} INFO - [2024-10-13T09:04:52.377+0000] {dag.py:4180} INFO - Setting next_dagrun for example_xcom_args to None, run_after=None
[2024-10-13T09:04:52.386+0000] {logging_mixin.py:190} INFO - [2024-10-13T09:04:52.386+0000] {dag.py:4180} INFO - Setting next_dagrun for example_xcom_args_with_operators to None, run_after=None
[2024-10-13T09:04:52.430+0000] {processor.py:208} INFO - Processing /home/airflow/.local/lib/python3.12/site-packages/airflow/example_dags/example_xcomargs.py took 0.209 seconds
[2024-10-13T09:05:22.569+0000] {processor.py:186} INFO - Started process (PID=442) to work on /home/airflow/.local/lib/python3.12/site-packages/airflow/example_dags/example_xcomargs.py
[2024-10-13T09:05:22.572+0000] {processor.py:914} INFO - Processing file /home/airflow/.local/lib/python3.12/site-packages/airflow/example_dags/example_xcomargs.py for tasks to queue
[2024-10-13T09:05:22.577+0000] {logging_mixin.py:190} INFO - [2024-10-13T09:05:22.577+0000] {dagbag.py:588} INFO - Filling up the DagBag from /home/airflow/.local/lib/python3.12/site-packages/airflow/example_dags/example_xcomargs.py
[2024-10-13T09:05:22.596+0000] {processor.py:925} INFO - DAG(s) 'example_xcom_args', 'example_xcom_args_with_operators' retrieved from /home/airflow/.local/lib/python3.12/site-packages/airflow/example_dags/example_xcomargs.py
[2024-10-13T09:05:22.644+0000] {logging_mixin.py:190} INFO - [2024-10-13T09:05:22.643+0000] {dag.py:3239} INFO - Sync 2 DAGs
[2024-10-13T09:05:22.683+0000] {logging_mixin.py:190} INFO - [2024-10-13T09:05:22.683+0000] {dag.py:4180} INFO - Setting next_dagrun for example_xcom_args to None, run_after=None
[2024-10-13T09:05:22.697+0000] {logging_mixin.py:190} INFO - [2024-10-13T09:05:22.696+0000] {dag.py:4180} INFO - Setting next_dagrun for example_xcom_args_with_operators to None, run_after=None
[2024-10-13T09:05:22.752+0000] {processor.py:208} INFO - Processing /home/airflow/.local/lib/python3.12/site-packages/airflow/example_dags/example_xcomargs.py took 0.191 seconds
[2024-10-13T09:05:52.998+0000] {processor.py:186} INFO - Started process (PID=505) to work on /home/airflow/.local/lib/python3.12/site-packages/airflow/example_dags/example_xcomargs.py
[2024-10-13T09:05:53.043+0000] {processor.py:914} INFO - Processing file /home/airflow/.local/lib/python3.12/site-packages/airflow/example_dags/example_xcomargs.py for tasks to queue
[2024-10-13T09:05:53.118+0000] {logging_mixin.py:190} INFO - [2024-10-13T09:05:53.116+0000] {dagbag.py:588} INFO - Filling up the DagBag from /home/airflow/.local/lib/python3.12/site-packages/airflow/example_dags/example_xcomargs.py
[2024-10-13T09:05:53.281+0000] {processor.py:925} INFO - DAG(s) 'example_xcom_args', 'example_xcom_args_with_operators' retrieved from /home/airflow/.local/lib/python3.12/site-packages/airflow/example_dags/example_xcomargs.py
[2024-10-13T09:05:53.509+0000] {logging_mixin.py:190} INFO - [2024-10-13T09:05:53.508+0000] {dag.py:3239} INFO - Sync 2 DAGs
[2024-10-13T09:05:53.563+0000] {logging_mixin.py:190} INFO - [2024-10-13T09:05:53.562+0000] {dag.py:4180} INFO - Setting next_dagrun for example_xcom_args to None, run_after=None
[2024-10-13T09:05:53.584+0000] {logging_mixin.py:190} INFO - [2024-10-13T09:05:53.583+0000] {dag.py:4180} INFO - Setting next_dagrun for example_xcom_args_with_operators to None, run_after=None
[2024-10-13T09:05:54.855+0000] {processor.py:208} INFO - Processing /home/airflow/.local/lib/python3.12/site-packages/airflow/example_dags/example_xcomargs.py took 1.914 seconds
[2024-10-13T09:06:25.358+0000] {processor.py:186} INFO - Started process (PID=568) to work on /home/airflow/.local/lib/python3.12/site-packages/airflow/example_dags/example_xcomargs.py
[2024-10-13T09:06:25.360+0000] {processor.py:914} INFO - Processing file /home/airflow/.local/lib/python3.12/site-packages/airflow/example_dags/example_xcomargs.py for tasks to queue
[2024-10-13T09:06:25.363+0000] {logging_mixin.py:190} INFO - [2024-10-13T09:06:25.363+0000] {dagbag.py:588} INFO - Filling up the DagBag from /home/airflow/.local/lib/python3.12/site-packages/airflow/example_dags/example_xcomargs.py
[2024-10-13T09:06:25.376+0000] {processor.py:925} INFO - DAG(s) 'example_xcom_args', 'example_xcom_args_with_operators' retrieved from /home/airflow/.local/lib/python3.12/site-packages/airflow/example_dags/example_xcomargs.py
[2024-10-13T09:06:25.409+0000] {logging_mixin.py:190} INFO - [2024-10-13T09:06:25.409+0000] {dag.py:3239} INFO - Sync 2 DAGs
[2024-10-13T09:06:25.427+0000] {logging_mixin.py:190} INFO - [2024-10-13T09:06:25.427+0000] {dag.py:4180} INFO - Setting next_dagrun for example_xcom_args to None, run_after=None
[2024-10-13T09:06:25.432+0000] {logging_mixin.py:190} INFO - [2024-10-13T09:06:25.431+0000] {dag.py:4180} INFO - Setting next_dagrun for example_xcom_args_with_operators to None, run_after=None
[2024-10-13T09:06:25.457+0000] {processor.py:208} INFO - Processing /home/airflow/.local/lib/python3.12/site-packages/airflow/example_dags/example_xcomargs.py took 0.105 seconds
[2024-10-13T09:06:55.686+0000] {processor.py:186} INFO - Started process (PID=632) to work on /home/airflow/.local/lib/python3.12/site-packages/airflow/example_dags/example_xcomargs.py
[2024-10-13T09:06:55.687+0000] {processor.py:914} INFO - Processing file /home/airflow/.local/lib/python3.12/site-packages/airflow/example_dags/example_xcomargs.py for tasks to queue
[2024-10-13T09:06:55.691+0000] {logging_mixin.py:190} INFO - [2024-10-13T09:06:55.691+0000] {dagbag.py:588} INFO - Filling up the DagBag from /home/airflow/.local/lib/python3.12/site-packages/airflow/example_dags/example_xcomargs.py
[2024-10-13T09:06:55.708+0000] {processor.py:925} INFO - DAG(s) 'example_xcom_args_with_operators', 'example_xcom_args' retrieved from /home/airflow/.local/lib/python3.12/site-packages/airflow/example_dags/example_xcomargs.py
[2024-10-13T09:06:55.745+0000] {logging_mixin.py:190} INFO - [2024-10-13T09:06:55.745+0000] {dag.py:3239} INFO - Sync 2 DAGs
[2024-10-13T09:06:55.768+0000] {logging_mixin.py:190} INFO - [2024-10-13T09:06:55.768+0000] {dag.py:4180} INFO - Setting next_dagrun for example_xcom_args to None, run_after=None
[2024-10-13T09:06:55.774+0000] {logging_mixin.py:190} INFO - [2024-10-13T09:06:55.774+0000] {dag.py:4180} INFO - Setting next_dagrun for example_xcom_args_with_operators to None, run_after=None
[2024-10-13T09:06:55.799+0000] {processor.py:208} INFO - Processing /home/airflow/.local/lib/python3.12/site-packages/airflow/example_dags/example_xcomargs.py took 0.123 seconds
[2024-10-13T09:07:26.220+0000] {processor.py:186} INFO - Started process (PID=696) to work on /home/airflow/.local/lib/python3.12/site-packages/airflow/example_dags/example_xcomargs.py
[2024-10-13T09:07:26.222+0000] {processor.py:914} INFO - Processing file /home/airflow/.local/lib/python3.12/site-packages/airflow/example_dags/example_xcomargs.py for tasks to queue
[2024-10-13T09:07:26.228+0000] {logging_mixin.py:190} INFO - [2024-10-13T09:07:26.226+0000] {dagbag.py:588} INFO - Filling up the DagBag from /home/airflow/.local/lib/python3.12/site-packages/airflow/example_dags/example_xcomargs.py
[2024-10-13T09:07:26.269+0000] {processor.py:925} INFO - DAG(s) 'example_xcom_args', 'example_xcom_args_with_operators' retrieved from /home/airflow/.local/lib/python3.12/site-packages/airflow/example_dags/example_xcomargs.py
[2024-10-13T09:07:26.362+0000] {logging_mixin.py:190} INFO - [2024-10-13T09:07:26.357+0000] {dag.py:3239} INFO - Sync 2 DAGs
[2024-10-13T09:07:26.407+0000] {logging_mixin.py:190} INFO - [2024-10-13T09:07:26.407+0000] {dag.py:4180} INFO - Setting next_dagrun for example_xcom_args to None, run_after=None
[2024-10-13T09:07:26.421+0000] {logging_mixin.py:190} INFO - [2024-10-13T09:07:26.421+0000] {dag.py:4180} INFO - Setting next_dagrun for example_xcom_args_with_operators to None, run_after=None
[2024-10-13T09:07:26.471+0000] {processor.py:208} INFO - Processing /home/airflow/.local/lib/python3.12/site-packages/airflow/example_dags/example_xcomargs.py took 0.269 seconds
[2024-10-13T09:07:57.349+0000] {processor.py:186} INFO - Started process (PID=759) to work on /home/airflow/.local/lib/python3.12/site-packages/airflow/example_dags/example_xcomargs.py
[2024-10-13T09:07:57.351+0000] {processor.py:914} INFO - Processing file /home/airflow/.local/lib/python3.12/site-packages/airflow/example_dags/example_xcomargs.py for tasks to queue
[2024-10-13T09:07:57.356+0000] {logging_mixin.py:190} INFO - [2024-10-13T09:07:57.355+0000] {dagbag.py:588} INFO - Filling up the DagBag from /home/airflow/.local/lib/python3.12/site-packages/airflow/example_dags/example_xcomargs.py
[2024-10-13T09:07:57.372+0000] {processor.py:925} INFO - DAG(s) 'example_xcom_args_with_operators', 'example_xcom_args' retrieved from /home/airflow/.local/lib/python3.12/site-packages/airflow/example_dags/example_xcomargs.py
[2024-10-13T09:07:57.423+0000] {logging_mixin.py:190} INFO - [2024-10-13T09:07:57.423+0000] {dag.py:3239} INFO - Sync 2 DAGs
[2024-10-13T09:07:57.451+0000] {logging_mixin.py:190} INFO - [2024-10-13T09:07:57.450+0000] {dag.py:4180} INFO - Setting next_dagrun for example_xcom_args to None, run_after=None
[2024-10-13T09:07:57.458+0000] {logging_mixin.py:190} INFO - [2024-10-13T09:07:57.457+0000] {dag.py:4180} INFO - Setting next_dagrun for example_xcom_args_with_operators to None, run_after=None
[2024-10-13T09:07:57.495+0000] {processor.py:208} INFO - Processing /home/airflow/.local/lib/python3.12/site-packages/airflow/example_dags/example_xcomargs.py took 0.152 seconds
[2024-10-13T09:08:28.155+0000] {processor.py:186} INFO - Started process (PID=822) to work on /home/airflow/.local/lib/python3.12/site-packages/airflow/example_dags/example_xcomargs.py
[2024-10-13T09:08:28.157+0000] {processor.py:914} INFO - Processing file /home/airflow/.local/lib/python3.12/site-packages/airflow/example_dags/example_xcomargs.py for tasks to queue
[2024-10-13T09:08:28.162+0000] {logging_mixin.py:190} INFO - [2024-10-13T09:08:28.161+0000] {dagbag.py:588} INFO - Filling up the DagBag from /home/airflow/.local/lib/python3.12/site-packages/airflow/example_dags/example_xcomargs.py
[2024-10-13T09:08:28.183+0000] {processor.py:925} INFO - DAG(s) 'example_xcom_args_with_operators', 'example_xcom_args' retrieved from /home/airflow/.local/lib/python3.12/site-packages/airflow/example_dags/example_xcomargs.py
[2024-10-13T09:08:28.245+0000] {logging_mixin.py:190} INFO - [2024-10-13T09:08:28.245+0000] {dag.py:3239} INFO - Sync 2 DAGs
[2024-10-13T09:08:28.290+0000] {logging_mixin.py:190} INFO - [2024-10-13T09:08:28.290+0000] {dag.py:4180} INFO - Setting next_dagrun for example_xcom_args to None, run_after=None
[2024-10-13T09:08:28.302+0000] {logging_mixin.py:190} INFO - [2024-10-13T09:08:28.302+0000] {dag.py:4180} INFO - Setting next_dagrun for example_xcom_args_with_operators to None, run_after=None
[2024-10-13T09:08:28.357+0000] {processor.py:208} INFO - Processing /home/airflow/.local/lib/python3.12/site-packages/airflow/example_dags/example_xcomargs.py took 0.213 seconds
[2024-10-13T09:08:59.070+0000] {processor.py:186} INFO - Started process (PID=885) to work on /home/airflow/.local/lib/python3.12/site-packages/airflow/example_dags/example_xcomargs.py
[2024-10-13T09:08:59.077+0000] {processor.py:914} INFO - Processing file /home/airflow/.local/lib/python3.12/site-packages/airflow/example_dags/example_xcomargs.py for tasks to queue
[2024-10-13T09:08:59.092+0000] {logging_mixin.py:190} INFO - [2024-10-13T09:08:59.089+0000] {dagbag.py:588} INFO - Filling up the DagBag from /home/airflow/.local/lib/python3.12/site-packages/airflow/example_dags/example_xcomargs.py
[2024-10-13T09:08:59.150+0000] {processor.py:925} INFO - DAG(s) 'example_xcom_args', 'example_xcom_args_with_operators' retrieved from /home/airflow/.local/lib/python3.12/site-packages/airflow/example_dags/example_xcomargs.py
[2024-10-13T09:08:59.272+0000] {logging_mixin.py:190} INFO - [2024-10-13T09:08:59.271+0000] {dag.py:3239} INFO - Sync 2 DAGs
[2024-10-13T09:08:59.317+0000] {logging_mixin.py:190} INFO - [2024-10-13T09:08:59.316+0000] {dag.py:4180} INFO - Setting next_dagrun for example_xcom_args to None, run_after=None
[2024-10-13T09:08:59.330+0000] {logging_mixin.py:190} INFO - [2024-10-13T09:08:59.329+0000] {dag.py:4180} INFO - Setting next_dagrun for example_xcom_args_with_operators to None, run_after=None
[2024-10-13T09:08:59.404+0000] {processor.py:208} INFO - Processing /home/airflow/.local/lib/python3.12/site-packages/airflow/example_dags/example_xcomargs.py took 0.360 seconds
[2024-10-13T09:09:30.629+0000] {processor.py:186} INFO - Started process (PID=948) to work on /home/airflow/.local/lib/python3.12/site-packages/airflow/example_dags/example_xcomargs.py
[2024-10-13T09:09:30.641+0000] {processor.py:914} INFO - Processing file /home/airflow/.local/lib/python3.12/site-packages/airflow/example_dags/example_xcomargs.py for tasks to queue
[2024-10-13T09:09:30.649+0000] {logging_mixin.py:190} INFO - [2024-10-13T09:09:30.648+0000] {dagbag.py:588} INFO - Filling up the DagBag from /home/airflow/.local/lib/python3.12/site-packages/airflow/example_dags/example_xcomargs.py
[2024-10-13T09:09:30.698+0000] {processor.py:925} INFO - DAG(s) 'example_xcom_args_with_operators', 'example_xcom_args' retrieved from /home/airflow/.local/lib/python3.12/site-packages/airflow/example_dags/example_xcomargs.py
[2024-10-13T09:09:30.822+0000] {logging_mixin.py:190} INFO - [2024-10-13T09:09:30.819+0000] {dag.py:3239} INFO - Sync 2 DAGs
[2024-10-13T09:09:30.889+0000] {logging_mixin.py:190} INFO - [2024-10-13T09:09:30.888+0000] {dag.py:4180} INFO - Setting next_dagrun for example_xcom_args to None, run_after=None
[2024-10-13T09:09:30.910+0000] {logging_mixin.py:190} INFO - [2024-10-13T09:09:30.909+0000] {dag.py:4180} INFO - Setting next_dagrun for example_xcom_args_with_operators to None, run_after=None
[2024-10-13T09:09:30.995+0000] {processor.py:208} INFO - Processing /home/airflow/.local/lib/python3.12/site-packages/airflow/example_dags/example_xcomargs.py took 0.399 seconds
[2024-10-13T09:10:01.178+0000] {processor.py:186} INFO - Started process (PID=1011) to work on /home/airflow/.local/lib/python3.12/site-packages/airflow/example_dags/example_xcomargs.py
[2024-10-13T09:10:01.179+0000] {processor.py:914} INFO - Processing file /home/airflow/.local/lib/python3.12/site-packages/airflow/example_dags/example_xcomargs.py for tasks to queue
[2024-10-13T09:10:01.183+0000] {logging_mixin.py:190} INFO - [2024-10-13T09:10:01.182+0000] {dagbag.py:588} INFO - Filling up the DagBag from /home/airflow/.local/lib/python3.12/site-packages/airflow/example_dags/example_xcomargs.py
[2024-10-13T09:10:01.197+0000] {processor.py:925} INFO - DAG(s) 'example_xcom_args_with_operators', 'example_xcom_args' retrieved from /home/airflow/.local/lib/python3.12/site-packages/airflow/example_dags/example_xcomargs.py
[2024-10-13T09:10:01.233+0000] {logging_mixin.py:190} INFO - [2024-10-13T09:10:01.233+0000] {dag.py:3239} INFO - Sync 2 DAGs
[2024-10-13T09:10:01.259+0000] {logging_mixin.py:190} INFO - [2024-10-13T09:10:01.259+0000] {dag.py:4180} INFO - Setting next_dagrun for example_xcom_args to None, run_after=None
[2024-10-13T09:10:01.263+0000] {logging_mixin.py:190} INFO - [2024-10-13T09:10:01.263+0000] {dag.py:4180} INFO - Setting next_dagrun for example_xcom_args_with_operators to None, run_after=None
[2024-10-13T09:10:01.294+0000] {processor.py:208} INFO - Processing /home/airflow/.local/lib/python3.12/site-packages/airflow/example_dags/example_xcomargs.py took 0.124 seconds
[2024-10-13T09:10:31.519+0000] {processor.py:186} INFO - Started process (PID=1074) to work on /home/airflow/.local/lib/python3.12/site-packages/airflow/example_dags/example_xcomargs.py
[2024-10-13T09:10:31.521+0000] {processor.py:914} INFO - Processing file /home/airflow/.local/lib/python3.12/site-packages/airflow/example_dags/example_xcomargs.py for tasks to queue
[2024-10-13T09:10:31.524+0000] {logging_mixin.py:190} INFO - [2024-10-13T09:10:31.523+0000] {dagbag.py:588} INFO - Filling up the DagBag from /home/airflow/.local/lib/python3.12/site-packages/airflow/example_dags/example_xcomargs.py
[2024-10-13T09:10:31.534+0000] {processor.py:925} INFO - DAG(s) 'example_xcom_args', 'example_xcom_args_with_operators' retrieved from /home/airflow/.local/lib/python3.12/site-packages/airflow/example_dags/example_xcomargs.py
[2024-10-13T09:10:31.557+0000] {logging_mixin.py:190} INFO - [2024-10-13T09:10:31.557+0000] {dag.py:3239} INFO - Sync 2 DAGs
[2024-10-13T09:10:31.577+0000] {logging_mixin.py:190} INFO - [2024-10-13T09:10:31.577+0000] {dag.py:4180} INFO - Setting next_dagrun for example_xcom_args to None, run_after=None
[2024-10-13T09:10:31.581+0000] {logging_mixin.py:190} INFO - [2024-10-13T09:10:31.581+0000] {dag.py:4180} INFO - Setting next_dagrun for example_xcom_args_with_operators to None, run_after=None
[2024-10-13T09:10:31.598+0000] {processor.py:208} INFO - Processing /home/airflow/.local/lib/python3.12/site-packages/airflow/example_dags/example_xcomargs.py took 0.086 seconds
[2024-10-13T09:11:01.853+0000] {processor.py:186} INFO - Started process (PID=1137) to work on /home/airflow/.local/lib/python3.12/site-packages/airflow/example_dags/example_xcomargs.py
[2024-10-13T09:11:01.854+0000] {processor.py:914} INFO - Processing file /home/airflow/.local/lib/python3.12/site-packages/airflow/example_dags/example_xcomargs.py for tasks to queue
[2024-10-13T09:11:01.858+0000] {logging_mixin.py:190} INFO - [2024-10-13T09:11:01.857+0000] {dagbag.py:588} INFO - Filling up the DagBag from /home/airflow/.local/lib/python3.12/site-packages/airflow/example_dags/example_xcomargs.py
[2024-10-13T09:11:01.869+0000] {processor.py:925} INFO - DAG(s) 'example_xcom_args', 'example_xcom_args_with_operators' retrieved from /home/airflow/.local/lib/python3.12/site-packages/airflow/example_dags/example_xcomargs.py
[2024-10-13T09:11:01.897+0000] {logging_mixin.py:190} INFO - [2024-10-13T09:11:01.896+0000] {dag.py:3239} INFO - Sync 2 DAGs
[2024-10-13T09:11:01.912+0000] {logging_mixin.py:190} INFO - [2024-10-13T09:11:01.912+0000] {dag.py:4180} INFO - Setting next_dagrun for example_xcom_args to None, run_after=None
[2024-10-13T09:11:01.917+0000] {logging_mixin.py:190} INFO - [2024-10-13T09:11:01.917+0000] {dag.py:4180} INFO - Setting next_dagrun for example_xcom_args_with_operators to None, run_after=None
[2024-10-13T09:11:01.939+0000] {processor.py:208} INFO - Processing /home/airflow/.local/lib/python3.12/site-packages/airflow/example_dags/example_xcomargs.py took 0.094 seconds
[2024-10-13T09:11:32.214+0000] {processor.py:186} INFO - Started process (PID=1200) to work on /home/airflow/.local/lib/python3.12/site-packages/airflow/example_dags/example_xcomargs.py
[2024-10-13T09:11:32.216+0000] {processor.py:914} INFO - Processing file /home/airflow/.local/lib/python3.12/site-packages/airflow/example_dags/example_xcomargs.py for tasks to queue
[2024-10-13T09:11:32.218+0000] {logging_mixin.py:190} INFO - [2024-10-13T09:11:32.218+0000] {dagbag.py:588} INFO - Filling up the DagBag from /home/airflow/.local/lib/python3.12/site-packages/airflow/example_dags/example_xcomargs.py
[2024-10-13T09:11:32.230+0000] {processor.py:925} INFO - DAG(s) 'example_xcom_args_with_operators', 'example_xcom_args' retrieved from /home/airflow/.local/lib/python3.12/site-packages/airflow/example_dags/example_xcomargs.py
[2024-10-13T09:11:32.254+0000] {logging_mixin.py:190} INFO - [2024-10-13T09:11:32.254+0000] {dag.py:3239} INFO - Sync 2 DAGs
[2024-10-13T09:11:32.269+0000] {logging_mixin.py:190} INFO - [2024-10-13T09:11:32.268+0000] {dag.py:4180} INFO - Setting next_dagrun for example_xcom_args to None, run_after=None
[2024-10-13T09:11:32.273+0000] {logging_mixin.py:190} INFO - [2024-10-13T09:11:32.272+0000] {dag.py:4180} INFO - Setting next_dagrun for example_xcom_args_with_operators to None, run_after=None
[2024-10-13T09:11:32.293+0000] {processor.py:208} INFO - Processing /home/airflow/.local/lib/python3.12/site-packages/airflow/example_dags/example_xcomargs.py took 0.084 seconds
[2024-10-13T09:12:03.253+0000] {processor.py:186} INFO - Started process (PID=1263) to work on /home/airflow/.local/lib/python3.12/site-packages/airflow/example_dags/example_xcomargs.py
[2024-10-13T09:12:03.255+0000] {processor.py:914} INFO - Processing file /home/airflow/.local/lib/python3.12/site-packages/airflow/example_dags/example_xcomargs.py for tasks to queue
[2024-10-13T09:12:03.261+0000] {logging_mixin.py:190} INFO - [2024-10-13T09:12:03.260+0000] {dagbag.py:588} INFO - Filling up the DagBag from /home/airflow/.local/lib/python3.12/site-packages/airflow/example_dags/example_xcomargs.py
[2024-10-13T09:12:03.277+0000] {processor.py:925} INFO - DAG(s) 'example_xcom_args', 'example_xcom_args_with_operators' retrieved from /home/airflow/.local/lib/python3.12/site-packages/airflow/example_dags/example_xcomargs.py
[2024-10-13T09:12:03.318+0000] {logging_mixin.py:190} INFO - [2024-10-13T09:12:03.317+0000] {dag.py:3239} INFO - Sync 2 DAGs
[2024-10-13T09:12:03.347+0000] {logging_mixin.py:190} INFO - [2024-10-13T09:12:03.347+0000] {dag.py:4180} INFO - Setting next_dagrun for example_xcom_args to None, run_after=None
[2024-10-13T09:12:03.354+0000] {logging_mixin.py:190} INFO - [2024-10-13T09:12:03.353+0000] {dag.py:4180} INFO - Setting next_dagrun for example_xcom_args_with_operators to None, run_after=None
[2024-10-13T09:12:03.380+0000] {processor.py:208} INFO - Processing /home/airflow/.local/lib/python3.12/site-packages/airflow/example_dags/example_xcomargs.py took 0.136 seconds
[2024-10-13T09:12:33.885+0000] {processor.py:186} INFO - Started process (PID=1326) to work on /home/airflow/.local/lib/python3.12/site-packages/airflow/example_dags/example_xcomargs.py
[2024-10-13T09:12:33.889+0000] {processor.py:914} INFO - Processing file /home/airflow/.local/lib/python3.12/site-packages/airflow/example_dags/example_xcomargs.py for tasks to queue
[2024-10-13T09:12:33.894+0000] {logging_mixin.py:190} INFO - [2024-10-13T09:12:33.893+0000] {dagbag.py:588} INFO - Filling up the DagBag from /home/airflow/.local/lib/python3.12/site-packages/airflow/example_dags/example_xcomargs.py
[2024-10-13T09:12:33.914+0000] {processor.py:925} INFO - DAG(s) 'example_xcom_args_with_operators', 'example_xcom_args' retrieved from /home/airflow/.local/lib/python3.12/site-packages/airflow/example_dags/example_xcomargs.py
[2024-10-13T09:12:33.949+0000] {logging_mixin.py:190} INFO - [2024-10-13T09:12:33.949+0000] {dag.py:3239} INFO - Sync 2 DAGs
[2024-10-13T09:12:33.971+0000] {logging_mixin.py:190} INFO - [2024-10-13T09:12:33.971+0000] {dag.py:4180} INFO - Setting next_dagrun for example_xcom_args to None, run_after=None
[2024-10-13T09:12:33.977+0000] {logging_mixin.py:190} INFO - [2024-10-13T09:12:33.977+0000] {dag.py:4180} INFO - Setting next_dagrun for example_xcom_args_with_operators to None, run_after=None
[2024-10-13T09:12:34.006+0000] {processor.py:208} INFO - Processing /home/airflow/.local/lib/python3.12/site-packages/airflow/example_dags/example_xcomargs.py took 0.130 seconds
[2024-10-13T09:13:10.995+0000] {processor.py:186} INFO - Started process (PID=1393) to work on /home/airflow/.local/lib/python3.12/site-packages/airflow/example_dags/example_xcomargs.py
[2024-10-13T09:13:11.003+0000] {processor.py:914} INFO - Processing file /home/airflow/.local/lib/python3.12/site-packages/airflow/example_dags/example_xcomargs.py for tasks to queue
[2024-10-13T09:13:11.014+0000] {logging_mixin.py:190} INFO - [2024-10-13T09:13:11.013+0000] {dagbag.py:588} INFO - Filling up the DagBag from /home/airflow/.local/lib/python3.12/site-packages/airflow/example_dags/example_xcomargs.py
[2024-10-13T09:13:11.071+0000] {processor.py:925} INFO - DAG(s) 'example_xcom_args', 'example_xcom_args_with_operators' retrieved from /home/airflow/.local/lib/python3.12/site-packages/airflow/example_dags/example_xcomargs.py
[2024-10-13T09:13:11.239+0000] {logging_mixin.py:190} INFO - [2024-10-13T09:13:11.239+0000] {dag.py:3239} INFO - Sync 2 DAGs
[2024-10-13T09:13:11.329+0000] {logging_mixin.py:190} INFO - [2024-10-13T09:13:11.328+0000] {dag.py:4180} INFO - Setting next_dagrun for example_xcom_args to None, run_after=None
[2024-10-13T09:13:11.344+0000] {logging_mixin.py:190} INFO - [2024-10-13T09:13:11.343+0000] {dag.py:4180} INFO - Setting next_dagrun for example_xcom_args_with_operators to None, run_after=None
[2024-10-13T09:13:11.437+0000] {processor.py:208} INFO - Processing /home/airflow/.local/lib/python3.12/site-packages/airflow/example_dags/example_xcomargs.py took 0.476 seconds
[2024-10-13T09:13:41.586+0000] {processor.py:186} INFO - Started process (PID=1456) to work on /home/airflow/.local/lib/python3.12/site-packages/airflow/example_dags/example_xcomargs.py
[2024-10-13T09:13:41.588+0000] {processor.py:914} INFO - Processing file /home/airflow/.local/lib/python3.12/site-packages/airflow/example_dags/example_xcomargs.py for tasks to queue
[2024-10-13T09:13:41.594+0000] {logging_mixin.py:190} INFO - [2024-10-13T09:13:41.593+0000] {dagbag.py:588} INFO - Filling up the DagBag from /home/airflow/.local/lib/python3.12/site-packages/airflow/example_dags/example_xcomargs.py
[2024-10-13T09:13:41.610+0000] {processor.py:925} INFO - DAG(s) 'example_xcom_args', 'example_xcom_args_with_operators' retrieved from /home/airflow/.local/lib/python3.12/site-packages/airflow/example_dags/example_xcomargs.py
[2024-10-13T09:13:41.653+0000] {logging_mixin.py:190} INFO - [2024-10-13T09:13:41.653+0000] {dag.py:3239} INFO - Sync 2 DAGs
[2024-10-13T09:13:41.674+0000] {logging_mixin.py:190} INFO - [2024-10-13T09:13:41.673+0000] {dag.py:4180} INFO - Setting next_dagrun for example_xcom_args to None, run_after=None
[2024-10-13T09:13:41.683+0000] {logging_mixin.py:190} INFO - [2024-10-13T09:13:41.683+0000] {dag.py:4180} INFO - Setting next_dagrun for example_xcom_args_with_operators to None, run_after=None
[2024-10-13T09:13:41.716+0000] {processor.py:208} INFO - Processing /home/airflow/.local/lib/python3.12/site-packages/airflow/example_dags/example_xcomargs.py took 0.139 seconds
[2024-10-13T09:14:12.323+0000] {processor.py:186} INFO - Started process (PID=1519) to work on /home/airflow/.local/lib/python3.12/site-packages/airflow/example_dags/example_xcomargs.py
[2024-10-13T09:14:12.334+0000] {processor.py:914} INFO - Processing file /home/airflow/.local/lib/python3.12/site-packages/airflow/example_dags/example_xcomargs.py for tasks to queue
[2024-10-13T09:14:12.341+0000] {logging_mixin.py:190} INFO - [2024-10-13T09:14:12.340+0000] {dagbag.py:588} INFO - Filling up the DagBag from /home/airflow/.local/lib/python3.12/site-packages/airflow/example_dags/example_xcomargs.py
[2024-10-13T09:14:12.384+0000] {processor.py:925} INFO - DAG(s) 'example_xcom_args_with_operators', 'example_xcom_args' retrieved from /home/airflow/.local/lib/python3.12/site-packages/airflow/example_dags/example_xcomargs.py
[2024-10-13T09:14:12.452+0000] {logging_mixin.py:190} INFO - [2024-10-13T09:14:12.451+0000] {dag.py:3239} INFO - Sync 2 DAGs
[2024-10-13T09:14:12.480+0000] {logging_mixin.py:190} INFO - [2024-10-13T09:14:12.480+0000] {dag.py:4180} INFO - Setting next_dagrun for example_xcom_args to None, run_after=None
[2024-10-13T09:14:12.486+0000] {logging_mixin.py:190} INFO - [2024-10-13T09:14:12.486+0000] {dag.py:4180} INFO - Setting next_dagrun for example_xcom_args_with_operators to None, run_after=None
[2024-10-13T09:14:12.531+0000] {processor.py:208} INFO - Processing /home/airflow/.local/lib/python3.12/site-packages/airflow/example_dags/example_xcomargs.py took 0.227 seconds
[2024-10-13T09:14:43.225+0000] {processor.py:186} INFO - Started process (PID=1583) to work on /home/airflow/.local/lib/python3.12/site-packages/airflow/example_dags/example_xcomargs.py
[2024-10-13T09:14:43.227+0000] {processor.py:914} INFO - Processing file /home/airflow/.local/lib/python3.12/site-packages/airflow/example_dags/example_xcomargs.py for tasks to queue
[2024-10-13T09:14:43.234+0000] {logging_mixin.py:190} INFO - [2024-10-13T09:14:43.233+0000] {dagbag.py:588} INFO - Filling up the DagBag from /home/airflow/.local/lib/python3.12/site-packages/airflow/example_dags/example_xcomargs.py
[2024-10-13T09:14:43.254+0000] {processor.py:925} INFO - DAG(s) 'example_xcom_args_with_operators', 'example_xcom_args' retrieved from /home/airflow/.local/lib/python3.12/site-packages/airflow/example_dags/example_xcomargs.py
[2024-10-13T09:14:43.309+0000] {logging_mixin.py:190} INFO - [2024-10-13T09:14:43.309+0000] {dag.py:3239} INFO - Sync 2 DAGs
[2024-10-13T09:14:43.337+0000] {logging_mixin.py:190} INFO - [2024-10-13T09:14:43.337+0000] {dag.py:4180} INFO - Setting next_dagrun for example_xcom_args to None, run_after=None
[2024-10-13T09:14:43.346+0000] {logging_mixin.py:190} INFO - [2024-10-13T09:14:43.346+0000] {dag.py:4180} INFO - Setting next_dagrun for example_xcom_args_with_operators to None, run_after=None
[2024-10-13T09:14:43.375+0000] {processor.py:208} INFO - Processing /home/airflow/.local/lib/python3.12/site-packages/airflow/example_dags/example_xcomargs.py took 0.157 seconds
[2024-10-13T09:15:13.997+0000] {processor.py:186} INFO - Started process (PID=1646) to work on /home/airflow/.local/lib/python3.12/site-packages/airflow/example_dags/example_xcomargs.py
[2024-10-13T09:15:13.999+0000] {processor.py:914} INFO - Processing file /home/airflow/.local/lib/python3.12/site-packages/airflow/example_dags/example_xcomargs.py for tasks to queue
[2024-10-13T09:15:14.002+0000] {logging_mixin.py:190} INFO - [2024-10-13T09:15:14.001+0000] {dagbag.py:588} INFO - Filling up the DagBag from /home/airflow/.local/lib/python3.12/site-packages/airflow/example_dags/example_xcomargs.py
[2024-10-13T09:15:14.014+0000] {processor.py:925} INFO - DAG(s) 'example_xcom_args', 'example_xcom_args_with_operators' retrieved from /home/airflow/.local/lib/python3.12/site-packages/airflow/example_dags/example_xcomargs.py
[2024-10-13T09:15:14.042+0000] {logging_mixin.py:190} INFO - [2024-10-13T09:15:14.041+0000] {dag.py:3239} INFO - Sync 2 DAGs
[2024-10-13T09:15:14.057+0000] {logging_mixin.py:190} INFO - [2024-10-13T09:15:14.057+0000] {dag.py:4180} INFO - Setting next_dagrun for example_xcom_args to None, run_after=None
[2024-10-13T09:15:14.063+0000] {logging_mixin.py:190} INFO - [2024-10-13T09:15:14.063+0000] {dag.py:4180} INFO - Setting next_dagrun for example_xcom_args_with_operators to None, run_after=None
[2024-10-13T09:15:14.089+0000] {processor.py:208} INFO - Processing /home/airflow/.local/lib/python3.12/site-packages/airflow/example_dags/example_xcomargs.py took 0.098 seconds
[2024-10-13T09:15:45.065+0000] {processor.py:186} INFO - Started process (PID=1709) to work on /home/airflow/.local/lib/python3.12/site-packages/airflow/example_dags/example_xcomargs.py
[2024-10-13T09:15:45.066+0000] {processor.py:914} INFO - Processing file /home/airflow/.local/lib/python3.12/site-packages/airflow/example_dags/example_xcomargs.py for tasks to queue
[2024-10-13T09:15:45.069+0000] {logging_mixin.py:190} INFO - [2024-10-13T09:15:45.068+0000] {dagbag.py:588} INFO - Filling up the DagBag from /home/airflow/.local/lib/python3.12/site-packages/airflow/example_dags/example_xcomargs.py
[2024-10-13T09:15:45.081+0000] {processor.py:925} INFO - DAG(s) 'example_xcom_args', 'example_xcom_args_with_operators' retrieved from /home/airflow/.local/lib/python3.12/site-packages/airflow/example_dags/example_xcomargs.py
[2024-10-13T09:15:45.111+0000] {logging_mixin.py:190} INFO - [2024-10-13T09:15:45.111+0000] {dag.py:3239} INFO - Sync 2 DAGs
[2024-10-13T09:15:45.128+0000] {logging_mixin.py:190} INFO - [2024-10-13T09:15:45.127+0000] {dag.py:4180} INFO - Setting next_dagrun for example_xcom_args to None, run_after=None
[2024-10-13T09:15:45.132+0000] {logging_mixin.py:190} INFO - [2024-10-13T09:15:45.132+0000] {dag.py:4180} INFO - Setting next_dagrun for example_xcom_args_with_operators to None, run_after=None
[2024-10-13T09:15:45.158+0000] {processor.py:208} INFO - Processing /home/airflow/.local/lib/python3.12/site-packages/airflow/example_dags/example_xcomargs.py took 0.102 seconds
[2024-10-13T09:16:16.413+0000] {processor.py:186} INFO - Started process (PID=1775) to work on /home/airflow/.local/lib/python3.12/site-packages/airflow/example_dags/example_xcomargs.py
[2024-10-13T09:16:16.416+0000] {processor.py:914} INFO - Processing file /home/airflow/.local/lib/python3.12/site-packages/airflow/example_dags/example_xcomargs.py for tasks to queue
[2024-10-13T09:16:16.425+0000] {logging_mixin.py:190} INFO - [2024-10-13T09:16:16.424+0000] {dagbag.py:588} INFO - Filling up the DagBag from /home/airflow/.local/lib/python3.12/site-packages/airflow/example_dags/example_xcomargs.py
[2024-10-13T09:16:16.459+0000] {processor.py:925} INFO - DAG(s) 'example_xcom_args_with_operators', 'example_xcom_args' retrieved from /home/airflow/.local/lib/python3.12/site-packages/airflow/example_dags/example_xcomargs.py
[2024-10-13T09:16:16.520+0000] {logging_mixin.py:190} INFO - [2024-10-13T09:16:16.520+0000] {dag.py:3239} INFO - Sync 2 DAGs
[2024-10-13T09:16:16.553+0000] {logging_mixin.py:190} INFO - [2024-10-13T09:16:16.552+0000] {dag.py:4180} INFO - Setting next_dagrun for example_xcom_args to None, run_after=None
[2024-10-13T09:16:16.562+0000] {logging_mixin.py:190} INFO - [2024-10-13T09:16:16.562+0000] {dag.py:4180} INFO - Setting next_dagrun for example_xcom_args_with_operators to None, run_after=None
[2024-10-13T09:16:16.606+0000] {processor.py:208} INFO - Processing /home/airflow/.local/lib/python3.12/site-packages/airflow/example_dags/example_xcomargs.py took 0.213 seconds
[2024-10-13T09:16:47.121+0000] {processor.py:186} INFO - Started process (PID=1840) to work on /home/airflow/.local/lib/python3.12/site-packages/airflow/example_dags/example_xcomargs.py
[2024-10-13T09:16:47.123+0000] {processor.py:914} INFO - Processing file /home/airflow/.local/lib/python3.12/site-packages/airflow/example_dags/example_xcomargs.py for tasks to queue
[2024-10-13T09:16:47.129+0000] {logging_mixin.py:190} INFO - [2024-10-13T09:16:47.128+0000] {dagbag.py:588} INFO - Filling up the DagBag from /home/airflow/.local/lib/python3.12/site-packages/airflow/example_dags/example_xcomargs.py
[2024-10-13T09:16:47.149+0000] {processor.py:925} INFO - DAG(s) 'example_xcom_args_with_operators', 'example_xcom_args' retrieved from /home/airflow/.local/lib/python3.12/site-packages/airflow/example_dags/example_xcomargs.py
[2024-10-13T09:16:47.182+0000] {logging_mixin.py:190} INFO - [2024-10-13T09:16:47.182+0000] {dag.py:3239} INFO - Sync 2 DAGs
[2024-10-13T09:16:47.204+0000] {logging_mixin.py:190} INFO - [2024-10-13T09:16:47.203+0000] {dag.py:4180} INFO - Setting next_dagrun for example_xcom_args to None, run_after=None
[2024-10-13T09:16:47.210+0000] {logging_mixin.py:190} INFO - [2024-10-13T09:16:47.210+0000] {dag.py:4180} INFO - Setting next_dagrun for example_xcom_args_with_operators to None, run_after=None
[2024-10-13T09:16:47.234+0000] {processor.py:208} INFO - Processing /home/airflow/.local/lib/python3.12/site-packages/airflow/example_dags/example_xcomargs.py took 0.122 seconds
[2024-10-13T09:17:18.125+0000] {processor.py:186} INFO - Started process (PID=1911) to work on /home/airflow/.local/lib/python3.12/site-packages/airflow/example_dags/example_xcomargs.py
[2024-10-13T09:17:18.127+0000] {processor.py:914} INFO - Processing file /home/airflow/.local/lib/python3.12/site-packages/airflow/example_dags/example_xcomargs.py for tasks to queue
[2024-10-13T09:17:18.129+0000] {logging_mixin.py:190} INFO - [2024-10-13T09:17:18.129+0000] {dagbag.py:588} INFO - Filling up the DagBag from /home/airflow/.local/lib/python3.12/site-packages/airflow/example_dags/example_xcomargs.py
[2024-10-13T09:17:18.141+0000] {processor.py:925} INFO - DAG(s) 'example_xcom_args', 'example_xcom_args_with_operators' retrieved from /home/airflow/.local/lib/python3.12/site-packages/airflow/example_dags/example_xcomargs.py
[2024-10-13T09:17:18.171+0000] {logging_mixin.py:190} INFO - [2024-10-13T09:17:18.171+0000] {dag.py:3239} INFO - Sync 2 DAGs
[2024-10-13T09:17:18.187+0000] {logging_mixin.py:190} INFO - [2024-10-13T09:17:18.187+0000] {dag.py:4180} INFO - Setting next_dagrun for example_xcom_args to None, run_after=None
[2024-10-13T09:17:18.192+0000] {logging_mixin.py:190} INFO - [2024-10-13T09:17:18.191+0000] {dag.py:4180} INFO - Setting next_dagrun for example_xcom_args_with_operators to None, run_after=None
[2024-10-13T09:17:18.210+0000] {processor.py:208} INFO - Processing /home/airflow/.local/lib/python3.12/site-packages/airflow/example_dags/example_xcomargs.py took 0.091 seconds
[2024-10-13T09:17:48.435+0000] {processor.py:186} INFO - Started process (PID=1974) to work on /home/airflow/.local/lib/python3.12/site-packages/airflow/example_dags/example_xcomargs.py
[2024-10-13T09:17:48.437+0000] {processor.py:914} INFO - Processing file /home/airflow/.local/lib/python3.12/site-packages/airflow/example_dags/example_xcomargs.py for tasks to queue
[2024-10-13T09:17:48.441+0000] {logging_mixin.py:190} INFO - [2024-10-13T09:17:48.440+0000] {dagbag.py:588} INFO - Filling up the DagBag from /home/airflow/.local/lib/python3.12/site-packages/airflow/example_dags/example_xcomargs.py
[2024-10-13T09:17:48.456+0000] {processor.py:925} INFO - DAG(s) 'example_xcom_args', 'example_xcom_args_with_operators' retrieved from /home/airflow/.local/lib/python3.12/site-packages/airflow/example_dags/example_xcomargs.py
[2024-10-13T09:17:48.484+0000] {logging_mixin.py:190} INFO - [2024-10-13T09:17:48.484+0000] {dag.py:3239} INFO - Sync 2 DAGs
[2024-10-13T09:17:48.496+0000] {logging_mixin.py:190} INFO - [2024-10-13T09:17:48.496+0000] {dag.py:4180} INFO - Setting next_dagrun for example_xcom_args to None, run_after=None
[2024-10-13T09:17:48.500+0000] {logging_mixin.py:190} INFO - [2024-10-13T09:17:48.500+0000] {dag.py:4180} INFO - Setting next_dagrun for example_xcom_args_with_operators to None, run_after=None
[2024-10-13T09:17:48.518+0000] {processor.py:208} INFO - Processing /home/airflow/.local/lib/python3.12/site-packages/airflow/example_dags/example_xcomargs.py took 0.091 seconds
[2024-10-13T09:18:19.261+0000] {processor.py:186} INFO - Started process (PID=2037) to work on /home/airflow/.local/lib/python3.12/site-packages/airflow/example_dags/example_xcomargs.py
[2024-10-13T09:18:19.263+0000] {processor.py:914} INFO - Processing file /home/airflow/.local/lib/python3.12/site-packages/airflow/example_dags/example_xcomargs.py for tasks to queue
[2024-10-13T09:18:19.266+0000] {logging_mixin.py:190} INFO - [2024-10-13T09:18:19.266+0000] {dagbag.py:588} INFO - Filling up the DagBag from /home/airflow/.local/lib/python3.12/site-packages/airflow/example_dags/example_xcomargs.py
[2024-10-13T09:18:19.279+0000] {processor.py:925} INFO - DAG(s) 'example_xcom_args', 'example_xcom_args_with_operators' retrieved from /home/airflow/.local/lib/python3.12/site-packages/airflow/example_dags/example_xcomargs.py
[2024-10-13T09:18:19.314+0000] {logging_mixin.py:190} INFO - [2024-10-13T09:18:19.313+0000] {dag.py:3239} INFO - Sync 2 DAGs
[2024-10-13T09:18:19.336+0000] {logging_mixin.py:190} INFO - [2024-10-13T09:18:19.336+0000] {dag.py:4180} INFO - Setting next_dagrun for example_xcom_args to None, run_after=None
[2024-10-13T09:18:19.343+0000] {logging_mixin.py:190} INFO - [2024-10-13T09:18:19.343+0000] {dag.py:4180} INFO - Setting next_dagrun for example_xcom_args_with_operators to None, run_after=None
[2024-10-13T09:18:19.371+0000] {processor.py:208} INFO - Processing /home/airflow/.local/lib/python3.12/site-packages/airflow/example_dags/example_xcomargs.py took 0.118 seconds
[2024-10-13T09:18:49.600+0000] {processor.py:186} INFO - Started process (PID=2100) to work on /home/airflow/.local/lib/python3.12/site-packages/airflow/example_dags/example_xcomargs.py
[2024-10-13T09:18:49.601+0000] {processor.py:914} INFO - Processing file /home/airflow/.local/lib/python3.12/site-packages/airflow/example_dags/example_xcomargs.py for tasks to queue
[2024-10-13T09:18:49.603+0000] {logging_mixin.py:190} INFO - [2024-10-13T09:18:49.602+0000] {dagbag.py:588} INFO - Filling up the DagBag from /home/airflow/.local/lib/python3.12/site-packages/airflow/example_dags/example_xcomargs.py
[2024-10-13T09:18:49.610+0000] {processor.py:925} INFO - DAG(s) 'example_xcom_args_with_operators', 'example_xcom_args' retrieved from /home/airflow/.local/lib/python3.12/site-packages/airflow/example_dags/example_xcomargs.py
[2024-10-13T09:18:49.632+0000] {logging_mixin.py:190} INFO - [2024-10-13T09:18:49.632+0000] {dag.py:3239} INFO - Sync 2 DAGs
[2024-10-13T09:18:49.645+0000] {logging_mixin.py:190} INFO - [2024-10-13T09:18:49.645+0000] {dag.py:4180} INFO - Setting next_dagrun for example_xcom_args to None, run_after=None
[2024-10-13T09:18:49.650+0000] {logging_mixin.py:190} INFO - [2024-10-13T09:18:49.649+0000] {dag.py:4180} INFO - Setting next_dagrun for example_xcom_args_with_operators to None, run_after=None
[2024-10-13T09:18:49.665+0000] {processor.py:208} INFO - Processing /home/airflow/.local/lib/python3.12/site-packages/airflow/example_dags/example_xcomargs.py took 0.072 seconds
[2024-10-13T09:19:20.611+0000] {processor.py:186} INFO - Started process (PID=2163) to work on /home/airflow/.local/lib/python3.12/site-packages/airflow/example_dags/example_xcomargs.py
[2024-10-13T09:19:20.613+0000] {processor.py:914} INFO - Processing file /home/airflow/.local/lib/python3.12/site-packages/airflow/example_dags/example_xcomargs.py for tasks to queue
[2024-10-13T09:19:20.618+0000] {logging_mixin.py:190} INFO - [2024-10-13T09:19:20.617+0000] {dagbag.py:588} INFO - Filling up the DagBag from /home/airflow/.local/lib/python3.12/site-packages/airflow/example_dags/example_xcomargs.py
[2024-10-13T09:19:20.633+0000] {processor.py:925} INFO - DAG(s) 'example_xcom_args', 'example_xcom_args_with_operators' retrieved from /home/airflow/.local/lib/python3.12/site-packages/airflow/example_dags/example_xcomargs.py
[2024-10-13T09:19:20.672+0000] {logging_mixin.py:190} INFO - [2024-10-13T09:19:20.672+0000] {dag.py:3239} INFO - Sync 2 DAGs
[2024-10-13T09:19:20.708+0000] {logging_mixin.py:190} INFO - [2024-10-13T09:19:20.708+0000] {dag.py:4180} INFO - Setting next_dagrun for example_xcom_args to None, run_after=None
[2024-10-13T09:19:20.720+0000] {logging_mixin.py:190} INFO - [2024-10-13T09:19:20.720+0000] {dag.py:4180} INFO - Setting next_dagrun for example_xcom_args_with_operators to None, run_after=None
[2024-10-13T09:19:20.792+0000] {processor.py:208} INFO - Processing /home/airflow/.local/lib/python3.12/site-packages/airflow/example_dags/example_xcomargs.py took 0.188 seconds
[2024-10-13T09:19:50.957+0000] {processor.py:186} INFO - Started process (PID=2226) to work on /home/airflow/.local/lib/python3.12/site-packages/airflow/example_dags/example_xcomargs.py
[2024-10-13T09:19:50.958+0000] {processor.py:914} INFO - Processing file /home/airflow/.local/lib/python3.12/site-packages/airflow/example_dags/example_xcomargs.py for tasks to queue
[2024-10-13T09:19:50.960+0000] {logging_mixin.py:190} INFO - [2024-10-13T09:19:50.960+0000] {dagbag.py:588} INFO - Filling up the DagBag from /home/airflow/.local/lib/python3.12/site-packages/airflow/example_dags/example_xcomargs.py
[2024-10-13T09:19:50.972+0000] {processor.py:925} INFO - DAG(s) 'example_xcom_args_with_operators', 'example_xcom_args' retrieved from /home/airflow/.local/lib/python3.12/site-packages/airflow/example_dags/example_xcomargs.py
[2024-10-13T09:19:51.009+0000] {logging_mixin.py:190} INFO - [2024-10-13T09:19:51.008+0000] {dag.py:3239} INFO - Sync 2 DAGs
[2024-10-13T09:19:51.033+0000] {logging_mixin.py:190} INFO - [2024-10-13T09:19:51.033+0000] {dag.py:4180} INFO - Setting next_dagrun for example_xcom_args to None, run_after=None
[2024-10-13T09:19:51.047+0000] {logging_mixin.py:190} INFO - [2024-10-13T09:19:51.046+0000] {dag.py:4180} INFO - Setting next_dagrun for example_xcom_args_with_operators to None, run_after=None
[2024-10-13T09:19:51.089+0000] {processor.py:208} INFO - Processing /home/airflow/.local/lib/python3.12/site-packages/airflow/example_dags/example_xcomargs.py took 0.138 seconds
[2024-10-13T09:20:21.388+0000] {processor.py:186} INFO - Started process (PID=2291) to work on /home/airflow/.local/lib/python3.12/site-packages/airflow/example_dags/example_xcomargs.py
[2024-10-13T09:20:21.389+0000] {processor.py:914} INFO - Processing file /home/airflow/.local/lib/python3.12/site-packages/airflow/example_dags/example_xcomargs.py for tasks to queue
[2024-10-13T09:20:21.392+0000] {logging_mixin.py:190} INFO - [2024-10-13T09:20:21.391+0000] {dagbag.py:588} INFO - Filling up the DagBag from /home/airflow/.local/lib/python3.12/site-packages/airflow/example_dags/example_xcomargs.py
[2024-10-13T09:20:21.402+0000] {processor.py:925} INFO - DAG(s) 'example_xcom_args_with_operators', 'example_xcom_args' retrieved from /home/airflow/.local/lib/python3.12/site-packages/airflow/example_dags/example_xcomargs.py
[2024-10-13T09:20:21.428+0000] {logging_mixin.py:190} INFO - [2024-10-13T09:20:21.428+0000] {dag.py:3239} INFO - Sync 2 DAGs
[2024-10-13T09:20:21.443+0000] {logging_mixin.py:190} INFO - [2024-10-13T09:20:21.442+0000] {dag.py:4180} INFO - Setting next_dagrun for example_xcom_args to None, run_after=None
[2024-10-13T09:20:21.447+0000] {logging_mixin.py:190} INFO - [2024-10-13T09:20:21.447+0000] {dag.py:4180} INFO - Setting next_dagrun for example_xcom_args_with_operators to None, run_after=None
[2024-10-13T09:20:21.481+0000] {processor.py:208} INFO - Processing /home/airflow/.local/lib/python3.12/site-packages/airflow/example_dags/example_xcomargs.py took 0.099 seconds
[2024-10-13T09:20:52.469+0000] {processor.py:186} INFO - Started process (PID=2354) to work on /home/airflow/.local/lib/python3.12/site-packages/airflow/example_dags/example_xcomargs.py
[2024-10-13T09:20:52.471+0000] {processor.py:914} INFO - Processing file /home/airflow/.local/lib/python3.12/site-packages/airflow/example_dags/example_xcomargs.py for tasks to queue
[2024-10-13T09:20:52.476+0000] {logging_mixin.py:190} INFO - [2024-10-13T09:20:52.476+0000] {dagbag.py:588} INFO - Filling up the DagBag from /home/airflow/.local/lib/python3.12/site-packages/airflow/example_dags/example_xcomargs.py
[2024-10-13T09:20:52.491+0000] {processor.py:925} INFO - DAG(s) 'example_xcom_args', 'example_xcom_args_with_operators' retrieved from /home/airflow/.local/lib/python3.12/site-packages/airflow/example_dags/example_xcomargs.py
[2024-10-13T09:20:52.523+0000] {logging_mixin.py:190} INFO - [2024-10-13T09:20:52.522+0000] {dag.py:3239} INFO - Sync 2 DAGs
[2024-10-13T09:20:52.541+0000] {logging_mixin.py:190} INFO - [2024-10-13T09:20:52.540+0000] {dag.py:4180} INFO - Setting next_dagrun for example_xcom_args to None, run_after=None
[2024-10-13T09:20:52.546+0000] {logging_mixin.py:190} INFO - [2024-10-13T09:20:52.546+0000] {dag.py:4180} INFO - Setting next_dagrun for example_xcom_args_with_operators to None, run_after=None
[2024-10-13T09:20:52.570+0000] {processor.py:208} INFO - Processing /home/airflow/.local/lib/python3.12/site-packages/airflow/example_dags/example_xcomargs.py took 0.108 seconds
[2024-10-13T09:21:23.154+0000] {processor.py:186} INFO - Started process (PID=2418) to work on /home/airflow/.local/lib/python3.12/site-packages/airflow/example_dags/example_xcomargs.py
[2024-10-13T09:21:23.157+0000] {processor.py:914} INFO - Processing file /home/airflow/.local/lib/python3.12/site-packages/airflow/example_dags/example_xcomargs.py for tasks to queue
[2024-10-13T09:21:23.163+0000] {logging_mixin.py:190} INFO - [2024-10-13T09:21:23.162+0000] {dagbag.py:588} INFO - Filling up the DagBag from /home/airflow/.local/lib/python3.12/site-packages/airflow/example_dags/example_xcomargs.py
[2024-10-13T09:21:23.178+0000] {processor.py:925} INFO - DAG(s) 'example_xcom_args_with_operators', 'example_xcom_args' retrieved from /home/airflow/.local/lib/python3.12/site-packages/airflow/example_dags/example_xcomargs.py
[2024-10-13T09:21:23.225+0000] {logging_mixin.py:190} INFO - [2024-10-13T09:21:23.225+0000] {dag.py:3239} INFO - Sync 2 DAGs
[2024-10-13T09:21:23.254+0000] {logging_mixin.py:190} INFO - [2024-10-13T09:21:23.254+0000] {dag.py:4180} INFO - Setting next_dagrun for example_xcom_args to None, run_after=None
[2024-10-13T09:21:23.262+0000] {logging_mixin.py:190} INFO - [2024-10-13T09:21:23.261+0000] {dag.py:4180} INFO - Setting next_dagrun for example_xcom_args_with_operators to None, run_after=None
[2024-10-13T09:21:23.303+0000] {processor.py:208} INFO - Processing /home/airflow/.local/lib/python3.12/site-packages/airflow/example_dags/example_xcomargs.py took 0.156 seconds
[2024-10-13T09:21:53.629+0000] {processor.py:186} INFO - Started process (PID=2481) to work on /home/airflow/.local/lib/python3.12/site-packages/airflow/example_dags/example_xcomargs.py
[2024-10-13T09:21:53.630+0000] {processor.py:914} INFO - Processing file /home/airflow/.local/lib/python3.12/site-packages/airflow/example_dags/example_xcomargs.py for tasks to queue
[2024-10-13T09:21:53.633+0000] {logging_mixin.py:190} INFO - [2024-10-13T09:21:53.633+0000] {dagbag.py:588} INFO - Filling up the DagBag from /home/airflow/.local/lib/python3.12/site-packages/airflow/example_dags/example_xcomargs.py
[2024-10-13T09:21:53.643+0000] {processor.py:925} INFO - DAG(s) 'example_xcom_args_with_operators', 'example_xcom_args' retrieved from /home/airflow/.local/lib/python3.12/site-packages/airflow/example_dags/example_xcomargs.py
[2024-10-13T09:21:53.665+0000] {logging_mixin.py:190} INFO - [2024-10-13T09:21:53.665+0000] {dag.py:3239} INFO - Sync 2 DAGs
[2024-10-13T09:21:53.682+0000] {logging_mixin.py:190} INFO - [2024-10-13T09:21:53.681+0000] {dag.py:4180} INFO - Setting next_dagrun for example_xcom_args to None, run_after=None
[2024-10-13T09:21:53.688+0000] {logging_mixin.py:190} INFO - [2024-10-13T09:21:53.687+0000] {dag.py:4180} INFO - Setting next_dagrun for example_xcom_args_with_operators to None, run_after=None
[2024-10-13T09:21:53.710+0000] {processor.py:208} INFO - Processing /home/airflow/.local/lib/python3.12/site-packages/airflow/example_dags/example_xcomargs.py took 0.086 seconds
[2024-10-13T09:22:24.255+0000] {processor.py:186} INFO - Started process (PID=2544) to work on /home/airflow/.local/lib/python3.12/site-packages/airflow/example_dags/example_xcomargs.py
[2024-10-13T09:22:24.257+0000] {processor.py:914} INFO - Processing file /home/airflow/.local/lib/python3.12/site-packages/airflow/example_dags/example_xcomargs.py for tasks to queue
[2024-10-13T09:22:24.263+0000] {logging_mixin.py:190} INFO - [2024-10-13T09:22:24.262+0000] {dagbag.py:588} INFO - Filling up the DagBag from /home/airflow/.local/lib/python3.12/site-packages/airflow/example_dags/example_xcomargs.py
[2024-10-13T09:22:24.280+0000] {processor.py:925} INFO - DAG(s) 'example_xcom_args_with_operators', 'example_xcom_args' retrieved from /home/airflow/.local/lib/python3.12/site-packages/airflow/example_dags/example_xcomargs.py
[2024-10-13T09:22:24.321+0000] {logging_mixin.py:190} INFO - [2024-10-13T09:22:24.321+0000] {dag.py:3239} INFO - Sync 2 DAGs
[2024-10-13T09:22:24.344+0000] {logging_mixin.py:190} INFO - [2024-10-13T09:22:24.344+0000] {dag.py:4180} INFO - Setting next_dagrun for example_xcom_args to None, run_after=None
[2024-10-13T09:22:24.349+0000] {logging_mixin.py:190} INFO - [2024-10-13T09:22:24.349+0000] {dag.py:4180} INFO - Setting next_dagrun for example_xcom_args_with_operators to None, run_after=None
[2024-10-13T09:22:24.373+0000] {processor.py:208} INFO - Processing /home/airflow/.local/lib/python3.12/site-packages/airflow/example_dags/example_xcomargs.py took 0.127 seconds
[2024-10-13T09:22:55.201+0000] {processor.py:186} INFO - Started process (PID=2607) to work on /home/airflow/.local/lib/python3.12/site-packages/airflow/example_dags/example_xcomargs.py
[2024-10-13T09:22:55.203+0000] {processor.py:914} INFO - Processing file /home/airflow/.local/lib/python3.12/site-packages/airflow/example_dags/example_xcomargs.py for tasks to queue
[2024-10-13T09:22:55.209+0000] {logging_mixin.py:190} INFO - [2024-10-13T09:22:55.208+0000] {dagbag.py:588} INFO - Filling up the DagBag from /home/airflow/.local/lib/python3.12/site-packages/airflow/example_dags/example_xcomargs.py
[2024-10-13T09:22:55.225+0000] {processor.py:925} INFO - DAG(s) 'example_xcom_args_with_operators', 'example_xcom_args' retrieved from /home/airflow/.local/lib/python3.12/site-packages/airflow/example_dags/example_xcomargs.py
[2024-10-13T09:22:55.260+0000] {logging_mixin.py:190} INFO - [2024-10-13T09:22:55.260+0000] {dag.py:3239} INFO - Sync 2 DAGs
[2024-10-13T09:22:55.278+0000] {logging_mixin.py:190} INFO - [2024-10-13T09:22:55.278+0000] {dag.py:4180} INFO - Setting next_dagrun for example_xcom_args to None, run_after=None
[2024-10-13T09:22:55.284+0000] {logging_mixin.py:190} INFO - [2024-10-13T09:22:55.283+0000] {dag.py:4180} INFO - Setting next_dagrun for example_xcom_args_with_operators to None, run_after=None
[2024-10-13T09:22:55.306+0000] {processor.py:208} INFO - Processing /home/airflow/.local/lib/python3.12/site-packages/airflow/example_dags/example_xcomargs.py took 0.114 seconds
[2024-10-13T09:23:26.974+0000] {processor.py:186} INFO - Started process (PID=2670) to work on /home/airflow/.local/lib/python3.12/site-packages/airflow/example_dags/example_xcomargs.py
[2024-10-13T09:23:26.977+0000] {processor.py:914} INFO - Processing file /home/airflow/.local/lib/python3.12/site-packages/airflow/example_dags/example_xcomargs.py for tasks to queue
[2024-10-13T09:23:26.985+0000] {logging_mixin.py:190} INFO - [2024-10-13T09:23:26.984+0000] {dagbag.py:588} INFO - Filling up the DagBag from /home/airflow/.local/lib/python3.12/site-packages/airflow/example_dags/example_xcomargs.py
[2024-10-13T09:23:27.006+0000] {processor.py:925} INFO - DAG(s) 'example_xcom_args', 'example_xcom_args_with_operators' retrieved from /home/airflow/.local/lib/python3.12/site-packages/airflow/example_dags/example_xcomargs.py
[2024-10-13T09:23:27.053+0000] {logging_mixin.py:190} INFO - [2024-10-13T09:23:27.053+0000] {dag.py:3239} INFO - Sync 2 DAGs
[2024-10-13T09:23:27.083+0000] {logging_mixin.py:190} INFO - [2024-10-13T09:23:27.083+0000] {dag.py:4180} INFO - Setting next_dagrun for example_xcom_args to None, run_after=None
[2024-10-13T09:23:27.091+0000] {logging_mixin.py:190} INFO - [2024-10-13T09:23:27.091+0000] {dag.py:4180} INFO - Setting next_dagrun for example_xcom_args_with_operators to None, run_after=None
[2024-10-13T09:23:27.128+0000] {processor.py:208} INFO - Processing /home/airflow/.local/lib/python3.12/site-packages/airflow/example_dags/example_xcomargs.py took 0.167 seconds
[2024-10-13T09:23:57.905+0000] {processor.py:186} INFO - Started process (PID=2734) to work on /home/airflow/.local/lib/python3.12/site-packages/airflow/example_dags/example_xcomargs.py
[2024-10-13T09:23:57.907+0000] {processor.py:914} INFO - Processing file /home/airflow/.local/lib/python3.12/site-packages/airflow/example_dags/example_xcomargs.py for tasks to queue
[2024-10-13T09:23:57.909+0000] {logging_mixin.py:190} INFO - [2024-10-13T09:23:57.909+0000] {dagbag.py:588} INFO - Filling up the DagBag from /home/airflow/.local/lib/python3.12/site-packages/airflow/example_dags/example_xcomargs.py
[2024-10-13T09:23:57.923+0000] {processor.py:925} INFO - DAG(s) 'example_xcom_args', 'example_xcom_args_with_operators' retrieved from /home/airflow/.local/lib/python3.12/site-packages/airflow/example_dags/example_xcomargs.py
[2024-10-13T09:23:57.949+0000] {logging_mixin.py:190} INFO - [2024-10-13T09:23:57.948+0000] {dag.py:3239} INFO - Sync 2 DAGs
[2024-10-13T09:23:57.964+0000] {logging_mixin.py:190} INFO - [2024-10-13T09:23:57.964+0000] {dag.py:4180} INFO - Setting next_dagrun for example_xcom_args to None, run_after=None
[2024-10-13T09:23:57.970+0000] {logging_mixin.py:190} INFO - [2024-10-13T09:23:57.970+0000] {dag.py:4180} INFO - Setting next_dagrun for example_xcom_args_with_operators to None, run_after=None
[2024-10-13T09:23:57.994+0000] {processor.py:208} INFO - Processing /home/airflow/.local/lib/python3.12/site-packages/airflow/example_dags/example_xcomargs.py took 0.095 seconds
[2024-10-13T09:24:30.131+0000] {processor.py:186} INFO - Started process (PID=2796) to work on /home/airflow/.local/lib/python3.12/site-packages/airflow/example_dags/example_xcomargs.py
[2024-10-13T09:24:30.134+0000] {processor.py:914} INFO - Processing file /home/airflow/.local/lib/python3.12/site-packages/airflow/example_dags/example_xcomargs.py for tasks to queue
[2024-10-13T09:24:30.139+0000] {logging_mixin.py:190} INFO - [2024-10-13T09:24:30.138+0000] {dagbag.py:588} INFO - Filling up the DagBag from /home/airflow/.local/lib/python3.12/site-packages/airflow/example_dags/example_xcomargs.py
[2024-10-13T09:24:30.165+0000] {processor.py:925} INFO - DAG(s) 'example_xcom_args_with_operators', 'example_xcom_args' retrieved from /home/airflow/.local/lib/python3.12/site-packages/airflow/example_dags/example_xcomargs.py
[2024-10-13T09:24:30.231+0000] {logging_mixin.py:190} INFO - [2024-10-13T09:24:30.231+0000] {dag.py:3239} INFO - Sync 2 DAGs
[2024-10-13T09:24:30.272+0000] {logging_mixin.py:190} INFO - [2024-10-13T09:24:30.271+0000] {dag.py:4180} INFO - Setting next_dagrun for example_xcom_args to None, run_after=None
[2024-10-13T09:24:30.292+0000] {logging_mixin.py:190} INFO - [2024-10-13T09:24:30.286+0000] {dag.py:4180} INFO - Setting next_dagrun for example_xcom_args_with_operators to None, run_after=None
[2024-10-13T09:24:30.345+0000] {processor.py:208} INFO - Processing /home/airflow/.local/lib/python3.12/site-packages/airflow/example_dags/example_xcomargs.py took 0.227 seconds
[2024-10-13T09:25:00.978+0000] {processor.py:186} INFO - Started process (PID=2861) to work on /home/airflow/.local/lib/python3.12/site-packages/airflow/example_dags/example_xcomargs.py
[2024-10-13T09:25:00.980+0000] {processor.py:914} INFO - Processing file /home/airflow/.local/lib/python3.12/site-packages/airflow/example_dags/example_xcomargs.py for tasks to queue
[2024-10-13T09:25:00.984+0000] {logging_mixin.py:190} INFO - [2024-10-13T09:25:00.983+0000] {dagbag.py:588} INFO - Filling up the DagBag from /home/airflow/.local/lib/python3.12/site-packages/airflow/example_dags/example_xcomargs.py
[2024-10-13T09:25:01.003+0000] {processor.py:925} INFO - DAG(s) 'example_xcom_args_with_operators', 'example_xcom_args' retrieved from /home/airflow/.local/lib/python3.12/site-packages/airflow/example_dags/example_xcomargs.py
[2024-10-13T09:25:01.055+0000] {logging_mixin.py:190} INFO - [2024-10-13T09:25:01.054+0000] {dag.py:3239} INFO - Sync 2 DAGs
[2024-10-13T09:25:01.097+0000] {logging_mixin.py:190} INFO - [2024-10-13T09:25:01.096+0000] {dag.py:4180} INFO - Setting next_dagrun for example_xcom_args to None, run_after=None
[2024-10-13T09:25:01.105+0000] {logging_mixin.py:190} INFO - [2024-10-13T09:25:01.104+0000] {dag.py:4180} INFO - Setting next_dagrun for example_xcom_args_with_operators to None, run_after=None
[2024-10-13T09:25:01.163+0000] {processor.py:208} INFO - Processing /home/airflow/.local/lib/python3.12/site-packages/airflow/example_dags/example_xcomargs.py took 0.197 seconds
[2024-10-13T09:25:31.632+0000] {processor.py:186} INFO - Started process (PID=2924) to work on /home/airflow/.local/lib/python3.12/site-packages/airflow/example_dags/example_xcomargs.py
[2024-10-13T09:25:31.634+0000] {processor.py:914} INFO - Processing file /home/airflow/.local/lib/python3.12/site-packages/airflow/example_dags/example_xcomargs.py for tasks to queue
[2024-10-13T09:25:31.637+0000] {logging_mixin.py:190} INFO - [2024-10-13T09:25:31.636+0000] {dagbag.py:588} INFO - Filling up the DagBag from /home/airflow/.local/lib/python3.12/site-packages/airflow/example_dags/example_xcomargs.py
[2024-10-13T09:25:31.652+0000] {processor.py:925} INFO - DAG(s) 'example_xcom_args_with_operators', 'example_xcom_args' retrieved from /home/airflow/.local/lib/python3.12/site-packages/airflow/example_dags/example_xcomargs.py
[2024-10-13T09:25:31.678+0000] {logging_mixin.py:190} INFO - [2024-10-13T09:25:31.677+0000] {dag.py:3239} INFO - Sync 2 DAGs
[2024-10-13T09:25:31.698+0000] {logging_mixin.py:190} INFO - [2024-10-13T09:25:31.697+0000] {dag.py:4180} INFO - Setting next_dagrun for example_xcom_args to None, run_after=None
[2024-10-13T09:25:31.702+0000] {logging_mixin.py:190} INFO - [2024-10-13T09:25:31.702+0000] {dag.py:4180} INFO - Setting next_dagrun for example_xcom_args_with_operators to None, run_after=None
[2024-10-13T09:25:31.723+0000] {processor.py:208} INFO - Processing /home/airflow/.local/lib/python3.12/site-packages/airflow/example_dags/example_xcomargs.py took 0.097 seconds
[2024-10-13T09:26:02.595+0000] {processor.py:186} INFO - Started process (PID=2987) to work on /home/airflow/.local/lib/python3.12/site-packages/airflow/example_dags/example_xcomargs.py
[2024-10-13T09:26:02.597+0000] {processor.py:914} INFO - Processing file /home/airflow/.local/lib/python3.12/site-packages/airflow/example_dags/example_xcomargs.py for tasks to queue
[2024-10-13T09:26:02.601+0000] {logging_mixin.py:190} INFO - [2024-10-13T09:26:02.600+0000] {dagbag.py:588} INFO - Filling up the DagBag from /home/airflow/.local/lib/python3.12/site-packages/airflow/example_dags/example_xcomargs.py
[2024-10-13T09:26:02.614+0000] {processor.py:925} INFO - DAG(s) 'example_xcom_args_with_operators', 'example_xcom_args' retrieved from /home/airflow/.local/lib/python3.12/site-packages/airflow/example_dags/example_xcomargs.py
[2024-10-13T09:26:02.640+0000] {logging_mixin.py:190} INFO - [2024-10-13T09:26:02.640+0000] {dag.py:3239} INFO - Sync 2 DAGs
[2024-10-13T09:26:02.655+0000] {logging_mixin.py:190} INFO - [2024-10-13T09:26:02.655+0000] {dag.py:4180} INFO - Setting next_dagrun for example_xcom_args to None, run_after=None
[2024-10-13T09:26:02.658+0000] {logging_mixin.py:190} INFO - [2024-10-13T09:26:02.658+0000] {dag.py:4180} INFO - Setting next_dagrun for example_xcom_args_with_operators to None, run_after=None
[2024-10-13T09:26:02.677+0000] {processor.py:208} INFO - Processing /home/airflow/.local/lib/python3.12/site-packages/airflow/example_dags/example_xcomargs.py took 0.089 seconds
[2024-10-13T09:26:40.033+0000] {processor.py:186} INFO - Started process (PID=3050) to work on /home/airflow/.local/lib/python3.12/site-packages/airflow/example_dags/example_xcomargs.py
[2024-10-13T09:26:40.037+0000] {processor.py:914} INFO - Processing file /home/airflow/.local/lib/python3.12/site-packages/airflow/example_dags/example_xcomargs.py for tasks to queue
[2024-10-13T09:26:40.046+0000] {logging_mixin.py:190} INFO - [2024-10-13T09:26:40.045+0000] {dagbag.py:588} INFO - Filling up the DagBag from /home/airflow/.local/lib/python3.12/site-packages/airflow/example_dags/example_xcomargs.py
[2024-10-13T09:26:40.079+0000] {processor.py:925} INFO - DAG(s) 'example_xcom_args_with_operators', 'example_xcom_args' retrieved from /home/airflow/.local/lib/python3.12/site-packages/airflow/example_dags/example_xcomargs.py
[2024-10-13T09:26:40.144+0000] {logging_mixin.py:190} INFO - [2024-10-13T09:26:40.143+0000] {dag.py:3239} INFO - Sync 2 DAGs
[2024-10-13T09:26:40.179+0000] {logging_mixin.py:190} INFO - [2024-10-13T09:26:40.178+0000] {dag.py:4180} INFO - Setting next_dagrun for example_xcom_args to None, run_after=None
[2024-10-13T09:26:40.188+0000] {logging_mixin.py:190} INFO - [2024-10-13T09:26:40.187+0000] {dag.py:4180} INFO - Setting next_dagrun for example_xcom_args_with_operators to None, run_after=None
[2024-10-13T09:26:40.220+0000] {processor.py:208} INFO - Processing /home/airflow/.local/lib/python3.12/site-packages/airflow/example_dags/example_xcomargs.py took 0.210 seconds
[2024-10-13T09:27:21.121+0000] {processor.py:186} INFO - Started process (PID=3128) to work on /home/airflow/.local/lib/python3.12/site-packages/airflow/example_dags/example_xcomargs.py
[2024-10-13T09:27:21.127+0000] {processor.py:914} INFO - Processing file /home/airflow/.local/lib/python3.12/site-packages/airflow/example_dags/example_xcomargs.py for tasks to queue
[2024-10-13T09:27:21.133+0000] {logging_mixin.py:190} INFO - [2024-10-13T09:27:21.132+0000] {dagbag.py:588} INFO - Filling up the DagBag from /home/airflow/.local/lib/python3.12/site-packages/airflow/example_dags/example_xcomargs.py
[2024-10-13T09:27:21.161+0000] {processor.py:925} INFO - DAG(s) 'example_xcom_args', 'example_xcom_args_with_operators' retrieved from /home/airflow/.local/lib/python3.12/site-packages/airflow/example_dags/example_xcomargs.py
[2024-10-13T09:27:21.242+0000] {logging_mixin.py:190} INFO - [2024-10-13T09:27:21.241+0000] {dag.py:3239} INFO - Sync 2 DAGs
[2024-10-13T09:27:21.286+0000] {logging_mixin.py:190} INFO - [2024-10-13T09:27:21.286+0000] {dag.py:4180} INFO - Setting next_dagrun for example_xcom_args to None, run_after=None
[2024-10-13T09:27:21.300+0000] {logging_mixin.py:190} INFO - [2024-10-13T09:27:21.299+0000] {dag.py:4180} INFO - Setting next_dagrun for example_xcom_args_with_operators to None, run_after=None
[2024-10-13T09:27:21.368+0000] {processor.py:208} INFO - Processing /home/airflow/.local/lib/python3.12/site-packages/airflow/example_dags/example_xcomargs.py took 0.265 seconds
[2024-10-13T09:27:54.263+0000] {processor.py:186} INFO - Started process (PID=3191) to work on /home/airflow/.local/lib/python3.12/site-packages/airflow/example_dags/example_xcomargs.py
[2024-10-13T09:27:54.266+0000] {processor.py:914} INFO - Processing file /home/airflow/.local/lib/python3.12/site-packages/airflow/example_dags/example_xcomargs.py for tasks to queue
[2024-10-13T09:27:54.272+0000] {logging_mixin.py:190} INFO - [2024-10-13T09:27:54.271+0000] {dagbag.py:588} INFO - Filling up the DagBag from /home/airflow/.local/lib/python3.12/site-packages/airflow/example_dags/example_xcomargs.py
[2024-10-13T09:27:54.308+0000] {processor.py:925} INFO - DAG(s) 'example_xcom_args', 'example_xcom_args_with_operators' retrieved from /home/airflow/.local/lib/python3.12/site-packages/airflow/example_dags/example_xcomargs.py
[2024-10-13T09:27:54.375+0000] {logging_mixin.py:190} INFO - [2024-10-13T09:27:54.374+0000] {dag.py:3239} INFO - Sync 2 DAGs
[2024-10-13T09:27:54.437+0000] {logging_mixin.py:190} INFO - [2024-10-13T09:27:54.437+0000] {dag.py:4180} INFO - Setting next_dagrun for example_xcom_args to None, run_after=None
[2024-10-13T09:27:54.465+0000] {logging_mixin.py:190} INFO - [2024-10-13T09:27:54.464+0000] {dag.py:4180} INFO - Setting next_dagrun for example_xcom_args_with_operators to None, run_after=None
[2024-10-13T09:27:54.524+0000] {processor.py:208} INFO - Processing /home/airflow/.local/lib/python3.12/site-packages/airflow/example_dags/example_xcomargs.py took 0.278 seconds
[2024-10-13T09:28:24.824+0000] {processor.py:186} INFO - Started process (PID=3254) to work on /home/airflow/.local/lib/python3.12/site-packages/airflow/example_dags/example_xcomargs.py
[2024-10-13T09:28:24.827+0000] {processor.py:914} INFO - Processing file /home/airflow/.local/lib/python3.12/site-packages/airflow/example_dags/example_xcomargs.py for tasks to queue
[2024-10-13T09:28:24.834+0000] {logging_mixin.py:190} INFO - [2024-10-13T09:28:24.832+0000] {dagbag.py:588} INFO - Filling up the DagBag from /home/airflow/.local/lib/python3.12/site-packages/airflow/example_dags/example_xcomargs.py
[2024-10-13T09:28:24.855+0000] {processor.py:925} INFO - DAG(s) 'example_xcom_args_with_operators', 'example_xcom_args' retrieved from /home/airflow/.local/lib/python3.12/site-packages/airflow/example_dags/example_xcomargs.py
[2024-10-13T09:28:24.912+0000] {logging_mixin.py:190} INFO - [2024-10-13T09:28:24.912+0000] {dag.py:3239} INFO - Sync 2 DAGs
[2024-10-13T09:28:24.947+0000] {logging_mixin.py:190} INFO - [2024-10-13T09:28:24.946+0000] {dag.py:4180} INFO - Setting next_dagrun for example_xcom_args to None, run_after=None
[2024-10-13T09:28:24.958+0000] {logging_mixin.py:190} INFO - [2024-10-13T09:28:24.957+0000] {dag.py:4180} INFO - Setting next_dagrun for example_xcom_args_with_operators to None, run_after=None
[2024-10-13T09:28:25.000+0000] {processor.py:208} INFO - Processing /home/airflow/.local/lib/python3.12/site-packages/airflow/example_dags/example_xcomargs.py took 0.190 seconds
[2024-10-13T09:28:55.701+0000] {processor.py:186} INFO - Started process (PID=3317) to work on /home/airflow/.local/lib/python3.12/site-packages/airflow/example_dags/example_xcomargs.py
[2024-10-13T09:28:55.703+0000] {processor.py:914} INFO - Processing file /home/airflow/.local/lib/python3.12/site-packages/airflow/example_dags/example_xcomargs.py for tasks to queue
[2024-10-13T09:28:55.706+0000] {logging_mixin.py:190} INFO - [2024-10-13T09:28:55.706+0000] {dagbag.py:588} INFO - Filling up the DagBag from /home/airflow/.local/lib/python3.12/site-packages/airflow/example_dags/example_xcomargs.py
[2024-10-13T09:28:55.720+0000] {processor.py:925} INFO - DAG(s) 'example_xcom_args_with_operators', 'example_xcom_args' retrieved from /home/airflow/.local/lib/python3.12/site-packages/airflow/example_dags/example_xcomargs.py
[2024-10-13T09:28:55.751+0000] {logging_mixin.py:190} INFO - [2024-10-13T09:28:55.750+0000] {dag.py:3239} INFO - Sync 2 DAGs
[2024-10-13T09:28:55.768+0000] {logging_mixin.py:190} INFO - [2024-10-13T09:28:55.767+0000] {dag.py:4180} INFO - Setting next_dagrun for example_xcom_args to None, run_after=None
[2024-10-13T09:28:55.772+0000] {logging_mixin.py:190} INFO - [2024-10-13T09:28:55.772+0000] {dag.py:4180} INFO - Setting next_dagrun for example_xcom_args_with_operators to None, run_after=None
[2024-10-13T09:28:55.793+0000] {processor.py:208} INFO - Processing /home/airflow/.local/lib/python3.12/site-packages/airflow/example_dags/example_xcomargs.py took 0.100 seconds
[2024-10-13T09:29:25.924+0000] {processor.py:186} INFO - Started process (PID=3380) to work on /home/airflow/.local/lib/python3.12/site-packages/airflow/example_dags/example_xcomargs.py
[2024-10-13T09:29:25.925+0000] {processor.py:914} INFO - Processing file /home/airflow/.local/lib/python3.12/site-packages/airflow/example_dags/example_xcomargs.py for tasks to queue
[2024-10-13T09:29:25.927+0000] {logging_mixin.py:190} INFO - [2024-10-13T09:29:25.927+0000] {dagbag.py:588} INFO - Filling up the DagBag from /home/airflow/.local/lib/python3.12/site-packages/airflow/example_dags/example_xcomargs.py
[2024-10-13T09:29:25.936+0000] {processor.py:925} INFO - DAG(s) 'example_xcom_args', 'example_xcom_args_with_operators' retrieved from /home/airflow/.local/lib/python3.12/site-packages/airflow/example_dags/example_xcomargs.py
[2024-10-13T09:29:25.957+0000] {logging_mixin.py:190} INFO - [2024-10-13T09:29:25.957+0000] {dag.py:3239} INFO - Sync 2 DAGs
[2024-10-13T09:29:25.971+0000] {logging_mixin.py:190} INFO - [2024-10-13T09:29:25.971+0000] {dag.py:4180} INFO - Setting next_dagrun for example_xcom_args to None, run_after=None
[2024-10-13T09:29:25.977+0000] {logging_mixin.py:190} INFO - [2024-10-13T09:29:25.977+0000] {dag.py:4180} INFO - Setting next_dagrun for example_xcom_args_with_operators to None, run_after=None
[2024-10-13T09:29:26.002+0000] {processor.py:208} INFO - Processing /home/airflow/.local/lib/python3.12/site-packages/airflow/example_dags/example_xcomargs.py took 0.083 seconds
[2024-10-13T09:29:56.525+0000] {processor.py:186} INFO - Started process (PID=3443) to work on /home/airflow/.local/lib/python3.12/site-packages/airflow/example_dags/example_xcomargs.py
[2024-10-13T09:29:56.532+0000] {processor.py:914} INFO - Processing file /home/airflow/.local/lib/python3.12/site-packages/airflow/example_dags/example_xcomargs.py for tasks to queue
[2024-10-13T09:29:56.549+0000] {logging_mixin.py:190} INFO - [2024-10-13T09:29:56.548+0000] {dagbag.py:588} INFO - Filling up the DagBag from /home/airflow/.local/lib/python3.12/site-packages/airflow/example_dags/example_xcomargs.py
[2024-10-13T09:29:56.578+0000] {processor.py:925} INFO - DAG(s) 'example_xcom_args', 'example_xcom_args_with_operators' retrieved from /home/airflow/.local/lib/python3.12/site-packages/airflow/example_dags/example_xcomargs.py
[2024-10-13T09:29:56.653+0000] {logging_mixin.py:190} INFO - [2024-10-13T09:29:56.652+0000] {dag.py:3239} INFO - Sync 2 DAGs
[2024-10-13T09:29:56.687+0000] {logging_mixin.py:190} INFO - [2024-10-13T09:29:56.687+0000] {dag.py:4180} INFO - Setting next_dagrun for example_xcom_args to None, run_after=None
[2024-10-13T09:29:56.697+0000] {logging_mixin.py:190} INFO - [2024-10-13T09:29:56.696+0000] {dag.py:4180} INFO - Setting next_dagrun for example_xcom_args_with_operators to None, run_after=None
[2024-10-13T09:29:56.756+0000] {processor.py:208} INFO - Processing /home/airflow/.local/lib/python3.12/site-packages/airflow/example_dags/example_xcomargs.py took 0.242 seconds
