[2024-10-13T09:02:34.279+0000] {processor.py:186} INFO - Started process (PID=101) to work on /home/airflow/.local/lib/python3.12/site-packages/airflow/example_dags/example_latest_only.py
[2024-10-13T09:02:34.283+0000] {processor.py:914} INFO - Processing file /home/airflow/.local/lib/python3.12/site-packages/airflow/example_dags/example_latest_only.py for tasks to queue
[2024-10-13T09:02:34.309+0000] {logging_mixin.py:190} INFO - [2024-10-13T09:02:34.308+0000] {dagbag.py:588} INFO - Filling up the DagBag from /home/airflow/.local/lib/python3.12/site-packages/airflow/example_dags/example_latest_only.py
[2024-10-13T09:02:34.446+0000] {processor.py:925} INFO - DAG(s) 'latest_only' retrieved from /home/airflow/.local/lib/python3.12/site-packages/airflow/example_dags/example_latest_only.py
[2024-10-13T09:02:34.632+0000] {logging_mixin.py:190} INFO - [2024-10-13T09:02:34.631+0000] {dag.py:3239} INFO - Sync 1 DAGs
[2024-10-13T09:02:34.915+0000] {logging_mixin.py:190} INFO - [2024-10-13T09:02:34.914+0000] {dag.py:4180} INFO - Setting next_dagrun for latest_only to 2024-10-13 04:00:00+00:00, run_after=2024-10-13 08:00:00+00:00
[2024-10-13T09:02:35.019+0000] {processor.py:208} INFO - Processing /home/airflow/.local/lib/python3.12/site-packages/airflow/example_dags/example_latest_only.py took 0.833 seconds
[2024-10-13T09:03:05.330+0000] {processor.py:186} INFO - Started process (PID=165) to work on /home/airflow/.local/lib/python3.12/site-packages/airflow/example_dags/example_latest_only.py
[2024-10-13T09:03:05.332+0000] {processor.py:914} INFO - Processing file /home/airflow/.local/lib/python3.12/site-packages/airflow/example_dags/example_latest_only.py for tasks to queue
[2024-10-13T09:03:05.335+0000] {logging_mixin.py:190} INFO - [2024-10-13T09:03:05.335+0000] {dagbag.py:588} INFO - Filling up the DagBag from /home/airflow/.local/lib/python3.12/site-packages/airflow/example_dags/example_latest_only.py
[2024-10-13T09:03:05.346+0000] {processor.py:925} INFO - DAG(s) 'latest_only' retrieved from /home/airflow/.local/lib/python3.12/site-packages/airflow/example_dags/example_latest_only.py
[2024-10-13T09:03:05.373+0000] {logging_mixin.py:190} INFO - [2024-10-13T09:03:05.372+0000] {dag.py:3239} INFO - Sync 1 DAGs
[2024-10-13T09:03:05.397+0000] {logging_mixin.py:190} INFO - [2024-10-13T09:03:05.397+0000] {dag.py:4180} INFO - Setting next_dagrun for latest_only to 2024-10-13 04:00:00+00:00, run_after=2024-10-13 08:00:00+00:00
[2024-10-13T09:03:05.423+0000] {processor.py:208} INFO - Processing /home/airflow/.local/lib/python3.12/site-packages/airflow/example_dags/example_latest_only.py took 0.100 seconds
[2024-10-13T09:03:35.915+0000] {processor.py:186} INFO - Started process (PID=228) to work on /home/airflow/.local/lib/python3.12/site-packages/airflow/example_dags/example_latest_only.py
[2024-10-13T09:03:35.918+0000] {processor.py:914} INFO - Processing file /home/airflow/.local/lib/python3.12/site-packages/airflow/example_dags/example_latest_only.py for tasks to queue
[2024-10-13T09:03:35.923+0000] {logging_mixin.py:190} INFO - [2024-10-13T09:03:35.923+0000] {dagbag.py:588} INFO - Filling up the DagBag from /home/airflow/.local/lib/python3.12/site-packages/airflow/example_dags/example_latest_only.py
[2024-10-13T09:03:35.946+0000] {processor.py:925} INFO - DAG(s) 'latest_only' retrieved from /home/airflow/.local/lib/python3.12/site-packages/airflow/example_dags/example_latest_only.py
[2024-10-13T09:03:36.039+0000] {logging_mixin.py:190} INFO - [2024-10-13T09:03:36.038+0000] {dag.py:3239} INFO - Sync 1 DAGs
[2024-10-13T09:03:36.157+0000] {logging_mixin.py:190} INFO - [2024-10-13T09:03:36.156+0000] {dag.py:4180} INFO - Setting next_dagrun for latest_only to 2024-10-13 04:00:00+00:00, run_after=2024-10-13 08:00:00+00:00
[2024-10-13T09:03:36.264+0000] {processor.py:208} INFO - Processing /home/airflow/.local/lib/python3.12/site-packages/airflow/example_dags/example_latest_only.py took 0.373 seconds
[2024-10-13T09:04:06.803+0000] {processor.py:186} INFO - Started process (PID=292) to work on /home/airflow/.local/lib/python3.12/site-packages/airflow/example_dags/example_latest_only.py
[2024-10-13T09:04:06.806+0000] {processor.py:914} INFO - Processing file /home/airflow/.local/lib/python3.12/site-packages/airflow/example_dags/example_latest_only.py for tasks to queue
[2024-10-13T09:04:06.827+0000] {logging_mixin.py:190} INFO - [2024-10-13T09:04:06.825+0000] {dagbag.py:588} INFO - Filling up the DagBag from /home/airflow/.local/lib/python3.12/site-packages/airflow/example_dags/example_latest_only.py
[2024-10-13T09:04:06.874+0000] {processor.py:925} INFO - DAG(s) 'latest_only' retrieved from /home/airflow/.local/lib/python3.12/site-packages/airflow/example_dags/example_latest_only.py
[2024-10-13T09:04:06.955+0000] {logging_mixin.py:190} INFO - [2024-10-13T09:04:06.955+0000] {dag.py:3239} INFO - Sync 1 DAGs
[2024-10-13T09:04:07.052+0000] {logging_mixin.py:190} INFO - [2024-10-13T09:04:07.052+0000] {dag.py:4180} INFO - Setting next_dagrun for latest_only to 2024-10-13 04:00:00+00:00, run_after=2024-10-13 08:00:00+00:00
[2024-10-13T09:04:07.100+0000] {processor.py:208} INFO - Processing /home/airflow/.local/lib/python3.12/site-packages/airflow/example_dags/example_latest_only.py took 0.335 seconds
[2024-10-13T09:04:37.277+0000] {processor.py:186} INFO - Started process (PID=354) to work on /home/airflow/.local/lib/python3.12/site-packages/airflow/example_dags/example_latest_only.py
[2024-10-13T09:04:37.280+0000] {processor.py:914} INFO - Processing file /home/airflow/.local/lib/python3.12/site-packages/airflow/example_dags/example_latest_only.py for tasks to queue
[2024-10-13T09:04:37.284+0000] {logging_mixin.py:190} INFO - [2024-10-13T09:04:37.284+0000] {dagbag.py:588} INFO - Filling up the DagBag from /home/airflow/.local/lib/python3.12/site-packages/airflow/example_dags/example_latest_only.py
[2024-10-13T09:04:37.300+0000] {processor.py:925} INFO - DAG(s) 'latest_only' retrieved from /home/airflow/.local/lib/python3.12/site-packages/airflow/example_dags/example_latest_only.py
[2024-10-13T09:04:37.334+0000] {logging_mixin.py:190} INFO - [2024-10-13T09:04:37.334+0000] {dag.py:3239} INFO - Sync 1 DAGs
[2024-10-13T09:04:37.375+0000] {logging_mixin.py:190} INFO - [2024-10-13T09:04:37.375+0000] {dag.py:4180} INFO - Setting next_dagrun for latest_only to 2024-10-13 04:00:00+00:00, run_after=2024-10-13 08:00:00+00:00
[2024-10-13T09:04:37.410+0000] {processor.py:208} INFO - Processing /home/airflow/.local/lib/python3.12/site-packages/airflow/example_dags/example_latest_only.py took 0.144 seconds
[2024-10-13T09:05:07.777+0000] {processor.py:186} INFO - Started process (PID=417) to work on /home/airflow/.local/lib/python3.12/site-packages/airflow/example_dags/example_latest_only.py
[2024-10-13T09:05:07.781+0000] {processor.py:914} INFO - Processing file /home/airflow/.local/lib/python3.12/site-packages/airflow/example_dags/example_latest_only.py for tasks to queue
[2024-10-13T09:05:07.791+0000] {logging_mixin.py:190} INFO - [2024-10-13T09:05:07.790+0000] {dagbag.py:588} INFO - Filling up the DagBag from /home/airflow/.local/lib/python3.12/site-packages/airflow/example_dags/example_latest_only.py
[2024-10-13T09:05:07.812+0000] {processor.py:925} INFO - DAG(s) 'latest_only' retrieved from /home/airflow/.local/lib/python3.12/site-packages/airflow/example_dags/example_latest_only.py
[2024-10-13T09:05:07.861+0000] {logging_mixin.py:190} INFO - [2024-10-13T09:05:07.860+0000] {dag.py:3239} INFO - Sync 1 DAGs
[2024-10-13T09:05:07.909+0000] {logging_mixin.py:190} INFO - [2024-10-13T09:05:07.909+0000] {dag.py:4180} INFO - Setting next_dagrun for latest_only to 2024-10-13 04:00:00+00:00, run_after=2024-10-13 08:00:00+00:00
[2024-10-13T09:05:07.956+0000] {processor.py:208} INFO - Processing /home/airflow/.local/lib/python3.12/site-packages/airflow/example_dags/example_latest_only.py took 0.193 seconds
[2024-10-13T09:05:38.402+0000] {processor.py:186} INFO - Started process (PID=480) to work on /home/airflow/.local/lib/python3.12/site-packages/airflow/example_dags/example_latest_only.py
[2024-10-13T09:05:38.405+0000] {processor.py:914} INFO - Processing file /home/airflow/.local/lib/python3.12/site-packages/airflow/example_dags/example_latest_only.py for tasks to queue
[2024-10-13T09:05:38.410+0000] {logging_mixin.py:190} INFO - [2024-10-13T09:05:38.409+0000] {dagbag.py:588} INFO - Filling up the DagBag from /home/airflow/.local/lib/python3.12/site-packages/airflow/example_dags/example_latest_only.py
[2024-10-13T09:05:38.433+0000] {processor.py:925} INFO - DAG(s) 'latest_only' retrieved from /home/airflow/.local/lib/python3.12/site-packages/airflow/example_dags/example_latest_only.py
[2024-10-13T09:05:38.507+0000] {logging_mixin.py:190} INFO - [2024-10-13T09:05:38.506+0000] {dag.py:3239} INFO - Sync 1 DAGs
[2024-10-13T09:05:38.584+0000] {logging_mixin.py:190} INFO - [2024-10-13T09:05:38.583+0000] {dag.py:4180} INFO - Setting next_dagrun for latest_only to 2024-10-13 04:00:00+00:00, run_after=2024-10-13 08:00:00+00:00
[2024-10-13T09:05:38.894+0000] {processor.py:208} INFO - Processing /home/airflow/.local/lib/python3.12/site-packages/airflow/example_dags/example_latest_only.py took 0.517 seconds
[2024-10-13T09:06:09.054+0000] {processor.py:186} INFO - Started process (PID=543) to work on /home/airflow/.local/lib/python3.12/site-packages/airflow/example_dags/example_latest_only.py
[2024-10-13T09:06:09.057+0000] {processor.py:914} INFO - Processing file /home/airflow/.local/lib/python3.12/site-packages/airflow/example_dags/example_latest_only.py for tasks to queue
[2024-10-13T09:06:09.062+0000] {logging_mixin.py:190} INFO - [2024-10-13T09:06:09.061+0000] {dagbag.py:588} INFO - Filling up the DagBag from /home/airflow/.local/lib/python3.12/site-packages/airflow/example_dags/example_latest_only.py
[2024-10-13T09:06:09.073+0000] {processor.py:925} INFO - DAG(s) 'latest_only' retrieved from /home/airflow/.local/lib/python3.12/site-packages/airflow/example_dags/example_latest_only.py
[2024-10-13T09:06:09.106+0000] {logging_mixin.py:190} INFO - [2024-10-13T09:06:09.106+0000] {dag.py:3239} INFO - Sync 1 DAGs
[2024-10-13T09:06:09.149+0000] {logging_mixin.py:190} INFO - [2024-10-13T09:06:09.149+0000] {dag.py:4180} INFO - Setting next_dagrun for latest_only to 2024-10-13 04:00:00+00:00, run_after=2024-10-13 08:00:00+00:00
[2024-10-13T09:06:09.186+0000] {processor.py:208} INFO - Processing /home/airflow/.local/lib/python3.12/site-packages/airflow/example_dags/example_latest_only.py took 0.140 seconds
[2024-10-13T09:06:40.021+0000] {processor.py:186} INFO - Started process (PID=606) to work on /home/airflow/.local/lib/python3.12/site-packages/airflow/example_dags/example_latest_only.py
[2024-10-13T09:06:40.024+0000] {processor.py:914} INFO - Processing file /home/airflow/.local/lib/python3.12/site-packages/airflow/example_dags/example_latest_only.py for tasks to queue
[2024-10-13T09:06:40.032+0000] {logging_mixin.py:190} INFO - [2024-10-13T09:06:40.032+0000] {dagbag.py:588} INFO - Filling up the DagBag from /home/airflow/.local/lib/python3.12/site-packages/airflow/example_dags/example_latest_only.py
[2024-10-13T09:06:40.056+0000] {processor.py:925} INFO - DAG(s) 'latest_only' retrieved from /home/airflow/.local/lib/python3.12/site-packages/airflow/example_dags/example_latest_only.py
[2024-10-13T09:06:40.120+0000] {logging_mixin.py:190} INFO - [2024-10-13T09:06:40.119+0000] {dag.py:3239} INFO - Sync 1 DAGs
[2024-10-13T09:06:40.209+0000] {logging_mixin.py:190} INFO - [2024-10-13T09:06:40.208+0000] {dag.py:4180} INFO - Setting next_dagrun for latest_only to 2024-10-13 04:00:00+00:00, run_after=2024-10-13 08:00:00+00:00
[2024-10-13T09:06:40.286+0000] {processor.py:208} INFO - Processing /home/airflow/.local/lib/python3.12/site-packages/airflow/example_dags/example_latest_only.py took 0.281 seconds
[2024-10-13T09:07:10.362+0000] {processor.py:186} INFO - Started process (PID=669) to work on /home/airflow/.local/lib/python3.12/site-packages/airflow/example_dags/example_latest_only.py
[2024-10-13T09:07:10.363+0000] {processor.py:914} INFO - Processing file /home/airflow/.local/lib/python3.12/site-packages/airflow/example_dags/example_latest_only.py for tasks to queue
[2024-10-13T09:07:10.367+0000] {logging_mixin.py:190} INFO - [2024-10-13T09:07:10.366+0000] {dagbag.py:588} INFO - Filling up the DagBag from /home/airflow/.local/lib/python3.12/site-packages/airflow/example_dags/example_latest_only.py
[2024-10-13T09:07:10.375+0000] {processor.py:925} INFO - DAG(s) 'latest_only' retrieved from /home/airflow/.local/lib/python3.12/site-packages/airflow/example_dags/example_latest_only.py
[2024-10-13T09:07:10.416+0000] {logging_mixin.py:190} INFO - [2024-10-13T09:07:10.416+0000] {dag.py:3239} INFO - Sync 1 DAGs
[2024-10-13T09:07:10.445+0000] {logging_mixin.py:190} INFO - [2024-10-13T09:07:10.444+0000] {dag.py:4180} INFO - Setting next_dagrun for latest_only to 2024-10-13 04:00:00+00:00, run_after=2024-10-13 08:00:00+00:00
[2024-10-13T09:07:10.474+0000] {processor.py:208} INFO - Processing /home/airflow/.local/lib/python3.12/site-packages/airflow/example_dags/example_latest_only.py took 0.119 seconds
[2024-10-13T09:07:40.995+0000] {processor.py:186} INFO - Started process (PID=733) to work on /home/airflow/.local/lib/python3.12/site-packages/airflow/example_dags/example_latest_only.py
[2024-10-13T09:07:40.997+0000] {processor.py:914} INFO - Processing file /home/airflow/.local/lib/python3.12/site-packages/airflow/example_dags/example_latest_only.py for tasks to queue
[2024-10-13T09:07:41.000+0000] {logging_mixin.py:190} INFO - [2024-10-13T09:07:41.000+0000] {dagbag.py:588} INFO - Filling up the DagBag from /home/airflow/.local/lib/python3.12/site-packages/airflow/example_dags/example_latest_only.py
[2024-10-13T09:07:41.010+0000] {processor.py:925} INFO - DAG(s) 'latest_only' retrieved from /home/airflow/.local/lib/python3.12/site-packages/airflow/example_dags/example_latest_only.py
[2024-10-13T09:07:41.037+0000] {logging_mixin.py:190} INFO - [2024-10-13T09:07:41.036+0000] {dag.py:3239} INFO - Sync 1 DAGs
[2024-10-13T09:07:41.063+0000] {logging_mixin.py:190} INFO - [2024-10-13T09:07:41.062+0000] {dag.py:4180} INFO - Setting next_dagrun for latest_only to 2024-10-13 04:00:00+00:00, run_after=2024-10-13 08:00:00+00:00
[2024-10-13T09:07:41.093+0000] {processor.py:208} INFO - Processing /home/airflow/.local/lib/python3.12/site-packages/airflow/example_dags/example_latest_only.py took 0.108 seconds
[2024-10-13T09:08:11.970+0000] {processor.py:186} INFO - Started process (PID=796) to work on /home/airflow/.local/lib/python3.12/site-packages/airflow/example_dags/example_latest_only.py
[2024-10-13T09:08:11.972+0000] {processor.py:914} INFO - Processing file /home/airflow/.local/lib/python3.12/site-packages/airflow/example_dags/example_latest_only.py for tasks to queue
[2024-10-13T09:08:11.975+0000] {logging_mixin.py:190} INFO - [2024-10-13T09:08:11.974+0000] {dagbag.py:588} INFO - Filling up the DagBag from /home/airflow/.local/lib/python3.12/site-packages/airflow/example_dags/example_latest_only.py
[2024-10-13T09:08:11.985+0000] {processor.py:925} INFO - DAG(s) 'latest_only' retrieved from /home/airflow/.local/lib/python3.12/site-packages/airflow/example_dags/example_latest_only.py
[2024-10-13T09:08:12.018+0000] {logging_mixin.py:190} INFO - [2024-10-13T09:08:12.018+0000] {dag.py:3239} INFO - Sync 1 DAGs
[2024-10-13T09:08:12.055+0000] {logging_mixin.py:190} INFO - [2024-10-13T09:08:12.054+0000] {dag.py:4180} INFO - Setting next_dagrun for latest_only to 2024-10-13 04:00:00+00:00, run_after=2024-10-13 08:00:00+00:00
[2024-10-13T09:08:12.095+0000] {processor.py:208} INFO - Processing /home/airflow/.local/lib/python3.12/site-packages/airflow/example_dags/example_latest_only.py took 0.132 seconds
[2024-10-13T09:08:42.584+0000] {processor.py:186} INFO - Started process (PID=859) to work on /home/airflow/.local/lib/python3.12/site-packages/airflow/example_dags/example_latest_only.py
[2024-10-13T09:08:42.586+0000] {processor.py:914} INFO - Processing file /home/airflow/.local/lib/python3.12/site-packages/airflow/example_dags/example_latest_only.py for tasks to queue
[2024-10-13T09:08:42.590+0000] {logging_mixin.py:190} INFO - [2024-10-13T09:08:42.589+0000] {dagbag.py:588} INFO - Filling up the DagBag from /home/airflow/.local/lib/python3.12/site-packages/airflow/example_dags/example_latest_only.py
[2024-10-13T09:08:42.600+0000] {processor.py:925} INFO - DAG(s) 'latest_only' retrieved from /home/airflow/.local/lib/python3.12/site-packages/airflow/example_dags/example_latest_only.py
[2024-10-13T09:08:42.630+0000] {logging_mixin.py:190} INFO - [2024-10-13T09:08:42.629+0000] {dag.py:3239} INFO - Sync 1 DAGs
[2024-10-13T09:08:42.663+0000] {logging_mixin.py:190} INFO - [2024-10-13T09:08:42.663+0000] {dag.py:4180} INFO - Setting next_dagrun for latest_only to 2024-10-13 04:00:00+00:00, run_after=2024-10-13 08:00:00+00:00
[2024-10-13T09:08:42.696+0000] {processor.py:208} INFO - Processing /home/airflow/.local/lib/python3.12/site-packages/airflow/example_dags/example_latest_only.py took 0.122 seconds
[2024-10-13T09:09:13.434+0000] {processor.py:186} INFO - Started process (PID=922) to work on /home/airflow/.local/lib/python3.12/site-packages/airflow/example_dags/example_latest_only.py
[2024-10-13T09:09:13.437+0000] {processor.py:914} INFO - Processing file /home/airflow/.local/lib/python3.12/site-packages/airflow/example_dags/example_latest_only.py for tasks to queue
[2024-10-13T09:09:13.442+0000] {logging_mixin.py:190} INFO - [2024-10-13T09:09:13.441+0000] {dagbag.py:588} INFO - Filling up the DagBag from /home/airflow/.local/lib/python3.12/site-packages/airflow/example_dags/example_latest_only.py
[2024-10-13T09:09:13.459+0000] {processor.py:925} INFO - DAG(s) 'latest_only' retrieved from /home/airflow/.local/lib/python3.12/site-packages/airflow/example_dags/example_latest_only.py
[2024-10-13T09:09:13.530+0000] {logging_mixin.py:190} INFO - [2024-10-13T09:09:13.530+0000] {dag.py:3239} INFO - Sync 1 DAGs
[2024-10-13T09:09:13.608+0000] {logging_mixin.py:190} INFO - [2024-10-13T09:09:13.608+0000] {dag.py:4180} INFO - Setting next_dagrun for latest_only to 2024-10-13 04:00:00+00:00, run_after=2024-10-13 08:00:00+00:00
[2024-10-13T09:09:13.662+0000] {processor.py:208} INFO - Processing /home/airflow/.local/lib/python3.12/site-packages/airflow/example_dags/example_latest_only.py took 0.246 seconds
[2024-10-13T09:09:44.547+0000] {processor.py:186} INFO - Started process (PID=985) to work on /home/airflow/.local/lib/python3.12/site-packages/airflow/example_dags/example_latest_only.py
[2024-10-13T09:09:44.548+0000] {processor.py:914} INFO - Processing file /home/airflow/.local/lib/python3.12/site-packages/airflow/example_dags/example_latest_only.py for tasks to queue
[2024-10-13T09:09:44.554+0000] {logging_mixin.py:190} INFO - [2024-10-13T09:09:44.553+0000] {dagbag.py:588} INFO - Filling up the DagBag from /home/airflow/.local/lib/python3.12/site-packages/airflow/example_dags/example_latest_only.py
[2024-10-13T09:09:44.567+0000] {processor.py:925} INFO - DAG(s) 'latest_only' retrieved from /home/airflow/.local/lib/python3.12/site-packages/airflow/example_dags/example_latest_only.py
[2024-10-13T09:09:44.611+0000] {logging_mixin.py:190} INFO - [2024-10-13T09:09:44.610+0000] {dag.py:3239} INFO - Sync 1 DAGs
[2024-10-13T09:09:44.661+0000] {logging_mixin.py:190} INFO - [2024-10-13T09:09:44.661+0000] {dag.py:4180} INFO - Setting next_dagrun for latest_only to 2024-10-13 04:00:00+00:00, run_after=2024-10-13 08:00:00+00:00
[2024-10-13T09:09:44.697+0000] {processor.py:208} INFO - Processing /home/airflow/.local/lib/python3.12/site-packages/airflow/example_dags/example_latest_only.py took 0.166 seconds
[2024-10-13T09:10:15.397+0000] {processor.py:186} INFO - Started process (PID=1048) to work on /home/airflow/.local/lib/python3.12/site-packages/airflow/example_dags/example_latest_only.py
[2024-10-13T09:10:15.399+0000] {processor.py:914} INFO - Processing file /home/airflow/.local/lib/python3.12/site-packages/airflow/example_dags/example_latest_only.py for tasks to queue
[2024-10-13T09:10:15.405+0000] {logging_mixin.py:190} INFO - [2024-10-13T09:10:15.405+0000] {dagbag.py:588} INFO - Filling up the DagBag from /home/airflow/.local/lib/python3.12/site-packages/airflow/example_dags/example_latest_only.py
[2024-10-13T09:10:15.419+0000] {processor.py:925} INFO - DAG(s) 'latest_only' retrieved from /home/airflow/.local/lib/python3.12/site-packages/airflow/example_dags/example_latest_only.py
[2024-10-13T09:10:15.454+0000] {logging_mixin.py:190} INFO - [2024-10-13T09:10:15.453+0000] {dag.py:3239} INFO - Sync 1 DAGs
[2024-10-13T09:10:15.495+0000] {logging_mixin.py:190} INFO - [2024-10-13T09:10:15.494+0000] {dag.py:4180} INFO - Setting next_dagrun for latest_only to 2024-10-13 04:00:00+00:00, run_after=2024-10-13 08:00:00+00:00
[2024-10-13T09:10:15.539+0000] {processor.py:208} INFO - Processing /home/airflow/.local/lib/python3.12/site-packages/airflow/example_dags/example_latest_only.py took 0.152 seconds
[2024-10-13T09:10:45.757+0000] {processor.py:186} INFO - Started process (PID=1111) to work on /home/airflow/.local/lib/python3.12/site-packages/airflow/example_dags/example_latest_only.py
[2024-10-13T09:10:45.759+0000] {processor.py:914} INFO - Processing file /home/airflow/.local/lib/python3.12/site-packages/airflow/example_dags/example_latest_only.py for tasks to queue
[2024-10-13T09:10:45.762+0000] {logging_mixin.py:190} INFO - [2024-10-13T09:10:45.762+0000] {dagbag.py:588} INFO - Filling up the DagBag from /home/airflow/.local/lib/python3.12/site-packages/airflow/example_dags/example_latest_only.py
[2024-10-13T09:10:45.772+0000] {processor.py:925} INFO - DAG(s) 'latest_only' retrieved from /home/airflow/.local/lib/python3.12/site-packages/airflow/example_dags/example_latest_only.py
[2024-10-13T09:10:45.798+0000] {logging_mixin.py:190} INFO - [2024-10-13T09:10:45.798+0000] {dag.py:3239} INFO - Sync 1 DAGs
[2024-10-13T09:10:45.831+0000] {logging_mixin.py:190} INFO - [2024-10-13T09:10:45.830+0000] {dag.py:4180} INFO - Setting next_dagrun for latest_only to 2024-10-13 04:00:00+00:00, run_after=2024-10-13 08:00:00+00:00
[2024-10-13T09:10:45.867+0000] {processor.py:208} INFO - Processing /home/airflow/.local/lib/python3.12/site-packages/airflow/example_dags/example_latest_only.py took 0.117 seconds
[2024-10-13T09:11:16.606+0000] {processor.py:186} INFO - Started process (PID=1174) to work on /home/airflow/.local/lib/python3.12/site-packages/airflow/example_dags/example_latest_only.py
[2024-10-13T09:11:16.608+0000] {processor.py:914} INFO - Processing file /home/airflow/.local/lib/python3.12/site-packages/airflow/example_dags/example_latest_only.py for tasks to queue
[2024-10-13T09:11:16.611+0000] {logging_mixin.py:190} INFO - [2024-10-13T09:11:16.611+0000] {dagbag.py:588} INFO - Filling up the DagBag from /home/airflow/.local/lib/python3.12/site-packages/airflow/example_dags/example_latest_only.py
[2024-10-13T09:11:16.618+0000] {processor.py:925} INFO - DAG(s) 'latest_only' retrieved from /home/airflow/.local/lib/python3.12/site-packages/airflow/example_dags/example_latest_only.py
[2024-10-13T09:11:16.640+0000] {logging_mixin.py:190} INFO - [2024-10-13T09:11:16.640+0000] {dag.py:3239} INFO - Sync 1 DAGs
[2024-10-13T09:11:16.664+0000] {logging_mixin.py:190} INFO - [2024-10-13T09:11:16.664+0000] {dag.py:4180} INFO - Setting next_dagrun for latest_only to 2024-10-13 04:00:00+00:00, run_after=2024-10-13 08:00:00+00:00
[2024-10-13T09:11:16.694+0000] {processor.py:208} INFO - Processing /home/airflow/.local/lib/python3.12/site-packages/airflow/example_dags/example_latest_only.py took 0.093 seconds
[2024-10-13T09:11:46.996+0000] {processor.py:186} INFO - Started process (PID=1243) to work on /home/airflow/.local/lib/python3.12/site-packages/airflow/example_dags/example_latest_only.py
[2024-10-13T09:11:46.999+0000] {processor.py:914} INFO - Processing file /home/airflow/.local/lib/python3.12/site-packages/airflow/example_dags/example_latest_only.py for tasks to queue
[2024-10-13T09:11:47.002+0000] {logging_mixin.py:190} INFO - [2024-10-13T09:11:47.002+0000] {dagbag.py:588} INFO - Filling up the DagBag from /home/airflow/.local/lib/python3.12/site-packages/airflow/example_dags/example_latest_only.py
[2024-10-13T09:11:47.013+0000] {processor.py:925} INFO - DAG(s) 'latest_only' retrieved from /home/airflow/.local/lib/python3.12/site-packages/airflow/example_dags/example_latest_only.py
[2024-10-13T09:11:47.044+0000] {logging_mixin.py:190} INFO - [2024-10-13T09:11:47.044+0000] {dag.py:3239} INFO - Sync 1 DAGs
[2024-10-13T09:11:47.074+0000] {logging_mixin.py:190} INFO - [2024-10-13T09:11:47.073+0000] {dag.py:4180} INFO - Setting next_dagrun for latest_only to 2024-10-13 04:00:00+00:00, run_after=2024-10-13 08:00:00+00:00
[2024-10-13T09:11:47.108+0000] {processor.py:208} INFO - Processing /home/airflow/.local/lib/python3.12/site-packages/airflow/example_dags/example_latest_only.py took 0.119 seconds
[2024-10-13T09:12:17.904+0000] {processor.py:186} INFO - Started process (PID=1306) to work on /home/airflow/.local/lib/python3.12/site-packages/airflow/example_dags/example_latest_only.py
[2024-10-13T09:12:17.906+0000] {processor.py:914} INFO - Processing file /home/airflow/.local/lib/python3.12/site-packages/airflow/example_dags/example_latest_only.py for tasks to queue
[2024-10-13T09:12:17.910+0000] {logging_mixin.py:190} INFO - [2024-10-13T09:12:17.909+0000] {dagbag.py:588} INFO - Filling up the DagBag from /home/airflow/.local/lib/python3.12/site-packages/airflow/example_dags/example_latest_only.py
[2024-10-13T09:12:17.923+0000] {processor.py:925} INFO - DAG(s) 'latest_only' retrieved from /home/airflow/.local/lib/python3.12/site-packages/airflow/example_dags/example_latest_only.py
[2024-10-13T09:12:17.960+0000] {logging_mixin.py:190} INFO - [2024-10-13T09:12:17.959+0000] {dag.py:3239} INFO - Sync 1 DAGs
[2024-10-13T09:12:18.008+0000] {logging_mixin.py:190} INFO - [2024-10-13T09:12:18.007+0000] {dag.py:4180} INFO - Setting next_dagrun for latest_only to 2024-10-13 04:00:00+00:00, run_after=2024-10-13 08:00:00+00:00
[2024-10-13T09:12:18.035+0000] {processor.py:208} INFO - Processing /home/airflow/.local/lib/python3.12/site-packages/airflow/example_dags/example_latest_only.py took 0.138 seconds
[2024-10-13T09:12:48.244+0000] {processor.py:186} INFO - Started process (PID=1369) to work on /home/airflow/.local/lib/python3.12/site-packages/airflow/example_dags/example_latest_only.py
[2024-10-13T09:12:48.247+0000] {processor.py:914} INFO - Processing file /home/airflow/.local/lib/python3.12/site-packages/airflow/example_dags/example_latest_only.py for tasks to queue
[2024-10-13T09:12:48.260+0000] {logging_mixin.py:190} INFO - [2024-10-13T09:12:48.259+0000] {dagbag.py:588} INFO - Filling up the DagBag from /home/airflow/.local/lib/python3.12/site-packages/airflow/example_dags/example_latest_only.py
[2024-10-13T09:12:48.296+0000] {processor.py:925} INFO - DAG(s) 'latest_only' retrieved from /home/airflow/.local/lib/python3.12/site-packages/airflow/example_dags/example_latest_only.py
[2024-10-13T09:12:48.347+0000] {logging_mixin.py:190} INFO - [2024-10-13T09:12:48.347+0000] {dag.py:3239} INFO - Sync 1 DAGs
[2024-10-13T09:12:48.402+0000] {logging_mixin.py:190} INFO - [2024-10-13T09:12:48.402+0000] {dag.py:4180} INFO - Setting next_dagrun for latest_only to 2024-10-13 04:00:00+00:00, run_after=2024-10-13 08:00:00+00:00
[2024-10-13T09:12:48.463+0000] {processor.py:208} INFO - Processing /home/airflow/.local/lib/python3.12/site-packages/airflow/example_dags/example_latest_only.py took 0.237 seconds
[2024-10-13T09:13:19.979+0000] {processor.py:186} INFO - Started process (PID=1432) to work on /home/airflow/.local/lib/python3.12/site-packages/airflow/example_dags/example_latest_only.py
[2024-10-13T09:13:19.982+0000] {processor.py:914} INFO - Processing file /home/airflow/.local/lib/python3.12/site-packages/airflow/example_dags/example_latest_only.py for tasks to queue
[2024-10-13T09:13:19.989+0000] {logging_mixin.py:190} INFO - [2024-10-13T09:13:19.988+0000] {dagbag.py:588} INFO - Filling up the DagBag from /home/airflow/.local/lib/python3.12/site-packages/airflow/example_dags/example_latest_only.py
[2024-10-13T09:13:20.014+0000] {processor.py:925} INFO - DAG(s) 'latest_only' retrieved from /home/airflow/.local/lib/python3.12/site-packages/airflow/example_dags/example_latest_only.py
[2024-10-13T09:13:20.075+0000] {logging_mixin.py:190} INFO - [2024-10-13T09:13:20.074+0000] {dag.py:3239} INFO - Sync 1 DAGs
[2024-10-13T09:13:20.150+0000] {logging_mixin.py:190} INFO - [2024-10-13T09:13:20.150+0000] {dag.py:4180} INFO - Setting next_dagrun for latest_only to 2024-10-13 04:00:00+00:00, run_after=2024-10-13 08:00:00+00:00
[2024-10-13T09:13:20.210+0000] {processor.py:208} INFO - Processing /home/airflow/.local/lib/python3.12/site-packages/airflow/example_dags/example_latest_only.py took 0.246 seconds
[2024-10-13T09:13:50.997+0000] {processor.py:186} INFO - Started process (PID=1493) to work on /home/airflow/.local/lib/python3.12/site-packages/airflow/example_dags/example_latest_only.py
[2024-10-13T09:13:51.002+0000] {processor.py:914} INFO - Processing file /home/airflow/.local/lib/python3.12/site-packages/airflow/example_dags/example_latest_only.py for tasks to queue
[2024-10-13T09:13:51.011+0000] {logging_mixin.py:190} INFO - [2024-10-13T09:13:51.010+0000] {dagbag.py:588} INFO - Filling up the DagBag from /home/airflow/.local/lib/python3.12/site-packages/airflow/example_dags/example_latest_only.py
[2024-10-13T09:13:51.032+0000] {processor.py:925} INFO - DAG(s) 'latest_only' retrieved from /home/airflow/.local/lib/python3.12/site-packages/airflow/example_dags/example_latest_only.py
[2024-10-13T09:13:51.077+0000] {logging_mixin.py:190} INFO - [2024-10-13T09:13:51.076+0000] {dag.py:3239} INFO - Sync 1 DAGs
[2024-10-13T09:13:51.136+0000] {logging_mixin.py:190} INFO - [2024-10-13T09:13:51.136+0000] {dag.py:4180} INFO - Setting next_dagrun for latest_only to 2024-10-13 04:00:00+00:00, run_after=2024-10-13 08:00:00+00:00
[2024-10-13T09:13:51.201+0000] {processor.py:208} INFO - Processing /home/airflow/.local/lib/python3.12/site-packages/airflow/example_dags/example_latest_only.py took 0.228 seconds
[2024-10-13T09:14:22.105+0000] {processor.py:186} INFO - Started process (PID=1556) to work on /home/airflow/.local/lib/python3.12/site-packages/airflow/example_dags/example_latest_only.py
[2024-10-13T09:14:22.107+0000] {processor.py:914} INFO - Processing file /home/airflow/.local/lib/python3.12/site-packages/airflow/example_dags/example_latest_only.py for tasks to queue
[2024-10-13T09:14:22.119+0000] {logging_mixin.py:190} INFO - [2024-10-13T09:14:22.118+0000] {dagbag.py:588} INFO - Filling up the DagBag from /home/airflow/.local/lib/python3.12/site-packages/airflow/example_dags/example_latest_only.py
[2024-10-13T09:14:22.135+0000] {processor.py:925} INFO - DAG(s) 'latest_only' retrieved from /home/airflow/.local/lib/python3.12/site-packages/airflow/example_dags/example_latest_only.py
[2024-10-13T09:14:22.172+0000] {logging_mixin.py:190} INFO - [2024-10-13T09:14:22.172+0000] {dag.py:3239} INFO - Sync 1 DAGs
[2024-10-13T09:14:22.218+0000] {logging_mixin.py:190} INFO - [2024-10-13T09:14:22.218+0000] {dag.py:4180} INFO - Setting next_dagrun for latest_only to 2024-10-13 04:00:00+00:00, run_after=2024-10-13 08:00:00+00:00
[2024-10-13T09:14:22.268+0000] {processor.py:208} INFO - Processing /home/airflow/.local/lib/python3.12/site-packages/airflow/example_dags/example_latest_only.py took 0.175 seconds
[2024-10-13T09:14:52.719+0000] {processor.py:186} INFO - Started process (PID=1619) to work on /home/airflow/.local/lib/python3.12/site-packages/airflow/example_dags/example_latest_only.py
[2024-10-13T09:14:52.720+0000] {processor.py:914} INFO - Processing file /home/airflow/.local/lib/python3.12/site-packages/airflow/example_dags/example_latest_only.py for tasks to queue
[2024-10-13T09:14:52.724+0000] {logging_mixin.py:190} INFO - [2024-10-13T09:14:52.724+0000] {dagbag.py:588} INFO - Filling up the DagBag from /home/airflow/.local/lib/python3.12/site-packages/airflow/example_dags/example_latest_only.py
[2024-10-13T09:14:52.735+0000] {processor.py:925} INFO - DAG(s) 'latest_only' retrieved from /home/airflow/.local/lib/python3.12/site-packages/airflow/example_dags/example_latest_only.py
[2024-10-13T09:14:52.762+0000] {logging_mixin.py:190} INFO - [2024-10-13T09:14:52.762+0000] {dag.py:3239} INFO - Sync 1 DAGs
[2024-10-13T09:14:52.786+0000] {logging_mixin.py:190} INFO - [2024-10-13T09:14:52.786+0000] {dag.py:4180} INFO - Setting next_dagrun for latest_only to 2024-10-13 04:00:00+00:00, run_after=2024-10-13 08:00:00+00:00
[2024-10-13T09:14:52.809+0000] {processor.py:208} INFO - Processing /home/airflow/.local/lib/python3.12/site-packages/airflow/example_dags/example_latest_only.py took 0.099 seconds
[2024-10-13T09:15:22.897+0000] {processor.py:186} INFO - Started process (PID=1682) to work on /home/airflow/.local/lib/python3.12/site-packages/airflow/example_dags/example_latest_only.py
[2024-10-13T09:15:22.898+0000] {processor.py:914} INFO - Processing file /home/airflow/.local/lib/python3.12/site-packages/airflow/example_dags/example_latest_only.py for tasks to queue
[2024-10-13T09:15:22.901+0000] {logging_mixin.py:190} INFO - [2024-10-13T09:15:22.900+0000] {dagbag.py:588} INFO - Filling up the DagBag from /home/airflow/.local/lib/python3.12/site-packages/airflow/example_dags/example_latest_only.py
[2024-10-13T09:15:22.912+0000] {processor.py:925} INFO - DAG(s) 'latest_only' retrieved from /home/airflow/.local/lib/python3.12/site-packages/airflow/example_dags/example_latest_only.py
[2024-10-13T09:15:22.936+0000] {logging_mixin.py:190} INFO - [2024-10-13T09:15:22.936+0000] {dag.py:3239} INFO - Sync 1 DAGs
[2024-10-13T09:15:22.957+0000] {logging_mixin.py:190} INFO - [2024-10-13T09:15:22.957+0000] {dag.py:4180} INFO - Setting next_dagrun for latest_only to 2024-10-13 04:00:00+00:00, run_after=2024-10-13 08:00:00+00:00
[2024-10-13T09:15:22.977+0000] {processor.py:208} INFO - Processing /home/airflow/.local/lib/python3.12/site-packages/airflow/example_dags/example_latest_only.py took 0.085 seconds
[2024-10-13T09:15:53.618+0000] {processor.py:186} INFO - Started process (PID=1745) to work on /home/airflow/.local/lib/python3.12/site-packages/airflow/example_dags/example_latest_only.py
[2024-10-13T09:15:53.620+0000] {processor.py:914} INFO - Processing file /home/airflow/.local/lib/python3.12/site-packages/airflow/example_dags/example_latest_only.py for tasks to queue
[2024-10-13T09:15:53.623+0000] {logging_mixin.py:190} INFO - [2024-10-13T09:15:53.623+0000] {dagbag.py:588} INFO - Filling up the DagBag from /home/airflow/.local/lib/python3.12/site-packages/airflow/example_dags/example_latest_only.py
[2024-10-13T09:15:53.631+0000] {processor.py:925} INFO - DAG(s) 'latest_only' retrieved from /home/airflow/.local/lib/python3.12/site-packages/airflow/example_dags/example_latest_only.py
[2024-10-13T09:15:53.670+0000] {logging_mixin.py:190} INFO - [2024-10-13T09:15:53.669+0000] {dag.py:3239} INFO - Sync 1 DAGs
[2024-10-13T09:15:53.711+0000] {logging_mixin.py:190} INFO - [2024-10-13T09:15:53.711+0000] {dag.py:4180} INFO - Setting next_dagrun for latest_only to 2024-10-13 04:00:00+00:00, run_after=2024-10-13 08:00:00+00:00
[2024-10-13T09:15:53.744+0000] {processor.py:208} INFO - Processing /home/airflow/.local/lib/python3.12/site-packages/airflow/example_dags/example_latest_only.py took 0.134 seconds
[2024-10-13T09:16:24.273+0000] {processor.py:186} INFO - Started process (PID=1808) to work on /home/airflow/.local/lib/python3.12/site-packages/airflow/example_dags/example_latest_only.py
[2024-10-13T09:16:24.275+0000] {processor.py:914} INFO - Processing file /home/airflow/.local/lib/python3.12/site-packages/airflow/example_dags/example_latest_only.py for tasks to queue
[2024-10-13T09:16:24.280+0000] {logging_mixin.py:190} INFO - [2024-10-13T09:16:24.279+0000] {dagbag.py:588} INFO - Filling up the DagBag from /home/airflow/.local/lib/python3.12/site-packages/airflow/example_dags/example_latest_only.py
[2024-10-13T09:16:24.296+0000] {processor.py:925} INFO - DAG(s) 'latest_only' retrieved from /home/airflow/.local/lib/python3.12/site-packages/airflow/example_dags/example_latest_only.py
[2024-10-13T09:16:24.333+0000] {logging_mixin.py:190} INFO - [2024-10-13T09:16:24.332+0000] {dag.py:3239} INFO - Sync 1 DAGs
[2024-10-13T09:16:24.380+0000] {logging_mixin.py:190} INFO - [2024-10-13T09:16:24.380+0000] {dag.py:4180} INFO - Setting next_dagrun for latest_only to 2024-10-13 04:00:00+00:00, run_after=2024-10-13 08:00:00+00:00
[2024-10-13T09:16:24.421+0000] {processor.py:208} INFO - Processing /home/airflow/.local/lib/python3.12/site-packages/airflow/example_dags/example_latest_only.py took 0.159 seconds
[2024-10-13T09:16:55.166+0000] {processor.py:186} INFO - Started process (PID=1871) to work on /home/airflow/.local/lib/python3.12/site-packages/airflow/example_dags/example_latest_only.py
[2024-10-13T09:16:55.167+0000] {processor.py:914} INFO - Processing file /home/airflow/.local/lib/python3.12/site-packages/airflow/example_dags/example_latest_only.py for tasks to queue
[2024-10-13T09:16:55.172+0000] {logging_mixin.py:190} INFO - [2024-10-13T09:16:55.171+0000] {dagbag.py:588} INFO - Filling up the DagBag from /home/airflow/.local/lib/python3.12/site-packages/airflow/example_dags/example_latest_only.py
[2024-10-13T09:16:55.184+0000] {processor.py:925} INFO - DAG(s) 'latest_only' retrieved from /home/airflow/.local/lib/python3.12/site-packages/airflow/example_dags/example_latest_only.py
[2024-10-13T09:16:55.220+0000] {logging_mixin.py:190} INFO - [2024-10-13T09:16:55.219+0000] {dag.py:3239} INFO - Sync 1 DAGs
[2024-10-13T09:16:55.281+0000] {logging_mixin.py:190} INFO - [2024-10-13T09:16:55.281+0000] {dag.py:4180} INFO - Setting next_dagrun for latest_only to 2024-10-13 04:00:00+00:00, run_after=2024-10-13 08:00:00+00:00
[2024-10-13T09:16:55.318+0000] {processor.py:208} INFO - Processing /home/airflow/.local/lib/python3.12/site-packages/airflow/example_dags/example_latest_only.py took 0.162 seconds
[2024-10-13T09:17:25.430+0000] {processor.py:186} INFO - Started process (PID=1934) to work on /home/airflow/.local/lib/python3.12/site-packages/airflow/example_dags/example_latest_only.py
[2024-10-13T09:17:25.433+0000] {processor.py:914} INFO - Processing file /home/airflow/.local/lib/python3.12/site-packages/airflow/example_dags/example_latest_only.py for tasks to queue
[2024-10-13T09:17:25.440+0000] {logging_mixin.py:190} INFO - [2024-10-13T09:17:25.439+0000] {dagbag.py:588} INFO - Filling up the DagBag from /home/airflow/.local/lib/python3.12/site-packages/airflow/example_dags/example_latest_only.py
[2024-10-13T09:17:25.457+0000] {processor.py:925} INFO - DAG(s) 'latest_only' retrieved from /home/airflow/.local/lib/python3.12/site-packages/airflow/example_dags/example_latest_only.py
[2024-10-13T09:17:25.490+0000] {logging_mixin.py:190} INFO - [2024-10-13T09:17:25.489+0000] {dag.py:3239} INFO - Sync 1 DAGs
[2024-10-13T09:17:25.511+0000] {logging_mixin.py:190} INFO - [2024-10-13T09:17:25.511+0000] {dag.py:4180} INFO - Setting next_dagrun for latest_only to 2024-10-13 04:00:00+00:00, run_after=2024-10-13 08:00:00+00:00
[2024-10-13T09:17:25.531+0000] {processor.py:208} INFO - Processing /home/airflow/.local/lib/python3.12/site-packages/airflow/example_dags/example_latest_only.py took 0.115 seconds
[2024-10-13T09:17:56.341+0000] {processor.py:186} INFO - Started process (PID=1997) to work on /home/airflow/.local/lib/python3.12/site-packages/airflow/example_dags/example_latest_only.py
[2024-10-13T09:17:56.343+0000] {processor.py:914} INFO - Processing file /home/airflow/.local/lib/python3.12/site-packages/airflow/example_dags/example_latest_only.py for tasks to queue
[2024-10-13T09:17:56.347+0000] {logging_mixin.py:190} INFO - [2024-10-13T09:17:56.347+0000] {dagbag.py:588} INFO - Filling up the DagBag from /home/airflow/.local/lib/python3.12/site-packages/airflow/example_dags/example_latest_only.py
[2024-10-13T09:17:56.356+0000] {processor.py:925} INFO - DAG(s) 'latest_only' retrieved from /home/airflow/.local/lib/python3.12/site-packages/airflow/example_dags/example_latest_only.py
[2024-10-13T09:17:56.384+0000] {logging_mixin.py:190} INFO - [2024-10-13T09:17:56.384+0000] {dag.py:3239} INFO - Sync 1 DAGs
[2024-10-13T09:17:56.424+0000] {logging_mixin.py:190} INFO - [2024-10-13T09:17:56.423+0000] {dag.py:4180} INFO - Setting next_dagrun for latest_only to 2024-10-13 04:00:00+00:00, run_after=2024-10-13 08:00:00+00:00
[2024-10-13T09:17:56.458+0000] {processor.py:208} INFO - Processing /home/airflow/.local/lib/python3.12/site-packages/airflow/example_dags/example_latest_only.py took 0.124 seconds
[2024-10-13T09:18:27.156+0000] {processor.py:186} INFO - Started process (PID=2060) to work on /home/airflow/.local/lib/python3.12/site-packages/airflow/example_dags/example_latest_only.py
[2024-10-13T09:18:27.157+0000] {processor.py:914} INFO - Processing file /home/airflow/.local/lib/python3.12/site-packages/airflow/example_dags/example_latest_only.py for tasks to queue
[2024-10-13T09:18:27.161+0000] {logging_mixin.py:190} INFO - [2024-10-13T09:18:27.160+0000] {dagbag.py:588} INFO - Filling up the DagBag from /home/airflow/.local/lib/python3.12/site-packages/airflow/example_dags/example_latest_only.py
[2024-10-13T09:18:27.169+0000] {processor.py:925} INFO - DAG(s) 'latest_only' retrieved from /home/airflow/.local/lib/python3.12/site-packages/airflow/example_dags/example_latest_only.py
[2024-10-13T09:18:27.201+0000] {logging_mixin.py:190} INFO - [2024-10-13T09:18:27.200+0000] {dag.py:3239} INFO - Sync 1 DAGs
[2024-10-13T09:18:27.237+0000] {logging_mixin.py:190} INFO - [2024-10-13T09:18:27.237+0000] {dag.py:4180} INFO - Setting next_dagrun for latest_only to 2024-10-13 04:00:00+00:00, run_after=2024-10-13 08:00:00+00:00
[2024-10-13T09:18:27.274+0000] {processor.py:208} INFO - Processing /home/airflow/.local/lib/python3.12/site-packages/airflow/example_dags/example_latest_only.py took 0.128 seconds
[2024-10-13T09:18:58.201+0000] {processor.py:186} INFO - Started process (PID=2123) to work on /home/airflow/.local/lib/python3.12/site-packages/airflow/example_dags/example_latest_only.py
[2024-10-13T09:18:58.203+0000] {processor.py:914} INFO - Processing file /home/airflow/.local/lib/python3.12/site-packages/airflow/example_dags/example_latest_only.py for tasks to queue
[2024-10-13T09:18:58.212+0000] {logging_mixin.py:190} INFO - [2024-10-13T09:18:58.211+0000] {dagbag.py:588} INFO - Filling up the DagBag from /home/airflow/.local/lib/python3.12/site-packages/airflow/example_dags/example_latest_only.py
[2024-10-13T09:18:58.230+0000] {processor.py:925} INFO - DAG(s) 'latest_only' retrieved from /home/airflow/.local/lib/python3.12/site-packages/airflow/example_dags/example_latest_only.py
[2024-10-13T09:18:58.272+0000] {logging_mixin.py:190} INFO - [2024-10-13T09:18:58.272+0000] {dag.py:3239} INFO - Sync 1 DAGs
[2024-10-13T09:18:58.319+0000] {logging_mixin.py:190} INFO - [2024-10-13T09:18:58.319+0000] {dag.py:4180} INFO - Setting next_dagrun for latest_only to 2024-10-13 04:00:00+00:00, run_after=2024-10-13 08:00:00+00:00
[2024-10-13T09:18:58.364+0000] {processor.py:208} INFO - Processing /home/airflow/.local/lib/python3.12/site-packages/airflow/example_dags/example_latest_only.py took 0.177 seconds
[2024-10-13T09:19:28.860+0000] {processor.py:186} INFO - Started process (PID=2186) to work on /home/airflow/.local/lib/python3.12/site-packages/airflow/example_dags/example_latest_only.py
[2024-10-13T09:19:28.862+0000] {processor.py:914} INFO - Processing file /home/airflow/.local/lib/python3.12/site-packages/airflow/example_dags/example_latest_only.py for tasks to queue
[2024-10-13T09:19:28.865+0000] {logging_mixin.py:190} INFO - [2024-10-13T09:19:28.865+0000] {dagbag.py:588} INFO - Filling up the DagBag from /home/airflow/.local/lib/python3.12/site-packages/airflow/example_dags/example_latest_only.py
[2024-10-13T09:19:28.876+0000] {processor.py:925} INFO - DAG(s) 'latest_only' retrieved from /home/airflow/.local/lib/python3.12/site-packages/airflow/example_dags/example_latest_only.py
[2024-10-13T09:19:28.896+0000] {logging_mixin.py:190} INFO - [2024-10-13T09:19:28.896+0000] {dag.py:3239} INFO - Sync 1 DAGs
[2024-10-13T09:19:28.925+0000] {logging_mixin.py:190} INFO - [2024-10-13T09:19:28.924+0000] {dag.py:4180} INFO - Setting next_dagrun for latest_only to 2024-10-13 04:00:00+00:00, run_after=2024-10-13 08:00:00+00:00
[2024-10-13T09:19:28.948+0000] {processor.py:208} INFO - Processing /home/airflow/.local/lib/python3.12/site-packages/airflow/example_dags/example_latest_only.py took 0.094 seconds
[2024-10-13T09:19:59.929+0000] {processor.py:186} INFO - Started process (PID=2249) to work on /home/airflow/.local/lib/python3.12/site-packages/airflow/example_dags/example_latest_only.py
[2024-10-13T09:19:59.931+0000] {processor.py:914} INFO - Processing file /home/airflow/.local/lib/python3.12/site-packages/airflow/example_dags/example_latest_only.py for tasks to queue
[2024-10-13T09:19:59.933+0000] {logging_mixin.py:190} INFO - [2024-10-13T09:19:59.933+0000] {dagbag.py:588} INFO - Filling up the DagBag from /home/airflow/.local/lib/python3.12/site-packages/airflow/example_dags/example_latest_only.py
[2024-10-13T09:19:59.942+0000] {processor.py:925} INFO - DAG(s) 'latest_only' retrieved from /home/airflow/.local/lib/python3.12/site-packages/airflow/example_dags/example_latest_only.py
[2024-10-13T09:19:59.964+0000] {logging_mixin.py:190} INFO - [2024-10-13T09:19:59.963+0000] {dag.py:3239} INFO - Sync 1 DAGs
[2024-10-13T09:19:59.986+0000] {logging_mixin.py:190} INFO - [2024-10-13T09:19:59.986+0000] {dag.py:4180} INFO - Setting next_dagrun for latest_only to 2024-10-13 04:00:00+00:00, run_after=2024-10-13 08:00:00+00:00
[2024-10-13T09:20:00.017+0000] {processor.py:208} INFO - Processing /home/airflow/.local/lib/python3.12/site-packages/airflow/example_dags/example_latest_only.py took 0.092 seconds
[2024-10-13T09:20:30.202+0000] {processor.py:186} INFO - Started process (PID=2311) to work on /home/airflow/.local/lib/python3.12/site-packages/airflow/example_dags/example_latest_only.py
[2024-10-13T09:20:30.203+0000] {processor.py:914} INFO - Processing file /home/airflow/.local/lib/python3.12/site-packages/airflow/example_dags/example_latest_only.py for tasks to queue
[2024-10-13T09:20:30.206+0000] {logging_mixin.py:190} INFO - [2024-10-13T09:20:30.205+0000] {dagbag.py:588} INFO - Filling up the DagBag from /home/airflow/.local/lib/python3.12/site-packages/airflow/example_dags/example_latest_only.py
[2024-10-13T09:20:30.215+0000] {processor.py:925} INFO - DAG(s) 'latest_only' retrieved from /home/airflow/.local/lib/python3.12/site-packages/airflow/example_dags/example_latest_only.py
[2024-10-13T09:20:30.250+0000] {logging_mixin.py:190} INFO - [2024-10-13T09:20:30.249+0000] {dag.py:3239} INFO - Sync 1 DAGs
[2024-10-13T09:20:30.303+0000] {logging_mixin.py:190} INFO - [2024-10-13T09:20:30.303+0000] {dag.py:4180} INFO - Setting next_dagrun for latest_only to 2024-10-13 04:00:00+00:00, run_after=2024-10-13 08:00:00+00:00
[2024-10-13T09:20:30.332+0000] {processor.py:208} INFO - Processing /home/airflow/.local/lib/python3.12/site-packages/airflow/example_dags/example_latest_only.py took 0.138 seconds
[2024-10-13T09:21:00.714+0000] {processor.py:186} INFO - Started process (PID=2374) to work on /home/airflow/.local/lib/python3.12/site-packages/airflow/example_dags/example_latest_only.py
[2024-10-13T09:21:00.716+0000] {processor.py:914} INFO - Processing file /home/airflow/.local/lib/python3.12/site-packages/airflow/example_dags/example_latest_only.py for tasks to queue
[2024-10-13T09:21:00.719+0000] {logging_mixin.py:190} INFO - [2024-10-13T09:21:00.719+0000] {dagbag.py:588} INFO - Filling up the DagBag from /home/airflow/.local/lib/python3.12/site-packages/airflow/example_dags/example_latest_only.py
[2024-10-13T09:21:00.726+0000] {processor.py:925} INFO - DAG(s) 'latest_only' retrieved from /home/airflow/.local/lib/python3.12/site-packages/airflow/example_dags/example_latest_only.py
[2024-10-13T09:21:00.748+0000] {logging_mixin.py:190} INFO - [2024-10-13T09:21:00.748+0000] {dag.py:3239} INFO - Sync 1 DAGs
[2024-10-13T09:21:00.776+0000] {logging_mixin.py:190} INFO - [2024-10-13T09:21:00.776+0000] {dag.py:4180} INFO - Setting next_dagrun for latest_only to 2024-10-13 04:00:00+00:00, run_after=2024-10-13 08:00:00+00:00
[2024-10-13T09:21:00.796+0000] {processor.py:208} INFO - Processing /home/airflow/.local/lib/python3.12/site-packages/airflow/example_dags/example_latest_only.py took 0.087 seconds
[2024-10-13T09:21:31.049+0000] {processor.py:186} INFO - Started process (PID=2438) to work on /home/airflow/.local/lib/python3.12/site-packages/airflow/example_dags/example_latest_only.py
[2024-10-13T09:21:31.051+0000] {processor.py:914} INFO - Processing file /home/airflow/.local/lib/python3.12/site-packages/airflow/example_dags/example_latest_only.py for tasks to queue
[2024-10-13T09:21:31.054+0000] {logging_mixin.py:190} INFO - [2024-10-13T09:21:31.053+0000] {dagbag.py:588} INFO - Filling up the DagBag from /home/airflow/.local/lib/python3.12/site-packages/airflow/example_dags/example_latest_only.py
[2024-10-13T09:21:31.062+0000] {processor.py:925} INFO - DAG(s) 'latest_only' retrieved from /home/airflow/.local/lib/python3.12/site-packages/airflow/example_dags/example_latest_only.py
[2024-10-13T09:21:31.086+0000] {logging_mixin.py:190} INFO - [2024-10-13T09:21:31.086+0000] {dag.py:3239} INFO - Sync 1 DAGs
[2024-10-13T09:21:31.110+0000] {logging_mixin.py:190} INFO - [2024-10-13T09:21:31.110+0000] {dag.py:4180} INFO - Setting next_dagrun for latest_only to 2024-10-13 04:00:00+00:00, run_after=2024-10-13 08:00:00+00:00
[2024-10-13T09:21:31.134+0000] {processor.py:208} INFO - Processing /home/airflow/.local/lib/python3.12/site-packages/airflow/example_dags/example_latest_only.py took 0.091 seconds
[2024-10-13T09:22:01.882+0000] {processor.py:186} INFO - Started process (PID=2501) to work on /home/airflow/.local/lib/python3.12/site-packages/airflow/example_dags/example_latest_only.py
[2024-10-13T09:22:01.883+0000] {processor.py:914} INFO - Processing file /home/airflow/.local/lib/python3.12/site-packages/airflow/example_dags/example_latest_only.py for tasks to queue
[2024-10-13T09:22:01.885+0000] {logging_mixin.py:190} INFO - [2024-10-13T09:22:01.885+0000] {dagbag.py:588} INFO - Filling up the DagBag from /home/airflow/.local/lib/python3.12/site-packages/airflow/example_dags/example_latest_only.py
[2024-10-13T09:22:01.892+0000] {processor.py:925} INFO - DAG(s) 'latest_only' retrieved from /home/airflow/.local/lib/python3.12/site-packages/airflow/example_dags/example_latest_only.py
[2024-10-13T09:22:01.911+0000] {logging_mixin.py:190} INFO - [2024-10-13T09:22:01.911+0000] {dag.py:3239} INFO - Sync 1 DAGs
[2024-10-13T09:22:01.939+0000] {logging_mixin.py:190} INFO - [2024-10-13T09:22:01.939+0000] {dag.py:4180} INFO - Setting next_dagrun for latest_only to 2024-10-13 04:00:00+00:00, run_after=2024-10-13 08:00:00+00:00
[2024-10-13T09:22:01.958+0000] {processor.py:208} INFO - Processing /home/airflow/.local/lib/python3.12/site-packages/airflow/example_dags/example_latest_only.py took 0.084 seconds
[2024-10-13T09:22:32.477+0000] {processor.py:186} INFO - Started process (PID=2564) to work on /home/airflow/.local/lib/python3.12/site-packages/airflow/example_dags/example_latest_only.py
[2024-10-13T09:22:32.479+0000] {processor.py:914} INFO - Processing file /home/airflow/.local/lib/python3.12/site-packages/airflow/example_dags/example_latest_only.py for tasks to queue
[2024-10-13T09:22:32.484+0000] {logging_mixin.py:190} INFO - [2024-10-13T09:22:32.483+0000] {dagbag.py:588} INFO - Filling up the DagBag from /home/airflow/.local/lib/python3.12/site-packages/airflow/example_dags/example_latest_only.py
[2024-10-13T09:22:32.497+0000] {processor.py:925} INFO - DAG(s) 'latest_only' retrieved from /home/airflow/.local/lib/python3.12/site-packages/airflow/example_dags/example_latest_only.py
[2024-10-13T09:22:32.533+0000] {logging_mixin.py:190} INFO - [2024-10-13T09:22:32.533+0000] {dag.py:3239} INFO - Sync 1 DAGs
[2024-10-13T09:22:32.578+0000] {logging_mixin.py:190} INFO - [2024-10-13T09:22:32.577+0000] {dag.py:4180} INFO - Setting next_dagrun for latest_only to 2024-10-13 04:00:00+00:00, run_after=2024-10-13 08:00:00+00:00
[2024-10-13T09:22:32.619+0000] {processor.py:208} INFO - Processing /home/airflow/.local/lib/python3.12/site-packages/airflow/example_dags/example_latest_only.py took 0.151 seconds
[2024-10-13T09:23:02.733+0000] {processor.py:186} INFO - Started process (PID=2627) to work on /home/airflow/.local/lib/python3.12/site-packages/airflow/example_dags/example_latest_only.py
[2024-10-13T09:23:02.734+0000] {processor.py:914} INFO - Processing file /home/airflow/.local/lib/python3.12/site-packages/airflow/example_dags/example_latest_only.py for tasks to queue
[2024-10-13T09:23:02.737+0000] {logging_mixin.py:190} INFO - [2024-10-13T09:23:02.737+0000] {dagbag.py:588} INFO - Filling up the DagBag from /home/airflow/.local/lib/python3.12/site-packages/airflow/example_dags/example_latest_only.py
[2024-10-13T09:23:02.745+0000] {processor.py:925} INFO - DAG(s) 'latest_only' retrieved from /home/airflow/.local/lib/python3.12/site-packages/airflow/example_dags/example_latest_only.py
[2024-10-13T09:23:02.766+0000] {logging_mixin.py:190} INFO - [2024-10-13T09:23:02.766+0000] {dag.py:3239} INFO - Sync 1 DAGs
[2024-10-13T09:23:02.791+0000] {logging_mixin.py:190} INFO - [2024-10-13T09:23:02.791+0000] {dag.py:4180} INFO - Setting next_dagrun for latest_only to 2024-10-13 04:00:00+00:00, run_after=2024-10-13 08:00:00+00:00
[2024-10-13T09:23:02.816+0000] {processor.py:208} INFO - Processing /home/airflow/.local/lib/python3.12/site-packages/airflow/example_dags/example_latest_only.py took 0.091 seconds
[2024-10-13T09:23:33.334+0000] {processor.py:186} INFO - Started process (PID=2690) to work on /home/airflow/.local/lib/python3.12/site-packages/airflow/example_dags/example_latest_only.py
[2024-10-13T09:23:33.336+0000] {processor.py:914} INFO - Processing file /home/airflow/.local/lib/python3.12/site-packages/airflow/example_dags/example_latest_only.py for tasks to queue
[2024-10-13T09:23:33.344+0000] {logging_mixin.py:190} INFO - [2024-10-13T09:23:33.343+0000] {dagbag.py:588} INFO - Filling up the DagBag from /home/airflow/.local/lib/python3.12/site-packages/airflow/example_dags/example_latest_only.py
[2024-10-13T09:23:33.367+0000] {processor.py:925} INFO - DAG(s) 'latest_only' retrieved from /home/airflow/.local/lib/python3.12/site-packages/airflow/example_dags/example_latest_only.py
[2024-10-13T09:23:33.416+0000] {logging_mixin.py:190} INFO - [2024-10-13T09:23:33.415+0000] {dag.py:3239} INFO - Sync 1 DAGs
[2024-10-13T09:23:33.482+0000] {logging_mixin.py:190} INFO - [2024-10-13T09:23:33.481+0000] {dag.py:4180} INFO - Setting next_dagrun for latest_only to 2024-10-13 04:00:00+00:00, run_after=2024-10-13 08:00:00+00:00
[2024-10-13T09:23:33.536+0000] {processor.py:208} INFO - Processing /home/airflow/.local/lib/python3.12/site-packages/airflow/example_dags/example_latest_only.py took 0.217 seconds
[2024-10-13T09:24:03.888+0000] {processor.py:186} INFO - Started process (PID=2752) to work on /home/airflow/.local/lib/python3.12/site-packages/airflow/example_dags/example_latest_only.py
[2024-10-13T09:24:03.889+0000] {processor.py:914} INFO - Processing file /home/airflow/.local/lib/python3.12/site-packages/airflow/example_dags/example_latest_only.py for tasks to queue
[2024-10-13T09:24:03.895+0000] {logging_mixin.py:190} INFO - [2024-10-13T09:24:03.894+0000] {dagbag.py:588} INFO - Filling up the DagBag from /home/airflow/.local/lib/python3.12/site-packages/airflow/example_dags/example_latest_only.py
[2024-10-13T09:24:03.905+0000] {processor.py:925} INFO - DAG(s) 'latest_only' retrieved from /home/airflow/.local/lib/python3.12/site-packages/airflow/example_dags/example_latest_only.py
[2024-10-13T09:24:03.940+0000] {logging_mixin.py:190} INFO - [2024-10-13T09:24:03.939+0000] {dag.py:3239} INFO - Sync 1 DAGs
[2024-10-13T09:24:03.986+0000] {logging_mixin.py:190} INFO - [2024-10-13T09:24:03.985+0000] {dag.py:4180} INFO - Setting next_dagrun for latest_only to 2024-10-13 04:00:00+00:00, run_after=2024-10-13 08:00:00+00:00
[2024-10-13T09:24:04.021+0000] {processor.py:208} INFO - Processing /home/airflow/.local/lib/python3.12/site-packages/airflow/example_dags/example_latest_only.py took 0.140 seconds
[2024-10-13T09:24:34.936+0000] {processor.py:186} INFO - Started process (PID=2814) to work on /home/airflow/.local/lib/python3.12/site-packages/airflow/example_dags/example_latest_only.py
[2024-10-13T09:24:34.939+0000] {processor.py:914} INFO - Processing file /home/airflow/.local/lib/python3.12/site-packages/airflow/example_dags/example_latest_only.py for tasks to queue
[2024-10-13T09:24:34.945+0000] {logging_mixin.py:190} INFO - [2024-10-13T09:24:34.944+0000] {dagbag.py:588} INFO - Filling up the DagBag from /home/airflow/.local/lib/python3.12/site-packages/airflow/example_dags/example_latest_only.py
[2024-10-13T09:24:34.964+0000] {processor.py:925} INFO - DAG(s) 'latest_only' retrieved from /home/airflow/.local/lib/python3.12/site-packages/airflow/example_dags/example_latest_only.py
[2024-10-13T09:24:35.018+0000] {logging_mixin.py:190} INFO - [2024-10-13T09:24:35.017+0000] {dag.py:3239} INFO - Sync 1 DAGs
[2024-10-13T09:24:35.097+0000] {logging_mixin.py:190} INFO - [2024-10-13T09:24:35.094+0000] {dag.py:4180} INFO - Setting next_dagrun for latest_only to 2024-10-13 04:00:00+00:00, run_after=2024-10-13 08:00:00+00:00
[2024-10-13T09:24:35.198+0000] {processor.py:208} INFO - Processing /home/airflow/.local/lib/python3.12/site-packages/airflow/example_dags/example_latest_only.py took 0.278 seconds
[2024-10-13T09:25:05.849+0000] {processor.py:186} INFO - Started process (PID=2878) to work on /home/airflow/.local/lib/python3.12/site-packages/airflow/example_dags/example_latest_only.py
[2024-10-13T09:25:05.851+0000] {processor.py:914} INFO - Processing file /home/airflow/.local/lib/python3.12/site-packages/airflow/example_dags/example_latest_only.py for tasks to queue
[2024-10-13T09:25:05.855+0000] {logging_mixin.py:190} INFO - [2024-10-13T09:25:05.855+0000] {dagbag.py:588} INFO - Filling up the DagBag from /home/airflow/.local/lib/python3.12/site-packages/airflow/example_dags/example_latest_only.py
[2024-10-13T09:25:05.865+0000] {processor.py:925} INFO - DAG(s) 'latest_only' retrieved from /home/airflow/.local/lib/python3.12/site-packages/airflow/example_dags/example_latest_only.py
[2024-10-13T09:25:05.892+0000] {logging_mixin.py:190} INFO - [2024-10-13T09:25:05.892+0000] {dag.py:3239} INFO - Sync 1 DAGs
[2024-10-13T09:25:05.928+0000] {logging_mixin.py:190} INFO - [2024-10-13T09:25:05.927+0000] {dag.py:4180} INFO - Setting next_dagrun for latest_only to 2024-10-13 04:00:00+00:00, run_after=2024-10-13 08:00:00+00:00
[2024-10-13T09:25:05.956+0000] {processor.py:208} INFO - Processing /home/airflow/.local/lib/python3.12/site-packages/airflow/example_dags/example_latest_only.py took 0.113 seconds
[2024-10-13T09:25:36.426+0000] {processor.py:186} INFO - Started process (PID=2941) to work on /home/airflow/.local/lib/python3.12/site-packages/airflow/example_dags/example_latest_only.py
[2024-10-13T09:25:36.428+0000] {processor.py:914} INFO - Processing file /home/airflow/.local/lib/python3.12/site-packages/airflow/example_dags/example_latest_only.py for tasks to queue
[2024-10-13T09:25:36.432+0000] {logging_mixin.py:190} INFO - [2024-10-13T09:25:36.432+0000] {dagbag.py:588} INFO - Filling up the DagBag from /home/airflow/.local/lib/python3.12/site-packages/airflow/example_dags/example_latest_only.py
[2024-10-13T09:25:36.447+0000] {processor.py:925} INFO - DAG(s) 'latest_only' retrieved from /home/airflow/.local/lib/python3.12/site-packages/airflow/example_dags/example_latest_only.py
[2024-10-13T09:25:36.489+0000] {logging_mixin.py:190} INFO - [2024-10-13T09:25:36.488+0000] {dag.py:3239} INFO - Sync 1 DAGs
[2024-10-13T09:25:36.545+0000] {logging_mixin.py:190} INFO - [2024-10-13T09:25:36.545+0000] {dag.py:4180} INFO - Setting next_dagrun for latest_only to 2024-10-13 04:00:00+00:00, run_after=2024-10-13 08:00:00+00:00
[2024-10-13T09:25:36.593+0000] {processor.py:208} INFO - Processing /home/airflow/.local/lib/python3.12/site-packages/airflow/example_dags/example_latest_only.py took 0.176 seconds
[2024-10-13T09:26:06.753+0000] {processor.py:186} INFO - Started process (PID=3004) to work on /home/airflow/.local/lib/python3.12/site-packages/airflow/example_dags/example_latest_only.py
[2024-10-13T09:26:06.755+0000] {processor.py:914} INFO - Processing file /home/airflow/.local/lib/python3.12/site-packages/airflow/example_dags/example_latest_only.py for tasks to queue
[2024-10-13T09:26:06.757+0000] {logging_mixin.py:190} INFO - [2024-10-13T09:26:06.757+0000] {dagbag.py:588} INFO - Filling up the DagBag from /home/airflow/.local/lib/python3.12/site-packages/airflow/example_dags/example_latest_only.py
[2024-10-13T09:26:06.764+0000] {processor.py:925} INFO - DAG(s) 'latest_only' retrieved from /home/airflow/.local/lib/python3.12/site-packages/airflow/example_dags/example_latest_only.py
[2024-10-13T09:26:06.787+0000] {logging_mixin.py:190} INFO - [2024-10-13T09:26:06.786+0000] {dag.py:3239} INFO - Sync 1 DAGs
[2024-10-13T09:26:06.814+0000] {logging_mixin.py:190} INFO - [2024-10-13T09:26:06.814+0000] {dag.py:4180} INFO - Setting next_dagrun for latest_only to 2024-10-13 04:00:00+00:00, run_after=2024-10-13 08:00:00+00:00
[2024-10-13T09:26:06.846+0000] {processor.py:208} INFO - Processing /home/airflow/.local/lib/python3.12/site-packages/airflow/example_dags/example_latest_only.py took 0.098 seconds
[2024-10-13T09:26:43.068+0000] {processor.py:186} INFO - Started process (PID=3060) to work on /home/airflow/.local/lib/python3.12/site-packages/airflow/example_dags/example_latest_only.py
[2024-10-13T09:26:43.072+0000] {processor.py:914} INFO - Processing file /home/airflow/.local/lib/python3.12/site-packages/airflow/example_dags/example_latest_only.py for tasks to queue
[2024-10-13T09:26:43.078+0000] {logging_mixin.py:190} INFO - [2024-10-13T09:26:43.077+0000] {dagbag.py:588} INFO - Filling up the DagBag from /home/airflow/.local/lib/python3.12/site-packages/airflow/example_dags/example_latest_only.py
[2024-10-13T09:26:43.092+0000] {processor.py:925} INFO - DAG(s) 'latest_only' retrieved from /home/airflow/.local/lib/python3.12/site-packages/airflow/example_dags/example_latest_only.py
[2024-10-13T09:26:43.163+0000] {logging_mixin.py:190} INFO - [2024-10-13T09:26:43.163+0000] {dag.py:3239} INFO - Sync 1 DAGs
[2024-10-13T09:26:43.269+0000] {logging_mixin.py:190} INFO - [2024-10-13T09:26:43.268+0000] {dag.py:4180} INFO - Setting next_dagrun for latest_only to 2024-10-13 04:00:00+00:00, run_after=2024-10-13 08:00:00+00:00
[2024-10-13T09:26:43.312+0000] {processor.py:208} INFO - Processing /home/airflow/.local/lib/python3.12/site-packages/airflow/example_dags/example_latest_only.py took 0.254 seconds
[2024-10-13T09:27:17.831+0000] {processor.py:186} INFO - Started process (PID=3114) to work on /home/airflow/.local/lib/python3.12/site-packages/airflow/example_dags/example_latest_only.py
[2024-10-13T09:27:17.836+0000] {processor.py:914} INFO - Processing file /home/airflow/.local/lib/python3.12/site-packages/airflow/example_dags/example_latest_only.py for tasks to queue
[2024-10-13T09:27:17.892+0000] {logging_mixin.py:190} INFO - [2024-10-13T09:27:17.891+0000] {dagbag.py:588} INFO - Filling up the DagBag from /home/airflow/.local/lib/python3.12/site-packages/airflow/example_dags/example_latest_only.py
[2024-10-13T09:27:18.015+0000] {processor.py:925} INFO - DAG(s) 'latest_only' retrieved from /home/airflow/.local/lib/python3.12/site-packages/airflow/example_dags/example_latest_only.py
[2024-10-13T09:27:18.100+0000] {logging_mixin.py:190} INFO - [2024-10-13T09:27:18.099+0000] {dag.py:3239} INFO - Sync 1 DAGs
[2024-10-13T09:27:18.328+0000] {logging_mixin.py:190} INFO - [2024-10-13T09:27:18.327+0000] {dag.py:4180} INFO - Setting next_dagrun for latest_only to 2024-10-13 04:00:00+00:00, run_after=2024-10-13 08:00:00+00:00
[2024-10-13T09:27:18.435+0000] {processor.py:208} INFO - Processing /home/airflow/.local/lib/python3.12/site-packages/airflow/example_dags/example_latest_only.py took 0.618 seconds
[2024-10-13T09:27:49.278+0000] {processor.py:186} INFO - Started process (PID=3183) to work on /home/airflow/.local/lib/python3.12/site-packages/airflow/example_dags/example_latest_only.py
[2024-10-13T09:27:49.289+0000] {processor.py:914} INFO - Processing file /home/airflow/.local/lib/python3.12/site-packages/airflow/example_dags/example_latest_only.py for tasks to queue
[2024-10-13T09:27:49.297+0000] {logging_mixin.py:190} INFO - [2024-10-13T09:27:49.296+0000] {dagbag.py:588} INFO - Filling up the DagBag from /home/airflow/.local/lib/python3.12/site-packages/airflow/example_dags/example_latest_only.py
[2024-10-13T09:27:49.333+0000] {processor.py:925} INFO - DAG(s) 'latest_only' retrieved from /home/airflow/.local/lib/python3.12/site-packages/airflow/example_dags/example_latest_only.py
[2024-10-13T09:27:49.432+0000] {logging_mixin.py:190} INFO - [2024-10-13T09:27:49.431+0000] {dag.py:3239} INFO - Sync 1 DAGs
[2024-10-13T09:27:49.547+0000] {logging_mixin.py:190} INFO - [2024-10-13T09:27:49.546+0000] {dag.py:4180} INFO - Setting next_dagrun for latest_only to 2024-10-13 04:00:00+00:00, run_after=2024-10-13 08:00:00+00:00
[2024-10-13T09:27:49.637+0000] {processor.py:208} INFO - Processing /home/airflow/.local/lib/python3.12/site-packages/airflow/example_dags/example_latest_only.py took 0.384 seconds
[2024-10-13T09:28:20.626+0000] {processor.py:186} INFO - Started process (PID=3246) to work on /home/airflow/.local/lib/python3.12/site-packages/airflow/example_dags/example_latest_only.py
[2024-10-13T09:28:20.628+0000] {processor.py:914} INFO - Processing file /home/airflow/.local/lib/python3.12/site-packages/airflow/example_dags/example_latest_only.py for tasks to queue
[2024-10-13T09:28:20.633+0000] {logging_mixin.py:190} INFO - [2024-10-13T09:28:20.632+0000] {dagbag.py:588} INFO - Filling up the DagBag from /home/airflow/.local/lib/python3.12/site-packages/airflow/example_dags/example_latest_only.py
[2024-10-13T09:28:20.646+0000] {processor.py:925} INFO - DAG(s) 'latest_only' retrieved from /home/airflow/.local/lib/python3.12/site-packages/airflow/example_dags/example_latest_only.py
[2024-10-13T09:28:20.672+0000] {logging_mixin.py:190} INFO - [2024-10-13T09:28:20.671+0000] {dag.py:3239} INFO - Sync 1 DAGs
[2024-10-13T09:28:20.698+0000] {logging_mixin.py:190} INFO - [2024-10-13T09:28:20.698+0000] {dag.py:4180} INFO - Setting next_dagrun for latest_only to 2024-10-13 04:00:00+00:00, run_after=2024-10-13 08:00:00+00:00
[2024-10-13T09:28:20.731+0000] {processor.py:208} INFO - Processing /home/airflow/.local/lib/python3.12/site-packages/airflow/example_dags/example_latest_only.py took 0.112 seconds
[2024-10-13T09:28:51.063+0000] {processor.py:186} INFO - Started process (PID=3309) to work on /home/airflow/.local/lib/python3.12/site-packages/airflow/example_dags/example_latest_only.py
[2024-10-13T09:28:51.064+0000] {processor.py:914} INFO - Processing file /home/airflow/.local/lib/python3.12/site-packages/airflow/example_dags/example_latest_only.py for tasks to queue
[2024-10-13T09:28:51.067+0000] {logging_mixin.py:190} INFO - [2024-10-13T09:28:51.066+0000] {dagbag.py:588} INFO - Filling up the DagBag from /home/airflow/.local/lib/python3.12/site-packages/airflow/example_dags/example_latest_only.py
[2024-10-13T09:28:51.073+0000] {processor.py:925} INFO - DAG(s) 'latest_only' retrieved from /home/airflow/.local/lib/python3.12/site-packages/airflow/example_dags/example_latest_only.py
[2024-10-13T09:28:51.092+0000] {logging_mixin.py:190} INFO - [2024-10-13T09:28:51.092+0000] {dag.py:3239} INFO - Sync 1 DAGs
[2024-10-13T09:28:51.117+0000] {logging_mixin.py:190} INFO - [2024-10-13T09:28:51.117+0000] {dag.py:4180} INFO - Setting next_dagrun for latest_only to 2024-10-13 04:00:00+00:00, run_after=2024-10-13 08:00:00+00:00
[2024-10-13T09:28:51.135+0000] {processor.py:208} INFO - Processing /home/airflow/.local/lib/python3.12/site-packages/airflow/example_dags/example_latest_only.py took 0.078 seconds
[2024-10-13T09:29:21.496+0000] {processor.py:186} INFO - Started process (PID=3372) to work on /home/airflow/.local/lib/python3.12/site-packages/airflow/example_dags/example_latest_only.py
[2024-10-13T09:29:21.498+0000] {processor.py:914} INFO - Processing file /home/airflow/.local/lib/python3.12/site-packages/airflow/example_dags/example_latest_only.py for tasks to queue
[2024-10-13T09:29:21.500+0000] {logging_mixin.py:190} INFO - [2024-10-13T09:29:21.500+0000] {dagbag.py:588} INFO - Filling up the DagBag from /home/airflow/.local/lib/python3.12/site-packages/airflow/example_dags/example_latest_only.py
[2024-10-13T09:29:21.506+0000] {processor.py:925} INFO - DAG(s) 'latest_only' retrieved from /home/airflow/.local/lib/python3.12/site-packages/airflow/example_dags/example_latest_only.py
[2024-10-13T09:29:21.522+0000] {logging_mixin.py:190} INFO - [2024-10-13T09:29:21.522+0000] {dag.py:3239} INFO - Sync 1 DAGs
[2024-10-13T09:29:21.542+0000] {logging_mixin.py:190} INFO - [2024-10-13T09:29:21.542+0000] {dag.py:4180} INFO - Setting next_dagrun for latest_only to 2024-10-13 04:00:00+00:00, run_after=2024-10-13 08:00:00+00:00
[2024-10-13T09:29:21.561+0000] {processor.py:208} INFO - Processing /home/airflow/.local/lib/python3.12/site-packages/airflow/example_dags/example_latest_only.py took 0.069 seconds
[2024-10-13T09:29:51.844+0000] {processor.py:186} INFO - Started process (PID=3435) to work on /home/airflow/.local/lib/python3.12/site-packages/airflow/example_dags/example_latest_only.py
[2024-10-13T09:29:51.846+0000] {processor.py:914} INFO - Processing file /home/airflow/.local/lib/python3.12/site-packages/airflow/example_dags/example_latest_only.py for tasks to queue
[2024-10-13T09:29:51.848+0000] {logging_mixin.py:190} INFO - [2024-10-13T09:29:51.848+0000] {dagbag.py:588} INFO - Filling up the DagBag from /home/airflow/.local/lib/python3.12/site-packages/airflow/example_dags/example_latest_only.py
[2024-10-13T09:29:51.855+0000] {processor.py:925} INFO - DAG(s) 'latest_only' retrieved from /home/airflow/.local/lib/python3.12/site-packages/airflow/example_dags/example_latest_only.py
[2024-10-13T09:29:51.873+0000] {logging_mixin.py:190} INFO - [2024-10-13T09:29:51.872+0000] {dag.py:3239} INFO - Sync 1 DAGs
[2024-10-13T09:29:51.900+0000] {logging_mixin.py:190} INFO - [2024-10-13T09:29:51.900+0000] {dag.py:4180} INFO - Setting next_dagrun for latest_only to 2024-10-13 04:00:00+00:00, run_after=2024-10-13 08:00:00+00:00
[2024-10-13T09:29:51.923+0000] {processor.py:208} INFO - Processing /home/airflow/.local/lib/python3.12/site-packages/airflow/example_dags/example_latest_only.py took 0.083 seconds
