[2024-10-13T09:02:42.812+0000] {processor.py:186} INFO - Started process (PID=130) to work on /home/airflow/.local/lib/python3.12/site-packages/airflow/example_dags/example_bash_decorator.py
[2024-10-13T09:02:42.815+0000] {processor.py:914} INFO - Processing file /home/airflow/.local/lib/python3.12/site-packages/airflow/example_dags/example_bash_decorator.py for tasks to queue
[2024-10-13T09:02:42.828+0000] {logging_mixin.py:190} INFO - [2024-10-13T09:02:42.827+0000] {dagbag.py:588} INFO - Filling up the DagBag from /home/airflow/.local/lib/python3.12/site-packages/airflow/example_dags/example_bash_decorator.py
[2024-10-13T09:02:42.888+0000] {processor.py:925} INFO - DAG(s) 'example_bash_decorator' retrieved from /home/airflow/.local/lib/python3.12/site-packages/airflow/example_dags/example_bash_decorator.py
[2024-10-13T09:02:43.445+0000] {logging_mixin.py:190} INFO - [2024-10-13T09:02:43.444+0000] {dag.py:3239} INFO - Sync 1 DAGs
[2024-10-13T09:02:43.535+0000] {logging_mixin.py:190} INFO - [2024-10-13T09:02:43.534+0000] {dag.py:4180} INFO - Setting next_dagrun for example_bash_decorator to None, run_after=None
[2024-10-13T09:02:43.683+0000] {processor.py:208} INFO - Processing /home/airflow/.local/lib/python3.12/site-packages/airflow/example_dags/example_bash_decorator.py took 0.890 seconds
[2024-10-13T09:03:14.483+0000] {processor.py:186} INFO - Started process (PID=193) to work on /home/airflow/.local/lib/python3.12/site-packages/airflow/example_dags/example_bash_decorator.py
[2024-10-13T09:03:14.489+0000] {processor.py:914} INFO - Processing file /home/airflow/.local/lib/python3.12/site-packages/airflow/example_dags/example_bash_decorator.py for tasks to queue
[2024-10-13T09:03:14.517+0000] {logging_mixin.py:190} INFO - [2024-10-13T09:03:14.515+0000] {dagbag.py:588} INFO - Filling up the DagBag from /home/airflow/.local/lib/python3.12/site-packages/airflow/example_dags/example_bash_decorator.py
[2024-10-13T09:03:14.797+0000] {processor.py:925} INFO - DAG(s) 'example_bash_decorator' retrieved from /home/airflow/.local/lib/python3.12/site-packages/airflow/example_dags/example_bash_decorator.py
[2024-10-13T09:03:14.915+0000] {logging_mixin.py:190} INFO - [2024-10-13T09:03:14.915+0000] {dag.py:3239} INFO - Sync 1 DAGs
[2024-10-13T09:03:15.001+0000] {logging_mixin.py:190} INFO - [2024-10-13T09:03:14.996+0000] {dag.py:4180} INFO - Setting next_dagrun for example_bash_decorator to None, run_after=None
[2024-10-13T09:03:15.065+0000] {processor.py:208} INFO - Processing /home/airflow/.local/lib/python3.12/site-packages/airflow/example_dags/example_bash_decorator.py took 0.603 seconds
[2024-10-13T09:03:45.555+0000] {processor.py:186} INFO - Started process (PID=257) to work on /home/airflow/.local/lib/python3.12/site-packages/airflow/example_dags/example_bash_decorator.py
[2024-10-13T09:03:45.570+0000] {processor.py:914} INFO - Processing file /home/airflow/.local/lib/python3.12/site-packages/airflow/example_dags/example_bash_decorator.py for tasks to queue
[2024-10-13T09:03:45.579+0000] {logging_mixin.py:190} INFO - [2024-10-13T09:03:45.578+0000] {dagbag.py:588} INFO - Filling up the DagBag from /home/airflow/.local/lib/python3.12/site-packages/airflow/example_dags/example_bash_decorator.py
[2024-10-13T09:03:45.624+0000] {processor.py:925} INFO - DAG(s) 'example_bash_decorator' retrieved from /home/airflow/.local/lib/python3.12/site-packages/airflow/example_dags/example_bash_decorator.py
[2024-10-13T09:03:45.732+0000] {logging_mixin.py:190} INFO - [2024-10-13T09:03:45.732+0000] {dag.py:3239} INFO - Sync 1 DAGs
[2024-10-13T09:03:45.796+0000] {logging_mixin.py:190} INFO - [2024-10-13T09:03:45.796+0000] {dag.py:4180} INFO - Setting next_dagrun for example_bash_decorator to None, run_after=None
[2024-10-13T09:03:45.869+0000] {processor.py:208} INFO - Processing /home/airflow/.local/lib/python3.12/site-packages/airflow/example_dags/example_bash_decorator.py took 0.337 seconds
[2024-10-13T09:04:21.785+0000] {processor.py:186} INFO - Started process (PID=319) to work on /home/airflow/.local/lib/python3.12/site-packages/airflow/example_dags/example_bash_decorator.py
[2024-10-13T09:04:21.801+0000] {processor.py:914} INFO - Processing file /home/airflow/.local/lib/python3.12/site-packages/airflow/example_dags/example_bash_decorator.py for tasks to queue
[2024-10-13T09:04:21.830+0000] {logging_mixin.py:190} INFO - [2024-10-13T09:04:21.829+0000] {dagbag.py:588} INFO - Filling up the DagBag from /home/airflow/.local/lib/python3.12/site-packages/airflow/example_dags/example_bash_decorator.py
[2024-10-13T09:04:21.939+0000] {processor.py:925} INFO - DAG(s) 'example_bash_decorator' retrieved from /home/airflow/.local/lib/python3.12/site-packages/airflow/example_dags/example_bash_decorator.py
[2024-10-13T09:04:22.077+0000] {logging_mixin.py:190} INFO - [2024-10-13T09:04:22.076+0000] {dag.py:3239} INFO - Sync 1 DAGs
[2024-10-13T09:04:22.142+0000] {logging_mixin.py:190} INFO - [2024-10-13T09:04:22.141+0000] {dag.py:4180} INFO - Setting next_dagrun for example_bash_decorator to None, run_after=None
[2024-10-13T09:04:22.239+0000] {processor.py:208} INFO - Processing /home/airflow/.local/lib/python3.12/site-packages/airflow/example_dags/example_bash_decorator.py took 0.491 seconds
[2024-10-13T09:04:52.832+0000] {processor.py:186} INFO - Started process (PID=382) to work on /home/airflow/.local/lib/python3.12/site-packages/airflow/example_dags/example_bash_decorator.py
[2024-10-13T09:04:52.835+0000] {processor.py:914} INFO - Processing file /home/airflow/.local/lib/python3.12/site-packages/airflow/example_dags/example_bash_decorator.py for tasks to queue
[2024-10-13T09:04:52.841+0000] {logging_mixin.py:190} INFO - [2024-10-13T09:04:52.840+0000] {dagbag.py:588} INFO - Filling up the DagBag from /home/airflow/.local/lib/python3.12/site-packages/airflow/example_dags/example_bash_decorator.py
[2024-10-13T09:04:52.881+0000] {processor.py:925} INFO - DAG(s) 'example_bash_decorator' retrieved from /home/airflow/.local/lib/python3.12/site-packages/airflow/example_dags/example_bash_decorator.py
[2024-10-13T09:04:52.920+0000] {logging_mixin.py:190} INFO - [2024-10-13T09:04:52.919+0000] {dag.py:3239} INFO - Sync 1 DAGs
[2024-10-13T09:04:52.968+0000] {logging_mixin.py:190} INFO - [2024-10-13T09:04:52.967+0000] {dag.py:4180} INFO - Setting next_dagrun for example_bash_decorator to None, run_after=None
[2024-10-13T09:04:53.015+0000] {processor.py:208} INFO - Processing /home/airflow/.local/lib/python3.12/site-packages/airflow/example_dags/example_bash_decorator.py took 0.198 seconds
[2024-10-13T09:05:23.845+0000] {processor.py:186} INFO - Started process (PID=445) to work on /home/airflow/.local/lib/python3.12/site-packages/airflow/example_dags/example_bash_decorator.py
[2024-10-13T09:05:23.848+0000] {processor.py:914} INFO - Processing file /home/airflow/.local/lib/python3.12/site-packages/airflow/example_dags/example_bash_decorator.py for tasks to queue
[2024-10-13T09:05:23.853+0000] {logging_mixin.py:190} INFO - [2024-10-13T09:05:23.853+0000] {dagbag.py:588} INFO - Filling up the DagBag from /home/airflow/.local/lib/python3.12/site-packages/airflow/example_dags/example_bash_decorator.py
[2024-10-13T09:05:23.876+0000] {processor.py:925} INFO - DAG(s) 'example_bash_decorator' retrieved from /home/airflow/.local/lib/python3.12/site-packages/airflow/example_dags/example_bash_decorator.py
[2024-10-13T09:05:23.913+0000] {logging_mixin.py:190} INFO - [2024-10-13T09:05:23.912+0000] {dag.py:3239} INFO - Sync 1 DAGs
[2024-10-13T09:05:23.937+0000] {logging_mixin.py:190} INFO - [2024-10-13T09:05:23.936+0000] {dag.py:4180} INFO - Setting next_dagrun for example_bash_decorator to None, run_after=None
[2024-10-13T09:05:23.972+0000] {processor.py:208} INFO - Processing /home/airflow/.local/lib/python3.12/site-packages/airflow/example_dags/example_bash_decorator.py took 0.136 seconds
[2024-10-13T09:05:55.504+0000] {processor.py:186} INFO - Started process (PID=509) to work on /home/airflow/.local/lib/python3.12/site-packages/airflow/example_dags/example_bash_decorator.py
[2024-10-13T09:05:55.506+0000] {processor.py:914} INFO - Processing file /home/airflow/.local/lib/python3.12/site-packages/airflow/example_dags/example_bash_decorator.py for tasks to queue
[2024-10-13T09:05:55.514+0000] {logging_mixin.py:190} INFO - [2024-10-13T09:05:55.513+0000] {dagbag.py:588} INFO - Filling up the DagBag from /home/airflow/.local/lib/python3.12/site-packages/airflow/example_dags/example_bash_decorator.py
[2024-10-13T09:05:55.541+0000] {processor.py:925} INFO - DAG(s) 'example_bash_decorator' retrieved from /home/airflow/.local/lib/python3.12/site-packages/airflow/example_dags/example_bash_decorator.py
[2024-10-13T09:05:55.593+0000] {logging_mixin.py:190} INFO - [2024-10-13T09:05:55.592+0000] {dag.py:3239} INFO - Sync 1 DAGs
[2024-10-13T09:05:55.629+0000] {logging_mixin.py:190} INFO - [2024-10-13T09:05:55.629+0000] {dag.py:4180} INFO - Setting next_dagrun for example_bash_decorator to None, run_after=None
[2024-10-13T09:05:55.679+0000] {processor.py:208} INFO - Processing /home/airflow/.local/lib/python3.12/site-packages/airflow/example_dags/example_bash_decorator.py took 0.188 seconds
[2024-10-13T09:06:25.765+0000] {processor.py:186} INFO - Started process (PID=572) to work on /home/airflow/.local/lib/python3.12/site-packages/airflow/example_dags/example_bash_decorator.py
[2024-10-13T09:06:25.767+0000] {processor.py:914} INFO - Processing file /home/airflow/.local/lib/python3.12/site-packages/airflow/example_dags/example_bash_decorator.py for tasks to queue
[2024-10-13T09:06:25.771+0000] {logging_mixin.py:190} INFO - [2024-10-13T09:06:25.770+0000] {dagbag.py:588} INFO - Filling up the DagBag from /home/airflow/.local/lib/python3.12/site-packages/airflow/example_dags/example_bash_decorator.py
[2024-10-13T09:06:25.791+0000] {processor.py:925} INFO - DAG(s) 'example_bash_decorator' retrieved from /home/airflow/.local/lib/python3.12/site-packages/airflow/example_dags/example_bash_decorator.py
[2024-10-13T09:06:25.828+0000] {logging_mixin.py:190} INFO - [2024-10-13T09:06:25.828+0000] {dag.py:3239} INFO - Sync 1 DAGs
[2024-10-13T09:06:25.850+0000] {logging_mixin.py:190} INFO - [2024-10-13T09:06:25.850+0000] {dag.py:4180} INFO - Setting next_dagrun for example_bash_decorator to None, run_after=None
[2024-10-13T09:06:25.888+0000] {processor.py:208} INFO - Processing /home/airflow/.local/lib/python3.12/site-packages/airflow/example_dags/example_bash_decorator.py took 0.130 seconds
[2024-10-13T09:06:55.967+0000] {processor.py:186} INFO - Started process (PID=635) to work on /home/airflow/.local/lib/python3.12/site-packages/airflow/example_dags/example_bash_decorator.py
[2024-10-13T09:06:55.968+0000] {processor.py:914} INFO - Processing file /home/airflow/.local/lib/python3.12/site-packages/airflow/example_dags/example_bash_decorator.py for tasks to queue
[2024-10-13T09:06:55.971+0000] {logging_mixin.py:190} INFO - [2024-10-13T09:06:55.971+0000] {dagbag.py:588} INFO - Filling up the DagBag from /home/airflow/.local/lib/python3.12/site-packages/airflow/example_dags/example_bash_decorator.py
[2024-10-13T09:06:55.985+0000] {processor.py:925} INFO - DAG(s) 'example_bash_decorator' retrieved from /home/airflow/.local/lib/python3.12/site-packages/airflow/example_dags/example_bash_decorator.py
[2024-10-13T09:06:56.012+0000] {logging_mixin.py:190} INFO - [2024-10-13T09:06:56.011+0000] {dag.py:3239} INFO - Sync 1 DAGs
[2024-10-13T09:06:56.028+0000] {logging_mixin.py:190} INFO - [2024-10-13T09:06:56.027+0000] {dag.py:4180} INFO - Setting next_dagrun for example_bash_decorator to None, run_after=None
[2024-10-13T09:06:56.054+0000] {processor.py:208} INFO - Processing /home/airflow/.local/lib/python3.12/site-packages/airflow/example_dags/example_bash_decorator.py took 0.096 seconds
[2024-10-13T09:07:26.560+0000] {processor.py:186} INFO - Started process (PID=699) to work on /home/airflow/.local/lib/python3.12/site-packages/airflow/example_dags/example_bash_decorator.py
[2024-10-13T09:07:26.563+0000] {processor.py:914} INFO - Processing file /home/airflow/.local/lib/python3.12/site-packages/airflow/example_dags/example_bash_decorator.py for tasks to queue
[2024-10-13T09:07:26.568+0000] {logging_mixin.py:190} INFO - [2024-10-13T09:07:26.567+0000] {dagbag.py:588} INFO - Filling up the DagBag from /home/airflow/.local/lib/python3.12/site-packages/airflow/example_dags/example_bash_decorator.py
[2024-10-13T09:07:26.602+0000] {processor.py:925} INFO - DAG(s) 'example_bash_decorator' retrieved from /home/airflow/.local/lib/python3.12/site-packages/airflow/example_dags/example_bash_decorator.py
[2024-10-13T09:07:26.672+0000] {logging_mixin.py:190} INFO - [2024-10-13T09:07:26.671+0000] {dag.py:3239} INFO - Sync 1 DAGs
[2024-10-13T09:07:26.728+0000] {logging_mixin.py:190} INFO - [2024-10-13T09:07:26.728+0000] {dag.py:4180} INFO - Setting next_dagrun for example_bash_decorator to None, run_after=None
[2024-10-13T09:07:26.800+0000] {processor.py:208} INFO - Processing /home/airflow/.local/lib/python3.12/site-packages/airflow/example_dags/example_bash_decorator.py took 0.251 seconds
[2024-10-13T09:07:57.952+0000] {processor.py:186} INFO - Started process (PID=762) to work on /home/airflow/.local/lib/python3.12/site-packages/airflow/example_dags/example_bash_decorator.py
[2024-10-13T09:07:57.956+0000] {processor.py:914} INFO - Processing file /home/airflow/.local/lib/python3.12/site-packages/airflow/example_dags/example_bash_decorator.py for tasks to queue
[2024-10-13T09:07:57.963+0000] {logging_mixin.py:190} INFO - [2024-10-13T09:07:57.962+0000] {dagbag.py:588} INFO - Filling up the DagBag from /home/airflow/.local/lib/python3.12/site-packages/airflow/example_dags/example_bash_decorator.py
[2024-10-13T09:07:57.993+0000] {processor.py:925} INFO - DAG(s) 'example_bash_decorator' retrieved from /home/airflow/.local/lib/python3.12/site-packages/airflow/example_dags/example_bash_decorator.py
[2024-10-13T09:07:58.066+0000] {logging_mixin.py:190} INFO - [2024-10-13T09:07:58.066+0000] {dag.py:3239} INFO - Sync 1 DAGs
[2024-10-13T09:07:58.094+0000] {logging_mixin.py:190} INFO - [2024-10-13T09:07:58.094+0000] {dag.py:4180} INFO - Setting next_dagrun for example_bash_decorator to None, run_after=None
[2024-10-13T09:07:58.146+0000] {processor.py:208} INFO - Processing /home/airflow/.local/lib/python3.12/site-packages/airflow/example_dags/example_bash_decorator.py took 0.209 seconds
[2024-10-13T09:08:29.382+0000] {processor.py:186} INFO - Started process (PID=828) to work on /home/airflow/.local/lib/python3.12/site-packages/airflow/example_dags/example_bash_decorator.py
[2024-10-13T09:08:29.386+0000] {processor.py:914} INFO - Processing file /home/airflow/.local/lib/python3.12/site-packages/airflow/example_dags/example_bash_decorator.py for tasks to queue
[2024-10-13T09:08:29.392+0000] {logging_mixin.py:190} INFO - [2024-10-13T09:08:29.391+0000] {dagbag.py:588} INFO - Filling up the DagBag from /home/airflow/.local/lib/python3.12/site-packages/airflow/example_dags/example_bash_decorator.py
[2024-10-13T09:08:29.444+0000] {processor.py:925} INFO - DAG(s) 'example_bash_decorator' retrieved from /home/airflow/.local/lib/python3.12/site-packages/airflow/example_dags/example_bash_decorator.py
[2024-10-13T09:08:29.514+0000] {logging_mixin.py:190} INFO - [2024-10-13T09:08:29.513+0000] {dag.py:3239} INFO - Sync 1 DAGs
[2024-10-13T09:08:29.559+0000] {logging_mixin.py:190} INFO - [2024-10-13T09:08:29.558+0000] {dag.py:4180} INFO - Setting next_dagrun for example_bash_decorator to None, run_after=None
[2024-10-13T09:08:29.640+0000] {processor.py:208} INFO - Processing /home/airflow/.local/lib/python3.12/site-packages/airflow/example_dags/example_bash_decorator.py took 0.277 seconds
[2024-10-13T09:09:01.333+0000] {processor.py:186} INFO - Started process (PID=892) to work on /home/airflow/.local/lib/python3.12/site-packages/airflow/example_dags/example_bash_decorator.py
[2024-10-13T09:09:01.337+0000] {processor.py:914} INFO - Processing file /home/airflow/.local/lib/python3.12/site-packages/airflow/example_dags/example_bash_decorator.py for tasks to queue
[2024-10-13T09:09:01.345+0000] {logging_mixin.py:190} INFO - [2024-10-13T09:09:01.344+0000] {dagbag.py:588} INFO - Filling up the DagBag from /home/airflow/.local/lib/python3.12/site-packages/airflow/example_dags/example_bash_decorator.py
[2024-10-13T09:09:01.433+0000] {processor.py:925} INFO - DAG(s) 'example_bash_decorator' retrieved from /home/airflow/.local/lib/python3.12/site-packages/airflow/example_dags/example_bash_decorator.py
[2024-10-13T09:09:01.514+0000] {logging_mixin.py:190} INFO - [2024-10-13T09:09:01.513+0000] {dag.py:3239} INFO - Sync 1 DAGs
[2024-10-13T09:09:01.576+0000] {logging_mixin.py:190} INFO - [2024-10-13T09:09:01.576+0000] {dag.py:4180} INFO - Setting next_dagrun for example_bash_decorator to None, run_after=None
[2024-10-13T09:09:01.668+0000] {processor.py:208} INFO - Processing /home/airflow/.local/lib/python3.12/site-packages/airflow/example_dags/example_bash_decorator.py took 0.353 seconds
[2024-10-13T09:09:32.311+0000] {processor.py:186} INFO - Started process (PID=955) to work on /home/airflow/.local/lib/python3.12/site-packages/airflow/example_dags/example_bash_decorator.py
[2024-10-13T09:09:32.317+0000] {processor.py:914} INFO - Processing file /home/airflow/.local/lib/python3.12/site-packages/airflow/example_dags/example_bash_decorator.py for tasks to queue
[2024-10-13T09:09:32.327+0000] {logging_mixin.py:190} INFO - [2024-10-13T09:09:32.326+0000] {dagbag.py:588} INFO - Filling up the DagBag from /home/airflow/.local/lib/python3.12/site-packages/airflow/example_dags/example_bash_decorator.py
[2024-10-13T09:09:32.382+0000] {processor.py:925} INFO - DAG(s) 'example_bash_decorator' retrieved from /home/airflow/.local/lib/python3.12/site-packages/airflow/example_dags/example_bash_decorator.py
[2024-10-13T09:09:32.465+0000] {logging_mixin.py:190} INFO - [2024-10-13T09:09:32.465+0000] {dag.py:3239} INFO - Sync 1 DAGs
[2024-10-13T09:09:32.543+0000] {logging_mixin.py:190} INFO - [2024-10-13T09:09:32.542+0000] {dag.py:4180} INFO - Setting next_dagrun for example_bash_decorator to None, run_after=None
[2024-10-13T09:09:32.652+0000] {processor.py:208} INFO - Processing /home/airflow/.local/lib/python3.12/site-packages/airflow/example_dags/example_bash_decorator.py took 0.360 seconds
[2024-10-13T09:10:02.799+0000] {processor.py:186} INFO - Started process (PID=1018) to work on /home/airflow/.local/lib/python3.12/site-packages/airflow/example_dags/example_bash_decorator.py
[2024-10-13T09:10:02.801+0000] {processor.py:914} INFO - Processing file /home/airflow/.local/lib/python3.12/site-packages/airflow/example_dags/example_bash_decorator.py for tasks to queue
[2024-10-13T09:10:02.803+0000] {logging_mixin.py:190} INFO - [2024-10-13T09:10:02.803+0000] {dagbag.py:588} INFO - Filling up the DagBag from /home/airflow/.local/lib/python3.12/site-packages/airflow/example_dags/example_bash_decorator.py
[2024-10-13T09:10:02.822+0000] {processor.py:925} INFO - DAG(s) 'example_bash_decorator' retrieved from /home/airflow/.local/lib/python3.12/site-packages/airflow/example_dags/example_bash_decorator.py
[2024-10-13T09:10:02.852+0000] {logging_mixin.py:190} INFO - [2024-10-13T09:10:02.851+0000] {dag.py:3239} INFO - Sync 1 DAGs
[2024-10-13T09:10:02.877+0000] {logging_mixin.py:190} INFO - [2024-10-13T09:10:02.877+0000] {dag.py:4180} INFO - Setting next_dagrun for example_bash_decorator to None, run_after=None
[2024-10-13T09:10:02.903+0000] {processor.py:208} INFO - Processing /home/airflow/.local/lib/python3.12/site-packages/airflow/example_dags/example_bash_decorator.py took 0.110 seconds
[2024-10-13T09:10:33.056+0000] {processor.py:186} INFO - Started process (PID=1081) to work on /home/airflow/.local/lib/python3.12/site-packages/airflow/example_dags/example_bash_decorator.py
[2024-10-13T09:10:33.058+0000] {processor.py:914} INFO - Processing file /home/airflow/.local/lib/python3.12/site-packages/airflow/example_dags/example_bash_decorator.py for tasks to queue
[2024-10-13T09:10:33.061+0000] {logging_mixin.py:190} INFO - [2024-10-13T09:10:33.060+0000] {dagbag.py:588} INFO - Filling up the DagBag from /home/airflow/.local/lib/python3.12/site-packages/airflow/example_dags/example_bash_decorator.py
[2024-10-13T09:10:33.081+0000] {processor.py:925} INFO - DAG(s) 'example_bash_decorator' retrieved from /home/airflow/.local/lib/python3.12/site-packages/airflow/example_dags/example_bash_decorator.py
[2024-10-13T09:10:33.112+0000] {logging_mixin.py:190} INFO - [2024-10-13T09:10:33.111+0000] {dag.py:3239} INFO - Sync 1 DAGs
[2024-10-13T09:10:33.137+0000] {logging_mixin.py:190} INFO - [2024-10-13T09:10:33.137+0000] {dag.py:4180} INFO - Setting next_dagrun for example_bash_decorator to None, run_after=None
[2024-10-13T09:10:33.171+0000] {processor.py:208} INFO - Processing /home/airflow/.local/lib/python3.12/site-packages/airflow/example_dags/example_bash_decorator.py took 0.122 seconds
[2024-10-13T09:11:03.375+0000] {processor.py:186} INFO - Started process (PID=1144) to work on /home/airflow/.local/lib/python3.12/site-packages/airflow/example_dags/example_bash_decorator.py
[2024-10-13T09:11:03.377+0000] {processor.py:914} INFO - Processing file /home/airflow/.local/lib/python3.12/site-packages/airflow/example_dags/example_bash_decorator.py for tasks to queue
[2024-10-13T09:11:03.381+0000] {logging_mixin.py:190} INFO - [2024-10-13T09:11:03.381+0000] {dagbag.py:588} INFO - Filling up the DagBag from /home/airflow/.local/lib/python3.12/site-packages/airflow/example_dags/example_bash_decorator.py
[2024-10-13T09:11:03.403+0000] {processor.py:925} INFO - DAG(s) 'example_bash_decorator' retrieved from /home/airflow/.local/lib/python3.12/site-packages/airflow/example_dags/example_bash_decorator.py
[2024-10-13T09:11:03.433+0000] {logging_mixin.py:190} INFO - [2024-10-13T09:11:03.433+0000] {dag.py:3239} INFO - Sync 1 DAGs
[2024-10-13T09:11:03.450+0000] {logging_mixin.py:190} INFO - [2024-10-13T09:11:03.450+0000] {dag.py:4180} INFO - Setting next_dagrun for example_bash_decorator to None, run_after=None
[2024-10-13T09:11:03.517+0000] {processor.py:208} INFO - Processing /home/airflow/.local/lib/python3.12/site-packages/airflow/example_dags/example_bash_decorator.py took 0.152 seconds
[2024-10-13T09:11:33.801+0000] {processor.py:186} INFO - Started process (PID=1207) to work on /home/airflow/.local/lib/python3.12/site-packages/airflow/example_dags/example_bash_decorator.py
[2024-10-13T09:11:33.802+0000] {processor.py:914} INFO - Processing file /home/airflow/.local/lib/python3.12/site-packages/airflow/example_dags/example_bash_decorator.py for tasks to queue
[2024-10-13T09:11:33.804+0000] {logging_mixin.py:190} INFO - [2024-10-13T09:11:33.804+0000] {dagbag.py:588} INFO - Filling up the DagBag from /home/airflow/.local/lib/python3.12/site-packages/airflow/example_dags/example_bash_decorator.py
[2024-10-13T09:11:33.815+0000] {processor.py:925} INFO - DAG(s) 'example_bash_decorator' retrieved from /home/airflow/.local/lib/python3.12/site-packages/airflow/example_dags/example_bash_decorator.py
[2024-10-13T09:11:33.839+0000] {logging_mixin.py:190} INFO - [2024-10-13T09:11:33.839+0000] {dag.py:3239} INFO - Sync 1 DAGs
[2024-10-13T09:11:33.853+0000] {logging_mixin.py:190} INFO - [2024-10-13T09:11:33.853+0000] {dag.py:4180} INFO - Setting next_dagrun for example_bash_decorator to None, run_after=None
[2024-10-13T09:11:33.878+0000] {processor.py:208} INFO - Processing /home/airflow/.local/lib/python3.12/site-packages/airflow/example_dags/example_bash_decorator.py took 0.082 seconds
[2024-10-13T09:12:04.774+0000] {processor.py:186} INFO - Started process (PID=1270) to work on /home/airflow/.local/lib/python3.12/site-packages/airflow/example_dags/example_bash_decorator.py
[2024-10-13T09:12:04.775+0000] {processor.py:914} INFO - Processing file /home/airflow/.local/lib/python3.12/site-packages/airflow/example_dags/example_bash_decorator.py for tasks to queue
[2024-10-13T09:12:04.778+0000] {logging_mixin.py:190} INFO - [2024-10-13T09:12:04.777+0000] {dagbag.py:588} INFO - Filling up the DagBag from /home/airflow/.local/lib/python3.12/site-packages/airflow/example_dags/example_bash_decorator.py
[2024-10-13T09:12:04.795+0000] {processor.py:925} INFO - DAG(s) 'example_bash_decorator' retrieved from /home/airflow/.local/lib/python3.12/site-packages/airflow/example_dags/example_bash_decorator.py
[2024-10-13T09:12:04.818+0000] {logging_mixin.py:190} INFO - [2024-10-13T09:12:04.818+0000] {dag.py:3239} INFO - Sync 1 DAGs
[2024-10-13T09:12:04.831+0000] {logging_mixin.py:190} INFO - [2024-10-13T09:12:04.831+0000] {dag.py:4180} INFO - Setting next_dagrun for example_bash_decorator to None, run_after=None
[2024-10-13T09:12:04.858+0000] {processor.py:208} INFO - Processing /home/airflow/.local/lib/python3.12/site-packages/airflow/example_dags/example_bash_decorator.py took 0.090 seconds
[2024-10-13T09:12:35.622+0000] {processor.py:186} INFO - Started process (PID=1333) to work on /home/airflow/.local/lib/python3.12/site-packages/airflow/example_dags/example_bash_decorator.py
[2024-10-13T09:12:35.623+0000] {processor.py:914} INFO - Processing file /home/airflow/.local/lib/python3.12/site-packages/airflow/example_dags/example_bash_decorator.py for tasks to queue
[2024-10-13T09:12:35.628+0000] {logging_mixin.py:190} INFO - [2024-10-13T09:12:35.627+0000] {dagbag.py:588} INFO - Filling up the DagBag from /home/airflow/.local/lib/python3.12/site-packages/airflow/example_dags/example_bash_decorator.py
[2024-10-13T09:12:35.653+0000] {processor.py:925} INFO - DAG(s) 'example_bash_decorator' retrieved from /home/airflow/.local/lib/python3.12/site-packages/airflow/example_dags/example_bash_decorator.py
[2024-10-13T09:12:35.691+0000] {logging_mixin.py:190} INFO - [2024-10-13T09:12:35.690+0000] {dag.py:3239} INFO - Sync 1 DAGs
[2024-10-13T09:12:35.719+0000] {logging_mixin.py:190} INFO - [2024-10-13T09:12:35.719+0000] {dag.py:4180} INFO - Setting next_dagrun for example_bash_decorator to None, run_after=None
[2024-10-13T09:12:35.757+0000] {processor.py:208} INFO - Processing /home/airflow/.local/lib/python3.12/site-packages/airflow/example_dags/example_bash_decorator.py took 0.146 seconds
[2024-10-13T09:13:15.353+0000] {processor.py:186} INFO - Started process (PID=1407) to work on /home/airflow/.local/lib/python3.12/site-packages/airflow/example_dags/example_bash_decorator.py
[2024-10-13T09:13:15.357+0000] {processor.py:914} INFO - Processing file /home/airflow/.local/lib/python3.12/site-packages/airflow/example_dags/example_bash_decorator.py for tasks to queue
[2024-10-13T09:13:15.368+0000] {logging_mixin.py:190} INFO - [2024-10-13T09:13:15.363+0000] {dagbag.py:588} INFO - Filling up the DagBag from /home/airflow/.local/lib/python3.12/site-packages/airflow/example_dags/example_bash_decorator.py
[2024-10-13T09:13:15.428+0000] {processor.py:925} INFO - DAG(s) 'example_bash_decorator' retrieved from /home/airflow/.local/lib/python3.12/site-packages/airflow/example_dags/example_bash_decorator.py
[2024-10-13T09:13:15.540+0000] {logging_mixin.py:190} INFO - [2024-10-13T09:13:15.539+0000] {dag.py:3239} INFO - Sync 1 DAGs
[2024-10-13T09:13:15.593+0000] {logging_mixin.py:190} INFO - [2024-10-13T09:13:15.593+0000] {dag.py:4180} INFO - Setting next_dagrun for example_bash_decorator to None, run_after=None
[2024-10-13T09:13:15.695+0000] {processor.py:208} INFO - Processing /home/airflow/.local/lib/python3.12/site-packages/airflow/example_dags/example_bash_decorator.py took 0.382 seconds
[2024-10-13T09:13:46.018+0000] {processor.py:186} INFO - Started process (PID=1470) to work on /home/airflow/.local/lib/python3.12/site-packages/airflow/example_dags/example_bash_decorator.py
[2024-10-13T09:13:46.021+0000] {processor.py:914} INFO - Processing file /home/airflow/.local/lib/python3.12/site-packages/airflow/example_dags/example_bash_decorator.py for tasks to queue
[2024-10-13T09:13:46.026+0000] {logging_mixin.py:190} INFO - [2024-10-13T09:13:46.025+0000] {dagbag.py:588} INFO - Filling up the DagBag from /home/airflow/.local/lib/python3.12/site-packages/airflow/example_dags/example_bash_decorator.py
[2024-10-13T09:13:46.056+0000] {processor.py:925} INFO - DAG(s) 'example_bash_decorator' retrieved from /home/airflow/.local/lib/python3.12/site-packages/airflow/example_dags/example_bash_decorator.py
[2024-10-13T09:13:46.102+0000] {logging_mixin.py:190} INFO - [2024-10-13T09:13:46.102+0000] {dag.py:3239} INFO - Sync 1 DAGs
[2024-10-13T09:13:46.124+0000] {logging_mixin.py:190} INFO - [2024-10-13T09:13:46.124+0000] {dag.py:4180} INFO - Setting next_dagrun for example_bash_decorator to None, run_after=None
[2024-10-13T09:13:46.167+0000] {processor.py:208} INFO - Processing /home/airflow/.local/lib/python3.12/site-packages/airflow/example_dags/example_bash_decorator.py took 0.161 seconds
[2024-10-13T09:14:16.360+0000] {processor.py:186} INFO - Started process (PID=1533) to work on /home/airflow/.local/lib/python3.12/site-packages/airflow/example_dags/example_bash_decorator.py
[2024-10-13T09:14:16.363+0000] {processor.py:914} INFO - Processing file /home/airflow/.local/lib/python3.12/site-packages/airflow/example_dags/example_bash_decorator.py for tasks to queue
[2024-10-13T09:14:16.367+0000] {logging_mixin.py:190} INFO - [2024-10-13T09:14:16.367+0000] {dagbag.py:588} INFO - Filling up the DagBag from /home/airflow/.local/lib/python3.12/site-packages/airflow/example_dags/example_bash_decorator.py
[2024-10-13T09:14:16.398+0000] {processor.py:925} INFO - DAG(s) 'example_bash_decorator' retrieved from /home/airflow/.local/lib/python3.12/site-packages/airflow/example_dags/example_bash_decorator.py
[2024-10-13T09:14:16.456+0000] {logging_mixin.py:190} INFO - [2024-10-13T09:14:16.456+0000] {dag.py:3239} INFO - Sync 1 DAGs
[2024-10-13T09:14:16.478+0000] {logging_mixin.py:190} INFO - [2024-10-13T09:14:16.477+0000] {dag.py:4180} INFO - Setting next_dagrun for example_bash_decorator to None, run_after=None
[2024-10-13T09:14:16.510+0000] {processor.py:208} INFO - Processing /home/airflow/.local/lib/python3.12/site-packages/airflow/example_dags/example_bash_decorator.py took 0.158 seconds
[2024-10-13T09:14:46.834+0000] {processor.py:186} INFO - Started process (PID=1596) to work on /home/airflow/.local/lib/python3.12/site-packages/airflow/example_dags/example_bash_decorator.py
[2024-10-13T09:14:46.838+0000] {processor.py:914} INFO - Processing file /home/airflow/.local/lib/python3.12/site-packages/airflow/example_dags/example_bash_decorator.py for tasks to queue
[2024-10-13T09:14:46.842+0000] {logging_mixin.py:190} INFO - [2024-10-13T09:14:46.842+0000] {dagbag.py:588} INFO - Filling up the DagBag from /home/airflow/.local/lib/python3.12/site-packages/airflow/example_dags/example_bash_decorator.py
[2024-10-13T09:14:46.877+0000] {processor.py:925} INFO - DAG(s) 'example_bash_decorator' retrieved from /home/airflow/.local/lib/python3.12/site-packages/airflow/example_dags/example_bash_decorator.py
[2024-10-13T09:14:46.926+0000] {logging_mixin.py:190} INFO - [2024-10-13T09:14:46.926+0000] {dag.py:3239} INFO - Sync 1 DAGs
[2024-10-13T09:14:46.963+0000] {logging_mixin.py:190} INFO - [2024-10-13T09:14:46.962+0000] {dag.py:4180} INFO - Setting next_dagrun for example_bash_decorator to None, run_after=None
[2024-10-13T09:14:47.024+0000] {processor.py:208} INFO - Processing /home/airflow/.local/lib/python3.12/site-packages/airflow/example_dags/example_bash_decorator.py took 0.208 seconds
[2024-10-13T09:15:17.466+0000] {processor.py:186} INFO - Started process (PID=1666) to work on /home/airflow/.local/lib/python3.12/site-packages/airflow/example_dags/example_bash_decorator.py
[2024-10-13T09:15:17.467+0000] {processor.py:914} INFO - Processing file /home/airflow/.local/lib/python3.12/site-packages/airflow/example_dags/example_bash_decorator.py for tasks to queue
[2024-10-13T09:15:17.474+0000] {logging_mixin.py:190} INFO - [2024-10-13T09:15:17.473+0000] {dagbag.py:588} INFO - Filling up the DagBag from /home/airflow/.local/lib/python3.12/site-packages/airflow/example_dags/example_bash_decorator.py
[2024-10-13T09:15:17.493+0000] {processor.py:925} INFO - DAG(s) 'example_bash_decorator' retrieved from /home/airflow/.local/lib/python3.12/site-packages/airflow/example_dags/example_bash_decorator.py
[2024-10-13T09:15:17.520+0000] {logging_mixin.py:190} INFO - [2024-10-13T09:15:17.519+0000] {dag.py:3239} INFO - Sync 1 DAGs
[2024-10-13T09:15:17.535+0000] {logging_mixin.py:190} INFO - [2024-10-13T09:15:17.535+0000] {dag.py:4180} INFO - Setting next_dagrun for example_bash_decorator to None, run_after=None
[2024-10-13T09:15:17.561+0000] {processor.py:208} INFO - Processing /home/airflow/.local/lib/python3.12/site-packages/airflow/example_dags/example_bash_decorator.py took 0.102 seconds
[2024-10-13T09:15:48.312+0000] {processor.py:186} INFO - Started process (PID=1728) to work on /home/airflow/.local/lib/python3.12/site-packages/airflow/example_dags/example_bash_decorator.py
[2024-10-13T09:15:48.315+0000] {processor.py:914} INFO - Processing file /home/airflow/.local/lib/python3.12/site-packages/airflow/example_dags/example_bash_decorator.py for tasks to queue
[2024-10-13T09:15:48.318+0000] {logging_mixin.py:190} INFO - [2024-10-13T09:15:48.318+0000] {dagbag.py:588} INFO - Filling up the DagBag from /home/airflow/.local/lib/python3.12/site-packages/airflow/example_dags/example_bash_decorator.py
[2024-10-13T09:15:48.338+0000] {processor.py:925} INFO - DAG(s) 'example_bash_decorator' retrieved from /home/airflow/.local/lib/python3.12/site-packages/airflow/example_dags/example_bash_decorator.py
[2024-10-13T09:15:48.370+0000] {logging_mixin.py:190} INFO - [2024-10-13T09:15:48.370+0000] {dag.py:3239} INFO - Sync 1 DAGs
[2024-10-13T09:15:48.391+0000] {logging_mixin.py:190} INFO - [2024-10-13T09:15:48.390+0000] {dag.py:4180} INFO - Setting next_dagrun for example_bash_decorator to None, run_after=None
[2024-10-13T09:15:48.447+0000] {processor.py:208} INFO - Processing /home/airflow/.local/lib/python3.12/site-packages/airflow/example_dags/example_bash_decorator.py took 0.143 seconds
[2024-10-13T09:16:19.280+0000] {processor.py:186} INFO - Started process (PID=1792) to work on /home/airflow/.local/lib/python3.12/site-packages/airflow/example_dags/example_bash_decorator.py
[2024-10-13T09:16:19.283+0000] {processor.py:914} INFO - Processing file /home/airflow/.local/lib/python3.12/site-packages/airflow/example_dags/example_bash_decorator.py for tasks to queue
[2024-10-13T09:16:19.289+0000] {logging_mixin.py:190} INFO - [2024-10-13T09:16:19.288+0000] {dagbag.py:588} INFO - Filling up the DagBag from /home/airflow/.local/lib/python3.12/site-packages/airflow/example_dags/example_bash_decorator.py
[2024-10-13T09:16:19.319+0000] {processor.py:925} INFO - DAG(s) 'example_bash_decorator' retrieved from /home/airflow/.local/lib/python3.12/site-packages/airflow/example_dags/example_bash_decorator.py
[2024-10-13T09:16:19.384+0000] {logging_mixin.py:190} INFO - [2024-10-13T09:16:19.383+0000] {dag.py:3239} INFO - Sync 1 DAGs
[2024-10-13T09:16:19.422+0000] {logging_mixin.py:190} INFO - [2024-10-13T09:16:19.421+0000] {dag.py:4180} INFO - Setting next_dagrun for example_bash_decorator to None, run_after=None
[2024-10-13T09:16:19.474+0000] {processor.py:208} INFO - Processing /home/airflow/.local/lib/python3.12/site-packages/airflow/example_dags/example_bash_decorator.py took 0.203 seconds
[2024-10-13T09:16:49.775+0000] {processor.py:186} INFO - Started process (PID=1855) to work on /home/airflow/.local/lib/python3.12/site-packages/airflow/example_dags/example_bash_decorator.py
[2024-10-13T09:16:49.777+0000] {processor.py:914} INFO - Processing file /home/airflow/.local/lib/python3.12/site-packages/airflow/example_dags/example_bash_decorator.py for tasks to queue
[2024-10-13T09:16:49.780+0000] {logging_mixin.py:190} INFO - [2024-10-13T09:16:49.780+0000] {dagbag.py:588} INFO - Filling up the DagBag from /home/airflow/.local/lib/python3.12/site-packages/airflow/example_dags/example_bash_decorator.py
[2024-10-13T09:16:49.795+0000] {processor.py:925} INFO - DAG(s) 'example_bash_decorator' retrieved from /home/airflow/.local/lib/python3.12/site-packages/airflow/example_dags/example_bash_decorator.py
[2024-10-13T09:16:49.818+0000] {logging_mixin.py:190} INFO - [2024-10-13T09:16:49.818+0000] {dag.py:3239} INFO - Sync 1 DAGs
[2024-10-13T09:16:49.832+0000] {logging_mixin.py:190} INFO - [2024-10-13T09:16:49.832+0000] {dag.py:4180} INFO - Setting next_dagrun for example_bash_decorator to None, run_after=None
[2024-10-13T09:16:49.860+0000] {processor.py:208} INFO - Processing /home/airflow/.local/lib/python3.12/site-packages/airflow/example_dags/example_bash_decorator.py took 0.090 seconds
[2024-10-13T09:17:20.602+0000] {processor.py:186} INFO - Started process (PID=1917) to work on /home/airflow/.local/lib/python3.12/site-packages/airflow/example_dags/example_bash_decorator.py
[2024-10-13T09:17:20.604+0000] {processor.py:914} INFO - Processing file /home/airflow/.local/lib/python3.12/site-packages/airflow/example_dags/example_bash_decorator.py for tasks to queue
[2024-10-13T09:17:20.607+0000] {logging_mixin.py:190} INFO - [2024-10-13T09:17:20.606+0000] {dagbag.py:588} INFO - Filling up the DagBag from /home/airflow/.local/lib/python3.12/site-packages/airflow/example_dags/example_bash_decorator.py
[2024-10-13T09:17:20.624+0000] {processor.py:925} INFO - DAG(s) 'example_bash_decorator' retrieved from /home/airflow/.local/lib/python3.12/site-packages/airflow/example_dags/example_bash_decorator.py
[2024-10-13T09:17:20.650+0000] {logging_mixin.py:190} INFO - [2024-10-13T09:17:20.649+0000] {dag.py:3239} INFO - Sync 1 DAGs
[2024-10-13T09:17:20.669+0000] {logging_mixin.py:190} INFO - [2024-10-13T09:17:20.669+0000] {dag.py:4180} INFO - Setting next_dagrun for example_bash_decorator to None, run_after=None
[2024-10-13T09:17:20.724+0000] {processor.py:208} INFO - Processing /home/airflow/.local/lib/python3.12/site-packages/airflow/example_dags/example_bash_decorator.py took 0.127 seconds
[2024-10-13T09:17:51.620+0000] {processor.py:186} INFO - Started process (PID=1980) to work on /home/airflow/.local/lib/python3.12/site-packages/airflow/example_dags/example_bash_decorator.py
[2024-10-13T09:17:51.622+0000] {processor.py:914} INFO - Processing file /home/airflow/.local/lib/python3.12/site-packages/airflow/example_dags/example_bash_decorator.py for tasks to queue
[2024-10-13T09:17:51.629+0000] {logging_mixin.py:190} INFO - [2024-10-13T09:17:51.629+0000] {dagbag.py:588} INFO - Filling up the DagBag from /home/airflow/.local/lib/python3.12/site-packages/airflow/example_dags/example_bash_decorator.py
[2024-10-13T09:17:51.648+0000] {processor.py:925} INFO - DAG(s) 'example_bash_decorator' retrieved from /home/airflow/.local/lib/python3.12/site-packages/airflow/example_dags/example_bash_decorator.py
[2024-10-13T09:17:51.677+0000] {logging_mixin.py:190} INFO - [2024-10-13T09:17:51.677+0000] {dag.py:3239} INFO - Sync 1 DAGs
[2024-10-13T09:17:51.738+0000] {logging_mixin.py:190} INFO - [2024-10-13T09:17:51.738+0000] {dag.py:4180} INFO - Setting next_dagrun for example_bash_decorator to None, run_after=None
[2024-10-13T09:17:51.776+0000] {processor.py:208} INFO - Processing /home/airflow/.local/lib/python3.12/site-packages/airflow/example_dags/example_bash_decorator.py took 0.161 seconds
[2024-10-13T09:18:22.626+0000] {processor.py:186} INFO - Started process (PID=2043) to work on /home/airflow/.local/lib/python3.12/site-packages/airflow/example_dags/example_bash_decorator.py
[2024-10-13T09:18:22.627+0000] {processor.py:914} INFO - Processing file /home/airflow/.local/lib/python3.12/site-packages/airflow/example_dags/example_bash_decorator.py for tasks to queue
[2024-10-13T09:18:22.629+0000] {logging_mixin.py:190} INFO - [2024-10-13T09:18:22.628+0000] {dagbag.py:588} INFO - Filling up the DagBag from /home/airflow/.local/lib/python3.12/site-packages/airflow/example_dags/example_bash_decorator.py
[2024-10-13T09:18:22.645+0000] {processor.py:925} INFO - DAG(s) 'example_bash_decorator' retrieved from /home/airflow/.local/lib/python3.12/site-packages/airflow/example_dags/example_bash_decorator.py
[2024-10-13T09:18:22.671+0000] {logging_mixin.py:190} INFO - [2024-10-13T09:18:22.671+0000] {dag.py:3239} INFO - Sync 1 DAGs
[2024-10-13T09:18:22.684+0000] {logging_mixin.py:190} INFO - [2024-10-13T09:18:22.683+0000] {dag.py:4180} INFO - Setting next_dagrun for example_bash_decorator to None, run_after=None
[2024-10-13T09:18:22.709+0000] {processor.py:208} INFO - Processing /home/airflow/.local/lib/python3.12/site-packages/airflow/example_dags/example_bash_decorator.py took 0.089 seconds
[2024-10-13T09:18:52.898+0000] {processor.py:186} INFO - Started process (PID=2106) to work on /home/airflow/.local/lib/python3.12/site-packages/airflow/example_dags/example_bash_decorator.py
[2024-10-13T09:18:52.899+0000] {processor.py:914} INFO - Processing file /home/airflow/.local/lib/python3.12/site-packages/airflow/example_dags/example_bash_decorator.py for tasks to queue
[2024-10-13T09:18:52.902+0000] {logging_mixin.py:190} INFO - [2024-10-13T09:18:52.901+0000] {dagbag.py:588} INFO - Filling up the DagBag from /home/airflow/.local/lib/python3.12/site-packages/airflow/example_dags/example_bash_decorator.py
[2024-10-13T09:18:52.914+0000] {processor.py:925} INFO - DAG(s) 'example_bash_decorator' retrieved from /home/airflow/.local/lib/python3.12/site-packages/airflow/example_dags/example_bash_decorator.py
[2024-10-13T09:18:52.936+0000] {logging_mixin.py:190} INFO - [2024-10-13T09:18:52.935+0000] {dag.py:3239} INFO - Sync 1 DAGs
[2024-10-13T09:18:52.948+0000] {logging_mixin.py:190} INFO - [2024-10-13T09:18:52.948+0000] {dag.py:4180} INFO - Setting next_dagrun for example_bash_decorator to None, run_after=None
[2024-10-13T09:18:52.968+0000] {processor.py:208} INFO - Processing /home/airflow/.local/lib/python3.12/site-packages/airflow/example_dags/example_bash_decorator.py took 0.075 seconds
[2024-10-13T09:19:23.412+0000] {processor.py:186} INFO - Started process (PID=2169) to work on /home/airflow/.local/lib/python3.12/site-packages/airflow/example_dags/example_bash_decorator.py
[2024-10-13T09:19:23.414+0000] {processor.py:914} INFO - Processing file /home/airflow/.local/lib/python3.12/site-packages/airflow/example_dags/example_bash_decorator.py for tasks to queue
[2024-10-13T09:19:23.419+0000] {logging_mixin.py:190} INFO - [2024-10-13T09:19:23.418+0000] {dagbag.py:588} INFO - Filling up the DagBag from /home/airflow/.local/lib/python3.12/site-packages/airflow/example_dags/example_bash_decorator.py
[2024-10-13T09:19:23.436+0000] {processor.py:925} INFO - DAG(s) 'example_bash_decorator' retrieved from /home/airflow/.local/lib/python3.12/site-packages/airflow/example_dags/example_bash_decorator.py
[2024-10-13T09:19:23.474+0000] {logging_mixin.py:190} INFO - [2024-10-13T09:19:23.474+0000] {dag.py:3239} INFO - Sync 1 DAGs
[2024-10-13T09:19:23.501+0000] {logging_mixin.py:190} INFO - [2024-10-13T09:19:23.501+0000] {dag.py:4180} INFO - Setting next_dagrun for example_bash_decorator to None, run_after=None
[2024-10-13T09:19:23.537+0000] {processor.py:208} INFO - Processing /home/airflow/.local/lib/python3.12/site-packages/airflow/example_dags/example_bash_decorator.py took 0.132 seconds
[2024-10-13T09:19:53.736+0000] {processor.py:186} INFO - Started process (PID=2233) to work on /home/airflow/.local/lib/python3.12/site-packages/airflow/example_dags/example_bash_decorator.py
[2024-10-13T09:19:53.737+0000] {processor.py:914} INFO - Processing file /home/airflow/.local/lib/python3.12/site-packages/airflow/example_dags/example_bash_decorator.py for tasks to queue
[2024-10-13T09:19:53.740+0000] {logging_mixin.py:190} INFO - [2024-10-13T09:19:53.740+0000] {dagbag.py:588} INFO - Filling up the DagBag from /home/airflow/.local/lib/python3.12/site-packages/airflow/example_dags/example_bash_decorator.py
[2024-10-13T09:19:53.753+0000] {processor.py:925} INFO - DAG(s) 'example_bash_decorator' retrieved from /home/airflow/.local/lib/python3.12/site-packages/airflow/example_dags/example_bash_decorator.py
[2024-10-13T09:19:53.794+0000] {logging_mixin.py:190} INFO - [2024-10-13T09:19:53.794+0000] {dag.py:3239} INFO - Sync 1 DAGs
[2024-10-13T09:19:53.810+0000] {logging_mixin.py:190} INFO - [2024-10-13T09:19:53.810+0000] {dag.py:4180} INFO - Setting next_dagrun for example_bash_decorator to None, run_after=None
[2024-10-13T09:19:53.835+0000] {processor.py:208} INFO - Processing /home/airflow/.local/lib/python3.12/site-packages/airflow/example_dags/example_bash_decorator.py took 0.104 seconds
[2024-10-13T09:20:23.973+0000] {processor.py:186} INFO - Started process (PID=2296) to work on /home/airflow/.local/lib/python3.12/site-packages/airflow/example_dags/example_bash_decorator.py
[2024-10-13T09:20:23.975+0000] {processor.py:914} INFO - Processing file /home/airflow/.local/lib/python3.12/site-packages/airflow/example_dags/example_bash_decorator.py for tasks to queue
[2024-10-13T09:20:23.977+0000] {logging_mixin.py:190} INFO - [2024-10-13T09:20:23.977+0000] {dagbag.py:588} INFO - Filling up the DagBag from /home/airflow/.local/lib/python3.12/site-packages/airflow/example_dags/example_bash_decorator.py
[2024-10-13T09:20:23.993+0000] {processor.py:925} INFO - DAG(s) 'example_bash_decorator' retrieved from /home/airflow/.local/lib/python3.12/site-packages/airflow/example_dags/example_bash_decorator.py
[2024-10-13T09:20:24.019+0000] {logging_mixin.py:190} INFO - [2024-10-13T09:20:24.019+0000] {dag.py:3239} INFO - Sync 1 DAGs
[2024-10-13T09:20:24.033+0000] {logging_mixin.py:190} INFO - [2024-10-13T09:20:24.032+0000] {dag.py:4180} INFO - Setting next_dagrun for example_bash_decorator to None, run_after=None
[2024-10-13T09:20:24.048+0000] {processor.py:208} INFO - Processing /home/airflow/.local/lib/python3.12/site-packages/airflow/example_dags/example_bash_decorator.py took 0.081 seconds
[2024-10-13T09:20:54.790+0000] {processor.py:186} INFO - Started process (PID=2358) to work on /home/airflow/.local/lib/python3.12/site-packages/airflow/example_dags/example_bash_decorator.py
[2024-10-13T09:20:54.791+0000] {processor.py:914} INFO - Processing file /home/airflow/.local/lib/python3.12/site-packages/airflow/example_dags/example_bash_decorator.py for tasks to queue
[2024-10-13T09:20:54.793+0000] {logging_mixin.py:190} INFO - [2024-10-13T09:20:54.793+0000] {dagbag.py:588} INFO - Filling up the DagBag from /home/airflow/.local/lib/python3.12/site-packages/airflow/example_dags/example_bash_decorator.py
[2024-10-13T09:20:54.805+0000] {processor.py:925} INFO - DAG(s) 'example_bash_decorator' retrieved from /home/airflow/.local/lib/python3.12/site-packages/airflow/example_dags/example_bash_decorator.py
[2024-10-13T09:20:54.827+0000] {logging_mixin.py:190} INFO - [2024-10-13T09:20:54.826+0000] {dag.py:3239} INFO - Sync 1 DAGs
[2024-10-13T09:20:54.844+0000] {logging_mixin.py:190} INFO - [2024-10-13T09:20:54.844+0000] {dag.py:4180} INFO - Setting next_dagrun for example_bash_decorator to None, run_after=None
[2024-10-13T09:20:54.863+0000] {processor.py:208} INFO - Processing /home/airflow/.local/lib/python3.12/site-packages/airflow/example_dags/example_bash_decorator.py took 0.078 seconds
[2024-10-13T09:21:25.851+0000] {processor.py:186} INFO - Started process (PID=2422) to work on /home/airflow/.local/lib/python3.12/site-packages/airflow/example_dags/example_bash_decorator.py
[2024-10-13T09:21:25.853+0000] {processor.py:914} INFO - Processing file /home/airflow/.local/lib/python3.12/site-packages/airflow/example_dags/example_bash_decorator.py for tasks to queue
[2024-10-13T09:21:25.857+0000] {logging_mixin.py:190} INFO - [2024-10-13T09:21:25.856+0000] {dagbag.py:588} INFO - Filling up the DagBag from /home/airflow/.local/lib/python3.12/site-packages/airflow/example_dags/example_bash_decorator.py
[2024-10-13T09:21:25.886+0000] {processor.py:925} INFO - DAG(s) 'example_bash_decorator' retrieved from /home/airflow/.local/lib/python3.12/site-packages/airflow/example_dags/example_bash_decorator.py
[2024-10-13T09:21:25.939+0000] {logging_mixin.py:190} INFO - [2024-10-13T09:21:25.939+0000] {dag.py:3239} INFO - Sync 1 DAGs
[2024-10-13T09:21:25.971+0000] {logging_mixin.py:190} INFO - [2024-10-13T09:21:25.970+0000] {dag.py:4180} INFO - Setting next_dagrun for example_bash_decorator to None, run_after=None
[2024-10-13T09:21:26.008+0000] {processor.py:208} INFO - Processing /home/airflow/.local/lib/python3.12/site-packages/airflow/example_dags/example_bash_decorator.py took 0.168 seconds
[2024-10-13T09:21:56.137+0000] {processor.py:186} INFO - Started process (PID=2485) to work on /home/airflow/.local/lib/python3.12/site-packages/airflow/example_dags/example_bash_decorator.py
[2024-10-13T09:21:56.140+0000] {processor.py:914} INFO - Processing file /home/airflow/.local/lib/python3.12/site-packages/airflow/example_dags/example_bash_decorator.py for tasks to queue
[2024-10-13T09:21:56.145+0000] {logging_mixin.py:190} INFO - [2024-10-13T09:21:56.145+0000] {dagbag.py:588} INFO - Filling up the DagBag from /home/airflow/.local/lib/python3.12/site-packages/airflow/example_dags/example_bash_decorator.py
[2024-10-13T09:21:56.167+0000] {processor.py:925} INFO - DAG(s) 'example_bash_decorator' retrieved from /home/airflow/.local/lib/python3.12/site-packages/airflow/example_dags/example_bash_decorator.py
[2024-10-13T09:21:56.213+0000] {logging_mixin.py:190} INFO - [2024-10-13T09:21:56.212+0000] {dag.py:3239} INFO - Sync 1 DAGs
[2024-10-13T09:21:56.237+0000] {logging_mixin.py:190} INFO - [2024-10-13T09:21:56.237+0000] {dag.py:4180} INFO - Setting next_dagrun for example_bash_decorator to None, run_after=None
[2024-10-13T09:21:56.303+0000] {processor.py:208} INFO - Processing /home/airflow/.local/lib/python3.12/site-packages/airflow/example_dags/example_bash_decorator.py took 0.178 seconds
[2024-10-13T09:22:26.984+0000] {processor.py:186} INFO - Started process (PID=2549) to work on /home/airflow/.local/lib/python3.12/site-packages/airflow/example_dags/example_bash_decorator.py
[2024-10-13T09:22:26.985+0000] {processor.py:914} INFO - Processing file /home/airflow/.local/lib/python3.12/site-packages/airflow/example_dags/example_bash_decorator.py for tasks to queue
[2024-10-13T09:22:26.988+0000] {logging_mixin.py:190} INFO - [2024-10-13T09:22:26.988+0000] {dagbag.py:588} INFO - Filling up the DagBag from /home/airflow/.local/lib/python3.12/site-packages/airflow/example_dags/example_bash_decorator.py
[2024-10-13T09:22:27.005+0000] {processor.py:925} INFO - DAG(s) 'example_bash_decorator' retrieved from /home/airflow/.local/lib/python3.12/site-packages/airflow/example_dags/example_bash_decorator.py
[2024-10-13T09:22:27.036+0000] {logging_mixin.py:190} INFO - [2024-10-13T09:22:27.035+0000] {dag.py:3239} INFO - Sync 1 DAGs
[2024-10-13T09:22:27.052+0000] {logging_mixin.py:190} INFO - [2024-10-13T09:22:27.052+0000] {dag.py:4180} INFO - Setting next_dagrun for example_bash_decorator to None, run_after=None
[2024-10-13T09:22:27.073+0000] {processor.py:208} INFO - Processing /home/airflow/.local/lib/python3.12/site-packages/airflow/example_dags/example_bash_decorator.py took 0.095 seconds
[2024-10-13T09:22:57.840+0000] {processor.py:186} INFO - Started process (PID=2611) to work on /home/airflow/.local/lib/python3.12/site-packages/airflow/example_dags/example_bash_decorator.py
[2024-10-13T09:22:57.842+0000] {processor.py:914} INFO - Processing file /home/airflow/.local/lib/python3.12/site-packages/airflow/example_dags/example_bash_decorator.py for tasks to queue
[2024-10-13T09:22:57.848+0000] {logging_mixin.py:190} INFO - [2024-10-13T09:22:57.848+0000] {dagbag.py:588} INFO - Filling up the DagBag from /home/airflow/.local/lib/python3.12/site-packages/airflow/example_dags/example_bash_decorator.py
[2024-10-13T09:22:57.880+0000] {processor.py:925} INFO - DAG(s) 'example_bash_decorator' retrieved from /home/airflow/.local/lib/python3.12/site-packages/airflow/example_dags/example_bash_decorator.py
[2024-10-13T09:22:57.946+0000] {logging_mixin.py:190} INFO - [2024-10-13T09:22:57.945+0000] {dag.py:3239} INFO - Sync 1 DAGs
[2024-10-13T09:22:57.986+0000] {logging_mixin.py:190} INFO - [2024-10-13T09:22:57.985+0000] {dag.py:4180} INFO - Setting next_dagrun for example_bash_decorator to None, run_after=None
[2024-10-13T09:22:58.042+0000] {processor.py:208} INFO - Processing /home/airflow/.local/lib/python3.12/site-packages/airflow/example_dags/example_bash_decorator.py took 0.217 seconds
[2024-10-13T09:23:28.419+0000] {processor.py:186} INFO - Started process (PID=2674) to work on /home/airflow/.local/lib/python3.12/site-packages/airflow/example_dags/example_bash_decorator.py
[2024-10-13T09:23:28.421+0000] {processor.py:914} INFO - Processing file /home/airflow/.local/lib/python3.12/site-packages/airflow/example_dags/example_bash_decorator.py for tasks to queue
[2024-10-13T09:23:28.426+0000] {logging_mixin.py:190} INFO - [2024-10-13T09:23:28.426+0000] {dagbag.py:588} INFO - Filling up the DagBag from /home/airflow/.local/lib/python3.12/site-packages/airflow/example_dags/example_bash_decorator.py
[2024-10-13T09:23:28.458+0000] {processor.py:925} INFO - DAG(s) 'example_bash_decorator' retrieved from /home/airflow/.local/lib/python3.12/site-packages/airflow/example_dags/example_bash_decorator.py
[2024-10-13T09:23:28.502+0000] {logging_mixin.py:190} INFO - [2024-10-13T09:23:28.502+0000] {dag.py:3239} INFO - Sync 1 DAGs
[2024-10-13T09:23:28.537+0000] {logging_mixin.py:190} INFO - [2024-10-13T09:23:28.536+0000] {dag.py:4180} INFO - Setting next_dagrun for example_bash_decorator to None, run_after=None
[2024-10-13T09:23:28.570+0000] {processor.py:208} INFO - Processing /home/airflow/.local/lib/python3.12/site-packages/airflow/example_dags/example_bash_decorator.py took 0.170 seconds
[2024-10-13T09:23:59.523+0000] {processor.py:186} INFO - Started process (PID=2738) to work on /home/airflow/.local/lib/python3.12/site-packages/airflow/example_dags/example_bash_decorator.py
[2024-10-13T09:23:59.526+0000] {processor.py:914} INFO - Processing file /home/airflow/.local/lib/python3.12/site-packages/airflow/example_dags/example_bash_decorator.py for tasks to queue
[2024-10-13T09:23:59.531+0000] {logging_mixin.py:190} INFO - [2024-10-13T09:23:59.530+0000] {dagbag.py:588} INFO - Filling up the DagBag from /home/airflow/.local/lib/python3.12/site-packages/airflow/example_dags/example_bash_decorator.py
[2024-10-13T09:23:59.552+0000] {processor.py:925} INFO - DAG(s) 'example_bash_decorator' retrieved from /home/airflow/.local/lib/python3.12/site-packages/airflow/example_dags/example_bash_decorator.py
[2024-10-13T09:23:59.584+0000] {logging_mixin.py:190} INFO - [2024-10-13T09:23:59.583+0000] {dag.py:3239} INFO - Sync 1 DAGs
[2024-10-13T09:23:59.611+0000] {logging_mixin.py:190} INFO - [2024-10-13T09:23:59.611+0000] {dag.py:4180} INFO - Setting next_dagrun for example_bash_decorator to None, run_after=None
[2024-10-13T09:23:59.665+0000] {processor.py:208} INFO - Processing /home/airflow/.local/lib/python3.12/site-packages/airflow/example_dags/example_bash_decorator.py took 0.155 seconds
[2024-10-13T09:24:30.790+0000] {processor.py:186} INFO - Started process (PID=2800) to work on /home/airflow/.local/lib/python3.12/site-packages/airflow/example_dags/example_bash_decorator.py
[2024-10-13T09:24:30.796+0000] {processor.py:914} INFO - Processing file /home/airflow/.local/lib/python3.12/site-packages/airflow/example_dags/example_bash_decorator.py for tasks to queue
[2024-10-13T09:24:30.801+0000] {logging_mixin.py:190} INFO - [2024-10-13T09:24:30.800+0000] {dagbag.py:588} INFO - Filling up the DagBag from /home/airflow/.local/lib/python3.12/site-packages/airflow/example_dags/example_bash_decorator.py
[2024-10-13T09:24:30.852+0000] {processor.py:925} INFO - DAG(s) 'example_bash_decorator' retrieved from /home/airflow/.local/lib/python3.12/site-packages/airflow/example_dags/example_bash_decorator.py
[2024-10-13T09:24:30.930+0000] {logging_mixin.py:190} INFO - [2024-10-13T09:24:30.929+0000] {dag.py:3239} INFO - Sync 1 DAGs
[2024-10-13T09:24:30.988+0000] {logging_mixin.py:190} INFO - [2024-10-13T09:24:30.987+0000] {dag.py:4180} INFO - Setting next_dagrun for example_bash_decorator to None, run_after=None
[2024-10-13T09:24:31.057+0000] {processor.py:208} INFO - Processing /home/airflow/.local/lib/python3.12/site-packages/airflow/example_dags/example_bash_decorator.py took 0.299 seconds
[2024-10-13T09:25:01.745+0000] {processor.py:186} INFO - Started process (PID=2864) to work on /home/airflow/.local/lib/python3.12/site-packages/airflow/example_dags/example_bash_decorator.py
[2024-10-13T09:25:01.748+0000] {processor.py:914} INFO - Processing file /home/airflow/.local/lib/python3.12/site-packages/airflow/example_dags/example_bash_decorator.py for tasks to queue
[2024-10-13T09:25:01.754+0000] {logging_mixin.py:190} INFO - [2024-10-13T09:25:01.752+0000] {dagbag.py:588} INFO - Filling up the DagBag from /home/airflow/.local/lib/python3.12/site-packages/airflow/example_dags/example_bash_decorator.py
[2024-10-13T09:25:01.802+0000] {processor.py:925} INFO - DAG(s) 'example_bash_decorator' retrieved from /home/airflow/.local/lib/python3.12/site-packages/airflow/example_dags/example_bash_decorator.py
[2024-10-13T09:25:01.882+0000] {logging_mixin.py:190} INFO - [2024-10-13T09:25:01.881+0000] {dag.py:3239} INFO - Sync 1 DAGs
[2024-10-13T09:25:01.907+0000] {logging_mixin.py:190} INFO - [2024-10-13T09:25:01.907+0000] {dag.py:4180} INFO - Setting next_dagrun for example_bash_decorator to None, run_after=None
[2024-10-13T09:25:01.950+0000] {processor.py:208} INFO - Processing /home/airflow/.local/lib/python3.12/site-packages/airflow/example_dags/example_bash_decorator.py took 0.223 seconds
[2024-10-13T09:25:32.994+0000] {processor.py:186} INFO - Started process (PID=2928) to work on /home/airflow/.local/lib/python3.12/site-packages/airflow/example_dags/example_bash_decorator.py
[2024-10-13T09:25:32.996+0000] {processor.py:914} INFO - Processing file /home/airflow/.local/lib/python3.12/site-packages/airflow/example_dags/example_bash_decorator.py for tasks to queue
[2024-10-13T09:25:33.000+0000] {logging_mixin.py:190} INFO - [2024-10-13T09:25:33.000+0000] {dagbag.py:588} INFO - Filling up the DagBag from /home/airflow/.local/lib/python3.12/site-packages/airflow/example_dags/example_bash_decorator.py
[2024-10-13T09:25:33.027+0000] {processor.py:925} INFO - DAG(s) 'example_bash_decorator' retrieved from /home/airflow/.local/lib/python3.12/site-packages/airflow/example_dags/example_bash_decorator.py
[2024-10-13T09:25:33.079+0000] {logging_mixin.py:190} INFO - [2024-10-13T09:25:33.078+0000] {dag.py:3239} INFO - Sync 1 DAGs
[2024-10-13T09:25:33.106+0000] {logging_mixin.py:190} INFO - [2024-10-13T09:25:33.106+0000] {dag.py:4180} INFO - Setting next_dagrun for example_bash_decorator to None, run_after=None
[2024-10-13T09:25:33.141+0000] {processor.py:208} INFO - Processing /home/airflow/.local/lib/python3.12/site-packages/airflow/example_dags/example_bash_decorator.py took 0.156 seconds
[2024-10-13T09:26:03.858+0000] {processor.py:186} INFO - Started process (PID=2991) to work on /home/airflow/.local/lib/python3.12/site-packages/airflow/example_dags/example_bash_decorator.py
[2024-10-13T09:26:03.861+0000] {processor.py:914} INFO - Processing file /home/airflow/.local/lib/python3.12/site-packages/airflow/example_dags/example_bash_decorator.py for tasks to queue
[2024-10-13T09:26:03.865+0000] {logging_mixin.py:190} INFO - [2024-10-13T09:26:03.864+0000] {dagbag.py:588} INFO - Filling up the DagBag from /home/airflow/.local/lib/python3.12/site-packages/airflow/example_dags/example_bash_decorator.py
[2024-10-13T09:26:03.898+0000] {processor.py:925} INFO - DAG(s) 'example_bash_decorator' retrieved from /home/airflow/.local/lib/python3.12/site-packages/airflow/example_dags/example_bash_decorator.py
[2024-10-13T09:26:03.944+0000] {logging_mixin.py:190} INFO - [2024-10-13T09:26:03.944+0000] {dag.py:3239} INFO - Sync 1 DAGs
[2024-10-13T09:26:03.983+0000] {logging_mixin.py:190} INFO - [2024-10-13T09:26:03.982+0000] {dag.py:4180} INFO - Setting next_dagrun for example_bash_decorator to None, run_after=None
[2024-10-13T09:26:04.037+0000] {processor.py:208} INFO - Processing /home/airflow/.local/lib/python3.12/site-packages/airflow/example_dags/example_bash_decorator.py took 0.191 seconds
[2024-10-13T09:26:43.458+0000] {processor.py:186} INFO - Started process (PID=3062) to work on /home/airflow/.local/lib/python3.12/site-packages/airflow/example_dags/example_bash_decorator.py
[2024-10-13T09:26:43.473+0000] {processor.py:914} INFO - Processing file /home/airflow/.local/lib/python3.12/site-packages/airflow/example_dags/example_bash_decorator.py for tasks to queue
[2024-10-13T09:26:43.486+0000] {logging_mixin.py:190} INFO - [2024-10-13T09:26:43.485+0000] {dagbag.py:588} INFO - Filling up the DagBag from /home/airflow/.local/lib/python3.12/site-packages/airflow/example_dags/example_bash_decorator.py
[2024-10-13T09:26:43.531+0000] {processor.py:925} INFO - DAG(s) 'example_bash_decorator' retrieved from /home/airflow/.local/lib/python3.12/site-packages/airflow/example_dags/example_bash_decorator.py
[2024-10-13T09:26:43.587+0000] {logging_mixin.py:190} INFO - [2024-10-13T09:26:43.586+0000] {dag.py:3239} INFO - Sync 1 DAGs
[2024-10-13T09:26:43.629+0000] {logging_mixin.py:190} INFO - [2024-10-13T09:26:43.629+0000] {dag.py:4180} INFO - Setting next_dagrun for example_bash_decorator to None, run_after=None
[2024-10-13T09:26:43.667+0000] {processor.py:208} INFO - Processing /home/airflow/.local/lib/python3.12/site-packages/airflow/example_dags/example_bash_decorator.py took 0.220 seconds
[2024-10-13T09:27:21.623+0000] {processor.py:186} INFO - Started process (PID=3131) to work on /home/airflow/.local/lib/python3.12/site-packages/airflow/example_dags/example_bash_decorator.py
[2024-10-13T09:27:21.632+0000] {processor.py:914} INFO - Processing file /home/airflow/.local/lib/python3.12/site-packages/airflow/example_dags/example_bash_decorator.py for tasks to queue
[2024-10-13T09:27:21.664+0000] {logging_mixin.py:190} INFO - [2024-10-13T09:27:21.663+0000] {dagbag.py:588} INFO - Filling up the DagBag from /home/airflow/.local/lib/python3.12/site-packages/airflow/example_dags/example_bash_decorator.py
[2024-10-13T09:27:21.717+0000] {processor.py:925} INFO - DAG(s) 'example_bash_decorator' retrieved from /home/airflow/.local/lib/python3.12/site-packages/airflow/example_dags/example_bash_decorator.py
[2024-10-13T09:27:21.775+0000] {logging_mixin.py:190} INFO - [2024-10-13T09:27:21.774+0000] {dag.py:3239} INFO - Sync 1 DAGs
[2024-10-13T09:27:21.825+0000] {logging_mixin.py:190} INFO - [2024-10-13T09:27:21.824+0000] {dag.py:4180} INFO - Setting next_dagrun for example_bash_decorator to None, run_after=None
[2024-10-13T09:27:21.885+0000] {processor.py:208} INFO - Processing /home/airflow/.local/lib/python3.12/site-packages/airflow/example_dags/example_bash_decorator.py took 0.283 seconds
[2024-10-13T09:27:55.032+0000] {processor.py:186} INFO - Started process (PID=3194) to work on /home/airflow/.local/lib/python3.12/site-packages/airflow/example_dags/example_bash_decorator.py
[2024-10-13T09:27:55.034+0000] {processor.py:914} INFO - Processing file /home/airflow/.local/lib/python3.12/site-packages/airflow/example_dags/example_bash_decorator.py for tasks to queue
[2024-10-13T09:27:55.040+0000] {logging_mixin.py:190} INFO - [2024-10-13T09:27:55.039+0000] {dagbag.py:588} INFO - Filling up the DagBag from /home/airflow/.local/lib/python3.12/site-packages/airflow/example_dags/example_bash_decorator.py
[2024-10-13T09:27:55.080+0000] {processor.py:925} INFO - DAG(s) 'example_bash_decorator' retrieved from /home/airflow/.local/lib/python3.12/site-packages/airflow/example_dags/example_bash_decorator.py
[2024-10-13T09:27:55.164+0000] {logging_mixin.py:190} INFO - [2024-10-13T09:27:55.163+0000] {dag.py:3239} INFO - Sync 1 DAGs
[2024-10-13T09:27:55.218+0000] {logging_mixin.py:190} INFO - [2024-10-13T09:27:55.218+0000] {dag.py:4180} INFO - Setting next_dagrun for example_bash_decorator to None, run_after=None
[2024-10-13T09:27:55.296+0000] {processor.py:208} INFO - Processing /home/airflow/.local/lib/python3.12/site-packages/airflow/example_dags/example_bash_decorator.py took 0.280 seconds
[2024-10-13T09:28:25.435+0000] {processor.py:186} INFO - Started process (PID=3256) to work on /home/airflow/.local/lib/python3.12/site-packages/airflow/example_dags/example_bash_decorator.py
[2024-10-13T09:28:25.437+0000] {processor.py:914} INFO - Processing file /home/airflow/.local/lib/python3.12/site-packages/airflow/example_dags/example_bash_decorator.py for tasks to queue
[2024-10-13T09:28:25.444+0000] {logging_mixin.py:190} INFO - [2024-10-13T09:28:25.443+0000] {dagbag.py:588} INFO - Filling up the DagBag from /home/airflow/.local/lib/python3.12/site-packages/airflow/example_dags/example_bash_decorator.py
[2024-10-13T09:28:25.486+0000] {processor.py:925} INFO - DAG(s) 'example_bash_decorator' retrieved from /home/airflow/.local/lib/python3.12/site-packages/airflow/example_dags/example_bash_decorator.py
[2024-10-13T09:28:25.548+0000] {logging_mixin.py:190} INFO - [2024-10-13T09:28:25.547+0000] {dag.py:3239} INFO - Sync 1 DAGs
[2024-10-13T09:28:25.588+0000] {logging_mixin.py:190} INFO - [2024-10-13T09:28:25.587+0000] {dag.py:4180} INFO - Setting next_dagrun for example_bash_decorator to None, run_after=None
[2024-10-13T09:28:25.639+0000] {processor.py:208} INFO - Processing /home/airflow/.local/lib/python3.12/site-packages/airflow/example_dags/example_bash_decorator.py took 0.219 seconds
[2024-10-13T09:28:55.985+0000] {processor.py:186} INFO - Started process (PID=3319) to work on /home/airflow/.local/lib/python3.12/site-packages/airflow/example_dags/example_bash_decorator.py
[2024-10-13T09:28:55.987+0000] {processor.py:914} INFO - Processing file /home/airflow/.local/lib/python3.12/site-packages/airflow/example_dags/example_bash_decorator.py for tasks to queue
[2024-10-13T09:28:55.990+0000] {logging_mixin.py:190} INFO - [2024-10-13T09:28:55.990+0000] {dagbag.py:588} INFO - Filling up the DagBag from /home/airflow/.local/lib/python3.12/site-packages/airflow/example_dags/example_bash_decorator.py
[2024-10-13T09:28:56.010+0000] {processor.py:925} INFO - DAG(s) 'example_bash_decorator' retrieved from /home/airflow/.local/lib/python3.12/site-packages/airflow/example_dags/example_bash_decorator.py
[2024-10-13T09:28:56.045+0000] {logging_mixin.py:190} INFO - [2024-10-13T09:28:56.045+0000] {dag.py:3239} INFO - Sync 1 DAGs
[2024-10-13T09:28:56.064+0000] {logging_mixin.py:190} INFO - [2024-10-13T09:28:56.064+0000] {dag.py:4180} INFO - Setting next_dagrun for example_bash_decorator to None, run_after=None
[2024-10-13T09:28:56.094+0000] {processor.py:208} INFO - Processing /home/airflow/.local/lib/python3.12/site-packages/airflow/example_dags/example_bash_decorator.py took 0.116 seconds
[2024-10-13T09:29:26.214+0000] {processor.py:186} INFO - Started process (PID=3382) to work on /home/airflow/.local/lib/python3.12/site-packages/airflow/example_dags/example_bash_decorator.py
[2024-10-13T09:29:26.215+0000] {processor.py:914} INFO - Processing file /home/airflow/.local/lib/python3.12/site-packages/airflow/example_dags/example_bash_decorator.py for tasks to queue
[2024-10-13T09:29:26.219+0000] {logging_mixin.py:190} INFO - [2024-10-13T09:29:26.219+0000] {dagbag.py:588} INFO - Filling up the DagBag from /home/airflow/.local/lib/python3.12/site-packages/airflow/example_dags/example_bash_decorator.py
[2024-10-13T09:29:26.242+0000] {processor.py:925} INFO - DAG(s) 'example_bash_decorator' retrieved from /home/airflow/.local/lib/python3.12/site-packages/airflow/example_dags/example_bash_decorator.py
[2024-10-13T09:29:26.275+0000] {logging_mixin.py:190} INFO - [2024-10-13T09:29:26.275+0000] {dag.py:3239} INFO - Sync 1 DAGs
[2024-10-13T09:29:26.305+0000] {logging_mixin.py:190} INFO - [2024-10-13T09:29:26.304+0000] {dag.py:4180} INFO - Setting next_dagrun for example_bash_decorator to None, run_after=None
[2024-10-13T09:29:26.361+0000] {processor.py:208} INFO - Processing /home/airflow/.local/lib/python3.12/site-packages/airflow/example_dags/example_bash_decorator.py took 0.156 seconds
[2024-10-13T09:29:57.447+0000] {processor.py:186} INFO - Started process (PID=3447) to work on /home/airflow/.local/lib/python3.12/site-packages/airflow/example_dags/example_bash_decorator.py
[2024-10-13T09:29:57.451+0000] {processor.py:914} INFO - Processing file /home/airflow/.local/lib/python3.12/site-packages/airflow/example_dags/example_bash_decorator.py for tasks to queue
[2024-10-13T09:29:57.457+0000] {logging_mixin.py:190} INFO - [2024-10-13T09:29:57.456+0000] {dagbag.py:588} INFO - Filling up the DagBag from /home/airflow/.local/lib/python3.12/site-packages/airflow/example_dags/example_bash_decorator.py
[2024-10-13T09:29:57.486+0000] {processor.py:925} INFO - DAG(s) 'example_bash_decorator' retrieved from /home/airflow/.local/lib/python3.12/site-packages/airflow/example_dags/example_bash_decorator.py
[2024-10-13T09:29:57.536+0000] {logging_mixin.py:190} INFO - [2024-10-13T09:29:57.536+0000] {dag.py:3239} INFO - Sync 1 DAGs
[2024-10-13T09:29:57.564+0000] {logging_mixin.py:190} INFO - [2024-10-13T09:29:57.564+0000] {dag.py:4180} INFO - Setting next_dagrun for example_bash_decorator to None, run_after=None
[2024-10-13T09:29:57.622+0000] {processor.py:208} INFO - Processing /home/airflow/.local/lib/python3.12/site-packages/airflow/example_dags/example_bash_decorator.py took 0.198 seconds
