[2024-10-13T09:02:44.236+0000] {processor.py:186} INFO - Started process (PID=134) to work on /home/airflow/.local/lib/python3.12/site-packages/airflow/example_dags/example_inlet_event_extra.py
[2024-10-13T09:02:44.238+0000] {processor.py:914} INFO - Processing file /home/airflow/.local/lib/python3.12/site-packages/airflow/example_dags/example_inlet_event_extra.py for tasks to queue
[2024-10-13T09:02:44.246+0000] {logging_mixin.py:190} INFO - [2024-10-13T09:02:44.244+0000] {dagbag.py:588} INFO - Filling up the DagBag from /home/airflow/.local/lib/python3.12/site-packages/airflow/example_dags/example_inlet_event_extra.py
[2024-10-13T09:02:44.706+0000] {processor.py:925} INFO - DAG(s) 'read_dataset_event_from_classic', 'read_dataset_event' retrieved from /home/airflow/.local/lib/python3.12/site-packages/airflow/example_dags/example_inlet_event_extra.py
[2024-10-13T09:02:44.826+0000] {logging_mixin.py:190} INFO - [2024-10-13T09:02:44.825+0000] {dag.py:3239} INFO - Sync 2 DAGs
[2024-10-13T09:02:44.905+0000] {logging_mixin.py:190} INFO - [2024-10-13T09:02:44.904+0000] {dag.py:4180} INFO - Setting next_dagrun for read_dataset_event to 2024-10-12 00:00:00+00:00, run_after=2024-10-13 00:00:00+00:00
[2024-10-13T09:02:44.918+0000] {logging_mixin.py:190} INFO - [2024-10-13T09:02:44.917+0000] {dag.py:4180} INFO - Setting next_dagrun for read_dataset_event_from_classic to 2024-10-12 00:00:00+00:00, run_after=2024-10-13 00:00:00+00:00
[2024-10-13T09:02:44.961+0000] {processor.py:208} INFO - Processing /home/airflow/.local/lib/python3.12/site-packages/airflow/example_dags/example_inlet_event_extra.py took 0.743 seconds
[2024-10-13T09:03:15.628+0000] {processor.py:186} INFO - Started process (PID=197) to work on /home/airflow/.local/lib/python3.12/site-packages/airflow/example_dags/example_inlet_event_extra.py
[2024-10-13T09:03:15.630+0000] {processor.py:914} INFO - Processing file /home/airflow/.local/lib/python3.12/site-packages/airflow/example_dags/example_inlet_event_extra.py for tasks to queue
[2024-10-13T09:03:15.642+0000] {logging_mixin.py:190} INFO - [2024-10-13T09:03:15.642+0000] {dagbag.py:588} INFO - Filling up the DagBag from /home/airflow/.local/lib/python3.12/site-packages/airflow/example_dags/example_inlet_event_extra.py
[2024-10-13T09:03:16.200+0000] {processor.py:925} INFO - DAG(s) 'read_dataset_event', 'read_dataset_event_from_classic' retrieved from /home/airflow/.local/lib/python3.12/site-packages/airflow/example_dags/example_inlet_event_extra.py
[2024-10-13T09:03:16.304+0000] {logging_mixin.py:190} INFO - [2024-10-13T09:03:16.303+0000] {dag.py:3239} INFO - Sync 2 DAGs
[2024-10-13T09:03:16.438+0000] {logging_mixin.py:190} INFO - [2024-10-13T09:03:16.427+0000] {dag.py:4180} INFO - Setting next_dagrun for read_dataset_event to 2024-10-12 00:00:00+00:00, run_after=2024-10-13 00:00:00+00:00
[2024-10-13T09:03:16.462+0000] {logging_mixin.py:190} INFO - [2024-10-13T09:03:16.461+0000] {dag.py:4180} INFO - Setting next_dagrun for read_dataset_event_from_classic to 2024-10-12 00:00:00+00:00, run_after=2024-10-13 00:00:00+00:00
[2024-10-13T09:03:16.563+0000] {processor.py:208} INFO - Processing /home/airflow/.local/lib/python3.12/site-packages/airflow/example_dags/example_inlet_event_extra.py took 0.954 seconds
[2024-10-13T09:03:47.155+0000] {processor.py:186} INFO - Started process (PID=261) to work on /home/airflow/.local/lib/python3.12/site-packages/airflow/example_dags/example_inlet_event_extra.py
[2024-10-13T09:03:47.160+0000] {processor.py:914} INFO - Processing file /home/airflow/.local/lib/python3.12/site-packages/airflow/example_dags/example_inlet_event_extra.py for tasks to queue
[2024-10-13T09:03:47.171+0000] {logging_mixin.py:190} INFO - [2024-10-13T09:03:47.165+0000] {dagbag.py:588} INFO - Filling up the DagBag from /home/airflow/.local/lib/python3.12/site-packages/airflow/example_dags/example_inlet_event_extra.py
[2024-10-13T09:03:47.856+0000] {processor.py:925} INFO - DAG(s) 'read_dataset_event_from_classic', 'read_dataset_event' retrieved from /home/airflow/.local/lib/python3.12/site-packages/airflow/example_dags/example_inlet_event_extra.py
[2024-10-13T09:03:47.921+0000] {logging_mixin.py:190} INFO - [2024-10-13T09:03:47.921+0000] {dag.py:3239} INFO - Sync 2 DAGs
[2024-10-13T09:03:48.024+0000] {logging_mixin.py:190} INFO - [2024-10-13T09:03:48.012+0000] {dag.py:4180} INFO - Setting next_dagrun for read_dataset_event to 2024-10-12 00:00:00+00:00, run_after=2024-10-13 00:00:00+00:00
[2024-10-13T09:03:48.102+0000] {logging_mixin.py:190} INFO - [2024-10-13T09:03:48.101+0000] {dag.py:4180} INFO - Setting next_dagrun for read_dataset_event_from_classic to 2024-10-12 00:00:00+00:00, run_after=2024-10-13 00:00:00+00:00
[2024-10-13T09:03:48.240+0000] {processor.py:208} INFO - Processing /home/airflow/.local/lib/python3.12/site-packages/airflow/example_dags/example_inlet_event_extra.py took 1.104 seconds
[2024-10-13T09:04:22.839+0000] {processor.py:186} INFO - Started process (PID=322) to work on /home/airflow/.local/lib/python3.12/site-packages/airflow/example_dags/example_inlet_event_extra.py
[2024-10-13T09:04:22.855+0000] {processor.py:914} INFO - Processing file /home/airflow/.local/lib/python3.12/site-packages/airflow/example_dags/example_inlet_event_extra.py for tasks to queue
[2024-10-13T09:04:22.897+0000] {logging_mixin.py:190} INFO - [2024-10-13T09:04:22.889+0000] {dagbag.py:588} INFO - Filling up the DagBag from /home/airflow/.local/lib/python3.12/site-packages/airflow/example_dags/example_inlet_event_extra.py
[2024-10-13T09:04:23.688+0000] {processor.py:925} INFO - DAG(s) 'read_dataset_event', 'read_dataset_event_from_classic' retrieved from /home/airflow/.local/lib/python3.12/site-packages/airflow/example_dags/example_inlet_event_extra.py
[2024-10-13T09:04:23.839+0000] {logging_mixin.py:190} INFO - [2024-10-13T09:04:23.839+0000] {dag.py:3239} INFO - Sync 2 DAGs
[2024-10-13T09:04:23.968+0000] {logging_mixin.py:190} INFO - [2024-10-13T09:04:23.966+0000] {dag.py:4180} INFO - Setting next_dagrun for read_dataset_event to 2024-10-12 00:00:00+00:00, run_after=2024-10-13 00:00:00+00:00
[2024-10-13T09:04:23.987+0000] {logging_mixin.py:190} INFO - [2024-10-13T09:04:23.985+0000] {dag.py:4180} INFO - Setting next_dagrun for read_dataset_event_from_classic to 2024-10-12 00:00:00+00:00, run_after=2024-10-13 00:00:00+00:00
[2024-10-13T09:04:24.059+0000] {processor.py:208} INFO - Processing /home/airflow/.local/lib/python3.12/site-packages/airflow/example_dags/example_inlet_event_extra.py took 1.264 seconds
[2024-10-13T09:04:54.293+0000] {processor.py:186} INFO - Started process (PID=386) to work on /home/airflow/.local/lib/python3.12/site-packages/airflow/example_dags/example_inlet_event_extra.py
[2024-10-13T09:04:54.295+0000] {processor.py:914} INFO - Processing file /home/airflow/.local/lib/python3.12/site-packages/airflow/example_dags/example_inlet_event_extra.py for tasks to queue
[2024-10-13T09:04:54.297+0000] {logging_mixin.py:190} INFO - [2024-10-13T09:04:54.297+0000] {dagbag.py:588} INFO - Filling up the DagBag from /home/airflow/.local/lib/python3.12/site-packages/airflow/example_dags/example_inlet_event_extra.py
[2024-10-13T09:04:54.475+0000] {processor.py:925} INFO - DAG(s) 'read_dataset_event_from_classic', 'read_dataset_event' retrieved from /home/airflow/.local/lib/python3.12/site-packages/airflow/example_dags/example_inlet_event_extra.py
[2024-10-13T09:04:54.516+0000] {logging_mixin.py:190} INFO - [2024-10-13T09:04:54.515+0000] {dag.py:3239} INFO - Sync 2 DAGs
[2024-10-13T09:04:54.592+0000] {logging_mixin.py:190} INFO - [2024-10-13T09:04:54.592+0000] {dag.py:4180} INFO - Setting next_dagrun for read_dataset_event to 2024-10-12 00:00:00+00:00, run_after=2024-10-13 00:00:00+00:00
[2024-10-13T09:04:54.601+0000] {logging_mixin.py:190} INFO - [2024-10-13T09:04:54.601+0000] {dag.py:4180} INFO - Setting next_dagrun for read_dataset_event_from_classic to 2024-10-12 00:00:00+00:00, run_after=2024-10-13 00:00:00+00:00
[2024-10-13T09:04:54.653+0000] {processor.py:208} INFO - Processing /home/airflow/.local/lib/python3.12/site-packages/airflow/example_dags/example_inlet_event_extra.py took 0.367 seconds
[2024-10-13T09:05:25.324+0000] {processor.py:186} INFO - Started process (PID=451) to work on /home/airflow/.local/lib/python3.12/site-packages/airflow/example_dags/example_inlet_event_extra.py
[2024-10-13T09:05:25.327+0000] {processor.py:914} INFO - Processing file /home/airflow/.local/lib/python3.12/site-packages/airflow/example_dags/example_inlet_event_extra.py for tasks to queue
[2024-10-13T09:05:25.334+0000] {logging_mixin.py:190} INFO - [2024-10-13T09:05:25.333+0000] {dagbag.py:588} INFO - Filling up the DagBag from /home/airflow/.local/lib/python3.12/site-packages/airflow/example_dags/example_inlet_event_extra.py
[2024-10-13T09:05:25.617+0000] {processor.py:925} INFO - DAG(s) 'read_dataset_event', 'read_dataset_event_from_classic' retrieved from /home/airflow/.local/lib/python3.12/site-packages/airflow/example_dags/example_inlet_event_extra.py
[2024-10-13T09:05:25.687+0000] {logging_mixin.py:190} INFO - [2024-10-13T09:05:25.687+0000] {dag.py:3239} INFO - Sync 2 DAGs
[2024-10-13T09:05:25.741+0000] {logging_mixin.py:190} INFO - [2024-10-13T09:05:25.741+0000] {dag.py:4180} INFO - Setting next_dagrun for read_dataset_event to 2024-10-12 00:00:00+00:00, run_after=2024-10-13 00:00:00+00:00
[2024-10-13T09:05:25.752+0000] {logging_mixin.py:190} INFO - [2024-10-13T09:05:25.751+0000] {dag.py:4180} INFO - Setting next_dagrun for read_dataset_event_from_classic to 2024-10-12 00:00:00+00:00, run_after=2024-10-13 00:00:00+00:00
[2024-10-13T09:05:25.792+0000] {processor.py:208} INFO - Processing /home/airflow/.local/lib/python3.12/site-packages/airflow/example_dags/example_inlet_event_extra.py took 0.477 seconds
[2024-10-13T09:05:56.707+0000] {processor.py:186} INFO - Started process (PID=516) to work on /home/airflow/.local/lib/python3.12/site-packages/airflow/example_dags/example_inlet_event_extra.py
[2024-10-13T09:05:56.711+0000] {processor.py:914} INFO - Processing file /home/airflow/.local/lib/python3.12/site-packages/airflow/example_dags/example_inlet_event_extra.py for tasks to queue
[2024-10-13T09:05:56.720+0000] {logging_mixin.py:190} INFO - [2024-10-13T09:05:56.719+0000] {dagbag.py:588} INFO - Filling up the DagBag from /home/airflow/.local/lib/python3.12/site-packages/airflow/example_dags/example_inlet_event_extra.py
[2024-10-13T09:05:57.116+0000] {processor.py:925} INFO - DAG(s) 'read_dataset_event', 'read_dataset_event_from_classic' retrieved from /home/airflow/.local/lib/python3.12/site-packages/airflow/example_dags/example_inlet_event_extra.py
[2024-10-13T09:05:57.191+0000] {logging_mixin.py:190} INFO - [2024-10-13T09:05:57.191+0000] {dag.py:3239} INFO - Sync 2 DAGs
[2024-10-13T09:05:57.352+0000] {logging_mixin.py:190} INFO - [2024-10-13T09:05:57.352+0000] {dag.py:4180} INFO - Setting next_dagrun for read_dataset_event to 2024-10-12 00:00:00+00:00, run_after=2024-10-13 00:00:00+00:00
[2024-10-13T09:05:57.372+0000] {logging_mixin.py:190} INFO - [2024-10-13T09:05:57.371+0000] {dag.py:4180} INFO - Setting next_dagrun for read_dataset_event_from_classic to 2024-10-12 00:00:00+00:00, run_after=2024-10-13 00:00:00+00:00
[2024-10-13T09:05:57.418+0000] {processor.py:208} INFO - Processing /home/airflow/.local/lib/python3.12/site-packages/airflow/example_dags/example_inlet_event_extra.py took 0.729 seconds
[2024-10-13T09:06:28.543+0000] {processor.py:186} INFO - Started process (PID=582) to work on /home/airflow/.local/lib/python3.12/site-packages/airflow/example_dags/example_inlet_event_extra.py
[2024-10-13T09:06:28.546+0000] {processor.py:914} INFO - Processing file /home/airflow/.local/lib/python3.12/site-packages/airflow/example_dags/example_inlet_event_extra.py for tasks to queue
[2024-10-13T09:06:28.552+0000] {logging_mixin.py:190} INFO - [2024-10-13T09:06:28.552+0000] {dagbag.py:588} INFO - Filling up the DagBag from /home/airflow/.local/lib/python3.12/site-packages/airflow/example_dags/example_inlet_event_extra.py
[2024-10-13T09:06:28.808+0000] {processor.py:925} INFO - DAG(s) 'read_dataset_event_from_classic', 'read_dataset_event' retrieved from /home/airflow/.local/lib/python3.12/site-packages/airflow/example_dags/example_inlet_event_extra.py
[2024-10-13T09:06:28.866+0000] {logging_mixin.py:190} INFO - [2024-10-13T09:06:28.866+0000] {dag.py:3239} INFO - Sync 2 DAGs
[2024-10-13T09:06:28.914+0000] {logging_mixin.py:190} INFO - [2024-10-13T09:06:28.914+0000] {dag.py:4180} INFO - Setting next_dagrun for read_dataset_event to 2024-10-12 00:00:00+00:00, run_after=2024-10-13 00:00:00+00:00
[2024-10-13T09:06:28.924+0000] {logging_mixin.py:190} INFO - [2024-10-13T09:06:28.923+0000] {dag.py:4180} INFO - Setting next_dagrun for read_dataset_event_from_classic to 2024-10-12 00:00:00+00:00, run_after=2024-10-13 00:00:00+00:00
[2024-10-13T09:06:28.969+0000] {processor.py:208} INFO - Processing /home/airflow/.local/lib/python3.12/site-packages/airflow/example_dags/example_inlet_event_extra.py took 0.437 seconds
[2024-10-13T09:06:59.975+0000] {processor.py:186} INFO - Started process (PID=647) to work on /home/airflow/.local/lib/python3.12/site-packages/airflow/example_dags/example_inlet_event_extra.py
[2024-10-13T09:06:59.976+0000] {processor.py:914} INFO - Processing file /home/airflow/.local/lib/python3.12/site-packages/airflow/example_dags/example_inlet_event_extra.py for tasks to queue
[2024-10-13T09:06:59.980+0000] {logging_mixin.py:190} INFO - [2024-10-13T09:06:59.979+0000] {dagbag.py:588} INFO - Filling up the DagBag from /home/airflow/.local/lib/python3.12/site-packages/airflow/example_dags/example_inlet_event_extra.py
[2024-10-13T09:07:00.151+0000] {processor.py:925} INFO - DAG(s) 'read_dataset_event', 'read_dataset_event_from_classic' retrieved from /home/airflow/.local/lib/python3.12/site-packages/airflow/example_dags/example_inlet_event_extra.py
[2024-10-13T09:07:00.189+0000] {logging_mixin.py:190} INFO - [2024-10-13T09:07:00.189+0000] {dag.py:3239} INFO - Sync 2 DAGs
[2024-10-13T09:07:00.232+0000] {logging_mixin.py:190} INFO - [2024-10-13T09:07:00.232+0000] {dag.py:4180} INFO - Setting next_dagrun for read_dataset_event to 2024-10-12 00:00:00+00:00, run_after=2024-10-13 00:00:00+00:00
[2024-10-13T09:07:00.241+0000] {logging_mixin.py:190} INFO - [2024-10-13T09:07:00.241+0000] {dag.py:4180} INFO - Setting next_dagrun for read_dataset_event_from_classic to 2024-10-12 00:00:00+00:00, run_after=2024-10-13 00:00:00+00:00
[2024-10-13T09:07:00.276+0000] {processor.py:208} INFO - Processing /home/airflow/.local/lib/python3.12/site-packages/airflow/example_dags/example_inlet_event_extra.py took 0.309 seconds
[2024-10-13T09:07:31.249+0000] {processor.py:186} INFO - Started process (PID=713) to work on /home/airflow/.local/lib/python3.12/site-packages/airflow/example_dags/example_inlet_event_extra.py
[2024-10-13T09:07:31.250+0000] {processor.py:914} INFO - Processing file /home/airflow/.local/lib/python3.12/site-packages/airflow/example_dags/example_inlet_event_extra.py for tasks to queue
[2024-10-13T09:07:31.253+0000] {logging_mixin.py:190} INFO - [2024-10-13T09:07:31.253+0000] {dagbag.py:588} INFO - Filling up the DagBag from /home/airflow/.local/lib/python3.12/site-packages/airflow/example_dags/example_inlet_event_extra.py
[2024-10-13T09:07:32.890+0000] {processor.py:925} INFO - DAG(s) 'read_dataset_event_from_classic', 'read_dataset_event' retrieved from /home/airflow/.local/lib/python3.12/site-packages/airflow/example_dags/example_inlet_event_extra.py
[2024-10-13T09:07:32.918+0000] {logging_mixin.py:190} INFO - [2024-10-13T09:07:32.917+0000] {dag.py:3239} INFO - Sync 2 DAGs
[2024-10-13T09:07:32.952+0000] {logging_mixin.py:190} INFO - [2024-10-13T09:07:32.952+0000] {dag.py:4180} INFO - Setting next_dagrun for read_dataset_event to 2024-10-12 00:00:00+00:00, run_after=2024-10-13 00:00:00+00:00
[2024-10-13T09:07:32.959+0000] {logging_mixin.py:190} INFO - [2024-10-13T09:07:32.958+0000] {dag.py:4180} INFO - Setting next_dagrun for read_dataset_event_from_classic to 2024-10-12 00:00:00+00:00, run_after=2024-10-13 00:00:00+00:00
[2024-10-13T09:07:32.979+0000] {processor.py:208} INFO - Processing /home/airflow/.local/lib/python3.12/site-packages/airflow/example_dags/example_inlet_event_extra.py took 1.735 seconds
[2024-10-13T09:08:03.111+0000] {processor.py:186} INFO - Started process (PID=780) to work on /home/airflow/.local/lib/python3.12/site-packages/airflow/example_dags/example_inlet_event_extra.py
[2024-10-13T09:08:03.113+0000] {processor.py:914} INFO - Processing file /home/airflow/.local/lib/python3.12/site-packages/airflow/example_dags/example_inlet_event_extra.py for tasks to queue
[2024-10-13T09:08:03.117+0000] {logging_mixin.py:190} INFO - [2024-10-13T09:08:03.116+0000] {dagbag.py:588} INFO - Filling up the DagBag from /home/airflow/.local/lib/python3.12/site-packages/airflow/example_dags/example_inlet_event_extra.py
[2024-10-13T09:08:03.303+0000] {processor.py:925} INFO - DAG(s) 'read_dataset_event', 'read_dataset_event_from_classic' retrieved from /home/airflow/.local/lib/python3.12/site-packages/airflow/example_dags/example_inlet_event_extra.py
[2024-10-13T09:08:03.339+0000] {logging_mixin.py:190} INFO - [2024-10-13T09:08:03.339+0000] {dag.py:3239} INFO - Sync 2 DAGs
[2024-10-13T09:08:03.378+0000] {logging_mixin.py:190} INFO - [2024-10-13T09:08:03.377+0000] {dag.py:4180} INFO - Setting next_dagrun for read_dataset_event to 2024-10-12 00:00:00+00:00, run_after=2024-10-13 00:00:00+00:00
[2024-10-13T09:08:03.392+0000] {logging_mixin.py:190} INFO - [2024-10-13T09:08:03.391+0000] {dag.py:4180} INFO - Setting next_dagrun for read_dataset_event_from_classic to 2024-10-12 00:00:00+00:00, run_after=2024-10-13 00:00:00+00:00
[2024-10-13T09:08:03.435+0000] {processor.py:208} INFO - Processing /home/airflow/.local/lib/python3.12/site-packages/airflow/example_dags/example_inlet_event_extra.py took 0.333 seconds
[2024-10-13T09:08:34.252+0000] {processor.py:186} INFO - Started process (PID=843) to work on /home/airflow/.local/lib/python3.12/site-packages/airflow/example_dags/example_inlet_event_extra.py
[2024-10-13T09:08:34.254+0000] {processor.py:914} INFO - Processing file /home/airflow/.local/lib/python3.12/site-packages/airflow/example_dags/example_inlet_event_extra.py for tasks to queue
[2024-10-13T09:08:34.258+0000] {logging_mixin.py:190} INFO - [2024-10-13T09:08:34.258+0000] {dagbag.py:588} INFO - Filling up the DagBag from /home/airflow/.local/lib/python3.12/site-packages/airflow/example_dags/example_inlet_event_extra.py
[2024-10-13T09:08:34.547+0000] {processor.py:925} INFO - DAG(s) 'read_dataset_event', 'read_dataset_event_from_classic' retrieved from /home/airflow/.local/lib/python3.12/site-packages/airflow/example_dags/example_inlet_event_extra.py
[2024-10-13T09:08:34.596+0000] {logging_mixin.py:190} INFO - [2024-10-13T09:08:34.596+0000] {dag.py:3239} INFO - Sync 2 DAGs
[2024-10-13T09:08:34.650+0000] {logging_mixin.py:190} INFO - [2024-10-13T09:08:34.649+0000] {dag.py:4180} INFO - Setting next_dagrun for read_dataset_event to 2024-10-12 00:00:00+00:00, run_after=2024-10-13 00:00:00+00:00
[2024-10-13T09:08:34.660+0000] {logging_mixin.py:190} INFO - [2024-10-13T09:08:34.660+0000] {dag.py:4180} INFO - Setting next_dagrun for read_dataset_event_from_classic to 2024-10-12 00:00:00+00:00, run_after=2024-10-13 00:00:00+00:00
[2024-10-13T09:08:34.708+0000] {processor.py:208} INFO - Processing /home/airflow/.local/lib/python3.12/site-packages/airflow/example_dags/example_inlet_event_extra.py took 0.468 seconds
[2024-10-13T09:09:05.784+0000] {processor.py:186} INFO - Started process (PID=907) to work on /home/airflow/.local/lib/python3.12/site-packages/airflow/example_dags/example_inlet_event_extra.py
[2024-10-13T09:09:05.792+0000] {processor.py:914} INFO - Processing file /home/airflow/.local/lib/python3.12/site-packages/airflow/example_dags/example_inlet_event_extra.py for tasks to queue
[2024-10-13T09:09:05.800+0000] {logging_mixin.py:190} INFO - [2024-10-13T09:09:05.799+0000] {dagbag.py:588} INFO - Filling up the DagBag from /home/airflow/.local/lib/python3.12/site-packages/airflow/example_dags/example_inlet_event_extra.py
[2024-10-13T09:09:06.218+0000] {processor.py:925} INFO - DAG(s) 'read_dataset_event_from_classic', 'read_dataset_event' retrieved from /home/airflow/.local/lib/python3.12/site-packages/airflow/example_dags/example_inlet_event_extra.py
[2024-10-13T09:09:06.322+0000] {logging_mixin.py:190} INFO - [2024-10-13T09:09:06.318+0000] {dag.py:3239} INFO - Sync 2 DAGs
[2024-10-13T09:09:06.459+0000] {logging_mixin.py:190} INFO - [2024-10-13T09:09:06.458+0000] {dag.py:4180} INFO - Setting next_dagrun for read_dataset_event to 2024-10-12 00:00:00+00:00, run_after=2024-10-13 00:00:00+00:00
[2024-10-13T09:09:06.487+0000] {logging_mixin.py:190} INFO - [2024-10-13T09:09:06.486+0000] {dag.py:4180} INFO - Setting next_dagrun for read_dataset_event_from_classic to 2024-10-12 00:00:00+00:00, run_after=2024-10-13 00:00:00+00:00
[2024-10-13T09:09:06.599+0000] {processor.py:208} INFO - Processing /home/airflow/.local/lib/python3.12/site-packages/airflow/example_dags/example_inlet_event_extra.py took 0.835 seconds
[2024-10-13T09:09:36.869+0000] {processor.py:186} INFO - Started process (PID=970) to work on /home/airflow/.local/lib/python3.12/site-packages/airflow/example_dags/example_inlet_event_extra.py
[2024-10-13T09:09:36.871+0000] {processor.py:914} INFO - Processing file /home/airflow/.local/lib/python3.12/site-packages/airflow/example_dags/example_inlet_event_extra.py for tasks to queue
[2024-10-13T09:09:36.879+0000] {logging_mixin.py:190} INFO - [2024-10-13T09:09:36.878+0000] {dagbag.py:588} INFO - Filling up the DagBag from /home/airflow/.local/lib/python3.12/site-packages/airflow/example_dags/example_inlet_event_extra.py
[2024-10-13T09:09:37.300+0000] {processor.py:925} INFO - DAG(s) 'read_dataset_event_from_classic', 'read_dataset_event' retrieved from /home/airflow/.local/lib/python3.12/site-packages/airflow/example_dags/example_inlet_event_extra.py
[2024-10-13T09:09:37.375+0000] {logging_mixin.py:190} INFO - [2024-10-13T09:09:37.375+0000] {dag.py:3239} INFO - Sync 2 DAGs
[2024-10-13T09:09:37.444+0000] {logging_mixin.py:190} INFO - [2024-10-13T09:09:37.443+0000] {dag.py:4180} INFO - Setting next_dagrun for read_dataset_event to 2024-10-12 00:00:00+00:00, run_after=2024-10-13 00:00:00+00:00
[2024-10-13T09:09:37.459+0000] {logging_mixin.py:190} INFO - [2024-10-13T09:09:37.458+0000] {dag.py:4180} INFO - Setting next_dagrun for read_dataset_event_from_classic to 2024-10-12 00:00:00+00:00, run_after=2024-10-13 00:00:00+00:00
[2024-10-13T09:09:37.509+0000] {processor.py:208} INFO - Processing /home/airflow/.local/lib/python3.12/site-packages/airflow/example_dags/example_inlet_event_extra.py took 0.652 seconds
[2024-10-13T09:10:08.118+0000] {processor.py:186} INFO - Started process (PID=1035) to work on /home/airflow/.local/lib/python3.12/site-packages/airflow/example_dags/example_inlet_event_extra.py
[2024-10-13T09:10:08.119+0000] {processor.py:914} INFO - Processing file /home/airflow/.local/lib/python3.12/site-packages/airflow/example_dags/example_inlet_event_extra.py for tasks to queue
[2024-10-13T09:10:08.122+0000] {logging_mixin.py:190} INFO - [2024-10-13T09:10:08.121+0000] {dagbag.py:588} INFO - Filling up the DagBag from /home/airflow/.local/lib/python3.12/site-packages/airflow/example_dags/example_inlet_event_extra.py
[2024-10-13T09:10:08.240+0000] {processor.py:925} INFO - DAG(s) 'read_dataset_event_from_classic', 'read_dataset_event' retrieved from /home/airflow/.local/lib/python3.12/site-packages/airflow/example_dags/example_inlet_event_extra.py
[2024-10-13T09:10:08.263+0000] {logging_mixin.py:190} INFO - [2024-10-13T09:10:08.262+0000] {dag.py:3239} INFO - Sync 2 DAGs
[2024-10-13T09:10:08.288+0000] {logging_mixin.py:190} INFO - [2024-10-13T09:10:08.288+0000] {dag.py:4180} INFO - Setting next_dagrun for read_dataset_event to 2024-10-12 00:00:00+00:00, run_after=2024-10-13 00:00:00+00:00
[2024-10-13T09:10:08.293+0000] {logging_mixin.py:190} INFO - [2024-10-13T09:10:08.292+0000] {dag.py:4180} INFO - Setting next_dagrun for read_dataset_event_from_classic to 2024-10-12 00:00:00+00:00, run_after=2024-10-13 00:00:00+00:00
[2024-10-13T09:10:08.307+0000] {processor.py:208} INFO - Processing /home/airflow/.local/lib/python3.12/site-packages/airflow/example_dags/example_inlet_event_extra.py took 0.195 seconds
[2024-10-13T09:10:39.463+0000] {processor.py:186} INFO - Started process (PID=1100) to work on /home/airflow/.local/lib/python3.12/site-packages/airflow/example_dags/example_inlet_event_extra.py
[2024-10-13T09:10:39.464+0000] {processor.py:914} INFO - Processing file /home/airflow/.local/lib/python3.12/site-packages/airflow/example_dags/example_inlet_event_extra.py for tasks to queue
[2024-10-13T09:10:39.467+0000] {logging_mixin.py:190} INFO - [2024-10-13T09:10:39.466+0000] {dagbag.py:588} INFO - Filling up the DagBag from /home/airflow/.local/lib/python3.12/site-packages/airflow/example_dags/example_inlet_event_extra.py
[2024-10-13T09:10:39.615+0000] {processor.py:925} INFO - DAG(s) 'read_dataset_event_from_classic', 'read_dataset_event' retrieved from /home/airflow/.local/lib/python3.12/site-packages/airflow/example_dags/example_inlet_event_extra.py
[2024-10-13T09:10:39.643+0000] {logging_mixin.py:190} INFO - [2024-10-13T09:10:39.642+0000] {dag.py:3239} INFO - Sync 2 DAGs
[2024-10-13T09:10:39.668+0000] {logging_mixin.py:190} INFO - [2024-10-13T09:10:39.668+0000] {dag.py:4180} INFO - Setting next_dagrun for read_dataset_event to 2024-10-12 00:00:00+00:00, run_after=2024-10-13 00:00:00+00:00
[2024-10-13T09:10:39.674+0000] {logging_mixin.py:190} INFO - [2024-10-13T09:10:39.674+0000] {dag.py:4180} INFO - Setting next_dagrun for read_dataset_event_from_classic to 2024-10-12 00:00:00+00:00, run_after=2024-10-13 00:00:00+00:00
[2024-10-13T09:10:39.696+0000] {processor.py:208} INFO - Processing /home/airflow/.local/lib/python3.12/site-packages/airflow/example_dags/example_inlet_event_extra.py took 0.240 seconds
[2024-10-13T09:11:10.609+0000] {processor.py:186} INFO - Started process (PID=1163) to work on /home/airflow/.local/lib/python3.12/site-packages/airflow/example_dags/example_inlet_event_extra.py
[2024-10-13T09:11:10.610+0000] {processor.py:914} INFO - Processing file /home/airflow/.local/lib/python3.12/site-packages/airflow/example_dags/example_inlet_event_extra.py for tasks to queue
[2024-10-13T09:11:10.612+0000] {logging_mixin.py:190} INFO - [2024-10-13T09:11:10.612+0000] {dagbag.py:588} INFO - Filling up the DagBag from /home/airflow/.local/lib/python3.12/site-packages/airflow/example_dags/example_inlet_event_extra.py
[2024-10-13T09:11:10.736+0000] {processor.py:925} INFO - DAG(s) 'read_dataset_event', 'read_dataset_event_from_classic' retrieved from /home/airflow/.local/lib/python3.12/site-packages/airflow/example_dags/example_inlet_event_extra.py
[2024-10-13T09:11:10.761+0000] {logging_mixin.py:190} INFO - [2024-10-13T09:11:10.761+0000] {dag.py:3239} INFO - Sync 2 DAGs
[2024-10-13T09:11:10.787+0000] {logging_mixin.py:190} INFO - [2024-10-13T09:11:10.787+0000] {dag.py:4180} INFO - Setting next_dagrun for read_dataset_event to 2024-10-12 00:00:00+00:00, run_after=2024-10-13 00:00:00+00:00
[2024-10-13T09:11:10.793+0000] {logging_mixin.py:190} INFO - [2024-10-13T09:11:10.793+0000] {dag.py:4180} INFO - Setting next_dagrun for read_dataset_event_from_classic to 2024-10-12 00:00:00+00:00, run_after=2024-10-13 00:00:00+00:00
[2024-10-13T09:11:10.822+0000] {processor.py:208} INFO - Processing /home/airflow/.local/lib/python3.12/site-packages/airflow/example_dags/example_inlet_event_extra.py took 0.219 seconds
[2024-10-13T09:11:40.958+0000] {processor.py:186} INFO - Started process (PID=1226) to work on /home/airflow/.local/lib/python3.12/site-packages/airflow/example_dags/example_inlet_event_extra.py
[2024-10-13T09:11:40.959+0000] {processor.py:914} INFO - Processing file /home/airflow/.local/lib/python3.12/site-packages/airflow/example_dags/example_inlet_event_extra.py for tasks to queue
[2024-10-13T09:11:40.961+0000] {logging_mixin.py:190} INFO - [2024-10-13T09:11:40.961+0000] {dagbag.py:588} INFO - Filling up the DagBag from /home/airflow/.local/lib/python3.12/site-packages/airflow/example_dags/example_inlet_event_extra.py
[2024-10-13T09:11:41.066+0000] {processor.py:925} INFO - DAG(s) 'read_dataset_event_from_classic', 'read_dataset_event' retrieved from /home/airflow/.local/lib/python3.12/site-packages/airflow/example_dags/example_inlet_event_extra.py
[2024-10-13T09:11:41.085+0000] {logging_mixin.py:190} INFO - [2024-10-13T09:11:41.085+0000] {dag.py:3239} INFO - Sync 2 DAGs
[2024-10-13T09:11:41.103+0000] {logging_mixin.py:190} INFO - [2024-10-13T09:11:41.103+0000] {dag.py:4180} INFO - Setting next_dagrun for read_dataset_event to 2024-10-12 00:00:00+00:00, run_after=2024-10-13 00:00:00+00:00
[2024-10-13T09:11:41.108+0000] {logging_mixin.py:190} INFO - [2024-10-13T09:11:41.108+0000] {dag.py:4180} INFO - Setting next_dagrun for read_dataset_event_from_classic to 2024-10-12 00:00:00+00:00, run_after=2024-10-13 00:00:00+00:00
[2024-10-13T09:11:41.125+0000] {processor.py:208} INFO - Processing /home/airflow/.local/lib/python3.12/site-packages/airflow/example_dags/example_inlet_event_extra.py took 0.171 seconds
[2024-10-13T09:12:11.890+0000] {processor.py:186} INFO - Started process (PID=1289) to work on /home/airflow/.local/lib/python3.12/site-packages/airflow/example_dags/example_inlet_event_extra.py
[2024-10-13T09:12:11.891+0000] {processor.py:914} INFO - Processing file /home/airflow/.local/lib/python3.12/site-packages/airflow/example_dags/example_inlet_event_extra.py for tasks to queue
[2024-10-13T09:12:11.894+0000] {logging_mixin.py:190} INFO - [2024-10-13T09:12:11.893+0000] {dagbag.py:588} INFO - Filling up the DagBag from /home/airflow/.local/lib/python3.12/site-packages/airflow/example_dags/example_inlet_event_extra.py
[2024-10-13T09:12:11.991+0000] {processor.py:925} INFO - DAG(s) 'read_dataset_event_from_classic', 'read_dataset_event' retrieved from /home/airflow/.local/lib/python3.12/site-packages/airflow/example_dags/example_inlet_event_extra.py
[2024-10-13T09:12:12.011+0000] {logging_mixin.py:190} INFO - [2024-10-13T09:12:12.010+0000] {dag.py:3239} INFO - Sync 2 DAGs
[2024-10-13T09:12:12.029+0000] {logging_mixin.py:190} INFO - [2024-10-13T09:12:12.029+0000] {dag.py:4180} INFO - Setting next_dagrun for read_dataset_event to 2024-10-12 00:00:00+00:00, run_after=2024-10-13 00:00:00+00:00
[2024-10-13T09:12:12.033+0000] {logging_mixin.py:190} INFO - [2024-10-13T09:12:12.033+0000] {dag.py:4180} INFO - Setting next_dagrun for read_dataset_event_from_classic to 2024-10-12 00:00:00+00:00, run_after=2024-10-13 00:00:00+00:00
[2024-10-13T09:12:12.051+0000] {processor.py:208} INFO - Processing /home/airflow/.local/lib/python3.12/site-packages/airflow/example_dags/example_inlet_event_extra.py took 0.165 seconds
[2024-10-13T09:12:42.109+0000] {processor.py:186} INFO - Started process (PID=1352) to work on /home/airflow/.local/lib/python3.12/site-packages/airflow/example_dags/example_inlet_event_extra.py
[2024-10-13T09:12:42.110+0000] {processor.py:914} INFO - Processing file /home/airflow/.local/lib/python3.12/site-packages/airflow/example_dags/example_inlet_event_extra.py for tasks to queue
[2024-10-13T09:12:42.112+0000] {logging_mixin.py:190} INFO - [2024-10-13T09:12:42.112+0000] {dagbag.py:588} INFO - Filling up the DagBag from /home/airflow/.local/lib/python3.12/site-packages/airflow/example_dags/example_inlet_event_extra.py
[2024-10-13T09:12:42.229+0000] {processor.py:925} INFO - DAG(s) 'read_dataset_event_from_classic', 'read_dataset_event' retrieved from /home/airflow/.local/lib/python3.12/site-packages/airflow/example_dags/example_inlet_event_extra.py
[2024-10-13T09:12:42.251+0000] {logging_mixin.py:190} INFO - [2024-10-13T09:12:42.250+0000] {dag.py:3239} INFO - Sync 2 DAGs
[2024-10-13T09:12:42.272+0000] {logging_mixin.py:190} INFO - [2024-10-13T09:12:42.272+0000] {dag.py:4180} INFO - Setting next_dagrun for read_dataset_event to 2024-10-12 00:00:00+00:00, run_after=2024-10-13 00:00:00+00:00
[2024-10-13T09:12:42.276+0000] {logging_mixin.py:190} INFO - [2024-10-13T09:12:42.276+0000] {dag.py:4180} INFO - Setting next_dagrun for read_dataset_event_from_classic to 2024-10-12 00:00:00+00:00, run_after=2024-10-13 00:00:00+00:00
[2024-10-13T09:12:42.322+0000] {processor.py:208} INFO - Processing /home/airflow/.local/lib/python3.12/site-packages/airflow/example_dags/example_inlet_event_extra.py took 0.218 seconds
[2024-10-13T09:13:19.197+0000] {processor.py:186} INFO - Started process (PID=1429) to work on /home/airflow/.local/lib/python3.12/site-packages/airflow/example_dags/example_inlet_event_extra.py
[2024-10-13T09:13:19.200+0000] {processor.py:914} INFO - Processing file /home/airflow/.local/lib/python3.12/site-packages/airflow/example_dags/example_inlet_event_extra.py for tasks to queue
[2024-10-13T09:13:19.207+0000] {logging_mixin.py:190} INFO - [2024-10-13T09:13:19.206+0000] {dagbag.py:588} INFO - Filling up the DagBag from /home/airflow/.local/lib/python3.12/site-packages/airflow/example_dags/example_inlet_event_extra.py
[2024-10-13T09:13:19.560+0000] {processor.py:925} INFO - DAG(s) 'read_dataset_event_from_classic', 'read_dataset_event' retrieved from /home/airflow/.local/lib/python3.12/site-packages/airflow/example_dags/example_inlet_event_extra.py
[2024-10-13T09:13:19.625+0000] {logging_mixin.py:190} INFO - [2024-10-13T09:13:19.624+0000] {dag.py:3239} INFO - Sync 2 DAGs
[2024-10-13T09:13:19.696+0000] {logging_mixin.py:190} INFO - [2024-10-13T09:13:19.695+0000] {dag.py:4180} INFO - Setting next_dagrun for read_dataset_event to 2024-10-12 00:00:00+00:00, run_after=2024-10-13 00:00:00+00:00
[2024-10-13T09:13:19.706+0000] {logging_mixin.py:190} INFO - [2024-10-13T09:13:19.706+0000] {dag.py:4180} INFO - Setting next_dagrun for read_dataset_event_from_classic to 2024-10-12 00:00:00+00:00, run_after=2024-10-13 00:00:00+00:00
[2024-10-13T09:13:19.751+0000] {processor.py:208} INFO - Processing /home/airflow/.local/lib/python3.12/site-packages/airflow/example_dags/example_inlet_event_extra.py took 0.568 seconds
[2024-10-13T09:13:51.338+0000] {processor.py:186} INFO - Started process (PID=1496) to work on /home/airflow/.local/lib/python3.12/site-packages/airflow/example_dags/example_inlet_event_extra.py
[2024-10-13T09:13:51.357+0000] {processor.py:914} INFO - Processing file /home/airflow/.local/lib/python3.12/site-packages/airflow/example_dags/example_inlet_event_extra.py for tasks to queue
[2024-10-13T09:13:51.373+0000] {logging_mixin.py:190} INFO - [2024-10-13T09:13:51.372+0000] {dagbag.py:588} INFO - Filling up the DagBag from /home/airflow/.local/lib/python3.12/site-packages/airflow/example_dags/example_inlet_event_extra.py
[2024-10-13T09:13:51.624+0000] {processor.py:925} INFO - DAG(s) 'read_dataset_event_from_classic', 'read_dataset_event' retrieved from /home/airflow/.local/lib/python3.12/site-packages/airflow/example_dags/example_inlet_event_extra.py
[2024-10-13T09:13:51.677+0000] {logging_mixin.py:190} INFO - [2024-10-13T09:13:51.677+0000] {dag.py:3239} INFO - Sync 2 DAGs
[2024-10-13T09:13:51.724+0000] {logging_mixin.py:190} INFO - [2024-10-13T09:13:51.724+0000] {dag.py:4180} INFO - Setting next_dagrun for read_dataset_event to 2024-10-12 00:00:00+00:00, run_after=2024-10-13 00:00:00+00:00
[2024-10-13T09:13:51.732+0000] {logging_mixin.py:190} INFO - [2024-10-13T09:13:51.732+0000] {dag.py:4180} INFO - Setting next_dagrun for read_dataset_event_from_classic to 2024-10-12 00:00:00+00:00, run_after=2024-10-13 00:00:00+00:00
[2024-10-13T09:13:51.772+0000] {processor.py:208} INFO - Processing /home/airflow/.local/lib/python3.12/site-packages/airflow/example_dags/example_inlet_event_extra.py took 0.448 seconds
[2024-10-13T09:14:23.000+0000] {processor.py:186} INFO - Started process (PID=1559) to work on /home/airflow/.local/lib/python3.12/site-packages/airflow/example_dags/example_inlet_event_extra.py
[2024-10-13T09:14:23.002+0000] {processor.py:914} INFO - Processing file /home/airflow/.local/lib/python3.12/site-packages/airflow/example_dags/example_inlet_event_extra.py for tasks to queue
[2024-10-13T09:14:23.008+0000] {logging_mixin.py:190} INFO - [2024-10-13T09:14:23.007+0000] {dagbag.py:588} INFO - Filling up the DagBag from /home/airflow/.local/lib/python3.12/site-packages/airflow/example_dags/example_inlet_event_extra.py
[2024-10-13T09:14:23.256+0000] {processor.py:925} INFO - DAG(s) 'read_dataset_event_from_classic', 'read_dataset_event' retrieved from /home/airflow/.local/lib/python3.12/site-packages/airflow/example_dags/example_inlet_event_extra.py
[2024-10-13T09:14:23.309+0000] {logging_mixin.py:190} INFO - [2024-10-13T09:14:23.308+0000] {dag.py:3239} INFO - Sync 2 DAGs
[2024-10-13T09:14:23.371+0000] {logging_mixin.py:190} INFO - [2024-10-13T09:14:23.371+0000] {dag.py:4180} INFO - Setting next_dagrun for read_dataset_event to 2024-10-12 00:00:00+00:00, run_after=2024-10-13 00:00:00+00:00
[2024-10-13T09:14:23.381+0000] {logging_mixin.py:190} INFO - [2024-10-13T09:14:23.381+0000] {dag.py:4180} INFO - Setting next_dagrun for read_dataset_event_from_classic to 2024-10-12 00:00:00+00:00, run_after=2024-10-13 00:00:00+00:00
[2024-10-13T09:14:23.415+0000] {processor.py:208} INFO - Processing /home/airflow/.local/lib/python3.12/site-packages/airflow/example_dags/example_inlet_event_extra.py took 0.427 seconds
[2024-10-13T09:14:53.877+0000] {processor.py:186} INFO - Started process (PID=1622) to work on /home/airflow/.local/lib/python3.12/site-packages/airflow/example_dags/example_inlet_event_extra.py
[2024-10-13T09:14:53.879+0000] {processor.py:914} INFO - Processing file /home/airflow/.local/lib/python3.12/site-packages/airflow/example_dags/example_inlet_event_extra.py for tasks to queue
[2024-10-13T09:14:53.883+0000] {logging_mixin.py:190} INFO - [2024-10-13T09:14:53.882+0000] {dagbag.py:588} INFO - Filling up the DagBag from /home/airflow/.local/lib/python3.12/site-packages/airflow/example_dags/example_inlet_event_extra.py
[2024-10-13T09:14:54.028+0000] {processor.py:925} INFO - DAG(s) 'read_dataset_event', 'read_dataset_event_from_classic' retrieved from /home/airflow/.local/lib/python3.12/site-packages/airflow/example_dags/example_inlet_event_extra.py
[2024-10-13T09:14:54.060+0000] {logging_mixin.py:190} INFO - [2024-10-13T09:14:54.060+0000] {dag.py:3239} INFO - Sync 2 DAGs
[2024-10-13T09:14:54.109+0000] {logging_mixin.py:190} INFO - [2024-10-13T09:14:54.109+0000] {dag.py:4180} INFO - Setting next_dagrun for read_dataset_event to 2024-10-12 00:00:00+00:00, run_after=2024-10-13 00:00:00+00:00
[2024-10-13T09:14:54.123+0000] {logging_mixin.py:190} INFO - [2024-10-13T09:14:54.122+0000] {dag.py:4180} INFO - Setting next_dagrun for read_dataset_event_from_classic to 2024-10-12 00:00:00+00:00, run_after=2024-10-13 00:00:00+00:00
[2024-10-13T09:14:54.174+0000] {processor.py:208} INFO - Processing /home/airflow/.local/lib/python3.12/site-packages/airflow/example_dags/example_inlet_event_extra.py took 0.303 seconds
[2024-10-13T09:15:25.044+0000] {processor.py:186} INFO - Started process (PID=1685) to work on /home/airflow/.local/lib/python3.12/site-packages/airflow/example_dags/example_inlet_event_extra.py
[2024-10-13T09:15:25.046+0000] {processor.py:914} INFO - Processing file /home/airflow/.local/lib/python3.12/site-packages/airflow/example_dags/example_inlet_event_extra.py for tasks to queue
[2024-10-13T09:15:25.049+0000] {logging_mixin.py:190} INFO - [2024-10-13T09:15:25.049+0000] {dagbag.py:588} INFO - Filling up the DagBag from /home/airflow/.local/lib/python3.12/site-packages/airflow/example_dags/example_inlet_event_extra.py
[2024-10-13T09:15:25.336+0000] {processor.py:925} INFO - DAG(s) 'read_dataset_event_from_classic', 'read_dataset_event' retrieved from /home/airflow/.local/lib/python3.12/site-packages/airflow/example_dags/example_inlet_event_extra.py
[2024-10-13T09:15:25.414+0000] {logging_mixin.py:190} INFO - [2024-10-13T09:15:25.413+0000] {dag.py:3239} INFO - Sync 2 DAGs
[2024-10-13T09:15:25.462+0000] {logging_mixin.py:190} INFO - [2024-10-13T09:15:25.461+0000] {dag.py:4180} INFO - Setting next_dagrun for read_dataset_event to 2024-10-12 00:00:00+00:00, run_after=2024-10-13 00:00:00+00:00
[2024-10-13T09:15:25.469+0000] {logging_mixin.py:190} INFO - [2024-10-13T09:15:25.468+0000] {dag.py:4180} INFO - Setting next_dagrun for read_dataset_event_from_classic to 2024-10-12 00:00:00+00:00, run_after=2024-10-13 00:00:00+00:00
[2024-10-13T09:15:25.501+0000] {processor.py:208} INFO - Processing /home/airflow/.local/lib/python3.12/site-packages/airflow/example_dags/example_inlet_event_extra.py took 0.465 seconds
[2024-10-13T09:15:55.758+0000] {processor.py:186} INFO - Started process (PID=1748) to work on /home/airflow/.local/lib/python3.12/site-packages/airflow/example_dags/example_inlet_event_extra.py
[2024-10-13T09:15:55.760+0000] {processor.py:914} INFO - Processing file /home/airflow/.local/lib/python3.12/site-packages/airflow/example_dags/example_inlet_event_extra.py for tasks to queue
[2024-10-13T09:15:55.765+0000] {logging_mixin.py:190} INFO - [2024-10-13T09:15:55.764+0000] {dagbag.py:588} INFO - Filling up the DagBag from /home/airflow/.local/lib/python3.12/site-packages/airflow/example_dags/example_inlet_event_extra.py
[2024-10-13T09:15:56.005+0000] {processor.py:925} INFO - DAG(s) 'read_dataset_event_from_classic', 'read_dataset_event' retrieved from /home/airflow/.local/lib/python3.12/site-packages/airflow/example_dags/example_inlet_event_extra.py
[2024-10-13T09:15:56.048+0000] {logging_mixin.py:190} INFO - [2024-10-13T09:15:56.048+0000] {dag.py:3239} INFO - Sync 2 DAGs
[2024-10-13T09:15:56.107+0000] {logging_mixin.py:190} INFO - [2024-10-13T09:15:56.106+0000] {dag.py:4180} INFO - Setting next_dagrun for read_dataset_event to 2024-10-12 00:00:00+00:00, run_after=2024-10-13 00:00:00+00:00
[2024-10-13T09:15:56.118+0000] {logging_mixin.py:190} INFO - [2024-10-13T09:15:56.118+0000] {dag.py:4180} INFO - Setting next_dagrun for read_dataset_event_from_classic to 2024-10-12 00:00:00+00:00, run_after=2024-10-13 00:00:00+00:00
[2024-10-13T09:15:56.161+0000] {processor.py:208} INFO - Processing /home/airflow/.local/lib/python3.12/site-packages/airflow/example_dags/example_inlet_event_extra.py took 0.414 seconds
[2024-10-13T09:16:26.355+0000] {processor.py:186} INFO - Started process (PID=1810) to work on /home/airflow/.local/lib/python3.12/site-packages/airflow/example_dags/example_inlet_event_extra.py
[2024-10-13T09:16:26.357+0000] {processor.py:914} INFO - Processing file /home/airflow/.local/lib/python3.12/site-packages/airflow/example_dags/example_inlet_event_extra.py for tasks to queue
[2024-10-13T09:16:26.362+0000] {logging_mixin.py:190} INFO - [2024-10-13T09:16:26.362+0000] {dagbag.py:588} INFO - Filling up the DagBag from /home/airflow/.local/lib/python3.12/site-packages/airflow/example_dags/example_inlet_event_extra.py
[2024-10-13T09:16:26.610+0000] {processor.py:925} INFO - DAG(s) 'read_dataset_event', 'read_dataset_event_from_classic' retrieved from /home/airflow/.local/lib/python3.12/site-packages/airflow/example_dags/example_inlet_event_extra.py
[2024-10-13T09:16:26.657+0000] {logging_mixin.py:190} INFO - [2024-10-13T09:16:26.656+0000] {dag.py:3239} INFO - Sync 2 DAGs
[2024-10-13T09:16:26.733+0000] {logging_mixin.py:190} INFO - [2024-10-13T09:16:26.733+0000] {dag.py:4180} INFO - Setting next_dagrun for read_dataset_event to 2024-10-12 00:00:00+00:00, run_after=2024-10-13 00:00:00+00:00
[2024-10-13T09:16:26.748+0000] {logging_mixin.py:190} INFO - [2024-10-13T09:16:26.748+0000] {dag.py:4180} INFO - Setting next_dagrun for read_dataset_event_from_classic to 2024-10-12 00:00:00+00:00, run_after=2024-10-13 00:00:00+00:00
[2024-10-13T09:16:26.794+0000] {processor.py:208} INFO - Processing /home/airflow/.local/lib/python3.12/site-packages/airflow/example_dags/example_inlet_event_extra.py took 0.462 seconds
[2024-10-13T09:16:57.287+0000] {processor.py:186} INFO - Started process (PID=1874) to work on /home/airflow/.local/lib/python3.12/site-packages/airflow/example_dags/example_inlet_event_extra.py
[2024-10-13T09:16:57.289+0000] {processor.py:914} INFO - Processing file /home/airflow/.local/lib/python3.12/site-packages/airflow/example_dags/example_inlet_event_extra.py for tasks to queue
[2024-10-13T09:16:57.293+0000] {logging_mixin.py:190} INFO - [2024-10-13T09:16:57.293+0000] {dagbag.py:588} INFO - Filling up the DagBag from /home/airflow/.local/lib/python3.12/site-packages/airflow/example_dags/example_inlet_event_extra.py
[2024-10-13T09:16:57.472+0000] {processor.py:925} INFO - DAG(s) 'read_dataset_event', 'read_dataset_event_from_classic' retrieved from /home/airflow/.local/lib/python3.12/site-packages/airflow/example_dags/example_inlet_event_extra.py
[2024-10-13T09:16:57.519+0000] {logging_mixin.py:190} INFO - [2024-10-13T09:16:57.519+0000] {dag.py:3239} INFO - Sync 2 DAGs
[2024-10-13T09:16:57.547+0000] {logging_mixin.py:190} INFO - [2024-10-13T09:16:57.546+0000] {dag.py:4180} INFO - Setting next_dagrun for read_dataset_event to 2024-10-12 00:00:00+00:00, run_after=2024-10-13 00:00:00+00:00
[2024-10-13T09:16:57.553+0000] {logging_mixin.py:190} INFO - [2024-10-13T09:16:57.553+0000] {dag.py:4180} INFO - Setting next_dagrun for read_dataset_event_from_classic to 2024-10-12 00:00:00+00:00, run_after=2024-10-13 00:00:00+00:00
[2024-10-13T09:16:57.584+0000] {processor.py:208} INFO - Processing /home/airflow/.local/lib/python3.12/site-packages/airflow/example_dags/example_inlet_event_extra.py took 0.309 seconds
[2024-10-13T09:17:28.553+0000] {processor.py:186} INFO - Started process (PID=1937) to work on /home/airflow/.local/lib/python3.12/site-packages/airflow/example_dags/example_inlet_event_extra.py
[2024-10-13T09:17:28.555+0000] {processor.py:914} INFO - Processing file /home/airflow/.local/lib/python3.12/site-packages/airflow/example_dags/example_inlet_event_extra.py for tasks to queue
[2024-10-13T09:17:28.559+0000] {logging_mixin.py:190} INFO - [2024-10-13T09:17:28.559+0000] {dagbag.py:588} INFO - Filling up the DagBag from /home/airflow/.local/lib/python3.12/site-packages/airflow/example_dags/example_inlet_event_extra.py
[2024-10-13T09:17:28.736+0000] {processor.py:925} INFO - DAG(s) 'read_dataset_event_from_classic', 'read_dataset_event' retrieved from /home/airflow/.local/lib/python3.12/site-packages/airflow/example_dags/example_inlet_event_extra.py
[2024-10-13T09:17:28.791+0000] {logging_mixin.py:190} INFO - [2024-10-13T09:17:28.790+0000] {dag.py:3239} INFO - Sync 2 DAGs
[2024-10-13T09:17:28.824+0000] {logging_mixin.py:190} INFO - [2024-10-13T09:17:28.824+0000] {dag.py:4180} INFO - Setting next_dagrun for read_dataset_event to 2024-10-12 00:00:00+00:00, run_after=2024-10-13 00:00:00+00:00
[2024-10-13T09:17:28.832+0000] {logging_mixin.py:190} INFO - [2024-10-13T09:17:28.831+0000] {dag.py:4180} INFO - Setting next_dagrun for read_dataset_event_from_classic to 2024-10-12 00:00:00+00:00, run_after=2024-10-13 00:00:00+00:00
[2024-10-13T09:17:28.858+0000] {processor.py:208} INFO - Processing /home/airflow/.local/lib/python3.12/site-packages/airflow/example_dags/example_inlet_event_extra.py took 0.312 seconds
[2024-10-13T09:17:59.552+0000] {processor.py:186} INFO - Started process (PID=2000) to work on /home/airflow/.local/lib/python3.12/site-packages/airflow/example_dags/example_inlet_event_extra.py
[2024-10-13T09:17:59.554+0000] {processor.py:914} INFO - Processing file /home/airflow/.local/lib/python3.12/site-packages/airflow/example_dags/example_inlet_event_extra.py for tasks to queue
[2024-10-13T09:17:59.557+0000] {logging_mixin.py:190} INFO - [2024-10-13T09:17:59.556+0000] {dagbag.py:588} INFO - Filling up the DagBag from /home/airflow/.local/lib/python3.12/site-packages/airflow/example_dags/example_inlet_event_extra.py
[2024-10-13T09:17:59.654+0000] {processor.py:925} INFO - DAG(s) 'read_dataset_event_from_classic', 'read_dataset_event' retrieved from /home/airflow/.local/lib/python3.12/site-packages/airflow/example_dags/example_inlet_event_extra.py
[2024-10-13T09:17:59.674+0000] {logging_mixin.py:190} INFO - [2024-10-13T09:17:59.673+0000] {dag.py:3239} INFO - Sync 2 DAGs
[2024-10-13T09:17:59.694+0000] {logging_mixin.py:190} INFO - [2024-10-13T09:17:59.694+0000] {dag.py:4180} INFO - Setting next_dagrun for read_dataset_event to 2024-10-12 00:00:00+00:00, run_after=2024-10-13 00:00:00+00:00
[2024-10-13T09:17:59.699+0000] {logging_mixin.py:190} INFO - [2024-10-13T09:17:59.699+0000] {dag.py:4180} INFO - Setting next_dagrun for read_dataset_event_from_classic to 2024-10-12 00:00:00+00:00, run_after=2024-10-13 00:00:00+00:00
[2024-10-13T09:17:59.715+0000] {processor.py:208} INFO - Processing /home/airflow/.local/lib/python3.12/site-packages/airflow/example_dags/example_inlet_event_extra.py took 0.177 seconds
[2024-10-13T09:18:30.504+0000] {processor.py:186} INFO - Started process (PID=2063) to work on /home/airflow/.local/lib/python3.12/site-packages/airflow/example_dags/example_inlet_event_extra.py
[2024-10-13T09:18:30.565+0000] {processor.py:914} INFO - Processing file /home/airflow/.local/lib/python3.12/site-packages/airflow/example_dags/example_inlet_event_extra.py for tasks to queue
[2024-10-13T09:18:30.572+0000] {logging_mixin.py:190} INFO - [2024-10-13T09:18:30.572+0000] {dagbag.py:588} INFO - Filling up the DagBag from /home/airflow/.local/lib/python3.12/site-packages/airflow/example_dags/example_inlet_event_extra.py
[2024-10-13T09:18:30.734+0000] {processor.py:925} INFO - DAG(s) 'read_dataset_event_from_classic', 'read_dataset_event' retrieved from /home/airflow/.local/lib/python3.12/site-packages/airflow/example_dags/example_inlet_event_extra.py
[2024-10-13T09:18:30.767+0000] {logging_mixin.py:190} INFO - [2024-10-13T09:18:30.766+0000] {dag.py:3239} INFO - Sync 2 DAGs
[2024-10-13T09:18:30.799+0000] {logging_mixin.py:190} INFO - [2024-10-13T09:18:30.799+0000] {dag.py:4180} INFO - Setting next_dagrun for read_dataset_event to 2024-10-12 00:00:00+00:00, run_after=2024-10-13 00:00:00+00:00
[2024-10-13T09:18:30.807+0000] {logging_mixin.py:190} INFO - [2024-10-13T09:18:30.807+0000] {dag.py:4180} INFO - Setting next_dagrun for read_dataset_event_from_classic to 2024-10-12 00:00:00+00:00, run_after=2024-10-13 00:00:00+00:00
[2024-10-13T09:18:30.829+0000] {processor.py:208} INFO - Processing /home/airflow/.local/lib/python3.12/site-packages/airflow/example_dags/example_inlet_event_extra.py took 0.330 seconds
[2024-10-13T09:19:01.470+0000] {processor.py:186} INFO - Started process (PID=2126) to work on /home/airflow/.local/lib/python3.12/site-packages/airflow/example_dags/example_inlet_event_extra.py
[2024-10-13T09:19:01.472+0000] {processor.py:914} INFO - Processing file /home/airflow/.local/lib/python3.12/site-packages/airflow/example_dags/example_inlet_event_extra.py for tasks to queue
[2024-10-13T09:19:01.475+0000] {logging_mixin.py:190} INFO - [2024-10-13T09:19:01.475+0000] {dagbag.py:588} INFO - Filling up the DagBag from /home/airflow/.local/lib/python3.12/site-packages/airflow/example_dags/example_inlet_event_extra.py
[2024-10-13T09:19:01.727+0000] {processor.py:925} INFO - DAG(s) 'read_dataset_event_from_classic', 'read_dataset_event' retrieved from /home/airflow/.local/lib/python3.12/site-packages/airflow/example_dags/example_inlet_event_extra.py
[2024-10-13T09:19:01.769+0000] {logging_mixin.py:190} INFO - [2024-10-13T09:19:01.769+0000] {dag.py:3239} INFO - Sync 2 DAGs
[2024-10-13T09:19:01.813+0000] {logging_mixin.py:190} INFO - [2024-10-13T09:19:01.812+0000] {dag.py:4180} INFO - Setting next_dagrun for read_dataset_event to 2024-10-12 00:00:00+00:00, run_after=2024-10-13 00:00:00+00:00
[2024-10-13T09:19:01.824+0000] {logging_mixin.py:190} INFO - [2024-10-13T09:19:01.824+0000] {dag.py:4180} INFO - Setting next_dagrun for read_dataset_event_from_classic to 2024-10-12 00:00:00+00:00, run_after=2024-10-13 00:00:00+00:00
[2024-10-13T09:19:01.853+0000] {processor.py:208} INFO - Processing /home/airflow/.local/lib/python3.12/site-packages/airflow/example_dags/example_inlet_event_extra.py took 0.393 seconds
[2024-10-13T09:19:33.776+0000] {processor.py:186} INFO - Started process (PID=2189) to work on /home/airflow/.local/lib/python3.12/site-packages/airflow/example_dags/example_inlet_event_extra.py
[2024-10-13T09:19:33.782+0000] {processor.py:914} INFO - Processing file /home/airflow/.local/lib/python3.12/site-packages/airflow/example_dags/example_inlet_event_extra.py for tasks to queue
[2024-10-13T09:19:33.791+0000] {logging_mixin.py:190} INFO - [2024-10-13T09:19:33.790+0000] {dagbag.py:588} INFO - Filling up the DagBag from /home/airflow/.local/lib/python3.12/site-packages/airflow/example_dags/example_inlet_event_extra.py
[2024-10-13T09:19:34.187+0000] {processor.py:925} INFO - DAG(s) 'read_dataset_event_from_classic', 'read_dataset_event' retrieved from /home/airflow/.local/lib/python3.12/site-packages/airflow/example_dags/example_inlet_event_extra.py
[2024-10-13T09:19:34.301+0000] {logging_mixin.py:190} INFO - [2024-10-13T09:19:34.300+0000] {dag.py:3239} INFO - Sync 2 DAGs
[2024-10-13T09:19:34.441+0000] {logging_mixin.py:190} INFO - [2024-10-13T09:19:34.439+0000] {dag.py:4180} INFO - Setting next_dagrun for read_dataset_event to 2024-10-12 00:00:00+00:00, run_after=2024-10-13 00:00:00+00:00
[2024-10-13T09:19:34.470+0000] {logging_mixin.py:190} INFO - [2024-10-13T09:19:34.470+0000] {dag.py:4180} INFO - Setting next_dagrun for read_dataset_event_from_classic to 2024-10-12 00:00:00+00:00, run_after=2024-10-13 00:00:00+00:00
[2024-10-13T09:19:34.535+0000] {processor.py:208} INFO - Processing /home/airflow/.local/lib/python3.12/site-packages/airflow/example_dags/example_inlet_event_extra.py took 0.796 seconds
[2024-10-13T09:20:04.966+0000] {processor.py:186} INFO - Started process (PID=2252) to work on /home/airflow/.local/lib/python3.12/site-packages/airflow/example_dags/example_inlet_event_extra.py
[2024-10-13T09:20:04.967+0000] {processor.py:914} INFO - Processing file /home/airflow/.local/lib/python3.12/site-packages/airflow/example_dags/example_inlet_event_extra.py for tasks to queue
[2024-10-13T09:20:04.970+0000] {logging_mixin.py:190} INFO - [2024-10-13T09:20:04.969+0000] {dagbag.py:588} INFO - Filling up the DagBag from /home/airflow/.local/lib/python3.12/site-packages/airflow/example_dags/example_inlet_event_extra.py
[2024-10-13T09:20:05.125+0000] {processor.py:925} INFO - DAG(s) 'read_dataset_event_from_classic', 'read_dataset_event' retrieved from /home/airflow/.local/lib/python3.12/site-packages/airflow/example_dags/example_inlet_event_extra.py
[2024-10-13T09:20:05.152+0000] {logging_mixin.py:190} INFO - [2024-10-13T09:20:05.152+0000] {dag.py:3239} INFO - Sync 2 DAGs
[2024-10-13T09:20:05.196+0000] {logging_mixin.py:190} INFO - [2024-10-13T09:20:05.195+0000] {dag.py:4180} INFO - Setting next_dagrun for read_dataset_event to 2024-10-12 00:00:00+00:00, run_after=2024-10-13 00:00:00+00:00
[2024-10-13T09:20:05.206+0000] {logging_mixin.py:190} INFO - [2024-10-13T09:20:05.206+0000] {dag.py:4180} INFO - Setting next_dagrun for read_dataset_event_from_classic to 2024-10-12 00:00:00+00:00, run_after=2024-10-13 00:00:00+00:00
[2024-10-13T09:20:05.231+0000] {processor.py:208} INFO - Processing /home/airflow/.local/lib/python3.12/site-packages/airflow/example_dags/example_inlet_event_extra.py took 0.271 seconds
[2024-10-13T09:20:35.612+0000] {processor.py:186} INFO - Started process (PID=2315) to work on /home/airflow/.local/lib/python3.12/site-packages/airflow/example_dags/example_inlet_event_extra.py
[2024-10-13T09:20:35.614+0000] {processor.py:914} INFO - Processing file /home/airflow/.local/lib/python3.12/site-packages/airflow/example_dags/example_inlet_event_extra.py for tasks to queue
[2024-10-13T09:20:35.616+0000] {logging_mixin.py:190} INFO - [2024-10-13T09:20:35.616+0000] {dagbag.py:588} INFO - Filling up the DagBag from /home/airflow/.local/lib/python3.12/site-packages/airflow/example_dags/example_inlet_event_extra.py
[2024-10-13T09:20:35.741+0000] {processor.py:925} INFO - DAG(s) 'read_dataset_event', 'read_dataset_event_from_classic' retrieved from /home/airflow/.local/lib/python3.12/site-packages/airflow/example_dags/example_inlet_event_extra.py
[2024-10-13T09:20:35.763+0000] {logging_mixin.py:190} INFO - [2024-10-13T09:20:35.762+0000] {dag.py:3239} INFO - Sync 2 DAGs
[2024-10-13T09:20:35.784+0000] {logging_mixin.py:190} INFO - [2024-10-13T09:20:35.784+0000] {dag.py:4180} INFO - Setting next_dagrun for read_dataset_event to 2024-10-12 00:00:00+00:00, run_after=2024-10-13 00:00:00+00:00
[2024-10-13T09:20:35.790+0000] {logging_mixin.py:190} INFO - [2024-10-13T09:20:35.790+0000] {dag.py:4180} INFO - Setting next_dagrun for read_dataset_event_from_classic to 2024-10-12 00:00:00+00:00, run_after=2024-10-13 00:00:00+00:00
[2024-10-13T09:20:36.063+0000] {processor.py:208} INFO - Processing /home/airflow/.local/lib/python3.12/site-packages/airflow/example_dags/example_inlet_event_extra.py took 0.456 seconds
[2024-10-13T09:21:06.909+0000] {processor.py:186} INFO - Started process (PID=2378) to work on /home/airflow/.local/lib/python3.12/site-packages/airflow/example_dags/example_inlet_event_extra.py
[2024-10-13T09:21:06.910+0000] {processor.py:914} INFO - Processing file /home/airflow/.local/lib/python3.12/site-packages/airflow/example_dags/example_inlet_event_extra.py for tasks to queue
[2024-10-13T09:21:06.912+0000] {logging_mixin.py:190} INFO - [2024-10-13T09:21:06.912+0000] {dagbag.py:588} INFO - Filling up the DagBag from /home/airflow/.local/lib/python3.12/site-packages/airflow/example_dags/example_inlet_event_extra.py
[2024-10-13T09:21:07.029+0000] {processor.py:925} INFO - DAG(s) 'read_dataset_event', 'read_dataset_event_from_classic' retrieved from /home/airflow/.local/lib/python3.12/site-packages/airflow/example_dags/example_inlet_event_extra.py
[2024-10-13T09:21:07.054+0000] {logging_mixin.py:190} INFO - [2024-10-13T09:21:07.054+0000] {dag.py:3239} INFO - Sync 2 DAGs
[2024-10-13T09:21:07.075+0000] {logging_mixin.py:190} INFO - [2024-10-13T09:21:07.075+0000] {dag.py:4180} INFO - Setting next_dagrun for read_dataset_event to 2024-10-12 00:00:00+00:00, run_after=2024-10-13 00:00:00+00:00
[2024-10-13T09:21:07.080+0000] {logging_mixin.py:190} INFO - [2024-10-13T09:21:07.080+0000] {dag.py:4180} INFO - Setting next_dagrun for read_dataset_event_from_classic to 2024-10-12 00:00:00+00:00, run_after=2024-10-13 00:00:00+00:00
[2024-10-13T09:21:07.095+0000] {processor.py:208} INFO - Processing /home/airflow/.local/lib/python3.12/site-packages/airflow/example_dags/example_inlet_event_extra.py took 0.191 seconds
[2024-10-13T09:21:37.471+0000] {processor.py:186} INFO - Started process (PID=2442) to work on /home/airflow/.local/lib/python3.12/site-packages/airflow/example_dags/example_inlet_event_extra.py
[2024-10-13T09:21:37.473+0000] {processor.py:914} INFO - Processing file /home/airflow/.local/lib/python3.12/site-packages/airflow/example_dags/example_inlet_event_extra.py for tasks to queue
[2024-10-13T09:21:37.478+0000] {logging_mixin.py:190} INFO - [2024-10-13T09:21:37.478+0000] {dagbag.py:588} INFO - Filling up the DagBag from /home/airflow/.local/lib/python3.12/site-packages/airflow/example_dags/example_inlet_event_extra.py
[2024-10-13T09:21:37.630+0000] {processor.py:925} INFO - DAG(s) 'read_dataset_event_from_classic', 'read_dataset_event' retrieved from /home/airflow/.local/lib/python3.12/site-packages/airflow/example_dags/example_inlet_event_extra.py
[2024-10-13T09:21:37.664+0000] {logging_mixin.py:190} INFO - [2024-10-13T09:21:37.663+0000] {dag.py:3239} INFO - Sync 2 DAGs
[2024-10-13T09:21:37.695+0000] {logging_mixin.py:190} INFO - [2024-10-13T09:21:37.694+0000] {dag.py:4180} INFO - Setting next_dagrun for read_dataset_event to 2024-10-12 00:00:00+00:00, run_after=2024-10-13 00:00:00+00:00
[2024-10-13T09:21:37.700+0000] {logging_mixin.py:190} INFO - [2024-10-13T09:21:37.700+0000] {dag.py:4180} INFO - Setting next_dagrun for read_dataset_event_from_classic to 2024-10-12 00:00:00+00:00, run_after=2024-10-13 00:00:00+00:00
[2024-10-13T09:21:37.722+0000] {processor.py:208} INFO - Processing /home/airflow/.local/lib/python3.12/site-packages/airflow/example_dags/example_inlet_event_extra.py took 0.257 seconds
[2024-10-13T09:22:08.212+0000] {processor.py:186} INFO - Started process (PID=2505) to work on /home/airflow/.local/lib/python3.12/site-packages/airflow/example_dags/example_inlet_event_extra.py
[2024-10-13T09:22:08.214+0000] {processor.py:914} INFO - Processing file /home/airflow/.local/lib/python3.12/site-packages/airflow/example_dags/example_inlet_event_extra.py for tasks to queue
[2024-10-13T09:22:08.219+0000] {logging_mixin.py:190} INFO - [2024-10-13T09:22:08.218+0000] {dagbag.py:588} INFO - Filling up the DagBag from /home/airflow/.local/lib/python3.12/site-packages/airflow/example_dags/example_inlet_event_extra.py
[2024-10-13T09:22:08.380+0000] {processor.py:925} INFO - DAG(s) 'read_dataset_event', 'read_dataset_event_from_classic' retrieved from /home/airflow/.local/lib/python3.12/site-packages/airflow/example_dags/example_inlet_event_extra.py
[2024-10-13T09:22:08.408+0000] {logging_mixin.py:190} INFO - [2024-10-13T09:22:08.408+0000] {dag.py:3239} INFO - Sync 2 DAGs
[2024-10-13T09:22:08.437+0000] {logging_mixin.py:190} INFO - [2024-10-13T09:22:08.437+0000] {dag.py:4180} INFO - Setting next_dagrun for read_dataset_event to 2024-10-12 00:00:00+00:00, run_after=2024-10-13 00:00:00+00:00
[2024-10-13T09:22:08.442+0000] {logging_mixin.py:190} INFO - [2024-10-13T09:22:08.442+0000] {dag.py:4180} INFO - Setting next_dagrun for read_dataset_event_from_classic to 2024-10-12 00:00:00+00:00, run_after=2024-10-13 00:00:00+00:00
[2024-10-13T09:22:08.463+0000] {processor.py:208} INFO - Processing /home/airflow/.local/lib/python3.12/site-packages/airflow/example_dags/example_inlet_event_extra.py took 0.258 seconds
[2024-10-13T09:22:38.762+0000] {processor.py:186} INFO - Started process (PID=2568) to work on /home/airflow/.local/lib/python3.12/site-packages/airflow/example_dags/example_inlet_event_extra.py
[2024-10-13T09:22:38.764+0000] {processor.py:914} INFO - Processing file /home/airflow/.local/lib/python3.12/site-packages/airflow/example_dags/example_inlet_event_extra.py for tasks to queue
[2024-10-13T09:22:38.766+0000] {logging_mixin.py:190} INFO - [2024-10-13T09:22:38.766+0000] {dagbag.py:588} INFO - Filling up the DagBag from /home/airflow/.local/lib/python3.12/site-packages/airflow/example_dags/example_inlet_event_extra.py
[2024-10-13T09:22:38.882+0000] {processor.py:925} INFO - DAG(s) 'read_dataset_event_from_classic', 'read_dataset_event' retrieved from /home/airflow/.local/lib/python3.12/site-packages/airflow/example_dags/example_inlet_event_extra.py
[2024-10-13T09:22:38.907+0000] {logging_mixin.py:190} INFO - [2024-10-13T09:22:38.907+0000] {dag.py:3239} INFO - Sync 2 DAGs
[2024-10-13T09:22:38.937+0000] {logging_mixin.py:190} INFO - [2024-10-13T09:22:38.937+0000] {dag.py:4180} INFO - Setting next_dagrun for read_dataset_event to 2024-10-12 00:00:00+00:00, run_after=2024-10-13 00:00:00+00:00
[2024-10-13T09:22:39.143+0000] {logging_mixin.py:190} INFO - [2024-10-13T09:22:39.143+0000] {dag.py:4180} INFO - Setting next_dagrun for read_dataset_event_from_classic to 2024-10-12 00:00:00+00:00, run_after=2024-10-13 00:00:00+00:00
[2024-10-13T09:22:39.166+0000] {processor.py:208} INFO - Processing /home/airflow/.local/lib/python3.12/site-packages/airflow/example_dags/example_inlet_event_extra.py took 0.409 seconds
[2024-10-13T09:23:09.382+0000] {processor.py:186} INFO - Started process (PID=2631) to work on /home/airflow/.local/lib/python3.12/site-packages/airflow/example_dags/example_inlet_event_extra.py
[2024-10-13T09:23:09.383+0000] {processor.py:914} INFO - Processing file /home/airflow/.local/lib/python3.12/site-packages/airflow/example_dags/example_inlet_event_extra.py for tasks to queue
[2024-10-13T09:23:09.385+0000] {logging_mixin.py:190} INFO - [2024-10-13T09:23:09.385+0000] {dagbag.py:588} INFO - Filling up the DagBag from /home/airflow/.local/lib/python3.12/site-packages/airflow/example_dags/example_inlet_event_extra.py
[2024-10-13T09:23:09.516+0000] {processor.py:925} INFO - DAG(s) 'read_dataset_event_from_classic', 'read_dataset_event' retrieved from /home/airflow/.local/lib/python3.12/site-packages/airflow/example_dags/example_inlet_event_extra.py
[2024-10-13T09:23:09.539+0000] {logging_mixin.py:190} INFO - [2024-10-13T09:23:09.539+0000] {dag.py:3239} INFO - Sync 2 DAGs
[2024-10-13T09:23:09.568+0000] {logging_mixin.py:190} INFO - [2024-10-13T09:23:09.568+0000] {dag.py:4180} INFO - Setting next_dagrun for read_dataset_event to 2024-10-12 00:00:00+00:00, run_after=2024-10-13 00:00:00+00:00
[2024-10-13T09:23:09.574+0000] {logging_mixin.py:190} INFO - [2024-10-13T09:23:09.574+0000] {dag.py:4180} INFO - Setting next_dagrun for read_dataset_event_from_classic to 2024-10-12 00:00:00+00:00, run_after=2024-10-13 00:00:00+00:00
[2024-10-13T09:23:09.601+0000] {processor.py:208} INFO - Processing /home/airflow/.local/lib/python3.12/site-packages/airflow/example_dags/example_inlet_event_extra.py took 0.226 seconds
[2024-10-13T09:23:39.797+0000] {processor.py:186} INFO - Started process (PID=2693) to work on /home/airflow/.local/lib/python3.12/site-packages/airflow/example_dags/example_inlet_event_extra.py
[2024-10-13T09:23:39.801+0000] {processor.py:914} INFO - Processing file /home/airflow/.local/lib/python3.12/site-packages/airflow/example_dags/example_inlet_event_extra.py for tasks to queue
[2024-10-13T09:23:39.810+0000] {logging_mixin.py:190} INFO - [2024-10-13T09:23:39.809+0000] {dagbag.py:588} INFO - Filling up the DagBag from /home/airflow/.local/lib/python3.12/site-packages/airflow/example_dags/example_inlet_event_extra.py
[2024-10-13T09:23:40.190+0000] {processor.py:925} INFO - DAG(s) 'read_dataset_event_from_classic', 'read_dataset_event' retrieved from /home/airflow/.local/lib/python3.12/site-packages/airflow/example_dags/example_inlet_event_extra.py
[2024-10-13T09:23:40.263+0000] {logging_mixin.py:190} INFO - [2024-10-13T09:23:40.263+0000] {dag.py:3239} INFO - Sync 2 DAGs
[2024-10-13T09:23:40.327+0000] {logging_mixin.py:190} INFO - [2024-10-13T09:23:40.326+0000] {dag.py:4180} INFO - Setting next_dagrun for read_dataset_event to 2024-10-12 00:00:00+00:00, run_after=2024-10-13 00:00:00+00:00
[2024-10-13T09:23:40.349+0000] {logging_mixin.py:190} INFO - [2024-10-13T09:23:40.349+0000] {dag.py:4180} INFO - Setting next_dagrun for read_dataset_event_from_classic to 2024-10-12 00:00:00+00:00, run_after=2024-10-13 00:00:00+00:00
[2024-10-13T09:23:40.399+0000] {processor.py:208} INFO - Processing /home/airflow/.local/lib/python3.12/site-packages/airflow/example_dags/example_inlet_event_extra.py took 0.614 seconds
[2024-10-13T09:24:11.013+0000] {processor.py:186} INFO - Started process (PID=2758) to work on /home/airflow/.local/lib/python3.12/site-packages/airflow/example_dags/example_inlet_event_extra.py
[2024-10-13T09:24:11.015+0000] {processor.py:914} INFO - Processing file /home/airflow/.local/lib/python3.12/site-packages/airflow/example_dags/example_inlet_event_extra.py for tasks to queue
[2024-10-13T09:24:11.017+0000] {logging_mixin.py:190} INFO - [2024-10-13T09:24:11.017+0000] {dagbag.py:588} INFO - Filling up the DagBag from /home/airflow/.local/lib/python3.12/site-packages/airflow/example_dags/example_inlet_event_extra.py
[2024-10-13T09:24:11.160+0000] {processor.py:925} INFO - DAG(s) 'read_dataset_event_from_classic', 'read_dataset_event' retrieved from /home/airflow/.local/lib/python3.12/site-packages/airflow/example_dags/example_inlet_event_extra.py
[2024-10-13T09:24:11.189+0000] {logging_mixin.py:190} INFO - [2024-10-13T09:24:11.189+0000] {dag.py:3239} INFO - Sync 2 DAGs
[2024-10-13T09:24:11.421+0000] {logging_mixin.py:190} INFO - [2024-10-13T09:24:11.420+0000] {dag.py:4180} INFO - Setting next_dagrun for read_dataset_event to 2024-10-12 00:00:00+00:00, run_after=2024-10-13 00:00:00+00:00
[2024-10-13T09:24:11.430+0000] {logging_mixin.py:190} INFO - [2024-10-13T09:24:11.430+0000] {dag.py:4180} INFO - Setting next_dagrun for read_dataset_event_from_classic to 2024-10-12 00:00:00+00:00, run_after=2024-10-13 00:00:00+00:00
[2024-10-13T09:24:11.459+0000] {processor.py:208} INFO - Processing /home/airflow/.local/lib/python3.12/site-packages/airflow/example_dags/example_inlet_event_extra.py took 0.452 seconds
[2024-10-13T09:24:42.024+0000] {processor.py:186} INFO - Started process (PID=2820) to work on /home/airflow/.local/lib/python3.12/site-packages/airflow/example_dags/example_inlet_event_extra.py
[2024-10-13T09:24:42.029+0000] {processor.py:914} INFO - Processing file /home/airflow/.local/lib/python3.12/site-packages/airflow/example_dags/example_inlet_event_extra.py for tasks to queue
[2024-10-13T09:24:42.039+0000] {logging_mixin.py:190} INFO - [2024-10-13T09:24:42.038+0000] {dagbag.py:588} INFO - Filling up the DagBag from /home/airflow/.local/lib/python3.12/site-packages/airflow/example_dags/example_inlet_event_extra.py
[2024-10-13T09:24:42.498+0000] {processor.py:925} INFO - DAG(s) 'read_dataset_event_from_classic', 'read_dataset_event' retrieved from /home/airflow/.local/lib/python3.12/site-packages/airflow/example_dags/example_inlet_event_extra.py
[2024-10-13T09:24:42.598+0000] {logging_mixin.py:190} INFO - [2024-10-13T09:24:42.598+0000] {dag.py:3239} INFO - Sync 2 DAGs
[2024-10-13T09:24:42.687+0000] {logging_mixin.py:190} INFO - [2024-10-13T09:24:42.686+0000] {dag.py:4180} INFO - Setting next_dagrun for read_dataset_event to 2024-10-12 00:00:00+00:00, run_after=2024-10-13 00:00:00+00:00
[2024-10-13T09:24:43.234+0000] {logging_mixin.py:190} INFO - [2024-10-13T09:24:43.233+0000] {dag.py:4180} INFO - Setting next_dagrun for read_dataset_event_from_classic to 2024-10-12 00:00:00+00:00, run_after=2024-10-13 00:00:00+00:00
[2024-10-13T09:24:43.304+0000] {processor.py:208} INFO - Processing /home/airflow/.local/lib/python3.12/site-packages/airflow/example_dags/example_inlet_event_extra.py took 1.301 seconds
[2024-10-13T09:25:14.032+0000] {processor.py:186} INFO - Started process (PID=2884) to work on /home/airflow/.local/lib/python3.12/site-packages/airflow/example_dags/example_inlet_event_extra.py
[2024-10-13T09:25:14.034+0000] {processor.py:914} INFO - Processing file /home/airflow/.local/lib/python3.12/site-packages/airflow/example_dags/example_inlet_event_extra.py for tasks to queue
[2024-10-13T09:25:14.038+0000] {logging_mixin.py:190} INFO - [2024-10-13T09:25:14.038+0000] {dagbag.py:588} INFO - Filling up the DagBag from /home/airflow/.local/lib/python3.12/site-packages/airflow/example_dags/example_inlet_event_extra.py
[2024-10-13T09:25:14.506+0000] {processor.py:925} INFO - DAG(s) 'read_dataset_event', 'read_dataset_event_from_classic' retrieved from /home/airflow/.local/lib/python3.12/site-packages/airflow/example_dags/example_inlet_event_extra.py
[2024-10-13T09:25:14.533+0000] {logging_mixin.py:190} INFO - [2024-10-13T09:25:14.533+0000] {dag.py:3239} INFO - Sync 2 DAGs
[2024-10-13T09:25:14.565+0000] {logging_mixin.py:190} INFO - [2024-10-13T09:25:14.565+0000] {dag.py:4180} INFO - Setting next_dagrun for read_dataset_event to 2024-10-12 00:00:00+00:00, run_after=2024-10-13 00:00:00+00:00
[2024-10-13T09:25:14.571+0000] {logging_mixin.py:190} INFO - [2024-10-13T09:25:14.571+0000] {dag.py:4180} INFO - Setting next_dagrun for read_dataset_event_from_classic to 2024-10-12 00:00:00+00:00, run_after=2024-10-13 00:00:00+00:00
[2024-10-13T09:25:14.597+0000] {processor.py:208} INFO - Processing /home/airflow/.local/lib/python3.12/site-packages/airflow/example_dags/example_inlet_event_extra.py took 0.571 seconds
[2024-10-13T09:25:44.983+0000] {processor.py:186} INFO - Started process (PID=2947) to work on /home/airflow/.local/lib/python3.12/site-packages/airflow/example_dags/example_inlet_event_extra.py
[2024-10-13T09:25:44.985+0000] {processor.py:914} INFO - Processing file /home/airflow/.local/lib/python3.12/site-packages/airflow/example_dags/example_inlet_event_extra.py for tasks to queue
[2024-10-13T09:25:44.991+0000] {logging_mixin.py:190} INFO - [2024-10-13T09:25:44.990+0000] {dagbag.py:588} INFO - Filling up the DagBag from /home/airflow/.local/lib/python3.12/site-packages/airflow/example_dags/example_inlet_event_extra.py
[2024-10-13T09:25:45.530+0000] {processor.py:925} INFO - DAG(s) 'read_dataset_event_from_classic', 'read_dataset_event' retrieved from /home/airflow/.local/lib/python3.12/site-packages/airflow/example_dags/example_inlet_event_extra.py
[2024-10-13T09:25:45.558+0000] {logging_mixin.py:190} INFO - [2024-10-13T09:25:45.558+0000] {dag.py:3239} INFO - Sync 2 DAGs
[2024-10-13T09:25:45.586+0000] {logging_mixin.py:190} INFO - [2024-10-13T09:25:45.585+0000] {dag.py:4180} INFO - Setting next_dagrun for read_dataset_event to 2024-10-12 00:00:00+00:00, run_after=2024-10-13 00:00:00+00:00
[2024-10-13T09:25:45.594+0000] {logging_mixin.py:190} INFO - [2024-10-13T09:25:45.594+0000] {dag.py:4180} INFO - Setting next_dagrun for read_dataset_event_from_classic to 2024-10-12 00:00:00+00:00, run_after=2024-10-13 00:00:00+00:00
[2024-10-13T09:25:45.621+0000] {processor.py:208} INFO - Processing /home/airflow/.local/lib/python3.12/site-packages/airflow/example_dags/example_inlet_event_extra.py took 0.645 seconds
[2024-10-13T09:26:16.300+0000] {processor.py:186} INFO - Started process (PID=3010) to work on /home/airflow/.local/lib/python3.12/site-packages/airflow/example_dags/example_inlet_event_extra.py
[2024-10-13T09:26:16.302+0000] {processor.py:914} INFO - Processing file /home/airflow/.local/lib/python3.12/site-packages/airflow/example_dags/example_inlet_event_extra.py for tasks to queue
[2024-10-13T09:26:16.305+0000] {logging_mixin.py:190} INFO - [2024-10-13T09:26:16.305+0000] {dagbag.py:588} INFO - Filling up the DagBag from /home/airflow/.local/lib/python3.12/site-packages/airflow/example_dags/example_inlet_event_extra.py
[2024-10-13T09:26:16.484+0000] {processor.py:925} INFO - DAG(s) 'read_dataset_event', 'read_dataset_event_from_classic' retrieved from /home/airflow/.local/lib/python3.12/site-packages/airflow/example_dags/example_inlet_event_extra.py
[2024-10-13T09:26:16.524+0000] {logging_mixin.py:190} INFO - [2024-10-13T09:26:16.524+0000] {dag.py:3239} INFO - Sync 2 DAGs
[2024-10-13T09:26:17.781+0000] {logging_mixin.py:190} INFO - [2024-10-13T09:26:17.780+0000] {dag.py:4180} INFO - Setting next_dagrun for read_dataset_event to 2024-10-12 00:00:00+00:00, run_after=2024-10-13 00:00:00+00:00
[2024-10-13T09:26:17.804+0000] {logging_mixin.py:190} INFO - [2024-10-13T09:26:17.803+0000] {dag.py:4180} INFO - Setting next_dagrun for read_dataset_event_from_classic to 2024-10-12 00:00:00+00:00, run_after=2024-10-13 00:00:00+00:00
[2024-10-13T09:26:18.498+0000] {processor.py:208} INFO - Processing /home/airflow/.local/lib/python3.12/site-packages/airflow/example_dags/example_inlet_event_extra.py took 2.204 seconds
[2024-10-13T09:26:49.371+0000] {processor.py:186} INFO - Started process (PID=3078) to work on /home/airflow/.local/lib/python3.12/site-packages/airflow/example_dags/example_inlet_event_extra.py
[2024-10-13T09:26:49.412+0000] {processor.py:914} INFO - Processing file /home/airflow/.local/lib/python3.12/site-packages/airflow/example_dags/example_inlet_event_extra.py for tasks to queue
[2024-10-13T09:26:49.436+0000] {logging_mixin.py:190} INFO - [2024-10-13T09:26:49.436+0000] {dagbag.py:588} INFO - Filling up the DagBag from /home/airflow/.local/lib/python3.12/site-packages/airflow/example_dags/example_inlet_event_extra.py
[2024-10-13T09:26:50.344+0000] {processor.py:925} INFO - DAG(s) 'read_dataset_event', 'read_dataset_event_from_classic' retrieved from /home/airflow/.local/lib/python3.12/site-packages/airflow/example_dags/example_inlet_event_extra.py
[2024-10-13T09:26:50.396+0000] {logging_mixin.py:190} INFO - [2024-10-13T09:26:50.396+0000] {dag.py:3239} INFO - Sync 2 DAGs
[2024-10-13T09:26:50.434+0000] {logging_mixin.py:190} INFO - [2024-10-13T09:26:50.433+0000] {dag.py:4180} INFO - Setting next_dagrun for read_dataset_event to 2024-10-12 00:00:00+00:00, run_after=2024-10-13 00:00:00+00:00
[2024-10-13T09:26:50.446+0000] {logging_mixin.py:190} INFO - [2024-10-13T09:26:50.446+0000] {dag.py:4180} INFO - Setting next_dagrun for read_dataset_event_from_classic to 2024-10-12 00:00:00+00:00, run_after=2024-10-13 00:00:00+00:00
[2024-10-13T09:26:50.486+0000] {processor.py:208} INFO - Processing /home/airflow/.local/lib/python3.12/site-packages/airflow/example_dags/example_inlet_event_extra.py took 1.136 seconds
[2024-10-13T09:27:25.433+0000] {processor.py:186} INFO - Started process (PID=3140) to work on /home/airflow/.local/lib/python3.12/site-packages/airflow/example_dags/example_inlet_event_extra.py
[2024-10-13T09:27:25.438+0000] {processor.py:914} INFO - Processing file /home/airflow/.local/lib/python3.12/site-packages/airflow/example_dags/example_inlet_event_extra.py for tasks to queue
[2024-10-13T09:27:25.446+0000] {logging_mixin.py:190} INFO - [2024-10-13T09:27:25.445+0000] {dagbag.py:588} INFO - Filling up the DagBag from /home/airflow/.local/lib/python3.12/site-packages/airflow/example_dags/example_inlet_event_extra.py
[2024-10-13T09:27:26.172+0000] {processor.py:925} INFO - DAG(s) 'read_dataset_event_from_classic', 'read_dataset_event' retrieved from /home/airflow/.local/lib/python3.12/site-packages/airflow/example_dags/example_inlet_event_extra.py
[2024-10-13T09:27:26.261+0000] {logging_mixin.py:190} INFO - [2024-10-13T09:27:26.260+0000] {dag.py:3239} INFO - Sync 2 DAGs
[2024-10-13T09:27:26.344+0000] {logging_mixin.py:190} INFO - [2024-10-13T09:27:26.343+0000] {dag.py:4180} INFO - Setting next_dagrun for read_dataset_event to 2024-10-12 00:00:00+00:00, run_after=2024-10-13 00:00:00+00:00
[2024-10-13T09:27:26.357+0000] {logging_mixin.py:190} INFO - [2024-10-13T09:27:26.356+0000] {dag.py:4180} INFO - Setting next_dagrun for read_dataset_event_from_classic to 2024-10-12 00:00:00+00:00, run_after=2024-10-13 00:00:00+00:00
[2024-10-13T09:27:26.406+0000] {processor.py:208} INFO - Processing /home/airflow/.local/lib/python3.12/site-packages/airflow/example_dags/example_inlet_event_extra.py took 0.983 seconds
[2024-10-13T09:27:58.406+0000] {processor.py:186} INFO - Started process (PID=3208) to work on /home/airflow/.local/lib/python3.12/site-packages/airflow/example_dags/example_inlet_event_extra.py
[2024-10-13T09:27:58.409+0000] {processor.py:914} INFO - Processing file /home/airflow/.local/lib/python3.12/site-packages/airflow/example_dags/example_inlet_event_extra.py for tasks to queue
[2024-10-13T09:27:58.414+0000] {logging_mixin.py:190} INFO - [2024-10-13T09:27:58.413+0000] {dagbag.py:588} INFO - Filling up the DagBag from /home/airflow/.local/lib/python3.12/site-packages/airflow/example_dags/example_inlet_event_extra.py
[2024-10-13T09:27:59.005+0000] {processor.py:925} INFO - DAG(s) 'read_dataset_event_from_classic', 'read_dataset_event' retrieved from /home/airflow/.local/lib/python3.12/site-packages/airflow/example_dags/example_inlet_event_extra.py
[2024-10-13T09:27:59.060+0000] {logging_mixin.py:190} INFO - [2024-10-13T09:27:59.059+0000] {dag.py:3239} INFO - Sync 2 DAGs
[2024-10-13T09:27:59.112+0000] {logging_mixin.py:190} INFO - [2024-10-13T09:27:59.110+0000] {dag.py:4180} INFO - Setting next_dagrun for read_dataset_event to 2024-10-12 00:00:00+00:00, run_after=2024-10-13 00:00:00+00:00
[2024-10-13T09:27:59.122+0000] {logging_mixin.py:190} INFO - [2024-10-13T09:27:59.122+0000] {dag.py:4180} INFO - Setting next_dagrun for read_dataset_event_from_classic to 2024-10-12 00:00:00+00:00, run_after=2024-10-13 00:00:00+00:00
[2024-10-13T09:27:59.160+0000] {processor.py:208} INFO - Processing /home/airflow/.local/lib/python3.12/site-packages/airflow/example_dags/example_inlet_event_extra.py took 0.762 seconds
[2024-10-13T09:28:30.208+0000] {processor.py:186} INFO - Started process (PID=3271) to work on /home/airflow/.local/lib/python3.12/site-packages/airflow/example_dags/example_inlet_event_extra.py
[2024-10-13T09:28:30.211+0000] {processor.py:914} INFO - Processing file /home/airflow/.local/lib/python3.12/site-packages/airflow/example_dags/example_inlet_event_extra.py for tasks to queue
[2024-10-13T09:28:30.216+0000] {logging_mixin.py:190} INFO - [2024-10-13T09:28:30.215+0000] {dagbag.py:588} INFO - Filling up the DagBag from /home/airflow/.local/lib/python3.12/site-packages/airflow/example_dags/example_inlet_event_extra.py
[2024-10-13T09:28:30.683+0000] {processor.py:925} INFO - DAG(s) 'read_dataset_event', 'read_dataset_event_from_classic' retrieved from /home/airflow/.local/lib/python3.12/site-packages/airflow/example_dags/example_inlet_event_extra.py
[2024-10-13T09:28:30.721+0000] {logging_mixin.py:190} INFO - [2024-10-13T09:28:30.721+0000] {dag.py:3239} INFO - Sync 2 DAGs
[2024-10-13T09:28:30.779+0000] {logging_mixin.py:190} INFO - [2024-10-13T09:28:30.778+0000] {dag.py:4180} INFO - Setting next_dagrun for read_dataset_event to 2024-10-12 00:00:00+00:00, run_after=2024-10-13 00:00:00+00:00
[2024-10-13T09:28:30.835+0000] {logging_mixin.py:190} INFO - [2024-10-13T09:28:30.834+0000] {dag.py:4180} INFO - Setting next_dagrun for read_dataset_event_from_classic to 2024-10-12 00:00:00+00:00, run_after=2024-10-13 00:00:00+00:00
[2024-10-13T09:28:30.931+0000] {processor.py:208} INFO - Processing /home/airflow/.local/lib/python3.12/site-packages/airflow/example_dags/example_inlet_event_extra.py took 0.735 seconds
[2024-10-13T09:29:03.781+0000] {processor.py:186} INFO - Started process (PID=3337) to work on /home/airflow/.local/lib/python3.12/site-packages/airflow/example_dags/example_inlet_event_extra.py
[2024-10-13T09:29:03.783+0000] {processor.py:914} INFO - Processing file /home/airflow/.local/lib/python3.12/site-packages/airflow/example_dags/example_inlet_event_extra.py for tasks to queue
[2024-10-13T09:29:03.787+0000] {logging_mixin.py:190} INFO - [2024-10-13T09:29:03.786+0000] {dagbag.py:588} INFO - Filling up the DagBag from /home/airflow/.local/lib/python3.12/site-packages/airflow/example_dags/example_inlet_event_extra.py
[2024-10-13T09:29:04.363+0000] {processor.py:925} INFO - DAG(s) 'read_dataset_event_from_classic', 'read_dataset_event' retrieved from /home/airflow/.local/lib/python3.12/site-packages/airflow/example_dags/example_inlet_event_extra.py
[2024-10-13T09:29:04.412+0000] {logging_mixin.py:190} INFO - [2024-10-13T09:29:04.411+0000] {dag.py:3239} INFO - Sync 2 DAGs
[2024-10-13T09:29:04.460+0000] {logging_mixin.py:190} INFO - [2024-10-13T09:29:04.459+0000] {dag.py:4180} INFO - Setting next_dagrun for read_dataset_event to 2024-10-12 00:00:00+00:00, run_after=2024-10-13 00:00:00+00:00
[2024-10-13T09:29:04.474+0000] {logging_mixin.py:190} INFO - [2024-10-13T09:29:04.474+0000] {dag.py:4180} INFO - Setting next_dagrun for read_dataset_event_from_classic to 2024-10-12 00:00:00+00:00, run_after=2024-10-13 00:00:00+00:00
[2024-10-13T09:29:04.513+0000] {processor.py:208} INFO - Processing /home/airflow/.local/lib/python3.12/site-packages/airflow/example_dags/example_inlet_event_extra.py took 0.743 seconds
[2024-10-13T09:29:35.334+0000] {processor.py:186} INFO - Started process (PID=3401) to work on /home/airflow/.local/lib/python3.12/site-packages/airflow/example_dags/example_inlet_event_extra.py
[2024-10-13T09:29:35.338+0000] {processor.py:914} INFO - Processing file /home/airflow/.local/lib/python3.12/site-packages/airflow/example_dags/example_inlet_event_extra.py for tasks to queue
[2024-10-13T09:29:35.344+0000] {logging_mixin.py:190} INFO - [2024-10-13T09:29:35.343+0000] {dagbag.py:588} INFO - Filling up the DagBag from /home/airflow/.local/lib/python3.12/site-packages/airflow/example_dags/example_inlet_event_extra.py
[2024-10-13T09:29:35.762+0000] {processor.py:925} INFO - DAG(s) 'read_dataset_event_from_classic', 'read_dataset_event' retrieved from /home/airflow/.local/lib/python3.12/site-packages/airflow/example_dags/example_inlet_event_extra.py
[2024-10-13T09:29:35.788+0000] {logging_mixin.py:190} INFO - [2024-10-13T09:29:35.787+0000] {dag.py:3239} INFO - Sync 2 DAGs
[2024-10-13T09:29:35.814+0000] {logging_mixin.py:190} INFO - [2024-10-13T09:29:35.814+0000] {dag.py:4180} INFO - Setting next_dagrun for read_dataset_event to 2024-10-12 00:00:00+00:00, run_after=2024-10-13 00:00:00+00:00
[2024-10-13T09:29:35.821+0000] {logging_mixin.py:190} INFO - [2024-10-13T09:29:35.821+0000] {dag.py:4180} INFO - Setting next_dagrun for read_dataset_event_from_classic to 2024-10-12 00:00:00+00:00, run_after=2024-10-13 00:00:00+00:00
[2024-10-13T09:29:35.842+0000] {processor.py:208} INFO - Processing /home/airflow/.local/lib/python3.12/site-packages/airflow/example_dags/example_inlet_event_extra.py took 0.521 seconds
[2024-10-13T09:30:06.695+0000] {processor.py:186} INFO - Started process (PID=3464) to work on /home/airflow/.local/lib/python3.12/site-packages/airflow/example_dags/example_inlet_event_extra.py
[2024-10-13T09:30:06.698+0000] {processor.py:914} INFO - Processing file /home/airflow/.local/lib/python3.12/site-packages/airflow/example_dags/example_inlet_event_extra.py for tasks to queue
[2024-10-13T09:30:06.704+0000] {logging_mixin.py:190} INFO - [2024-10-13T09:30:06.703+0000] {dagbag.py:588} INFO - Filling up the DagBag from /home/airflow/.local/lib/python3.12/site-packages/airflow/example_dags/example_inlet_event_extra.py
[2024-10-13T09:30:07.100+0000] {processor.py:925} INFO - DAG(s) 'read_dataset_event_from_classic', 'read_dataset_event' retrieved from /home/airflow/.local/lib/python3.12/site-packages/airflow/example_dags/example_inlet_event_extra.py
[2024-10-13T09:30:07.127+0000] {logging_mixin.py:190} INFO - [2024-10-13T09:30:07.127+0000] {dag.py:3239} INFO - Sync 2 DAGs
[2024-10-13T09:30:07.153+0000] {logging_mixin.py:190} INFO - [2024-10-13T09:30:07.153+0000] {dag.py:4180} INFO - Setting next_dagrun for read_dataset_event to 2024-10-12 00:00:00+00:00, run_after=2024-10-13 00:00:00+00:00
[2024-10-13T09:30:07.160+0000] {logging_mixin.py:190} INFO - [2024-10-13T09:30:07.160+0000] {dag.py:4180} INFO - Setting next_dagrun for read_dataset_event_from_classic to 2024-10-12 00:00:00+00:00, run_after=2024-10-13 00:00:00+00:00
[2024-10-13T09:30:07.191+0000] {processor.py:208} INFO - Processing /home/airflow/.local/lib/python3.12/site-packages/airflow/example_dags/example_inlet_event_extra.py took 0.506 seconds
