[2024-10-13T09:02:40.930+0000] {processor.py:186} INFO - Started process (PID=124) to work on /home/airflow/.local/lib/python3.12/site-packages/airflow/example_dags/example_display_name.py
[2024-10-13T09:02:40.935+0000] {processor.py:914} INFO - Processing file /home/airflow/.local/lib/python3.12/site-packages/airflow/example_dags/example_display_name.py for tasks to queue
[2024-10-13T09:02:40.944+0000] {logging_mixin.py:190} INFO - [2024-10-13T09:02:40.943+0000] {dagbag.py:588} INFO - Filling up the DagBag from /home/airflow/.local/lib/python3.12/site-packages/airflow/example_dags/example_display_name.py
[2024-10-13T09:02:40.967+0000] {processor.py:925} INFO - DAG(s) 'example_display_name' retrieved from /home/airflow/.local/lib/python3.12/site-packages/airflow/example_dags/example_display_name.py
[2024-10-13T09:02:41.056+0000] {logging_mixin.py:190} INFO - [2024-10-13T09:02:41.055+0000] {dag.py:3239} INFO - Sync 1 DAGs
[2024-10-13T09:02:41.125+0000] {logging_mixin.py:190} INFO - [2024-10-13T09:02:41.125+0000] {dag.py:4180} INFO - Setting next_dagrun for example_display_name to None, run_after=None
[2024-10-13T09:02:41.190+0000] {processor.py:208} INFO - Processing /home/airflow/.local/lib/python3.12/site-packages/airflow/example_dags/example_display_name.py took 0.272 seconds
[2024-10-13T09:03:12.150+0000] {processor.py:186} INFO - Started process (PID=187) to work on /home/airflow/.local/lib/python3.12/site-packages/airflow/example_dags/example_display_name.py
[2024-10-13T09:03:12.154+0000] {processor.py:914} INFO - Processing file /home/airflow/.local/lib/python3.12/site-packages/airflow/example_dags/example_display_name.py for tasks to queue
[2024-10-13T09:03:12.159+0000] {logging_mixin.py:190} INFO - [2024-10-13T09:03:12.159+0000] {dagbag.py:588} INFO - Filling up the DagBag from /home/airflow/.local/lib/python3.12/site-packages/airflow/example_dags/example_display_name.py
[2024-10-13T09:03:12.172+0000] {processor.py:925} INFO - DAG(s) 'example_display_name' retrieved from /home/airflow/.local/lib/python3.12/site-packages/airflow/example_dags/example_display_name.py
[2024-10-13T09:03:12.237+0000] {logging_mixin.py:190} INFO - [2024-10-13T09:03:12.235+0000] {dag.py:3239} INFO - Sync 1 DAGs
[2024-10-13T09:03:12.271+0000] {logging_mixin.py:190} INFO - [2024-10-13T09:03:12.270+0000] {dag.py:4180} INFO - Setting next_dagrun for example_display_name to None, run_after=None
[2024-10-13T09:03:12.334+0000] {processor.py:208} INFO - Processing /home/airflow/.local/lib/python3.12/site-packages/airflow/example_dags/example_display_name.py took 0.195 seconds
[2024-10-13T09:03:43.785+0000] {processor.py:186} INFO - Started process (PID=251) to work on /home/airflow/.local/lib/python3.12/site-packages/airflow/example_dags/example_display_name.py
[2024-10-13T09:03:43.788+0000] {processor.py:914} INFO - Processing file /home/airflow/.local/lib/python3.12/site-packages/airflow/example_dags/example_display_name.py for tasks to queue
[2024-10-13T09:03:43.798+0000] {logging_mixin.py:190} INFO - [2024-10-13T09:03:43.796+0000] {dagbag.py:588} INFO - Filling up the DagBag from /home/airflow/.local/lib/python3.12/site-packages/airflow/example_dags/example_display_name.py
[2024-10-13T09:03:43.823+0000] {processor.py:925} INFO - DAG(s) 'example_display_name' retrieved from /home/airflow/.local/lib/python3.12/site-packages/airflow/example_dags/example_display_name.py
[2024-10-13T09:03:43.890+0000] {logging_mixin.py:190} INFO - [2024-10-13T09:03:43.890+0000] {dag.py:3239} INFO - Sync 1 DAGs
[2024-10-13T09:03:43.936+0000] {logging_mixin.py:190} INFO - [2024-10-13T09:03:43.935+0000] {dag.py:4180} INFO - Setting next_dagrun for example_display_name to None, run_after=None
[2024-10-13T09:03:44.022+0000] {processor.py:208} INFO - Processing /home/airflow/.local/lib/python3.12/site-packages/airflow/example_dags/example_display_name.py took 0.255 seconds
[2024-10-13T09:04:17.771+0000] {processor.py:186} INFO - Started process (PID=313) to work on /home/airflow/.local/lib/python3.12/site-packages/airflow/example_dags/example_display_name.py
[2024-10-13T09:04:17.774+0000] {processor.py:914} INFO - Processing file /home/airflow/.local/lib/python3.12/site-packages/airflow/example_dags/example_display_name.py for tasks to queue
[2024-10-13T09:04:17.791+0000] {logging_mixin.py:190} INFO - [2024-10-13T09:04:17.790+0000] {dagbag.py:588} INFO - Filling up the DagBag from /home/airflow/.local/lib/python3.12/site-packages/airflow/example_dags/example_display_name.py
[2024-10-13T09:04:17.818+0000] {processor.py:925} INFO - DAG(s) 'example_display_name' retrieved from /home/airflow/.local/lib/python3.12/site-packages/airflow/example_dags/example_display_name.py
[2024-10-13T09:04:17.879+0000] {logging_mixin.py:190} INFO - [2024-10-13T09:04:17.878+0000] {dag.py:3239} INFO - Sync 1 DAGs
[2024-10-13T09:04:18.060+0000] {logging_mixin.py:190} INFO - [2024-10-13T09:04:18.060+0000] {dag.py:4180} INFO - Setting next_dagrun for example_display_name to None, run_after=None
[2024-10-13T09:04:18.227+0000] {processor.py:208} INFO - Processing /home/airflow/.local/lib/python3.12/site-packages/airflow/example_dags/example_display_name.py took 0.540 seconds
[2024-10-13T09:04:48.953+0000] {processor.py:186} INFO - Started process (PID=375) to work on /home/airflow/.local/lib/python3.12/site-packages/airflow/example_dags/example_display_name.py
[2024-10-13T09:04:48.955+0000] {processor.py:914} INFO - Processing file /home/airflow/.local/lib/python3.12/site-packages/airflow/example_dags/example_display_name.py for tasks to queue
[2024-10-13T09:04:48.962+0000] {logging_mixin.py:190} INFO - [2024-10-13T09:04:48.961+0000] {dagbag.py:588} INFO - Filling up the DagBag from /home/airflow/.local/lib/python3.12/site-packages/airflow/example_dags/example_display_name.py
[2024-10-13T09:04:48.975+0000] {processor.py:925} INFO - DAG(s) 'example_display_name' retrieved from /home/airflow/.local/lib/python3.12/site-packages/airflow/example_dags/example_display_name.py
[2024-10-13T09:04:49.002+0000] {logging_mixin.py:190} INFO - [2024-10-13T09:04:49.001+0000] {dag.py:3239} INFO - Sync 1 DAGs
[2024-10-13T09:04:49.024+0000] {logging_mixin.py:190} INFO - [2024-10-13T09:04:49.023+0000] {dag.py:4180} INFO - Setting next_dagrun for example_display_name to None, run_after=None
[2024-10-13T09:04:49.060+0000] {processor.py:208} INFO - Processing /home/airflow/.local/lib/python3.12/site-packages/airflow/example_dags/example_display_name.py took 0.119 seconds
[2024-10-13T09:05:19.243+0000] {processor.py:186} INFO - Started process (PID=438) to work on /home/airflow/.local/lib/python3.12/site-packages/airflow/example_dags/example_display_name.py
[2024-10-13T09:05:19.245+0000] {processor.py:914} INFO - Processing file /home/airflow/.local/lib/python3.12/site-packages/airflow/example_dags/example_display_name.py for tasks to queue
[2024-10-13T09:05:19.251+0000] {logging_mixin.py:190} INFO - [2024-10-13T09:05:19.249+0000] {dagbag.py:588} INFO - Filling up the DagBag from /home/airflow/.local/lib/python3.12/site-packages/airflow/example_dags/example_display_name.py
[2024-10-13T09:05:19.261+0000] {processor.py:925} INFO - DAG(s) 'example_display_name' retrieved from /home/airflow/.local/lib/python3.12/site-packages/airflow/example_dags/example_display_name.py
[2024-10-13T09:05:19.295+0000] {logging_mixin.py:190} INFO - [2024-10-13T09:05:19.295+0000] {dag.py:3239} INFO - Sync 1 DAGs
[2024-10-13T09:05:19.321+0000] {logging_mixin.py:190} INFO - [2024-10-13T09:05:19.320+0000] {dag.py:4180} INFO - Setting next_dagrun for example_display_name to None, run_after=None
[2024-10-13T09:05:19.382+0000] {processor.py:208} INFO - Processing /home/airflow/.local/lib/python3.12/site-packages/airflow/example_dags/example_display_name.py took 0.146 seconds
[2024-10-13T09:05:49.565+0000] {processor.py:186} INFO - Started process (PID=501) to work on /home/airflow/.local/lib/python3.12/site-packages/airflow/example_dags/example_display_name.py
[2024-10-13T09:05:49.567+0000] {processor.py:914} INFO - Processing file /home/airflow/.local/lib/python3.12/site-packages/airflow/example_dags/example_display_name.py for tasks to queue
[2024-10-13T09:05:49.571+0000] {logging_mixin.py:190} INFO - [2024-10-13T09:05:49.570+0000] {dagbag.py:588} INFO - Filling up the DagBag from /home/airflow/.local/lib/python3.12/site-packages/airflow/example_dags/example_display_name.py
[2024-10-13T09:05:49.583+0000] {processor.py:925} INFO - DAG(s) 'example_display_name' retrieved from /home/airflow/.local/lib/python3.12/site-packages/airflow/example_dags/example_display_name.py
[2024-10-13T09:05:49.616+0000] {logging_mixin.py:190} INFO - [2024-10-13T09:05:49.616+0000] {dag.py:3239} INFO - Sync 1 DAGs
[2024-10-13T09:05:49.637+0000] {logging_mixin.py:190} INFO - [2024-10-13T09:05:49.636+0000] {dag.py:4180} INFO - Setting next_dagrun for example_display_name to None, run_after=None
[2024-10-13T09:05:49.675+0000] {processor.py:208} INFO - Processing /home/airflow/.local/lib/python3.12/site-packages/airflow/example_dags/example_display_name.py took 0.119 seconds
[2024-10-13T09:06:20.021+0000] {processor.py:186} INFO - Started process (PID=564) to work on /home/airflow/.local/lib/python3.12/site-packages/airflow/example_dags/example_display_name.py
[2024-10-13T09:06:20.024+0000] {processor.py:914} INFO - Processing file /home/airflow/.local/lib/python3.12/site-packages/airflow/example_dags/example_display_name.py for tasks to queue
[2024-10-13T09:06:20.029+0000] {logging_mixin.py:190} INFO - [2024-10-13T09:06:20.028+0000] {dagbag.py:588} INFO - Filling up the DagBag from /home/airflow/.local/lib/python3.12/site-packages/airflow/example_dags/example_display_name.py
[2024-10-13T09:06:20.043+0000] {processor.py:925} INFO - DAG(s) 'example_display_name' retrieved from /home/airflow/.local/lib/python3.12/site-packages/airflow/example_dags/example_display_name.py
[2024-10-13T09:06:20.075+0000] {logging_mixin.py:190} INFO - [2024-10-13T09:06:20.074+0000] {dag.py:3239} INFO - Sync 1 DAGs
[2024-10-13T09:06:20.110+0000] {logging_mixin.py:190} INFO - [2024-10-13T09:06:20.109+0000] {dag.py:4180} INFO - Setting next_dagrun for example_display_name to None, run_after=None
[2024-10-13T09:06:20.146+0000] {processor.py:208} INFO - Processing /home/airflow/.local/lib/python3.12/site-packages/airflow/example_dags/example_display_name.py took 0.135 seconds
[2024-10-13T09:06:51.299+0000] {processor.py:186} INFO - Started process (PID=627) to work on /home/airflow/.local/lib/python3.12/site-packages/airflow/example_dags/example_display_name.py
[2024-10-13T09:06:51.302+0000] {processor.py:914} INFO - Processing file /home/airflow/.local/lib/python3.12/site-packages/airflow/example_dags/example_display_name.py for tasks to queue
[2024-10-13T09:06:51.308+0000] {logging_mixin.py:190} INFO - [2024-10-13T09:06:51.307+0000] {dagbag.py:588} INFO - Filling up the DagBag from /home/airflow/.local/lib/python3.12/site-packages/airflow/example_dags/example_display_name.py
[2024-10-13T09:06:51.319+0000] {processor.py:925} INFO - DAG(s) 'example_display_name' retrieved from /home/airflow/.local/lib/python3.12/site-packages/airflow/example_dags/example_display_name.py
[2024-10-13T09:06:51.352+0000] {logging_mixin.py:190} INFO - [2024-10-13T09:06:51.352+0000] {dag.py:3239} INFO - Sync 1 DAGs
[2024-10-13T09:06:51.382+0000] {logging_mixin.py:190} INFO - [2024-10-13T09:06:51.382+0000] {dag.py:4180} INFO - Setting next_dagrun for example_display_name to None, run_after=None
[2024-10-13T09:06:51.432+0000] {processor.py:208} INFO - Processing /home/airflow/.local/lib/python3.12/site-packages/airflow/example_dags/example_display_name.py took 0.144 seconds
[2024-10-13T09:07:23.932+0000] {processor.py:186} INFO - Started process (PID=691) to work on /home/airflow/.local/lib/python3.12/site-packages/airflow/example_dags/example_display_name.py
[2024-10-13T09:07:23.937+0000] {processor.py:914} INFO - Processing file /home/airflow/.local/lib/python3.12/site-packages/airflow/example_dags/example_display_name.py for tasks to queue
[2024-10-13T09:07:23.948+0000] {logging_mixin.py:190} INFO - [2024-10-13T09:07:23.947+0000] {dagbag.py:588} INFO - Filling up the DagBag from /home/airflow/.local/lib/python3.12/site-packages/airflow/example_dags/example_display_name.py
[2024-10-13T09:07:23.968+0000] {processor.py:925} INFO - DAG(s) 'example_display_name' retrieved from /home/airflow/.local/lib/python3.12/site-packages/airflow/example_dags/example_display_name.py
[2024-10-13T09:07:24.038+0000] {logging_mixin.py:190} INFO - [2024-10-13T09:07:24.037+0000] {dag.py:3239} INFO - Sync 1 DAGs
[2024-10-13T09:07:24.096+0000] {logging_mixin.py:190} INFO - [2024-10-13T09:07:24.095+0000] {dag.py:4180} INFO - Setting next_dagrun for example_display_name to None, run_after=None
[2024-10-13T09:07:24.167+0000] {processor.py:208} INFO - Processing /home/airflow/.local/lib/python3.12/site-packages/airflow/example_dags/example_display_name.py took 0.257 seconds
[2024-10-13T09:07:54.907+0000] {processor.py:186} INFO - Started process (PID=755) to work on /home/airflow/.local/lib/python3.12/site-packages/airflow/example_dags/example_display_name.py
[2024-10-13T09:07:54.909+0000] {processor.py:914} INFO - Processing file /home/airflow/.local/lib/python3.12/site-packages/airflow/example_dags/example_display_name.py for tasks to queue
[2024-10-13T09:07:54.915+0000] {logging_mixin.py:190} INFO - [2024-10-13T09:07:54.915+0000] {dagbag.py:588} INFO - Filling up the DagBag from /home/airflow/.local/lib/python3.12/site-packages/airflow/example_dags/example_display_name.py
[2024-10-13T09:07:54.931+0000] {processor.py:925} INFO - DAG(s) 'example_display_name' retrieved from /home/airflow/.local/lib/python3.12/site-packages/airflow/example_dags/example_display_name.py
[2024-10-13T09:07:54.972+0000] {logging_mixin.py:190} INFO - [2024-10-13T09:07:54.972+0000] {dag.py:3239} INFO - Sync 1 DAGs
[2024-10-13T09:07:55.007+0000] {logging_mixin.py:190} INFO - [2024-10-13T09:07:55.007+0000] {dag.py:4180} INFO - Setting next_dagrun for example_display_name to None, run_after=None
[2024-10-13T09:07:55.061+0000] {processor.py:208} INFO - Processing /home/airflow/.local/lib/python3.12/site-packages/airflow/example_dags/example_display_name.py took 0.167 seconds
[2024-10-13T09:08:25.593+0000] {processor.py:186} INFO - Started process (PID=818) to work on /home/airflow/.local/lib/python3.12/site-packages/airflow/example_dags/example_display_name.py
[2024-10-13T09:08:25.595+0000] {processor.py:914} INFO - Processing file /home/airflow/.local/lib/python3.12/site-packages/airflow/example_dags/example_display_name.py for tasks to queue
[2024-10-13T09:08:25.600+0000] {logging_mixin.py:190} INFO - [2024-10-13T09:08:25.600+0000] {dagbag.py:588} INFO - Filling up the DagBag from /home/airflow/.local/lib/python3.12/site-packages/airflow/example_dags/example_display_name.py
[2024-10-13T09:08:25.616+0000] {processor.py:925} INFO - DAG(s) 'example_display_name' retrieved from /home/airflow/.local/lib/python3.12/site-packages/airflow/example_dags/example_display_name.py
[2024-10-13T09:08:25.663+0000] {logging_mixin.py:190} INFO - [2024-10-13T09:08:25.662+0000] {dag.py:3239} INFO - Sync 1 DAGs
[2024-10-13T09:08:25.710+0000] {logging_mixin.py:190} INFO - [2024-10-13T09:08:25.710+0000] {dag.py:4180} INFO - Setting next_dagrun for example_display_name to None, run_after=None
[2024-10-13T09:08:25.759+0000] {processor.py:208} INFO - Processing /home/airflow/.local/lib/python3.12/site-packages/airflow/example_dags/example_display_name.py took 0.181 seconds
[2024-10-13T09:08:56.409+0000] {processor.py:186} INFO - Started process (PID=881) to work on /home/airflow/.local/lib/python3.12/site-packages/airflow/example_dags/example_display_name.py
[2024-10-13T09:08:56.411+0000] {processor.py:914} INFO - Processing file /home/airflow/.local/lib/python3.12/site-packages/airflow/example_dags/example_display_name.py for tasks to queue
[2024-10-13T09:08:56.419+0000] {logging_mixin.py:190} INFO - [2024-10-13T09:08:56.418+0000] {dagbag.py:588} INFO - Filling up the DagBag from /home/airflow/.local/lib/python3.12/site-packages/airflow/example_dags/example_display_name.py
[2024-10-13T09:08:56.434+0000] {processor.py:925} INFO - DAG(s) 'example_display_name' retrieved from /home/airflow/.local/lib/python3.12/site-packages/airflow/example_dags/example_display_name.py
[2024-10-13T09:08:56.467+0000] {logging_mixin.py:190} INFO - [2024-10-13T09:08:56.466+0000] {dag.py:3239} INFO - Sync 1 DAGs
[2024-10-13T09:08:56.500+0000] {logging_mixin.py:190} INFO - [2024-10-13T09:08:56.498+0000] {dag.py:4180} INFO - Setting next_dagrun for example_display_name to None, run_after=None
[2024-10-13T09:08:56.550+0000] {processor.py:208} INFO - Processing /home/airflow/.local/lib/python3.12/site-packages/airflow/example_dags/example_display_name.py took 0.152 seconds
[2024-10-13T09:09:29.801+0000] {processor.py:186} INFO - Started process (PID=945) to work on /home/airflow/.local/lib/python3.12/site-packages/airflow/example_dags/example_display_name.py
[2024-10-13T09:09:29.803+0000] {processor.py:914} INFO - Processing file /home/airflow/.local/lib/python3.12/site-packages/airflow/example_dags/example_display_name.py for tasks to queue
[2024-10-13T09:09:29.809+0000] {logging_mixin.py:190} INFO - [2024-10-13T09:09:29.808+0000] {dagbag.py:588} INFO - Filling up the DagBag from /home/airflow/.local/lib/python3.12/site-packages/airflow/example_dags/example_display_name.py
[2024-10-13T09:09:29.823+0000] {processor.py:925} INFO - DAG(s) 'example_display_name' retrieved from /home/airflow/.local/lib/python3.12/site-packages/airflow/example_dags/example_display_name.py
[2024-10-13T09:09:29.866+0000] {logging_mixin.py:190} INFO - [2024-10-13T09:09:29.865+0000] {dag.py:3239} INFO - Sync 1 DAGs
[2024-10-13T09:09:29.900+0000] {logging_mixin.py:190} INFO - [2024-10-13T09:09:29.900+0000] {dag.py:4180} INFO - Setting next_dagrun for example_display_name to None, run_after=None
[2024-10-13T09:09:29.953+0000] {processor.py:208} INFO - Processing /home/airflow/.local/lib/python3.12/site-packages/airflow/example_dags/example_display_name.py took 0.164 seconds
[2024-10-13T09:10:00.933+0000] {processor.py:186} INFO - Started process (PID=1008) to work on /home/airflow/.local/lib/python3.12/site-packages/airflow/example_dags/example_display_name.py
[2024-10-13T09:10:00.934+0000] {processor.py:914} INFO - Processing file /home/airflow/.local/lib/python3.12/site-packages/airflow/example_dags/example_display_name.py for tasks to queue
[2024-10-13T09:10:00.937+0000] {logging_mixin.py:190} INFO - [2024-10-13T09:10:00.937+0000] {dagbag.py:588} INFO - Filling up the DagBag from /home/airflow/.local/lib/python3.12/site-packages/airflow/example_dags/example_display_name.py
[2024-10-13T09:10:00.943+0000] {processor.py:925} INFO - DAG(s) 'example_display_name' retrieved from /home/airflow/.local/lib/python3.12/site-packages/airflow/example_dags/example_display_name.py
[2024-10-13T09:10:00.966+0000] {logging_mixin.py:190} INFO - [2024-10-13T09:10:00.966+0000] {dag.py:3239} INFO - Sync 1 DAGs
[2024-10-13T09:10:00.979+0000] {logging_mixin.py:190} INFO - [2024-10-13T09:10:00.979+0000] {dag.py:4180} INFO - Setting next_dagrun for example_display_name to None, run_after=None
[2024-10-13T09:10:01.000+0000] {processor.py:208} INFO - Processing /home/airflow/.local/lib/python3.12/site-packages/airflow/example_dags/example_display_name.py took 0.073 seconds
[2024-10-13T09:10:31.292+0000] {processor.py:186} INFO - Started process (PID=1071) to work on /home/airflow/.local/lib/python3.12/site-packages/airflow/example_dags/example_display_name.py
[2024-10-13T09:10:31.294+0000] {processor.py:914} INFO - Processing file /home/airflow/.local/lib/python3.12/site-packages/airflow/example_dags/example_display_name.py for tasks to queue
[2024-10-13T09:10:31.297+0000] {logging_mixin.py:190} INFO - [2024-10-13T09:10:31.296+0000] {dagbag.py:588} INFO - Filling up the DagBag from /home/airflow/.local/lib/python3.12/site-packages/airflow/example_dags/example_display_name.py
[2024-10-13T09:10:31.307+0000] {processor.py:925} INFO - DAG(s) 'example_display_name' retrieved from /home/airflow/.local/lib/python3.12/site-packages/airflow/example_dags/example_display_name.py
[2024-10-13T09:10:31.329+0000] {logging_mixin.py:190} INFO - [2024-10-13T09:10:31.328+0000] {dag.py:3239} INFO - Sync 1 DAGs
[2024-10-13T09:10:31.341+0000] {logging_mixin.py:190} INFO - [2024-10-13T09:10:31.340+0000] {dag.py:4180} INFO - Setting next_dagrun for example_display_name to None, run_after=None
[2024-10-13T09:10:31.359+0000] {processor.py:208} INFO - Processing /home/airflow/.local/lib/python3.12/site-packages/airflow/example_dags/example_display_name.py took 0.074 seconds
[2024-10-13T09:11:01.441+0000] {processor.py:186} INFO - Started process (PID=1134) to work on /home/airflow/.local/lib/python3.12/site-packages/airflow/example_dags/example_display_name.py
[2024-10-13T09:11:01.442+0000] {processor.py:914} INFO - Processing file /home/airflow/.local/lib/python3.12/site-packages/airflow/example_dags/example_display_name.py for tasks to queue
[2024-10-13T09:11:01.446+0000] {logging_mixin.py:190} INFO - [2024-10-13T09:11:01.445+0000] {dagbag.py:588} INFO - Filling up the DagBag from /home/airflow/.local/lib/python3.12/site-packages/airflow/example_dags/example_display_name.py
[2024-10-13T09:11:01.455+0000] {processor.py:925} INFO - DAG(s) 'example_display_name' retrieved from /home/airflow/.local/lib/python3.12/site-packages/airflow/example_dags/example_display_name.py
[2024-10-13T09:11:01.482+0000] {logging_mixin.py:190} INFO - [2024-10-13T09:11:01.482+0000] {dag.py:3239} INFO - Sync 1 DAGs
[2024-10-13T09:11:01.502+0000] {logging_mixin.py:190} INFO - [2024-10-13T09:11:01.501+0000] {dag.py:4180} INFO - Setting next_dagrun for example_display_name to None, run_after=None
[2024-10-13T09:11:01.528+0000] {processor.py:208} INFO - Processing /home/airflow/.local/lib/python3.12/site-packages/airflow/example_dags/example_display_name.py took 0.093 seconds
[2024-10-13T09:11:32.064+0000] {processor.py:186} INFO - Started process (PID=1197) to work on /home/airflow/.local/lib/python3.12/site-packages/airflow/example_dags/example_display_name.py
[2024-10-13T09:11:32.065+0000] {processor.py:914} INFO - Processing file /home/airflow/.local/lib/python3.12/site-packages/airflow/example_dags/example_display_name.py for tasks to queue
[2024-10-13T09:11:32.068+0000] {logging_mixin.py:190} INFO - [2024-10-13T09:11:32.068+0000] {dagbag.py:588} INFO - Filling up the DagBag from /home/airflow/.local/lib/python3.12/site-packages/airflow/example_dags/example_display_name.py
[2024-10-13T09:11:32.077+0000] {processor.py:925} INFO - DAG(s) 'example_display_name' retrieved from /home/airflow/.local/lib/python3.12/site-packages/airflow/example_dags/example_display_name.py
[2024-10-13T09:11:32.101+0000] {logging_mixin.py:190} INFO - [2024-10-13T09:11:32.100+0000] {dag.py:3239} INFO - Sync 1 DAGs
[2024-10-13T09:11:32.114+0000] {logging_mixin.py:190} INFO - [2024-10-13T09:11:32.114+0000] {dag.py:4180} INFO - Setting next_dagrun for example_display_name to None, run_after=None
[2024-10-13T09:11:32.134+0000] {processor.py:208} INFO - Processing /home/airflow/.local/lib/python3.12/site-packages/airflow/example_dags/example_display_name.py took 0.075 seconds
[2024-10-13T09:12:02.934+0000] {processor.py:186} INFO - Started process (PID=1260) to work on /home/airflow/.local/lib/python3.12/site-packages/airflow/example_dags/example_display_name.py
[2024-10-13T09:12:02.936+0000] {processor.py:914} INFO - Processing file /home/airflow/.local/lib/python3.12/site-packages/airflow/example_dags/example_display_name.py for tasks to queue
[2024-10-13T09:12:02.940+0000] {logging_mixin.py:190} INFO - [2024-10-13T09:12:02.940+0000] {dagbag.py:588} INFO - Filling up the DagBag from /home/airflow/.local/lib/python3.12/site-packages/airflow/example_dags/example_display_name.py
[2024-10-13T09:12:02.964+0000] {processor.py:925} INFO - DAG(s) 'example_display_name' retrieved from /home/airflow/.local/lib/python3.12/site-packages/airflow/example_dags/example_display_name.py
[2024-10-13T09:12:03.007+0000] {logging_mixin.py:190} INFO - [2024-10-13T09:12:03.006+0000] {dag.py:3239} INFO - Sync 1 DAGs
[2024-10-13T09:12:03.035+0000] {logging_mixin.py:190} INFO - [2024-10-13T09:12:03.035+0000] {dag.py:4180} INFO - Setting next_dagrun for example_display_name to None, run_after=None
[2024-10-13T09:12:03.079+0000] {processor.py:208} INFO - Processing /home/airflow/.local/lib/python3.12/site-packages/airflow/example_dags/example_display_name.py took 0.158 seconds
[2024-10-13T09:12:33.646+0000] {processor.py:186} INFO - Started process (PID=1323) to work on /home/airflow/.local/lib/python3.12/site-packages/airflow/example_dags/example_display_name.py
[2024-10-13T09:12:33.648+0000] {processor.py:914} INFO - Processing file /home/airflow/.local/lib/python3.12/site-packages/airflow/example_dags/example_display_name.py for tasks to queue
[2024-10-13T09:12:33.655+0000] {logging_mixin.py:190} INFO - [2024-10-13T09:12:33.654+0000] {dagbag.py:588} INFO - Filling up the DagBag from /home/airflow/.local/lib/python3.12/site-packages/airflow/example_dags/example_display_name.py
[2024-10-13T09:12:33.677+0000] {processor.py:925} INFO - DAG(s) 'example_display_name' retrieved from /home/airflow/.local/lib/python3.12/site-packages/airflow/example_dags/example_display_name.py
[2024-10-13T09:12:33.718+0000] {logging_mixin.py:190} INFO - [2024-10-13T09:12:33.718+0000] {dag.py:3239} INFO - Sync 1 DAGs
[2024-10-13T09:12:33.749+0000] {logging_mixin.py:190} INFO - [2024-10-13T09:12:33.748+0000] {dag.py:4180} INFO - Setting next_dagrun for example_display_name to None, run_after=None
[2024-10-13T09:12:33.785+0000] {processor.py:208} INFO - Processing /home/airflow/.local/lib/python3.12/site-packages/airflow/example_dags/example_display_name.py took 0.151 seconds
[2024-10-13T09:13:10.148+0000] {processor.py:186} INFO - Started process (PID=1390) to work on /home/airflow/.local/lib/python3.12/site-packages/airflow/example_dags/example_display_name.py
[2024-10-13T09:13:10.159+0000] {processor.py:914} INFO - Processing file /home/airflow/.local/lib/python3.12/site-packages/airflow/example_dags/example_display_name.py for tasks to queue
[2024-10-13T09:13:10.190+0000] {logging_mixin.py:190} INFO - [2024-10-13T09:13:10.189+0000] {dagbag.py:588} INFO - Filling up the DagBag from /home/airflow/.local/lib/python3.12/site-packages/airflow/example_dags/example_display_name.py
[2024-10-13T09:13:10.226+0000] {processor.py:925} INFO - DAG(s) 'example_display_name' retrieved from /home/airflow/.local/lib/python3.12/site-packages/airflow/example_dags/example_display_name.py
[2024-10-13T09:13:10.307+0000] {logging_mixin.py:190} INFO - [2024-10-13T09:13:10.305+0000] {dag.py:3239} INFO - Sync 1 DAGs
[2024-10-13T09:13:10.371+0000] {logging_mixin.py:190} INFO - [2024-10-13T09:13:10.371+0000] {dag.py:4180} INFO - Setting next_dagrun for example_display_name to None, run_after=None
[2024-10-13T09:13:10.447+0000] {processor.py:208} INFO - Processing /home/airflow/.local/lib/python3.12/site-packages/airflow/example_dags/example_display_name.py took 0.319 seconds
[2024-10-13T09:13:40.867+0000] {processor.py:186} INFO - Started process (PID=1453) to work on /home/airflow/.local/lib/python3.12/site-packages/airflow/example_dags/example_display_name.py
[2024-10-13T09:13:40.869+0000] {processor.py:914} INFO - Processing file /home/airflow/.local/lib/python3.12/site-packages/airflow/example_dags/example_display_name.py for tasks to queue
[2024-10-13T09:13:40.876+0000] {logging_mixin.py:190} INFO - [2024-10-13T09:13:40.875+0000] {dagbag.py:588} INFO - Filling up the DagBag from /home/airflow/.local/lib/python3.12/site-packages/airflow/example_dags/example_display_name.py
[2024-10-13T09:13:40.895+0000] {processor.py:925} INFO - DAG(s) 'example_display_name' retrieved from /home/airflow/.local/lib/python3.12/site-packages/airflow/example_dags/example_display_name.py
[2024-10-13T09:13:40.930+0000] {logging_mixin.py:190} INFO - [2024-10-13T09:13:40.930+0000] {dag.py:3239} INFO - Sync 1 DAGs
[2024-10-13T09:13:40.961+0000] {logging_mixin.py:190} INFO - [2024-10-13T09:13:40.961+0000] {dag.py:4180} INFO - Setting next_dagrun for example_display_name to None, run_after=None
[2024-10-13T09:13:41.001+0000] {processor.py:208} INFO - Processing /home/airflow/.local/lib/python3.12/site-packages/airflow/example_dags/example_display_name.py took 0.145 seconds
[2024-10-13T09:14:11.570+0000] {processor.py:186} INFO - Started process (PID=1516) to work on /home/airflow/.local/lib/python3.12/site-packages/airflow/example_dags/example_display_name.py
[2024-10-13T09:14:11.572+0000] {processor.py:914} INFO - Processing file /home/airflow/.local/lib/python3.12/site-packages/airflow/example_dags/example_display_name.py for tasks to queue
[2024-10-13T09:14:11.582+0000] {logging_mixin.py:190} INFO - [2024-10-13T09:14:11.581+0000] {dagbag.py:588} INFO - Filling up the DagBag from /home/airflow/.local/lib/python3.12/site-packages/airflow/example_dags/example_display_name.py
[2024-10-13T09:14:11.605+0000] {processor.py:925} INFO - DAG(s) 'example_display_name' retrieved from /home/airflow/.local/lib/python3.12/site-packages/airflow/example_dags/example_display_name.py
[2024-10-13T09:14:11.655+0000] {logging_mixin.py:190} INFO - [2024-10-13T09:14:11.655+0000] {dag.py:3239} INFO - Sync 1 DAGs
[2024-10-13T09:14:11.702+0000] {logging_mixin.py:190} INFO - [2024-10-13T09:14:11.701+0000] {dag.py:4180} INFO - Setting next_dagrun for example_display_name to None, run_after=None
[2024-10-13T09:14:11.762+0000] {processor.py:208} INFO - Processing /home/airflow/.local/lib/python3.12/site-packages/airflow/example_dags/example_display_name.py took 0.210 seconds
[2024-10-13T09:14:41.897+0000] {processor.py:186} INFO - Started process (PID=1579) to work on /home/airflow/.local/lib/python3.12/site-packages/airflow/example_dags/example_display_name.py
[2024-10-13T09:14:41.900+0000] {processor.py:914} INFO - Processing file /home/airflow/.local/lib/python3.12/site-packages/airflow/example_dags/example_display_name.py for tasks to queue
[2024-10-13T09:14:41.907+0000] {logging_mixin.py:190} INFO - [2024-10-13T09:14:41.906+0000] {dagbag.py:588} INFO - Filling up the DagBag from /home/airflow/.local/lib/python3.12/site-packages/airflow/example_dags/example_display_name.py
[2024-10-13T09:14:41.926+0000] {processor.py:925} INFO - DAG(s) 'example_display_name' retrieved from /home/airflow/.local/lib/python3.12/site-packages/airflow/example_dags/example_display_name.py
[2024-10-13T09:14:41.962+0000] {logging_mixin.py:190} INFO - [2024-10-13T09:14:41.961+0000] {dag.py:3239} INFO - Sync 1 DAGs
[2024-10-13T09:14:41.991+0000] {logging_mixin.py:190} INFO - [2024-10-13T09:14:41.990+0000] {dag.py:4180} INFO - Setting next_dagrun for example_display_name to None, run_after=None
[2024-10-13T09:14:42.030+0000] {processor.py:208} INFO - Processing /home/airflow/.local/lib/python3.12/site-packages/airflow/example_dags/example_display_name.py took 0.142 seconds
[2024-10-13T09:15:12.688+0000] {processor.py:186} INFO - Started process (PID=1642) to work on /home/airflow/.local/lib/python3.12/site-packages/airflow/example_dags/example_display_name.py
[2024-10-13T09:15:12.690+0000] {processor.py:914} INFO - Processing file /home/airflow/.local/lib/python3.12/site-packages/airflow/example_dags/example_display_name.py for tasks to queue
[2024-10-13T09:15:12.694+0000] {logging_mixin.py:190} INFO - [2024-10-13T09:15:12.693+0000] {dagbag.py:588} INFO - Filling up the DagBag from /home/airflow/.local/lib/python3.12/site-packages/airflow/example_dags/example_display_name.py
[2024-10-13T09:15:12.707+0000] {processor.py:925} INFO - DAG(s) 'example_display_name' retrieved from /home/airflow/.local/lib/python3.12/site-packages/airflow/example_dags/example_display_name.py
[2024-10-13T09:15:12.732+0000] {logging_mixin.py:190} INFO - [2024-10-13T09:15:12.731+0000] {dag.py:3239} INFO - Sync 1 DAGs
[2024-10-13T09:15:12.749+0000] {logging_mixin.py:190} INFO - [2024-10-13T09:15:12.748+0000] {dag.py:4180} INFO - Setting next_dagrun for example_display_name to None, run_after=None
[2024-10-13T09:15:12.774+0000] {processor.py:208} INFO - Processing /home/airflow/.local/lib/python3.12/site-packages/airflow/example_dags/example_display_name.py took 0.093 seconds
[2024-10-13T09:15:43.703+0000] {processor.py:186} INFO - Started process (PID=1705) to work on /home/airflow/.local/lib/python3.12/site-packages/airflow/example_dags/example_display_name.py
[2024-10-13T09:15:43.705+0000] {processor.py:914} INFO - Processing file /home/airflow/.local/lib/python3.12/site-packages/airflow/example_dags/example_display_name.py for tasks to queue
[2024-10-13T09:15:43.708+0000] {logging_mixin.py:190} INFO - [2024-10-13T09:15:43.707+0000] {dagbag.py:588} INFO - Filling up the DagBag from /home/airflow/.local/lib/python3.12/site-packages/airflow/example_dags/example_display_name.py
[2024-10-13T09:15:43.721+0000] {processor.py:925} INFO - DAG(s) 'example_display_name' retrieved from /home/airflow/.local/lib/python3.12/site-packages/airflow/example_dags/example_display_name.py
[2024-10-13T09:15:43.750+0000] {logging_mixin.py:190} INFO - [2024-10-13T09:15:43.749+0000] {dag.py:3239} INFO - Sync 1 DAGs
[2024-10-13T09:15:43.767+0000] {logging_mixin.py:190} INFO - [2024-10-13T09:15:43.767+0000] {dag.py:4180} INFO - Setting next_dagrun for example_display_name to None, run_after=None
[2024-10-13T09:15:43.794+0000] {processor.py:208} INFO - Processing /home/airflow/.local/lib/python3.12/site-packages/airflow/example_dags/example_display_name.py took 0.098 seconds
[2024-10-13T09:16:15.127+0000] {processor.py:186} INFO - Started process (PID=1769) to work on /home/airflow/.local/lib/python3.12/site-packages/airflow/example_dags/example_display_name.py
[2024-10-13T09:16:15.131+0000] {processor.py:914} INFO - Processing file /home/airflow/.local/lib/python3.12/site-packages/airflow/example_dags/example_display_name.py for tasks to queue
[2024-10-13T09:16:15.139+0000] {logging_mixin.py:190} INFO - [2024-10-13T09:16:15.139+0000] {dagbag.py:588} INFO - Filling up the DagBag from /home/airflow/.local/lib/python3.12/site-packages/airflow/example_dags/example_display_name.py
[2024-10-13T09:16:15.163+0000] {processor.py:925} INFO - DAG(s) 'example_display_name' retrieved from /home/airflow/.local/lib/python3.12/site-packages/airflow/example_dags/example_display_name.py
[2024-10-13T09:16:15.220+0000] {logging_mixin.py:190} INFO - [2024-10-13T09:16:15.219+0000] {dag.py:3239} INFO - Sync 1 DAGs
[2024-10-13T09:16:15.262+0000] {logging_mixin.py:190} INFO - [2024-10-13T09:16:15.262+0000] {dag.py:4180} INFO - Setting next_dagrun for example_display_name to None, run_after=None
[2024-10-13T09:16:15.324+0000] {processor.py:208} INFO - Processing /home/airflow/.local/lib/python3.12/site-packages/airflow/example_dags/example_display_name.py took 0.214 seconds
[2024-10-13T09:16:45.975+0000] {processor.py:186} INFO - Started process (PID=1832) to work on /home/airflow/.local/lib/python3.12/site-packages/airflow/example_dags/example_display_name.py
[2024-10-13T09:16:45.977+0000] {processor.py:914} INFO - Processing file /home/airflow/.local/lib/python3.12/site-packages/airflow/example_dags/example_display_name.py for tasks to queue
[2024-10-13T09:16:45.984+0000] {logging_mixin.py:190} INFO - [2024-10-13T09:16:45.983+0000] {dagbag.py:588} INFO - Filling up the DagBag from /home/airflow/.local/lib/python3.12/site-packages/airflow/example_dags/example_display_name.py
[2024-10-13T09:16:46.000+0000] {processor.py:925} INFO - DAG(s) 'example_display_name' retrieved from /home/airflow/.local/lib/python3.12/site-packages/airflow/example_dags/example_display_name.py
[2024-10-13T09:16:46.043+0000] {logging_mixin.py:190} INFO - [2024-10-13T09:16:46.043+0000] {dag.py:3239} INFO - Sync 1 DAGs
[2024-10-13T09:16:46.090+0000] {logging_mixin.py:190} INFO - [2024-10-13T09:16:46.089+0000] {dag.py:4180} INFO - Setting next_dagrun for example_display_name to None, run_after=None
[2024-10-13T09:16:46.168+0000] {processor.py:208} INFO - Processing /home/airflow/.local/lib/python3.12/site-packages/airflow/example_dags/example_display_name.py took 0.201 seconds
[2024-10-13T09:17:17.209+0000] {processor.py:186} INFO - Started process (PID=1897) to work on /home/airflow/.local/lib/python3.12/site-packages/airflow/example_dags/example_display_name.py
[2024-10-13T09:17:17.211+0000] {processor.py:914} INFO - Processing file /home/airflow/.local/lib/python3.12/site-packages/airflow/example_dags/example_display_name.py for tasks to queue
[2024-10-13T09:17:17.218+0000] {logging_mixin.py:190} INFO - [2024-10-13T09:17:17.218+0000] {dagbag.py:588} INFO - Filling up the DagBag from /home/airflow/.local/lib/python3.12/site-packages/airflow/example_dags/example_display_name.py
[2024-10-13T09:17:17.229+0000] {processor.py:925} INFO - DAG(s) 'example_display_name' retrieved from /home/airflow/.local/lib/python3.12/site-packages/airflow/example_dags/example_display_name.py
[2024-10-13T09:17:17.267+0000] {logging_mixin.py:190} INFO - [2024-10-13T09:17:17.266+0000] {dag.py:3239} INFO - Sync 1 DAGs
[2024-10-13T09:17:17.287+0000] {logging_mixin.py:190} INFO - [2024-10-13T09:17:17.287+0000] {dag.py:4180} INFO - Setting next_dagrun for example_display_name to None, run_after=None
[2024-10-13T09:17:17.314+0000] {processor.py:208} INFO - Processing /home/airflow/.local/lib/python3.12/site-packages/airflow/example_dags/example_display_name.py took 0.113 seconds
[2024-10-13T09:17:47.770+0000] {processor.py:186} INFO - Started process (PID=1966) to work on /home/airflow/.local/lib/python3.12/site-packages/airflow/example_dags/example_display_name.py
[2024-10-13T09:17:47.771+0000] {processor.py:914} INFO - Processing file /home/airflow/.local/lib/python3.12/site-packages/airflow/example_dags/example_display_name.py for tasks to queue
[2024-10-13T09:17:47.773+0000] {logging_mixin.py:190} INFO - [2024-10-13T09:17:47.773+0000] {dagbag.py:588} INFO - Filling up the DagBag from /home/airflow/.local/lib/python3.12/site-packages/airflow/example_dags/example_display_name.py
[2024-10-13T09:17:47.779+0000] {processor.py:925} INFO - DAG(s) 'example_display_name' retrieved from /home/airflow/.local/lib/python3.12/site-packages/airflow/example_dags/example_display_name.py
[2024-10-13T09:17:47.796+0000] {logging_mixin.py:190} INFO - [2024-10-13T09:17:47.796+0000] {dag.py:3239} INFO - Sync 1 DAGs
[2024-10-13T09:17:47.808+0000] {logging_mixin.py:190} INFO - [2024-10-13T09:17:47.808+0000] {dag.py:4180} INFO - Setting next_dagrun for example_display_name to None, run_after=None
[2024-10-13T09:17:47.839+0000] {processor.py:208} INFO - Processing /home/airflow/.local/lib/python3.12/site-packages/airflow/example_dags/example_display_name.py took 0.074 seconds
[2024-10-13T09:18:18.863+0000] {processor.py:186} INFO - Started process (PID=2032) to work on /home/airflow/.local/lib/python3.12/site-packages/airflow/example_dags/example_display_name.py
[2024-10-13T09:18:18.864+0000] {processor.py:914} INFO - Processing file /home/airflow/.local/lib/python3.12/site-packages/airflow/example_dags/example_display_name.py for tasks to queue
[2024-10-13T09:18:18.867+0000] {logging_mixin.py:190} INFO - [2024-10-13T09:18:18.866+0000] {dagbag.py:588} INFO - Filling up the DagBag from /home/airflow/.local/lib/python3.12/site-packages/airflow/example_dags/example_display_name.py
[2024-10-13T09:18:18.873+0000] {processor.py:925} INFO - DAG(s) 'example_display_name' retrieved from /home/airflow/.local/lib/python3.12/site-packages/airflow/example_dags/example_display_name.py
[2024-10-13T09:18:18.890+0000] {logging_mixin.py:190} INFO - [2024-10-13T09:18:18.890+0000] {dag.py:3239} INFO - Sync 1 DAGs
[2024-10-13T09:18:18.906+0000] {logging_mixin.py:190} INFO - [2024-10-13T09:18:18.906+0000] {dag.py:4180} INFO - Setting next_dagrun for example_display_name to None, run_after=None
[2024-10-13T09:18:18.929+0000] {processor.py:208} INFO - Processing /home/airflow/.local/lib/python3.12/site-packages/airflow/example_dags/example_display_name.py took 0.070 seconds
[2024-10-13T09:18:49.133+0000] {processor.py:186} INFO - Started process (PID=2095) to work on /home/airflow/.local/lib/python3.12/site-packages/airflow/example_dags/example_display_name.py
[2024-10-13T09:18:49.134+0000] {processor.py:914} INFO - Processing file /home/airflow/.local/lib/python3.12/site-packages/airflow/example_dags/example_display_name.py for tasks to queue
[2024-10-13T09:18:49.136+0000] {logging_mixin.py:190} INFO - [2024-10-13T09:18:49.136+0000] {dagbag.py:588} INFO - Filling up the DagBag from /home/airflow/.local/lib/python3.12/site-packages/airflow/example_dags/example_display_name.py
[2024-10-13T09:18:49.144+0000] {processor.py:925} INFO - DAG(s) 'example_display_name' retrieved from /home/airflow/.local/lib/python3.12/site-packages/airflow/example_dags/example_display_name.py
[2024-10-13T09:18:49.175+0000] {logging_mixin.py:190} INFO - [2024-10-13T09:18:49.175+0000] {dag.py:3239} INFO - Sync 1 DAGs
[2024-10-13T09:18:49.194+0000] {logging_mixin.py:190} INFO - [2024-10-13T09:18:49.194+0000] {dag.py:4180} INFO - Setting next_dagrun for example_display_name to None, run_after=None
[2024-10-13T09:18:49.213+0000] {processor.py:208} INFO - Processing /home/airflow/.local/lib/python3.12/site-packages/airflow/example_dags/example_display_name.py took 0.089 seconds
[2024-10-13T09:19:19.967+0000] {processor.py:186} INFO - Started process (PID=2158) to work on /home/airflow/.local/lib/python3.12/site-packages/airflow/example_dags/example_display_name.py
[2024-10-13T09:19:19.968+0000] {processor.py:914} INFO - Processing file /home/airflow/.local/lib/python3.12/site-packages/airflow/example_dags/example_display_name.py for tasks to queue
[2024-10-13T09:19:19.970+0000] {logging_mixin.py:190} INFO - [2024-10-13T09:19:19.970+0000] {dagbag.py:588} INFO - Filling up the DagBag from /home/airflow/.local/lib/python3.12/site-packages/airflow/example_dags/example_display_name.py
[2024-10-13T09:19:19.977+0000] {processor.py:925} INFO - DAG(s) 'example_display_name' retrieved from /home/airflow/.local/lib/python3.12/site-packages/airflow/example_dags/example_display_name.py
[2024-10-13T09:19:19.995+0000] {logging_mixin.py:190} INFO - [2024-10-13T09:19:19.995+0000] {dag.py:3239} INFO - Sync 1 DAGs
[2024-10-13T09:19:20.009+0000] {logging_mixin.py:190} INFO - [2024-10-13T09:19:20.008+0000] {dag.py:4180} INFO - Setting next_dagrun for example_display_name to None, run_after=None
[2024-10-13T09:19:20.031+0000] {processor.py:208} INFO - Processing /home/airflow/.local/lib/python3.12/site-packages/airflow/example_dags/example_display_name.py took 0.069 seconds
[2024-10-13T09:19:50.541+0000] {processor.py:186} INFO - Started process (PID=2221) to work on /home/airflow/.local/lib/python3.12/site-packages/airflow/example_dags/example_display_name.py
[2024-10-13T09:19:50.542+0000] {processor.py:914} INFO - Processing file /home/airflow/.local/lib/python3.12/site-packages/airflow/example_dags/example_display_name.py for tasks to queue
[2024-10-13T09:19:50.545+0000] {logging_mixin.py:190} INFO - [2024-10-13T09:19:50.545+0000] {dagbag.py:588} INFO - Filling up the DagBag from /home/airflow/.local/lib/python3.12/site-packages/airflow/example_dags/example_display_name.py
[2024-10-13T09:19:50.553+0000] {processor.py:925} INFO - DAG(s) 'example_display_name' retrieved from /home/airflow/.local/lib/python3.12/site-packages/airflow/example_dags/example_display_name.py
[2024-10-13T09:19:50.579+0000] {logging_mixin.py:190} INFO - [2024-10-13T09:19:50.579+0000] {dag.py:3239} INFO - Sync 1 DAGs
[2024-10-13T09:19:50.593+0000] {logging_mixin.py:190} INFO - [2024-10-13T09:19:50.592+0000] {dag.py:4180} INFO - Setting next_dagrun for example_display_name to None, run_after=None
[2024-10-13T09:19:50.616+0000] {processor.py:208} INFO - Processing /home/airflow/.local/lib/python3.12/site-packages/airflow/example_dags/example_display_name.py took 0.082 seconds
[2024-10-13T09:20:20.990+0000] {processor.py:186} INFO - Started process (PID=2284) to work on /home/airflow/.local/lib/python3.12/site-packages/airflow/example_dags/example_display_name.py
[2024-10-13T09:20:20.991+0000] {processor.py:914} INFO - Processing file /home/airflow/.local/lib/python3.12/site-packages/airflow/example_dags/example_display_name.py for tasks to queue
[2024-10-13T09:20:20.996+0000] {logging_mixin.py:190} INFO - [2024-10-13T09:20:20.995+0000] {dagbag.py:588} INFO - Filling up the DagBag from /home/airflow/.local/lib/python3.12/site-packages/airflow/example_dags/example_display_name.py
[2024-10-13T09:20:21.007+0000] {processor.py:925} INFO - DAG(s) 'example_display_name' retrieved from /home/airflow/.local/lib/python3.12/site-packages/airflow/example_dags/example_display_name.py
[2024-10-13T09:20:21.031+0000] {logging_mixin.py:190} INFO - [2024-10-13T09:20:21.031+0000] {dag.py:3239} INFO - Sync 1 DAGs
[2024-10-13T09:20:21.046+0000] {logging_mixin.py:190} INFO - [2024-10-13T09:20:21.046+0000] {dag.py:4180} INFO - Setting next_dagrun for example_display_name to None, run_after=None
[2024-10-13T09:20:21.066+0000] {processor.py:208} INFO - Processing /home/airflow/.local/lib/python3.12/site-packages/airflow/example_dags/example_display_name.py took 0.084 seconds
[2024-10-13T09:20:52.150+0000] {processor.py:186} INFO - Started process (PID=2351) to work on /home/airflow/.local/lib/python3.12/site-packages/airflow/example_dags/example_display_name.py
[2024-10-13T09:20:52.152+0000] {processor.py:914} INFO - Processing file /home/airflow/.local/lib/python3.12/site-packages/airflow/example_dags/example_display_name.py for tasks to queue
[2024-10-13T09:20:52.156+0000] {logging_mixin.py:190} INFO - [2024-10-13T09:20:52.155+0000] {dagbag.py:588} INFO - Filling up the DagBag from /home/airflow/.local/lib/python3.12/site-packages/airflow/example_dags/example_display_name.py
[2024-10-13T09:20:52.169+0000] {processor.py:925} INFO - DAG(s) 'example_display_name' retrieved from /home/airflow/.local/lib/python3.12/site-packages/airflow/example_dags/example_display_name.py
[2024-10-13T09:20:52.199+0000] {logging_mixin.py:190} INFO - [2024-10-13T09:20:52.199+0000] {dag.py:3239} INFO - Sync 1 DAGs
[2024-10-13T09:20:52.220+0000] {logging_mixin.py:190} INFO - [2024-10-13T09:20:52.219+0000] {dag.py:4180} INFO - Setting next_dagrun for example_display_name to None, run_after=None
[2024-10-13T09:20:52.255+0000] {processor.py:208} INFO - Processing /home/airflow/.local/lib/python3.12/site-packages/airflow/example_dags/example_display_name.py took 0.113 seconds
[2024-10-13T09:21:22.817+0000] {processor.py:186} INFO - Started process (PID=2415) to work on /home/airflow/.local/lib/python3.12/site-packages/airflow/example_dags/example_display_name.py
[2024-10-13T09:21:22.819+0000] {processor.py:914} INFO - Processing file /home/airflow/.local/lib/python3.12/site-packages/airflow/example_dags/example_display_name.py for tasks to queue
[2024-10-13T09:21:22.823+0000] {logging_mixin.py:190} INFO - [2024-10-13T09:21:22.823+0000] {dagbag.py:588} INFO - Filling up the DagBag from /home/airflow/.local/lib/python3.12/site-packages/airflow/example_dags/example_display_name.py
[2024-10-13T09:21:22.839+0000] {processor.py:925} INFO - DAG(s) 'example_display_name' retrieved from /home/airflow/.local/lib/python3.12/site-packages/airflow/example_dags/example_display_name.py
[2024-10-13T09:21:22.872+0000] {logging_mixin.py:190} INFO - [2024-10-13T09:21:22.872+0000] {dag.py:3239} INFO - Sync 1 DAGs
[2024-10-13T09:21:22.900+0000] {logging_mixin.py:190} INFO - [2024-10-13T09:21:22.899+0000] {dag.py:4180} INFO - Setting next_dagrun for example_display_name to None, run_after=None
[2024-10-13T09:21:22.936+0000] {processor.py:208} INFO - Processing /home/airflow/.local/lib/python3.12/site-packages/airflow/example_dags/example_display_name.py took 0.130 seconds
[2024-10-13T09:21:53.361+0000] {processor.py:186} INFO - Started process (PID=2478) to work on /home/airflow/.local/lib/python3.12/site-packages/airflow/example_dags/example_display_name.py
[2024-10-13T09:21:53.362+0000] {processor.py:914} INFO - Processing file /home/airflow/.local/lib/python3.12/site-packages/airflow/example_dags/example_display_name.py for tasks to queue
[2024-10-13T09:21:53.365+0000] {logging_mixin.py:190} INFO - [2024-10-13T09:21:53.365+0000] {dagbag.py:588} INFO - Filling up the DagBag from /home/airflow/.local/lib/python3.12/site-packages/airflow/example_dags/example_display_name.py
[2024-10-13T09:21:53.376+0000] {processor.py:925} INFO - DAG(s) 'example_display_name' retrieved from /home/airflow/.local/lib/python3.12/site-packages/airflow/example_dags/example_display_name.py
[2024-10-13T09:21:53.414+0000] {logging_mixin.py:190} INFO - [2024-10-13T09:21:53.414+0000] {dag.py:3239} INFO - Sync 1 DAGs
[2024-10-13T09:21:53.430+0000] {logging_mixin.py:190} INFO - [2024-10-13T09:21:53.429+0000] {dag.py:4180} INFO - Setting next_dagrun for example_display_name to None, run_after=None
[2024-10-13T09:21:53.450+0000] {processor.py:208} INFO - Processing /home/airflow/.local/lib/python3.12/site-packages/airflow/example_dags/example_display_name.py took 0.096 seconds
[2024-10-13T09:22:24.003+0000] {processor.py:186} INFO - Started process (PID=2541) to work on /home/airflow/.local/lib/python3.12/site-packages/airflow/example_dags/example_display_name.py
[2024-10-13T09:22:24.006+0000] {processor.py:914} INFO - Processing file /home/airflow/.local/lib/python3.12/site-packages/airflow/example_dags/example_display_name.py for tasks to queue
[2024-10-13T09:22:24.013+0000] {logging_mixin.py:190} INFO - [2024-10-13T09:22:24.012+0000] {dagbag.py:588} INFO - Filling up the DagBag from /home/airflow/.local/lib/python3.12/site-packages/airflow/example_dags/example_display_name.py
[2024-10-13T09:22:24.024+0000] {processor.py:925} INFO - DAG(s) 'example_display_name' retrieved from /home/airflow/.local/lib/python3.12/site-packages/airflow/example_dags/example_display_name.py
[2024-10-13T09:22:24.063+0000] {logging_mixin.py:190} INFO - [2024-10-13T09:22:24.063+0000] {dag.py:3239} INFO - Sync 1 DAGs
[2024-10-13T09:22:24.103+0000] {logging_mixin.py:190} INFO - [2024-10-13T09:22:24.103+0000] {dag.py:4180} INFO - Setting next_dagrun for example_display_name to None, run_after=None
[2024-10-13T09:22:24.145+0000] {processor.py:208} INFO - Processing /home/airflow/.local/lib/python3.12/site-packages/airflow/example_dags/example_display_name.py took 0.149 seconds
[2024-10-13T09:22:54.930+0000] {processor.py:186} INFO - Started process (PID=2604) to work on /home/airflow/.local/lib/python3.12/site-packages/airflow/example_dags/example_display_name.py
[2024-10-13T09:22:54.932+0000] {processor.py:914} INFO - Processing file /home/airflow/.local/lib/python3.12/site-packages/airflow/example_dags/example_display_name.py for tasks to queue
[2024-10-13T09:22:54.936+0000] {logging_mixin.py:190} INFO - [2024-10-13T09:22:54.935+0000] {dagbag.py:588} INFO - Filling up the DagBag from /home/airflow/.local/lib/python3.12/site-packages/airflow/example_dags/example_display_name.py
[2024-10-13T09:22:54.946+0000] {processor.py:925} INFO - DAG(s) 'example_display_name' retrieved from /home/airflow/.local/lib/python3.12/site-packages/airflow/example_dags/example_display_name.py
[2024-10-13T09:22:54.981+0000] {logging_mixin.py:190} INFO - [2024-10-13T09:22:54.981+0000] {dag.py:3239} INFO - Sync 1 DAGs
[2024-10-13T09:22:55.003+0000] {logging_mixin.py:190} INFO - [2024-10-13T09:22:55.003+0000] {dag.py:4180} INFO - Setting next_dagrun for example_display_name to None, run_after=None
[2024-10-13T09:22:55.037+0000] {processor.py:208} INFO - Processing /home/airflow/.local/lib/python3.12/site-packages/airflow/example_dags/example_display_name.py took 0.115 seconds
[2024-10-13T09:23:26.237+0000] {processor.py:186} INFO - Started process (PID=2667) to work on /home/airflow/.local/lib/python3.12/site-packages/airflow/example_dags/example_display_name.py
[2024-10-13T09:23:26.248+0000] {processor.py:914} INFO - Processing file /home/airflow/.local/lib/python3.12/site-packages/airflow/example_dags/example_display_name.py for tasks to queue
[2024-10-13T09:23:26.255+0000] {logging_mixin.py:190} INFO - [2024-10-13T09:23:26.254+0000] {dagbag.py:588} INFO - Filling up the DagBag from /home/airflow/.local/lib/python3.12/site-packages/airflow/example_dags/example_display_name.py
[2024-10-13T09:23:26.283+0000] {processor.py:925} INFO - DAG(s) 'example_display_name' retrieved from /home/airflow/.local/lib/python3.12/site-packages/airflow/example_dags/example_display_name.py
[2024-10-13T09:23:26.340+0000] {logging_mixin.py:190} INFO - [2024-10-13T09:23:26.339+0000] {dag.py:3239} INFO - Sync 1 DAGs
[2024-10-13T09:23:26.381+0000] {logging_mixin.py:190} INFO - [2024-10-13T09:23:26.381+0000] {dag.py:4180} INFO - Setting next_dagrun for example_display_name to None, run_after=None
[2024-10-13T09:23:26.433+0000] {processor.py:208} INFO - Processing /home/airflow/.local/lib/python3.12/site-packages/airflow/example_dags/example_display_name.py took 0.210 seconds
[2024-10-13T09:23:56.715+0000] {processor.py:186} INFO - Started process (PID=2731) to work on /home/airflow/.local/lib/python3.12/site-packages/airflow/example_dags/example_display_name.py
[2024-10-13T09:23:56.718+0000] {processor.py:914} INFO - Processing file /home/airflow/.local/lib/python3.12/site-packages/airflow/example_dags/example_display_name.py for tasks to queue
[2024-10-13T09:23:56.725+0000] {logging_mixin.py:190} INFO - [2024-10-13T09:23:56.724+0000] {dagbag.py:588} INFO - Filling up the DagBag from /home/airflow/.local/lib/python3.12/site-packages/airflow/example_dags/example_display_name.py
[2024-10-13T09:23:56.743+0000] {processor.py:925} INFO - DAG(s) 'example_display_name' retrieved from /home/airflow/.local/lib/python3.12/site-packages/airflow/example_dags/example_display_name.py
[2024-10-13T09:23:56.773+0000] {logging_mixin.py:190} INFO - [2024-10-13T09:23:56.773+0000] {dag.py:3239} INFO - Sync 1 DAGs
[2024-10-13T09:23:56.794+0000] {logging_mixin.py:190} INFO - [2024-10-13T09:23:56.793+0000] {dag.py:4180} INFO - Setting next_dagrun for example_display_name to None, run_after=None
[2024-10-13T09:23:56.819+0000] {processor.py:208} INFO - Processing /home/airflow/.local/lib/python3.12/site-packages/airflow/example_dags/example_display_name.py took 0.113 seconds
[2024-10-13T09:24:29.788+0000] {processor.py:186} INFO - Started process (PID=2793) to work on /home/airflow/.local/lib/python3.12/site-packages/airflow/example_dags/example_display_name.py
[2024-10-13T09:24:29.798+0000] {processor.py:914} INFO - Processing file /home/airflow/.local/lib/python3.12/site-packages/airflow/example_dags/example_display_name.py for tasks to queue
[2024-10-13T09:24:29.812+0000] {logging_mixin.py:190} INFO - [2024-10-13T09:24:29.811+0000] {dagbag.py:588} INFO - Filling up the DagBag from /home/airflow/.local/lib/python3.12/site-packages/airflow/example_dags/example_display_name.py
[2024-10-13T09:24:29.843+0000] {processor.py:925} INFO - DAG(s) 'example_display_name' retrieved from /home/airflow/.local/lib/python3.12/site-packages/airflow/example_dags/example_display_name.py
[2024-10-13T09:24:29.893+0000] {logging_mixin.py:190} INFO - [2024-10-13T09:24:29.892+0000] {dag.py:3239} INFO - Sync 1 DAGs
[2024-10-13T09:24:29.936+0000] {logging_mixin.py:190} INFO - [2024-10-13T09:24:29.935+0000] {dag.py:4180} INFO - Setting next_dagrun for example_display_name to None, run_after=None
[2024-10-13T09:24:29.983+0000] {processor.py:208} INFO - Processing /home/airflow/.local/lib/python3.12/site-packages/airflow/example_dags/example_display_name.py took 0.213 seconds
[2024-10-13T09:25:00.108+0000] {processor.py:186} INFO - Started process (PID=2857) to work on /home/airflow/.local/lib/python3.12/site-packages/airflow/example_dags/example_display_name.py
[2024-10-13T09:25:00.110+0000] {processor.py:914} INFO - Processing file /home/airflow/.local/lib/python3.12/site-packages/airflow/example_dags/example_display_name.py for tasks to queue
[2024-10-13T09:25:00.117+0000] {logging_mixin.py:190} INFO - [2024-10-13T09:25:00.116+0000] {dagbag.py:588} INFO - Filling up the DagBag from /home/airflow/.local/lib/python3.12/site-packages/airflow/example_dags/example_display_name.py
[2024-10-13T09:25:00.132+0000] {processor.py:925} INFO - DAG(s) 'example_display_name' retrieved from /home/airflow/.local/lib/python3.12/site-packages/airflow/example_dags/example_display_name.py
[2024-10-13T09:25:00.178+0000] {logging_mixin.py:190} INFO - [2024-10-13T09:25:00.177+0000] {dag.py:3239} INFO - Sync 1 DAGs
[2024-10-13T09:25:00.213+0000] {logging_mixin.py:190} INFO - [2024-10-13T09:25:00.212+0000] {dag.py:4180} INFO - Setting next_dagrun for example_display_name to None, run_after=None
[2024-10-13T09:25:00.290+0000] {processor.py:208} INFO - Processing /home/airflow/.local/lib/python3.12/site-packages/airflow/example_dags/example_display_name.py took 0.191 seconds
[2024-10-13T09:25:31.130+0000] {processor.py:186} INFO - Started process (PID=2920) to work on /home/airflow/.local/lib/python3.12/site-packages/airflow/example_dags/example_display_name.py
[2024-10-13T09:25:31.133+0000] {processor.py:914} INFO - Processing file /home/airflow/.local/lib/python3.12/site-packages/airflow/example_dags/example_display_name.py for tasks to queue
[2024-10-13T09:25:31.138+0000] {logging_mixin.py:190} INFO - [2024-10-13T09:25:31.138+0000] {dagbag.py:588} INFO - Filling up the DagBag from /home/airflow/.local/lib/python3.12/site-packages/airflow/example_dags/example_display_name.py
[2024-10-13T09:25:31.147+0000] {processor.py:925} INFO - DAG(s) 'example_display_name' retrieved from /home/airflow/.local/lib/python3.12/site-packages/airflow/example_dags/example_display_name.py
[2024-10-13T09:25:31.174+0000] {logging_mixin.py:190} INFO - [2024-10-13T09:25:31.173+0000] {dag.py:3239} INFO - Sync 1 DAGs
[2024-10-13T09:25:31.195+0000] {logging_mixin.py:190} INFO - [2024-10-13T09:25:31.194+0000] {dag.py:4180} INFO - Setting next_dagrun for example_display_name to None, run_after=None
[2024-10-13T09:25:31.233+0000] {processor.py:208} INFO - Processing /home/airflow/.local/lib/python3.12/site-packages/airflow/example_dags/example_display_name.py took 0.111 seconds
[2024-10-13T09:26:02.316+0000] {processor.py:186} INFO - Started process (PID=2984) to work on /home/airflow/.local/lib/python3.12/site-packages/airflow/example_dags/example_display_name.py
[2024-10-13T09:26:02.318+0000] {processor.py:914} INFO - Processing file /home/airflow/.local/lib/python3.12/site-packages/airflow/example_dags/example_display_name.py for tasks to queue
[2024-10-13T09:26:02.322+0000] {logging_mixin.py:190} INFO - [2024-10-13T09:26:02.321+0000] {dagbag.py:588} INFO - Filling up the DagBag from /home/airflow/.local/lib/python3.12/site-packages/airflow/example_dags/example_display_name.py
[2024-10-13T09:26:02.332+0000] {processor.py:925} INFO - DAG(s) 'example_display_name' retrieved from /home/airflow/.local/lib/python3.12/site-packages/airflow/example_dags/example_display_name.py
[2024-10-13T09:26:02.360+0000] {logging_mixin.py:190} INFO - [2024-10-13T09:26:02.360+0000] {dag.py:3239} INFO - Sync 1 DAGs
[2024-10-13T09:26:02.378+0000] {logging_mixin.py:190} INFO - [2024-10-13T09:26:02.378+0000] {dag.py:4180} INFO - Setting next_dagrun for example_display_name to None, run_after=None
[2024-10-13T09:26:02.406+0000] {processor.py:208} INFO - Processing /home/airflow/.local/lib/python3.12/site-packages/airflow/example_dags/example_display_name.py took 0.101 seconds
[2024-10-13T09:26:39.294+0000] {processor.py:186} INFO - Started process (PID=3047) to work on /home/airflow/.local/lib/python3.12/site-packages/airflow/example_dags/example_display_name.py
[2024-10-13T09:26:39.299+0000] {processor.py:914} INFO - Processing file /home/airflow/.local/lib/python3.12/site-packages/airflow/example_dags/example_display_name.py for tasks to queue
[2024-10-13T09:26:39.308+0000] {logging_mixin.py:190} INFO - [2024-10-13T09:26:39.308+0000] {dagbag.py:588} INFO - Filling up the DagBag from /home/airflow/.local/lib/python3.12/site-packages/airflow/example_dags/example_display_name.py
[2024-10-13T09:26:39.329+0000] {processor.py:925} INFO - DAG(s) 'example_display_name' retrieved from /home/airflow/.local/lib/python3.12/site-packages/airflow/example_dags/example_display_name.py
[2024-10-13T09:26:39.371+0000] {logging_mixin.py:190} INFO - [2024-10-13T09:26:39.370+0000] {dag.py:3239} INFO - Sync 1 DAGs
[2024-10-13T09:26:39.411+0000] {logging_mixin.py:190} INFO - [2024-10-13T09:26:39.410+0000] {dag.py:4180} INFO - Setting next_dagrun for example_display_name to None, run_after=None
[2024-10-13T09:26:39.470+0000] {processor.py:208} INFO - Processing /home/airflow/.local/lib/python3.12/site-packages/airflow/example_dags/example_display_name.py took 0.187 seconds
[2024-10-13T09:27:20.539+0000] {processor.py:186} INFO - Started process (PID=3125) to work on /home/airflow/.local/lib/python3.12/site-packages/airflow/example_dags/example_display_name.py
[2024-10-13T09:27:20.541+0000] {processor.py:914} INFO - Processing file /home/airflow/.local/lib/python3.12/site-packages/airflow/example_dags/example_display_name.py for tasks to queue
[2024-10-13T09:27:20.554+0000] {logging_mixin.py:190} INFO - [2024-10-13T09:27:20.553+0000] {dagbag.py:588} INFO - Filling up the DagBag from /home/airflow/.local/lib/python3.12/site-packages/airflow/example_dags/example_display_name.py
[2024-10-13T09:27:20.583+0000] {processor.py:925} INFO - DAG(s) 'example_display_name' retrieved from /home/airflow/.local/lib/python3.12/site-packages/airflow/example_dags/example_display_name.py
[2024-10-13T09:27:20.641+0000] {logging_mixin.py:190} INFO - [2024-10-13T09:27:20.640+0000] {dag.py:3239} INFO - Sync 1 DAGs
[2024-10-13T09:27:20.689+0000] {logging_mixin.py:190} INFO - [2024-10-13T09:27:20.688+0000] {dag.py:4180} INFO - Setting next_dagrun for example_display_name to None, run_after=None
[2024-10-13T09:27:20.737+0000] {processor.py:208} INFO - Processing /home/airflow/.local/lib/python3.12/site-packages/airflow/example_dags/example_display_name.py took 0.212 seconds
[2024-10-13T09:27:53.356+0000] {processor.py:186} INFO - Started process (PID=3188) to work on /home/airflow/.local/lib/python3.12/site-packages/airflow/example_dags/example_display_name.py
[2024-10-13T09:27:53.359+0000] {processor.py:914} INFO - Processing file /home/airflow/.local/lib/python3.12/site-packages/airflow/example_dags/example_display_name.py for tasks to queue
[2024-10-13T09:27:53.370+0000] {logging_mixin.py:190} INFO - [2024-10-13T09:27:53.368+0000] {dagbag.py:588} INFO - Filling up the DagBag from /home/airflow/.local/lib/python3.12/site-packages/airflow/example_dags/example_display_name.py
[2024-10-13T09:27:53.403+0000] {processor.py:925} INFO - DAG(s) 'example_display_name' retrieved from /home/airflow/.local/lib/python3.12/site-packages/airflow/example_dags/example_display_name.py
[2024-10-13T09:27:53.488+0000] {logging_mixin.py:190} INFO - [2024-10-13T09:27:53.487+0000] {dag.py:3239} INFO - Sync 1 DAGs
[2024-10-13T09:27:53.544+0000] {logging_mixin.py:190} INFO - [2024-10-13T09:27:53.543+0000] {dag.py:4180} INFO - Setting next_dagrun for example_display_name to None, run_after=None
[2024-10-13T09:27:53.671+0000] {processor.py:208} INFO - Processing /home/airflow/.local/lib/python3.12/site-packages/airflow/example_dags/example_display_name.py took 0.334 seconds
[2024-10-13T09:28:24.183+0000] {processor.py:186} INFO - Started process (PID=3251) to work on /home/airflow/.local/lib/python3.12/site-packages/airflow/example_dags/example_display_name.py
[2024-10-13T09:28:24.185+0000] {processor.py:914} INFO - Processing file /home/airflow/.local/lib/python3.12/site-packages/airflow/example_dags/example_display_name.py for tasks to queue
[2024-10-13T09:28:24.191+0000] {logging_mixin.py:190} INFO - [2024-10-13T09:28:24.190+0000] {dagbag.py:588} INFO - Filling up the DagBag from /home/airflow/.local/lib/python3.12/site-packages/airflow/example_dags/example_display_name.py
[2024-10-13T09:28:24.206+0000] {processor.py:925} INFO - DAG(s) 'example_display_name' retrieved from /home/airflow/.local/lib/python3.12/site-packages/airflow/example_dags/example_display_name.py
[2024-10-13T09:28:24.266+0000] {logging_mixin.py:190} INFO - [2024-10-13T09:28:24.265+0000] {dag.py:3239} INFO - Sync 1 DAGs
[2024-10-13T09:28:24.311+0000] {logging_mixin.py:190} INFO - [2024-10-13T09:28:24.310+0000] {dag.py:4180} INFO - Setting next_dagrun for example_display_name to None, run_after=None
[2024-10-13T09:28:24.370+0000] {processor.py:208} INFO - Processing /home/airflow/.local/lib/python3.12/site-packages/airflow/example_dags/example_display_name.py took 0.199 seconds
[2024-10-13T09:28:54.519+0000] {processor.py:186} INFO - Started process (PID=3314) to work on /home/airflow/.local/lib/python3.12/site-packages/airflow/example_dags/example_display_name.py
[2024-10-13T09:28:54.521+0000] {processor.py:914} INFO - Processing file /home/airflow/.local/lib/python3.12/site-packages/airflow/example_dags/example_display_name.py for tasks to queue
[2024-10-13T09:28:54.526+0000] {logging_mixin.py:190} INFO - [2024-10-13T09:28:54.525+0000] {dagbag.py:588} INFO - Filling up the DagBag from /home/airflow/.local/lib/python3.12/site-packages/airflow/example_dags/example_display_name.py
[2024-10-13T09:28:54.537+0000] {processor.py:925} INFO - DAG(s) 'example_display_name' retrieved from /home/airflow/.local/lib/python3.12/site-packages/airflow/example_dags/example_display_name.py
[2024-10-13T09:28:54.561+0000] {logging_mixin.py:190} INFO - [2024-10-13T09:28:54.560+0000] {dag.py:3239} INFO - Sync 1 DAGs
[2024-10-13T09:28:54.580+0000] {logging_mixin.py:190} INFO - [2024-10-13T09:28:54.580+0000] {dag.py:4180} INFO - Setting next_dagrun for example_display_name to None, run_after=None
[2024-10-13T09:28:54.608+0000] {processor.py:208} INFO - Processing /home/airflow/.local/lib/python3.12/site-packages/airflow/example_dags/example_display_name.py took 0.099 seconds
[2024-10-13T09:29:24.806+0000] {processor.py:186} INFO - Started process (PID=3377) to work on /home/airflow/.local/lib/python3.12/site-packages/airflow/example_dags/example_display_name.py
[2024-10-13T09:29:24.810+0000] {processor.py:914} INFO - Processing file /home/airflow/.local/lib/python3.12/site-packages/airflow/example_dags/example_display_name.py for tasks to queue
[2024-10-13T09:29:24.816+0000] {logging_mixin.py:190} INFO - [2024-10-13T09:29:24.815+0000] {dagbag.py:588} INFO - Filling up the DagBag from /home/airflow/.local/lib/python3.12/site-packages/airflow/example_dags/example_display_name.py
[2024-10-13T09:29:24.829+0000] {processor.py:925} INFO - DAG(s) 'example_display_name' retrieved from /home/airflow/.local/lib/python3.12/site-packages/airflow/example_dags/example_display_name.py
[2024-10-13T09:29:24.863+0000] {logging_mixin.py:190} INFO - [2024-10-13T09:29:24.863+0000] {dag.py:3239} INFO - Sync 1 DAGs
[2024-10-13T09:29:24.879+0000] {logging_mixin.py:190} INFO - [2024-10-13T09:29:24.879+0000] {dag.py:4180} INFO - Setting next_dagrun for example_display_name to None, run_after=None
[2024-10-13T09:29:24.905+0000] {processor.py:208} INFO - Processing /home/airflow/.local/lib/python3.12/site-packages/airflow/example_dags/example_display_name.py took 0.115 seconds
[2024-10-13T09:29:55.260+0000] {processor.py:186} INFO - Started process (PID=3440) to work on /home/airflow/.local/lib/python3.12/site-packages/airflow/example_dags/example_display_name.py
[2024-10-13T09:29:55.261+0000] {processor.py:914} INFO - Processing file /home/airflow/.local/lib/python3.12/site-packages/airflow/example_dags/example_display_name.py for tasks to queue
[2024-10-13T09:29:55.264+0000] {logging_mixin.py:190} INFO - [2024-10-13T09:29:55.263+0000] {dagbag.py:588} INFO - Filling up the DagBag from /home/airflow/.local/lib/python3.12/site-packages/airflow/example_dags/example_display_name.py
[2024-10-13T09:29:55.275+0000] {processor.py:925} INFO - DAG(s) 'example_display_name' retrieved from /home/airflow/.local/lib/python3.12/site-packages/airflow/example_dags/example_display_name.py
[2024-10-13T09:29:55.307+0000] {logging_mixin.py:190} INFO - [2024-10-13T09:29:55.307+0000] {dag.py:3239} INFO - Sync 1 DAGs
[2024-10-13T09:29:55.321+0000] {logging_mixin.py:190} INFO - [2024-10-13T09:29:55.320+0000] {dag.py:4180} INFO - Setting next_dagrun for example_display_name to None, run_after=None
[2024-10-13T09:29:55.342+0000] {processor.py:208} INFO - Processing /home/airflow/.local/lib/python3.12/site-packages/airflow/example_dags/example_display_name.py took 0.089 seconds
