[2024-10-13T09:02:29.203+0000] {processor.py:186} INFO - Started process (PID=93) to work on /home/airflow/.local/lib/python3.12/site-packages/airflow/example_dags/example_latest_only_with_trigger.py
[2024-10-13T09:02:29.215+0000] {processor.py:914} INFO - Processing file /home/airflow/.local/lib/python3.12/site-packages/airflow/example_dags/example_latest_only_with_trigger.py for tasks to queue
[2024-10-13T09:02:29.249+0000] {logging_mixin.py:190} INFO - [2024-10-13T09:02:29.222+0000] {dagbag.py:588} INFO - Filling up the DagBag from /home/airflow/.local/lib/python3.12/site-packages/airflow/example_dags/example_latest_only_with_trigger.py
[2024-10-13T09:02:29.311+0000] {processor.py:925} INFO - DAG(s) 'latest_only_with_trigger' retrieved from /home/airflow/.local/lib/python3.12/site-packages/airflow/example_dags/example_latest_only_with_trigger.py
[2024-10-13T09:02:29.413+0000] {logging_mixin.py:190} INFO - [2024-10-13T09:02:29.412+0000] {dag.py:3239} INFO - Sync 1 DAGs
[2024-10-13T09:02:29.508+0000] {logging_mixin.py:190} INFO - [2024-10-13T09:02:29.508+0000] {dag.py:4180} INFO - Setting next_dagrun for latest_only_with_trigger to 2024-10-13 04:00:00+00:00, run_after=2024-10-13 08:00:00+00:00
[2024-10-13T09:02:29.605+0000] {processor.py:208} INFO - Processing /home/airflow/.local/lib/python3.12/site-packages/airflow/example_dags/example_latest_only_with_trigger.py took 0.429 seconds
[2024-10-13T09:02:59.719+0000] {processor.py:186} INFO - Started process (PID=157) to work on /home/airflow/.local/lib/python3.12/site-packages/airflow/example_dags/example_latest_only_with_trigger.py
[2024-10-13T09:02:59.721+0000] {processor.py:914} INFO - Processing file /home/airflow/.local/lib/python3.12/site-packages/airflow/example_dags/example_latest_only_with_trigger.py for tasks to queue
[2024-10-13T09:02:59.728+0000] {logging_mixin.py:190} INFO - [2024-10-13T09:02:59.727+0000] {dagbag.py:588} INFO - Filling up the DagBag from /home/airflow/.local/lib/python3.12/site-packages/airflow/example_dags/example_latest_only_with_trigger.py
[2024-10-13T09:02:59.742+0000] {processor.py:925} INFO - DAG(s) 'latest_only_with_trigger' retrieved from /home/airflow/.local/lib/python3.12/site-packages/airflow/example_dags/example_latest_only_with_trigger.py
[2024-10-13T09:02:59.775+0000] {logging_mixin.py:190} INFO - [2024-10-13T09:02:59.774+0000] {dag.py:3239} INFO - Sync 1 DAGs
[2024-10-13T09:02:59.807+0000] {logging_mixin.py:190} INFO - [2024-10-13T09:02:59.807+0000] {dag.py:4180} INFO - Setting next_dagrun for latest_only_with_trigger to 2024-10-13 04:00:00+00:00, run_after=2024-10-13 08:00:00+00:00
[2024-10-13T09:02:59.837+0000] {processor.py:208} INFO - Processing /home/airflow/.local/lib/python3.12/site-packages/airflow/example_dags/example_latest_only_with_trigger.py took 0.128 seconds
[2024-10-13T09:03:31.527+0000] {processor.py:186} INFO - Started process (PID=220) to work on /home/airflow/.local/lib/python3.12/site-packages/airflow/example_dags/example_latest_only_with_trigger.py
[2024-10-13T09:03:31.534+0000] {processor.py:914} INFO - Processing file /home/airflow/.local/lib/python3.12/site-packages/airflow/example_dags/example_latest_only_with_trigger.py for tasks to queue
[2024-10-13T09:03:31.546+0000] {logging_mixin.py:190} INFO - [2024-10-13T09:03:31.544+0000] {dagbag.py:588} INFO - Filling up the DagBag from /home/airflow/.local/lib/python3.12/site-packages/airflow/example_dags/example_latest_only_with_trigger.py
[2024-10-13T09:03:31.577+0000] {processor.py:925} INFO - DAG(s) 'latest_only_with_trigger' retrieved from /home/airflow/.local/lib/python3.12/site-packages/airflow/example_dags/example_latest_only_with_trigger.py
[2024-10-13T09:03:31.689+0000] {logging_mixin.py:190} INFO - [2024-10-13T09:03:31.686+0000] {dag.py:3239} INFO - Sync 1 DAGs
[2024-10-13T09:03:31.802+0000] {logging_mixin.py:190} INFO - [2024-10-13T09:03:31.802+0000] {dag.py:4180} INFO - Setting next_dagrun for latest_only_with_trigger to 2024-10-13 04:00:00+00:00, run_after=2024-10-13 08:00:00+00:00
[2024-10-13T09:03:31.896+0000] {processor.py:208} INFO - Processing /home/airflow/.local/lib/python3.12/site-packages/airflow/example_dags/example_latest_only_with_trigger.py took 0.384 seconds
[2024-10-13T09:04:02.496+0000] {processor.py:186} INFO - Started process (PID=284) to work on /home/airflow/.local/lib/python3.12/site-packages/airflow/example_dags/example_latest_only_with_trigger.py
[2024-10-13T09:04:02.499+0000] {processor.py:914} INFO - Processing file /home/airflow/.local/lib/python3.12/site-packages/airflow/example_dags/example_latest_only_with_trigger.py for tasks to queue
[2024-10-13T09:04:02.504+0000] {logging_mixin.py:190} INFO - [2024-10-13T09:04:02.503+0000] {dagbag.py:588} INFO - Filling up the DagBag from /home/airflow/.local/lib/python3.12/site-packages/airflow/example_dags/example_latest_only_with_trigger.py
[2024-10-13T09:04:02.521+0000] {processor.py:925} INFO - DAG(s) 'latest_only_with_trigger' retrieved from /home/airflow/.local/lib/python3.12/site-packages/airflow/example_dags/example_latest_only_with_trigger.py
[2024-10-13T09:04:02.648+0000] {logging_mixin.py:190} INFO - [2024-10-13T09:04:02.648+0000] {dag.py:3239} INFO - Sync 1 DAGs
[2024-10-13T09:04:02.882+0000] {logging_mixin.py:190} INFO - [2024-10-13T09:04:02.881+0000] {dag.py:4180} INFO - Setting next_dagrun for latest_only_with_trigger to 2024-10-13 04:00:00+00:00, run_after=2024-10-13 08:00:00+00:00
[2024-10-13T09:04:02.944+0000] {processor.py:208} INFO - Processing /home/airflow/.local/lib/python3.12/site-packages/airflow/example_dags/example_latest_only_with_trigger.py took 0.467 seconds
[2024-10-13T09:04:33.039+0000] {processor.py:186} INFO - Started process (PID=346) to work on /home/airflow/.local/lib/python3.12/site-packages/airflow/example_dags/example_latest_only_with_trigger.py
[2024-10-13T09:04:33.042+0000] {processor.py:914} INFO - Processing file /home/airflow/.local/lib/python3.12/site-packages/airflow/example_dags/example_latest_only_with_trigger.py for tasks to queue
[2024-10-13T09:04:33.058+0000] {logging_mixin.py:190} INFO - [2024-10-13T09:04:33.057+0000] {dagbag.py:588} INFO - Filling up the DagBag from /home/airflow/.local/lib/python3.12/site-packages/airflow/example_dags/example_latest_only_with_trigger.py
[2024-10-13T09:04:33.074+0000] {processor.py:925} INFO - DAG(s) 'latest_only_with_trigger' retrieved from /home/airflow/.local/lib/python3.12/site-packages/airflow/example_dags/example_latest_only_with_trigger.py
[2024-10-13T09:04:33.110+0000] {logging_mixin.py:190} INFO - [2024-10-13T09:04:33.110+0000] {dag.py:3239} INFO - Sync 1 DAGs
[2024-10-13T09:04:33.156+0000] {logging_mixin.py:190} INFO - [2024-10-13T09:04:33.156+0000] {dag.py:4180} INFO - Setting next_dagrun for latest_only_with_trigger to 2024-10-13 04:00:00+00:00, run_after=2024-10-13 08:00:00+00:00
[2024-10-13T09:04:33.200+0000] {processor.py:208} INFO - Processing /home/airflow/.local/lib/python3.12/site-packages/airflow/example_dags/example_latest_only_with_trigger.py took 0.172 seconds
[2024-10-13T09:05:04.068+0000] {processor.py:186} INFO - Started process (PID=409) to work on /home/airflow/.local/lib/python3.12/site-packages/airflow/example_dags/example_latest_only_with_trigger.py
[2024-10-13T09:05:04.070+0000] {processor.py:914} INFO - Processing file /home/airflow/.local/lib/python3.12/site-packages/airflow/example_dags/example_latest_only_with_trigger.py for tasks to queue
[2024-10-13T09:05:04.075+0000] {logging_mixin.py:190} INFO - [2024-10-13T09:05:04.074+0000] {dagbag.py:588} INFO - Filling up the DagBag from /home/airflow/.local/lib/python3.12/site-packages/airflow/example_dags/example_latest_only_with_trigger.py
[2024-10-13T09:05:04.084+0000] {processor.py:925} INFO - DAG(s) 'latest_only_with_trigger' retrieved from /home/airflow/.local/lib/python3.12/site-packages/airflow/example_dags/example_latest_only_with_trigger.py
[2024-10-13T09:05:04.116+0000] {logging_mixin.py:190} INFO - [2024-10-13T09:05:04.116+0000] {dag.py:3239} INFO - Sync 1 DAGs
[2024-10-13T09:05:04.158+0000] {logging_mixin.py:190} INFO - [2024-10-13T09:05:04.158+0000] {dag.py:4180} INFO - Setting next_dagrun for latest_only_with_trigger to 2024-10-13 04:00:00+00:00, run_after=2024-10-13 08:00:00+00:00
[2024-10-13T09:05:04.191+0000] {processor.py:208} INFO - Processing /home/airflow/.local/lib/python3.12/site-packages/airflow/example_dags/example_latest_only_with_trigger.py took 0.132 seconds
[2024-10-13T09:05:34.716+0000] {processor.py:186} INFO - Started process (PID=472) to work on /home/airflow/.local/lib/python3.12/site-packages/airflow/example_dags/example_latest_only_with_trigger.py
[2024-10-13T09:05:34.731+0000] {processor.py:914} INFO - Processing file /home/airflow/.local/lib/python3.12/site-packages/airflow/example_dags/example_latest_only_with_trigger.py for tasks to queue
[2024-10-13T09:05:34.735+0000] {logging_mixin.py:190} INFO - [2024-10-13T09:05:34.735+0000] {dagbag.py:588} INFO - Filling up the DagBag from /home/airflow/.local/lib/python3.12/site-packages/airflow/example_dags/example_latest_only_with_trigger.py
[2024-10-13T09:05:34.752+0000] {processor.py:925} INFO - DAG(s) 'latest_only_with_trigger' retrieved from /home/airflow/.local/lib/python3.12/site-packages/airflow/example_dags/example_latest_only_with_trigger.py
[2024-10-13T09:05:34.813+0000] {logging_mixin.py:190} INFO - [2024-10-13T09:05:34.812+0000] {dag.py:3239} INFO - Sync 1 DAGs
[2024-10-13T09:05:34.853+0000] {logging_mixin.py:190} INFO - [2024-10-13T09:05:34.853+0000] {dag.py:4180} INFO - Setting next_dagrun for latest_only_with_trigger to 2024-10-13 04:00:00+00:00, run_after=2024-10-13 08:00:00+00:00
[2024-10-13T09:05:34.884+0000] {processor.py:208} INFO - Processing /home/airflow/.local/lib/python3.12/site-packages/airflow/example_dags/example_latest_only_with_trigger.py took 0.178 seconds
[2024-10-13T09:06:06.594+0000] {processor.py:186} INFO - Started process (PID=535) to work on /home/airflow/.local/lib/python3.12/site-packages/airflow/example_dags/example_latest_only_with_trigger.py
[2024-10-13T09:06:06.600+0000] {processor.py:914} INFO - Processing file /home/airflow/.local/lib/python3.12/site-packages/airflow/example_dags/example_latest_only_with_trigger.py for tasks to queue
[2024-10-13T09:06:06.620+0000] {logging_mixin.py:190} INFO - [2024-10-13T09:06:06.619+0000] {dagbag.py:588} INFO - Filling up the DagBag from /home/airflow/.local/lib/python3.12/site-packages/airflow/example_dags/example_latest_only_with_trigger.py
[2024-10-13T09:06:06.655+0000] {processor.py:925} INFO - DAG(s) 'latest_only_with_trigger' retrieved from /home/airflow/.local/lib/python3.12/site-packages/airflow/example_dags/example_latest_only_with_trigger.py
[2024-10-13T09:06:06.760+0000] {logging_mixin.py:190} INFO - [2024-10-13T09:06:06.758+0000] {dag.py:3239} INFO - Sync 1 DAGs
[2024-10-13T09:06:06.844+0000] {logging_mixin.py:190} INFO - [2024-10-13T09:06:06.843+0000] {dag.py:4180} INFO - Setting next_dagrun for latest_only_with_trigger to 2024-10-13 04:00:00+00:00, run_after=2024-10-13 08:00:00+00:00
[2024-10-13T09:06:06.944+0000] {processor.py:208} INFO - Processing /home/airflow/.local/lib/python3.12/site-packages/airflow/example_dags/example_latest_only_with_trigger.py took 0.366 seconds
[2024-10-13T09:06:37.922+0000] {processor.py:186} INFO - Started process (PID=598) to work on /home/airflow/.local/lib/python3.12/site-packages/airflow/example_dags/example_latest_only_with_trigger.py
[2024-10-13T09:06:37.925+0000] {processor.py:914} INFO - Processing file /home/airflow/.local/lib/python3.12/site-packages/airflow/example_dags/example_latest_only_with_trigger.py for tasks to queue
[2024-10-13T09:06:37.932+0000] {logging_mixin.py:190} INFO - [2024-10-13T09:06:37.931+0000] {dagbag.py:588} INFO - Filling up the DagBag from /home/airflow/.local/lib/python3.12/site-packages/airflow/example_dags/example_latest_only_with_trigger.py
[2024-10-13T09:06:37.948+0000] {processor.py:925} INFO - DAG(s) 'latest_only_with_trigger' retrieved from /home/airflow/.local/lib/python3.12/site-packages/airflow/example_dags/example_latest_only_with_trigger.py
[2024-10-13T09:06:37.987+0000] {logging_mixin.py:190} INFO - [2024-10-13T09:06:37.987+0000] {dag.py:3239} INFO - Sync 1 DAGs
[2024-10-13T09:06:38.022+0000] {logging_mixin.py:190} INFO - [2024-10-13T09:06:38.021+0000] {dag.py:4180} INFO - Setting next_dagrun for latest_only_with_trigger to 2024-10-13 04:00:00+00:00, run_after=2024-10-13 08:00:00+00:00
[2024-10-13T09:06:38.061+0000] {processor.py:208} INFO - Processing /home/airflow/.local/lib/python3.12/site-packages/airflow/example_dags/example_latest_only_with_trigger.py took 0.148 seconds
[2024-10-13T09:07:08.520+0000] {processor.py:186} INFO - Started process (PID=661) to work on /home/airflow/.local/lib/python3.12/site-packages/airflow/example_dags/example_latest_only_with_trigger.py
[2024-10-13T09:07:08.521+0000] {processor.py:914} INFO - Processing file /home/airflow/.local/lib/python3.12/site-packages/airflow/example_dags/example_latest_only_with_trigger.py for tasks to queue
[2024-10-13T09:07:08.524+0000] {logging_mixin.py:190} INFO - [2024-10-13T09:07:08.523+0000] {dagbag.py:588} INFO - Filling up the DagBag from /home/airflow/.local/lib/python3.12/site-packages/airflow/example_dags/example_latest_only_with_trigger.py
[2024-10-13T09:07:08.532+0000] {processor.py:925} INFO - DAG(s) 'latest_only_with_trigger' retrieved from /home/airflow/.local/lib/python3.12/site-packages/airflow/example_dags/example_latest_only_with_trigger.py
[2024-10-13T09:07:08.563+0000] {logging_mixin.py:190} INFO - [2024-10-13T09:07:08.563+0000] {dag.py:3239} INFO - Sync 1 DAGs
[2024-10-13T09:07:08.595+0000] {logging_mixin.py:190} INFO - [2024-10-13T09:07:08.595+0000] {dag.py:4180} INFO - Setting next_dagrun for latest_only_with_trigger to 2024-10-13 04:00:00+00:00, run_after=2024-10-13 08:00:00+00:00
[2024-10-13T09:07:08.638+0000] {processor.py:208} INFO - Processing /home/airflow/.local/lib/python3.12/site-packages/airflow/example_dags/example_latest_only_with_trigger.py took 0.126 seconds
[2024-10-13T09:07:39.178+0000] {processor.py:186} INFO - Started process (PID=725) to work on /home/airflow/.local/lib/python3.12/site-packages/airflow/example_dags/example_latest_only_with_trigger.py
[2024-10-13T09:07:39.180+0000] {processor.py:914} INFO - Processing file /home/airflow/.local/lib/python3.12/site-packages/airflow/example_dags/example_latest_only_with_trigger.py for tasks to queue
[2024-10-13T09:07:39.186+0000] {logging_mixin.py:190} INFO - [2024-10-13T09:07:39.186+0000] {dagbag.py:588} INFO - Filling up the DagBag from /home/airflow/.local/lib/python3.12/site-packages/airflow/example_dags/example_latest_only_with_trigger.py
[2024-10-13T09:07:39.195+0000] {processor.py:925} INFO - DAG(s) 'latest_only_with_trigger' retrieved from /home/airflow/.local/lib/python3.12/site-packages/airflow/example_dags/example_latest_only_with_trigger.py
[2024-10-13T09:07:39.230+0000] {logging_mixin.py:190} INFO - [2024-10-13T09:07:39.230+0000] {dag.py:3239} INFO - Sync 1 DAGs
[2024-10-13T09:07:39.268+0000] {logging_mixin.py:190} INFO - [2024-10-13T09:07:39.267+0000] {dag.py:4180} INFO - Setting next_dagrun for latest_only_with_trigger to 2024-10-13 04:00:00+00:00, run_after=2024-10-13 08:00:00+00:00
[2024-10-13T09:07:39.296+0000] {processor.py:208} INFO - Processing /home/airflow/.local/lib/python3.12/site-packages/airflow/example_dags/example_latest_only_with_trigger.py took 0.125 seconds
[2024-10-13T09:08:09.445+0000] {processor.py:186} INFO - Started process (PID=788) to work on /home/airflow/.local/lib/python3.12/site-packages/airflow/example_dags/example_latest_only_with_trigger.py
[2024-10-13T09:08:09.446+0000] {processor.py:914} INFO - Processing file /home/airflow/.local/lib/python3.12/site-packages/airflow/example_dags/example_latest_only_with_trigger.py for tasks to queue
[2024-10-13T09:08:09.451+0000] {logging_mixin.py:190} INFO - [2024-10-13T09:08:09.450+0000] {dagbag.py:588} INFO - Filling up the DagBag from /home/airflow/.local/lib/python3.12/site-packages/airflow/example_dags/example_latest_only_with_trigger.py
[2024-10-13T09:08:09.464+0000] {processor.py:925} INFO - DAG(s) 'latest_only_with_trigger' retrieved from /home/airflow/.local/lib/python3.12/site-packages/airflow/example_dags/example_latest_only_with_trigger.py
[2024-10-13T09:08:09.495+0000] {logging_mixin.py:190} INFO - [2024-10-13T09:08:09.494+0000] {dag.py:3239} INFO - Sync 1 DAGs
[2024-10-13T09:08:09.520+0000] {logging_mixin.py:190} INFO - [2024-10-13T09:08:09.520+0000] {dag.py:4180} INFO - Setting next_dagrun for latest_only_with_trigger to 2024-10-13 04:00:00+00:00, run_after=2024-10-13 08:00:00+00:00
[2024-10-13T09:08:09.549+0000] {processor.py:208} INFO - Processing /home/airflow/.local/lib/python3.12/site-packages/airflow/example_dags/example_latest_only_with_trigger.py took 0.111 seconds
[2024-10-13T09:08:40.320+0000] {processor.py:186} INFO - Started process (PID=851) to work on /home/airflow/.local/lib/python3.12/site-packages/airflow/example_dags/example_latest_only_with_trigger.py
[2024-10-13T09:08:40.327+0000] {processor.py:914} INFO - Processing file /home/airflow/.local/lib/python3.12/site-packages/airflow/example_dags/example_latest_only_with_trigger.py for tasks to queue
[2024-10-13T09:08:40.334+0000] {logging_mixin.py:190} INFO - [2024-10-13T09:08:40.332+0000] {dagbag.py:588} INFO - Filling up the DagBag from /home/airflow/.local/lib/python3.12/site-packages/airflow/example_dags/example_latest_only_with_trigger.py
[2024-10-13T09:08:40.348+0000] {processor.py:925} INFO - DAG(s) 'latest_only_with_trigger' retrieved from /home/airflow/.local/lib/python3.12/site-packages/airflow/example_dags/example_latest_only_with_trigger.py
[2024-10-13T09:08:40.386+0000] {logging_mixin.py:190} INFO - [2024-10-13T09:08:40.385+0000] {dag.py:3239} INFO - Sync 1 DAGs
[2024-10-13T09:08:40.426+0000] {logging_mixin.py:190} INFO - [2024-10-13T09:08:40.426+0000] {dag.py:4180} INFO - Setting next_dagrun for latest_only_with_trigger to 2024-10-13 04:00:00+00:00, run_after=2024-10-13 08:00:00+00:00
[2024-10-13T09:08:40.456+0000] {processor.py:208} INFO - Processing /home/airflow/.local/lib/python3.12/site-packages/airflow/example_dags/example_latest_only_with_trigger.py took 0.145 seconds
[2024-10-13T09:09:10.785+0000] {processor.py:186} INFO - Started process (PID=913) to work on /home/airflow/.local/lib/python3.12/site-packages/airflow/example_dags/example_latest_only_with_trigger.py
[2024-10-13T09:09:10.790+0000] {processor.py:914} INFO - Processing file /home/airflow/.local/lib/python3.12/site-packages/airflow/example_dags/example_latest_only_with_trigger.py for tasks to queue
[2024-10-13T09:09:10.804+0000] {logging_mixin.py:190} INFO - [2024-10-13T09:09:10.803+0000] {dagbag.py:588} INFO - Filling up the DagBag from /home/airflow/.local/lib/python3.12/site-packages/airflow/example_dags/example_latest_only_with_trigger.py
[2024-10-13T09:09:10.824+0000] {processor.py:925} INFO - DAG(s) 'latest_only_with_trigger' retrieved from /home/airflow/.local/lib/python3.12/site-packages/airflow/example_dags/example_latest_only_with_trigger.py
[2024-10-13T09:09:10.880+0000] {logging_mixin.py:190} INFO - [2024-10-13T09:09:10.879+0000] {dag.py:3239} INFO - Sync 1 DAGs
[2024-10-13T09:09:10.952+0000] {logging_mixin.py:190} INFO - [2024-10-13T09:09:10.952+0000] {dag.py:4180} INFO - Setting next_dagrun for latest_only_with_trigger to 2024-10-13 04:00:00+00:00, run_after=2024-10-13 08:00:00+00:00
[2024-10-13T09:09:11.010+0000] {processor.py:208} INFO - Processing /home/airflow/.local/lib/python3.12/site-packages/airflow/example_dags/example_latest_only_with_trigger.py took 0.240 seconds
[2024-10-13T09:09:41.165+0000] {processor.py:186} INFO - Started process (PID=976) to work on /home/airflow/.local/lib/python3.12/site-packages/airflow/example_dags/example_latest_only_with_trigger.py
[2024-10-13T09:09:41.168+0000] {processor.py:914} INFO - Processing file /home/airflow/.local/lib/python3.12/site-packages/airflow/example_dags/example_latest_only_with_trigger.py for tasks to queue
[2024-10-13T09:09:41.180+0000] {logging_mixin.py:190} INFO - [2024-10-13T09:09:41.173+0000] {dagbag.py:588} INFO - Filling up the DagBag from /home/airflow/.local/lib/python3.12/site-packages/airflow/example_dags/example_latest_only_with_trigger.py
[2024-10-13T09:09:41.202+0000] {processor.py:925} INFO - DAG(s) 'latest_only_with_trigger' retrieved from /home/airflow/.local/lib/python3.12/site-packages/airflow/example_dags/example_latest_only_with_trigger.py
[2024-10-13T09:09:41.261+0000] {logging_mixin.py:190} INFO - [2024-10-13T09:09:41.260+0000] {dag.py:3239} INFO - Sync 1 DAGs
[2024-10-13T09:09:41.323+0000] {logging_mixin.py:190} INFO - [2024-10-13T09:09:41.322+0000] {dag.py:4180} INFO - Setting next_dagrun for latest_only_with_trigger to 2024-10-13 04:00:00+00:00, run_after=2024-10-13 08:00:00+00:00
[2024-10-13T09:09:41.381+0000] {processor.py:208} INFO - Processing /home/airflow/.local/lib/python3.12/site-packages/airflow/example_dags/example_latest_only_with_trigger.py took 0.231 seconds
[2024-10-13T09:10:11.440+0000] {processor.py:186} INFO - Started process (PID=1039) to work on /home/airflow/.local/lib/python3.12/site-packages/airflow/example_dags/example_latest_only_with_trigger.py
[2024-10-13T09:10:11.442+0000] {processor.py:914} INFO - Processing file /home/airflow/.local/lib/python3.12/site-packages/airflow/example_dags/example_latest_only_with_trigger.py for tasks to queue
[2024-10-13T09:10:11.444+0000] {logging_mixin.py:190} INFO - [2024-10-13T09:10:11.444+0000] {dagbag.py:588} INFO - Filling up the DagBag from /home/airflow/.local/lib/python3.12/site-packages/airflow/example_dags/example_latest_only_with_trigger.py
[2024-10-13T09:10:11.452+0000] {processor.py:925} INFO - DAG(s) 'latest_only_with_trigger' retrieved from /home/airflow/.local/lib/python3.12/site-packages/airflow/example_dags/example_latest_only_with_trigger.py
[2024-10-13T09:10:11.472+0000] {logging_mixin.py:190} INFO - [2024-10-13T09:10:11.472+0000] {dag.py:3239} INFO - Sync 1 DAGs
[2024-10-13T09:10:11.495+0000] {logging_mixin.py:190} INFO - [2024-10-13T09:10:11.494+0000] {dag.py:4180} INFO - Setting next_dagrun for latest_only_with_trigger to 2024-10-13 04:00:00+00:00, run_after=2024-10-13 08:00:00+00:00
[2024-10-13T09:10:11.520+0000] {processor.py:208} INFO - Processing /home/airflow/.local/lib/python3.12/site-packages/airflow/example_dags/example_latest_only_with_trigger.py took 0.085 seconds
[2024-10-13T09:10:41.769+0000] {processor.py:186} INFO - Started process (PID=1102) to work on /home/airflow/.local/lib/python3.12/site-packages/airflow/example_dags/example_latest_only_with_trigger.py
[2024-10-13T09:10:41.771+0000] {processor.py:914} INFO - Processing file /home/airflow/.local/lib/python3.12/site-packages/airflow/example_dags/example_latest_only_with_trigger.py for tasks to queue
[2024-10-13T09:10:41.774+0000] {logging_mixin.py:190} INFO - [2024-10-13T09:10:41.774+0000] {dagbag.py:588} INFO - Filling up the DagBag from /home/airflow/.local/lib/python3.12/site-packages/airflow/example_dags/example_latest_only_with_trigger.py
[2024-10-13T09:10:41.784+0000] {processor.py:925} INFO - DAG(s) 'latest_only_with_trigger' retrieved from /home/airflow/.local/lib/python3.12/site-packages/airflow/example_dags/example_latest_only_with_trigger.py
[2024-10-13T09:10:41.802+0000] {logging_mixin.py:190} INFO - [2024-10-13T09:10:41.802+0000] {dag.py:3239} INFO - Sync 1 DAGs
[2024-10-13T09:10:41.820+0000] {logging_mixin.py:190} INFO - [2024-10-13T09:10:41.820+0000] {dag.py:4180} INFO - Setting next_dagrun for latest_only_with_trigger to 2024-10-13 04:00:00+00:00, run_after=2024-10-13 08:00:00+00:00
[2024-10-13T09:10:41.837+0000] {processor.py:208} INFO - Processing /home/airflow/.local/lib/python3.12/site-packages/airflow/example_dags/example_latest_only_with_trigger.py took 0.077 seconds
[2024-10-13T09:11:11.897+0000] {processor.py:186} INFO - Started process (PID=1165) to work on /home/airflow/.local/lib/python3.12/site-packages/airflow/example_dags/example_latest_only_with_trigger.py
[2024-10-13T09:11:11.898+0000] {processor.py:914} INFO - Processing file /home/airflow/.local/lib/python3.12/site-packages/airflow/example_dags/example_latest_only_with_trigger.py for tasks to queue
[2024-10-13T09:11:11.901+0000] {logging_mixin.py:190} INFO - [2024-10-13T09:11:11.901+0000] {dagbag.py:588} INFO - Filling up the DagBag from /home/airflow/.local/lib/python3.12/site-packages/airflow/example_dags/example_latest_only_with_trigger.py
[2024-10-13T09:11:11.908+0000] {processor.py:925} INFO - DAG(s) 'latest_only_with_trigger' retrieved from /home/airflow/.local/lib/python3.12/site-packages/airflow/example_dags/example_latest_only_with_trigger.py
[2024-10-13T09:11:11.934+0000] {logging_mixin.py:190} INFO - [2024-10-13T09:11:11.934+0000] {dag.py:3239} INFO - Sync 1 DAGs
[2024-10-13T09:11:11.963+0000] {logging_mixin.py:190} INFO - [2024-10-13T09:11:11.962+0000] {dag.py:4180} INFO - Setting next_dagrun for latest_only_with_trigger to 2024-10-13 04:00:00+00:00, run_after=2024-10-13 08:00:00+00:00
[2024-10-13T09:11:11.986+0000] {processor.py:208} INFO - Processing /home/airflow/.local/lib/python3.12/site-packages/airflow/example_dags/example_latest_only_with_trigger.py took 0.095 seconds
[2024-10-13T09:11:42.172+0000] {processor.py:186} INFO - Started process (PID=1228) to work on /home/airflow/.local/lib/python3.12/site-packages/airflow/example_dags/example_latest_only_with_trigger.py
[2024-10-13T09:11:42.174+0000] {processor.py:914} INFO - Processing file /home/airflow/.local/lib/python3.12/site-packages/airflow/example_dags/example_latest_only_with_trigger.py for tasks to queue
[2024-10-13T09:11:42.178+0000] {logging_mixin.py:190} INFO - [2024-10-13T09:11:42.178+0000] {dagbag.py:588} INFO - Filling up the DagBag from /home/airflow/.local/lib/python3.12/site-packages/airflow/example_dags/example_latest_only_with_trigger.py
[2024-10-13T09:11:42.189+0000] {processor.py:925} INFO - DAG(s) 'latest_only_with_trigger' retrieved from /home/airflow/.local/lib/python3.12/site-packages/airflow/example_dags/example_latest_only_with_trigger.py
[2024-10-13T09:11:42.215+0000] {logging_mixin.py:190} INFO - [2024-10-13T09:11:42.215+0000] {dag.py:3239} INFO - Sync 1 DAGs
[2024-10-13T09:11:42.243+0000] {logging_mixin.py:190} INFO - [2024-10-13T09:11:42.242+0000] {dag.py:4180} INFO - Setting next_dagrun for latest_only_with_trigger to 2024-10-13 04:00:00+00:00, run_after=2024-10-13 08:00:00+00:00
[2024-10-13T09:11:42.267+0000] {processor.py:208} INFO - Processing /home/airflow/.local/lib/python3.12/site-packages/airflow/example_dags/example_latest_only_with_trigger.py took 0.099 seconds
[2024-10-13T09:12:12.919+0000] {processor.py:186} INFO - Started process (PID=1290) to work on /home/airflow/.local/lib/python3.12/site-packages/airflow/example_dags/example_latest_only_with_trigger.py
[2024-10-13T09:12:12.921+0000] {processor.py:914} INFO - Processing file /home/airflow/.local/lib/python3.12/site-packages/airflow/example_dags/example_latest_only_with_trigger.py for tasks to queue
[2024-10-13T09:12:12.924+0000] {logging_mixin.py:190} INFO - [2024-10-13T09:12:12.924+0000] {dagbag.py:588} INFO - Filling up the DagBag from /home/airflow/.local/lib/python3.12/site-packages/airflow/example_dags/example_latest_only_with_trigger.py
[2024-10-13T09:12:12.934+0000] {processor.py:925} INFO - DAG(s) 'latest_only_with_trigger' retrieved from /home/airflow/.local/lib/python3.12/site-packages/airflow/example_dags/example_latest_only_with_trigger.py
[2024-10-13T09:12:12.964+0000] {logging_mixin.py:190} INFO - [2024-10-13T09:12:12.963+0000] {dag.py:3239} INFO - Sync 1 DAGs
[2024-10-13T09:12:12.987+0000] {logging_mixin.py:190} INFO - [2024-10-13T09:12:12.987+0000] {dag.py:4180} INFO - Setting next_dagrun for latest_only_with_trigger to 2024-10-13 04:00:00+00:00, run_after=2024-10-13 08:00:00+00:00
[2024-10-13T09:12:13.014+0000] {processor.py:208} INFO - Processing /home/airflow/.local/lib/python3.12/site-packages/airflow/example_dags/example_latest_only_with_trigger.py took 0.100 seconds
[2024-10-13T09:12:43.114+0000] {processor.py:186} INFO - Started process (PID=1353) to work on /home/airflow/.local/lib/python3.12/site-packages/airflow/example_dags/example_latest_only_with_trigger.py
[2024-10-13T09:12:43.115+0000] {processor.py:914} INFO - Processing file /home/airflow/.local/lib/python3.12/site-packages/airflow/example_dags/example_latest_only_with_trigger.py for tasks to queue
[2024-10-13T09:12:43.119+0000] {logging_mixin.py:190} INFO - [2024-10-13T09:12:43.118+0000] {dagbag.py:588} INFO - Filling up the DagBag from /home/airflow/.local/lib/python3.12/site-packages/airflow/example_dags/example_latest_only_with_trigger.py
[2024-10-13T09:12:43.126+0000] {processor.py:925} INFO - DAG(s) 'latest_only_with_trigger' retrieved from /home/airflow/.local/lib/python3.12/site-packages/airflow/example_dags/example_latest_only_with_trigger.py
[2024-10-13T09:12:43.148+0000] {logging_mixin.py:190} INFO - [2024-10-13T09:12:43.148+0000] {dag.py:3239} INFO - Sync 1 DAGs
[2024-10-13T09:12:43.167+0000] {logging_mixin.py:190} INFO - [2024-10-13T09:12:43.167+0000] {dag.py:4180} INFO - Setting next_dagrun for latest_only_with_trigger to 2024-10-13 04:00:00+00:00, run_after=2024-10-13 08:00:00+00:00
[2024-10-13T09:12:43.187+0000] {processor.py:208} INFO - Processing /home/airflow/.local/lib/python3.12/site-packages/airflow/example_dags/example_latest_only_with_trigger.py took 0.078 seconds
[2024-10-13T09:13:17.207+0000] {processor.py:186} INFO - Started process (PID=1422) to work on /home/airflow/.local/lib/python3.12/site-packages/airflow/example_dags/example_latest_only_with_trigger.py
[2024-10-13T09:13:17.210+0000] {processor.py:914} INFO - Processing file /home/airflow/.local/lib/python3.12/site-packages/airflow/example_dags/example_latest_only_with_trigger.py for tasks to queue
[2024-10-13T09:13:17.221+0000] {logging_mixin.py:190} INFO - [2024-10-13T09:13:17.215+0000] {dagbag.py:588} INFO - Filling up the DagBag from /home/airflow/.local/lib/python3.12/site-packages/airflow/example_dags/example_latest_only_with_trigger.py
[2024-10-13T09:13:17.269+0000] {processor.py:925} INFO - DAG(s) 'latest_only_with_trigger' retrieved from /home/airflow/.local/lib/python3.12/site-packages/airflow/example_dags/example_latest_only_with_trigger.py
[2024-10-13T09:13:17.371+0000] {logging_mixin.py:190} INFO - [2024-10-13T09:13:17.371+0000] {dag.py:3239} INFO - Sync 1 DAGs
[2024-10-13T09:13:17.451+0000] {logging_mixin.py:190} INFO - [2024-10-13T09:13:17.450+0000] {dag.py:4180} INFO - Setting next_dagrun for latest_only_with_trigger to 2024-10-13 04:00:00+00:00, run_after=2024-10-13 08:00:00+00:00
[2024-10-13T09:13:17.530+0000] {processor.py:208} INFO - Processing /home/airflow/.local/lib/python3.12/site-packages/airflow/example_dags/example_latest_only_with_trigger.py took 0.339 seconds
[2024-10-13T09:13:47.903+0000] {processor.py:186} INFO - Started process (PID=1482) to work on /home/airflow/.local/lib/python3.12/site-packages/airflow/example_dags/example_latest_only_with_trigger.py
[2024-10-13T09:13:47.908+0000] {processor.py:914} INFO - Processing file /home/airflow/.local/lib/python3.12/site-packages/airflow/example_dags/example_latest_only_with_trigger.py for tasks to queue
[2024-10-13T09:13:47.924+0000] {logging_mixin.py:190} INFO - [2024-10-13T09:13:47.923+0000] {dagbag.py:588} INFO - Filling up the DagBag from /home/airflow/.local/lib/python3.12/site-packages/airflow/example_dags/example_latest_only_with_trigger.py
[2024-10-13T09:13:47.955+0000] {processor.py:925} INFO - DAG(s) 'latest_only_with_trigger' retrieved from /home/airflow/.local/lib/python3.12/site-packages/airflow/example_dags/example_latest_only_with_trigger.py
[2024-10-13T09:13:48.024+0000] {logging_mixin.py:190} INFO - [2024-10-13T09:13:48.023+0000] {dag.py:3239} INFO - Sync 1 DAGs
[2024-10-13T09:13:48.091+0000] {logging_mixin.py:190} INFO - [2024-10-13T09:13:48.090+0000] {dag.py:4180} INFO - Setting next_dagrun for latest_only_with_trigger to 2024-10-13 04:00:00+00:00, run_after=2024-10-13 08:00:00+00:00
[2024-10-13T09:13:48.144+0000] {processor.py:208} INFO - Processing /home/airflow/.local/lib/python3.12/site-packages/airflow/example_dags/example_latest_only_with_trigger.py took 0.259 seconds
[2024-10-13T09:14:18.341+0000] {processor.py:186} INFO - Started process (PID=1547) to work on /home/airflow/.local/lib/python3.12/site-packages/airflow/example_dags/example_latest_only_with_trigger.py
[2024-10-13T09:14:18.345+0000] {processor.py:914} INFO - Processing file /home/airflow/.local/lib/python3.12/site-packages/airflow/example_dags/example_latest_only_with_trigger.py for tasks to queue
[2024-10-13T09:14:18.350+0000] {logging_mixin.py:190} INFO - [2024-10-13T09:14:18.349+0000] {dagbag.py:588} INFO - Filling up the DagBag from /home/airflow/.local/lib/python3.12/site-packages/airflow/example_dags/example_latest_only_with_trigger.py
[2024-10-13T09:14:18.362+0000] {processor.py:925} INFO - DAG(s) 'latest_only_with_trigger' retrieved from /home/airflow/.local/lib/python3.12/site-packages/airflow/example_dags/example_latest_only_with_trigger.py
[2024-10-13T09:14:18.389+0000] {logging_mixin.py:190} INFO - [2024-10-13T09:14:18.389+0000] {dag.py:3239} INFO - Sync 1 DAGs
[2024-10-13T09:14:18.423+0000] {logging_mixin.py:190} INFO - [2024-10-13T09:14:18.422+0000] {dag.py:4180} INFO - Setting next_dagrun for latest_only_with_trigger to 2024-10-13 04:00:00+00:00, run_after=2024-10-13 08:00:00+00:00
[2024-10-13T09:14:18.462+0000] {processor.py:208} INFO - Processing /home/airflow/.local/lib/python3.12/site-packages/airflow/example_dags/example_latest_only_with_trigger.py took 0.132 seconds
[2024-10-13T09:14:48.607+0000] {processor.py:186} INFO - Started process (PID=1608) to work on /home/airflow/.local/lib/python3.12/site-packages/airflow/example_dags/example_latest_only_with_trigger.py
[2024-10-13T09:14:48.609+0000] {processor.py:914} INFO - Processing file /home/airflow/.local/lib/python3.12/site-packages/airflow/example_dags/example_latest_only_with_trigger.py for tasks to queue
[2024-10-13T09:14:48.614+0000] {logging_mixin.py:190} INFO - [2024-10-13T09:14:48.613+0000] {dagbag.py:588} INFO - Filling up the DagBag from /home/airflow/.local/lib/python3.12/site-packages/airflow/example_dags/example_latest_only_with_trigger.py
[2024-10-13T09:14:48.636+0000] {processor.py:925} INFO - DAG(s) 'latest_only_with_trigger' retrieved from /home/airflow/.local/lib/python3.12/site-packages/airflow/example_dags/example_latest_only_with_trigger.py
[2024-10-13T09:14:48.704+0000] {logging_mixin.py:190} INFO - [2024-10-13T09:14:48.703+0000] {dag.py:3239} INFO - Sync 1 DAGs
[2024-10-13T09:14:48.760+0000] {logging_mixin.py:190} INFO - [2024-10-13T09:14:48.759+0000] {dag.py:4180} INFO - Setting next_dagrun for latest_only_with_trigger to 2024-10-13 04:00:00+00:00, run_after=2024-10-13 08:00:00+00:00
[2024-10-13T09:14:48.807+0000] {processor.py:208} INFO - Processing /home/airflow/.local/lib/python3.12/site-packages/airflow/example_dags/example_latest_only_with_trigger.py took 0.218 seconds
[2024-10-13T09:15:19.685+0000] {processor.py:186} INFO - Started process (PID=1671) to work on /home/airflow/.local/lib/python3.12/site-packages/airflow/example_dags/example_latest_only_with_trigger.py
[2024-10-13T09:15:19.798+0000] {processor.py:914} INFO - Processing file /home/airflow/.local/lib/python3.12/site-packages/airflow/example_dags/example_latest_only_with_trigger.py for tasks to queue
[2024-10-13T09:15:19.831+0000] {logging_mixin.py:190} INFO - [2024-10-13T09:15:19.831+0000] {dagbag.py:588} INFO - Filling up the DagBag from /home/airflow/.local/lib/python3.12/site-packages/airflow/example_dags/example_latest_only_with_trigger.py
[2024-10-13T09:15:19.847+0000] {processor.py:925} INFO - DAG(s) 'latest_only_with_trigger' retrieved from /home/airflow/.local/lib/python3.12/site-packages/airflow/example_dags/example_latest_only_with_trigger.py
[2024-10-13T09:15:19.875+0000] {logging_mixin.py:190} INFO - [2024-10-13T09:15:19.875+0000] {dag.py:3239} INFO - Sync 1 DAGs
[2024-10-13T09:15:19.939+0000] {logging_mixin.py:190} INFO - [2024-10-13T09:15:19.938+0000] {dag.py:4180} INFO - Setting next_dagrun for latest_only_with_trigger to 2024-10-13 04:00:00+00:00, run_after=2024-10-13 08:00:00+00:00
[2024-10-13T09:15:20.007+0000] {processor.py:208} INFO - Processing /home/airflow/.local/lib/python3.12/site-packages/airflow/example_dags/example_latest_only_with_trigger.py took 0.329 seconds
[2024-10-13T09:15:50.811+0000] {processor.py:186} INFO - Started process (PID=1735) to work on /home/airflow/.local/lib/python3.12/site-packages/airflow/example_dags/example_latest_only_with_trigger.py
[2024-10-13T09:15:50.813+0000] {processor.py:914} INFO - Processing file /home/airflow/.local/lib/python3.12/site-packages/airflow/example_dags/example_latest_only_with_trigger.py for tasks to queue
[2024-10-13T09:15:50.817+0000] {logging_mixin.py:190} INFO - [2024-10-13T09:15:50.816+0000] {dagbag.py:588} INFO - Filling up the DagBag from /home/airflow/.local/lib/python3.12/site-packages/airflow/example_dags/example_latest_only_with_trigger.py
[2024-10-13T09:15:50.830+0000] {processor.py:925} INFO - DAG(s) 'latest_only_with_trigger' retrieved from /home/airflow/.local/lib/python3.12/site-packages/airflow/example_dags/example_latest_only_with_trigger.py
[2024-10-13T09:15:50.866+0000] {logging_mixin.py:190} INFO - [2024-10-13T09:15:50.866+0000] {dag.py:3239} INFO - Sync 1 DAGs
[2024-10-13T09:15:50.906+0000] {logging_mixin.py:190} INFO - [2024-10-13T09:15:50.906+0000] {dag.py:4180} INFO - Setting next_dagrun for latest_only_with_trigger to 2024-10-13 04:00:00+00:00, run_after=2024-10-13 08:00:00+00:00
[2024-10-13T09:15:50.937+0000] {processor.py:208} INFO - Processing /home/airflow/.local/lib/python3.12/site-packages/airflow/example_dags/example_latest_only_with_trigger.py took 0.135 seconds
[2024-10-13T09:16:21.721+0000] {processor.py:186} INFO - Started process (PID=1798) to work on /home/airflow/.local/lib/python3.12/site-packages/airflow/example_dags/example_latest_only_with_trigger.py
[2024-10-13T09:16:21.723+0000] {processor.py:914} INFO - Processing file /home/airflow/.local/lib/python3.12/site-packages/airflow/example_dags/example_latest_only_with_trigger.py for tasks to queue
[2024-10-13T09:16:21.728+0000] {logging_mixin.py:190} INFO - [2024-10-13T09:16:21.728+0000] {dagbag.py:588} INFO - Filling up the DagBag from /home/airflow/.local/lib/python3.12/site-packages/airflow/example_dags/example_latest_only_with_trigger.py
[2024-10-13T09:16:21.744+0000] {processor.py:925} INFO - DAG(s) 'latest_only_with_trigger' retrieved from /home/airflow/.local/lib/python3.12/site-packages/airflow/example_dags/example_latest_only_with_trigger.py
[2024-10-13T09:16:21.782+0000] {logging_mixin.py:190} INFO - [2024-10-13T09:16:21.781+0000] {dag.py:3239} INFO - Sync 1 DAGs
[2024-10-13T09:16:21.823+0000] {logging_mixin.py:190} INFO - [2024-10-13T09:16:21.822+0000] {dag.py:4180} INFO - Setting next_dagrun for latest_only_with_trigger to 2024-10-13 04:00:00+00:00, run_after=2024-10-13 08:00:00+00:00
[2024-10-13T09:16:21.866+0000] {processor.py:208} INFO - Processing /home/airflow/.local/lib/python3.12/site-packages/airflow/example_dags/example_latest_only_with_trigger.py took 0.156 seconds
[2024-10-13T09:16:52.079+0000] {processor.py:186} INFO - Started process (PID=1860) to work on /home/airflow/.local/lib/python3.12/site-packages/airflow/example_dags/example_latest_only_with_trigger.py
[2024-10-13T09:16:52.080+0000] {processor.py:914} INFO - Processing file /home/airflow/.local/lib/python3.12/site-packages/airflow/example_dags/example_latest_only_with_trigger.py for tasks to queue
[2024-10-13T09:16:52.083+0000] {logging_mixin.py:190} INFO - [2024-10-13T09:16:52.083+0000] {dagbag.py:588} INFO - Filling up the DagBag from /home/airflow/.local/lib/python3.12/site-packages/airflow/example_dags/example_latest_only_with_trigger.py
[2024-10-13T09:16:52.092+0000] {processor.py:925} INFO - DAG(s) 'latest_only_with_trigger' retrieved from /home/airflow/.local/lib/python3.12/site-packages/airflow/example_dags/example_latest_only_with_trigger.py
[2024-10-13T09:16:52.114+0000] {logging_mixin.py:190} INFO - [2024-10-13T09:16:52.114+0000] {dag.py:3239} INFO - Sync 1 DAGs
[2024-10-13T09:16:52.134+0000] {logging_mixin.py:190} INFO - [2024-10-13T09:16:52.134+0000] {dag.py:4180} INFO - Setting next_dagrun for latest_only_with_trigger to 2024-10-13 04:00:00+00:00, run_after=2024-10-13 08:00:00+00:00
[2024-10-13T09:16:52.158+0000] {processor.py:208} INFO - Processing /home/airflow/.local/lib/python3.12/site-packages/airflow/example_dags/example_latest_only_with_trigger.py took 0.084 seconds
[2024-10-13T09:17:23.100+0000] {processor.py:186} INFO - Started process (PID=1924) to work on /home/airflow/.local/lib/python3.12/site-packages/airflow/example_dags/example_latest_only_with_trigger.py
[2024-10-13T09:17:23.101+0000] {processor.py:914} INFO - Processing file /home/airflow/.local/lib/python3.12/site-packages/airflow/example_dags/example_latest_only_with_trigger.py for tasks to queue
[2024-10-13T09:17:23.105+0000] {logging_mixin.py:190} INFO - [2024-10-13T09:17:23.104+0000] {dagbag.py:588} INFO - Filling up the DagBag from /home/airflow/.local/lib/python3.12/site-packages/airflow/example_dags/example_latest_only_with_trigger.py
[2024-10-13T09:17:23.117+0000] {processor.py:925} INFO - DAG(s) 'latest_only_with_trigger' retrieved from /home/airflow/.local/lib/python3.12/site-packages/airflow/example_dags/example_latest_only_with_trigger.py
[2024-10-13T09:17:23.144+0000] {logging_mixin.py:190} INFO - [2024-10-13T09:17:23.143+0000] {dag.py:3239} INFO - Sync 1 DAGs
[2024-10-13T09:17:23.179+0000] {logging_mixin.py:190} INFO - [2024-10-13T09:17:23.179+0000] {dag.py:4180} INFO - Setting next_dagrun for latest_only_with_trigger to 2024-10-13 04:00:00+00:00, run_after=2024-10-13 08:00:00+00:00
[2024-10-13T09:17:23.215+0000] {processor.py:208} INFO - Processing /home/airflow/.local/lib/python3.12/site-packages/airflow/example_dags/example_latest_only_with_trigger.py took 0.120 seconds
[2024-10-13T09:17:54.126+0000] {processor.py:186} INFO - Started process (PID=1987) to work on /home/airflow/.local/lib/python3.12/site-packages/airflow/example_dags/example_latest_only_with_trigger.py
[2024-10-13T09:17:54.127+0000] {processor.py:914} INFO - Processing file /home/airflow/.local/lib/python3.12/site-packages/airflow/example_dags/example_latest_only_with_trigger.py for tasks to queue
[2024-10-13T09:17:54.130+0000] {logging_mixin.py:190} INFO - [2024-10-13T09:17:54.129+0000] {dagbag.py:588} INFO - Filling up the DagBag from /home/airflow/.local/lib/python3.12/site-packages/airflow/example_dags/example_latest_only_with_trigger.py
[2024-10-13T09:17:54.139+0000] {processor.py:925} INFO - DAG(s) 'latest_only_with_trigger' retrieved from /home/airflow/.local/lib/python3.12/site-packages/airflow/example_dags/example_latest_only_with_trigger.py
[2024-10-13T09:17:54.163+0000] {logging_mixin.py:190} INFO - [2024-10-13T09:17:54.163+0000] {dag.py:3239} INFO - Sync 1 DAGs
[2024-10-13T09:17:54.191+0000] {logging_mixin.py:190} INFO - [2024-10-13T09:17:54.191+0000] {dag.py:4180} INFO - Setting next_dagrun for latest_only_with_trigger to 2024-10-13 04:00:00+00:00, run_after=2024-10-13 08:00:00+00:00
[2024-10-13T09:17:54.217+0000] {processor.py:208} INFO - Processing /home/airflow/.local/lib/python3.12/site-packages/airflow/example_dags/example_latest_only_with_trigger.py took 0.096 seconds
[2024-10-13T09:18:24.916+0000] {processor.py:186} INFO - Started process (PID=2050) to work on /home/airflow/.local/lib/python3.12/site-packages/airflow/example_dags/example_latest_only_with_trigger.py
[2024-10-13T09:18:24.917+0000] {processor.py:914} INFO - Processing file /home/airflow/.local/lib/python3.12/site-packages/airflow/example_dags/example_latest_only_with_trigger.py for tasks to queue
[2024-10-13T09:18:24.922+0000] {logging_mixin.py:190} INFO - [2024-10-13T09:18:24.922+0000] {dagbag.py:588} INFO - Filling up the DagBag from /home/airflow/.local/lib/python3.12/site-packages/airflow/example_dags/example_latest_only_with_trigger.py
[2024-10-13T09:18:24.933+0000] {processor.py:925} INFO - DAG(s) 'latest_only_with_trigger' retrieved from /home/airflow/.local/lib/python3.12/site-packages/airflow/example_dags/example_latest_only_with_trigger.py
[2024-10-13T09:18:24.967+0000] {logging_mixin.py:190} INFO - [2024-10-13T09:18:24.967+0000] {dag.py:3239} INFO - Sync 1 DAGs
[2024-10-13T09:18:25.008+0000] {logging_mixin.py:190} INFO - [2024-10-13T09:18:25.008+0000] {dag.py:4180} INFO - Setting next_dagrun for latest_only_with_trigger to 2024-10-13 04:00:00+00:00, run_after=2024-10-13 08:00:00+00:00
[2024-10-13T09:18:25.069+0000] {processor.py:208} INFO - Processing /home/airflow/.local/lib/python3.12/site-packages/airflow/example_dags/example_latest_only_with_trigger.py took 0.162 seconds
[2024-10-13T09:18:55.239+0000] {processor.py:186} INFO - Started process (PID=2112) to work on /home/airflow/.local/lib/python3.12/site-packages/airflow/example_dags/example_latest_only_with_trigger.py
[2024-10-13T09:18:55.240+0000] {processor.py:914} INFO - Processing file /home/airflow/.local/lib/python3.12/site-packages/airflow/example_dags/example_latest_only_with_trigger.py for tasks to queue
[2024-10-13T09:18:55.242+0000] {logging_mixin.py:190} INFO - [2024-10-13T09:18:55.242+0000] {dagbag.py:588} INFO - Filling up the DagBag from /home/airflow/.local/lib/python3.12/site-packages/airflow/example_dags/example_latest_only_with_trigger.py
[2024-10-13T09:18:55.250+0000] {processor.py:925} INFO - DAG(s) 'latest_only_with_trigger' retrieved from /home/airflow/.local/lib/python3.12/site-packages/airflow/example_dags/example_latest_only_with_trigger.py
[2024-10-13T09:18:55.270+0000] {logging_mixin.py:190} INFO - [2024-10-13T09:18:55.270+0000] {dag.py:3239} INFO - Sync 1 DAGs
[2024-10-13T09:18:55.290+0000] {logging_mixin.py:190} INFO - [2024-10-13T09:18:55.290+0000] {dag.py:4180} INFO - Setting next_dagrun for latest_only_with_trigger to 2024-10-13 04:00:00+00:00, run_after=2024-10-13 08:00:00+00:00
[2024-10-13T09:18:55.322+0000] {processor.py:208} INFO - Processing /home/airflow/.local/lib/python3.12/site-packages/airflow/example_dags/example_latest_only_with_trigger.py took 0.088 seconds
[2024-10-13T09:19:26.166+0000] {processor.py:186} INFO - Started process (PID=2175) to work on /home/airflow/.local/lib/python3.12/site-packages/airflow/example_dags/example_latest_only_with_trigger.py
[2024-10-13T09:19:26.167+0000] {processor.py:914} INFO - Processing file /home/airflow/.local/lib/python3.12/site-packages/airflow/example_dags/example_latest_only_with_trigger.py for tasks to queue
[2024-10-13T09:19:26.177+0000] {logging_mixin.py:190} INFO - [2024-10-13T09:19:26.175+0000] {dagbag.py:588} INFO - Filling up the DagBag from /home/airflow/.local/lib/python3.12/site-packages/airflow/example_dags/example_latest_only_with_trigger.py
[2024-10-13T09:19:26.185+0000] {processor.py:925} INFO - DAG(s) 'latest_only_with_trigger' retrieved from /home/airflow/.local/lib/python3.12/site-packages/airflow/example_dags/example_latest_only_with_trigger.py
[2024-10-13T09:19:26.208+0000] {logging_mixin.py:190} INFO - [2024-10-13T09:19:26.207+0000] {dag.py:3239} INFO - Sync 1 DAGs
[2024-10-13T09:19:26.246+0000] {logging_mixin.py:190} INFO - [2024-10-13T09:19:26.245+0000] {dag.py:4180} INFO - Setting next_dagrun for latest_only_with_trigger to 2024-10-13 04:00:00+00:00, run_after=2024-10-13 08:00:00+00:00
[2024-10-13T09:19:26.271+0000] {processor.py:208} INFO - Processing /home/airflow/.local/lib/python3.12/site-packages/airflow/example_dags/example_latest_only_with_trigger.py took 0.112 seconds
[2024-10-13T09:19:56.897+0000] {processor.py:186} INFO - Started process (PID=2238) to work on /home/airflow/.local/lib/python3.12/site-packages/airflow/example_dags/example_latest_only_with_trigger.py
[2024-10-13T09:19:56.899+0000] {processor.py:914} INFO - Processing file /home/airflow/.local/lib/python3.12/site-packages/airflow/example_dags/example_latest_only_with_trigger.py for tasks to queue
[2024-10-13T09:19:56.901+0000] {logging_mixin.py:190} INFO - [2024-10-13T09:19:56.900+0000] {dagbag.py:588} INFO - Filling up the DagBag from /home/airflow/.local/lib/python3.12/site-packages/airflow/example_dags/example_latest_only_with_trigger.py
[2024-10-13T09:19:56.906+0000] {processor.py:925} INFO - DAG(s) 'latest_only_with_trigger' retrieved from /home/airflow/.local/lib/python3.12/site-packages/airflow/example_dags/example_latest_only_with_trigger.py
[2024-10-13T09:19:56.926+0000] {logging_mixin.py:190} INFO - [2024-10-13T09:19:56.926+0000] {dag.py:3239} INFO - Sync 1 DAGs
[2024-10-13T09:19:56.949+0000] {logging_mixin.py:190} INFO - [2024-10-13T09:19:56.948+0000] {dag.py:4180} INFO - Setting next_dagrun for latest_only_with_trigger to 2024-10-13 04:00:00+00:00, run_after=2024-10-13 08:00:00+00:00
[2024-10-13T09:19:56.967+0000] {processor.py:208} INFO - Processing /home/airflow/.local/lib/python3.12/site-packages/airflow/example_dags/example_latest_only_with_trigger.py took 0.074 seconds
[2024-10-13T09:20:27.148+0000] {processor.py:186} INFO - Started process (PID=2301) to work on /home/airflow/.local/lib/python3.12/site-packages/airflow/example_dags/example_latest_only_with_trigger.py
[2024-10-13T09:20:27.150+0000] {processor.py:914} INFO - Processing file /home/airflow/.local/lib/python3.12/site-packages/airflow/example_dags/example_latest_only_with_trigger.py for tasks to queue
[2024-10-13T09:20:27.152+0000] {logging_mixin.py:190} INFO - [2024-10-13T09:20:27.152+0000] {dagbag.py:588} INFO - Filling up the DagBag from /home/airflow/.local/lib/python3.12/site-packages/airflow/example_dags/example_latest_only_with_trigger.py
[2024-10-13T09:20:27.158+0000] {processor.py:925} INFO - DAG(s) 'latest_only_with_trigger' retrieved from /home/airflow/.local/lib/python3.12/site-packages/airflow/example_dags/example_latest_only_with_trigger.py
[2024-10-13T09:20:27.174+0000] {logging_mixin.py:190} INFO - [2024-10-13T09:20:27.174+0000] {dag.py:3239} INFO - Sync 1 DAGs
[2024-10-13T09:20:27.193+0000] {logging_mixin.py:190} INFO - [2024-10-13T09:20:27.193+0000] {dag.py:4180} INFO - Setting next_dagrun for latest_only_with_trigger to 2024-10-13 04:00:00+00:00, run_after=2024-10-13 08:00:00+00:00
[2024-10-13T09:20:27.209+0000] {processor.py:208} INFO - Processing /home/airflow/.local/lib/python3.12/site-packages/airflow/example_dags/example_latest_only_with_trigger.py took 0.065 seconds
[2024-10-13T09:20:57.980+0000] {processor.py:186} INFO - Started process (PID=2364) to work on /home/airflow/.local/lib/python3.12/site-packages/airflow/example_dags/example_latest_only_with_trigger.py
[2024-10-13T09:20:57.982+0000] {processor.py:914} INFO - Processing file /home/airflow/.local/lib/python3.12/site-packages/airflow/example_dags/example_latest_only_with_trigger.py for tasks to queue
[2024-10-13T09:20:57.984+0000] {logging_mixin.py:190} INFO - [2024-10-13T09:20:57.984+0000] {dagbag.py:588} INFO - Filling up the DagBag from /home/airflow/.local/lib/python3.12/site-packages/airflow/example_dags/example_latest_only_with_trigger.py
[2024-10-13T09:20:57.990+0000] {processor.py:925} INFO - DAG(s) 'latest_only_with_trigger' retrieved from /home/airflow/.local/lib/python3.12/site-packages/airflow/example_dags/example_latest_only_with_trigger.py
[2024-10-13T09:20:58.006+0000] {logging_mixin.py:190} INFO - [2024-10-13T09:20:58.006+0000] {dag.py:3239} INFO - Sync 1 DAGs
[2024-10-13T09:20:58.026+0000] {logging_mixin.py:190} INFO - [2024-10-13T09:20:58.025+0000] {dag.py:4180} INFO - Setting next_dagrun for latest_only_with_trigger to 2024-10-13 04:00:00+00:00, run_after=2024-10-13 08:00:00+00:00
[2024-10-13T09:20:58.040+0000] {processor.py:208} INFO - Processing /home/airflow/.local/lib/python3.12/site-packages/airflow/example_dags/example_latest_only_with_trigger.py took 0.064 seconds
[2024-10-13T09:21:28.362+0000] {processor.py:186} INFO - Started process (PID=2428) to work on /home/airflow/.local/lib/python3.12/site-packages/airflow/example_dags/example_latest_only_with_trigger.py
[2024-10-13T09:21:28.364+0000] {processor.py:914} INFO - Processing file /home/airflow/.local/lib/python3.12/site-packages/airflow/example_dags/example_latest_only_with_trigger.py for tasks to queue
[2024-10-13T09:21:28.367+0000] {logging_mixin.py:190} INFO - [2024-10-13T09:21:28.366+0000] {dagbag.py:588} INFO - Filling up the DagBag from /home/airflow/.local/lib/python3.12/site-packages/airflow/example_dags/example_latest_only_with_trigger.py
[2024-10-13T09:21:28.374+0000] {processor.py:925} INFO - DAG(s) 'latest_only_with_trigger' retrieved from /home/airflow/.local/lib/python3.12/site-packages/airflow/example_dags/example_latest_only_with_trigger.py
[2024-10-13T09:21:28.395+0000] {logging_mixin.py:190} INFO - [2024-10-13T09:21:28.394+0000] {dag.py:3239} INFO - Sync 1 DAGs
[2024-10-13T09:21:28.414+0000] {logging_mixin.py:190} INFO - [2024-10-13T09:21:28.414+0000] {dag.py:4180} INFO - Setting next_dagrun for latest_only_with_trigger to 2024-10-13 04:00:00+00:00, run_after=2024-10-13 08:00:00+00:00
[2024-10-13T09:21:28.432+0000] {processor.py:208} INFO - Processing /home/airflow/.local/lib/python3.12/site-packages/airflow/example_dags/example_latest_only_with_trigger.py took 0.075 seconds
[2024-10-13T09:21:58.729+0000] {processor.py:186} INFO - Started process (PID=2491) to work on /home/airflow/.local/lib/python3.12/site-packages/airflow/example_dags/example_latest_only_with_trigger.py
[2024-10-13T09:21:58.732+0000] {processor.py:914} INFO - Processing file /home/airflow/.local/lib/python3.12/site-packages/airflow/example_dags/example_latest_only_with_trigger.py for tasks to queue
[2024-10-13T09:21:58.738+0000] {logging_mixin.py:190} INFO - [2024-10-13T09:21:58.736+0000] {dagbag.py:588} INFO - Filling up the DagBag from /home/airflow/.local/lib/python3.12/site-packages/airflow/example_dags/example_latest_only_with_trigger.py
[2024-10-13T09:21:58.752+0000] {processor.py:925} INFO - DAG(s) 'latest_only_with_trigger' retrieved from /home/airflow/.local/lib/python3.12/site-packages/airflow/example_dags/example_latest_only_with_trigger.py
[2024-10-13T09:21:58.794+0000] {logging_mixin.py:190} INFO - [2024-10-13T09:21:58.794+0000] {dag.py:3239} INFO - Sync 1 DAGs
[2024-10-13T09:21:58.845+0000] {logging_mixin.py:190} INFO - [2024-10-13T09:21:58.845+0000] {dag.py:4180} INFO - Setting next_dagrun for latest_only_with_trigger to 2024-10-13 04:00:00+00:00, run_after=2024-10-13 08:00:00+00:00
[2024-10-13T09:21:58.903+0000] {processor.py:208} INFO - Processing /home/airflow/.local/lib/python3.12/site-packages/airflow/example_dags/example_latest_only_with_trigger.py took 0.185 seconds
[2024-10-13T09:22:29.537+0000] {processor.py:186} INFO - Started process (PID=2554) to work on /home/airflow/.local/lib/python3.12/site-packages/airflow/example_dags/example_latest_only_with_trigger.py
[2024-10-13T09:22:29.541+0000] {processor.py:914} INFO - Processing file /home/airflow/.local/lib/python3.12/site-packages/airflow/example_dags/example_latest_only_with_trigger.py for tasks to queue
[2024-10-13T09:22:29.549+0000] {logging_mixin.py:190} INFO - [2024-10-13T09:22:29.549+0000] {dagbag.py:588} INFO - Filling up the DagBag from /home/airflow/.local/lib/python3.12/site-packages/airflow/example_dags/example_latest_only_with_trigger.py
[2024-10-13T09:22:29.559+0000] {processor.py:925} INFO - DAG(s) 'latest_only_with_trigger' retrieved from /home/airflow/.local/lib/python3.12/site-packages/airflow/example_dags/example_latest_only_with_trigger.py
[2024-10-13T09:22:29.593+0000] {logging_mixin.py:190} INFO - [2024-10-13T09:22:29.593+0000] {dag.py:3239} INFO - Sync 1 DAGs
[2024-10-13T09:22:29.624+0000] {logging_mixin.py:190} INFO - [2024-10-13T09:22:29.624+0000] {dag.py:4180} INFO - Setting next_dagrun for latest_only_with_trigger to 2024-10-13 04:00:00+00:00, run_after=2024-10-13 08:00:00+00:00
[2024-10-13T09:22:29.654+0000] {processor.py:208} INFO - Processing /home/airflow/.local/lib/python3.12/site-packages/airflow/example_dags/example_latest_only_with_trigger.py took 0.124 seconds
[2024-10-13T09:23:00.527+0000] {processor.py:186} INFO - Started process (PID=2617) to work on /home/airflow/.local/lib/python3.12/site-packages/airflow/example_dags/example_latest_only_with_trigger.py
[2024-10-13T09:23:00.529+0000] {processor.py:914} INFO - Processing file /home/airflow/.local/lib/python3.12/site-packages/airflow/example_dags/example_latest_only_with_trigger.py for tasks to queue
[2024-10-13T09:23:00.534+0000] {logging_mixin.py:190} INFO - [2024-10-13T09:23:00.533+0000] {dagbag.py:588} INFO - Filling up the DagBag from /home/airflow/.local/lib/python3.12/site-packages/airflow/example_dags/example_latest_only_with_trigger.py
[2024-10-13T09:23:00.542+0000] {processor.py:925} INFO - DAG(s) 'latest_only_with_trigger' retrieved from /home/airflow/.local/lib/python3.12/site-packages/airflow/example_dags/example_latest_only_with_trigger.py
[2024-10-13T09:23:00.564+0000] {logging_mixin.py:190} INFO - [2024-10-13T09:23:00.564+0000] {dag.py:3239} INFO - Sync 1 DAGs
[2024-10-13T09:23:00.592+0000] {logging_mixin.py:190} INFO - [2024-10-13T09:23:00.592+0000] {dag.py:4180} INFO - Setting next_dagrun for latest_only_with_trigger to 2024-10-13 04:00:00+00:00, run_after=2024-10-13 08:00:00+00:00
[2024-10-13T09:23:00.622+0000] {processor.py:208} INFO - Processing /home/airflow/.local/lib/python3.12/site-packages/airflow/example_dags/example_latest_only_with_trigger.py took 0.102 seconds
[2024-10-13T09:23:30.896+0000] {processor.py:186} INFO - Started process (PID=2680) to work on /home/airflow/.local/lib/python3.12/site-packages/airflow/example_dags/example_latest_only_with_trigger.py
[2024-10-13T09:23:30.897+0000] {processor.py:914} INFO - Processing file /home/airflow/.local/lib/python3.12/site-packages/airflow/example_dags/example_latest_only_with_trigger.py for tasks to queue
[2024-10-13T09:23:30.903+0000] {logging_mixin.py:190} INFO - [2024-10-13T09:23:30.902+0000] {dagbag.py:588} INFO - Filling up the DagBag from /home/airflow/.local/lib/python3.12/site-packages/airflow/example_dags/example_latest_only_with_trigger.py
[2024-10-13T09:23:30.914+0000] {processor.py:925} INFO - DAG(s) 'latest_only_with_trigger' retrieved from /home/airflow/.local/lib/python3.12/site-packages/airflow/example_dags/example_latest_only_with_trigger.py
[2024-10-13T09:23:30.966+0000] {logging_mixin.py:190} INFO - [2024-10-13T09:23:30.965+0000] {dag.py:3239} INFO - Sync 1 DAGs
[2024-10-13T09:23:31.019+0000] {logging_mixin.py:190} INFO - [2024-10-13T09:23:31.018+0000] {dag.py:4180} INFO - Setting next_dagrun for latest_only_with_trigger to 2024-10-13 04:00:00+00:00, run_after=2024-10-13 08:00:00+00:00
[2024-10-13T09:23:31.050+0000] {processor.py:208} INFO - Processing /home/airflow/.local/lib/python3.12/site-packages/airflow/example_dags/example_latest_only_with_trigger.py took 0.162 seconds
[2024-10-13T09:24:01.181+0000] {processor.py:186} INFO - Started process (PID=2744) to work on /home/airflow/.local/lib/python3.12/site-packages/airflow/example_dags/example_latest_only_with_trigger.py
[2024-10-13T09:24:01.183+0000] {processor.py:914} INFO - Processing file /home/airflow/.local/lib/python3.12/site-packages/airflow/example_dags/example_latest_only_with_trigger.py for tasks to queue
[2024-10-13T09:24:01.186+0000] {logging_mixin.py:190} INFO - [2024-10-13T09:24:01.186+0000] {dagbag.py:588} INFO - Filling up the DagBag from /home/airflow/.local/lib/python3.12/site-packages/airflow/example_dags/example_latest_only_with_trigger.py
[2024-10-13T09:24:01.195+0000] {processor.py:925} INFO - DAG(s) 'latest_only_with_trigger' retrieved from /home/airflow/.local/lib/python3.12/site-packages/airflow/example_dags/example_latest_only_with_trigger.py
[2024-10-13T09:24:01.219+0000] {logging_mixin.py:190} INFO - [2024-10-13T09:24:01.219+0000] {dag.py:3239} INFO - Sync 1 DAGs
[2024-10-13T09:24:01.242+0000] {logging_mixin.py:190} INFO - [2024-10-13T09:24:01.242+0000] {dag.py:4180} INFO - Setting next_dagrun for latest_only_with_trigger to 2024-10-13 04:00:00+00:00, run_after=2024-10-13 08:00:00+00:00
[2024-10-13T09:24:01.266+0000] {processor.py:208} INFO - Processing /home/airflow/.local/lib/python3.12/site-packages/airflow/example_dags/example_latest_only_with_trigger.py took 0.091 seconds
[2024-10-13T09:24:31.694+0000] {processor.py:186} INFO - Started process (PID=2806) to work on /home/airflow/.local/lib/python3.12/site-packages/airflow/example_dags/example_latest_only_with_trigger.py
[2024-10-13T09:24:31.699+0000] {processor.py:914} INFO - Processing file /home/airflow/.local/lib/python3.12/site-packages/airflow/example_dags/example_latest_only_with_trigger.py for tasks to queue
[2024-10-13T09:24:31.721+0000] {logging_mixin.py:190} INFO - [2024-10-13T09:24:31.721+0000] {dagbag.py:588} INFO - Filling up the DagBag from /home/airflow/.local/lib/python3.12/site-packages/airflow/example_dags/example_latest_only_with_trigger.py
[2024-10-13T09:24:31.744+0000] {processor.py:925} INFO - DAG(s) 'latest_only_with_trigger' retrieved from /home/airflow/.local/lib/python3.12/site-packages/airflow/example_dags/example_latest_only_with_trigger.py
[2024-10-13T09:24:31.809+0000] {logging_mixin.py:190} INFO - [2024-10-13T09:24:31.809+0000] {dag.py:3239} INFO - Sync 1 DAGs
[2024-10-13T09:24:31.881+0000] {logging_mixin.py:190} INFO - [2024-10-13T09:24:31.881+0000] {dag.py:4180} INFO - Setting next_dagrun for latest_only_with_trigger to 2024-10-13 04:00:00+00:00, run_after=2024-10-13 08:00:00+00:00
[2024-10-13T09:24:31.941+0000] {processor.py:208} INFO - Processing /home/airflow/.local/lib/python3.12/site-packages/airflow/example_dags/example_latest_only_with_trigger.py took 0.262 seconds
[2024-10-13T09:25:02.373+0000] {processor.py:186} INFO - Started process (PID=2869) to work on /home/airflow/.local/lib/python3.12/site-packages/airflow/example_dags/example_latest_only_with_trigger.py
[2024-10-13T09:25:02.375+0000] {processor.py:914} INFO - Processing file /home/airflow/.local/lib/python3.12/site-packages/airflow/example_dags/example_latest_only_with_trigger.py for tasks to queue
[2024-10-13T09:25:02.382+0000] {logging_mixin.py:190} INFO - [2024-10-13T09:25:02.381+0000] {dagbag.py:588} INFO - Filling up the DagBag from /home/airflow/.local/lib/python3.12/site-packages/airflow/example_dags/example_latest_only_with_trigger.py
[2024-10-13T09:25:02.405+0000] {processor.py:925} INFO - DAG(s) 'latest_only_with_trigger' retrieved from /home/airflow/.local/lib/python3.12/site-packages/airflow/example_dags/example_latest_only_with_trigger.py
[2024-10-13T09:25:02.451+0000] {logging_mixin.py:190} INFO - [2024-10-13T09:25:02.451+0000] {dag.py:3239} INFO - Sync 1 DAGs
[2024-10-13T09:25:02.513+0000] {logging_mixin.py:190} INFO - [2024-10-13T09:25:02.513+0000] {dag.py:4180} INFO - Setting next_dagrun for latest_only_with_trigger to 2024-10-13 04:00:00+00:00, run_after=2024-10-13 08:00:00+00:00
[2024-10-13T09:25:02.574+0000] {processor.py:208} INFO - Processing /home/airflow/.local/lib/python3.12/site-packages/airflow/example_dags/example_latest_only_with_trigger.py took 0.213 seconds
[2024-10-13T09:25:32.797+0000] {processor.py:186} INFO - Started process (PID=2926) to work on /home/airflow/.local/lib/python3.12/site-packages/airflow/example_dags/example_latest_only_with_trigger.py
[2024-10-13T09:25:32.800+0000] {processor.py:914} INFO - Processing file /home/airflow/.local/lib/python3.12/site-packages/airflow/example_dags/example_latest_only_with_trigger.py for tasks to queue
[2024-10-13T09:25:32.804+0000] {logging_mixin.py:190} INFO - [2024-10-13T09:25:32.803+0000] {dagbag.py:588} INFO - Filling up the DagBag from /home/airflow/.local/lib/python3.12/site-packages/airflow/example_dags/example_latest_only_with_trigger.py
[2024-10-13T09:25:32.815+0000] {processor.py:925} INFO - DAG(s) 'latest_only_with_trigger' retrieved from /home/airflow/.local/lib/python3.12/site-packages/airflow/example_dags/example_latest_only_with_trigger.py
[2024-10-13T09:25:32.852+0000] {logging_mixin.py:190} INFO - [2024-10-13T09:25:32.851+0000] {dag.py:3239} INFO - Sync 1 DAGs
[2024-10-13T09:25:32.894+0000] {logging_mixin.py:190} INFO - [2024-10-13T09:25:32.893+0000] {dag.py:4180} INFO - Setting next_dagrun for latest_only_with_trigger to 2024-10-13 04:00:00+00:00, run_after=2024-10-13 08:00:00+00:00
[2024-10-13T09:25:32.934+0000] {processor.py:208} INFO - Processing /home/airflow/.local/lib/python3.12/site-packages/airflow/example_dags/example_latest_only_with_trigger.py took 0.148 seconds
[2024-10-13T09:26:03.643+0000] {processor.py:186} INFO - Started process (PID=2989) to work on /home/airflow/.local/lib/python3.12/site-packages/airflow/example_dags/example_latest_only_with_trigger.py
[2024-10-13T09:26:03.645+0000] {processor.py:914} INFO - Processing file /home/airflow/.local/lib/python3.12/site-packages/airflow/example_dags/example_latest_only_with_trigger.py for tasks to queue
[2024-10-13T09:26:03.652+0000] {logging_mixin.py:190} INFO - [2024-10-13T09:26:03.651+0000] {dagbag.py:588} INFO - Filling up the DagBag from /home/airflow/.local/lib/python3.12/site-packages/airflow/example_dags/example_latest_only_with_trigger.py
[2024-10-13T09:26:03.669+0000] {processor.py:925} INFO - DAG(s) 'latest_only_with_trigger' retrieved from /home/airflow/.local/lib/python3.12/site-packages/airflow/example_dags/example_latest_only_with_trigger.py
[2024-10-13T09:26:03.714+0000] {logging_mixin.py:190} INFO - [2024-10-13T09:26:03.713+0000] {dag.py:3239} INFO - Sync 1 DAGs
[2024-10-13T09:26:03.761+0000] {logging_mixin.py:190} INFO - [2024-10-13T09:26:03.761+0000] {dag.py:4180} INFO - Setting next_dagrun for latest_only_with_trigger to 2024-10-13 04:00:00+00:00, run_after=2024-10-13 08:00:00+00:00
[2024-10-13T09:26:03.800+0000] {processor.py:208} INFO - Processing /home/airflow/.local/lib/python3.12/site-packages/airflow/example_dags/example_latest_only_with_trigger.py took 0.170 seconds
[2024-10-13T09:26:36.302+0000] {processor.py:186} INFO - Started process (PID=3036) to work on /home/airflow/.local/lib/python3.12/site-packages/airflow/example_dags/example_latest_only_with_trigger.py
[2024-10-13T09:26:36.306+0000] {processor.py:914} INFO - Processing file /home/airflow/.local/lib/python3.12/site-packages/airflow/example_dags/example_latest_only_with_trigger.py for tasks to queue
[2024-10-13T09:26:36.315+0000] {logging_mixin.py:190} INFO - [2024-10-13T09:26:36.315+0000] {dagbag.py:588} INFO - Filling up the DagBag from /home/airflow/.local/lib/python3.12/site-packages/airflow/example_dags/example_latest_only_with_trigger.py
[2024-10-13T09:26:36.346+0000] {processor.py:925} INFO - DAG(s) 'latest_only_with_trigger' retrieved from /home/airflow/.local/lib/python3.12/site-packages/airflow/example_dags/example_latest_only_with_trigger.py
[2024-10-13T09:26:36.406+0000] {logging_mixin.py:190} INFO - [2024-10-13T09:26:36.405+0000] {dag.py:3239} INFO - Sync 1 DAGs
[2024-10-13T09:26:36.470+0000] {logging_mixin.py:190} INFO - [2024-10-13T09:26:36.470+0000] {dag.py:4180} INFO - Setting next_dagrun for latest_only_with_trigger to 2024-10-13 04:00:00+00:00, run_after=2024-10-13 08:00:00+00:00
[2024-10-13T09:26:36.523+0000] {processor.py:208} INFO - Processing /home/airflow/.local/lib/python3.12/site-packages/airflow/example_dags/example_latest_only_with_trigger.py took 0.234 seconds
[2024-10-13T09:27:08.519+0000] {processor.py:186} INFO - Started process (PID=3099) to work on /home/airflow/.local/lib/python3.12/site-packages/airflow/example_dags/example_latest_only_with_trigger.py
[2024-10-13T09:27:08.528+0000] {processor.py:914} INFO - Processing file /home/airflow/.local/lib/python3.12/site-packages/airflow/example_dags/example_latest_only_with_trigger.py for tasks to queue
[2024-10-13T09:27:08.536+0000] {logging_mixin.py:190} INFO - [2024-10-13T09:27:08.535+0000] {dagbag.py:588} INFO - Filling up the DagBag from /home/airflow/.local/lib/python3.12/site-packages/airflow/example_dags/example_latest_only_with_trigger.py
[2024-10-13T09:27:08.585+0000] {processor.py:925} INFO - DAG(s) 'latest_only_with_trigger' retrieved from /home/airflow/.local/lib/python3.12/site-packages/airflow/example_dags/example_latest_only_with_trigger.py
[2024-10-13T09:27:08.771+0000] {logging_mixin.py:190} INFO - [2024-10-13T09:27:08.770+0000] {dag.py:3239} INFO - Sync 1 DAGs
[2024-10-13T09:27:08.889+0000] {logging_mixin.py:190} INFO - [2024-10-13T09:27:08.888+0000] {dag.py:4180} INFO - Setting next_dagrun for latest_only_with_trigger to 2024-10-13 04:00:00+00:00, run_after=2024-10-13 08:00:00+00:00
[2024-10-13T09:27:08.972+0000] {processor.py:208} INFO - Processing /home/airflow/.local/lib/python3.12/site-packages/airflow/example_dags/example_latest_only_with_trigger.py took 0.471 seconds
[2024-10-13T09:27:39.049+0000] {processor.py:186} INFO - Started process (PID=3162) to work on /home/airflow/.local/lib/python3.12/site-packages/airflow/example_dags/example_latest_only_with_trigger.py
[2024-10-13T09:27:39.052+0000] {processor.py:914} INFO - Processing file /home/airflow/.local/lib/python3.12/site-packages/airflow/example_dags/example_latest_only_with_trigger.py for tasks to queue
[2024-10-13T09:27:39.055+0000] {logging_mixin.py:190} INFO - [2024-10-13T09:27:39.055+0000] {dagbag.py:588} INFO - Filling up the DagBag from /home/airflow/.local/lib/python3.12/site-packages/airflow/example_dags/example_latest_only_with_trigger.py
[2024-10-13T09:27:39.068+0000] {processor.py:925} INFO - DAG(s) 'latest_only_with_trigger' retrieved from /home/airflow/.local/lib/python3.12/site-packages/airflow/example_dags/example_latest_only_with_trigger.py
[2024-10-13T09:27:39.094+0000] {logging_mixin.py:190} INFO - [2024-10-13T09:27:39.093+0000] {dag.py:3239} INFO - Sync 1 DAGs
[2024-10-13T09:27:39.125+0000] {logging_mixin.py:190} INFO - [2024-10-13T09:27:39.125+0000] {dag.py:4180} INFO - Setting next_dagrun for latest_only_with_trigger to 2024-10-13 04:00:00+00:00, run_after=2024-10-13 08:00:00+00:00
[2024-10-13T09:27:39.151+0000] {processor.py:208} INFO - Processing /home/airflow/.local/lib/python3.12/site-packages/airflow/example_dags/example_latest_only_with_trigger.py took 0.111 seconds
[2024-10-13T09:28:09.500+0000] {processor.py:186} INFO - Started process (PID=3225) to work on /home/airflow/.local/lib/python3.12/site-packages/airflow/example_dags/example_latest_only_with_trigger.py
[2024-10-13T09:28:09.502+0000] {processor.py:914} INFO - Processing file /home/airflow/.local/lib/python3.12/site-packages/airflow/example_dags/example_latest_only_with_trigger.py for tasks to queue
[2024-10-13T09:28:09.505+0000] {logging_mixin.py:190} INFO - [2024-10-13T09:28:09.505+0000] {dagbag.py:588} INFO - Filling up the DagBag from /home/airflow/.local/lib/python3.12/site-packages/airflow/example_dags/example_latest_only_with_trigger.py
[2024-10-13T09:28:09.518+0000] {processor.py:925} INFO - DAG(s) 'latest_only_with_trigger' retrieved from /home/airflow/.local/lib/python3.12/site-packages/airflow/example_dags/example_latest_only_with_trigger.py
[2024-10-13T09:28:09.553+0000] {logging_mixin.py:190} INFO - [2024-10-13T09:28:09.553+0000] {dag.py:3239} INFO - Sync 1 DAGs
[2024-10-13T09:28:09.596+0000] {logging_mixin.py:190} INFO - [2024-10-13T09:28:09.596+0000] {dag.py:4180} INFO - Setting next_dagrun for latest_only_with_trigger to 2024-10-13 04:00:00+00:00, run_after=2024-10-13 08:00:00+00:00
[2024-10-13T09:28:09.635+0000] {processor.py:208} INFO - Processing /home/airflow/.local/lib/python3.12/site-packages/airflow/example_dags/example_latest_only_with_trigger.py took 0.144 seconds
[2024-10-13T09:28:40.108+0000] {processor.py:186} INFO - Started process (PID=3288) to work on /home/airflow/.local/lib/python3.12/site-packages/airflow/example_dags/example_latest_only_with_trigger.py
[2024-10-13T09:28:40.110+0000] {processor.py:914} INFO - Processing file /home/airflow/.local/lib/python3.12/site-packages/airflow/example_dags/example_latest_only_with_trigger.py for tasks to queue
[2024-10-13T09:28:40.112+0000] {logging_mixin.py:190} INFO - [2024-10-13T09:28:40.112+0000] {dagbag.py:588} INFO - Filling up the DagBag from /home/airflow/.local/lib/python3.12/site-packages/airflow/example_dags/example_latest_only_with_trigger.py
[2024-10-13T09:28:40.123+0000] {processor.py:925} INFO - DAG(s) 'latest_only_with_trigger' retrieved from /home/airflow/.local/lib/python3.12/site-packages/airflow/example_dags/example_latest_only_with_trigger.py
[2024-10-13T09:28:40.148+0000] {logging_mixin.py:190} INFO - [2024-10-13T09:28:40.148+0000] {dag.py:3239} INFO - Sync 1 DAGs
[2024-10-13T09:28:40.179+0000] {logging_mixin.py:190} INFO - [2024-10-13T09:28:40.178+0000] {dag.py:4180} INFO - Setting next_dagrun for latest_only_with_trigger to 2024-10-13 04:00:00+00:00, run_after=2024-10-13 08:00:00+00:00
[2024-10-13T09:28:40.202+0000] {processor.py:208} INFO - Processing /home/airflow/.local/lib/python3.12/site-packages/airflow/example_dags/example_latest_only_with_trigger.py took 0.100 seconds
[2024-10-13T09:29:10.358+0000] {processor.py:186} INFO - Started process (PID=3351) to work on /home/airflow/.local/lib/python3.12/site-packages/airflow/example_dags/example_latest_only_with_trigger.py
[2024-10-13T09:29:10.359+0000] {processor.py:914} INFO - Processing file /home/airflow/.local/lib/python3.12/site-packages/airflow/example_dags/example_latest_only_with_trigger.py for tasks to queue
[2024-10-13T09:29:10.362+0000] {logging_mixin.py:190} INFO - [2024-10-13T09:29:10.362+0000] {dagbag.py:588} INFO - Filling up the DagBag from /home/airflow/.local/lib/python3.12/site-packages/airflow/example_dags/example_latest_only_with_trigger.py
[2024-10-13T09:29:10.369+0000] {processor.py:925} INFO - DAG(s) 'latest_only_with_trigger' retrieved from /home/airflow/.local/lib/python3.12/site-packages/airflow/example_dags/example_latest_only_with_trigger.py
[2024-10-13T09:29:10.387+0000] {logging_mixin.py:190} INFO - [2024-10-13T09:29:10.387+0000] {dag.py:3239} INFO - Sync 1 DAGs
[2024-10-13T09:29:10.408+0000] {logging_mixin.py:190} INFO - [2024-10-13T09:29:10.408+0000] {dag.py:4180} INFO - Setting next_dagrun for latest_only_with_trigger to 2024-10-13 04:00:00+00:00, run_after=2024-10-13 08:00:00+00:00
[2024-10-13T09:29:10.433+0000] {processor.py:208} INFO - Processing /home/airflow/.local/lib/python3.12/site-packages/airflow/example_dags/example_latest_only_with_trigger.py took 0.081 seconds
[2024-10-13T09:29:40.584+0000] {processor.py:186} INFO - Started process (PID=3413) to work on /home/airflow/.local/lib/python3.12/site-packages/airflow/example_dags/example_latest_only_with_trigger.py
[2024-10-13T09:29:40.585+0000] {processor.py:914} INFO - Processing file /home/airflow/.local/lib/python3.12/site-packages/airflow/example_dags/example_latest_only_with_trigger.py for tasks to queue
[2024-10-13T09:29:40.587+0000] {logging_mixin.py:190} INFO - [2024-10-13T09:29:40.587+0000] {dagbag.py:588} INFO - Filling up the DagBag from /home/airflow/.local/lib/python3.12/site-packages/airflow/example_dags/example_latest_only_with_trigger.py
[2024-10-13T09:29:40.594+0000] {processor.py:925} INFO - DAG(s) 'latest_only_with_trigger' retrieved from /home/airflow/.local/lib/python3.12/site-packages/airflow/example_dags/example_latest_only_with_trigger.py
[2024-10-13T09:29:40.614+0000] {logging_mixin.py:190} INFO - [2024-10-13T09:29:40.614+0000] {dag.py:3239} INFO - Sync 1 DAGs
[2024-10-13T09:29:40.635+0000] {logging_mixin.py:190} INFO - [2024-10-13T09:29:40.634+0000] {dag.py:4180} INFO - Setting next_dagrun for latest_only_with_trigger to 2024-10-13 04:00:00+00:00, run_after=2024-10-13 08:00:00+00:00
[2024-10-13T09:29:40.653+0000] {processor.py:208} INFO - Processing /home/airflow/.local/lib/python3.12/site-packages/airflow/example_dags/example_latest_only_with_trigger.py took 0.074 seconds
[2024-10-13T09:30:11.129+0000] {processor.py:186} INFO - Started process (PID=3476) to work on /home/airflow/.local/lib/python3.12/site-packages/airflow/example_dags/example_latest_only_with_trigger.py
[2024-10-13T09:30:11.135+0000] {processor.py:914} INFO - Processing file /home/airflow/.local/lib/python3.12/site-packages/airflow/example_dags/example_latest_only_with_trigger.py for tasks to queue
[2024-10-13T09:30:11.145+0000] {logging_mixin.py:190} INFO - [2024-10-13T09:30:11.144+0000] {dagbag.py:588} INFO - Filling up the DagBag from /home/airflow/.local/lib/python3.12/site-packages/airflow/example_dags/example_latest_only_with_trigger.py
[2024-10-13T09:30:11.176+0000] {processor.py:925} INFO - DAG(s) 'latest_only_with_trigger' retrieved from /home/airflow/.local/lib/python3.12/site-packages/airflow/example_dags/example_latest_only_with_trigger.py
[2024-10-13T09:30:11.260+0000] {logging_mixin.py:190} INFO - [2024-10-13T09:30:11.257+0000] {dag.py:3239} INFO - Sync 1 DAGs
[2024-10-13T09:30:11.368+0000] {logging_mixin.py:190} INFO - [2024-10-13T09:30:11.368+0000] {dag.py:4180} INFO - Setting next_dagrun for latest_only_with_trigger to 2024-10-13 04:00:00+00:00, run_after=2024-10-13 08:00:00+00:00
[2024-10-13T09:30:11.463+0000] {processor.py:208} INFO - Processing /home/airflow/.local/lib/python3.12/site-packages/airflow/example_dags/example_latest_only_with_trigger.py took 0.361 seconds
