[2024-10-13T09:02:42.327+0000] {processor.py:186} INFO - Started process (PID=129) to work on /home/airflow/.local/lib/python3.12/site-packages/airflow/example_dags/example_bash_operator.py
[2024-10-13T09:02:42.331+0000] {processor.py:914} INFO - Processing file /home/airflow/.local/lib/python3.12/site-packages/airflow/example_dags/example_bash_operator.py for tasks to queue
[2024-10-13T09:02:42.336+0000] {logging_mixin.py:190} INFO - [2024-10-13T09:02:42.335+0000] {dagbag.py:588} INFO - Filling up the DagBag from /home/airflow/.local/lib/python3.12/site-packages/airflow/example_dags/example_bash_operator.py
[2024-10-13T09:02:42.386+0000] {processor.py:925} INFO - DAG(s) 'example_bash_operator' retrieved from /home/airflow/.local/lib/python3.12/site-packages/airflow/example_dags/example_bash_operator.py
[2024-10-13T09:02:42.611+0000] {logging_mixin.py:190} INFO - [2024-10-13T09:02:42.610+0000] {dag.py:3239} INFO - Sync 1 DAGs
[2024-10-13T09:02:42.728+0000] {logging_mixin.py:190} INFO - [2024-10-13T09:02:42.728+0000] {dag.py:4180} INFO - Setting next_dagrun for example_bash_operator to 2024-10-12 00:00:00+00:00, run_after=2024-10-13 00:00:00+00:00
[2024-10-13T09:02:42.809+0000] {processor.py:208} INFO - Processing /home/airflow/.local/lib/python3.12/site-packages/airflow/example_dags/example_bash_operator.py took 0.603 seconds
[2024-10-13T09:03:13.722+0000] {processor.py:186} INFO - Started process (PID=192) to work on /home/airflow/.local/lib/python3.12/site-packages/airflow/example_dags/example_bash_operator.py
[2024-10-13T09:03:13.758+0000] {processor.py:914} INFO - Processing file /home/airflow/.local/lib/python3.12/site-packages/airflow/example_dags/example_bash_operator.py for tasks to queue
[2024-10-13T09:03:13.949+0000] {logging_mixin.py:190} INFO - [2024-10-13T09:03:13.893+0000] {dagbag.py:588} INFO - Filling up the DagBag from /home/airflow/.local/lib/python3.12/site-packages/airflow/example_dags/example_bash_operator.py
[2024-10-13T09:03:14.045+0000] {processor.py:925} INFO - DAG(s) 'example_bash_operator' retrieved from /home/airflow/.local/lib/python3.12/site-packages/airflow/example_dags/example_bash_operator.py
[2024-10-13T09:03:14.202+0000] {logging_mixin.py:190} INFO - [2024-10-13T09:03:14.199+0000] {dag.py:3239} INFO - Sync 1 DAGs
[2024-10-13T09:03:14.283+0000] {logging_mixin.py:190} INFO - [2024-10-13T09:03:14.282+0000] {dag.py:4180} INFO - Setting next_dagrun for example_bash_operator to 2024-10-12 00:00:00+00:00, run_after=2024-10-13 00:00:00+00:00
[2024-10-13T09:03:14.363+0000] {processor.py:208} INFO - Processing /home/airflow/.local/lib/python3.12/site-packages/airflow/example_dags/example_bash_operator.py took 0.728 seconds
[2024-10-13T09:03:44.989+0000] {processor.py:186} INFO - Started process (PID=256) to work on /home/airflow/.local/lib/python3.12/site-packages/airflow/example_dags/example_bash_operator.py
[2024-10-13T09:03:44.996+0000] {processor.py:914} INFO - Processing file /home/airflow/.local/lib/python3.12/site-packages/airflow/example_dags/example_bash_operator.py for tasks to queue
[2024-10-13T09:03:45.004+0000] {logging_mixin.py:190} INFO - [2024-10-13T09:03:45.003+0000] {dagbag.py:588} INFO - Filling up the DagBag from /home/airflow/.local/lib/python3.12/site-packages/airflow/example_dags/example_bash_operator.py
[2024-10-13T09:03:45.038+0000] {processor.py:925} INFO - DAG(s) 'example_bash_operator' retrieved from /home/airflow/.local/lib/python3.12/site-packages/airflow/example_dags/example_bash_operator.py
[2024-10-13T09:03:45.112+0000] {logging_mixin.py:190} INFO - [2024-10-13T09:03:45.112+0000] {dag.py:3239} INFO - Sync 1 DAGs
[2024-10-13T09:03:45.179+0000] {logging_mixin.py:190} INFO - [2024-10-13T09:03:45.178+0000] {dag.py:4180} INFO - Setting next_dagrun for example_bash_operator to 2024-10-12 00:00:00+00:00, run_after=2024-10-13 00:00:00+00:00
[2024-10-13T09:03:45.266+0000] {processor.py:208} INFO - Processing /home/airflow/.local/lib/python3.12/site-packages/airflow/example_dags/example_bash_operator.py took 0.293 seconds
[2024-10-13T09:04:21.711+0000] {processor.py:186} INFO - Started process (PID=318) to work on /home/airflow/.local/lib/python3.12/site-packages/airflow/example_dags/example_bash_operator.py
[2024-10-13T09:04:21.716+0000] {processor.py:914} INFO - Processing file /home/airflow/.local/lib/python3.12/site-packages/airflow/example_dags/example_bash_operator.py for tasks to queue
[2024-10-13T09:04:21.730+0000] {logging_mixin.py:190} INFO - [2024-10-13T09:04:21.729+0000] {dagbag.py:588} INFO - Filling up the DagBag from /home/airflow/.local/lib/python3.12/site-packages/airflow/example_dags/example_bash_operator.py
[2024-10-13T09:04:21.792+0000] {processor.py:925} INFO - DAG(s) 'example_bash_operator' retrieved from /home/airflow/.local/lib/python3.12/site-packages/airflow/example_dags/example_bash_operator.py
[2024-10-13T09:04:21.958+0000] {logging_mixin.py:190} INFO - [2024-10-13T09:04:21.958+0000] {dag.py:3239} INFO - Sync 1 DAGs
[2024-10-13T09:04:22.106+0000] {logging_mixin.py:190} INFO - [2024-10-13T09:04:22.105+0000] {dag.py:4180} INFO - Setting next_dagrun for example_bash_operator to 2024-10-12 00:00:00+00:00, run_after=2024-10-13 00:00:00+00:00
[2024-10-13T09:04:22.187+0000] {processor.py:208} INFO - Processing /home/airflow/.local/lib/python3.12/site-packages/airflow/example_dags/example_bash_operator.py took 0.505 seconds
[2024-10-13T09:04:52.495+0000] {processor.py:186} INFO - Started process (PID=381) to work on /home/airflow/.local/lib/python3.12/site-packages/airflow/example_dags/example_bash_operator.py
[2024-10-13T09:04:52.497+0000] {processor.py:914} INFO - Processing file /home/airflow/.local/lib/python3.12/site-packages/airflow/example_dags/example_bash_operator.py for tasks to queue
[2024-10-13T09:04:52.503+0000] {logging_mixin.py:190} INFO - [2024-10-13T09:04:52.502+0000] {dagbag.py:588} INFO - Filling up the DagBag from /home/airflow/.local/lib/python3.12/site-packages/airflow/example_dags/example_bash_operator.py
[2024-10-13T09:04:52.539+0000] {processor.py:925} INFO - DAG(s) 'example_bash_operator' retrieved from /home/airflow/.local/lib/python3.12/site-packages/airflow/example_dags/example_bash_operator.py
[2024-10-13T09:04:52.619+0000] {logging_mixin.py:190} INFO - [2024-10-13T09:04:52.619+0000] {dag.py:3239} INFO - Sync 1 DAGs
[2024-10-13T09:04:52.670+0000] {logging_mixin.py:190} INFO - [2024-10-13T09:04:52.670+0000] {dag.py:4180} INFO - Setting next_dagrun for example_bash_operator to 2024-10-12 00:00:00+00:00, run_after=2024-10-13 00:00:00+00:00
[2024-10-13T09:04:52.725+0000] {processor.py:208} INFO - Processing /home/airflow/.local/lib/python3.12/site-packages/airflow/example_dags/example_bash_operator.py took 0.243 seconds
[2024-10-13T09:05:22.829+0000] {processor.py:186} INFO - Started process (PID=444) to work on /home/airflow/.local/lib/python3.12/site-packages/airflow/example_dags/example_bash_operator.py
[2024-10-13T09:05:22.839+0000] {processor.py:914} INFO - Processing file /home/airflow/.local/lib/python3.12/site-packages/airflow/example_dags/example_bash_operator.py for tasks to queue
[2024-10-13T09:05:22.843+0000] {logging_mixin.py:190} INFO - [2024-10-13T09:05:22.843+0000] {dagbag.py:588} INFO - Filling up the DagBag from /home/airflow/.local/lib/python3.12/site-packages/airflow/example_dags/example_bash_operator.py
[2024-10-13T09:05:22.859+0000] {processor.py:925} INFO - DAG(s) 'example_bash_operator' retrieved from /home/airflow/.local/lib/python3.12/site-packages/airflow/example_dags/example_bash_operator.py
[2024-10-13T09:05:22.888+0000] {logging_mixin.py:190} INFO - [2024-10-13T09:05:22.888+0000] {dag.py:3239} INFO - Sync 1 DAGs
[2024-10-13T09:05:22.913+0000] {logging_mixin.py:190} INFO - [2024-10-13T09:05:22.913+0000] {dag.py:4180} INFO - Setting next_dagrun for example_bash_operator to 2024-10-12 00:00:00+00:00, run_after=2024-10-13 00:00:00+00:00
[2024-10-13T09:05:22.940+0000] {processor.py:208} INFO - Processing /home/airflow/.local/lib/python3.12/site-packages/airflow/example_dags/example_bash_operator.py took 0.122 seconds
[2024-10-13T09:05:55.074+0000] {processor.py:186} INFO - Started process (PID=507) to work on /home/airflow/.local/lib/python3.12/site-packages/airflow/example_dags/example_bash_operator.py
[2024-10-13T09:05:55.080+0000] {processor.py:914} INFO - Processing file /home/airflow/.local/lib/python3.12/site-packages/airflow/example_dags/example_bash_operator.py for tasks to queue
[2024-10-13T09:05:55.087+0000] {logging_mixin.py:190} INFO - [2024-10-13T09:05:55.085+0000] {dagbag.py:588} INFO - Filling up the DagBag from /home/airflow/.local/lib/python3.12/site-packages/airflow/example_dags/example_bash_operator.py
[2024-10-13T09:05:55.140+0000] {processor.py:925} INFO - DAG(s) 'example_bash_operator' retrieved from /home/airflow/.local/lib/python3.12/site-packages/airflow/example_dags/example_bash_operator.py
[2024-10-13T09:05:55.234+0000] {logging_mixin.py:190} INFO - [2024-10-13T09:05:55.234+0000] {dag.py:3239} INFO - Sync 1 DAGs
[2024-10-13T09:05:55.314+0000] {logging_mixin.py:190} INFO - [2024-10-13T09:05:55.314+0000] {dag.py:4180} INFO - Setting next_dagrun for example_bash_operator to 2024-10-12 00:00:00+00:00, run_after=2024-10-13 00:00:00+00:00
[2024-10-13T09:05:55.366+0000] {processor.py:208} INFO - Processing /home/airflow/.local/lib/python3.12/site-packages/airflow/example_dags/example_bash_operator.py took 0.308 seconds
[2024-10-13T09:06:25.542+0000] {processor.py:186} INFO - Started process (PID=571) to work on /home/airflow/.local/lib/python3.12/site-packages/airflow/example_dags/example_bash_operator.py
[2024-10-13T09:06:25.543+0000] {processor.py:914} INFO - Processing file /home/airflow/.local/lib/python3.12/site-packages/airflow/example_dags/example_bash_operator.py for tasks to queue
[2024-10-13T09:06:25.546+0000] {logging_mixin.py:190} INFO - [2024-10-13T09:06:25.546+0000] {dagbag.py:588} INFO - Filling up the DagBag from /home/airflow/.local/lib/python3.12/site-packages/airflow/example_dags/example_bash_operator.py
[2024-10-13T09:06:25.562+0000] {processor.py:925} INFO - DAG(s) 'example_bash_operator' retrieved from /home/airflow/.local/lib/python3.12/site-packages/airflow/example_dags/example_bash_operator.py
[2024-10-13T09:06:25.602+0000] {logging_mixin.py:190} INFO - [2024-10-13T09:06:25.601+0000] {dag.py:3239} INFO - Sync 1 DAGs
[2024-10-13T09:06:25.642+0000] {logging_mixin.py:190} INFO - [2024-10-13T09:06:25.642+0000] {dag.py:4180} INFO - Setting next_dagrun for example_bash_operator to 2024-10-12 00:00:00+00:00, run_after=2024-10-13 00:00:00+00:00
[2024-10-13T09:06:25.700+0000] {processor.py:208} INFO - Processing /home/airflow/.local/lib/python3.12/site-packages/airflow/example_dags/example_bash_operator.py took 0.166 seconds
[2024-10-13T09:06:55.848+0000] {processor.py:186} INFO - Started process (PID=634) to work on /home/airflow/.local/lib/python3.12/site-packages/airflow/example_dags/example_bash_operator.py
[2024-10-13T09:06:55.850+0000] {processor.py:914} INFO - Processing file /home/airflow/.local/lib/python3.12/site-packages/airflow/example_dags/example_bash_operator.py for tasks to queue
[2024-10-13T09:06:55.853+0000] {logging_mixin.py:190} INFO - [2024-10-13T09:06:55.853+0000] {dagbag.py:588} INFO - Filling up the DagBag from /home/airflow/.local/lib/python3.12/site-packages/airflow/example_dags/example_bash_operator.py
[2024-10-13T09:06:55.869+0000] {processor.py:925} INFO - DAG(s) 'example_bash_operator' retrieved from /home/airflow/.local/lib/python3.12/site-packages/airflow/example_dags/example_bash_operator.py
[2024-10-13T09:06:55.914+0000] {logging_mixin.py:190} INFO - [2024-10-13T09:06:55.913+0000] {dag.py:3239} INFO - Sync 1 DAGs
[2024-10-13T09:06:55.957+0000] {logging_mixin.py:190} INFO - [2024-10-13T09:06:55.956+0000] {dag.py:4180} INFO - Setting next_dagrun for example_bash_operator to 2024-10-12 00:00:00+00:00, run_after=2024-10-13 00:00:00+00:00
[2024-10-13T09:06:55.983+0000] {processor.py:208} INFO - Processing /home/airflow/.local/lib/python3.12/site-packages/airflow/example_dags/example_bash_operator.py took 0.142 seconds
[2024-10-13T09:07:26.528+0000] {processor.py:186} INFO - Started process (PID=698) to work on /home/airflow/.local/lib/python3.12/site-packages/airflow/example_dags/example_bash_operator.py
[2024-10-13T09:07:26.530+0000] {processor.py:914} INFO - Processing file /home/airflow/.local/lib/python3.12/site-packages/airflow/example_dags/example_bash_operator.py for tasks to queue
[2024-10-13T09:07:26.536+0000] {logging_mixin.py:190} INFO - [2024-10-13T09:07:26.535+0000] {dagbag.py:588} INFO - Filling up the DagBag from /home/airflow/.local/lib/python3.12/site-packages/airflow/example_dags/example_bash_operator.py
[2024-10-13T09:07:26.567+0000] {processor.py:925} INFO - DAG(s) 'example_bash_operator' retrieved from /home/airflow/.local/lib/python3.12/site-packages/airflow/example_dags/example_bash_operator.py
[2024-10-13T09:07:26.630+0000] {logging_mixin.py:190} INFO - [2024-10-13T09:07:26.629+0000] {dag.py:3239} INFO - Sync 1 DAGs
[2024-10-13T09:07:26.770+0000] {logging_mixin.py:190} INFO - [2024-10-13T09:07:26.769+0000] {dag.py:4180} INFO - Setting next_dagrun for example_bash_operator to 2024-10-12 00:00:00+00:00, run_after=2024-10-13 00:00:00+00:00
[2024-10-13T09:07:26.823+0000] {processor.py:208} INFO - Processing /home/airflow/.local/lib/python3.12/site-packages/airflow/example_dags/example_bash_operator.py took 0.311 seconds
[2024-10-13T09:07:57.563+0000] {processor.py:186} INFO - Started process (PID=761) to work on /home/airflow/.local/lib/python3.12/site-packages/airflow/example_dags/example_bash_operator.py
[2024-10-13T09:07:57.565+0000] {processor.py:914} INFO - Processing file /home/airflow/.local/lib/python3.12/site-packages/airflow/example_dags/example_bash_operator.py for tasks to queue
[2024-10-13T09:07:57.569+0000] {logging_mixin.py:190} INFO - [2024-10-13T09:07:57.569+0000] {dagbag.py:588} INFO - Filling up the DagBag from /home/airflow/.local/lib/python3.12/site-packages/airflow/example_dags/example_bash_operator.py
[2024-10-13T09:07:57.593+0000] {processor.py:925} INFO - DAG(s) 'example_bash_operator' retrieved from /home/airflow/.local/lib/python3.12/site-packages/airflow/example_dags/example_bash_operator.py
[2024-10-13T09:07:57.646+0000] {logging_mixin.py:190} INFO - [2024-10-13T09:07:57.645+0000] {dag.py:3239} INFO - Sync 1 DAGs
[2024-10-13T09:07:57.705+0000] {logging_mixin.py:190} INFO - [2024-10-13T09:07:57.704+0000] {dag.py:4180} INFO - Setting next_dagrun for example_bash_operator to 2024-10-12 00:00:00+00:00, run_after=2024-10-13 00:00:00+00:00
[2024-10-13T09:07:57.768+0000] {processor.py:208} INFO - Processing /home/airflow/.local/lib/python3.12/site-packages/airflow/example_dags/example_bash_operator.py took 0.212 seconds
[2024-10-13T09:08:28.469+0000] {processor.py:186} INFO - Started process (PID=824) to work on /home/airflow/.local/lib/python3.12/site-packages/airflow/example_dags/example_bash_operator.py
[2024-10-13T09:08:28.471+0000] {processor.py:914} INFO - Processing file /home/airflow/.local/lib/python3.12/site-packages/airflow/example_dags/example_bash_operator.py for tasks to queue
[2024-10-13T09:08:28.478+0000] {logging_mixin.py:190} INFO - [2024-10-13T09:08:28.477+0000] {dagbag.py:588} INFO - Filling up the DagBag from /home/airflow/.local/lib/python3.12/site-packages/airflow/example_dags/example_bash_operator.py
[2024-10-13T09:08:28.504+0000] {processor.py:925} INFO - DAG(s) 'example_bash_operator' retrieved from /home/airflow/.local/lib/python3.12/site-packages/airflow/example_dags/example_bash_operator.py
[2024-10-13T09:08:28.581+0000] {logging_mixin.py:190} INFO - [2024-10-13T09:08:28.580+0000] {dag.py:3239} INFO - Sync 1 DAGs
[2024-10-13T09:08:28.669+0000] {logging_mixin.py:190} INFO - [2024-10-13T09:08:28.664+0000] {dag.py:4180} INFO - Setting next_dagrun for example_bash_operator to 2024-10-12 00:00:00+00:00, run_after=2024-10-13 00:00:00+00:00
[2024-10-13T09:08:28.733+0000] {processor.py:208} INFO - Processing /home/airflow/.local/lib/python3.12/site-packages/airflow/example_dags/example_bash_operator.py took 0.272 seconds
[2024-10-13T09:08:59.660+0000] {processor.py:186} INFO - Started process (PID=887) to work on /home/airflow/.local/lib/python3.12/site-packages/airflow/example_dags/example_bash_operator.py
[2024-10-13T09:08:59.662+0000] {processor.py:914} INFO - Processing file /home/airflow/.local/lib/python3.12/site-packages/airflow/example_dags/example_bash_operator.py for tasks to queue
[2024-10-13T09:08:59.696+0000] {logging_mixin.py:190} INFO - [2024-10-13T09:08:59.694+0000] {dagbag.py:588} INFO - Filling up the DagBag from /home/airflow/.local/lib/python3.12/site-packages/airflow/example_dags/example_bash_operator.py
[2024-10-13T09:08:59.769+0000] {processor.py:925} INFO - DAG(s) 'example_bash_operator' retrieved from /home/airflow/.local/lib/python3.12/site-packages/airflow/example_dags/example_bash_operator.py
[2024-10-13T09:08:59.891+0000] {logging_mixin.py:190} INFO - [2024-10-13T09:08:59.891+0000] {dag.py:3239} INFO - Sync 1 DAGs
[2024-10-13T09:09:00.013+0000] {logging_mixin.py:190} INFO - [2024-10-13T09:09:00.013+0000] {dag.py:4180} INFO - Setting next_dagrun for example_bash_operator to 2024-10-12 00:00:00+00:00, run_after=2024-10-13 00:00:00+00:00
[2024-10-13T09:09:00.116+0000] {processor.py:208} INFO - Processing /home/airflow/.local/lib/python3.12/site-packages/airflow/example_dags/example_bash_operator.py took 0.480 seconds
[2024-10-13T09:09:31.225+0000] {processor.py:186} INFO - Started process (PID=950) to work on /home/airflow/.local/lib/python3.12/site-packages/airflow/example_dags/example_bash_operator.py
[2024-10-13T09:09:31.228+0000] {processor.py:914} INFO - Processing file /home/airflow/.local/lib/python3.12/site-packages/airflow/example_dags/example_bash_operator.py for tasks to queue
[2024-10-13T09:09:31.238+0000] {logging_mixin.py:190} INFO - [2024-10-13T09:09:31.237+0000] {dagbag.py:588} INFO - Filling up the DagBag from /home/airflow/.local/lib/python3.12/site-packages/airflow/example_dags/example_bash_operator.py
[2024-10-13T09:09:31.287+0000] {processor.py:925} INFO - DAG(s) 'example_bash_operator' retrieved from /home/airflow/.local/lib/python3.12/site-packages/airflow/example_dags/example_bash_operator.py
[2024-10-13T09:09:31.387+0000] {logging_mixin.py:190} INFO - [2024-10-13T09:09:31.387+0000] {dag.py:3239} INFO - Sync 1 DAGs
[2024-10-13T09:09:31.472+0000] {logging_mixin.py:190} INFO - [2024-10-13T09:09:31.472+0000] {dag.py:4180} INFO - Setting next_dagrun for example_bash_operator to 2024-10-12 00:00:00+00:00, run_after=2024-10-13 00:00:00+00:00
[2024-10-13T09:09:31.534+0000] {processor.py:208} INFO - Processing /home/airflow/.local/lib/python3.12/site-packages/airflow/example_dags/example_bash_operator.py took 0.332 seconds
[2024-10-13T09:10:02.329+0000] {processor.py:186} INFO - Started process (PID=1014) to work on /home/airflow/.local/lib/python3.12/site-packages/airflow/example_dags/example_bash_operator.py
[2024-10-13T09:10:02.330+0000] {processor.py:914} INFO - Processing file /home/airflow/.local/lib/python3.12/site-packages/airflow/example_dags/example_bash_operator.py for tasks to queue
[2024-10-13T09:10:02.332+0000] {logging_mixin.py:190} INFO - [2024-10-13T09:10:02.332+0000] {dagbag.py:588} INFO - Filling up the DagBag from /home/airflow/.local/lib/python3.12/site-packages/airflow/example_dags/example_bash_operator.py
[2024-10-13T09:10:02.344+0000] {processor.py:925} INFO - DAG(s) 'example_bash_operator' retrieved from /home/airflow/.local/lib/python3.12/site-packages/airflow/example_dags/example_bash_operator.py
[2024-10-13T09:10:02.371+0000] {logging_mixin.py:190} INFO - [2024-10-13T09:10:02.370+0000] {dag.py:3239} INFO - Sync 1 DAGs
[2024-10-13T09:10:02.396+0000] {logging_mixin.py:190} INFO - [2024-10-13T09:10:02.395+0000] {dag.py:4180} INFO - Setting next_dagrun for example_bash_operator to 2024-10-12 00:00:00+00:00, run_after=2024-10-13 00:00:00+00:00
[2024-10-13T09:10:02.421+0000] {processor.py:208} INFO - Processing /home/airflow/.local/lib/python3.12/site-packages/airflow/example_dags/example_bash_operator.py took 0.099 seconds
[2024-10-13T09:10:32.651+0000] {processor.py:186} INFO - Started process (PID=1077) to work on /home/airflow/.local/lib/python3.12/site-packages/airflow/example_dags/example_bash_operator.py
[2024-10-13T09:10:32.652+0000] {processor.py:914} INFO - Processing file /home/airflow/.local/lib/python3.12/site-packages/airflow/example_dags/example_bash_operator.py for tasks to queue
[2024-10-13T09:10:32.657+0000] {logging_mixin.py:190} INFO - [2024-10-13T09:10:32.656+0000] {dagbag.py:588} INFO - Filling up the DagBag from /home/airflow/.local/lib/python3.12/site-packages/airflow/example_dags/example_bash_operator.py
[2024-10-13T09:10:32.678+0000] {processor.py:925} INFO - DAG(s) 'example_bash_operator' retrieved from /home/airflow/.local/lib/python3.12/site-packages/airflow/example_dags/example_bash_operator.py
[2024-10-13T09:10:32.701+0000] {logging_mixin.py:190} INFO - [2024-10-13T09:10:32.701+0000] {dag.py:3239} INFO - Sync 1 DAGs
[2024-10-13T09:10:32.725+0000] {logging_mixin.py:190} INFO - [2024-10-13T09:10:32.725+0000] {dag.py:4180} INFO - Setting next_dagrun for example_bash_operator to 2024-10-12 00:00:00+00:00, run_after=2024-10-13 00:00:00+00:00
[2024-10-13T09:10:32.745+0000] {processor.py:208} INFO - Processing /home/airflow/.local/lib/python3.12/site-packages/airflow/example_dags/example_bash_operator.py took 0.099 seconds
[2024-10-13T09:11:02.997+0000] {processor.py:186} INFO - Started process (PID=1140) to work on /home/airflow/.local/lib/python3.12/site-packages/airflow/example_dags/example_bash_operator.py
[2024-10-13T09:11:02.998+0000] {processor.py:914} INFO - Processing file /home/airflow/.local/lib/python3.12/site-packages/airflow/example_dags/example_bash_operator.py for tasks to queue
[2024-10-13T09:11:03.000+0000] {logging_mixin.py:190} INFO - [2024-10-13T09:11:03.000+0000] {dagbag.py:588} INFO - Filling up the DagBag from /home/airflow/.local/lib/python3.12/site-packages/airflow/example_dags/example_bash_operator.py
[2024-10-13T09:11:03.014+0000] {processor.py:925} INFO - DAG(s) 'example_bash_operator' retrieved from /home/airflow/.local/lib/python3.12/site-packages/airflow/example_dags/example_bash_operator.py
[2024-10-13T09:11:03.045+0000] {logging_mixin.py:190} INFO - [2024-10-13T09:11:03.044+0000] {dag.py:3239} INFO - Sync 1 DAGs
[2024-10-13T09:11:03.072+0000] {logging_mixin.py:190} INFO - [2024-10-13T09:11:03.072+0000] {dag.py:4180} INFO - Setting next_dagrun for example_bash_operator to 2024-10-12 00:00:00+00:00, run_after=2024-10-13 00:00:00+00:00
[2024-10-13T09:11:03.162+0000] {processor.py:208} INFO - Processing /home/airflow/.local/lib/python3.12/site-packages/airflow/example_dags/example_bash_operator.py took 0.175 seconds
[2024-10-13T09:11:33.470+0000] {processor.py:186} INFO - Started process (PID=1203) to work on /home/airflow/.local/lib/python3.12/site-packages/airflow/example_dags/example_bash_operator.py
[2024-10-13T09:11:33.472+0000] {processor.py:914} INFO - Processing file /home/airflow/.local/lib/python3.12/site-packages/airflow/example_dags/example_bash_operator.py for tasks to queue
[2024-10-13T09:11:33.475+0000] {logging_mixin.py:190} INFO - [2024-10-13T09:11:33.475+0000] {dagbag.py:588} INFO - Filling up the DagBag from /home/airflow/.local/lib/python3.12/site-packages/airflow/example_dags/example_bash_operator.py
[2024-10-13T09:11:33.486+0000] {processor.py:925} INFO - DAG(s) 'example_bash_operator' retrieved from /home/airflow/.local/lib/python3.12/site-packages/airflow/example_dags/example_bash_operator.py
[2024-10-13T09:11:33.508+0000] {logging_mixin.py:190} INFO - [2024-10-13T09:11:33.508+0000] {dag.py:3239} INFO - Sync 1 DAGs
[2024-10-13T09:11:33.528+0000] {logging_mixin.py:190} INFO - [2024-10-13T09:11:33.528+0000] {dag.py:4180} INFO - Setting next_dagrun for example_bash_operator to 2024-10-12 00:00:00+00:00, run_after=2024-10-13 00:00:00+00:00
[2024-10-13T09:11:33.546+0000] {processor.py:208} INFO - Processing /home/airflow/.local/lib/python3.12/site-packages/airflow/example_dags/example_bash_operator.py took 0.082 seconds
[2024-10-13T09:12:04.684+0000] {processor.py:186} INFO - Started process (PID=1269) to work on /home/airflow/.local/lib/python3.12/site-packages/airflow/example_dags/example_bash_operator.py
[2024-10-13T09:12:04.685+0000] {processor.py:914} INFO - Processing file /home/airflow/.local/lib/python3.12/site-packages/airflow/example_dags/example_bash_operator.py for tasks to queue
[2024-10-13T09:12:04.688+0000] {logging_mixin.py:190} INFO - [2024-10-13T09:12:04.687+0000] {dagbag.py:588} INFO - Filling up the DagBag from /home/airflow/.local/lib/python3.12/site-packages/airflow/example_dags/example_bash_operator.py
[2024-10-13T09:12:04.701+0000] {processor.py:925} INFO - DAG(s) 'example_bash_operator' retrieved from /home/airflow/.local/lib/python3.12/site-packages/airflow/example_dags/example_bash_operator.py
[2024-10-13T09:12:04.733+0000] {logging_mixin.py:190} INFO - [2024-10-13T09:12:04.732+0000] {dag.py:3239} INFO - Sync 1 DAGs
[2024-10-13T09:12:04.764+0000] {logging_mixin.py:190} INFO - [2024-10-13T09:12:04.764+0000] {dag.py:4180} INFO - Setting next_dagrun for example_bash_operator to 2024-10-12 00:00:00+00:00, run_after=2024-10-13 00:00:00+00:00
[2024-10-13T09:12:04.786+0000] {processor.py:208} INFO - Processing /home/airflow/.local/lib/python3.12/site-packages/airflow/example_dags/example_bash_operator.py took 0.109 seconds
[2024-10-13T09:12:35.528+0000] {processor.py:186} INFO - Started process (PID=1332) to work on /home/airflow/.local/lib/python3.12/site-packages/airflow/example_dags/example_bash_operator.py
[2024-10-13T09:12:35.530+0000] {processor.py:914} INFO - Processing file /home/airflow/.local/lib/python3.12/site-packages/airflow/example_dags/example_bash_operator.py for tasks to queue
[2024-10-13T09:12:35.536+0000] {logging_mixin.py:190} INFO - [2024-10-13T09:12:35.535+0000] {dagbag.py:588} INFO - Filling up the DagBag from /home/airflow/.local/lib/python3.12/site-packages/airflow/example_dags/example_bash_operator.py
[2024-10-13T09:12:35.558+0000] {processor.py:925} INFO - DAG(s) 'example_bash_operator' retrieved from /home/airflow/.local/lib/python3.12/site-packages/airflow/example_dags/example_bash_operator.py
[2024-10-13T09:12:35.605+0000] {logging_mixin.py:190} INFO - [2024-10-13T09:12:35.605+0000] {dag.py:3239} INFO - Sync 1 DAGs
[2024-10-13T09:12:35.643+0000] {logging_mixin.py:190} INFO - [2024-10-13T09:12:35.643+0000] {dag.py:4180} INFO - Setting next_dagrun for example_bash_operator to 2024-10-12 00:00:00+00:00, run_after=2024-10-13 00:00:00+00:00
[2024-10-13T09:12:35.680+0000] {processor.py:208} INFO - Processing /home/airflow/.local/lib/python3.12/site-packages/airflow/example_dags/example_bash_operator.py took 0.162 seconds
[2024-10-13T09:13:14.817+0000] {processor.py:186} INFO - Started process (PID=1406) to work on /home/airflow/.local/lib/python3.12/site-packages/airflow/example_dags/example_bash_operator.py
[2024-10-13T09:13:14.821+0000] {processor.py:914} INFO - Processing file /home/airflow/.local/lib/python3.12/site-packages/airflow/example_dags/example_bash_operator.py for tasks to queue
[2024-10-13T09:13:14.838+0000] {logging_mixin.py:190} INFO - [2024-10-13T09:13:14.837+0000] {dagbag.py:588} INFO - Filling up the DagBag from /home/airflow/.local/lib/python3.12/site-packages/airflow/example_dags/example_bash_operator.py
[2024-10-13T09:13:14.904+0000] {processor.py:925} INFO - DAG(s) 'example_bash_operator' retrieved from /home/airflow/.local/lib/python3.12/site-packages/airflow/example_dags/example_bash_operator.py
[2024-10-13T09:13:15.030+0000] {logging_mixin.py:190} INFO - [2024-10-13T09:13:15.030+0000] {dag.py:3239} INFO - Sync 1 DAGs
[2024-10-13T09:13:15.126+0000] {logging_mixin.py:190} INFO - [2024-10-13T09:13:15.125+0000] {dag.py:4180} INFO - Setting next_dagrun for example_bash_operator to 2024-10-12 00:00:00+00:00, run_after=2024-10-13 00:00:00+00:00
[2024-10-13T09:13:15.215+0000] {processor.py:208} INFO - Processing /home/airflow/.local/lib/python3.12/site-packages/airflow/example_dags/example_bash_operator.py took 0.437 seconds
[2024-10-13T09:13:45.727+0000] {processor.py:186} INFO - Started process (PID=1469) to work on /home/airflow/.local/lib/python3.12/site-packages/airflow/example_dags/example_bash_operator.py
[2024-10-13T09:13:45.728+0000] {processor.py:914} INFO - Processing file /home/airflow/.local/lib/python3.12/site-packages/airflow/example_dags/example_bash_operator.py for tasks to queue
[2024-10-13T09:13:45.733+0000] {logging_mixin.py:190} INFO - [2024-10-13T09:13:45.732+0000] {dagbag.py:588} INFO - Filling up the DagBag from /home/airflow/.local/lib/python3.12/site-packages/airflow/example_dags/example_bash_operator.py
[2024-10-13T09:13:45.766+0000] {processor.py:925} INFO - DAG(s) 'example_bash_operator' retrieved from /home/airflow/.local/lib/python3.12/site-packages/airflow/example_dags/example_bash_operator.py
[2024-10-13T09:13:45.827+0000] {logging_mixin.py:190} INFO - [2024-10-13T09:13:45.826+0000] {dag.py:3239} INFO - Sync 1 DAGs
[2024-10-13T09:13:45.891+0000] {logging_mixin.py:190} INFO - [2024-10-13T09:13:45.891+0000] {dag.py:4180} INFO - Setting next_dagrun for example_bash_operator to 2024-10-12 00:00:00+00:00, run_after=2024-10-13 00:00:00+00:00
[2024-10-13T09:13:45.937+0000] {processor.py:208} INFO - Processing /home/airflow/.local/lib/python3.12/site-packages/airflow/example_dags/example_bash_operator.py took 0.220 seconds
[2024-10-13T09:14:16.107+0000] {processor.py:186} INFO - Started process (PID=1532) to work on /home/airflow/.local/lib/python3.12/site-packages/airflow/example_dags/example_bash_operator.py
[2024-10-13T09:14:16.109+0000] {processor.py:914} INFO - Processing file /home/airflow/.local/lib/python3.12/site-packages/airflow/example_dags/example_bash_operator.py for tasks to queue
[2024-10-13T09:14:16.112+0000] {logging_mixin.py:190} INFO - [2024-10-13T09:14:16.112+0000] {dagbag.py:588} INFO - Filling up the DagBag from /home/airflow/.local/lib/python3.12/site-packages/airflow/example_dags/example_bash_operator.py
[2024-10-13T09:14:16.135+0000] {processor.py:925} INFO - DAG(s) 'example_bash_operator' retrieved from /home/airflow/.local/lib/python3.12/site-packages/airflow/example_dags/example_bash_operator.py
[2024-10-13T09:14:16.181+0000] {logging_mixin.py:190} INFO - [2024-10-13T09:14:16.181+0000] {dag.py:3239} INFO - Sync 1 DAGs
[2024-10-13T09:14:16.232+0000] {logging_mixin.py:190} INFO - [2024-10-13T09:14:16.231+0000] {dag.py:4180} INFO - Setting next_dagrun for example_bash_operator to 2024-10-12 00:00:00+00:00, run_after=2024-10-13 00:00:00+00:00
[2024-10-13T09:14:16.263+0000] {processor.py:208} INFO - Processing /home/airflow/.local/lib/python3.12/site-packages/airflow/example_dags/example_bash_operator.py took 0.162 seconds
[2024-10-13T09:14:46.510+0000] {processor.py:186} INFO - Started process (PID=1595) to work on /home/airflow/.local/lib/python3.12/site-packages/airflow/example_dags/example_bash_operator.py
[2024-10-13T09:14:46.511+0000] {processor.py:914} INFO - Processing file /home/airflow/.local/lib/python3.12/site-packages/airflow/example_dags/example_bash_operator.py for tasks to queue
[2024-10-13T09:14:46.514+0000] {logging_mixin.py:190} INFO - [2024-10-13T09:14:46.513+0000] {dagbag.py:588} INFO - Filling up the DagBag from /home/airflow/.local/lib/python3.12/site-packages/airflow/example_dags/example_bash_operator.py
[2024-10-13T09:14:46.540+0000] {processor.py:925} INFO - DAG(s) 'example_bash_operator' retrieved from /home/airflow/.local/lib/python3.12/site-packages/airflow/example_dags/example_bash_operator.py
[2024-10-13T09:14:46.608+0000] {logging_mixin.py:190} INFO - [2024-10-13T09:14:46.608+0000] {dag.py:3239} INFO - Sync 1 DAGs
[2024-10-13T09:14:46.660+0000] {logging_mixin.py:190} INFO - [2024-10-13T09:14:46.660+0000] {dag.py:4180} INFO - Setting next_dagrun for example_bash_operator to 2024-10-12 00:00:00+00:00, run_after=2024-10-13 00:00:00+00:00
[2024-10-13T09:14:46.727+0000] {processor.py:208} INFO - Processing /home/airflow/.local/lib/python3.12/site-packages/airflow/example_dags/example_bash_operator.py took 0.227 seconds
[2024-10-13T09:15:17.275+0000] {processor.py:186} INFO - Started process (PID=1664) to work on /home/airflow/.local/lib/python3.12/site-packages/airflow/example_dags/example_bash_operator.py
[2024-10-13T09:15:17.276+0000] {processor.py:914} INFO - Processing file /home/airflow/.local/lib/python3.12/site-packages/airflow/example_dags/example_bash_operator.py for tasks to queue
[2024-10-13T09:15:17.279+0000] {logging_mixin.py:190} INFO - [2024-10-13T09:15:17.279+0000] {dagbag.py:588} INFO - Filling up the DagBag from /home/airflow/.local/lib/python3.12/site-packages/airflow/example_dags/example_bash_operator.py
[2024-10-13T09:15:17.297+0000] {processor.py:925} INFO - DAG(s) 'example_bash_operator' retrieved from /home/airflow/.local/lib/python3.12/site-packages/airflow/example_dags/example_bash_operator.py
[2024-10-13T09:15:17.332+0000] {logging_mixin.py:190} INFO - [2024-10-13T09:15:17.332+0000] {dag.py:3239} INFO - Sync 1 DAGs
[2024-10-13T09:15:17.365+0000] {logging_mixin.py:190} INFO - [2024-10-13T09:15:17.364+0000] {dag.py:4180} INFO - Setting next_dagrun for example_bash_operator to 2024-10-12 00:00:00+00:00, run_after=2024-10-13 00:00:00+00:00
[2024-10-13T09:15:17.400+0000] {processor.py:208} INFO - Processing /home/airflow/.local/lib/python3.12/site-packages/airflow/example_dags/example_bash_operator.py took 0.134 seconds
[2024-10-13T09:15:48.133+0000] {processor.py:186} INFO - Started process (PID=1727) to work on /home/airflow/.local/lib/python3.12/site-packages/airflow/example_dags/example_bash_operator.py
[2024-10-13T09:15:48.134+0000] {processor.py:914} INFO - Processing file /home/airflow/.local/lib/python3.12/site-packages/airflow/example_dags/example_bash_operator.py for tasks to queue
[2024-10-13T09:15:48.137+0000] {logging_mixin.py:190} INFO - [2024-10-13T09:15:48.137+0000] {dagbag.py:588} INFO - Filling up the DagBag from /home/airflow/.local/lib/python3.12/site-packages/airflow/example_dags/example_bash_operator.py
[2024-10-13T09:15:48.154+0000] {processor.py:925} INFO - DAG(s) 'example_bash_operator' retrieved from /home/airflow/.local/lib/python3.12/site-packages/airflow/example_dags/example_bash_operator.py
[2024-10-13T09:15:48.190+0000] {logging_mixin.py:190} INFO - [2024-10-13T09:15:48.190+0000] {dag.py:3239} INFO - Sync 1 DAGs
[2024-10-13T09:15:48.224+0000] {logging_mixin.py:190} INFO - [2024-10-13T09:15:48.224+0000] {dag.py:4180} INFO - Setting next_dagrun for example_bash_operator to 2024-10-12 00:00:00+00:00, run_after=2024-10-13 00:00:00+00:00
[2024-10-13T09:15:48.250+0000] {processor.py:208} INFO - Processing /home/airflow/.local/lib/python3.12/site-packages/airflow/example_dags/example_bash_operator.py took 0.124 seconds
[2024-10-13T09:16:18.755+0000] {processor.py:186} INFO - Started process (PID=1790) to work on /home/airflow/.local/lib/python3.12/site-packages/airflow/example_dags/example_bash_operator.py
[2024-10-13T09:16:18.756+0000] {processor.py:914} INFO - Processing file /home/airflow/.local/lib/python3.12/site-packages/airflow/example_dags/example_bash_operator.py for tasks to queue
[2024-10-13T09:16:18.761+0000] {logging_mixin.py:190} INFO - [2024-10-13T09:16:18.760+0000] {dagbag.py:588} INFO - Filling up the DagBag from /home/airflow/.local/lib/python3.12/site-packages/airflow/example_dags/example_bash_operator.py
[2024-10-13T09:16:18.791+0000] {processor.py:925} INFO - DAG(s) 'example_bash_operator' retrieved from /home/airflow/.local/lib/python3.12/site-packages/airflow/example_dags/example_bash_operator.py
[2024-10-13T09:16:18.849+0000] {logging_mixin.py:190} INFO - [2024-10-13T09:16:18.848+0000] {dag.py:3239} INFO - Sync 1 DAGs
[2024-10-13T09:16:18.908+0000] {logging_mixin.py:190} INFO - [2024-10-13T09:16:18.908+0000] {dag.py:4180} INFO - Setting next_dagrun for example_bash_operator to 2024-10-12 00:00:00+00:00, run_after=2024-10-13 00:00:00+00:00
[2024-10-13T09:16:18.956+0000] {processor.py:208} INFO - Processing /home/airflow/.local/lib/python3.12/site-packages/airflow/example_dags/example_bash_operator.py took 0.212 seconds
[2024-10-13T09:16:49.608+0000] {processor.py:186} INFO - Started process (PID=1853) to work on /home/airflow/.local/lib/python3.12/site-packages/airflow/example_dags/example_bash_operator.py
[2024-10-13T09:16:49.609+0000] {processor.py:914} INFO - Processing file /home/airflow/.local/lib/python3.12/site-packages/airflow/example_dags/example_bash_operator.py for tasks to queue
[2024-10-13T09:16:49.612+0000] {logging_mixin.py:190} INFO - [2024-10-13T09:16:49.611+0000] {dagbag.py:588} INFO - Filling up the DagBag from /home/airflow/.local/lib/python3.12/site-packages/airflow/example_dags/example_bash_operator.py
[2024-10-13T09:16:49.624+0000] {processor.py:925} INFO - DAG(s) 'example_bash_operator' retrieved from /home/airflow/.local/lib/python3.12/site-packages/airflow/example_dags/example_bash_operator.py
[2024-10-13T09:16:49.657+0000] {logging_mixin.py:190} INFO - [2024-10-13T09:16:49.656+0000] {dag.py:3239} INFO - Sync 1 DAGs
[2024-10-13T09:16:49.685+0000] {logging_mixin.py:190} INFO - [2024-10-13T09:16:49.685+0000] {dag.py:4180} INFO - Setting next_dagrun for example_bash_operator to 2024-10-12 00:00:00+00:00, run_after=2024-10-13 00:00:00+00:00
[2024-10-13T09:16:49.708+0000] {processor.py:208} INFO - Processing /home/airflow/.local/lib/python3.12/site-packages/airflow/example_dags/example_bash_operator.py took 0.106 seconds
[2024-10-13T09:17:20.472+0000] {processor.py:186} INFO - Started process (PID=1916) to work on /home/airflow/.local/lib/python3.12/site-packages/airflow/example_dags/example_bash_operator.py
[2024-10-13T09:17:20.473+0000] {processor.py:914} INFO - Processing file /home/airflow/.local/lib/python3.12/site-packages/airflow/example_dags/example_bash_operator.py for tasks to queue
[2024-10-13T09:17:20.476+0000] {logging_mixin.py:190} INFO - [2024-10-13T09:17:20.476+0000] {dagbag.py:588} INFO - Filling up the DagBag from /home/airflow/.local/lib/python3.12/site-packages/airflow/example_dags/example_bash_operator.py
[2024-10-13T09:17:20.489+0000] {processor.py:925} INFO - DAG(s) 'example_bash_operator' retrieved from /home/airflow/.local/lib/python3.12/site-packages/airflow/example_dags/example_bash_operator.py
[2024-10-13T09:17:20.516+0000] {logging_mixin.py:190} INFO - [2024-10-13T09:17:20.515+0000] {dag.py:3239} INFO - Sync 1 DAGs
[2024-10-13T09:17:20.538+0000] {logging_mixin.py:190} INFO - [2024-10-13T09:17:20.537+0000] {dag.py:4180} INFO - Setting next_dagrun for example_bash_operator to 2024-10-12 00:00:00+00:00, run_after=2024-10-13 00:00:00+00:00
[2024-10-13T09:17:20.559+0000] {processor.py:208} INFO - Processing /home/airflow/.local/lib/python3.12/site-packages/airflow/example_dags/example_bash_operator.py took 0.092 seconds
[2024-10-13T09:17:50.603+0000] {processor.py:186} INFO - Started process (PID=1979) to work on /home/airflow/.local/lib/python3.12/site-packages/airflow/example_dags/example_bash_operator.py
[2024-10-13T09:17:50.604+0000] {processor.py:914} INFO - Processing file /home/airflow/.local/lib/python3.12/site-packages/airflow/example_dags/example_bash_operator.py for tasks to queue
[2024-10-13T09:17:50.608+0000] {logging_mixin.py:190} INFO - [2024-10-13T09:17:50.607+0000] {dagbag.py:588} INFO - Filling up the DagBag from /home/airflow/.local/lib/python3.12/site-packages/airflow/example_dags/example_bash_operator.py
[2024-10-13T09:17:50.620+0000] {processor.py:925} INFO - DAG(s) 'example_bash_operator' retrieved from /home/airflow/.local/lib/python3.12/site-packages/airflow/example_dags/example_bash_operator.py
[2024-10-13T09:17:50.645+0000] {logging_mixin.py:190} INFO - [2024-10-13T09:17:50.645+0000] {dag.py:3239} INFO - Sync 1 DAGs
[2024-10-13T09:17:50.665+0000] {logging_mixin.py:190} INFO - [2024-10-13T09:17:50.665+0000] {dag.py:4180} INFO - Setting next_dagrun for example_bash_operator to 2024-10-12 00:00:00+00:00, run_after=2024-10-13 00:00:00+00:00
[2024-10-13T09:17:50.683+0000] {processor.py:208} INFO - Processing /home/airflow/.local/lib/python3.12/site-packages/airflow/example_dags/example_bash_operator.py took 0.085 seconds
[2024-10-13T09:18:21.613+0000] {processor.py:186} INFO - Started process (PID=2042) to work on /home/airflow/.local/lib/python3.12/site-packages/airflow/example_dags/example_bash_operator.py
[2024-10-13T09:18:21.616+0000] {processor.py:914} INFO - Processing file /home/airflow/.local/lib/python3.12/site-packages/airflow/example_dags/example_bash_operator.py for tasks to queue
[2024-10-13T09:18:21.619+0000] {logging_mixin.py:190} INFO - [2024-10-13T09:18:21.619+0000] {dagbag.py:588} INFO - Filling up the DagBag from /home/airflow/.local/lib/python3.12/site-packages/airflow/example_dags/example_bash_operator.py
[2024-10-13T09:18:21.630+0000] {processor.py:925} INFO - DAG(s) 'example_bash_operator' retrieved from /home/airflow/.local/lib/python3.12/site-packages/airflow/example_dags/example_bash_operator.py
[2024-10-13T09:18:21.651+0000] {logging_mixin.py:190} INFO - [2024-10-13T09:18:21.651+0000] {dag.py:3239} INFO - Sync 1 DAGs
[2024-10-13T09:18:21.673+0000] {logging_mixin.py:190} INFO - [2024-10-13T09:18:21.673+0000] {dag.py:4180} INFO - Setting next_dagrun for example_bash_operator to 2024-10-12 00:00:00+00:00, run_after=2024-10-13 00:00:00+00:00
[2024-10-13T09:18:21.690+0000] {processor.py:208} INFO - Processing /home/airflow/.local/lib/python3.12/site-packages/airflow/example_dags/example_bash_operator.py took 0.083 seconds
[2024-10-13T09:18:51.894+0000] {processor.py:186} INFO - Started process (PID=2105) to work on /home/airflow/.local/lib/python3.12/site-packages/airflow/example_dags/example_bash_operator.py
[2024-10-13T09:18:51.895+0000] {processor.py:914} INFO - Processing file /home/airflow/.local/lib/python3.12/site-packages/airflow/example_dags/example_bash_operator.py for tasks to queue
[2024-10-13T09:18:51.899+0000] {logging_mixin.py:190} INFO - [2024-10-13T09:18:51.898+0000] {dagbag.py:588} INFO - Filling up the DagBag from /home/airflow/.local/lib/python3.12/site-packages/airflow/example_dags/example_bash_operator.py
[2024-10-13T09:18:51.911+0000] {processor.py:925} INFO - DAG(s) 'example_bash_operator' retrieved from /home/airflow/.local/lib/python3.12/site-packages/airflow/example_dags/example_bash_operator.py
[2024-10-13T09:18:51.932+0000] {logging_mixin.py:190} INFO - [2024-10-13T09:18:51.932+0000] {dag.py:3239} INFO - Sync 1 DAGs
[2024-10-13T09:18:51.950+0000] {logging_mixin.py:190} INFO - [2024-10-13T09:18:51.950+0000] {dag.py:4180} INFO - Setting next_dagrun for example_bash_operator to 2024-10-12 00:00:00+00:00, run_after=2024-10-13 00:00:00+00:00
[2024-10-13T09:18:51.993+0000] {processor.py:208} INFO - Processing /home/airflow/.local/lib/python3.12/site-packages/airflow/example_dags/example_bash_operator.py took 0.105 seconds
[2024-10-13T09:19:22.424+0000] {processor.py:186} INFO - Started process (PID=2168) to work on /home/airflow/.local/lib/python3.12/site-packages/airflow/example_dags/example_bash_operator.py
[2024-10-13T09:19:22.426+0000] {processor.py:914} INFO - Processing file /home/airflow/.local/lib/python3.12/site-packages/airflow/example_dags/example_bash_operator.py for tasks to queue
[2024-10-13T09:19:22.428+0000] {logging_mixin.py:190} INFO - [2024-10-13T09:19:22.428+0000] {dagbag.py:588} INFO - Filling up the DagBag from /home/airflow/.local/lib/python3.12/site-packages/airflow/example_dags/example_bash_operator.py
[2024-10-13T09:19:22.442+0000] {processor.py:925} INFO - DAG(s) 'example_bash_operator' retrieved from /home/airflow/.local/lib/python3.12/site-packages/airflow/example_dags/example_bash_operator.py
[2024-10-13T09:19:22.469+0000] {logging_mixin.py:190} INFO - [2024-10-13T09:19:22.469+0000] {dag.py:3239} INFO - Sync 1 DAGs
[2024-10-13T09:19:22.491+0000] {logging_mixin.py:190} INFO - [2024-10-13T09:19:22.491+0000] {dag.py:4180} INFO - Setting next_dagrun for example_bash_operator to 2024-10-12 00:00:00+00:00, run_after=2024-10-13 00:00:00+00:00
[2024-10-13T09:19:22.508+0000] {processor.py:208} INFO - Processing /home/airflow/.local/lib/python3.12/site-packages/airflow/example_dags/example_bash_operator.py took 0.090 seconds
[2024-10-13T09:19:53.555+0000] {processor.py:186} INFO - Started process (PID=2231) to work on /home/airflow/.local/lib/python3.12/site-packages/airflow/example_dags/example_bash_operator.py
[2024-10-13T09:19:53.558+0000] {processor.py:914} INFO - Processing file /home/airflow/.local/lib/python3.12/site-packages/airflow/example_dags/example_bash_operator.py for tasks to queue
[2024-10-13T09:19:53.563+0000] {logging_mixin.py:190} INFO - [2024-10-13T09:19:53.562+0000] {dagbag.py:588} INFO - Filling up the DagBag from /home/airflow/.local/lib/python3.12/site-packages/airflow/example_dags/example_bash_operator.py
[2024-10-13T09:19:53.596+0000] {processor.py:925} INFO - DAG(s) 'example_bash_operator' retrieved from /home/airflow/.local/lib/python3.12/site-packages/airflow/example_dags/example_bash_operator.py
[2024-10-13T09:19:53.635+0000] {logging_mixin.py:190} INFO - [2024-10-13T09:19:53.635+0000] {dag.py:3239} INFO - Sync 1 DAGs
[2024-10-13T09:19:53.668+0000] {logging_mixin.py:190} INFO - [2024-10-13T09:19:53.668+0000] {dag.py:4180} INFO - Setting next_dagrun for example_bash_operator to 2024-10-12 00:00:00+00:00, run_after=2024-10-13 00:00:00+00:00
[2024-10-13T09:19:53.688+0000] {processor.py:208} INFO - Processing /home/airflow/.local/lib/python3.12/site-packages/airflow/example_dags/example_bash_operator.py took 0.141 seconds
[2024-10-13T09:20:23.741+0000] {processor.py:186} INFO - Started process (PID=2294) to work on /home/airflow/.local/lib/python3.12/site-packages/airflow/example_dags/example_bash_operator.py
[2024-10-13T09:20:23.743+0000] {processor.py:914} INFO - Processing file /home/airflow/.local/lib/python3.12/site-packages/airflow/example_dags/example_bash_operator.py for tasks to queue
[2024-10-13T09:20:23.745+0000] {logging_mixin.py:190} INFO - [2024-10-13T09:20:23.745+0000] {dagbag.py:588} INFO - Filling up the DagBag from /home/airflow/.local/lib/python3.12/site-packages/airflow/example_dags/example_bash_operator.py
[2024-10-13T09:20:23.755+0000] {processor.py:925} INFO - DAG(s) 'example_bash_operator' retrieved from /home/airflow/.local/lib/python3.12/site-packages/airflow/example_dags/example_bash_operator.py
[2024-10-13T09:20:23.779+0000] {logging_mixin.py:190} INFO - [2024-10-13T09:20:23.779+0000] {dag.py:3239} INFO - Sync 1 DAGs
[2024-10-13T09:20:23.799+0000] {logging_mixin.py:190} INFO - [2024-10-13T09:20:23.799+0000] {dag.py:4180} INFO - Setting next_dagrun for example_bash_operator to 2024-10-12 00:00:00+00:00, run_after=2024-10-13 00:00:00+00:00
[2024-10-13T09:20:23.817+0000] {processor.py:208} INFO - Processing /home/airflow/.local/lib/python3.12/site-packages/airflow/example_dags/example_bash_operator.py took 0.081 seconds
[2024-10-13T09:20:54.662+0000] {processor.py:186} INFO - Started process (PID=2357) to work on /home/airflow/.local/lib/python3.12/site-packages/airflow/example_dags/example_bash_operator.py
[2024-10-13T09:20:54.664+0000] {processor.py:914} INFO - Processing file /home/airflow/.local/lib/python3.12/site-packages/airflow/example_dags/example_bash_operator.py for tasks to queue
[2024-10-13T09:20:54.669+0000] {logging_mixin.py:190} INFO - [2024-10-13T09:20:54.668+0000] {dagbag.py:588} INFO - Filling up the DagBag from /home/airflow/.local/lib/python3.12/site-packages/airflow/example_dags/example_bash_operator.py
[2024-10-13T09:20:54.682+0000] {processor.py:925} INFO - DAG(s) 'example_bash_operator' retrieved from /home/airflow/.local/lib/python3.12/site-packages/airflow/example_dags/example_bash_operator.py
[2024-10-13T09:20:54.708+0000] {logging_mixin.py:190} INFO - [2024-10-13T09:20:54.707+0000] {dag.py:3239} INFO - Sync 1 DAGs
[2024-10-13T09:20:54.730+0000] {logging_mixin.py:190} INFO - [2024-10-13T09:20:54.729+0000] {dag.py:4180} INFO - Setting next_dagrun for example_bash_operator to 2024-10-12 00:00:00+00:00, run_after=2024-10-13 00:00:00+00:00
[2024-10-13T09:20:54.750+0000] {processor.py:208} INFO - Processing /home/airflow/.local/lib/python3.12/site-packages/airflow/example_dags/example_bash_operator.py took 0.095 seconds
[2024-10-13T09:21:25.572+0000] {processor.py:186} INFO - Started process (PID=2421) to work on /home/airflow/.local/lib/python3.12/site-packages/airflow/example_dags/example_bash_operator.py
[2024-10-13T09:21:25.574+0000] {processor.py:914} INFO - Processing file /home/airflow/.local/lib/python3.12/site-packages/airflow/example_dags/example_bash_operator.py for tasks to queue
[2024-10-13T09:21:25.581+0000] {logging_mixin.py:190} INFO - [2024-10-13T09:21:25.580+0000] {dagbag.py:588} INFO - Filling up the DagBag from /home/airflow/.local/lib/python3.12/site-packages/airflow/example_dags/example_bash_operator.py
[2024-10-13T09:21:25.607+0000] {processor.py:925} INFO - DAG(s) 'example_bash_operator' retrieved from /home/airflow/.local/lib/python3.12/site-packages/airflow/example_dags/example_bash_operator.py
[2024-10-13T09:21:25.658+0000] {logging_mixin.py:190} INFO - [2024-10-13T09:21:25.657+0000] {dag.py:3239} INFO - Sync 1 DAGs
[2024-10-13T09:21:25.734+0000] {logging_mixin.py:190} INFO - [2024-10-13T09:21:25.734+0000] {dag.py:4180} INFO - Setting next_dagrun for example_bash_operator to 2024-10-12 00:00:00+00:00, run_after=2024-10-13 00:00:00+00:00
[2024-10-13T09:21:25.784+0000] {processor.py:208} INFO - Processing /home/airflow/.local/lib/python3.12/site-packages/airflow/example_dags/example_bash_operator.py took 0.222 seconds
[2024-10-13T09:21:55.949+0000] {processor.py:186} INFO - Started process (PID=2484) to work on /home/airflow/.local/lib/python3.12/site-packages/airflow/example_dags/example_bash_operator.py
[2024-10-13T09:21:55.951+0000] {processor.py:914} INFO - Processing file /home/airflow/.local/lib/python3.12/site-packages/airflow/example_dags/example_bash_operator.py for tasks to queue
[2024-10-13T09:21:55.957+0000] {logging_mixin.py:190} INFO - [2024-10-13T09:21:55.956+0000] {dagbag.py:588} INFO - Filling up the DagBag from /home/airflow/.local/lib/python3.12/site-packages/airflow/example_dags/example_bash_operator.py
[2024-10-13T09:21:55.975+0000] {processor.py:925} INFO - DAG(s) 'example_bash_operator' retrieved from /home/airflow/.local/lib/python3.12/site-packages/airflow/example_dags/example_bash_operator.py
[2024-10-13T09:21:56.013+0000] {logging_mixin.py:190} INFO - [2024-10-13T09:21:56.013+0000] {dag.py:3239} INFO - Sync 1 DAGs
[2024-10-13T09:21:56.044+0000] {logging_mixin.py:190} INFO - [2024-10-13T09:21:56.043+0000] {dag.py:4180} INFO - Setting next_dagrun for example_bash_operator to 2024-10-12 00:00:00+00:00, run_after=2024-10-13 00:00:00+00:00
[2024-10-13T09:21:56.073+0000] {processor.py:208} INFO - Processing /home/airflow/.local/lib/python3.12/site-packages/airflow/example_dags/example_bash_operator.py took 0.133 seconds
[2024-10-13T09:22:26.637+0000] {processor.py:186} INFO - Started process (PID=2547) to work on /home/airflow/.local/lib/python3.12/site-packages/airflow/example_dags/example_bash_operator.py
[2024-10-13T09:22:26.639+0000] {processor.py:914} INFO - Processing file /home/airflow/.local/lib/python3.12/site-packages/airflow/example_dags/example_bash_operator.py for tasks to queue
[2024-10-13T09:22:26.644+0000] {logging_mixin.py:190} INFO - [2024-10-13T09:22:26.643+0000] {dagbag.py:588} INFO - Filling up the DagBag from /home/airflow/.local/lib/python3.12/site-packages/airflow/example_dags/example_bash_operator.py
[2024-10-13T09:22:26.663+0000] {processor.py:925} INFO - DAG(s) 'example_bash_operator' retrieved from /home/airflow/.local/lib/python3.12/site-packages/airflow/example_dags/example_bash_operator.py
[2024-10-13T09:22:26.697+0000] {logging_mixin.py:190} INFO - [2024-10-13T09:22:26.697+0000] {dag.py:3239} INFO - Sync 1 DAGs
[2024-10-13T09:22:26.731+0000] {logging_mixin.py:190} INFO - [2024-10-13T09:22:26.730+0000] {dag.py:4180} INFO - Setting next_dagrun for example_bash_operator to 2024-10-12 00:00:00+00:00, run_after=2024-10-13 00:00:00+00:00
[2024-10-13T09:22:26.757+0000] {processor.py:208} INFO - Processing /home/airflow/.local/lib/python3.12/site-packages/airflow/example_dags/example_bash_operator.py took 0.129 seconds
[2024-10-13T09:22:57.555+0000] {processor.py:186} INFO - Started process (PID=2610) to work on /home/airflow/.local/lib/python3.12/site-packages/airflow/example_dags/example_bash_operator.py
[2024-10-13T09:22:57.558+0000] {processor.py:914} INFO - Processing file /home/airflow/.local/lib/python3.12/site-packages/airflow/example_dags/example_bash_operator.py for tasks to queue
[2024-10-13T09:22:57.563+0000] {logging_mixin.py:190} INFO - [2024-10-13T09:22:57.563+0000] {dagbag.py:588} INFO - Filling up the DagBag from /home/airflow/.local/lib/python3.12/site-packages/airflow/example_dags/example_bash_operator.py
[2024-10-13T09:22:57.587+0000] {processor.py:925} INFO - DAG(s) 'example_bash_operator' retrieved from /home/airflow/.local/lib/python3.12/site-packages/airflow/example_dags/example_bash_operator.py
[2024-10-13T09:22:57.653+0000] {logging_mixin.py:190} INFO - [2024-10-13T09:22:57.653+0000] {dag.py:3239} INFO - Sync 1 DAGs
[2024-10-13T09:22:57.706+0000] {logging_mixin.py:190} INFO - [2024-10-13T09:22:57.706+0000] {dag.py:4180} INFO - Setting next_dagrun for example_bash_operator to 2024-10-12 00:00:00+00:00, run_after=2024-10-13 00:00:00+00:00
[2024-10-13T09:22:57.756+0000] {processor.py:208} INFO - Processing /home/airflow/.local/lib/python3.12/site-packages/airflow/example_dags/example_bash_operator.py took 0.214 seconds
[2024-10-13T09:23:28.174+0000] {processor.py:186} INFO - Started process (PID=2673) to work on /home/airflow/.local/lib/python3.12/site-packages/airflow/example_dags/example_bash_operator.py
[2024-10-13T09:23:28.175+0000] {processor.py:914} INFO - Processing file /home/airflow/.local/lib/python3.12/site-packages/airflow/example_dags/example_bash_operator.py for tasks to queue
[2024-10-13T09:23:28.179+0000] {logging_mixin.py:190} INFO - [2024-10-13T09:23:28.178+0000] {dagbag.py:588} INFO - Filling up the DagBag from /home/airflow/.local/lib/python3.12/site-packages/airflow/example_dags/example_bash_operator.py
[2024-10-13T09:23:28.197+0000] {processor.py:925} INFO - DAG(s) 'example_bash_operator' retrieved from /home/airflow/.local/lib/python3.12/site-packages/airflow/example_dags/example_bash_operator.py
[2024-10-13T09:23:28.233+0000] {logging_mixin.py:190} INFO - [2024-10-13T09:23:28.232+0000] {dag.py:3239} INFO - Sync 1 DAGs
[2024-10-13T09:23:28.297+0000] {logging_mixin.py:190} INFO - [2024-10-13T09:23:28.297+0000] {dag.py:4180} INFO - Setting next_dagrun for example_bash_operator to 2024-10-12 00:00:00+00:00, run_after=2024-10-13 00:00:00+00:00
[2024-10-13T09:23:28.336+0000] {processor.py:208} INFO - Processing /home/airflow/.local/lib/python3.12/site-packages/airflow/example_dags/example_bash_operator.py took 0.170 seconds
[2024-10-13T09:23:59.253+0000] {processor.py:186} INFO - Started process (PID=2737) to work on /home/airflow/.local/lib/python3.12/site-packages/airflow/example_dags/example_bash_operator.py
[2024-10-13T09:23:59.255+0000] {processor.py:914} INFO - Processing file /home/airflow/.local/lib/python3.12/site-packages/airflow/example_dags/example_bash_operator.py for tasks to queue
[2024-10-13T09:23:59.260+0000] {logging_mixin.py:190} INFO - [2024-10-13T09:23:59.260+0000] {dagbag.py:588} INFO - Filling up the DagBag from /home/airflow/.local/lib/python3.12/site-packages/airflow/example_dags/example_bash_operator.py
[2024-10-13T09:23:59.276+0000] {processor.py:925} INFO - DAG(s) 'example_bash_operator' retrieved from /home/airflow/.local/lib/python3.12/site-packages/airflow/example_dags/example_bash_operator.py
[2024-10-13T09:23:59.315+0000] {logging_mixin.py:190} INFO - [2024-10-13T09:23:59.315+0000] {dag.py:3239} INFO - Sync 1 DAGs
[2024-10-13T09:23:59.363+0000] {logging_mixin.py:190} INFO - [2024-10-13T09:23:59.362+0000] {dag.py:4180} INFO - Setting next_dagrun for example_bash_operator to 2024-10-12 00:00:00+00:00, run_after=2024-10-13 00:00:00+00:00
[2024-10-13T09:23:59.413+0000] {processor.py:208} INFO - Processing /home/airflow/.local/lib/python3.12/site-packages/airflow/example_dags/example_bash_operator.py took 0.169 seconds
[2024-10-13T09:24:30.661+0000] {processor.py:186} INFO - Started process (PID=2799) to work on /home/airflow/.local/lib/python3.12/site-packages/airflow/example_dags/example_bash_operator.py
[2024-10-13T09:24:30.668+0000] {processor.py:914} INFO - Processing file /home/airflow/.local/lib/python3.12/site-packages/airflow/example_dags/example_bash_operator.py for tasks to queue
[2024-10-13T09:24:30.691+0000] {logging_mixin.py:190} INFO - [2024-10-13T09:24:30.690+0000] {dagbag.py:588} INFO - Filling up the DagBag from /home/airflow/.local/lib/python3.12/site-packages/airflow/example_dags/example_bash_operator.py
[2024-10-13T09:24:30.737+0000] {processor.py:925} INFO - DAG(s) 'example_bash_operator' retrieved from /home/airflow/.local/lib/python3.12/site-packages/airflow/example_dags/example_bash_operator.py
[2024-10-13T09:24:30.832+0000] {logging_mixin.py:190} INFO - [2024-10-13T09:24:30.832+0000] {dag.py:3239} INFO - Sync 1 DAGs
[2024-10-13T09:24:30.901+0000] {logging_mixin.py:190} INFO - [2024-10-13T09:24:30.900+0000] {dag.py:4180} INFO - Setting next_dagrun for example_bash_operator to 2024-10-12 00:00:00+00:00, run_after=2024-10-13 00:00:00+00:00
[2024-10-13T09:24:30.985+0000] {processor.py:208} INFO - Processing /home/airflow/.local/lib/python3.12/site-packages/airflow/example_dags/example_bash_operator.py took 0.343 seconds
[2024-10-13T09:25:01.745+0000] {processor.py:186} INFO - Started process (PID=2863) to work on /home/airflow/.local/lib/python3.12/site-packages/airflow/example_dags/example_bash_operator.py
[2024-10-13T09:25:01.751+0000] {processor.py:914} INFO - Processing file /home/airflow/.local/lib/python3.12/site-packages/airflow/example_dags/example_bash_operator.py for tasks to queue
[2024-10-13T09:25:01.761+0000] {logging_mixin.py:190} INFO - [2024-10-13T09:25:01.760+0000] {dagbag.py:588} INFO - Filling up the DagBag from /home/airflow/.local/lib/python3.12/site-packages/airflow/example_dags/example_bash_operator.py
[2024-10-13T09:25:01.822+0000] {processor.py:925} INFO - DAG(s) 'example_bash_operator' retrieved from /home/airflow/.local/lib/python3.12/site-packages/airflow/example_dags/example_bash_operator.py
[2024-10-13T09:25:01.907+0000] {logging_mixin.py:190} INFO - [2024-10-13T09:25:01.906+0000] {dag.py:3239} INFO - Sync 1 DAGs
[2024-10-13T09:25:01.963+0000] {logging_mixin.py:190} INFO - [2024-10-13T09:25:01.962+0000] {dag.py:4180} INFO - Setting next_dagrun for example_bash_operator to 2024-10-12 00:00:00+00:00, run_after=2024-10-13 00:00:00+00:00
[2024-10-13T09:25:02.008+0000] {processor.py:208} INFO - Processing /home/airflow/.local/lib/python3.12/site-packages/airflow/example_dags/example_bash_operator.py took 0.279 seconds
[2024-10-13T09:25:32.797+0000] {processor.py:186} INFO - Started process (PID=2927) to work on /home/airflow/.local/lib/python3.12/site-packages/airflow/example_dags/example_bash_operator.py
[2024-10-13T09:25:32.800+0000] {processor.py:914} INFO - Processing file /home/airflow/.local/lib/python3.12/site-packages/airflow/example_dags/example_bash_operator.py for tasks to queue
[2024-10-13T09:25:32.804+0000] {logging_mixin.py:190} INFO - [2024-10-13T09:25:32.803+0000] {dagbag.py:588} INFO - Filling up the DagBag from /home/airflow/.local/lib/python3.12/site-packages/airflow/example_dags/example_bash_operator.py
[2024-10-13T09:25:32.823+0000] {processor.py:925} INFO - DAG(s) 'example_bash_operator' retrieved from /home/airflow/.local/lib/python3.12/site-packages/airflow/example_dags/example_bash_operator.py
[2024-10-13T09:25:32.864+0000] {logging_mixin.py:190} INFO - [2024-10-13T09:25:32.864+0000] {dag.py:3239} INFO - Sync 1 DAGs
[2024-10-13T09:25:32.912+0000] {logging_mixin.py:190} INFO - [2024-10-13T09:25:32.912+0000] {dag.py:4180} INFO - Setting next_dagrun for example_bash_operator to 2024-10-12 00:00:00+00:00, run_after=2024-10-13 00:00:00+00:00
[2024-10-13T09:25:32.957+0000] {processor.py:208} INFO - Processing /home/airflow/.local/lib/python3.12/site-packages/airflow/example_dags/example_bash_operator.py took 0.168 seconds
[2024-10-13T09:26:03.649+0000] {processor.py:186} INFO - Started process (PID=2990) to work on /home/airflow/.local/lib/python3.12/site-packages/airflow/example_dags/example_bash_operator.py
[2024-10-13T09:26:03.652+0000] {processor.py:914} INFO - Processing file /home/airflow/.local/lib/python3.12/site-packages/airflow/example_dags/example_bash_operator.py for tasks to queue
[2024-10-13T09:26:03.658+0000] {logging_mixin.py:190} INFO - [2024-10-13T09:26:03.657+0000] {dagbag.py:588} INFO - Filling up the DagBag from /home/airflow/.local/lib/python3.12/site-packages/airflow/example_dags/example_bash_operator.py
[2024-10-13T09:26:03.694+0000] {processor.py:925} INFO - DAG(s) 'example_bash_operator' retrieved from /home/airflow/.local/lib/python3.12/site-packages/airflow/example_dags/example_bash_operator.py
[2024-10-13T09:26:03.746+0000] {logging_mixin.py:190} INFO - [2024-10-13T09:26:03.746+0000] {dag.py:3239} INFO - Sync 1 DAGs
[2024-10-13T09:26:03.785+0000] {logging_mixin.py:190} INFO - [2024-10-13T09:26:03.785+0000] {dag.py:4180} INFO - Setting next_dagrun for example_bash_operator to 2024-10-12 00:00:00+00:00, run_after=2024-10-13 00:00:00+00:00
[2024-10-13T09:26:03.828+0000] {processor.py:208} INFO - Processing /home/airflow/.local/lib/python3.12/site-packages/airflow/example_dags/example_bash_operator.py took 0.197 seconds
[2024-10-13T09:26:40.839+0000] {processor.py:186} INFO - Started process (PID=3052) to work on /home/airflow/.local/lib/python3.12/site-packages/airflow/example_dags/example_bash_operator.py
[2024-10-13T09:26:40.843+0000] {processor.py:914} INFO - Processing file /home/airflow/.local/lib/python3.12/site-packages/airflow/example_dags/example_bash_operator.py for tasks to queue
[2024-10-13T09:26:40.904+0000] {logging_mixin.py:190} INFO - [2024-10-13T09:26:40.903+0000] {dagbag.py:588} INFO - Filling up the DagBag from /home/airflow/.local/lib/python3.12/site-packages/airflow/example_dags/example_bash_operator.py
[2024-10-13T09:26:40.957+0000] {processor.py:925} INFO - DAG(s) 'example_bash_operator' retrieved from /home/airflow/.local/lib/python3.12/site-packages/airflow/example_dags/example_bash_operator.py
[2024-10-13T09:26:41.032+0000] {logging_mixin.py:190} INFO - [2024-10-13T09:26:41.031+0000] {dag.py:3239} INFO - Sync 1 DAGs
[2024-10-13T09:26:41.073+0000] {logging_mixin.py:190} INFO - [2024-10-13T09:26:41.073+0000] {dag.py:4180} INFO - Setting next_dagrun for example_bash_operator to 2024-10-12 00:00:00+00:00, run_after=2024-10-13 00:00:00+00:00
[2024-10-13T09:26:41.108+0000] {processor.py:208} INFO - Processing /home/airflow/.local/lib/python3.12/site-packages/airflow/example_dags/example_bash_operator.py took 0.279 seconds
[2024-10-13T09:27:21.448+0000] {processor.py:186} INFO - Started process (PID=3130) to work on /home/airflow/.local/lib/python3.12/site-packages/airflow/example_dags/example_bash_operator.py
[2024-10-13T09:27:21.455+0000] {processor.py:914} INFO - Processing file /home/airflow/.local/lib/python3.12/site-packages/airflow/example_dags/example_bash_operator.py for tasks to queue
[2024-10-13T09:27:21.468+0000] {logging_mixin.py:190} INFO - [2024-10-13T09:27:21.467+0000] {dagbag.py:588} INFO - Filling up the DagBag from /home/airflow/.local/lib/python3.12/site-packages/airflow/example_dags/example_bash_operator.py
[2024-10-13T09:27:21.507+0000] {processor.py:925} INFO - DAG(s) 'example_bash_operator' retrieved from /home/airflow/.local/lib/python3.12/site-packages/airflow/example_dags/example_bash_operator.py
[2024-10-13T09:27:21.603+0000] {logging_mixin.py:190} INFO - [2024-10-13T09:27:21.599+0000] {dag.py:3239} INFO - Sync 1 DAGs
[2024-10-13T09:27:21.697+0000] {logging_mixin.py:190} INFO - [2024-10-13T09:27:21.697+0000] {dag.py:4180} INFO - Setting next_dagrun for example_bash_operator to 2024-10-12 00:00:00+00:00, run_after=2024-10-13 00:00:00+00:00
[2024-10-13T09:27:21.757+0000] {processor.py:208} INFO - Processing /home/airflow/.local/lib/python3.12/site-packages/airflow/example_dags/example_bash_operator.py took 0.325 seconds
[2024-10-13T09:27:55.027+0000] {processor.py:186} INFO - Started process (PID=3193) to work on /home/airflow/.local/lib/python3.12/site-packages/airflow/example_dags/example_bash_operator.py
[2024-10-13T09:27:55.031+0000] {processor.py:914} INFO - Processing file /home/airflow/.local/lib/python3.12/site-packages/airflow/example_dags/example_bash_operator.py for tasks to queue
[2024-10-13T09:27:55.037+0000] {logging_mixin.py:190} INFO - [2024-10-13T09:27:55.036+0000] {dagbag.py:588} INFO - Filling up the DagBag from /home/airflow/.local/lib/python3.12/site-packages/airflow/example_dags/example_bash_operator.py
[2024-10-13T09:27:55.108+0000] {processor.py:925} INFO - DAG(s) 'example_bash_operator' retrieved from /home/airflow/.local/lib/python3.12/site-packages/airflow/example_dags/example_bash_operator.py
[2024-10-13T09:27:55.194+0000] {logging_mixin.py:190} INFO - [2024-10-13T09:27:55.193+0000] {dag.py:3239} INFO - Sync 1 DAGs
[2024-10-13T09:27:55.267+0000] {logging_mixin.py:190} INFO - [2024-10-13T09:27:55.266+0000] {dag.py:4180} INFO - Setting next_dagrun for example_bash_operator to 2024-10-12 00:00:00+00:00, run_after=2024-10-13 00:00:00+00:00
[2024-10-13T09:27:55.331+0000] {processor.py:208} INFO - Processing /home/airflow/.local/lib/python3.12/site-packages/airflow/example_dags/example_bash_operator.py took 0.316 seconds
[2024-10-13T09:28:25.733+0000] {processor.py:186} INFO - Started process (PID=3257) to work on /home/airflow/.local/lib/python3.12/site-packages/airflow/example_dags/example_bash_operator.py
[2024-10-13T09:28:25.736+0000] {processor.py:914} INFO - Processing file /home/airflow/.local/lib/python3.12/site-packages/airflow/example_dags/example_bash_operator.py for tasks to queue
[2024-10-13T09:28:25.741+0000] {logging_mixin.py:190} INFO - [2024-10-13T09:28:25.740+0000] {dagbag.py:588} INFO - Filling up the DagBag from /home/airflow/.local/lib/python3.12/site-packages/airflow/example_dags/example_bash_operator.py
[2024-10-13T09:28:25.774+0000] {processor.py:925} INFO - DAG(s) 'example_bash_operator' retrieved from /home/airflow/.local/lib/python3.12/site-packages/airflow/example_dags/example_bash_operator.py
[2024-10-13T09:28:25.854+0000] {logging_mixin.py:190} INFO - [2024-10-13T09:28:25.854+0000] {dag.py:3239} INFO - Sync 1 DAGs
[2024-10-13T09:28:25.910+0000] {logging_mixin.py:190} INFO - [2024-10-13T09:28:25.910+0000] {dag.py:4180} INFO - Setting next_dagrun for example_bash_operator to 2024-10-12 00:00:00+00:00, run_after=2024-10-13 00:00:00+00:00
[2024-10-13T09:28:25.966+0000] {processor.py:208} INFO - Processing /home/airflow/.local/lib/python3.12/site-packages/airflow/example_dags/example_bash_operator.py took 0.250 seconds
[2024-10-13T09:28:56.148+0000] {processor.py:186} INFO - Started process (PID=3321) to work on /home/airflow/.local/lib/python3.12/site-packages/airflow/example_dags/example_bash_operator.py
[2024-10-13T09:28:56.149+0000] {processor.py:914} INFO - Processing file /home/airflow/.local/lib/python3.12/site-packages/airflow/example_dags/example_bash_operator.py for tasks to queue
[2024-10-13T09:28:56.152+0000] {logging_mixin.py:190} INFO - [2024-10-13T09:28:56.152+0000] {dagbag.py:588} INFO - Filling up the DagBag from /home/airflow/.local/lib/python3.12/site-packages/airflow/example_dags/example_bash_operator.py
[2024-10-13T09:28:56.166+0000] {processor.py:925} INFO - DAG(s) 'example_bash_operator' retrieved from /home/airflow/.local/lib/python3.12/site-packages/airflow/example_dags/example_bash_operator.py
[2024-10-13T09:28:56.200+0000] {logging_mixin.py:190} INFO - [2024-10-13T09:28:56.200+0000] {dag.py:3239} INFO - Sync 1 DAGs
[2024-10-13T09:28:56.230+0000] {logging_mixin.py:190} INFO - [2024-10-13T09:28:56.230+0000] {dag.py:4180} INFO - Setting next_dagrun for example_bash_operator to 2024-10-12 00:00:00+00:00, run_after=2024-10-13 00:00:00+00:00
[2024-10-13T09:28:56.262+0000] {processor.py:208} INFO - Processing /home/airflow/.local/lib/python3.12/site-packages/airflow/example_dags/example_bash_operator.py took 0.124 seconds
[2024-10-13T09:29:26.406+0000] {processor.py:186} INFO - Started process (PID=3384) to work on /home/airflow/.local/lib/python3.12/site-packages/airflow/example_dags/example_bash_operator.py
[2024-10-13T09:29:26.407+0000] {processor.py:914} INFO - Processing file /home/airflow/.local/lib/python3.12/site-packages/airflow/example_dags/example_bash_operator.py for tasks to queue
[2024-10-13T09:29:26.410+0000] {logging_mixin.py:190} INFO - [2024-10-13T09:29:26.410+0000] {dagbag.py:588} INFO - Filling up the DagBag from /home/airflow/.local/lib/python3.12/site-packages/airflow/example_dags/example_bash_operator.py
[2024-10-13T09:29:26.424+0000] {processor.py:925} INFO - DAG(s) 'example_bash_operator' retrieved from /home/airflow/.local/lib/python3.12/site-packages/airflow/example_dags/example_bash_operator.py
[2024-10-13T09:29:26.450+0000] {logging_mixin.py:190} INFO - [2024-10-13T09:29:26.450+0000] {dag.py:3239} INFO - Sync 1 DAGs
[2024-10-13T09:29:26.478+0000] {logging_mixin.py:190} INFO - [2024-10-13T09:29:26.478+0000] {dag.py:4180} INFO - Setting next_dagrun for example_bash_operator to 2024-10-12 00:00:00+00:00, run_after=2024-10-13 00:00:00+00:00
[2024-10-13T09:29:26.502+0000] {processor.py:208} INFO - Processing /home/airflow/.local/lib/python3.12/site-packages/airflow/example_dags/example_bash_operator.py took 0.101 seconds
[2024-10-13T09:29:57.262+0000] {processor.py:186} INFO - Started process (PID=3446) to work on /home/airflow/.local/lib/python3.12/site-packages/airflow/example_dags/example_bash_operator.py
[2024-10-13T09:29:57.264+0000] {processor.py:914} INFO - Processing file /home/airflow/.local/lib/python3.12/site-packages/airflow/example_dags/example_bash_operator.py for tasks to queue
[2024-10-13T09:29:57.271+0000] {logging_mixin.py:190} INFO - [2024-10-13T09:29:57.270+0000] {dagbag.py:588} INFO - Filling up the DagBag from /home/airflow/.local/lib/python3.12/site-packages/airflow/example_dags/example_bash_operator.py
[2024-10-13T09:29:57.304+0000] {processor.py:925} INFO - DAG(s) 'example_bash_operator' retrieved from /home/airflow/.local/lib/python3.12/site-packages/airflow/example_dags/example_bash_operator.py
[2024-10-13T09:29:57.365+0000] {logging_mixin.py:190} INFO - [2024-10-13T09:29:57.365+0000] {dag.py:3239} INFO - Sync 1 DAGs
[2024-10-13T09:29:57.466+0000] {logging_mixin.py:190} INFO - [2024-10-13T09:29:57.465+0000] {dag.py:4180} INFO - Setting next_dagrun for example_bash_operator to 2024-10-12 00:00:00+00:00, run_after=2024-10-13 00:00:00+00:00
[2024-10-13T09:29:57.516+0000] {processor.py:208} INFO - Processing /home/airflow/.local/lib/python3.12/site-packages/airflow/example_dags/example_bash_operator.py took 0.262 seconds
