[2024-10-13T09:02:37.749+0000] {processor.py:186} INFO - Started process (PID=105) to work on /home/airflow/.local/lib/python3.12/site-packages/airflow/example_dags/example_dag_decorator.py
[2024-10-13T09:02:37.752+0000] {processor.py:914} INFO - Processing file /home/airflow/.local/lib/python3.12/site-packages/airflow/example_dags/example_dag_decorator.py for tasks to queue
[2024-10-13T09:02:37.763+0000] {logging_mixin.py:190} INFO - [2024-10-13T09:02:37.762+0000] {dagbag.py:588} INFO - Filling up the DagBag from /home/airflow/.local/lib/python3.12/site-packages/airflow/example_dags/example_dag_decorator.py
[2024-10-13T09:02:37.805+0000] {processor.py:925} INFO - DAG(s) 'example_dag_decorator' retrieved from /home/airflow/.local/lib/python3.12/site-packages/airflow/example_dags/example_dag_decorator.py
[2024-10-13T09:02:38.187+0000] {logging_mixin.py:190} INFO - [2024-10-13T09:02:38.186+0000] {dag.py:3239} INFO - Sync 1 DAGs
[2024-10-13T09:02:38.216+0000] {logging_mixin.py:190} INFO - [2024-10-13T09:02:38.216+0000] {dag.py:4180} INFO - Setting next_dagrun for example_dag_decorator to None, run_after=None
[2024-10-13T09:02:38.264+0000] {processor.py:208} INFO - Processing /home/airflow/.local/lib/python3.12/site-packages/airflow/example_dags/example_dag_decorator.py took 0.532 seconds
[2024-10-13T09:03:08.920+0000] {processor.py:186} INFO - Started process (PID=169) to work on /home/airflow/.local/lib/python3.12/site-packages/airflow/example_dags/example_dag_decorator.py
[2024-10-13T09:03:08.922+0000] {processor.py:914} INFO - Processing file /home/airflow/.local/lib/python3.12/site-packages/airflow/example_dags/example_dag_decorator.py for tasks to queue
[2024-10-13T09:03:08.927+0000] {logging_mixin.py:190} INFO - [2024-10-13T09:03:08.926+0000] {dagbag.py:588} INFO - Filling up the DagBag from /home/airflow/.local/lib/python3.12/site-packages/airflow/example_dags/example_dag_decorator.py
[2024-10-13T09:03:08.947+0000] {processor.py:925} INFO - DAG(s) 'example_dag_decorator' retrieved from /home/airflow/.local/lib/python3.12/site-packages/airflow/example_dags/example_dag_decorator.py
[2024-10-13T09:03:09.257+0000] {logging_mixin.py:190} INFO - [2024-10-13T09:03:09.256+0000] {dag.py:3239} INFO - Sync 1 DAGs
[2024-10-13T09:03:09.287+0000] {logging_mixin.py:190} INFO - [2024-10-13T09:03:09.287+0000] {dag.py:4180} INFO - Setting next_dagrun for example_dag_decorator to None, run_after=None
[2024-10-13T09:03:09.344+0000] {processor.py:208} INFO - Processing /home/airflow/.local/lib/python3.12/site-packages/airflow/example_dags/example_dag_decorator.py took 0.434 seconds
[2024-10-13T09:03:40.931+0000] {processor.py:186} INFO - Started process (PID=239) to work on /home/airflow/.local/lib/python3.12/site-packages/airflow/example_dags/example_dag_decorator.py
[2024-10-13T09:03:40.936+0000] {processor.py:914} INFO - Processing file /home/airflow/.local/lib/python3.12/site-packages/airflow/example_dags/example_dag_decorator.py for tasks to queue
[2024-10-13T09:03:40.942+0000] {logging_mixin.py:190} INFO - [2024-10-13T09:03:40.941+0000] {dagbag.py:588} INFO - Filling up the DagBag from /home/airflow/.local/lib/python3.12/site-packages/airflow/example_dags/example_dag_decorator.py
[2024-10-13T09:03:40.981+0000] {processor.py:925} INFO - DAG(s) 'example_dag_decorator' retrieved from /home/airflow/.local/lib/python3.12/site-packages/airflow/example_dags/example_dag_decorator.py
[2024-10-13T09:03:41.434+0000] {logging_mixin.py:190} INFO - [2024-10-13T09:03:41.434+0000] {dag.py:3239} INFO - Sync 1 DAGs
[2024-10-13T09:03:41.473+0000] {logging_mixin.py:190} INFO - [2024-10-13T09:03:41.473+0000] {dag.py:4180} INFO - Setting next_dagrun for example_dag_decorator to None, run_after=None
[2024-10-13T09:03:41.562+0000] {processor.py:208} INFO - Processing /home/airflow/.local/lib/python3.12/site-packages/airflow/example_dags/example_dag_decorator.py took 0.651 seconds
[2024-10-13T09:04:13.637+0000] {processor.py:186} INFO - Started process (PID=301) to work on /home/airflow/.local/lib/python3.12/site-packages/airflow/example_dags/example_dag_decorator.py
[2024-10-13T09:04:13.640+0000] {processor.py:914} INFO - Processing file /home/airflow/.local/lib/python3.12/site-packages/airflow/example_dags/example_dag_decorator.py for tasks to queue
[2024-10-13T09:04:13.649+0000] {logging_mixin.py:190} INFO - [2024-10-13T09:04:13.648+0000] {dagbag.py:588} INFO - Filling up the DagBag from /home/airflow/.local/lib/python3.12/site-packages/airflow/example_dags/example_dag_decorator.py
[2024-10-13T09:04:13.681+0000] {processor.py:925} INFO - DAG(s) 'example_dag_decorator' retrieved from /home/airflow/.local/lib/python3.12/site-packages/airflow/example_dags/example_dag_decorator.py
[2024-10-13T09:04:14.184+0000] {logging_mixin.py:190} INFO - [2024-10-13T09:04:14.184+0000] {dag.py:3239} INFO - Sync 1 DAGs
[2024-10-13T09:04:14.226+0000] {logging_mixin.py:190} INFO - [2024-10-13T09:04:14.226+0000] {dag.py:4180} INFO - Setting next_dagrun for example_dag_decorator to None, run_after=None
[2024-10-13T09:04:14.311+0000] {processor.py:208} INFO - Processing /home/airflow/.local/lib/python3.12/site-packages/airflow/example_dags/example_dag_decorator.py took 0.693 seconds
[2024-10-13T09:04:44.824+0000] {processor.py:186} INFO - Started process (PID=364) to work on /home/airflow/.local/lib/python3.12/site-packages/airflow/example_dags/example_dag_decorator.py
[2024-10-13T09:04:44.826+0000] {processor.py:914} INFO - Processing file /home/airflow/.local/lib/python3.12/site-packages/airflow/example_dags/example_dag_decorator.py for tasks to queue
[2024-10-13T09:04:44.830+0000] {logging_mixin.py:190} INFO - [2024-10-13T09:04:44.829+0000] {dagbag.py:588} INFO - Filling up the DagBag from /home/airflow/.local/lib/python3.12/site-packages/airflow/example_dags/example_dag_decorator.py
[2024-10-13T09:04:44.846+0000] {processor.py:925} INFO - DAG(s) 'example_dag_decorator' retrieved from /home/airflow/.local/lib/python3.12/site-packages/airflow/example_dags/example_dag_decorator.py
[2024-10-13T09:04:45.010+0000] {logging_mixin.py:190} INFO - [2024-10-13T09:04:45.010+0000] {dag.py:3239} INFO - Sync 1 DAGs
[2024-10-13T09:04:45.025+0000] {logging_mixin.py:190} INFO - [2024-10-13T09:04:45.025+0000] {dag.py:4180} INFO - Setting next_dagrun for example_dag_decorator to None, run_after=None
[2024-10-13T09:04:45.054+0000] {processor.py:208} INFO - Processing /home/airflow/.local/lib/python3.12/site-packages/airflow/example_dags/example_dag_decorator.py took 0.239 seconds
[2024-10-13T09:05:16.824+0000] {processor.py:186} INFO - Started process (PID=427) to work on /home/airflow/.local/lib/python3.12/site-packages/airflow/example_dags/example_dag_decorator.py
[2024-10-13T09:05:16.827+0000] {processor.py:914} INFO - Processing file /home/airflow/.local/lib/python3.12/site-packages/airflow/example_dags/example_dag_decorator.py for tasks to queue
[2024-10-13T09:05:16.854+0000] {logging_mixin.py:190} INFO - [2024-10-13T09:05:16.853+0000] {dagbag.py:588} INFO - Filling up the DagBag from /home/airflow/.local/lib/python3.12/site-packages/airflow/example_dags/example_dag_decorator.py
[2024-10-13T09:05:16.901+0000] {processor.py:925} INFO - DAG(s) 'example_dag_decorator' retrieved from /home/airflow/.local/lib/python3.12/site-packages/airflow/example_dags/example_dag_decorator.py
[2024-10-13T09:05:17.181+0000] {logging_mixin.py:190} INFO - [2024-10-13T09:05:17.181+0000] {dag.py:3239} INFO - Sync 1 DAGs
[2024-10-13T09:05:17.198+0000] {logging_mixin.py:190} INFO - [2024-10-13T09:05:17.197+0000] {dag.py:4180} INFO - Setting next_dagrun for example_dag_decorator to None, run_after=None
[2024-10-13T09:05:17.233+0000] {processor.py:208} INFO - Processing /home/airflow/.local/lib/python3.12/site-packages/airflow/example_dags/example_dag_decorator.py took 0.414 seconds
[2024-10-13T09:05:47.489+0000] {processor.py:186} INFO - Started process (PID=490) to work on /home/airflow/.local/lib/python3.12/site-packages/airflow/example_dags/example_dag_decorator.py
[2024-10-13T09:05:47.493+0000] {processor.py:914} INFO - Processing file /home/airflow/.local/lib/python3.12/site-packages/airflow/example_dags/example_dag_decorator.py for tasks to queue
[2024-10-13T09:05:47.498+0000] {logging_mixin.py:190} INFO - [2024-10-13T09:05:47.497+0000] {dagbag.py:588} INFO - Filling up the DagBag from /home/airflow/.local/lib/python3.12/site-packages/airflow/example_dags/example_dag_decorator.py
[2024-10-13T09:05:47.523+0000] {processor.py:925} INFO - DAG(s) 'example_dag_decorator' retrieved from /home/airflow/.local/lib/python3.12/site-packages/airflow/example_dags/example_dag_decorator.py
[2024-10-13T09:05:47.735+0000] {logging_mixin.py:190} INFO - [2024-10-13T09:05:47.734+0000] {dag.py:3239} INFO - Sync 1 DAGs
[2024-10-13T09:05:47.769+0000] {logging_mixin.py:190} INFO - [2024-10-13T09:05:47.768+0000] {dag.py:4180} INFO - Setting next_dagrun for example_dag_decorator to None, run_after=None
[2024-10-13T09:05:47.829+0000] {processor.py:208} INFO - Processing /home/airflow/.local/lib/python3.12/site-packages/airflow/example_dags/example_dag_decorator.py took 0.348 seconds
[2024-10-13T09:06:18.740+0000] {processor.py:186} INFO - Started process (PID=553) to work on /home/airflow/.local/lib/python3.12/site-packages/airflow/example_dags/example_dag_decorator.py
[2024-10-13T09:06:18.742+0000] {processor.py:914} INFO - Processing file /home/airflow/.local/lib/python3.12/site-packages/airflow/example_dags/example_dag_decorator.py for tasks to queue
[2024-10-13T09:06:18.746+0000] {logging_mixin.py:190} INFO - [2024-10-13T09:06:18.745+0000] {dagbag.py:588} INFO - Filling up the DagBag from /home/airflow/.local/lib/python3.12/site-packages/airflow/example_dags/example_dag_decorator.py
[2024-10-13T09:06:18.763+0000] {processor.py:925} INFO - DAG(s) 'example_dag_decorator' retrieved from /home/airflow/.local/lib/python3.12/site-packages/airflow/example_dags/example_dag_decorator.py
[2024-10-13T09:06:18.991+0000] {logging_mixin.py:190} INFO - [2024-10-13T09:06:18.990+0000] {dag.py:3239} INFO - Sync 1 DAGs
[2024-10-13T09:06:19.017+0000] {logging_mixin.py:190} INFO - [2024-10-13T09:06:19.016+0000] {dag.py:4180} INFO - Setting next_dagrun for example_dag_decorator to None, run_after=None
[2024-10-13T09:06:19.058+0000] {processor.py:208} INFO - Processing /home/airflow/.local/lib/python3.12/site-packages/airflow/example_dags/example_dag_decorator.py took 0.326 seconds
[2024-10-13T09:06:49.938+0000] {processor.py:186} INFO - Started process (PID=616) to work on /home/airflow/.local/lib/python3.12/site-packages/airflow/example_dags/example_dag_decorator.py
[2024-10-13T09:06:49.940+0000] {processor.py:914} INFO - Processing file /home/airflow/.local/lib/python3.12/site-packages/airflow/example_dags/example_dag_decorator.py for tasks to queue
[2024-10-13T09:06:49.943+0000] {logging_mixin.py:190} INFO - [2024-10-13T09:06:49.943+0000] {dagbag.py:588} INFO - Filling up the DagBag from /home/airflow/.local/lib/python3.12/site-packages/airflow/example_dags/example_dag_decorator.py
[2024-10-13T09:06:49.961+0000] {processor.py:925} INFO - DAG(s) 'example_dag_decorator' retrieved from /home/airflow/.local/lib/python3.12/site-packages/airflow/example_dags/example_dag_decorator.py
[2024-10-13T09:06:50.124+0000] {logging_mixin.py:190} INFO - [2024-10-13T09:06:50.124+0000] {dag.py:3239} INFO - Sync 1 DAGs
[2024-10-13T09:06:50.146+0000] {logging_mixin.py:190} INFO - [2024-10-13T09:06:50.145+0000] {dag.py:4180} INFO - Setting next_dagrun for example_dag_decorator to None, run_after=None
[2024-10-13T09:06:50.179+0000] {processor.py:208} INFO - Processing /home/airflow/.local/lib/python3.12/site-packages/airflow/example_dags/example_dag_decorator.py took 0.251 seconds
[2024-10-13T09:07:21.474+0000] {processor.py:186} INFO - Started process (PID=680) to work on /home/airflow/.local/lib/python3.12/site-packages/airflow/example_dags/example_dag_decorator.py
[2024-10-13T09:07:21.476+0000] {processor.py:914} INFO - Processing file /home/airflow/.local/lib/python3.12/site-packages/airflow/example_dags/example_dag_decorator.py for tasks to queue
[2024-10-13T09:07:21.481+0000] {logging_mixin.py:190} INFO - [2024-10-13T09:07:21.480+0000] {dagbag.py:588} INFO - Filling up the DagBag from /home/airflow/.local/lib/python3.12/site-packages/airflow/example_dags/example_dag_decorator.py
[2024-10-13T09:07:21.522+0000] {processor.py:925} INFO - DAG(s) 'example_dag_decorator' retrieved from /home/airflow/.local/lib/python3.12/site-packages/airflow/example_dags/example_dag_decorator.py
[2024-10-13T09:07:21.871+0000] {logging_mixin.py:190} INFO - [2024-10-13T09:07:21.871+0000] {dag.py:3239} INFO - Sync 1 DAGs
[2024-10-13T09:07:21.916+0000] {logging_mixin.py:190} INFO - [2024-10-13T09:07:21.915+0000] {dag.py:4180} INFO - Setting next_dagrun for example_dag_decorator to None, run_after=None
[2024-10-13T09:07:22.000+0000] {processor.py:208} INFO - Processing /home/airflow/.local/lib/python3.12/site-packages/airflow/example_dags/example_dag_decorator.py took 0.535 seconds
[2024-10-13T09:07:52.993+0000] {processor.py:186} INFO - Started process (PID=743) to work on /home/airflow/.local/lib/python3.12/site-packages/airflow/example_dags/example_dag_decorator.py
[2024-10-13T09:07:52.995+0000] {processor.py:914} INFO - Processing file /home/airflow/.local/lib/python3.12/site-packages/airflow/example_dags/example_dag_decorator.py for tasks to queue
[2024-10-13T09:07:53.002+0000] {logging_mixin.py:190} INFO - [2024-10-13T09:07:53.001+0000] {dagbag.py:588} INFO - Filling up the DagBag from /home/airflow/.local/lib/python3.12/site-packages/airflow/example_dags/example_dag_decorator.py
[2024-10-13T09:07:53.041+0000] {processor.py:925} INFO - DAG(s) 'example_dag_decorator' retrieved from /home/airflow/.local/lib/python3.12/site-packages/airflow/example_dags/example_dag_decorator.py
[2024-10-13T09:07:53.337+0000] {logging_mixin.py:190} INFO - [2024-10-13T09:07:53.336+0000] {dag.py:3239} INFO - Sync 1 DAGs
[2024-10-13T09:07:53.370+0000] {logging_mixin.py:190} INFO - [2024-10-13T09:07:53.369+0000] {dag.py:4180} INFO - Setting next_dagrun for example_dag_decorator to None, run_after=None
[2024-10-13T09:07:53.440+0000] {processor.py:208} INFO - Processing /home/airflow/.local/lib/python3.12/site-packages/airflow/example_dags/example_dag_decorator.py took 0.461 seconds
[2024-10-13T09:08:23.914+0000] {processor.py:186} INFO - Started process (PID=806) to work on /home/airflow/.local/lib/python3.12/site-packages/airflow/example_dags/example_dag_decorator.py
[2024-10-13T09:08:23.915+0000] {processor.py:914} INFO - Processing file /home/airflow/.local/lib/python3.12/site-packages/airflow/example_dags/example_dag_decorator.py for tasks to queue
[2024-10-13T09:08:23.921+0000] {logging_mixin.py:190} INFO - [2024-10-13T09:08:23.920+0000] {dagbag.py:588} INFO - Filling up the DagBag from /home/airflow/.local/lib/python3.12/site-packages/airflow/example_dags/example_dag_decorator.py
[2024-10-13T09:08:23.940+0000] {processor.py:925} INFO - DAG(s) 'example_dag_decorator' retrieved from /home/airflow/.local/lib/python3.12/site-packages/airflow/example_dags/example_dag_decorator.py
[2024-10-13T09:08:24.118+0000] {logging_mixin.py:190} INFO - [2024-10-13T09:08:24.118+0000] {dag.py:3239} INFO - Sync 1 DAGs
[2024-10-13T09:08:24.136+0000] {logging_mixin.py:190} INFO - [2024-10-13T09:08:24.136+0000] {dag.py:4180} INFO - Setting next_dagrun for example_dag_decorator to None, run_after=None
[2024-10-13T09:08:24.176+0000] {processor.py:208} INFO - Processing /home/airflow/.local/lib/python3.12/site-packages/airflow/example_dags/example_dag_decorator.py took 0.273 seconds
[2024-10-13T09:08:55.248+0000] {processor.py:186} INFO - Started process (PID=869) to work on /home/airflow/.local/lib/python3.12/site-packages/airflow/example_dags/example_dag_decorator.py
[2024-10-13T09:08:55.251+0000] {processor.py:914} INFO - Processing file /home/airflow/.local/lib/python3.12/site-packages/airflow/example_dags/example_dag_decorator.py for tasks to queue
[2024-10-13T09:08:55.255+0000] {logging_mixin.py:190} INFO - [2024-10-13T09:08:55.255+0000] {dagbag.py:588} INFO - Filling up the DagBag from /home/airflow/.local/lib/python3.12/site-packages/airflow/example_dags/example_dag_decorator.py
[2024-10-13T09:08:55.270+0000] {processor.py:925} INFO - DAG(s) 'example_dag_decorator' retrieved from /home/airflow/.local/lib/python3.12/site-packages/airflow/example_dags/example_dag_decorator.py
[2024-10-13T09:08:55.443+0000] {logging_mixin.py:190} INFO - [2024-10-13T09:08:55.443+0000] {dag.py:3239} INFO - Sync 1 DAGs
[2024-10-13T09:08:55.470+0000] {logging_mixin.py:190} INFO - [2024-10-13T09:08:55.470+0000] {dag.py:4180} INFO - Setting next_dagrun for example_dag_decorator to None, run_after=None
[2024-10-13T09:08:55.506+0000] {processor.py:208} INFO - Processing /home/airflow/.local/lib/python3.12/site-packages/airflow/example_dags/example_dag_decorator.py took 0.267 seconds
[2024-10-13T09:09:26.824+0000] {processor.py:186} INFO - Started process (PID=932) to work on /home/airflow/.local/lib/python3.12/site-packages/airflow/example_dags/example_dag_decorator.py
[2024-10-13T09:09:26.826+0000] {processor.py:914} INFO - Processing file /home/airflow/.local/lib/python3.12/site-packages/airflow/example_dags/example_dag_decorator.py for tasks to queue
[2024-10-13T09:09:26.839+0000] {logging_mixin.py:190} INFO - [2024-10-13T09:09:26.838+0000] {dagbag.py:588} INFO - Filling up the DagBag from /home/airflow/.local/lib/python3.12/site-packages/airflow/example_dags/example_dag_decorator.py
[2024-10-13T09:09:26.865+0000] {processor.py:925} INFO - DAG(s) 'example_dag_decorator' retrieved from /home/airflow/.local/lib/python3.12/site-packages/airflow/example_dags/example_dag_decorator.py
[2024-10-13T09:09:27.180+0000] {logging_mixin.py:190} INFO - [2024-10-13T09:09:27.179+0000] {dag.py:3239} INFO - Sync 1 DAGs
[2024-10-13T09:09:27.228+0000] {logging_mixin.py:190} INFO - [2024-10-13T09:09:27.227+0000] {dag.py:4180} INFO - Setting next_dagrun for example_dag_decorator to None, run_after=None
[2024-10-13T09:09:27.333+0000] {processor.py:208} INFO - Processing /home/airflow/.local/lib/python3.12/site-packages/airflow/example_dags/example_dag_decorator.py took 0.523 seconds
[2024-10-13T09:09:57.962+0000] {processor.py:186} INFO - Started process (PID=995) to work on /home/airflow/.local/lib/python3.12/site-packages/airflow/example_dags/example_dag_decorator.py
[2024-10-13T09:09:57.964+0000] {processor.py:914} INFO - Processing file /home/airflow/.local/lib/python3.12/site-packages/airflow/example_dags/example_dag_decorator.py for tasks to queue
[2024-10-13T09:09:57.968+0000] {logging_mixin.py:190} INFO - [2024-10-13T09:09:57.967+0000] {dagbag.py:588} INFO - Filling up the DagBag from /home/airflow/.local/lib/python3.12/site-packages/airflow/example_dags/example_dag_decorator.py
[2024-10-13T09:09:57.983+0000] {processor.py:925} INFO - DAG(s) 'example_dag_decorator' retrieved from /home/airflow/.local/lib/python3.12/site-packages/airflow/example_dags/example_dag_decorator.py
[2024-10-13T09:09:58.088+0000] {logging_mixin.py:190} INFO - [2024-10-13T09:09:58.087+0000] {dag.py:3239} INFO - Sync 1 DAGs
[2024-10-13T09:09:58.101+0000] {logging_mixin.py:190} INFO - [2024-10-13T09:09:58.100+0000] {dag.py:4180} INFO - Setting next_dagrun for example_dag_decorator to None, run_after=None
[2024-10-13T09:09:58.124+0000] {processor.py:208} INFO - Processing /home/airflow/.local/lib/python3.12/site-packages/airflow/example_dags/example_dag_decorator.py took 0.168 seconds
[2024-10-13T09:10:28.362+0000] {processor.py:186} INFO - Started process (PID=1059) to work on /home/airflow/.local/lib/python3.12/site-packages/airflow/example_dags/example_dag_decorator.py
[2024-10-13T09:10:28.365+0000] {processor.py:914} INFO - Processing file /home/airflow/.local/lib/python3.12/site-packages/airflow/example_dags/example_dag_decorator.py for tasks to queue
[2024-10-13T09:10:28.368+0000] {logging_mixin.py:190} INFO - [2024-10-13T09:10:28.367+0000] {dagbag.py:588} INFO - Filling up the DagBag from /home/airflow/.local/lib/python3.12/site-packages/airflow/example_dags/example_dag_decorator.py
[2024-10-13T09:10:28.392+0000] {processor.py:925} INFO - DAG(s) 'example_dag_decorator' retrieved from /home/airflow/.local/lib/python3.12/site-packages/airflow/example_dags/example_dag_decorator.py
[2024-10-13T09:10:28.528+0000] {logging_mixin.py:190} INFO - [2024-10-13T09:10:28.528+0000] {dag.py:3239} INFO - Sync 1 DAGs
[2024-10-13T09:10:28.545+0000] {logging_mixin.py:190} INFO - [2024-10-13T09:10:28.545+0000] {dag.py:4180} INFO - Setting next_dagrun for example_dag_decorator to None, run_after=None
[2024-10-13T09:10:28.577+0000] {processor.py:208} INFO - Processing /home/airflow/.local/lib/python3.12/site-packages/airflow/example_dags/example_dag_decorator.py took 0.224 seconds
[2024-10-13T09:10:59.290+0000] {processor.py:186} INFO - Started process (PID=1121) to work on /home/airflow/.local/lib/python3.12/site-packages/airflow/example_dags/example_dag_decorator.py
[2024-10-13T09:10:59.291+0000] {processor.py:914} INFO - Processing file /home/airflow/.local/lib/python3.12/site-packages/airflow/example_dags/example_dag_decorator.py for tasks to queue
[2024-10-13T09:10:59.294+0000] {logging_mixin.py:190} INFO - [2024-10-13T09:10:59.293+0000] {dagbag.py:588} INFO - Filling up the DagBag from /home/airflow/.local/lib/python3.12/site-packages/airflow/example_dags/example_dag_decorator.py
[2024-10-13T09:10:59.305+0000] {processor.py:925} INFO - DAG(s) 'example_dag_decorator' retrieved from /home/airflow/.local/lib/python3.12/site-packages/airflow/example_dags/example_dag_decorator.py
[2024-10-13T09:10:59.392+0000] {logging_mixin.py:190} INFO - [2024-10-13T09:10:59.392+0000] {dag.py:3239} INFO - Sync 1 DAGs
[2024-10-13T09:10:59.401+0000] {logging_mixin.py:190} INFO - [2024-10-13T09:10:59.401+0000] {dag.py:4180} INFO - Setting next_dagrun for example_dag_decorator to None, run_after=None
[2024-10-13T09:10:59.428+0000] {processor.py:208} INFO - Processing /home/airflow/.local/lib/python3.12/site-packages/airflow/example_dags/example_dag_decorator.py took 0.142 seconds
[2024-10-13T09:11:30.213+0000] {processor.py:186} INFO - Started process (PID=1184) to work on /home/airflow/.local/lib/python3.12/site-packages/airflow/example_dags/example_dag_decorator.py
[2024-10-13T09:11:30.215+0000] {processor.py:914} INFO - Processing file /home/airflow/.local/lib/python3.12/site-packages/airflow/example_dags/example_dag_decorator.py for tasks to queue
[2024-10-13T09:11:30.218+0000] {logging_mixin.py:190} INFO - [2024-10-13T09:11:30.218+0000] {dagbag.py:588} INFO - Filling up the DagBag from /home/airflow/.local/lib/python3.12/site-packages/airflow/example_dags/example_dag_decorator.py
[2024-10-13T09:11:30.232+0000] {processor.py:925} INFO - DAG(s) 'example_dag_decorator' retrieved from /home/airflow/.local/lib/python3.12/site-packages/airflow/example_dags/example_dag_decorator.py
[2024-10-13T09:11:30.400+0000] {logging_mixin.py:190} INFO - [2024-10-13T09:11:30.400+0000] {dag.py:3239} INFO - Sync 1 DAGs
[2024-10-13T09:11:30.422+0000] {logging_mixin.py:190} INFO - [2024-10-13T09:11:30.422+0000] {dag.py:4180} INFO - Setting next_dagrun for example_dag_decorator to None, run_after=None
[2024-10-13T09:11:30.454+0000] {processor.py:208} INFO - Processing /home/airflow/.local/lib/python3.12/site-packages/airflow/example_dags/example_dag_decorator.py took 0.251 seconds
[2024-10-13T09:12:00.773+0000] {processor.py:186} INFO - Started process (PID=1247) to work on /home/airflow/.local/lib/python3.12/site-packages/airflow/example_dags/example_dag_decorator.py
[2024-10-13T09:12:00.775+0000] {processor.py:914} INFO - Processing file /home/airflow/.local/lib/python3.12/site-packages/airflow/example_dags/example_dag_decorator.py for tasks to queue
[2024-10-13T09:12:00.781+0000] {logging_mixin.py:190} INFO - [2024-10-13T09:12:00.780+0000] {dagbag.py:588} INFO - Filling up the DagBag from /home/airflow/.local/lib/python3.12/site-packages/airflow/example_dags/example_dag_decorator.py
[2024-10-13T09:12:00.800+0000] {processor.py:925} INFO - DAG(s) 'example_dag_decorator' retrieved from /home/airflow/.local/lib/python3.12/site-packages/airflow/example_dags/example_dag_decorator.py
[2024-10-13T09:12:00.997+0000] {logging_mixin.py:190} INFO - [2024-10-13T09:12:00.997+0000] {dag.py:3239} INFO - Sync 1 DAGs
[2024-10-13T09:12:01.016+0000] {logging_mixin.py:190} INFO - [2024-10-13T09:12:01.016+0000] {dag.py:4180} INFO - Setting next_dagrun for example_dag_decorator to None, run_after=None
[2024-10-13T09:12:01.047+0000] {processor.py:208} INFO - Processing /home/airflow/.local/lib/python3.12/site-packages/airflow/example_dags/example_dag_decorator.py took 0.286 seconds
[2024-10-13T09:12:31.856+0000] {processor.py:186} INFO - Started process (PID=1310) to work on /home/airflow/.local/lib/python3.12/site-packages/airflow/example_dags/example_dag_decorator.py
[2024-10-13T09:12:31.859+0000] {processor.py:914} INFO - Processing file /home/airflow/.local/lib/python3.12/site-packages/airflow/example_dags/example_dag_decorator.py for tasks to queue
[2024-10-13T09:12:31.868+0000] {logging_mixin.py:190} INFO - [2024-10-13T09:12:31.867+0000] {dagbag.py:588} INFO - Filling up the DagBag from /home/airflow/.local/lib/python3.12/site-packages/airflow/example_dags/example_dag_decorator.py
[2024-10-13T09:12:31.902+0000] {processor.py:925} INFO - DAG(s) 'example_dag_decorator' retrieved from /home/airflow/.local/lib/python3.12/site-packages/airflow/example_dags/example_dag_decorator.py
[2024-10-13T09:12:32.142+0000] {logging_mixin.py:190} INFO - [2024-10-13T09:12:32.141+0000] {dag.py:3239} INFO - Sync 1 DAGs
[2024-10-13T09:12:32.167+0000] {logging_mixin.py:190} INFO - [2024-10-13T09:12:32.166+0000] {dag.py:4180} INFO - Setting next_dagrun for example_dag_decorator to None, run_after=None
[2024-10-13T09:12:32.208+0000] {processor.py:208} INFO - Processing /home/airflow/.local/lib/python3.12/site-packages/airflow/example_dags/example_dag_decorator.py took 0.367 seconds
[2024-10-13T09:13:04.337+0000] {processor.py:186} INFO - Started process (PID=1374) to work on /home/airflow/.local/lib/python3.12/site-packages/airflow/example_dags/example_dag_decorator.py
[2024-10-13T09:13:04.349+0000] {processor.py:914} INFO - Processing file /home/airflow/.local/lib/python3.12/site-packages/airflow/example_dags/example_dag_decorator.py for tasks to queue
[2024-10-13T09:13:04.357+0000] {logging_mixin.py:190} INFO - [2024-10-13T09:13:04.356+0000] {dagbag.py:588} INFO - Filling up the DagBag from /home/airflow/.local/lib/python3.12/site-packages/airflow/example_dags/example_dag_decorator.py
[2024-10-13T09:13:04.407+0000] {processor.py:925} INFO - DAG(s) 'example_dag_decorator' retrieved from /home/airflow/.local/lib/python3.12/site-packages/airflow/example_dags/example_dag_decorator.py
[2024-10-13T09:13:04.909+0000] {logging_mixin.py:190} INFO - [2024-10-13T09:13:04.909+0000] {dag.py:3239} INFO - Sync 1 DAGs
[2024-10-13T09:13:04.975+0000] {logging_mixin.py:190} INFO - [2024-10-13T09:13:04.975+0000] {dag.py:4180} INFO - Setting next_dagrun for example_dag_decorator to None, run_after=None
[2024-10-13T09:13:05.084+0000] {processor.py:208} INFO - Processing /home/airflow/.local/lib/python3.12/site-packages/airflow/example_dags/example_dag_decorator.py took 0.761 seconds
[2024-10-13T09:13:35.410+0000] {processor.py:186} INFO - Started process (PID=1437) to work on /home/airflow/.local/lib/python3.12/site-packages/airflow/example_dags/example_dag_decorator.py
[2024-10-13T09:13:35.413+0000] {processor.py:914} INFO - Processing file /home/airflow/.local/lib/python3.12/site-packages/airflow/example_dags/example_dag_decorator.py for tasks to queue
[2024-10-13T09:13:35.426+0000] {logging_mixin.py:190} INFO - [2024-10-13T09:13:35.424+0000] {dagbag.py:588} INFO - Filling up the DagBag from /home/airflow/.local/lib/python3.12/site-packages/airflow/example_dags/example_dag_decorator.py
[2024-10-13T09:13:35.465+0000] {processor.py:925} INFO - DAG(s) 'example_dag_decorator' retrieved from /home/airflow/.local/lib/python3.12/site-packages/airflow/example_dags/example_dag_decorator.py
[2024-10-13T09:13:35.825+0000] {logging_mixin.py:190} INFO - [2024-10-13T09:13:35.824+0000] {dag.py:3239} INFO - Sync 1 DAGs
[2024-10-13T09:13:35.847+0000] {logging_mixin.py:190} INFO - [2024-10-13T09:13:35.847+0000] {dag.py:4180} INFO - Setting next_dagrun for example_dag_decorator to None, run_after=None
[2024-10-13T09:13:35.894+0000] {processor.py:208} INFO - Processing /home/airflow/.local/lib/python3.12/site-packages/airflow/example_dags/example_dag_decorator.py took 0.500 seconds
[2024-10-13T09:14:06.417+0000] {processor.py:186} INFO - Started process (PID=1500) to work on /home/airflow/.local/lib/python3.12/site-packages/airflow/example_dags/example_dag_decorator.py
[2024-10-13T09:14:06.419+0000] {processor.py:914} INFO - Processing file /home/airflow/.local/lib/python3.12/site-packages/airflow/example_dags/example_dag_decorator.py for tasks to queue
[2024-10-13T09:14:06.422+0000] {logging_mixin.py:190} INFO - [2024-10-13T09:14:06.422+0000] {dagbag.py:588} INFO - Filling up the DagBag from /home/airflow/.local/lib/python3.12/site-packages/airflow/example_dags/example_dag_decorator.py
[2024-10-13T09:14:06.438+0000] {processor.py:925} INFO - DAG(s) 'example_dag_decorator' retrieved from /home/airflow/.local/lib/python3.12/site-packages/airflow/example_dags/example_dag_decorator.py
[2024-10-13T09:14:06.619+0000] {logging_mixin.py:190} INFO - [2024-10-13T09:14:06.619+0000] {dag.py:3239} INFO - Sync 1 DAGs
[2024-10-13T09:14:06.640+0000] {logging_mixin.py:190} INFO - [2024-10-13T09:14:06.640+0000] {dag.py:4180} INFO - Setting next_dagrun for example_dag_decorator to None, run_after=None
[2024-10-13T09:14:06.676+0000] {processor.py:208} INFO - Processing /home/airflow/.local/lib/python3.12/site-packages/airflow/example_dags/example_dag_decorator.py took 0.265 seconds
[2024-10-13T09:14:37.154+0000] {processor.py:186} INFO - Started process (PID=1563) to work on /home/airflow/.local/lib/python3.12/site-packages/airflow/example_dags/example_dag_decorator.py
[2024-10-13T09:14:37.156+0000] {processor.py:914} INFO - Processing file /home/airflow/.local/lib/python3.12/site-packages/airflow/example_dags/example_dag_decorator.py for tasks to queue
[2024-10-13T09:14:37.161+0000] {logging_mixin.py:190} INFO - [2024-10-13T09:14:37.161+0000] {dagbag.py:588} INFO - Filling up the DagBag from /home/airflow/.local/lib/python3.12/site-packages/airflow/example_dags/example_dag_decorator.py
[2024-10-13T09:14:37.177+0000] {processor.py:925} INFO - DAG(s) 'example_dag_decorator' retrieved from /home/airflow/.local/lib/python3.12/site-packages/airflow/example_dags/example_dag_decorator.py
[2024-10-13T09:14:37.343+0000] {logging_mixin.py:190} INFO - [2024-10-13T09:14:37.342+0000] {dag.py:3239} INFO - Sync 1 DAGs
[2024-10-13T09:14:37.358+0000] {logging_mixin.py:190} INFO - [2024-10-13T09:14:37.357+0000] {dag.py:4180} INFO - Setting next_dagrun for example_dag_decorator to None, run_after=None
[2024-10-13T09:14:37.400+0000] {processor.py:208} INFO - Processing /home/airflow/.local/lib/python3.12/site-packages/airflow/example_dags/example_dag_decorator.py took 0.253 seconds
[2024-10-13T09:15:08.613+0000] {processor.py:186} INFO - Started process (PID=1627) to work on /home/airflow/.local/lib/python3.12/site-packages/airflow/example_dags/example_dag_decorator.py
[2024-10-13T09:15:08.615+0000] {processor.py:914} INFO - Processing file /home/airflow/.local/lib/python3.12/site-packages/airflow/example_dags/example_dag_decorator.py for tasks to queue
[2024-10-13T09:15:08.618+0000] {logging_mixin.py:190} INFO - [2024-10-13T09:15:08.617+0000] {dagbag.py:588} INFO - Filling up the DagBag from /home/airflow/.local/lib/python3.12/site-packages/airflow/example_dags/example_dag_decorator.py
[2024-10-13T09:15:08.628+0000] {processor.py:925} INFO - DAG(s) 'example_dag_decorator' retrieved from /home/airflow/.local/lib/python3.12/site-packages/airflow/example_dags/example_dag_decorator.py
[2024-10-13T09:15:08.717+0000] {logging_mixin.py:190} INFO - [2024-10-13T09:15:08.717+0000] {dag.py:3239} INFO - Sync 1 DAGs
[2024-10-13T09:15:08.736+0000] {logging_mixin.py:190} INFO - [2024-10-13T09:15:08.735+0000] {dag.py:4180} INFO - Setting next_dagrun for example_dag_decorator to None, run_after=None
[2024-10-13T09:15:09.112+0000] {processor.py:208} INFO - Processing /home/airflow/.local/lib/python3.12/site-packages/airflow/example_dags/example_dag_decorator.py took 0.504 seconds
[2024-10-13T09:15:39.301+0000] {processor.py:186} INFO - Started process (PID=1690) to work on /home/airflow/.local/lib/python3.12/site-packages/airflow/example_dags/example_dag_decorator.py
[2024-10-13T09:15:39.303+0000] {processor.py:914} INFO - Processing file /home/airflow/.local/lib/python3.12/site-packages/airflow/example_dags/example_dag_decorator.py for tasks to queue
[2024-10-13T09:15:39.307+0000] {logging_mixin.py:190} INFO - [2024-10-13T09:15:39.306+0000] {dagbag.py:588} INFO - Filling up the DagBag from /home/airflow/.local/lib/python3.12/site-packages/airflow/example_dags/example_dag_decorator.py
[2024-10-13T09:15:39.323+0000] {processor.py:925} INFO - DAG(s) 'example_dag_decorator' retrieved from /home/airflow/.local/lib/python3.12/site-packages/airflow/example_dags/example_dag_decorator.py
[2024-10-13T09:15:39.440+0000] {logging_mixin.py:190} INFO - [2024-10-13T09:15:39.440+0000] {dag.py:3239} INFO - Sync 1 DAGs
[2024-10-13T09:15:39.453+0000] {logging_mixin.py:190} INFO - [2024-10-13T09:15:39.453+0000] {dag.py:4180} INFO - Setting next_dagrun for example_dag_decorator to None, run_after=None
[2024-10-13T09:15:39.475+0000] {processor.py:208} INFO - Processing /home/airflow/.local/lib/python3.12/site-packages/airflow/example_dags/example_dag_decorator.py took 0.187 seconds
[2024-10-13T09:16:10.714+0000] {processor.py:186} INFO - Started process (PID=1755) to work on /home/airflow/.local/lib/python3.12/site-packages/airflow/example_dags/example_dag_decorator.py
[2024-10-13T09:16:10.734+0000] {processor.py:914} INFO - Processing file /home/airflow/.local/lib/python3.12/site-packages/airflow/example_dags/example_dag_decorator.py for tasks to queue
[2024-10-13T09:16:10.743+0000] {logging_mixin.py:190} INFO - [2024-10-13T09:16:10.743+0000] {dagbag.py:588} INFO - Filling up the DagBag from /home/airflow/.local/lib/python3.12/site-packages/airflow/example_dags/example_dag_decorator.py
[2024-10-13T09:16:10.764+0000] {processor.py:925} INFO - DAG(s) 'example_dag_decorator' retrieved from /home/airflow/.local/lib/python3.12/site-packages/airflow/example_dags/example_dag_decorator.py
[2024-10-13T09:16:11.091+0000] {logging_mixin.py:190} INFO - [2024-10-13T09:16:11.090+0000] {dag.py:3239} INFO - Sync 1 DAGs
[2024-10-13T09:16:11.118+0000] {logging_mixin.py:190} INFO - [2024-10-13T09:16:11.118+0000] {dag.py:4180} INFO - Setting next_dagrun for example_dag_decorator to None, run_after=None
[2024-10-13T09:16:11.177+0000] {processor.py:208} INFO - Processing /home/airflow/.local/lib/python3.12/site-packages/airflow/example_dags/example_dag_decorator.py took 0.482 seconds
[2024-10-13T09:16:41.932+0000] {processor.py:186} INFO - Started process (PID=1819) to work on /home/airflow/.local/lib/python3.12/site-packages/airflow/example_dags/example_dag_decorator.py
[2024-10-13T09:16:41.934+0000] {processor.py:914} INFO - Processing file /home/airflow/.local/lib/python3.12/site-packages/airflow/example_dags/example_dag_decorator.py for tasks to queue
[2024-10-13T09:16:41.941+0000] {logging_mixin.py:190} INFO - [2024-10-13T09:16:41.941+0000] {dagbag.py:588} INFO - Filling up the DagBag from /home/airflow/.local/lib/python3.12/site-packages/airflow/example_dags/example_dag_decorator.py
[2024-10-13T09:16:41.973+0000] {processor.py:925} INFO - DAG(s) 'example_dag_decorator' retrieved from /home/airflow/.local/lib/python3.12/site-packages/airflow/example_dags/example_dag_decorator.py
[2024-10-13T09:16:42.248+0000] {logging_mixin.py:190} INFO - [2024-10-13T09:16:42.247+0000] {dag.py:3239} INFO - Sync 1 DAGs
[2024-10-13T09:16:42.273+0000] {logging_mixin.py:190} INFO - [2024-10-13T09:16:42.273+0000] {dag.py:4180} INFO - Setting next_dagrun for example_dag_decorator to None, run_after=None
[2024-10-13T09:16:42.333+0000] {processor.py:208} INFO - Processing /home/airflow/.local/lib/python3.12/site-packages/airflow/example_dags/example_dag_decorator.py took 0.418 seconds
[2024-10-13T09:17:12.811+0000] {processor.py:186} INFO - Started process (PID=1882) to work on /home/airflow/.local/lib/python3.12/site-packages/airflow/example_dags/example_dag_decorator.py
[2024-10-13T09:17:12.813+0000] {processor.py:914} INFO - Processing file /home/airflow/.local/lib/python3.12/site-packages/airflow/example_dags/example_dag_decorator.py for tasks to queue
[2024-10-13T09:17:12.816+0000] {logging_mixin.py:190} INFO - [2024-10-13T09:17:12.815+0000] {dagbag.py:588} INFO - Filling up the DagBag from /home/airflow/.local/lib/python3.12/site-packages/airflow/example_dags/example_dag_decorator.py
[2024-10-13T09:17:12.826+0000] {processor.py:925} INFO - DAG(s) 'example_dag_decorator' retrieved from /home/airflow/.local/lib/python3.12/site-packages/airflow/example_dags/example_dag_decorator.py
[2024-10-13T09:17:12.940+0000] {logging_mixin.py:190} INFO - [2024-10-13T09:17:12.940+0000] {dag.py:3239} INFO - Sync 1 DAGs
[2024-10-13T09:17:12.951+0000] {logging_mixin.py:190} INFO - [2024-10-13T09:17:12.950+0000] {dag.py:4180} INFO - Setting next_dagrun for example_dag_decorator to None, run_after=None
[2024-10-13T09:17:12.970+0000] {processor.py:208} INFO - Processing /home/airflow/.local/lib/python3.12/site-packages/airflow/example_dags/example_dag_decorator.py took 0.165 seconds
[2024-10-13T09:17:43.788+0000] {processor.py:186} INFO - Started process (PID=1945) to work on /home/airflow/.local/lib/python3.12/site-packages/airflow/example_dags/example_dag_decorator.py
[2024-10-13T09:17:43.789+0000] {processor.py:914} INFO - Processing file /home/airflow/.local/lib/python3.12/site-packages/airflow/example_dags/example_dag_decorator.py for tasks to queue
[2024-10-13T09:17:43.792+0000] {logging_mixin.py:190} INFO - [2024-10-13T09:17:43.791+0000] {dagbag.py:588} INFO - Filling up the DagBag from /home/airflow/.local/lib/python3.12/site-packages/airflow/example_dags/example_dag_decorator.py
[2024-10-13T09:17:43.801+0000] {processor.py:925} INFO - DAG(s) 'example_dag_decorator' retrieved from /home/airflow/.local/lib/python3.12/site-packages/airflow/example_dags/example_dag_decorator.py
[2024-10-13T09:17:43.912+0000] {logging_mixin.py:190} INFO - [2024-10-13T09:17:43.912+0000] {dag.py:3239} INFO - Sync 1 DAGs
[2024-10-13T09:17:43.923+0000] {logging_mixin.py:190} INFO - [2024-10-13T09:17:43.923+0000] {dag.py:4180} INFO - Setting next_dagrun for example_dag_decorator to None, run_after=None
[2024-10-13T09:17:43.943+0000] {processor.py:208} INFO - Processing /home/airflow/.local/lib/python3.12/site-packages/airflow/example_dags/example_dag_decorator.py took 0.160 seconds
[2024-10-13T09:18:14.516+0000] {processor.py:186} INFO - Started process (PID=2008) to work on /home/airflow/.local/lib/python3.12/site-packages/airflow/example_dags/example_dag_decorator.py
[2024-10-13T09:18:14.518+0000] {processor.py:914} INFO - Processing file /home/airflow/.local/lib/python3.12/site-packages/airflow/example_dags/example_dag_decorator.py for tasks to queue
[2024-10-13T09:18:14.521+0000] {logging_mixin.py:190} INFO - [2024-10-13T09:18:14.520+0000] {dagbag.py:588} INFO - Filling up the DagBag from /home/airflow/.local/lib/python3.12/site-packages/airflow/example_dags/example_dag_decorator.py
[2024-10-13T09:18:14.533+0000] {processor.py:925} INFO - DAG(s) 'example_dag_decorator' retrieved from /home/airflow/.local/lib/python3.12/site-packages/airflow/example_dags/example_dag_decorator.py
[2024-10-13T09:18:14.638+0000] {logging_mixin.py:190} INFO - [2024-10-13T09:18:14.638+0000] {dag.py:3239} INFO - Sync 1 DAGs
[2024-10-13T09:18:14.649+0000] {logging_mixin.py:190} INFO - [2024-10-13T09:18:14.648+0000] {dag.py:4180} INFO - Setting next_dagrun for example_dag_decorator to None, run_after=None
[2024-10-13T09:18:14.670+0000] {processor.py:208} INFO - Processing /home/airflow/.local/lib/python3.12/site-packages/airflow/example_dags/example_dag_decorator.py took 0.161 seconds
[2024-10-13T09:18:44.835+0000] {processor.py:186} INFO - Started process (PID=2071) to work on /home/airflow/.local/lib/python3.12/site-packages/airflow/example_dags/example_dag_decorator.py
[2024-10-13T09:18:44.836+0000] {processor.py:914} INFO - Processing file /home/airflow/.local/lib/python3.12/site-packages/airflow/example_dags/example_dag_decorator.py for tasks to queue
[2024-10-13T09:18:44.838+0000] {logging_mixin.py:190} INFO - [2024-10-13T09:18:44.838+0000] {dagbag.py:588} INFO - Filling up the DagBag from /home/airflow/.local/lib/python3.12/site-packages/airflow/example_dags/example_dag_decorator.py
[2024-10-13T09:18:44.848+0000] {processor.py:925} INFO - DAG(s) 'example_dag_decorator' retrieved from /home/airflow/.local/lib/python3.12/site-packages/airflow/example_dags/example_dag_decorator.py
[2024-10-13T09:18:44.947+0000] {logging_mixin.py:190} INFO - [2024-10-13T09:18:44.946+0000] {dag.py:3239} INFO - Sync 1 DAGs
[2024-10-13T09:18:44.957+0000] {logging_mixin.py:190} INFO - [2024-10-13T09:18:44.956+0000] {dag.py:4180} INFO - Setting next_dagrun for example_dag_decorator to None, run_after=None
[2024-10-13T09:18:44.975+0000] {processor.py:208} INFO - Processing /home/airflow/.local/lib/python3.12/site-packages/airflow/example_dags/example_dag_decorator.py took 0.146 seconds
[2024-10-13T09:19:15.635+0000] {processor.py:186} INFO - Started process (PID=2134) to work on /home/airflow/.local/lib/python3.12/site-packages/airflow/example_dags/example_dag_decorator.py
[2024-10-13T09:19:15.637+0000] {processor.py:914} INFO - Processing file /home/airflow/.local/lib/python3.12/site-packages/airflow/example_dags/example_dag_decorator.py for tasks to queue
[2024-10-13T09:19:15.641+0000] {logging_mixin.py:190} INFO - [2024-10-13T09:19:15.640+0000] {dagbag.py:588} INFO - Filling up the DagBag from /home/airflow/.local/lib/python3.12/site-packages/airflow/example_dags/example_dag_decorator.py
[2024-10-13T09:19:15.655+0000] {processor.py:925} INFO - DAG(s) 'example_dag_decorator' retrieved from /home/airflow/.local/lib/python3.12/site-packages/airflow/example_dags/example_dag_decorator.py
[2024-10-13T09:19:15.774+0000] {logging_mixin.py:190} INFO - [2024-10-13T09:19:15.774+0000] {dag.py:3239} INFO - Sync 1 DAGs
[2024-10-13T09:19:15.788+0000] {logging_mixin.py:190} INFO - [2024-10-13T09:19:15.787+0000] {dag.py:4180} INFO - Setting next_dagrun for example_dag_decorator to None, run_after=None
[2024-10-13T09:19:15.811+0000] {processor.py:208} INFO - Processing /home/airflow/.local/lib/python3.12/site-packages/airflow/example_dags/example_dag_decorator.py took 0.183 seconds
[2024-10-13T09:19:46.176+0000] {processor.py:186} INFO - Started process (PID=2197) to work on /home/airflow/.local/lib/python3.12/site-packages/airflow/example_dags/example_dag_decorator.py
[2024-10-13T09:19:46.179+0000] {processor.py:914} INFO - Processing file /home/airflow/.local/lib/python3.12/site-packages/airflow/example_dags/example_dag_decorator.py for tasks to queue
[2024-10-13T09:19:46.184+0000] {logging_mixin.py:190} INFO - [2024-10-13T09:19:46.184+0000] {dagbag.py:588} INFO - Filling up the DagBag from /home/airflow/.local/lib/python3.12/site-packages/airflow/example_dags/example_dag_decorator.py
[2024-10-13T09:19:46.200+0000] {processor.py:925} INFO - DAG(s) 'example_dag_decorator' retrieved from /home/airflow/.local/lib/python3.12/site-packages/airflow/example_dags/example_dag_decorator.py
[2024-10-13T09:19:46.374+0000] {logging_mixin.py:190} INFO - [2024-10-13T09:19:46.373+0000] {dag.py:3239} INFO - Sync 1 DAGs
[2024-10-13T09:19:46.390+0000] {logging_mixin.py:190} INFO - [2024-10-13T09:19:46.390+0000] {dag.py:4180} INFO - Setting next_dagrun for example_dag_decorator to None, run_after=None
[2024-10-13T09:19:46.417+0000] {processor.py:208} INFO - Processing /home/airflow/.local/lib/python3.12/site-packages/airflow/example_dags/example_dag_decorator.py took 0.252 seconds
[2024-10-13T09:20:17.329+0000] {processor.py:186} INFO - Started process (PID=2260) to work on /home/airflow/.local/lib/python3.12/site-packages/airflow/example_dags/example_dag_decorator.py
[2024-10-13T09:20:17.331+0000] {processor.py:914} INFO - Processing file /home/airflow/.local/lib/python3.12/site-packages/airflow/example_dags/example_dag_decorator.py for tasks to queue
[2024-10-13T09:20:17.337+0000] {logging_mixin.py:190} INFO - [2024-10-13T09:20:17.336+0000] {dagbag.py:588} INFO - Filling up the DagBag from /home/airflow/.local/lib/python3.12/site-packages/airflow/example_dags/example_dag_decorator.py
[2024-10-13T09:20:17.357+0000] {processor.py:925} INFO - DAG(s) 'example_dag_decorator' retrieved from /home/airflow/.local/lib/python3.12/site-packages/airflow/example_dags/example_dag_decorator.py
[2024-10-13T09:20:17.628+0000] {logging_mixin.py:190} INFO - [2024-10-13T09:20:17.627+0000] {dag.py:3239} INFO - Sync 1 DAGs
[2024-10-13T09:20:17.650+0000] {logging_mixin.py:190} INFO - [2024-10-13T09:20:17.650+0000] {dag.py:4180} INFO - Setting next_dagrun for example_dag_decorator to None, run_after=None
[2024-10-13T09:20:17.691+0000] {processor.py:208} INFO - Processing /home/airflow/.local/lib/python3.12/site-packages/airflow/example_dags/example_dag_decorator.py took 0.370 seconds
[2024-10-13T09:20:48.048+0000] {processor.py:186} INFO - Started process (PID=2329) to work on /home/airflow/.local/lib/python3.12/site-packages/airflow/example_dags/example_dag_decorator.py
[2024-10-13T09:20:48.050+0000] {processor.py:914} INFO - Processing file /home/airflow/.local/lib/python3.12/site-packages/airflow/example_dags/example_dag_decorator.py for tasks to queue
[2024-10-13T09:20:48.053+0000] {logging_mixin.py:190} INFO - [2024-10-13T09:20:48.053+0000] {dagbag.py:588} INFO - Filling up the DagBag from /home/airflow/.local/lib/python3.12/site-packages/airflow/example_dags/example_dag_decorator.py
[2024-10-13T09:20:48.068+0000] {processor.py:925} INFO - DAG(s) 'example_dag_decorator' retrieved from /home/airflow/.local/lib/python3.12/site-packages/airflow/example_dags/example_dag_decorator.py
[2024-10-13T09:20:48.249+0000] {logging_mixin.py:190} INFO - [2024-10-13T09:20:48.249+0000] {dag.py:3239} INFO - Sync 1 DAGs
[2024-10-13T09:20:48.269+0000] {logging_mixin.py:190} INFO - [2024-10-13T09:20:48.269+0000] {dag.py:4180} INFO - Setting next_dagrun for example_dag_decorator to None, run_after=None
[2024-10-13T09:20:48.311+0000] {processor.py:208} INFO - Processing /home/airflow/.local/lib/python3.12/site-packages/airflow/example_dags/example_dag_decorator.py took 0.270 seconds
[2024-10-13T09:21:19.354+0000] {processor.py:186} INFO - Started process (PID=2393) to work on /home/airflow/.local/lib/python3.12/site-packages/airflow/example_dags/example_dag_decorator.py
[2024-10-13T09:21:19.355+0000] {processor.py:914} INFO - Processing file /home/airflow/.local/lib/python3.12/site-packages/airflow/example_dags/example_dag_decorator.py for tasks to queue
[2024-10-13T09:21:19.359+0000] {logging_mixin.py:190} INFO - [2024-10-13T09:21:19.358+0000] {dagbag.py:588} INFO - Filling up the DagBag from /home/airflow/.local/lib/python3.12/site-packages/airflow/example_dags/example_dag_decorator.py
[2024-10-13T09:21:19.373+0000] {processor.py:925} INFO - DAG(s) 'example_dag_decorator' retrieved from /home/airflow/.local/lib/python3.12/site-packages/airflow/example_dags/example_dag_decorator.py
[2024-10-13T09:21:19.516+0000] {logging_mixin.py:190} INFO - [2024-10-13T09:21:19.515+0000] {dag.py:3239} INFO - Sync 1 DAGs
[2024-10-13T09:21:19.537+0000] {logging_mixin.py:190} INFO - [2024-10-13T09:21:19.537+0000] {dag.py:4180} INFO - Setting next_dagrun for example_dag_decorator to None, run_after=None
[2024-10-13T09:21:19.565+0000] {processor.py:208} INFO - Processing /home/airflow/.local/lib/python3.12/site-packages/airflow/example_dags/example_dag_decorator.py took 0.221 seconds
[2024-10-13T09:21:49.977+0000] {processor.py:186} INFO - Started process (PID=2456) to work on /home/airflow/.local/lib/python3.12/site-packages/airflow/example_dags/example_dag_decorator.py
[2024-10-13T09:21:49.978+0000] {processor.py:914} INFO - Processing file /home/airflow/.local/lib/python3.12/site-packages/airflow/example_dags/example_dag_decorator.py for tasks to queue
[2024-10-13T09:21:49.982+0000] {logging_mixin.py:190} INFO - [2024-10-13T09:21:49.981+0000] {dagbag.py:588} INFO - Filling up the DagBag from /home/airflow/.local/lib/python3.12/site-packages/airflow/example_dags/example_dag_decorator.py
[2024-10-13T09:21:49.998+0000] {processor.py:925} INFO - DAG(s) 'example_dag_decorator' retrieved from /home/airflow/.local/lib/python3.12/site-packages/airflow/example_dags/example_dag_decorator.py
[2024-10-13T09:21:50.209+0000] {logging_mixin.py:190} INFO - [2024-10-13T09:21:50.208+0000] {dag.py:3239} INFO - Sync 1 DAGs
[2024-10-13T09:21:50.224+0000] {logging_mixin.py:190} INFO - [2024-10-13T09:21:50.224+0000] {dag.py:4180} INFO - Setting next_dagrun for example_dag_decorator to None, run_after=None
[2024-10-13T09:21:50.251+0000] {processor.py:208} INFO - Processing /home/airflow/.local/lib/python3.12/site-packages/airflow/example_dags/example_dag_decorator.py took 0.286 seconds
[2024-10-13T09:22:20.389+0000] {processor.py:186} INFO - Started process (PID=2519) to work on /home/airflow/.local/lib/python3.12/site-packages/airflow/example_dags/example_dag_decorator.py
[2024-10-13T09:22:20.390+0000] {processor.py:914} INFO - Processing file /home/airflow/.local/lib/python3.12/site-packages/airflow/example_dags/example_dag_decorator.py for tasks to queue
[2024-10-13T09:22:20.393+0000] {logging_mixin.py:190} INFO - [2024-10-13T09:22:20.393+0000] {dagbag.py:588} INFO - Filling up the DagBag from /home/airflow/.local/lib/python3.12/site-packages/airflow/example_dags/example_dag_decorator.py
[2024-10-13T09:22:20.409+0000] {processor.py:925} INFO - DAG(s) 'example_dag_decorator' retrieved from /home/airflow/.local/lib/python3.12/site-packages/airflow/example_dags/example_dag_decorator.py
[2024-10-13T09:22:20.574+0000] {logging_mixin.py:190} INFO - [2024-10-13T09:22:20.573+0000] {dag.py:3239} INFO - Sync 1 DAGs
[2024-10-13T09:22:20.590+0000] {logging_mixin.py:190} INFO - [2024-10-13T09:22:20.590+0000] {dag.py:4180} INFO - Setting next_dagrun for example_dag_decorator to None, run_after=None
[2024-10-13T09:22:20.618+0000] {processor.py:208} INFO - Processing /home/airflow/.local/lib/python3.12/site-packages/airflow/example_dags/example_dag_decorator.py took 0.236 seconds
[2024-10-13T09:22:51.147+0000] {processor.py:186} INFO - Started process (PID=2582) to work on /home/airflow/.local/lib/python3.12/site-packages/airflow/example_dags/example_dag_decorator.py
[2024-10-13T09:22:51.149+0000] {processor.py:914} INFO - Processing file /home/airflow/.local/lib/python3.12/site-packages/airflow/example_dags/example_dag_decorator.py for tasks to queue
[2024-10-13T09:22:51.155+0000] {logging_mixin.py:190} INFO - [2024-10-13T09:22:51.154+0000] {dagbag.py:588} INFO - Filling up the DagBag from /home/airflow/.local/lib/python3.12/site-packages/airflow/example_dags/example_dag_decorator.py
[2024-10-13T09:22:51.174+0000] {processor.py:925} INFO - DAG(s) 'example_dag_decorator' retrieved from /home/airflow/.local/lib/python3.12/site-packages/airflow/example_dags/example_dag_decorator.py
[2024-10-13T09:22:51.290+0000] {logging_mixin.py:190} INFO - [2024-10-13T09:22:51.289+0000] {dag.py:3239} INFO - Sync 1 DAGs
[2024-10-13T09:22:51.302+0000] {logging_mixin.py:190} INFO - [2024-10-13T09:22:51.301+0000] {dag.py:4180} INFO - Setting next_dagrun for example_dag_decorator to None, run_after=None
[2024-10-13T09:22:51.326+0000] {processor.py:208} INFO - Processing /home/airflow/.local/lib/python3.12/site-packages/airflow/example_dags/example_dag_decorator.py took 0.190 seconds
[2024-10-13T09:23:21.820+0000] {processor.py:186} INFO - Started process (PID=2646) to work on /home/airflow/.local/lib/python3.12/site-packages/airflow/example_dags/example_dag_decorator.py
[2024-10-13T09:23:21.821+0000] {processor.py:914} INFO - Processing file /home/airflow/.local/lib/python3.12/site-packages/airflow/example_dags/example_dag_decorator.py for tasks to queue
[2024-10-13T09:23:21.825+0000] {logging_mixin.py:190} INFO - [2024-10-13T09:23:21.824+0000] {dagbag.py:588} INFO - Filling up the DagBag from /home/airflow/.local/lib/python3.12/site-packages/airflow/example_dags/example_dag_decorator.py
[2024-10-13T09:23:21.843+0000] {processor.py:925} INFO - DAG(s) 'example_dag_decorator' retrieved from /home/airflow/.local/lib/python3.12/site-packages/airflow/example_dags/example_dag_decorator.py
[2024-10-13T09:23:22.051+0000] {logging_mixin.py:190} INFO - [2024-10-13T09:23:22.050+0000] {dag.py:3239} INFO - Sync 1 DAGs
[2024-10-13T09:23:22.074+0000] {logging_mixin.py:190} INFO - [2024-10-13T09:23:22.074+0000] {dag.py:4180} INFO - Setting next_dagrun for example_dag_decorator to None, run_after=None
[2024-10-13T09:23:22.107+0000] {processor.py:208} INFO - Processing /home/airflow/.local/lib/python3.12/site-packages/airflow/example_dags/example_dag_decorator.py took 0.296 seconds
[2024-10-13T09:23:52.805+0000] {processor.py:186} INFO - Started process (PID=2709) to work on /home/airflow/.local/lib/python3.12/site-packages/airflow/example_dags/example_dag_decorator.py
[2024-10-13T09:23:52.806+0000] {processor.py:914} INFO - Processing file /home/airflow/.local/lib/python3.12/site-packages/airflow/example_dags/example_dag_decorator.py for tasks to queue
[2024-10-13T09:23:52.809+0000] {logging_mixin.py:190} INFO - [2024-10-13T09:23:52.809+0000] {dagbag.py:588} INFO - Filling up the DagBag from /home/airflow/.local/lib/python3.12/site-packages/airflow/example_dags/example_dag_decorator.py
[2024-10-13T09:23:52.820+0000] {processor.py:925} INFO - DAG(s) 'example_dag_decorator' retrieved from /home/airflow/.local/lib/python3.12/site-packages/airflow/example_dags/example_dag_decorator.py
[2024-10-13T09:23:52.924+0000] {logging_mixin.py:190} INFO - [2024-10-13T09:23:52.924+0000] {dag.py:3239} INFO - Sync 1 DAGs
[2024-10-13T09:23:52.934+0000] {logging_mixin.py:190} INFO - [2024-10-13T09:23:52.934+0000] {dag.py:4180} INFO - Setting next_dagrun for example_dag_decorator to None, run_after=None
[2024-10-13T09:23:52.957+0000] {processor.py:208} INFO - Processing /home/airflow/.local/lib/python3.12/site-packages/airflow/example_dags/example_dag_decorator.py took 0.157 seconds
[2024-10-13T09:24:25.078+0000] {processor.py:186} INFO - Started process (PID=2771) to work on /home/airflow/.local/lib/python3.12/site-packages/airflow/example_dags/example_dag_decorator.py
[2024-10-13T09:24:25.081+0000] {processor.py:914} INFO - Processing file /home/airflow/.local/lib/python3.12/site-packages/airflow/example_dags/example_dag_decorator.py for tasks to queue
[2024-10-13T09:24:25.095+0000] {logging_mixin.py:190} INFO - [2024-10-13T09:24:25.094+0000] {dagbag.py:588} INFO - Filling up the DagBag from /home/airflow/.local/lib/python3.12/site-packages/airflow/example_dags/example_dag_decorator.py
[2024-10-13T09:24:25.152+0000] {processor.py:925} INFO - DAG(s) 'example_dag_decorator' retrieved from /home/airflow/.local/lib/python3.12/site-packages/airflow/example_dags/example_dag_decorator.py
[2024-10-13T09:24:25.490+0000] {logging_mixin.py:190} INFO - [2024-10-13T09:24:25.489+0000] {dag.py:3239} INFO - Sync 1 DAGs
[2024-10-13T09:24:25.533+0000] {logging_mixin.py:190} INFO - [2024-10-13T09:24:25.532+0000] {dag.py:4180} INFO - Setting next_dagrun for example_dag_decorator to None, run_after=None
[2024-10-13T09:24:25.621+0000] {processor.py:208} INFO - Processing /home/airflow/.local/lib/python3.12/site-packages/airflow/example_dags/example_dag_decorator.py took 0.572 seconds
[2024-10-13T09:24:56.928+0000] {processor.py:186} INFO - Started process (PID=2838) to work on /home/airflow/.local/lib/python3.12/site-packages/airflow/example_dags/example_dag_decorator.py
[2024-10-13T09:24:56.932+0000] {processor.py:914} INFO - Processing file /home/airflow/.local/lib/python3.12/site-packages/airflow/example_dags/example_dag_decorator.py for tasks to queue
[2024-10-13T09:24:56.937+0000] {logging_mixin.py:190} INFO - [2024-10-13T09:24:56.936+0000] {dagbag.py:588} INFO - Filling up the DagBag from /home/airflow/.local/lib/python3.12/site-packages/airflow/example_dags/example_dag_decorator.py
[2024-10-13T09:24:56.968+0000] {processor.py:925} INFO - DAG(s) 'example_dag_decorator' retrieved from /home/airflow/.local/lib/python3.12/site-packages/airflow/example_dags/example_dag_decorator.py
[2024-10-13T09:24:57.226+0000] {logging_mixin.py:190} INFO - [2024-10-13T09:24:57.225+0000] {dag.py:3239} INFO - Sync 1 DAGs
[2024-10-13T09:24:57.246+0000] {logging_mixin.py:190} INFO - [2024-10-13T09:24:57.245+0000] {dag.py:4180} INFO - Setting next_dagrun for example_dag_decorator to None, run_after=None
[2024-10-13T09:24:57.278+0000] {processor.py:208} INFO - Processing /home/airflow/.local/lib/python3.12/site-packages/airflow/example_dags/example_dag_decorator.py took 0.365 seconds
[2024-10-13T09:25:28.181+0000] {processor.py:186} INFO - Started process (PID=2902) to work on /home/airflow/.local/lib/python3.12/site-packages/airflow/example_dags/example_dag_decorator.py
[2024-10-13T09:25:28.183+0000] {processor.py:914} INFO - Processing file /home/airflow/.local/lib/python3.12/site-packages/airflow/example_dags/example_dag_decorator.py for tasks to queue
[2024-10-13T09:25:28.186+0000] {logging_mixin.py:190} INFO - [2024-10-13T09:25:28.186+0000] {dagbag.py:588} INFO - Filling up the DagBag from /home/airflow/.local/lib/python3.12/site-packages/airflow/example_dags/example_dag_decorator.py
[2024-10-13T09:25:28.201+0000] {processor.py:925} INFO - DAG(s) 'example_dag_decorator' retrieved from /home/airflow/.local/lib/python3.12/site-packages/airflow/example_dags/example_dag_decorator.py
[2024-10-13T09:25:28.371+0000] {logging_mixin.py:190} INFO - [2024-10-13T09:25:28.370+0000] {dag.py:3239} INFO - Sync 1 DAGs
[2024-10-13T09:25:28.386+0000] {logging_mixin.py:190} INFO - [2024-10-13T09:25:28.386+0000] {dag.py:4180} INFO - Setting next_dagrun for example_dag_decorator to None, run_after=None
[2024-10-13T09:25:28.422+0000] {processor.py:208} INFO - Processing /home/airflow/.local/lib/python3.12/site-packages/airflow/example_dags/example_dag_decorator.py took 0.249 seconds
[2024-10-13T09:25:59.029+0000] {processor.py:186} INFO - Started process (PID=2965) to work on /home/airflow/.local/lib/python3.12/site-packages/airflow/example_dags/example_dag_decorator.py
[2024-10-13T09:25:59.031+0000] {processor.py:914} INFO - Processing file /home/airflow/.local/lib/python3.12/site-packages/airflow/example_dags/example_dag_decorator.py for tasks to queue
[2024-10-13T09:25:59.037+0000] {logging_mixin.py:190} INFO - [2024-10-13T09:25:59.036+0000] {dagbag.py:588} INFO - Filling up the DagBag from /home/airflow/.local/lib/python3.12/site-packages/airflow/example_dags/example_dag_decorator.py
[2024-10-13T09:25:59.057+0000] {processor.py:925} INFO - DAG(s) 'example_dag_decorator' retrieved from /home/airflow/.local/lib/python3.12/site-packages/airflow/example_dags/example_dag_decorator.py
[2024-10-13T09:25:59.233+0000] {logging_mixin.py:190} INFO - [2024-10-13T09:25:59.232+0000] {dag.py:3239} INFO - Sync 1 DAGs
[2024-10-13T09:25:59.250+0000] {logging_mixin.py:190} INFO - [2024-10-13T09:25:59.250+0000] {dag.py:4180} INFO - Setting next_dagrun for example_dag_decorator to None, run_after=None
[2024-10-13T09:25:59.283+0000] {processor.py:208} INFO - Processing /home/airflow/.local/lib/python3.12/site-packages/airflow/example_dags/example_dag_decorator.py took 0.263 seconds
[2024-10-13T09:26:33.093+0000] {processor.py:186} INFO - Started process (PID=3026) to work on /home/airflow/.local/lib/python3.12/site-packages/airflow/example_dags/example_dag_decorator.py
[2024-10-13T09:26:33.114+0000] {processor.py:914} INFO - Processing file /home/airflow/.local/lib/python3.12/site-packages/airflow/example_dags/example_dag_decorator.py for tasks to queue
[2024-10-13T09:26:33.125+0000] {logging_mixin.py:190} INFO - [2024-10-13T09:26:33.123+0000] {dagbag.py:588} INFO - Filling up the DagBag from /home/airflow/.local/lib/python3.12/site-packages/airflow/example_dags/example_dag_decorator.py
[2024-10-13T09:26:33.236+0000] {processor.py:925} INFO - DAG(s) 'example_dag_decorator' retrieved from /home/airflow/.local/lib/python3.12/site-packages/airflow/example_dags/example_dag_decorator.py
[2024-10-13T09:26:33.831+0000] {logging_mixin.py:190} INFO - [2024-10-13T09:26:33.831+0000] {dag.py:3239} INFO - Sync 1 DAGs
[2024-10-13T09:26:33.885+0000] {logging_mixin.py:190} INFO - [2024-10-13T09:26:33.884+0000] {dag.py:4180} INFO - Setting next_dagrun for example_dag_decorator to None, run_after=None
[2024-10-13T09:26:34.004+0000] {processor.py:208} INFO - Processing /home/airflow/.local/lib/python3.12/site-packages/airflow/example_dags/example_dag_decorator.py took 0.925 seconds
[2024-10-13T09:27:05.461+0000] {processor.py:186} INFO - Started process (PID=3089) to work on /home/airflow/.local/lib/python3.12/site-packages/airflow/example_dags/example_dag_decorator.py
[2024-10-13T09:27:05.467+0000] {processor.py:914} INFO - Processing file /home/airflow/.local/lib/python3.12/site-packages/airflow/example_dags/example_dag_decorator.py for tasks to queue
[2024-10-13T09:27:05.479+0000] {logging_mixin.py:190} INFO - [2024-10-13T09:27:05.478+0000] {dagbag.py:588} INFO - Filling up the DagBag from /home/airflow/.local/lib/python3.12/site-packages/airflow/example_dags/example_dag_decorator.py
[2024-10-13T09:27:05.527+0000] {processor.py:925} INFO - DAG(s) 'example_dag_decorator' retrieved from /home/airflow/.local/lib/python3.12/site-packages/airflow/example_dags/example_dag_decorator.py
[2024-10-13T09:27:05.825+0000] {logging_mixin.py:190} INFO - [2024-10-13T09:27:05.824+0000] {dag.py:3239} INFO - Sync 1 DAGs
[2024-10-13T09:27:05.865+0000] {logging_mixin.py:190} INFO - [2024-10-13T09:27:05.865+0000] {dag.py:4180} INFO - Setting next_dagrun for example_dag_decorator to None, run_after=None
[2024-10-13T09:27:05.930+0000] {processor.py:208} INFO - Processing /home/airflow/.local/lib/python3.12/site-packages/airflow/example_dags/example_dag_decorator.py took 0.481 seconds
[2024-10-13T09:27:36.277+0000] {processor.py:186} INFO - Started process (PID=3153) to work on /home/airflow/.local/lib/python3.12/site-packages/airflow/example_dags/example_dag_decorator.py
[2024-10-13T09:27:36.280+0000] {processor.py:914} INFO - Processing file /home/airflow/.local/lib/python3.12/site-packages/airflow/example_dags/example_dag_decorator.py for tasks to queue
[2024-10-13T09:27:36.286+0000] {logging_mixin.py:190} INFO - [2024-10-13T09:27:36.285+0000] {dagbag.py:588} INFO - Filling up the DagBag from /home/airflow/.local/lib/python3.12/site-packages/airflow/example_dags/example_dag_decorator.py
[2024-10-13T09:27:36.309+0000] {processor.py:925} INFO - DAG(s) 'example_dag_decorator' retrieved from /home/airflow/.local/lib/python3.12/site-packages/airflow/example_dags/example_dag_decorator.py
[2024-10-13T09:27:36.648+0000] {logging_mixin.py:190} INFO - [2024-10-13T09:27:36.648+0000] {dag.py:3239} INFO - Sync 1 DAGs
[2024-10-13T09:27:36.681+0000] {logging_mixin.py:190} INFO - [2024-10-13T09:27:36.680+0000] {dag.py:4180} INFO - Setting next_dagrun for example_dag_decorator to None, run_after=None
[2024-10-13T09:27:36.740+0000] {processor.py:208} INFO - Processing /home/airflow/.local/lib/python3.12/site-packages/airflow/example_dags/example_dag_decorator.py took 0.481 seconds
[2024-10-13T09:28:07.065+0000] {processor.py:186} INFO - Started process (PID=3215) to work on /home/airflow/.local/lib/python3.12/site-packages/airflow/example_dags/example_dag_decorator.py
[2024-10-13T09:28:07.068+0000] {processor.py:914} INFO - Processing file /home/airflow/.local/lib/python3.12/site-packages/airflow/example_dags/example_dag_decorator.py for tasks to queue
[2024-10-13T09:28:07.072+0000] {logging_mixin.py:190} INFO - [2024-10-13T09:28:07.072+0000] {dagbag.py:588} INFO - Filling up the DagBag from /home/airflow/.local/lib/python3.12/site-packages/airflow/example_dags/example_dag_decorator.py
[2024-10-13T09:28:07.090+0000] {processor.py:925} INFO - DAG(s) 'example_dag_decorator' retrieved from /home/airflow/.local/lib/python3.12/site-packages/airflow/example_dags/example_dag_decorator.py
[2024-10-13T09:28:07.207+0000] {logging_mixin.py:190} INFO - [2024-10-13T09:28:07.207+0000] {dag.py:3239} INFO - Sync 1 DAGs
[2024-10-13T09:28:07.454+0000] {logging_mixin.py:190} INFO - [2024-10-13T09:28:07.454+0000] {dag.py:4180} INFO - Setting next_dagrun for example_dag_decorator to None, run_after=None
[2024-10-13T09:28:07.494+0000] {processor.py:208} INFO - Processing /home/airflow/.local/lib/python3.12/site-packages/airflow/example_dags/example_dag_decorator.py took 0.438 seconds
[2024-10-13T09:28:37.708+0000] {processor.py:186} INFO - Started process (PID=3278) to work on /home/airflow/.local/lib/python3.12/site-packages/airflow/example_dags/example_dag_decorator.py
[2024-10-13T09:28:37.710+0000] {processor.py:914} INFO - Processing file /home/airflow/.local/lib/python3.12/site-packages/airflow/example_dags/example_dag_decorator.py for tasks to queue
[2024-10-13T09:28:37.713+0000] {logging_mixin.py:190} INFO - [2024-10-13T09:28:37.713+0000] {dagbag.py:588} INFO - Filling up the DagBag from /home/airflow/.local/lib/python3.12/site-packages/airflow/example_dags/example_dag_decorator.py
[2024-10-13T09:28:37.728+0000] {processor.py:925} INFO - DAG(s) 'example_dag_decorator' retrieved from /home/airflow/.local/lib/python3.12/site-packages/airflow/example_dags/example_dag_decorator.py
[2024-10-13T09:28:37.841+0000] {logging_mixin.py:190} INFO - [2024-10-13T09:28:37.840+0000] {dag.py:3239} INFO - Sync 1 DAGs
[2024-10-13T09:28:37.853+0000] {logging_mixin.py:190} INFO - [2024-10-13T09:28:37.853+0000] {dag.py:4180} INFO - Setting next_dagrun for example_dag_decorator to None, run_after=None
[2024-10-13T09:28:37.877+0000] {processor.py:208} INFO - Processing /home/airflow/.local/lib/python3.12/site-packages/airflow/example_dags/example_dag_decorator.py took 0.175 seconds
[2024-10-13T09:29:08.107+0000] {processor.py:186} INFO - Started process (PID=3341) to work on /home/airflow/.local/lib/python3.12/site-packages/airflow/example_dags/example_dag_decorator.py
[2024-10-13T09:29:08.108+0000] {processor.py:914} INFO - Processing file /home/airflow/.local/lib/python3.12/site-packages/airflow/example_dags/example_dag_decorator.py for tasks to queue
[2024-10-13T09:29:08.112+0000] {logging_mixin.py:190} INFO - [2024-10-13T09:29:08.111+0000] {dagbag.py:588} INFO - Filling up the DagBag from /home/airflow/.local/lib/python3.12/site-packages/airflow/example_dags/example_dag_decorator.py
[2024-10-13T09:29:08.123+0000] {processor.py:925} INFO - DAG(s) 'example_dag_decorator' retrieved from /home/airflow/.local/lib/python3.12/site-packages/airflow/example_dags/example_dag_decorator.py
[2024-10-13T09:29:08.246+0000] {logging_mixin.py:190} INFO - [2024-10-13T09:29:08.246+0000] {dag.py:3239} INFO - Sync 1 DAGs
[2024-10-13T09:29:08.258+0000] {logging_mixin.py:190} INFO - [2024-10-13T09:29:08.257+0000] {dag.py:4180} INFO - Setting next_dagrun for example_dag_decorator to None, run_after=None
[2024-10-13T09:29:08.278+0000] {processor.py:208} INFO - Processing /home/airflow/.local/lib/python3.12/site-packages/airflow/example_dags/example_dag_decorator.py took 0.176 seconds
[2024-10-13T09:29:38.427+0000] {processor.py:186} INFO - Started process (PID=3404) to work on /home/airflow/.local/lib/python3.12/site-packages/airflow/example_dags/example_dag_decorator.py
[2024-10-13T09:29:38.428+0000] {processor.py:914} INFO - Processing file /home/airflow/.local/lib/python3.12/site-packages/airflow/example_dags/example_dag_decorator.py for tasks to queue
[2024-10-13T09:29:38.432+0000] {logging_mixin.py:190} INFO - [2024-10-13T09:29:38.431+0000] {dagbag.py:588} INFO - Filling up the DagBag from /home/airflow/.local/lib/python3.12/site-packages/airflow/example_dags/example_dag_decorator.py
[2024-10-13T09:29:38.449+0000] {processor.py:925} INFO - DAG(s) 'example_dag_decorator' retrieved from /home/airflow/.local/lib/python3.12/site-packages/airflow/example_dags/example_dag_decorator.py
[2024-10-13T09:29:38.798+0000] {logging_mixin.py:190} INFO - [2024-10-13T09:29:38.798+0000] {dag.py:3239} INFO - Sync 1 DAGs
[2024-10-13T09:29:38.809+0000] {logging_mixin.py:190} INFO - [2024-10-13T09:29:38.809+0000] {dag.py:4180} INFO - Setting next_dagrun for example_dag_decorator to None, run_after=None
[2024-10-13T09:29:38.830+0000] {processor.py:208} INFO - Processing /home/airflow/.local/lib/python3.12/site-packages/airflow/example_dags/example_dag_decorator.py took 0.413 seconds
[2024-10-13T09:30:08.902+0000] {processor.py:186} INFO - Started process (PID=3467) to work on /home/airflow/.local/lib/python3.12/site-packages/airflow/example_dags/example_dag_decorator.py
[2024-10-13T09:30:08.903+0000] {processor.py:914} INFO - Processing file /home/airflow/.local/lib/python3.12/site-packages/airflow/example_dags/example_dag_decorator.py for tasks to queue
[2024-10-13T09:30:08.910+0000] {logging_mixin.py:190} INFO - [2024-10-13T09:30:08.909+0000] {dagbag.py:588} INFO - Filling up the DagBag from /home/airflow/.local/lib/python3.12/site-packages/airflow/example_dags/example_dag_decorator.py
[2024-10-13T09:30:08.931+0000] {processor.py:925} INFO - DAG(s) 'example_dag_decorator' retrieved from /home/airflow/.local/lib/python3.12/site-packages/airflow/example_dags/example_dag_decorator.py
[2024-10-13T09:30:09.289+0000] {logging_mixin.py:190} INFO - [2024-10-13T09:30:09.288+0000] {dag.py:3239} INFO - Sync 1 DAGs
[2024-10-13T09:30:09.300+0000] {logging_mixin.py:190} INFO - [2024-10-13T09:30:09.300+0000] {dag.py:4180} INFO - Setting next_dagrun for example_dag_decorator to None, run_after=None
[2024-10-13T09:30:09.329+0000] {processor.py:208} INFO - Processing /home/airflow/.local/lib/python3.12/site-packages/airflow/example_dags/example_dag_decorator.py took 0.436 seconds
