[2024-10-13T09:02:38.881+0000] {processor.py:186} INFO - Started process (PID=108) to work on /home/airflow/.local/lib/python3.12/site-packages/airflow/example_dags/example_branch_labels.py
[2024-10-13T09:02:38.884+0000] {processor.py:914} INFO - Processing file /home/airflow/.local/lib/python3.12/site-packages/airflow/example_dags/example_branch_labels.py for tasks to queue
[2024-10-13T09:02:38.892+0000] {logging_mixin.py:190} INFO - [2024-10-13T09:02:38.891+0000] {dagbag.py:588} INFO - Filling up the DagBag from /home/airflow/.local/lib/python3.12/site-packages/airflow/example_dags/example_branch_labels.py
[2024-10-13T09:02:38.929+0000] {processor.py:925} INFO - DAG(s) 'example_branch_labels' retrieved from /home/airflow/.local/lib/python3.12/site-packages/airflow/example_dags/example_branch_labels.py
[2024-10-13T09:02:38.999+0000] {logging_mixin.py:190} INFO - [2024-10-13T09:02:38.998+0000] {dag.py:3239} INFO - Sync 1 DAGs
[2024-10-13T09:02:39.085+0000] {logging_mixin.py:190} INFO - [2024-10-13T09:02:39.084+0000] {dag.py:4180} INFO - Setting next_dagrun for example_branch_labels to 2024-10-12 00:00:00+00:00, run_after=2024-10-13 00:00:00+00:00
[2024-10-13T09:02:39.168+0000] {processor.py:208} INFO - Processing /home/airflow/.local/lib/python3.12/site-packages/airflow/example_dags/example_branch_labels.py took 0.300 seconds
[2024-10-13T09:03:09.433+0000] {processor.py:186} INFO - Started process (PID=172) to work on /home/airflow/.local/lib/python3.12/site-packages/airflow/example_dags/example_branch_labels.py
[2024-10-13T09:03:09.436+0000] {processor.py:914} INFO - Processing file /home/airflow/.local/lib/python3.12/site-packages/airflow/example_dags/example_branch_labels.py for tasks to queue
[2024-10-13T09:03:09.441+0000] {logging_mixin.py:190} INFO - [2024-10-13T09:03:09.440+0000] {dagbag.py:588} INFO - Filling up the DagBag from /home/airflow/.local/lib/python3.12/site-packages/airflow/example_dags/example_branch_labels.py
[2024-10-13T09:03:09.468+0000] {processor.py:925} INFO - DAG(s) 'example_branch_labels' retrieved from /home/airflow/.local/lib/python3.12/site-packages/airflow/example_dags/example_branch_labels.py
[2024-10-13T09:03:09.514+0000] {logging_mixin.py:190} INFO - [2024-10-13T09:03:09.514+0000] {dag.py:3239} INFO - Sync 1 DAGs
[2024-10-13T09:03:09.612+0000] {logging_mixin.py:190} INFO - [2024-10-13T09:03:09.612+0000] {dag.py:4180} INFO - Setting next_dagrun for example_branch_labels to 2024-10-12 00:00:00+00:00, run_after=2024-10-13 00:00:00+00:00
[2024-10-13T09:03:09.664+0000] {processor.py:208} INFO - Processing /home/airflow/.local/lib/python3.12/site-packages/airflow/example_dags/example_branch_labels.py took 0.243 seconds
[2024-10-13T09:03:42.007+0000] {processor.py:186} INFO - Started process (PID=242) to work on /home/airflow/.local/lib/python3.12/site-packages/airflow/example_dags/example_branch_labels.py
[2024-10-13T09:03:42.023+0000] {processor.py:914} INFO - Processing file /home/airflow/.local/lib/python3.12/site-packages/airflow/example_dags/example_branch_labels.py for tasks to queue
[2024-10-13T09:03:42.036+0000] {logging_mixin.py:190} INFO - [2024-10-13T09:03:42.035+0000] {dagbag.py:588} INFO - Filling up the DagBag from /home/airflow/.local/lib/python3.12/site-packages/airflow/example_dags/example_branch_labels.py
[2024-10-13T09:03:42.082+0000] {processor.py:925} INFO - DAG(s) 'example_branch_labels' retrieved from /home/airflow/.local/lib/python3.12/site-packages/airflow/example_dags/example_branch_labels.py
[2024-10-13T09:03:42.200+0000] {logging_mixin.py:190} INFO - [2024-10-13T09:03:42.199+0000] {dag.py:3239} INFO - Sync 1 DAGs
[2024-10-13T09:03:42.295+0000] {logging_mixin.py:190} INFO - [2024-10-13T09:03:42.295+0000] {dag.py:4180} INFO - Setting next_dagrun for example_branch_labels to 2024-10-12 00:00:00+00:00, run_after=2024-10-13 00:00:00+00:00
[2024-10-13T09:03:42.369+0000] {processor.py:208} INFO - Processing /home/airflow/.local/lib/python3.12/site-packages/airflow/example_dags/example_branch_labels.py took 0.379 seconds
[2024-10-13T09:04:14.512+0000] {processor.py:186} INFO - Started process (PID=304) to work on /home/airflow/.local/lib/python3.12/site-packages/airflow/example_dags/example_branch_labels.py
[2024-10-13T09:04:14.527+0000] {processor.py:914} INFO - Processing file /home/airflow/.local/lib/python3.12/site-packages/airflow/example_dags/example_branch_labels.py for tasks to queue
[2024-10-13T09:04:14.565+0000] {logging_mixin.py:190} INFO - [2024-10-13T09:04:14.562+0000] {dagbag.py:588} INFO - Filling up the DagBag from /home/airflow/.local/lib/python3.12/site-packages/airflow/example_dags/example_branch_labels.py
[2024-10-13T09:04:14.665+0000] {processor.py:925} INFO - DAG(s) 'example_branch_labels' retrieved from /home/airflow/.local/lib/python3.12/site-packages/airflow/example_dags/example_branch_labels.py
[2024-10-13T09:04:14.773+0000] {logging_mixin.py:190} INFO - [2024-10-13T09:04:14.772+0000] {dag.py:3239} INFO - Sync 1 DAGs
[2024-10-13T09:04:14.859+0000] {logging_mixin.py:190} INFO - [2024-10-13T09:04:14.859+0000] {dag.py:4180} INFO - Setting next_dagrun for example_branch_labels to 2024-10-12 00:00:00+00:00, run_after=2024-10-13 00:00:00+00:00
[2024-10-13T09:04:15.062+0000] {processor.py:208} INFO - Processing /home/airflow/.local/lib/python3.12/site-packages/airflow/example_dags/example_branch_labels.py took 0.626 seconds
[2024-10-13T09:04:45.292+0000] {processor.py:186} INFO - Started process (PID=367) to work on /home/airflow/.local/lib/python3.12/site-packages/airflow/example_dags/example_branch_labels.py
[2024-10-13T09:04:45.293+0000] {processor.py:914} INFO - Processing file /home/airflow/.local/lib/python3.12/site-packages/airflow/example_dags/example_branch_labels.py for tasks to queue
[2024-10-13T09:04:45.297+0000] {logging_mixin.py:190} INFO - [2024-10-13T09:04:45.296+0000] {dagbag.py:588} INFO - Filling up the DagBag from /home/airflow/.local/lib/python3.12/site-packages/airflow/example_dags/example_branch_labels.py
[2024-10-13T09:04:45.309+0000] {processor.py:925} INFO - DAG(s) 'example_branch_labels' retrieved from /home/airflow/.local/lib/python3.12/site-packages/airflow/example_dags/example_branch_labels.py
[2024-10-13T09:04:45.331+0000] {logging_mixin.py:190} INFO - [2024-10-13T09:04:45.330+0000] {dag.py:3239} INFO - Sync 1 DAGs
[2024-10-13T09:04:45.357+0000] {logging_mixin.py:190} INFO - [2024-10-13T09:04:45.356+0000] {dag.py:4180} INFO - Setting next_dagrun for example_branch_labels to 2024-10-12 00:00:00+00:00, run_after=2024-10-13 00:00:00+00:00
[2024-10-13T09:04:45.381+0000] {processor.py:208} INFO - Processing /home/airflow/.local/lib/python3.12/site-packages/airflow/example_dags/example_branch_labels.py took 0.096 seconds
[2024-10-13T09:05:17.290+0000] {processor.py:186} INFO - Started process (PID=430) to work on /home/airflow/.local/lib/python3.12/site-packages/airflow/example_dags/example_branch_labels.py
[2024-10-13T09:05:17.292+0000] {processor.py:914} INFO - Processing file /home/airflow/.local/lib/python3.12/site-packages/airflow/example_dags/example_branch_labels.py for tasks to queue
[2024-10-13T09:05:17.295+0000] {logging_mixin.py:190} INFO - [2024-10-13T09:05:17.295+0000] {dagbag.py:588} INFO - Filling up the DagBag from /home/airflow/.local/lib/python3.12/site-packages/airflow/example_dags/example_branch_labels.py
[2024-10-13T09:05:17.306+0000] {processor.py:925} INFO - DAG(s) 'example_branch_labels' retrieved from /home/airflow/.local/lib/python3.12/site-packages/airflow/example_dags/example_branch_labels.py
[2024-10-13T09:05:17.332+0000] {logging_mixin.py:190} INFO - [2024-10-13T09:05:17.332+0000] {dag.py:3239} INFO - Sync 1 DAGs
[2024-10-13T09:05:17.365+0000] {logging_mixin.py:190} INFO - [2024-10-13T09:05:17.364+0000] {dag.py:4180} INFO - Setting next_dagrun for example_branch_labels to 2024-10-12 00:00:00+00:00, run_after=2024-10-13 00:00:00+00:00
[2024-10-13T09:05:17.415+0000] {processor.py:208} INFO - Processing /home/airflow/.local/lib/python3.12/site-packages/airflow/example_dags/example_branch_labels.py took 0.135 seconds
[2024-10-13T09:05:48.300+0000] {processor.py:186} INFO - Started process (PID=493) to work on /home/airflow/.local/lib/python3.12/site-packages/airflow/example_dags/example_branch_labels.py
[2024-10-13T09:05:48.324+0000] {processor.py:914} INFO - Processing file /home/airflow/.local/lib/python3.12/site-packages/airflow/example_dags/example_branch_labels.py for tasks to queue
[2024-10-13T09:05:48.334+0000] {logging_mixin.py:190} INFO - [2024-10-13T09:05:48.333+0000] {dagbag.py:588} INFO - Filling up the DagBag from /home/airflow/.local/lib/python3.12/site-packages/airflow/example_dags/example_branch_labels.py
[2024-10-13T09:05:48.364+0000] {processor.py:925} INFO - DAG(s) 'example_branch_labels' retrieved from /home/airflow/.local/lib/python3.12/site-packages/airflow/example_dags/example_branch_labels.py
[2024-10-13T09:05:48.418+0000] {logging_mixin.py:190} INFO - [2024-10-13T09:05:48.417+0000] {dag.py:3239} INFO - Sync 1 DAGs
[2024-10-13T09:05:48.492+0000] {logging_mixin.py:190} INFO - [2024-10-13T09:05:48.491+0000] {dag.py:4180} INFO - Setting next_dagrun for example_branch_labels to 2024-10-12 00:00:00+00:00, run_after=2024-10-13 00:00:00+00:00
[2024-10-13T09:05:48.562+0000] {processor.py:208} INFO - Processing /home/airflow/.local/lib/python3.12/site-packages/airflow/example_dags/example_branch_labels.py took 0.276 seconds
[2024-10-13T09:06:19.130+0000] {processor.py:186} INFO - Started process (PID=556) to work on /home/airflow/.local/lib/python3.12/site-packages/airflow/example_dags/example_branch_labels.py
[2024-10-13T09:06:19.132+0000] {processor.py:914} INFO - Processing file /home/airflow/.local/lib/python3.12/site-packages/airflow/example_dags/example_branch_labels.py for tasks to queue
[2024-10-13T09:06:19.138+0000] {logging_mixin.py:190} INFO - [2024-10-13T09:06:19.137+0000] {dagbag.py:588} INFO - Filling up the DagBag from /home/airflow/.local/lib/python3.12/site-packages/airflow/example_dags/example_branch_labels.py
[2024-10-13T09:06:19.153+0000] {processor.py:925} INFO - DAG(s) 'example_branch_labels' retrieved from /home/airflow/.local/lib/python3.12/site-packages/airflow/example_dags/example_branch_labels.py
[2024-10-13T09:06:19.193+0000] {logging_mixin.py:190} INFO - [2024-10-13T09:06:19.192+0000] {dag.py:3239} INFO - Sync 1 DAGs
[2024-10-13T09:06:19.248+0000] {logging_mixin.py:190} INFO - [2024-10-13T09:06:19.247+0000] {dag.py:4180} INFO - Setting next_dagrun for example_branch_labels to 2024-10-12 00:00:00+00:00, run_after=2024-10-13 00:00:00+00:00
[2024-10-13T09:06:19.296+0000] {processor.py:208} INFO - Processing /home/airflow/.local/lib/python3.12/site-packages/airflow/example_dags/example_branch_labels.py took 0.178 seconds
[2024-10-13T09:06:50.432+0000] {processor.py:186} INFO - Started process (PID=619) to work on /home/airflow/.local/lib/python3.12/site-packages/airflow/example_dags/example_branch_labels.py
[2024-10-13T09:06:50.434+0000] {processor.py:914} INFO - Processing file /home/airflow/.local/lib/python3.12/site-packages/airflow/example_dags/example_branch_labels.py for tasks to queue
[2024-10-13T09:06:50.439+0000] {logging_mixin.py:190} INFO - [2024-10-13T09:06:50.439+0000] {dagbag.py:588} INFO - Filling up the DagBag from /home/airflow/.local/lib/python3.12/site-packages/airflow/example_dags/example_branch_labels.py
[2024-10-13T09:06:50.451+0000] {processor.py:925} INFO - DAG(s) 'example_branch_labels' retrieved from /home/airflow/.local/lib/python3.12/site-packages/airflow/example_dags/example_branch_labels.py
[2024-10-13T09:06:50.482+0000] {logging_mixin.py:190} INFO - [2024-10-13T09:06:50.482+0000] {dag.py:3239} INFO - Sync 1 DAGs
[2024-10-13T09:06:50.516+0000] {logging_mixin.py:190} INFO - [2024-10-13T09:06:50.515+0000] {dag.py:4180} INFO - Setting next_dagrun for example_branch_labels to 2024-10-12 00:00:00+00:00, run_after=2024-10-13 00:00:00+00:00
[2024-10-13T09:06:50.551+0000] {processor.py:208} INFO - Processing /home/airflow/.local/lib/python3.12/site-packages/airflow/example_dags/example_branch_labels.py took 0.130 seconds
[2024-10-13T09:07:22.226+0000] {processor.py:186} INFO - Started process (PID=683) to work on /home/airflow/.local/lib/python3.12/site-packages/airflow/example_dags/example_branch_labels.py
[2024-10-13T09:07:22.228+0000] {processor.py:914} INFO - Processing file /home/airflow/.local/lib/python3.12/site-packages/airflow/example_dags/example_branch_labels.py for tasks to queue
[2024-10-13T09:07:22.234+0000] {logging_mixin.py:190} INFO - [2024-10-13T09:07:22.233+0000] {dagbag.py:588} INFO - Filling up the DagBag from /home/airflow/.local/lib/python3.12/site-packages/airflow/example_dags/example_branch_labels.py
[2024-10-13T09:07:22.265+0000] {processor.py:925} INFO - DAG(s) 'example_branch_labels' retrieved from /home/airflow/.local/lib/python3.12/site-packages/airflow/example_dags/example_branch_labels.py
[2024-10-13T09:07:22.330+0000] {logging_mixin.py:190} INFO - [2024-10-13T09:07:22.329+0000] {dag.py:3239} INFO - Sync 1 DAGs
[2024-10-13T09:07:22.425+0000] {logging_mixin.py:190} INFO - [2024-10-13T09:07:22.424+0000] {dag.py:4180} INFO - Setting next_dagrun for example_branch_labels to 2024-10-12 00:00:00+00:00, run_after=2024-10-13 00:00:00+00:00
[2024-10-13T09:07:22.507+0000] {processor.py:208} INFO - Processing /home/airflow/.local/lib/python3.12/site-packages/airflow/example_dags/example_branch_labels.py took 0.301 seconds
[2024-10-13T09:07:53.691+0000] {processor.py:186} INFO - Started process (PID=746) to work on /home/airflow/.local/lib/python3.12/site-packages/airflow/example_dags/example_branch_labels.py
[2024-10-13T09:07:53.693+0000] {processor.py:914} INFO - Processing file /home/airflow/.local/lib/python3.12/site-packages/airflow/example_dags/example_branch_labels.py for tasks to queue
[2024-10-13T09:07:53.699+0000] {logging_mixin.py:190} INFO - [2024-10-13T09:07:53.699+0000] {dagbag.py:588} INFO - Filling up the DagBag from /home/airflow/.local/lib/python3.12/site-packages/airflow/example_dags/example_branch_labels.py
[2024-10-13T09:07:53.722+0000] {processor.py:925} INFO - DAG(s) 'example_branch_labels' retrieved from /home/airflow/.local/lib/python3.12/site-packages/airflow/example_dags/example_branch_labels.py
[2024-10-13T09:07:53.772+0000] {logging_mixin.py:190} INFO - [2024-10-13T09:07:53.771+0000] {dag.py:3239} INFO - Sync 1 DAGs
[2024-10-13T09:07:53.830+0000] {logging_mixin.py:190} INFO - [2024-10-13T09:07:53.829+0000] {dag.py:4180} INFO - Setting next_dagrun for example_branch_labels to 2024-10-12 00:00:00+00:00, run_after=2024-10-13 00:00:00+00:00
[2024-10-13T09:07:53.879+0000] {processor.py:208} INFO - Processing /home/airflow/.local/lib/python3.12/site-packages/airflow/example_dags/example_branch_labels.py took 0.204 seconds
[2024-10-13T09:08:24.533+0000] {processor.py:186} INFO - Started process (PID=809) to work on /home/airflow/.local/lib/python3.12/site-packages/airflow/example_dags/example_branch_labels.py
[2024-10-13T09:08:24.535+0000] {processor.py:914} INFO - Processing file /home/airflow/.local/lib/python3.12/site-packages/airflow/example_dags/example_branch_labels.py for tasks to queue
[2024-10-13T09:08:24.540+0000] {logging_mixin.py:190} INFO - [2024-10-13T09:08:24.539+0000] {dagbag.py:588} INFO - Filling up the DagBag from /home/airflow/.local/lib/python3.12/site-packages/airflow/example_dags/example_branch_labels.py
[2024-10-13T09:08:24.563+0000] {processor.py:925} INFO - DAG(s) 'example_branch_labels' retrieved from /home/airflow/.local/lib/python3.12/site-packages/airflow/example_dags/example_branch_labels.py
[2024-10-13T09:08:24.610+0000] {logging_mixin.py:190} INFO - [2024-10-13T09:08:24.609+0000] {dag.py:3239} INFO - Sync 1 DAGs
[2024-10-13T09:08:24.670+0000] {logging_mixin.py:190} INFO - [2024-10-13T09:08:24.669+0000] {dag.py:4180} INFO - Setting next_dagrun for example_branch_labels to 2024-10-12 00:00:00+00:00, run_after=2024-10-13 00:00:00+00:00
[2024-10-13T09:08:24.718+0000] {processor.py:208} INFO - Processing /home/airflow/.local/lib/python3.12/site-packages/airflow/example_dags/example_branch_labels.py took 0.195 seconds
[2024-10-13T09:08:55.560+0000] {processor.py:186} INFO - Started process (PID=872) to work on /home/airflow/.local/lib/python3.12/site-packages/airflow/example_dags/example_branch_labels.py
[2024-10-13T09:08:55.562+0000] {processor.py:914} INFO - Processing file /home/airflow/.local/lib/python3.12/site-packages/airflow/example_dags/example_branch_labels.py for tasks to queue
[2024-10-13T09:08:55.567+0000] {logging_mixin.py:190} INFO - [2024-10-13T09:08:55.566+0000] {dagbag.py:588} INFO - Filling up the DagBag from /home/airflow/.local/lib/python3.12/site-packages/airflow/example_dags/example_branch_labels.py
[2024-10-13T09:08:55.585+0000] {processor.py:925} INFO - DAG(s) 'example_branch_labels' retrieved from /home/airflow/.local/lib/python3.12/site-packages/airflow/example_dags/example_branch_labels.py
[2024-10-13T09:08:55.618+0000] {logging_mixin.py:190} INFO - [2024-10-13T09:08:55.618+0000] {dag.py:3239} INFO - Sync 1 DAGs
[2024-10-13T09:08:55.657+0000] {logging_mixin.py:190} INFO - [2024-10-13T09:08:55.657+0000] {dag.py:4180} INFO - Setting next_dagrun for example_branch_labels to 2024-10-12 00:00:00+00:00, run_after=2024-10-13 00:00:00+00:00
[2024-10-13T09:08:55.688+0000] {processor.py:208} INFO - Processing /home/airflow/.local/lib/python3.12/site-packages/airflow/example_dags/example_branch_labels.py took 0.138 seconds
[2024-10-13T09:09:27.954+0000] {processor.py:186} INFO - Started process (PID=935) to work on /home/airflow/.local/lib/python3.12/site-packages/airflow/example_dags/example_branch_labels.py
[2024-10-13T09:09:27.957+0000] {processor.py:914} INFO - Processing file /home/airflow/.local/lib/python3.12/site-packages/airflow/example_dags/example_branch_labels.py for tasks to queue
[2024-10-13T09:09:27.968+0000] {logging_mixin.py:190} INFO - [2024-10-13T09:09:27.966+0000] {dagbag.py:588} INFO - Filling up the DagBag from /home/airflow/.local/lib/python3.12/site-packages/airflow/example_dags/example_branch_labels.py
[2024-10-13T09:09:28.000+0000] {processor.py:925} INFO - DAG(s) 'example_branch_labels' retrieved from /home/airflow/.local/lib/python3.12/site-packages/airflow/example_dags/example_branch_labels.py
[2024-10-13T09:09:28.067+0000] {logging_mixin.py:190} INFO - [2024-10-13T09:09:28.066+0000] {dag.py:3239} INFO - Sync 1 DAGs
[2024-10-13T09:09:28.158+0000] {logging_mixin.py:190} INFO - [2024-10-13T09:09:28.157+0000] {dag.py:4180} INFO - Setting next_dagrun for example_branch_labels to 2024-10-12 00:00:00+00:00, run_after=2024-10-13 00:00:00+00:00
[2024-10-13T09:09:28.241+0000] {processor.py:208} INFO - Processing /home/airflow/.local/lib/python3.12/site-packages/airflow/example_dags/example_branch_labels.py took 0.303 seconds
[2024-10-13T09:09:59.202+0000] {processor.py:186} INFO - Started process (PID=999) to work on /home/airflow/.local/lib/python3.12/site-packages/airflow/example_dags/example_branch_labels.py
[2024-10-13T09:09:59.203+0000] {processor.py:914} INFO - Processing file /home/airflow/.local/lib/python3.12/site-packages/airflow/example_dags/example_branch_labels.py for tasks to queue
[2024-10-13T09:09:59.207+0000] {logging_mixin.py:190} INFO - [2024-10-13T09:09:59.206+0000] {dagbag.py:588} INFO - Filling up the DagBag from /home/airflow/.local/lib/python3.12/site-packages/airflow/example_dags/example_branch_labels.py
[2024-10-13T09:09:59.217+0000] {processor.py:925} INFO - DAG(s) 'example_branch_labels' retrieved from /home/airflow/.local/lib/python3.12/site-packages/airflow/example_dags/example_branch_labels.py
[2024-10-13T09:09:59.234+0000] {logging_mixin.py:190} INFO - [2024-10-13T09:09:59.233+0000] {dag.py:3239} INFO - Sync 1 DAGs
[2024-10-13T09:09:59.264+0000] {logging_mixin.py:190} INFO - [2024-10-13T09:09:59.264+0000] {dag.py:4180} INFO - Setting next_dagrun for example_branch_labels to 2024-10-12 00:00:00+00:00, run_after=2024-10-13 00:00:00+00:00
[2024-10-13T09:09:59.294+0000] {processor.py:208} INFO - Processing /home/airflow/.local/lib/python3.12/site-packages/airflow/example_dags/example_branch_labels.py took 0.097 seconds
[2024-10-13T09:10:29.561+0000] {processor.py:186} INFO - Started process (PID=1062) to work on /home/airflow/.local/lib/python3.12/site-packages/airflow/example_dags/example_branch_labels.py
[2024-10-13T09:10:29.562+0000] {processor.py:914} INFO - Processing file /home/airflow/.local/lib/python3.12/site-packages/airflow/example_dags/example_branch_labels.py for tasks to queue
[2024-10-13T09:10:29.565+0000] {logging_mixin.py:190} INFO - [2024-10-13T09:10:29.565+0000] {dagbag.py:588} INFO - Filling up the DagBag from /home/airflow/.local/lib/python3.12/site-packages/airflow/example_dags/example_branch_labels.py
[2024-10-13T09:10:29.574+0000] {processor.py:925} INFO - DAG(s) 'example_branch_labels' retrieved from /home/airflow/.local/lib/python3.12/site-packages/airflow/example_dags/example_branch_labels.py
[2024-10-13T09:10:29.595+0000] {logging_mixin.py:190} INFO - [2024-10-13T09:10:29.595+0000] {dag.py:3239} INFO - Sync 1 DAGs
[2024-10-13T09:10:29.620+0000] {logging_mixin.py:190} INFO - [2024-10-13T09:10:29.620+0000] {dag.py:4180} INFO - Setting next_dagrun for example_branch_labels to 2024-10-12 00:00:00+00:00, run_after=2024-10-13 00:00:00+00:00
[2024-10-13T09:10:29.653+0000] {processor.py:208} INFO - Processing /home/airflow/.local/lib/python3.12/site-packages/airflow/example_dags/example_branch_labels.py took 0.097 seconds
[2024-10-13T09:11:00.547+0000] {processor.py:186} INFO - Started process (PID=1125) to work on /home/airflow/.local/lib/python3.12/site-packages/airflow/example_dags/example_branch_labels.py
[2024-10-13T09:11:00.549+0000] {processor.py:914} INFO - Processing file /home/airflow/.local/lib/python3.12/site-packages/airflow/example_dags/example_branch_labels.py for tasks to queue
[2024-10-13T09:11:00.554+0000] {logging_mixin.py:190} INFO - [2024-10-13T09:11:00.554+0000] {dagbag.py:588} INFO - Filling up the DagBag from /home/airflow/.local/lib/python3.12/site-packages/airflow/example_dags/example_branch_labels.py
[2024-10-13T09:11:00.578+0000] {processor.py:925} INFO - DAG(s) 'example_branch_labels' retrieved from /home/airflow/.local/lib/python3.12/site-packages/airflow/example_dags/example_branch_labels.py
[2024-10-13T09:11:00.623+0000] {logging_mixin.py:190} INFO - [2024-10-13T09:11:00.623+0000] {dag.py:3239} INFO - Sync 1 DAGs
[2024-10-13T09:11:00.684+0000] {logging_mixin.py:190} INFO - [2024-10-13T09:11:00.684+0000] {dag.py:4180} INFO - Setting next_dagrun for example_branch_labels to 2024-10-12 00:00:00+00:00, run_after=2024-10-13 00:00:00+00:00
[2024-10-13T09:11:00.765+0000] {processor.py:208} INFO - Processing /home/airflow/.local/lib/python3.12/site-packages/airflow/example_dags/example_branch_labels.py took 0.228 seconds
[2024-10-13T09:11:31.524+0000] {processor.py:186} INFO - Started process (PID=1188) to work on /home/airflow/.local/lib/python3.12/site-packages/airflow/example_dags/example_branch_labels.py
[2024-10-13T09:11:31.525+0000] {processor.py:914} INFO - Processing file /home/airflow/.local/lib/python3.12/site-packages/airflow/example_dags/example_branch_labels.py for tasks to queue
[2024-10-13T09:11:31.527+0000] {logging_mixin.py:190} INFO - [2024-10-13T09:11:31.527+0000] {dagbag.py:588} INFO - Filling up the DagBag from /home/airflow/.local/lib/python3.12/site-packages/airflow/example_dags/example_branch_labels.py
[2024-10-13T09:11:31.537+0000] {processor.py:925} INFO - DAG(s) 'example_branch_labels' retrieved from /home/airflow/.local/lib/python3.12/site-packages/airflow/example_dags/example_branch_labels.py
[2024-10-13T09:11:31.557+0000] {logging_mixin.py:190} INFO - [2024-10-13T09:11:31.556+0000] {dag.py:3239} INFO - Sync 1 DAGs
[2024-10-13T09:11:31.579+0000] {logging_mixin.py:190} INFO - [2024-10-13T09:11:31.579+0000] {dag.py:4180} INFO - Setting next_dagrun for example_branch_labels to 2024-10-12 00:00:00+00:00, run_after=2024-10-13 00:00:00+00:00
[2024-10-13T09:11:31.603+0000] {processor.py:208} INFO - Processing /home/airflow/.local/lib/python3.12/site-packages/airflow/example_dags/example_branch_labels.py took 0.083 seconds
[2024-10-13T09:12:02.138+0000] {processor.py:186} INFO - Started process (PID=1251) to work on /home/airflow/.local/lib/python3.12/site-packages/airflow/example_dags/example_branch_labels.py
[2024-10-13T09:12:02.140+0000] {processor.py:914} INFO - Processing file /home/airflow/.local/lib/python3.12/site-packages/airflow/example_dags/example_branch_labels.py for tasks to queue
[2024-10-13T09:12:02.143+0000] {logging_mixin.py:190} INFO - [2024-10-13T09:12:02.142+0000] {dagbag.py:588} INFO - Filling up the DagBag from /home/airflow/.local/lib/python3.12/site-packages/airflow/example_dags/example_branch_labels.py
[2024-10-13T09:12:02.159+0000] {processor.py:925} INFO - DAG(s) 'example_branch_labels' retrieved from /home/airflow/.local/lib/python3.12/site-packages/airflow/example_dags/example_branch_labels.py
[2024-10-13T09:12:02.187+0000] {logging_mixin.py:190} INFO - [2024-10-13T09:12:02.187+0000] {dag.py:3239} INFO - Sync 1 DAGs
[2024-10-13T09:12:02.220+0000] {logging_mixin.py:190} INFO - [2024-10-13T09:12:02.220+0000] {dag.py:4180} INFO - Setting next_dagrun for example_branch_labels to 2024-10-12 00:00:00+00:00, run_after=2024-10-13 00:00:00+00:00
[2024-10-13T09:12:02.249+0000] {processor.py:208} INFO - Processing /home/airflow/.local/lib/python3.12/site-packages/airflow/example_dags/example_branch_labels.py took 0.118 seconds
[2024-10-13T09:12:32.688+0000] {processor.py:186} INFO - Started process (PID=1314) to work on /home/airflow/.local/lib/python3.12/site-packages/airflow/example_dags/example_branch_labels.py
[2024-10-13T09:12:32.690+0000] {processor.py:914} INFO - Processing file /home/airflow/.local/lib/python3.12/site-packages/airflow/example_dags/example_branch_labels.py for tasks to queue
[2024-10-13T09:12:32.695+0000] {logging_mixin.py:190} INFO - [2024-10-13T09:12:32.694+0000] {dagbag.py:588} INFO - Filling up the DagBag from /home/airflow/.local/lib/python3.12/site-packages/airflow/example_dags/example_branch_labels.py
[2024-10-13T09:12:32.711+0000] {processor.py:925} INFO - DAG(s) 'example_branch_labels' retrieved from /home/airflow/.local/lib/python3.12/site-packages/airflow/example_dags/example_branch_labels.py
[2024-10-13T09:12:32.745+0000] {logging_mixin.py:190} INFO - [2024-10-13T09:12:32.745+0000] {dag.py:3239} INFO - Sync 1 DAGs
[2024-10-13T09:12:32.792+0000] {logging_mixin.py:190} INFO - [2024-10-13T09:12:32.792+0000] {dag.py:4180} INFO - Setting next_dagrun for example_branch_labels to 2024-10-12 00:00:00+00:00, run_after=2024-10-13 00:00:00+00:00
[2024-10-13T09:12:32.842+0000] {processor.py:208} INFO - Processing /home/airflow/.local/lib/python3.12/site-packages/airflow/example_dags/example_branch_labels.py took 0.161 seconds
[2024-10-13T09:13:06.731+0000] {processor.py:186} INFO - Started process (PID=1381) to work on /home/airflow/.local/lib/python3.12/site-packages/airflow/example_dags/example_branch_labels.py
[2024-10-13T09:13:06.746+0000] {processor.py:914} INFO - Processing file /home/airflow/.local/lib/python3.12/site-packages/airflow/example_dags/example_branch_labels.py for tasks to queue
[2024-10-13T09:13:06.762+0000] {logging_mixin.py:190} INFO - [2024-10-13T09:13:06.761+0000] {dagbag.py:588} INFO - Filling up the DagBag from /home/airflow/.local/lib/python3.12/site-packages/airflow/example_dags/example_branch_labels.py
[2024-10-13T09:13:06.824+0000] {processor.py:925} INFO - DAG(s) 'example_branch_labels' retrieved from /home/airflow/.local/lib/python3.12/site-packages/airflow/example_dags/example_branch_labels.py
[2024-10-13T09:13:06.965+0000] {logging_mixin.py:190} INFO - [2024-10-13T09:13:06.965+0000] {dag.py:3239} INFO - Sync 1 DAGs
[2024-10-13T09:13:07.144+0000] {logging_mixin.py:190} INFO - [2024-10-13T09:13:07.143+0000] {dag.py:4180} INFO - Setting next_dagrun for example_branch_labels to 2024-10-12 00:00:00+00:00, run_after=2024-10-13 00:00:00+00:00
[2024-10-13T09:13:07.234+0000] {processor.py:208} INFO - Processing /home/airflow/.local/lib/python3.12/site-packages/airflow/example_dags/example_branch_labels.py took 0.542 seconds
[2024-10-13T09:13:38.003+0000] {processor.py:186} INFO - Started process (PID=1444) to work on /home/airflow/.local/lib/python3.12/site-packages/airflow/example_dags/example_branch_labels.py
[2024-10-13T09:13:38.006+0000] {processor.py:914} INFO - Processing file /home/airflow/.local/lib/python3.12/site-packages/airflow/example_dags/example_branch_labels.py for tasks to queue
[2024-10-13T09:13:38.011+0000] {logging_mixin.py:190} INFO - [2024-10-13T09:13:38.011+0000] {dagbag.py:588} INFO - Filling up the DagBag from /home/airflow/.local/lib/python3.12/site-packages/airflow/example_dags/example_branch_labels.py
[2024-10-13T09:13:38.041+0000] {processor.py:925} INFO - DAG(s) 'example_branch_labels' retrieved from /home/airflow/.local/lib/python3.12/site-packages/airflow/example_dags/example_branch_labels.py
[2024-10-13T09:13:38.100+0000] {logging_mixin.py:190} INFO - [2024-10-13T09:13:38.100+0000] {dag.py:3239} INFO - Sync 1 DAGs
[2024-10-13T09:13:38.171+0000] {logging_mixin.py:190} INFO - [2024-10-13T09:13:38.171+0000] {dag.py:4180} INFO - Setting next_dagrun for example_branch_labels to 2024-10-12 00:00:00+00:00, run_after=2024-10-13 00:00:00+00:00
[2024-10-13T09:13:38.231+0000] {processor.py:208} INFO - Processing /home/airflow/.local/lib/python3.12/site-packages/airflow/example_dags/example_branch_labels.py took 0.242 seconds
[2024-10-13T09:14:09.016+0000] {processor.py:186} INFO - Started process (PID=1507) to work on /home/airflow/.local/lib/python3.12/site-packages/airflow/example_dags/example_branch_labels.py
[2024-10-13T09:14:09.026+0000] {processor.py:914} INFO - Processing file /home/airflow/.local/lib/python3.12/site-packages/airflow/example_dags/example_branch_labels.py for tasks to queue
[2024-10-13T09:14:09.038+0000] {logging_mixin.py:190} INFO - [2024-10-13T09:14:09.037+0000] {dagbag.py:588} INFO - Filling up the DagBag from /home/airflow/.local/lib/python3.12/site-packages/airflow/example_dags/example_branch_labels.py
[2024-10-13T09:14:09.081+0000] {processor.py:925} INFO - DAG(s) 'example_branch_labels' retrieved from /home/airflow/.local/lib/python3.12/site-packages/airflow/example_dags/example_branch_labels.py
[2024-10-13T09:14:09.151+0000] {logging_mixin.py:190} INFO - [2024-10-13T09:14:09.150+0000] {dag.py:3239} INFO - Sync 1 DAGs
[2024-10-13T09:14:09.205+0000] {logging_mixin.py:190} INFO - [2024-10-13T09:14:09.205+0000] {dag.py:4180} INFO - Setting next_dagrun for example_branch_labels to 2024-10-12 00:00:00+00:00, run_after=2024-10-13 00:00:00+00:00
[2024-10-13T09:14:09.257+0000] {processor.py:208} INFO - Processing /home/airflow/.local/lib/python3.12/site-packages/airflow/example_dags/example_branch_labels.py took 0.255 seconds
[2024-10-13T09:14:40.113+0000] {processor.py:186} INFO - Started process (PID=1570) to work on /home/airflow/.local/lib/python3.12/site-packages/airflow/example_dags/example_branch_labels.py
[2024-10-13T09:14:40.115+0000] {processor.py:914} INFO - Processing file /home/airflow/.local/lib/python3.12/site-packages/airflow/example_dags/example_branch_labels.py for tasks to queue
[2024-10-13T09:14:40.127+0000] {logging_mixin.py:190} INFO - [2024-10-13T09:14:40.125+0000] {dagbag.py:588} INFO - Filling up the DagBag from /home/airflow/.local/lib/python3.12/site-packages/airflow/example_dags/example_branch_labels.py
[2024-10-13T09:14:40.150+0000] {processor.py:925} INFO - DAG(s) 'example_branch_labels' retrieved from /home/airflow/.local/lib/python3.12/site-packages/airflow/example_dags/example_branch_labels.py
[2024-10-13T09:14:40.189+0000] {logging_mixin.py:190} INFO - [2024-10-13T09:14:40.188+0000] {dag.py:3239} INFO - Sync 1 DAGs
[2024-10-13T09:14:40.236+0000] {logging_mixin.py:190} INFO - [2024-10-13T09:14:40.235+0000] {dag.py:4180} INFO - Setting next_dagrun for example_branch_labels to 2024-10-12 00:00:00+00:00, run_after=2024-10-13 00:00:00+00:00
[2024-10-13T09:14:40.286+0000] {processor.py:208} INFO - Processing /home/airflow/.local/lib/python3.12/site-packages/airflow/example_dags/example_branch_labels.py took 0.190 seconds
[2024-10-13T09:15:10.626+0000] {processor.py:186} INFO - Started process (PID=1633) to work on /home/airflow/.local/lib/python3.12/site-packages/airflow/example_dags/example_branch_labels.py
[2024-10-13T09:15:10.627+0000] {processor.py:914} INFO - Processing file /home/airflow/.local/lib/python3.12/site-packages/airflow/example_dags/example_branch_labels.py for tasks to queue
[2024-10-13T09:15:10.632+0000] {logging_mixin.py:190} INFO - [2024-10-13T09:15:10.631+0000] {dagbag.py:588} INFO - Filling up the DagBag from /home/airflow/.local/lib/python3.12/site-packages/airflow/example_dags/example_branch_labels.py
[2024-10-13T09:15:10.649+0000] {processor.py:925} INFO - DAG(s) 'example_branch_labels' retrieved from /home/airflow/.local/lib/python3.12/site-packages/airflow/example_dags/example_branch_labels.py
[2024-10-13T09:15:10.691+0000] {logging_mixin.py:190} INFO - [2024-10-13T09:15:10.691+0000] {dag.py:3239} INFO - Sync 1 DAGs
[2024-10-13T09:15:10.717+0000] {logging_mixin.py:190} INFO - [2024-10-13T09:15:10.717+0000] {dag.py:4180} INFO - Setting next_dagrun for example_branch_labels to 2024-10-12 00:00:00+00:00, run_after=2024-10-13 00:00:00+00:00
[2024-10-13T09:15:10.736+0000] {processor.py:208} INFO - Processing /home/airflow/.local/lib/python3.12/site-packages/airflow/example_dags/example_branch_labels.py took 0.118 seconds
[2024-10-13T09:15:40.838+0000] {processor.py:186} INFO - Started process (PID=1696) to work on /home/airflow/.local/lib/python3.12/site-packages/airflow/example_dags/example_branch_labels.py
[2024-10-13T09:15:40.839+0000] {processor.py:914} INFO - Processing file /home/airflow/.local/lib/python3.12/site-packages/airflow/example_dags/example_branch_labels.py for tasks to queue
[2024-10-13T09:15:40.842+0000] {logging_mixin.py:190} INFO - [2024-10-13T09:15:40.841+0000] {dagbag.py:588} INFO - Filling up the DagBag from /home/airflow/.local/lib/python3.12/site-packages/airflow/example_dags/example_branch_labels.py
[2024-10-13T09:15:40.851+0000] {processor.py:925} INFO - DAG(s) 'example_branch_labels' retrieved from /home/airflow/.local/lib/python3.12/site-packages/airflow/example_dags/example_branch_labels.py
[2024-10-13T09:15:40.876+0000] {logging_mixin.py:190} INFO - [2024-10-13T09:15:40.875+0000] {dag.py:3239} INFO - Sync 1 DAGs
[2024-10-13T09:15:40.904+0000] {logging_mixin.py:190} INFO - [2024-10-13T09:15:40.904+0000] {dag.py:4180} INFO - Setting next_dagrun for example_branch_labels to 2024-10-12 00:00:00+00:00, run_after=2024-10-13 00:00:00+00:00
[2024-10-13T09:15:40.933+0000] {processor.py:208} INFO - Processing /home/airflow/.local/lib/python3.12/site-packages/airflow/example_dags/example_branch_labels.py took 0.101 seconds
[2024-10-13T09:16:11.552+0000] {processor.py:186} INFO - Started process (PID=1759) to work on /home/airflow/.local/lib/python3.12/site-packages/airflow/example_dags/example_branch_labels.py
[2024-10-13T09:16:11.555+0000] {processor.py:914} INFO - Processing file /home/airflow/.local/lib/python3.12/site-packages/airflow/example_dags/example_branch_labels.py for tasks to queue
[2024-10-13T09:16:11.561+0000] {logging_mixin.py:190} INFO - [2024-10-13T09:16:11.560+0000] {dagbag.py:588} INFO - Filling up the DagBag from /home/airflow/.local/lib/python3.12/site-packages/airflow/example_dags/example_branch_labels.py
[2024-10-13T09:16:11.586+0000] {processor.py:925} INFO - DAG(s) 'example_branch_labels' retrieved from /home/airflow/.local/lib/python3.12/site-packages/airflow/example_dags/example_branch_labels.py
[2024-10-13T09:16:11.634+0000] {logging_mixin.py:190} INFO - [2024-10-13T09:16:11.634+0000] {dag.py:3239} INFO - Sync 1 DAGs
[2024-10-13T09:16:11.684+0000] {logging_mixin.py:190} INFO - [2024-10-13T09:16:11.684+0000] {dag.py:4180} INFO - Setting next_dagrun for example_branch_labels to 2024-10-12 00:00:00+00:00, run_after=2024-10-13 00:00:00+00:00
[2024-10-13T09:16:11.722+0000] {processor.py:208} INFO - Processing /home/airflow/.local/lib/python3.12/site-packages/airflow/example_dags/example_branch_labels.py took 0.184 seconds
[2024-10-13T09:16:42.498+0000] {processor.py:186} INFO - Started process (PID=1822) to work on /home/airflow/.local/lib/python3.12/site-packages/airflow/example_dags/example_branch_labels.py
[2024-10-13T09:16:42.507+0000] {processor.py:914} INFO - Processing file /home/airflow/.local/lib/python3.12/site-packages/airflow/example_dags/example_branch_labels.py for tasks to queue
[2024-10-13T09:16:42.514+0000] {logging_mixin.py:190} INFO - [2024-10-13T09:16:42.513+0000] {dagbag.py:588} INFO - Filling up the DagBag from /home/airflow/.local/lib/python3.12/site-packages/airflow/example_dags/example_branch_labels.py
[2024-10-13T09:16:42.546+0000] {processor.py:925} INFO - DAG(s) 'example_branch_labels' retrieved from /home/airflow/.local/lib/python3.12/site-packages/airflow/example_dags/example_branch_labels.py
[2024-10-13T09:16:42.598+0000] {logging_mixin.py:190} INFO - [2024-10-13T09:16:42.598+0000] {dag.py:3239} INFO - Sync 1 DAGs
[2024-10-13T09:16:42.646+0000] {logging_mixin.py:190} INFO - [2024-10-13T09:16:42.646+0000] {dag.py:4180} INFO - Setting next_dagrun for example_branch_labels to 2024-10-12 00:00:00+00:00, run_after=2024-10-13 00:00:00+00:00
[2024-10-13T09:16:42.689+0000] {processor.py:208} INFO - Processing /home/airflow/.local/lib/python3.12/site-packages/airflow/example_dags/example_branch_labels.py took 0.205 seconds
[2024-10-13T09:17:13.072+0000] {processor.py:186} INFO - Started process (PID=1885) to work on /home/airflow/.local/lib/python3.12/site-packages/airflow/example_dags/example_branch_labels.py
[2024-10-13T09:17:13.073+0000] {processor.py:914} INFO - Processing file /home/airflow/.local/lib/python3.12/site-packages/airflow/example_dags/example_branch_labels.py for tasks to queue
[2024-10-13T09:17:13.077+0000] {logging_mixin.py:190} INFO - [2024-10-13T09:17:13.076+0000] {dagbag.py:588} INFO - Filling up the DagBag from /home/airflow/.local/lib/python3.12/site-packages/airflow/example_dags/example_branch_labels.py
[2024-10-13T09:17:13.087+0000] {processor.py:925} INFO - DAG(s) 'example_branch_labels' retrieved from /home/airflow/.local/lib/python3.12/site-packages/airflow/example_dags/example_branch_labels.py
[2024-10-13T09:17:13.111+0000] {logging_mixin.py:190} INFO - [2024-10-13T09:17:13.111+0000] {dag.py:3239} INFO - Sync 1 DAGs
[2024-10-13T09:17:13.147+0000] {logging_mixin.py:190} INFO - [2024-10-13T09:17:13.146+0000] {dag.py:4180} INFO - Setting next_dagrun for example_branch_labels to 2024-10-12 00:00:00+00:00, run_after=2024-10-13 00:00:00+00:00
[2024-10-13T09:17:13.174+0000] {processor.py:208} INFO - Processing /home/airflow/.local/lib/python3.12/site-packages/airflow/example_dags/example_branch_labels.py took 0.108 seconds
[2024-10-13T09:17:44.029+0000] {processor.py:186} INFO - Started process (PID=1948) to work on /home/airflow/.local/lib/python3.12/site-packages/airflow/example_dags/example_branch_labels.py
[2024-10-13T09:17:44.030+0000] {processor.py:914} INFO - Processing file /home/airflow/.local/lib/python3.12/site-packages/airflow/example_dags/example_branch_labels.py for tasks to queue
[2024-10-13T09:17:44.033+0000] {logging_mixin.py:190} INFO - [2024-10-13T09:17:44.033+0000] {dagbag.py:588} INFO - Filling up the DagBag from /home/airflow/.local/lib/python3.12/site-packages/airflow/example_dags/example_branch_labels.py
[2024-10-13T09:17:44.041+0000] {processor.py:925} INFO - DAG(s) 'example_branch_labels' retrieved from /home/airflow/.local/lib/python3.12/site-packages/airflow/example_dags/example_branch_labels.py
[2024-10-13T09:17:44.059+0000] {logging_mixin.py:190} INFO - [2024-10-13T09:17:44.059+0000] {dag.py:3239} INFO - Sync 1 DAGs
[2024-10-13T09:17:44.080+0000] {logging_mixin.py:190} INFO - [2024-10-13T09:17:44.079+0000] {dag.py:4180} INFO - Setting next_dagrun for example_branch_labels to 2024-10-12 00:00:00+00:00, run_after=2024-10-13 00:00:00+00:00
[2024-10-13T09:17:44.096+0000] {processor.py:208} INFO - Processing /home/airflow/.local/lib/python3.12/site-packages/airflow/example_dags/example_branch_labels.py took 0.072 seconds
[2024-10-13T09:18:14.778+0000] {processor.py:186} INFO - Started process (PID=2011) to work on /home/airflow/.local/lib/python3.12/site-packages/airflow/example_dags/example_branch_labels.py
[2024-10-13T09:18:14.779+0000] {processor.py:914} INFO - Processing file /home/airflow/.local/lib/python3.12/site-packages/airflow/example_dags/example_branch_labels.py for tasks to queue
[2024-10-13T09:18:14.782+0000] {logging_mixin.py:190} INFO - [2024-10-13T09:18:14.781+0000] {dagbag.py:588} INFO - Filling up the DagBag from /home/airflow/.local/lib/python3.12/site-packages/airflow/example_dags/example_branch_labels.py
[2024-10-13T09:18:14.792+0000] {processor.py:925} INFO - DAG(s) 'example_branch_labels' retrieved from /home/airflow/.local/lib/python3.12/site-packages/airflow/example_dags/example_branch_labels.py
[2024-10-13T09:18:14.816+0000] {logging_mixin.py:190} INFO - [2024-10-13T09:18:14.815+0000] {dag.py:3239} INFO - Sync 1 DAGs
[2024-10-13T09:18:14.834+0000] {logging_mixin.py:190} INFO - [2024-10-13T09:18:14.834+0000] {dag.py:4180} INFO - Setting next_dagrun for example_branch_labels to 2024-10-12 00:00:00+00:00, run_after=2024-10-13 00:00:00+00:00
[2024-10-13T09:18:14.848+0000] {processor.py:208} INFO - Processing /home/airflow/.local/lib/python3.12/site-packages/airflow/example_dags/example_branch_labels.py took 0.075 seconds
[2024-10-13T09:18:45.085+0000] {processor.py:186} INFO - Started process (PID=2074) to work on /home/airflow/.local/lib/python3.12/site-packages/airflow/example_dags/example_branch_labels.py
[2024-10-13T09:18:45.086+0000] {processor.py:914} INFO - Processing file /home/airflow/.local/lib/python3.12/site-packages/airflow/example_dags/example_branch_labels.py for tasks to queue
[2024-10-13T09:18:45.089+0000] {logging_mixin.py:190} INFO - [2024-10-13T09:18:45.088+0000] {dagbag.py:588} INFO - Filling up the DagBag from /home/airflow/.local/lib/python3.12/site-packages/airflow/example_dags/example_branch_labels.py
[2024-10-13T09:18:45.097+0000] {processor.py:925} INFO - DAG(s) 'example_branch_labels' retrieved from /home/airflow/.local/lib/python3.12/site-packages/airflow/example_dags/example_branch_labels.py
[2024-10-13T09:18:45.116+0000] {logging_mixin.py:190} INFO - [2024-10-13T09:18:45.116+0000] {dag.py:3239} INFO - Sync 1 DAGs
[2024-10-13T09:18:45.134+0000] {logging_mixin.py:190} INFO - [2024-10-13T09:18:45.134+0000] {dag.py:4180} INFO - Setting next_dagrun for example_branch_labels to 2024-10-12 00:00:00+00:00, run_after=2024-10-13 00:00:00+00:00
[2024-10-13T09:18:45.148+0000] {processor.py:208} INFO - Processing /home/airflow/.local/lib/python3.12/site-packages/airflow/example_dags/example_branch_labels.py took 0.069 seconds
[2024-10-13T09:19:15.932+0000] {processor.py:186} INFO - Started process (PID=2137) to work on /home/airflow/.local/lib/python3.12/site-packages/airflow/example_dags/example_branch_labels.py
[2024-10-13T09:19:15.933+0000] {processor.py:914} INFO - Processing file /home/airflow/.local/lib/python3.12/site-packages/airflow/example_dags/example_branch_labels.py for tasks to queue
[2024-10-13T09:19:15.937+0000] {logging_mixin.py:190} INFO - [2024-10-13T09:19:15.936+0000] {dagbag.py:588} INFO - Filling up the DagBag from /home/airflow/.local/lib/python3.12/site-packages/airflow/example_dags/example_branch_labels.py
[2024-10-13T09:19:15.948+0000] {processor.py:925} INFO - DAG(s) 'example_branch_labels' retrieved from /home/airflow/.local/lib/python3.12/site-packages/airflow/example_dags/example_branch_labels.py
[2024-10-13T09:19:15.981+0000] {logging_mixin.py:190} INFO - [2024-10-13T09:19:15.980+0000] {dag.py:3239} INFO - Sync 1 DAGs
[2024-10-13T09:19:16.011+0000] {logging_mixin.py:190} INFO - [2024-10-13T09:19:16.011+0000] {dag.py:4180} INFO - Setting next_dagrun for example_branch_labels to 2024-10-12 00:00:00+00:00, run_after=2024-10-13 00:00:00+00:00
[2024-10-13T09:19:16.035+0000] {processor.py:208} INFO - Processing /home/airflow/.local/lib/python3.12/site-packages/airflow/example_dags/example_branch_labels.py took 0.112 seconds
[2024-10-13T09:19:46.524+0000] {processor.py:186} INFO - Started process (PID=2200) to work on /home/airflow/.local/lib/python3.12/site-packages/airflow/example_dags/example_branch_labels.py
[2024-10-13T09:19:46.526+0000] {processor.py:914} INFO - Processing file /home/airflow/.local/lib/python3.12/site-packages/airflow/example_dags/example_branch_labels.py for tasks to queue
[2024-10-13T09:19:46.531+0000] {logging_mixin.py:190} INFO - [2024-10-13T09:19:46.530+0000] {dagbag.py:588} INFO - Filling up the DagBag from /home/airflow/.local/lib/python3.12/site-packages/airflow/example_dags/example_branch_labels.py
[2024-10-13T09:19:46.541+0000] {processor.py:925} INFO - DAG(s) 'example_branch_labels' retrieved from /home/airflow/.local/lib/python3.12/site-packages/airflow/example_dags/example_branch_labels.py
[2024-10-13T09:19:46.568+0000] {logging_mixin.py:190} INFO - [2024-10-13T09:19:46.568+0000] {dag.py:3239} INFO - Sync 1 DAGs
[2024-10-13T09:19:46.600+0000] {logging_mixin.py:190} INFO - [2024-10-13T09:19:46.599+0000] {dag.py:4180} INFO - Setting next_dagrun for example_branch_labels to 2024-10-12 00:00:00+00:00, run_after=2024-10-13 00:00:00+00:00
[2024-10-13T09:19:46.624+0000] {processor.py:208} INFO - Processing /home/airflow/.local/lib/python3.12/site-packages/airflow/example_dags/example_branch_labels.py took 0.106 seconds
[2024-10-13T09:20:17.943+0000] {processor.py:186} INFO - Started process (PID=2269) to work on /home/airflow/.local/lib/python3.12/site-packages/airflow/example_dags/example_branch_labels.py
[2024-10-13T09:20:17.945+0000] {processor.py:914} INFO - Processing file /home/airflow/.local/lib/python3.12/site-packages/airflow/example_dags/example_branch_labels.py for tasks to queue
[2024-10-13T09:20:17.947+0000] {logging_mixin.py:190} INFO - [2024-10-13T09:20:17.947+0000] {dagbag.py:588} INFO - Filling up the DagBag from /home/airflow/.local/lib/python3.12/site-packages/airflow/example_dags/example_branch_labels.py
[2024-10-13T09:20:17.961+0000] {processor.py:925} INFO - DAG(s) 'example_branch_labels' retrieved from /home/airflow/.local/lib/python3.12/site-packages/airflow/example_dags/example_branch_labels.py
[2024-10-13T09:20:17.989+0000] {logging_mixin.py:190} INFO - [2024-10-13T09:20:17.989+0000] {dag.py:3239} INFO - Sync 1 DAGs
[2024-10-13T09:20:18.015+0000] {logging_mixin.py:190} INFO - [2024-10-13T09:20:18.015+0000] {dag.py:4180} INFO - Setting next_dagrun for example_branch_labels to 2024-10-12 00:00:00+00:00, run_after=2024-10-13 00:00:00+00:00
[2024-10-13T09:20:18.037+0000] {processor.py:208} INFO - Processing /home/airflow/.local/lib/python3.12/site-packages/airflow/example_dags/example_branch_labels.py took 0.100 seconds
[2024-10-13T09:20:48.482+0000] {processor.py:186} INFO - Started process (PID=2332) to work on /home/airflow/.local/lib/python3.12/site-packages/airflow/example_dags/example_branch_labels.py
[2024-10-13T09:20:48.483+0000] {processor.py:914} INFO - Processing file /home/airflow/.local/lib/python3.12/site-packages/airflow/example_dags/example_branch_labels.py for tasks to queue
[2024-10-13T09:20:48.487+0000] {logging_mixin.py:190} INFO - [2024-10-13T09:20:48.487+0000] {dagbag.py:588} INFO - Filling up the DagBag from /home/airflow/.local/lib/python3.12/site-packages/airflow/example_dags/example_branch_labels.py
[2024-10-13T09:20:48.504+0000] {processor.py:925} INFO - DAG(s) 'example_branch_labels' retrieved from /home/airflow/.local/lib/python3.12/site-packages/airflow/example_dags/example_branch_labels.py
[2024-10-13T09:20:48.536+0000] {logging_mixin.py:190} INFO - [2024-10-13T09:20:48.536+0000] {dag.py:3239} INFO - Sync 1 DAGs
[2024-10-13T09:20:48.580+0000] {logging_mixin.py:190} INFO - [2024-10-13T09:20:48.579+0000] {dag.py:4180} INFO - Setting next_dagrun for example_branch_labels to 2024-10-12 00:00:00+00:00, run_after=2024-10-13 00:00:00+00:00
[2024-10-13T09:20:48.609+0000] {processor.py:208} INFO - Processing /home/airflow/.local/lib/python3.12/site-packages/airflow/example_dags/example_branch_labels.py took 0.138 seconds
[2024-10-13T09:21:19.826+0000] {processor.py:186} INFO - Started process (PID=2396) to work on /home/airflow/.local/lib/python3.12/site-packages/airflow/example_dags/example_branch_labels.py
[2024-10-13T09:21:19.828+0000] {processor.py:914} INFO - Processing file /home/airflow/.local/lib/python3.12/site-packages/airflow/example_dags/example_branch_labels.py for tasks to queue
[2024-10-13T09:21:19.833+0000] {logging_mixin.py:190} INFO - [2024-10-13T09:21:19.833+0000] {dagbag.py:588} INFO - Filling up the DagBag from /home/airflow/.local/lib/python3.12/site-packages/airflow/example_dags/example_branch_labels.py
[2024-10-13T09:21:19.844+0000] {processor.py:925} INFO - DAG(s) 'example_branch_labels' retrieved from /home/airflow/.local/lib/python3.12/site-packages/airflow/example_dags/example_branch_labels.py
[2024-10-13T09:21:19.873+0000] {logging_mixin.py:190} INFO - [2024-10-13T09:21:19.873+0000] {dag.py:3239} INFO - Sync 1 DAGs
[2024-10-13T09:21:19.909+0000] {logging_mixin.py:190} INFO - [2024-10-13T09:21:19.908+0000] {dag.py:4180} INFO - Setting next_dagrun for example_branch_labels to 2024-10-12 00:00:00+00:00, run_after=2024-10-13 00:00:00+00:00
[2024-10-13T09:21:19.946+0000] {processor.py:208} INFO - Processing /home/airflow/.local/lib/python3.12/site-packages/airflow/example_dags/example_branch_labels.py took 0.126 seconds
[2024-10-13T09:21:50.528+0000] {processor.py:186} INFO - Started process (PID=2459) to work on /home/airflow/.local/lib/python3.12/site-packages/airflow/example_dags/example_branch_labels.py
[2024-10-13T09:21:50.530+0000] {processor.py:914} INFO - Processing file /home/airflow/.local/lib/python3.12/site-packages/airflow/example_dags/example_branch_labels.py for tasks to queue
[2024-10-13T09:21:50.534+0000] {logging_mixin.py:190} INFO - [2024-10-13T09:21:50.533+0000] {dagbag.py:588} INFO - Filling up the DagBag from /home/airflow/.local/lib/python3.12/site-packages/airflow/example_dags/example_branch_labels.py
[2024-10-13T09:21:50.547+0000] {processor.py:925} INFO - DAG(s) 'example_branch_labels' retrieved from /home/airflow/.local/lib/python3.12/site-packages/airflow/example_dags/example_branch_labels.py
[2024-10-13T09:21:50.574+0000] {logging_mixin.py:190} INFO - [2024-10-13T09:21:50.574+0000] {dag.py:3239} INFO - Sync 1 DAGs
[2024-10-13T09:21:50.604+0000] {logging_mixin.py:190} INFO - [2024-10-13T09:21:50.604+0000] {dag.py:4180} INFO - Setting next_dagrun for example_branch_labels to 2024-10-12 00:00:00+00:00, run_after=2024-10-13 00:00:00+00:00
[2024-10-13T09:21:50.632+0000] {processor.py:208} INFO - Processing /home/airflow/.local/lib/python3.12/site-packages/airflow/example_dags/example_branch_labels.py took 0.111 seconds
[2024-10-13T09:22:20.892+0000] {processor.py:186} INFO - Started process (PID=2522) to work on /home/airflow/.local/lib/python3.12/site-packages/airflow/example_dags/example_branch_labels.py
[2024-10-13T09:22:20.894+0000] {processor.py:914} INFO - Processing file /home/airflow/.local/lib/python3.12/site-packages/airflow/example_dags/example_branch_labels.py for tasks to queue
[2024-10-13T09:22:20.898+0000] {logging_mixin.py:190} INFO - [2024-10-13T09:22:20.897+0000] {dagbag.py:588} INFO - Filling up the DagBag from /home/airflow/.local/lib/python3.12/site-packages/airflow/example_dags/example_branch_labels.py
[2024-10-13T09:22:20.910+0000] {processor.py:925} INFO - DAG(s) 'example_branch_labels' retrieved from /home/airflow/.local/lib/python3.12/site-packages/airflow/example_dags/example_branch_labels.py
[2024-10-13T09:22:20.938+0000] {logging_mixin.py:190} INFO - [2024-10-13T09:22:20.938+0000] {dag.py:3239} INFO - Sync 1 DAGs
[2024-10-13T09:22:20.973+0000] {logging_mixin.py:190} INFO - [2024-10-13T09:22:20.973+0000] {dag.py:4180} INFO - Setting next_dagrun for example_branch_labels to 2024-10-12 00:00:00+00:00, run_after=2024-10-13 00:00:00+00:00
[2024-10-13T09:22:21.006+0000] {processor.py:208} INFO - Processing /home/airflow/.local/lib/python3.12/site-packages/airflow/example_dags/example_branch_labels.py took 0.121 seconds
[2024-10-13T09:22:51.372+0000] {processor.py:186} INFO - Started process (PID=2585) to work on /home/airflow/.local/lib/python3.12/site-packages/airflow/example_dags/example_branch_labels.py
[2024-10-13T09:22:51.373+0000] {processor.py:914} INFO - Processing file /home/airflow/.local/lib/python3.12/site-packages/airflow/example_dags/example_branch_labels.py for tasks to queue
[2024-10-13T09:22:51.376+0000] {logging_mixin.py:190} INFO - [2024-10-13T09:22:51.376+0000] {dagbag.py:588} INFO - Filling up the DagBag from /home/airflow/.local/lib/python3.12/site-packages/airflow/example_dags/example_branch_labels.py
[2024-10-13T09:22:51.386+0000] {processor.py:925} INFO - DAG(s) 'example_branch_labels' retrieved from /home/airflow/.local/lib/python3.12/site-packages/airflow/example_dags/example_branch_labels.py
[2024-10-13T09:22:51.407+0000] {logging_mixin.py:190} INFO - [2024-10-13T09:22:51.407+0000] {dag.py:3239} INFO - Sync 1 DAGs
[2024-10-13T09:22:51.439+0000] {logging_mixin.py:190} INFO - [2024-10-13T09:22:51.439+0000] {dag.py:4180} INFO - Setting next_dagrun for example_branch_labels to 2024-10-12 00:00:00+00:00, run_after=2024-10-13 00:00:00+00:00
[2024-10-13T09:22:51.461+0000] {processor.py:208} INFO - Processing /home/airflow/.local/lib/python3.12/site-packages/airflow/example_dags/example_branch_labels.py took 0.096 seconds
[2024-10-13T09:23:22.166+0000] {processor.py:186} INFO - Started process (PID=2648) to work on /home/airflow/.local/lib/python3.12/site-packages/airflow/example_dags/example_branch_labels.py
[2024-10-13T09:23:22.170+0000] {processor.py:914} INFO - Processing file /home/airflow/.local/lib/python3.12/site-packages/airflow/example_dags/example_branch_labels.py for tasks to queue
[2024-10-13T09:23:22.181+0000] {logging_mixin.py:190} INFO - [2024-10-13T09:23:22.180+0000] {dagbag.py:588} INFO - Filling up the DagBag from /home/airflow/.local/lib/python3.12/site-packages/airflow/example_dags/example_branch_labels.py
[2024-10-13T09:23:22.217+0000] {processor.py:925} INFO - DAG(s) 'example_branch_labels' retrieved from /home/airflow/.local/lib/python3.12/site-packages/airflow/example_dags/example_branch_labels.py
[2024-10-13T09:23:22.283+0000] {logging_mixin.py:190} INFO - [2024-10-13T09:23:22.282+0000] {dag.py:3239} INFO - Sync 1 DAGs
[2024-10-13T09:23:22.325+0000] {logging_mixin.py:190} INFO - [2024-10-13T09:23:22.324+0000] {dag.py:4180} INFO - Setting next_dagrun for example_branch_labels to 2024-10-12 00:00:00+00:00, run_after=2024-10-13 00:00:00+00:00
[2024-10-13T09:23:22.354+0000] {processor.py:208} INFO - Processing /home/airflow/.local/lib/python3.12/site-packages/airflow/example_dags/example_branch_labels.py took 0.199 seconds
[2024-10-13T09:23:52.996+0000] {processor.py:186} INFO - Started process (PID=2712) to work on /home/airflow/.local/lib/python3.12/site-packages/airflow/example_dags/example_branch_labels.py
[2024-10-13T09:23:52.998+0000] {processor.py:914} INFO - Processing file /home/airflow/.local/lib/python3.12/site-packages/airflow/example_dags/example_branch_labels.py for tasks to queue
[2024-10-13T09:23:53.000+0000] {logging_mixin.py:190} INFO - [2024-10-13T09:23:53.000+0000] {dagbag.py:588} INFO - Filling up the DagBag from /home/airflow/.local/lib/python3.12/site-packages/airflow/example_dags/example_branch_labels.py
[2024-10-13T09:23:53.010+0000] {processor.py:925} INFO - DAG(s) 'example_branch_labels' retrieved from /home/airflow/.local/lib/python3.12/site-packages/airflow/example_dags/example_branch_labels.py
[2024-10-13T09:23:53.032+0000] {logging_mixin.py:190} INFO - [2024-10-13T09:23:53.032+0000] {dag.py:3239} INFO - Sync 1 DAGs
[2024-10-13T09:23:53.061+0000] {logging_mixin.py:190} INFO - [2024-10-13T09:23:53.060+0000] {dag.py:4180} INFO - Setting next_dagrun for example_branch_labels to 2024-10-12 00:00:00+00:00, run_after=2024-10-13 00:00:00+00:00
[2024-10-13T09:23:53.084+0000] {processor.py:208} INFO - Processing /home/airflow/.local/lib/python3.12/site-packages/airflow/example_dags/example_branch_labels.py took 0.094 seconds
[2024-10-13T09:24:25.763+0000] {processor.py:186} INFO - Started process (PID=2774) to work on /home/airflow/.local/lib/python3.12/site-packages/airflow/example_dags/example_branch_labels.py
[2024-10-13T09:24:25.766+0000] {processor.py:914} INFO - Processing file /home/airflow/.local/lib/python3.12/site-packages/airflow/example_dags/example_branch_labels.py for tasks to queue
[2024-10-13T09:24:25.780+0000] {logging_mixin.py:190} INFO - [2024-10-13T09:24:25.779+0000] {dagbag.py:588} INFO - Filling up the DagBag from /home/airflow/.local/lib/python3.12/site-packages/airflow/example_dags/example_branch_labels.py
[2024-10-13T09:24:25.815+0000] {processor.py:925} INFO - DAG(s) 'example_branch_labels' retrieved from /home/airflow/.local/lib/python3.12/site-packages/airflow/example_dags/example_branch_labels.py
[2024-10-13T09:24:25.884+0000] {logging_mixin.py:190} INFO - [2024-10-13T09:24:25.883+0000] {dag.py:3239} INFO - Sync 1 DAGs
[2024-10-13T09:24:25.962+0000] {logging_mixin.py:190} INFO - [2024-10-13T09:24:25.961+0000] {dag.py:4180} INFO - Setting next_dagrun for example_branch_labels to 2024-10-12 00:00:00+00:00, run_after=2024-10-13 00:00:00+00:00
[2024-10-13T09:24:26.027+0000] {processor.py:208} INFO - Processing /home/airflow/.local/lib/python3.12/site-packages/airflow/example_dags/example_branch_labels.py took 0.280 seconds
[2024-10-13T09:24:57.333+0000] {processor.py:186} INFO - Started process (PID=2840) to work on /home/airflow/.local/lib/python3.12/site-packages/airflow/example_dags/example_branch_labels.py
[2024-10-13T09:24:57.334+0000] {processor.py:914} INFO - Processing file /home/airflow/.local/lib/python3.12/site-packages/airflow/example_dags/example_branch_labels.py for tasks to queue
[2024-10-13T09:24:57.340+0000] {logging_mixin.py:190} INFO - [2024-10-13T09:24:57.339+0000] {dagbag.py:588} INFO - Filling up the DagBag from /home/airflow/.local/lib/python3.12/site-packages/airflow/example_dags/example_branch_labels.py
[2024-10-13T09:24:57.357+0000] {processor.py:925} INFO - DAG(s) 'example_branch_labels' retrieved from /home/airflow/.local/lib/python3.12/site-packages/airflow/example_dags/example_branch_labels.py
[2024-10-13T09:24:57.391+0000] {logging_mixin.py:190} INFO - [2024-10-13T09:24:57.390+0000] {dag.py:3239} INFO - Sync 1 DAGs
[2024-10-13T09:24:57.432+0000] {logging_mixin.py:190} INFO - [2024-10-13T09:24:57.431+0000] {dag.py:4180} INFO - Setting next_dagrun for example_branch_labels to 2024-10-12 00:00:00+00:00, run_after=2024-10-13 00:00:00+00:00
[2024-10-13T09:24:57.466+0000] {processor.py:208} INFO - Processing /home/airflow/.local/lib/python3.12/site-packages/airflow/example_dags/example_branch_labels.py took 0.141 seconds
[2024-10-13T09:25:28.496+0000] {processor.py:186} INFO - Started process (PID=2904) to work on /home/airflow/.local/lib/python3.12/site-packages/airflow/example_dags/example_branch_labels.py
[2024-10-13T09:25:28.499+0000] {processor.py:914} INFO - Processing file /home/airflow/.local/lib/python3.12/site-packages/airflow/example_dags/example_branch_labels.py for tasks to queue
[2024-10-13T09:25:28.505+0000] {logging_mixin.py:190} INFO - [2024-10-13T09:25:28.504+0000] {dagbag.py:588} INFO - Filling up the DagBag from /home/airflow/.local/lib/python3.12/site-packages/airflow/example_dags/example_branch_labels.py
[2024-10-13T09:25:28.527+0000] {processor.py:925} INFO - DAG(s) 'example_branch_labels' retrieved from /home/airflow/.local/lib/python3.12/site-packages/airflow/example_dags/example_branch_labels.py
[2024-10-13T09:25:28.579+0000] {logging_mixin.py:190} INFO - [2024-10-13T09:25:28.578+0000] {dag.py:3239} INFO - Sync 1 DAGs
[2024-10-13T09:25:28.642+0000] {logging_mixin.py:190} INFO - [2024-10-13T09:25:28.642+0000] {dag.py:4180} INFO - Setting next_dagrun for example_branch_labels to 2024-10-12 00:00:00+00:00, run_after=2024-10-13 00:00:00+00:00
[2024-10-13T09:25:28.682+0000] {processor.py:208} INFO - Processing /home/airflow/.local/lib/python3.12/site-packages/airflow/example_dags/example_branch_labels.py took 0.198 seconds
[2024-10-13T09:25:59.400+0000] {processor.py:186} INFO - Started process (PID=2967) to work on /home/airflow/.local/lib/python3.12/site-packages/airflow/example_dags/example_branch_labels.py
[2024-10-13T09:25:59.403+0000] {processor.py:914} INFO - Processing file /home/airflow/.local/lib/python3.12/site-packages/airflow/example_dags/example_branch_labels.py for tasks to queue
[2024-10-13T09:25:59.408+0000] {logging_mixin.py:190} INFO - [2024-10-13T09:25:59.408+0000] {dagbag.py:588} INFO - Filling up the DagBag from /home/airflow/.local/lib/python3.12/site-packages/airflow/example_dags/example_branch_labels.py
[2024-10-13T09:25:59.422+0000] {processor.py:925} INFO - DAG(s) 'example_branch_labels' retrieved from /home/airflow/.local/lib/python3.12/site-packages/airflow/example_dags/example_branch_labels.py
[2024-10-13T09:25:59.456+0000] {logging_mixin.py:190} INFO - [2024-10-13T09:25:59.456+0000] {dag.py:3239} INFO - Sync 1 DAGs
[2024-10-13T09:25:59.495+0000] {logging_mixin.py:190} INFO - [2024-10-13T09:25:59.495+0000] {dag.py:4180} INFO - Setting next_dagrun for example_branch_labels to 2024-10-12 00:00:00+00:00, run_after=2024-10-13 00:00:00+00:00
[2024-10-13T09:25:59.528+0000] {processor.py:208} INFO - Processing /home/airflow/.local/lib/python3.12/site-packages/airflow/example_dags/example_branch_labels.py took 0.137 seconds
[2024-10-13T09:26:36.665+0000] {processor.py:186} INFO - Started process (PID=3038) to work on /home/airflow/.local/lib/python3.12/site-packages/airflow/example_dags/example_branch_labels.py
[2024-10-13T09:26:36.670+0000] {processor.py:914} INFO - Processing file /home/airflow/.local/lib/python3.12/site-packages/airflow/example_dags/example_branch_labels.py for tasks to queue
[2024-10-13T09:26:36.677+0000] {logging_mixin.py:190} INFO - [2024-10-13T09:26:36.676+0000] {dagbag.py:588} INFO - Filling up the DagBag from /home/airflow/.local/lib/python3.12/site-packages/airflow/example_dags/example_branch_labels.py
[2024-10-13T09:26:36.711+0000] {processor.py:925} INFO - DAG(s) 'example_branch_labels' retrieved from /home/airflow/.local/lib/python3.12/site-packages/airflow/example_dags/example_branch_labels.py
[2024-10-13T09:26:36.794+0000] {logging_mixin.py:190} INFO - [2024-10-13T09:26:36.793+0000] {dag.py:3239} INFO - Sync 1 DAGs
[2024-10-13T09:26:36.887+0000] {logging_mixin.py:190} INFO - [2024-10-13T09:26:36.884+0000] {dag.py:4180} INFO - Setting next_dagrun for example_branch_labels to 2024-10-12 00:00:00+00:00, run_after=2024-10-13 00:00:00+00:00
[2024-10-13T09:26:36.956+0000] {processor.py:208} INFO - Processing /home/airflow/.local/lib/python3.12/site-packages/airflow/example_dags/example_branch_labels.py took 0.305 seconds
[2024-10-13T09:27:09.092+0000] {processor.py:186} INFO - Started process (PID=3101) to work on /home/airflow/.local/lib/python3.12/site-packages/airflow/example_dags/example_branch_labels.py
[2024-10-13T09:27:09.096+0000] {processor.py:914} INFO - Processing file /home/airflow/.local/lib/python3.12/site-packages/airflow/example_dags/example_branch_labels.py for tasks to queue
[2024-10-13T09:27:09.103+0000] {logging_mixin.py:190} INFO - [2024-10-13T09:27:09.102+0000] {dagbag.py:588} INFO - Filling up the DagBag from /home/airflow/.local/lib/python3.12/site-packages/airflow/example_dags/example_branch_labels.py
[2024-10-13T09:27:09.148+0000] {processor.py:925} INFO - DAG(s) 'example_branch_labels' retrieved from /home/airflow/.local/lib/python3.12/site-packages/airflow/example_dags/example_branch_labels.py
[2024-10-13T09:27:09.272+0000] {logging_mixin.py:190} INFO - [2024-10-13T09:27:09.262+0000] {dag.py:3239} INFO - Sync 1 DAGs
[2024-10-13T09:27:09.441+0000] {logging_mixin.py:190} INFO - [2024-10-13T09:27:09.440+0000] {dag.py:4180} INFO - Setting next_dagrun for example_branch_labels to 2024-10-12 00:00:00+00:00, run_after=2024-10-13 00:00:00+00:00
[2024-10-13T09:27:09.559+0000] {processor.py:208} INFO - Processing /home/airflow/.local/lib/python3.12/site-packages/airflow/example_dags/example_branch_labels.py took 0.484 seconds
[2024-10-13T09:27:40.061+0000] {processor.py:186} INFO - Started process (PID=3163) to work on /home/airflow/.local/lib/python3.12/site-packages/airflow/example_dags/example_branch_labels.py
[2024-10-13T09:27:40.062+0000] {processor.py:914} INFO - Processing file /home/airflow/.local/lib/python3.12/site-packages/airflow/example_dags/example_branch_labels.py for tasks to queue
[2024-10-13T09:27:40.065+0000] {logging_mixin.py:190} INFO - [2024-10-13T09:27:40.065+0000] {dagbag.py:588} INFO - Filling up the DagBag from /home/airflow/.local/lib/python3.12/site-packages/airflow/example_dags/example_branch_labels.py
[2024-10-13T09:27:40.077+0000] {processor.py:925} INFO - DAG(s) 'example_branch_labels' retrieved from /home/airflow/.local/lib/python3.12/site-packages/airflow/example_dags/example_branch_labels.py
[2024-10-13T09:27:40.107+0000] {logging_mixin.py:190} INFO - [2024-10-13T09:27:40.106+0000] {dag.py:3239} INFO - Sync 1 DAGs
[2024-10-13T09:27:40.134+0000] {logging_mixin.py:190} INFO - [2024-10-13T09:27:40.134+0000] {dag.py:4180} INFO - Setting next_dagrun for example_branch_labels to 2024-10-12 00:00:00+00:00, run_after=2024-10-13 00:00:00+00:00
[2024-10-13T09:27:40.158+0000] {processor.py:208} INFO - Processing /home/airflow/.local/lib/python3.12/site-packages/airflow/example_dags/example_branch_labels.py took 0.104 seconds
[2024-10-13T09:28:10.659+0000] {processor.py:186} INFO - Started process (PID=3226) to work on /home/airflow/.local/lib/python3.12/site-packages/airflow/example_dags/example_branch_labels.py
[2024-10-13T09:28:10.661+0000] {processor.py:914} INFO - Processing file /home/airflow/.local/lib/python3.12/site-packages/airflow/example_dags/example_branch_labels.py for tasks to queue
[2024-10-13T09:28:10.664+0000] {logging_mixin.py:190} INFO - [2024-10-13T09:28:10.664+0000] {dagbag.py:588} INFO - Filling up the DagBag from /home/airflow/.local/lib/python3.12/site-packages/airflow/example_dags/example_branch_labels.py
[2024-10-13T09:28:10.676+0000] {processor.py:925} INFO - DAG(s) 'example_branch_labels' retrieved from /home/airflow/.local/lib/python3.12/site-packages/airflow/example_dags/example_branch_labels.py
[2024-10-13T09:28:10.700+0000] {logging_mixin.py:190} INFO - [2024-10-13T09:28:10.699+0000] {dag.py:3239} INFO - Sync 1 DAGs
[2024-10-13T09:28:10.726+0000] {logging_mixin.py:190} INFO - [2024-10-13T09:28:10.726+0000] {dag.py:4180} INFO - Setting next_dagrun for example_branch_labels to 2024-10-12 00:00:00+00:00, run_after=2024-10-13 00:00:00+00:00
[2024-10-13T09:28:10.752+0000] {processor.py:208} INFO - Processing /home/airflow/.local/lib/python3.12/site-packages/airflow/example_dags/example_branch_labels.py took 0.099 seconds
[2024-10-13T09:28:41.128+0000] {processor.py:186} INFO - Started process (PID=3289) to work on /home/airflow/.local/lib/python3.12/site-packages/airflow/example_dags/example_branch_labels.py
[2024-10-13T09:28:41.130+0000] {processor.py:914} INFO - Processing file /home/airflow/.local/lib/python3.12/site-packages/airflow/example_dags/example_branch_labels.py for tasks to queue
[2024-10-13T09:28:41.135+0000] {logging_mixin.py:190} INFO - [2024-10-13T09:28:41.134+0000] {dagbag.py:588} INFO - Filling up the DagBag from /home/airflow/.local/lib/python3.12/site-packages/airflow/example_dags/example_branch_labels.py
[2024-10-13T09:28:41.150+0000] {processor.py:925} INFO - DAG(s) 'example_branch_labels' retrieved from /home/airflow/.local/lib/python3.12/site-packages/airflow/example_dags/example_branch_labels.py
[2024-10-13T09:28:41.184+0000] {logging_mixin.py:190} INFO - [2024-10-13T09:28:41.184+0000] {dag.py:3239} INFO - Sync 1 DAGs
[2024-10-13T09:28:41.231+0000] {logging_mixin.py:190} INFO - [2024-10-13T09:28:41.231+0000] {dag.py:4180} INFO - Setting next_dagrun for example_branch_labels to 2024-10-12 00:00:00+00:00, run_after=2024-10-13 00:00:00+00:00
[2024-10-13T09:28:41.259+0000] {processor.py:208} INFO - Processing /home/airflow/.local/lib/python3.12/site-packages/airflow/example_dags/example_branch_labels.py took 0.138 seconds
[2024-10-13T09:29:11.409+0000] {processor.py:186} INFO - Started process (PID=3352) to work on /home/airflow/.local/lib/python3.12/site-packages/airflow/example_dags/example_branch_labels.py
[2024-10-13T09:29:11.411+0000] {processor.py:914} INFO - Processing file /home/airflow/.local/lib/python3.12/site-packages/airflow/example_dags/example_branch_labels.py for tasks to queue
[2024-10-13T09:29:11.414+0000] {logging_mixin.py:190} INFO - [2024-10-13T09:29:11.414+0000] {dagbag.py:588} INFO - Filling up the DagBag from /home/airflow/.local/lib/python3.12/site-packages/airflow/example_dags/example_branch_labels.py
[2024-10-13T09:29:11.425+0000] {processor.py:925} INFO - DAG(s) 'example_branch_labels' retrieved from /home/airflow/.local/lib/python3.12/site-packages/airflow/example_dags/example_branch_labels.py
[2024-10-13T09:29:11.452+0000] {logging_mixin.py:190} INFO - [2024-10-13T09:29:11.451+0000] {dag.py:3239} INFO - Sync 1 DAGs
[2024-10-13T09:29:11.475+0000] {logging_mixin.py:190} INFO - [2024-10-13T09:29:11.475+0000] {dag.py:4180} INFO - Setting next_dagrun for example_branch_labels to 2024-10-12 00:00:00+00:00, run_after=2024-10-13 00:00:00+00:00
[2024-10-13T09:29:11.496+0000] {processor.py:208} INFO - Processing /home/airflow/.local/lib/python3.12/site-packages/airflow/example_dags/example_branch_labels.py took 0.093 seconds
[2024-10-13T09:29:41.712+0000] {processor.py:186} INFO - Started process (PID=3415) to work on /home/airflow/.local/lib/python3.12/site-packages/airflow/example_dags/example_branch_labels.py
[2024-10-13T09:29:41.714+0000] {processor.py:914} INFO - Processing file /home/airflow/.local/lib/python3.12/site-packages/airflow/example_dags/example_branch_labels.py for tasks to queue
[2024-10-13T09:29:41.717+0000] {logging_mixin.py:190} INFO - [2024-10-13T09:29:41.716+0000] {dagbag.py:588} INFO - Filling up the DagBag from /home/airflow/.local/lib/python3.12/site-packages/airflow/example_dags/example_branch_labels.py
[2024-10-13T09:29:41.731+0000] {processor.py:925} INFO - DAG(s) 'example_branch_labels' retrieved from /home/airflow/.local/lib/python3.12/site-packages/airflow/example_dags/example_branch_labels.py
[2024-10-13T09:29:41.758+0000] {logging_mixin.py:190} INFO - [2024-10-13T09:29:41.757+0000] {dag.py:3239} INFO - Sync 1 DAGs
[2024-10-13T09:29:41.786+0000] {logging_mixin.py:190} INFO - [2024-10-13T09:29:41.786+0000] {dag.py:4180} INFO - Setting next_dagrun for example_branch_labels to 2024-10-12 00:00:00+00:00, run_after=2024-10-13 00:00:00+00:00
[2024-10-13T09:29:41.803+0000] {processor.py:208} INFO - Processing /home/airflow/.local/lib/python3.12/site-packages/airflow/example_dags/example_branch_labels.py took 0.098 seconds
[2024-10-13T09:30:12.599+0000] {processor.py:186} INFO - Started process (PID=3478) to work on /home/airflow/.local/lib/python3.12/site-packages/airflow/example_dags/example_branch_labels.py
[2024-10-13T09:30:12.602+0000] {processor.py:914} INFO - Processing file /home/airflow/.local/lib/python3.12/site-packages/airflow/example_dags/example_branch_labels.py for tasks to queue
[2024-10-13T09:30:12.609+0000] {logging_mixin.py:190} INFO - [2024-10-13T09:30:12.608+0000] {dagbag.py:588} INFO - Filling up the DagBag from /home/airflow/.local/lib/python3.12/site-packages/airflow/example_dags/example_branch_labels.py
[2024-10-13T09:30:12.626+0000] {processor.py:925} INFO - DAG(s) 'example_branch_labels' retrieved from /home/airflow/.local/lib/python3.12/site-packages/airflow/example_dags/example_branch_labels.py
[2024-10-13T09:30:12.667+0000] {logging_mixin.py:190} INFO - [2024-10-13T09:30:12.667+0000] {dag.py:3239} INFO - Sync 1 DAGs
[2024-10-13T09:30:12.722+0000] {logging_mixin.py:190} INFO - [2024-10-13T09:30:12.722+0000] {dag.py:4180} INFO - Setting next_dagrun for example_branch_labels to 2024-10-12 00:00:00+00:00, run_after=2024-10-13 00:00:00+00:00
[2024-10-13T09:30:12.758+0000] {processor.py:208} INFO - Processing /home/airflow/.local/lib/python3.12/site-packages/airflow/example_dags/example_branch_labels.py took 0.174 seconds
