[2024-10-13T09:02:31.573+0000] {processor.py:186} INFO - Started process (PID=97) to work on /home/airflow/.local/lib/python3.12/site-packages/airflow/example_dags/example_complex.py
[2024-10-13T09:02:31.579+0000] {processor.py:914} INFO - Processing file /home/airflow/.local/lib/python3.12/site-packages/airflow/example_dags/example_complex.py for tasks to queue
[2024-10-13T09:02:31.593+0000] {logging_mixin.py:190} INFO - [2024-10-13T09:02:31.592+0000] {dagbag.py:588} INFO - Filling up the DagBag from /home/airflow/.local/lib/python3.12/site-packages/airflow/example_dags/example_complex.py
[2024-10-13T09:02:32.052+0000] {processor.py:925} INFO - DAG(s) 'example_complex' retrieved from /home/airflow/.local/lib/python3.12/site-packages/airflow/example_dags/example_complex.py
[2024-10-13T09:02:32.331+0000] {logging_mixin.py:190} INFO - [2024-10-13T09:02:32.330+0000] {dag.py:3239} INFO - Sync 1 DAGs
[2024-10-13T09:02:32.430+0000] {logging_mixin.py:190} INFO - [2024-10-13T09:02:32.430+0000] {dag.py:4180} INFO - Setting next_dagrun for example_complex to None, run_after=None
[2024-10-13T09:02:32.509+0000] {processor.py:208} INFO - Processing /home/airflow/.local/lib/python3.12/site-packages/airflow/example_dags/example_complex.py took 1.094 seconds
[2024-10-13T09:03:02.962+0000] {processor.py:186} INFO - Started process (PID=161) to work on /home/airflow/.local/lib/python3.12/site-packages/airflow/example_dags/example_complex.py
[2024-10-13T09:03:02.963+0000] {processor.py:914} INFO - Processing file /home/airflow/.local/lib/python3.12/site-packages/airflow/example_dags/example_complex.py for tasks to queue
[2024-10-13T09:03:02.967+0000] {logging_mixin.py:190} INFO - [2024-10-13T09:03:02.966+0000] {dagbag.py:588} INFO - Filling up the DagBag from /home/airflow/.local/lib/python3.12/site-packages/airflow/example_dags/example_complex.py
[2024-10-13T09:03:02.980+0000] {processor.py:925} INFO - DAG(s) 'example_complex' retrieved from /home/airflow/.local/lib/python3.12/site-packages/airflow/example_dags/example_complex.py
[2024-10-13T09:03:03.026+0000] {logging_mixin.py:190} INFO - [2024-10-13T09:03:03.025+0000] {dag.py:3239} INFO - Sync 1 DAGs
[2024-10-13T09:03:03.043+0000] {logging_mixin.py:190} INFO - [2024-10-13T09:03:03.042+0000] {dag.py:4180} INFO - Setting next_dagrun for example_complex to None, run_after=None
[2024-10-13T09:03:03.074+0000] {processor.py:208} INFO - Processing /home/airflow/.local/lib/python3.12/site-packages/airflow/example_dags/example_complex.py took 0.121 seconds
[2024-10-13T09:03:33.341+0000] {processor.py:186} INFO - Started process (PID=224) to work on /home/airflow/.local/lib/python3.12/site-packages/airflow/example_dags/example_complex.py
[2024-10-13T09:03:33.348+0000] {processor.py:914} INFO - Processing file /home/airflow/.local/lib/python3.12/site-packages/airflow/example_dags/example_complex.py for tasks to queue
[2024-10-13T09:03:33.355+0000] {logging_mixin.py:190} INFO - [2024-10-13T09:03:33.354+0000] {dagbag.py:588} INFO - Filling up the DagBag from /home/airflow/.local/lib/python3.12/site-packages/airflow/example_dags/example_complex.py
[2024-10-13T09:03:33.417+0000] {processor.py:925} INFO - DAG(s) 'example_complex' retrieved from /home/airflow/.local/lib/python3.12/site-packages/airflow/example_dags/example_complex.py
[2024-10-13T09:03:33.568+0000] {logging_mixin.py:190} INFO - [2024-10-13T09:03:33.567+0000] {dag.py:3239} INFO - Sync 1 DAGs
[2024-10-13T09:03:33.626+0000] {logging_mixin.py:190} INFO - [2024-10-13T09:03:33.625+0000] {dag.py:4180} INFO - Setting next_dagrun for example_complex to None, run_after=None
[2024-10-13T09:03:33.753+0000] {processor.py:208} INFO - Processing /home/airflow/.local/lib/python3.12/site-packages/airflow/example_dags/example_complex.py took 0.431 seconds
[2024-10-13T09:04:04.464+0000] {processor.py:186} INFO - Started process (PID=288) to work on /home/airflow/.local/lib/python3.12/site-packages/airflow/example_dags/example_complex.py
[2024-10-13T09:04:04.473+0000] {processor.py:914} INFO - Processing file /home/airflow/.local/lib/python3.12/site-packages/airflow/example_dags/example_complex.py for tasks to queue
[2024-10-13T09:04:04.490+0000] {logging_mixin.py:190} INFO - [2024-10-13T09:04:04.489+0000] {dagbag.py:588} INFO - Filling up the DagBag from /home/airflow/.local/lib/python3.12/site-packages/airflow/example_dags/example_complex.py
[2024-10-13T09:04:04.715+0000] {processor.py:925} INFO - DAG(s) 'example_complex' retrieved from /home/airflow/.local/lib/python3.12/site-packages/airflow/example_dags/example_complex.py
[2024-10-13T09:04:04.792+0000] {logging_mixin.py:190} INFO - [2024-10-13T09:04:04.792+0000] {dag.py:3239} INFO - Sync 1 DAGs
[2024-10-13T09:04:04.859+0000] {logging_mixin.py:190} INFO - [2024-10-13T09:04:04.859+0000] {dag.py:4180} INFO - Setting next_dagrun for example_complex to None, run_after=None
[2024-10-13T09:04:05.002+0000] {processor.py:208} INFO - Processing /home/airflow/.local/lib/python3.12/site-packages/airflow/example_dags/example_complex.py took 0.587 seconds
[2024-10-13T09:04:35.393+0000] {processor.py:186} INFO - Started process (PID=350) to work on /home/airflow/.local/lib/python3.12/site-packages/airflow/example_dags/example_complex.py
[2024-10-13T09:04:35.396+0000] {processor.py:914} INFO - Processing file /home/airflow/.local/lib/python3.12/site-packages/airflow/example_dags/example_complex.py for tasks to queue
[2024-10-13T09:04:35.399+0000] {logging_mixin.py:190} INFO - [2024-10-13T09:04:35.399+0000] {dagbag.py:588} INFO - Filling up the DagBag from /home/airflow/.local/lib/python3.12/site-packages/airflow/example_dags/example_complex.py
[2024-10-13T09:04:35.414+0000] {processor.py:925} INFO - DAG(s) 'example_complex' retrieved from /home/airflow/.local/lib/python3.12/site-packages/airflow/example_dags/example_complex.py
[2024-10-13T09:04:35.457+0000] {logging_mixin.py:190} INFO - [2024-10-13T09:04:35.457+0000] {dag.py:3239} INFO - Sync 1 DAGs
[2024-10-13T09:04:35.480+0000] {logging_mixin.py:190} INFO - [2024-10-13T09:04:35.480+0000] {dag.py:4180} INFO - Setting next_dagrun for example_complex to None, run_after=None
[2024-10-13T09:04:35.516+0000] {processor.py:208} INFO - Processing /home/airflow/.local/lib/python3.12/site-packages/airflow/example_dags/example_complex.py took 0.129 seconds
[2024-10-13T09:05:06.418+0000] {processor.py:186} INFO - Started process (PID=413) to work on /home/airflow/.local/lib/python3.12/site-packages/airflow/example_dags/example_complex.py
[2024-10-13T09:05:06.420+0000] {processor.py:914} INFO - Processing file /home/airflow/.local/lib/python3.12/site-packages/airflow/example_dags/example_complex.py for tasks to queue
[2024-10-13T09:05:06.423+0000] {logging_mixin.py:190} INFO - [2024-10-13T09:05:06.423+0000] {dagbag.py:588} INFO - Filling up the DagBag from /home/airflow/.local/lib/python3.12/site-packages/airflow/example_dags/example_complex.py
[2024-10-13T09:05:06.438+0000] {processor.py:925} INFO - DAG(s) 'example_complex' retrieved from /home/airflow/.local/lib/python3.12/site-packages/airflow/example_dags/example_complex.py
[2024-10-13T09:05:06.468+0000] {logging_mixin.py:190} INFO - [2024-10-13T09:05:06.468+0000] {dag.py:3239} INFO - Sync 1 DAGs
[2024-10-13T09:05:06.482+0000] {logging_mixin.py:190} INFO - [2024-10-13T09:05:06.481+0000] {dag.py:4180} INFO - Setting next_dagrun for example_complex to None, run_after=None
[2024-10-13T09:05:06.517+0000] {processor.py:208} INFO - Processing /home/airflow/.local/lib/python3.12/site-packages/airflow/example_dags/example_complex.py took 0.106 seconds
[2024-10-13T09:05:37.016+0000] {processor.py:186} INFO - Started process (PID=476) to work on /home/airflow/.local/lib/python3.12/site-packages/airflow/example_dags/example_complex.py
[2024-10-13T09:05:37.019+0000] {processor.py:914} INFO - Processing file /home/airflow/.local/lib/python3.12/site-packages/airflow/example_dags/example_complex.py for tasks to queue
[2024-10-13T09:05:37.023+0000] {logging_mixin.py:190} INFO - [2024-10-13T09:05:37.022+0000] {dagbag.py:588} INFO - Filling up the DagBag from /home/airflow/.local/lib/python3.12/site-packages/airflow/example_dags/example_complex.py
[2024-10-13T09:05:37.038+0000] {processor.py:925} INFO - DAG(s) 'example_complex' retrieved from /home/airflow/.local/lib/python3.12/site-packages/airflow/example_dags/example_complex.py
[2024-10-13T09:05:37.087+0000] {logging_mixin.py:190} INFO - [2024-10-13T09:05:37.087+0000] {dag.py:3239} INFO - Sync 1 DAGs
[2024-10-13T09:05:37.106+0000] {logging_mixin.py:190} INFO - [2024-10-13T09:05:37.105+0000] {dag.py:4180} INFO - Setting next_dagrun for example_complex to None, run_after=None
[2024-10-13T09:05:37.143+0000] {processor.py:208} INFO - Processing /home/airflow/.local/lib/python3.12/site-packages/airflow/example_dags/example_complex.py took 0.135 seconds
[2024-10-13T09:06:07.458+0000] {processor.py:186} INFO - Started process (PID=539) to work on /home/airflow/.local/lib/python3.12/site-packages/airflow/example_dags/example_complex.py
[2024-10-13T09:06:07.461+0000] {processor.py:914} INFO - Processing file /home/airflow/.local/lib/python3.12/site-packages/airflow/example_dags/example_complex.py for tasks to queue
[2024-10-13T09:06:07.466+0000] {logging_mixin.py:190} INFO - [2024-10-13T09:06:07.465+0000] {dagbag.py:588} INFO - Filling up the DagBag from /home/airflow/.local/lib/python3.12/site-packages/airflow/example_dags/example_complex.py
[2024-10-13T09:06:07.493+0000] {processor.py:925} INFO - DAG(s) 'example_complex' retrieved from /home/airflow/.local/lib/python3.12/site-packages/airflow/example_dags/example_complex.py
[2024-10-13T09:06:07.556+0000] {logging_mixin.py:190} INFO - [2024-10-13T09:06:07.556+0000] {dag.py:3239} INFO - Sync 1 DAGs
[2024-10-13T09:06:07.584+0000] {logging_mixin.py:190} INFO - [2024-10-13T09:06:07.583+0000] {dag.py:4180} INFO - Setting next_dagrun for example_complex to None, run_after=None
[2024-10-13T09:06:07.642+0000] {processor.py:208} INFO - Processing /home/airflow/.local/lib/python3.12/site-packages/airflow/example_dags/example_complex.py took 0.196 seconds
[2024-10-13T09:06:38.403+0000] {processor.py:186} INFO - Started process (PID=602) to work on /home/airflow/.local/lib/python3.12/site-packages/airflow/example_dags/example_complex.py
[2024-10-13T09:06:38.406+0000] {processor.py:914} INFO - Processing file /home/airflow/.local/lib/python3.12/site-packages/airflow/example_dags/example_complex.py for tasks to queue
[2024-10-13T09:06:38.414+0000] {logging_mixin.py:190} INFO - [2024-10-13T09:06:38.413+0000] {dagbag.py:588} INFO - Filling up the DagBag from /home/airflow/.local/lib/python3.12/site-packages/airflow/example_dags/example_complex.py
[2024-10-13T09:06:38.437+0000] {processor.py:925} INFO - DAG(s) 'example_complex' retrieved from /home/airflow/.local/lib/python3.12/site-packages/airflow/example_dags/example_complex.py
[2024-10-13T09:06:38.498+0000] {logging_mixin.py:190} INFO - [2024-10-13T09:06:38.497+0000] {dag.py:3239} INFO - Sync 1 DAGs
[2024-10-13T09:06:38.523+0000] {logging_mixin.py:190} INFO - [2024-10-13T09:06:38.523+0000] {dag.py:4180} INFO - Setting next_dagrun for example_complex to None, run_after=None
[2024-10-13T09:06:38.560+0000] {processor.py:208} INFO - Processing /home/airflow/.local/lib/python3.12/site-packages/airflow/example_dags/example_complex.py took 0.169 seconds
[2024-10-13T09:07:08.946+0000] {processor.py:186} INFO - Started process (PID=665) to work on /home/airflow/.local/lib/python3.12/site-packages/airflow/example_dags/example_complex.py
[2024-10-13T09:07:08.949+0000] {processor.py:914} INFO - Processing file /home/airflow/.local/lib/python3.12/site-packages/airflow/example_dags/example_complex.py for tasks to queue
[2024-10-13T09:07:08.954+0000] {logging_mixin.py:190} INFO - [2024-10-13T09:07:08.953+0000] {dagbag.py:588} INFO - Filling up the DagBag from /home/airflow/.local/lib/python3.12/site-packages/airflow/example_dags/example_complex.py
[2024-10-13T09:07:08.968+0000] {processor.py:925} INFO - DAG(s) 'example_complex' retrieved from /home/airflow/.local/lib/python3.12/site-packages/airflow/example_dags/example_complex.py
[2024-10-13T09:07:09.009+0000] {logging_mixin.py:190} INFO - [2024-10-13T09:07:09.009+0000] {dag.py:3239} INFO - Sync 1 DAGs
[2024-10-13T09:07:09.028+0000] {logging_mixin.py:190} INFO - [2024-10-13T09:07:09.028+0000] {dag.py:4180} INFO - Setting next_dagrun for example_complex to None, run_after=None
[2024-10-13T09:07:09.065+0000] {processor.py:208} INFO - Processing /home/airflow/.local/lib/python3.12/site-packages/airflow/example_dags/example_complex.py took 0.127 seconds
[2024-10-13T09:07:39.562+0000] {processor.py:186} INFO - Started process (PID=729) to work on /home/airflow/.local/lib/python3.12/site-packages/airflow/example_dags/example_complex.py
[2024-10-13T09:07:39.564+0000] {processor.py:914} INFO - Processing file /home/airflow/.local/lib/python3.12/site-packages/airflow/example_dags/example_complex.py for tasks to queue
[2024-10-13T09:07:39.570+0000] {logging_mixin.py:190} INFO - [2024-10-13T09:07:39.569+0000] {dagbag.py:588} INFO - Filling up the DagBag from /home/airflow/.local/lib/python3.12/site-packages/airflow/example_dags/example_complex.py
[2024-10-13T09:07:39.587+0000] {processor.py:925} INFO - DAG(s) 'example_complex' retrieved from /home/airflow/.local/lib/python3.12/site-packages/airflow/example_dags/example_complex.py
[2024-10-13T09:07:39.630+0000] {logging_mixin.py:190} INFO - [2024-10-13T09:07:39.630+0000] {dag.py:3239} INFO - Sync 1 DAGs
[2024-10-13T09:07:39.652+0000] {logging_mixin.py:190} INFO - [2024-10-13T09:07:39.651+0000] {dag.py:4180} INFO - Setting next_dagrun for example_complex to None, run_after=None
[2024-10-13T09:07:39.687+0000] {processor.py:208} INFO - Processing /home/airflow/.local/lib/python3.12/site-packages/airflow/example_dags/example_complex.py took 0.132 seconds
[2024-10-13T09:08:09.767+0000] {processor.py:186} INFO - Started process (PID=792) to work on /home/airflow/.local/lib/python3.12/site-packages/airflow/example_dags/example_complex.py
[2024-10-13T09:08:09.769+0000] {processor.py:914} INFO - Processing file /home/airflow/.local/lib/python3.12/site-packages/airflow/example_dags/example_complex.py for tasks to queue
[2024-10-13T09:08:09.772+0000] {logging_mixin.py:190} INFO - [2024-10-13T09:08:09.771+0000] {dagbag.py:588} INFO - Filling up the DagBag from /home/airflow/.local/lib/python3.12/site-packages/airflow/example_dags/example_complex.py
[2024-10-13T09:08:09.787+0000] {processor.py:925} INFO - DAG(s) 'example_complex' retrieved from /home/airflow/.local/lib/python3.12/site-packages/airflow/example_dags/example_complex.py
[2024-10-13T09:08:09.818+0000] {logging_mixin.py:190} INFO - [2024-10-13T09:08:09.817+0000] {dag.py:3239} INFO - Sync 1 DAGs
[2024-10-13T09:08:09.836+0000] {logging_mixin.py:190} INFO - [2024-10-13T09:08:09.835+0000] {dag.py:4180} INFO - Setting next_dagrun for example_complex to None, run_after=None
[2024-10-13T09:08:09.861+0000] {processor.py:208} INFO - Processing /home/airflow/.local/lib/python3.12/site-packages/airflow/example_dags/example_complex.py took 0.101 seconds
[2024-10-13T09:08:41.079+0000] {processor.py:186} INFO - Started process (PID=855) to work on /home/airflow/.local/lib/python3.12/site-packages/airflow/example_dags/example_complex.py
[2024-10-13T09:08:41.081+0000] {processor.py:914} INFO - Processing file /home/airflow/.local/lib/python3.12/site-packages/airflow/example_dags/example_complex.py for tasks to queue
[2024-10-13T09:08:41.086+0000] {logging_mixin.py:190} INFO - [2024-10-13T09:08:41.086+0000] {dagbag.py:588} INFO - Filling up the DagBag from /home/airflow/.local/lib/python3.12/site-packages/airflow/example_dags/example_complex.py
[2024-10-13T09:08:41.115+0000] {processor.py:925} INFO - DAG(s) 'example_complex' retrieved from /home/airflow/.local/lib/python3.12/site-packages/airflow/example_dags/example_complex.py
[2024-10-13T09:08:41.219+0000] {logging_mixin.py:190} INFO - [2024-10-13T09:08:41.218+0000] {dag.py:3239} INFO - Sync 1 DAGs
[2024-10-13T09:08:41.239+0000] {logging_mixin.py:190} INFO - [2024-10-13T09:08:41.238+0000] {dag.py:4180} INFO - Setting next_dagrun for example_complex to None, run_after=None
[2024-10-13T09:08:41.282+0000] {processor.py:208} INFO - Processing /home/airflow/.local/lib/python3.12/site-packages/airflow/example_dags/example_complex.py took 0.213 seconds
[2024-10-13T09:09:12.284+0000] {processor.py:186} INFO - Started process (PID=918) to work on /home/airflow/.local/lib/python3.12/site-packages/airflow/example_dags/example_complex.py
[2024-10-13T09:09:12.288+0000] {processor.py:914} INFO - Processing file /home/airflow/.local/lib/python3.12/site-packages/airflow/example_dags/example_complex.py for tasks to queue
[2024-10-13T09:09:12.295+0000] {logging_mixin.py:190} INFO - [2024-10-13T09:09:12.294+0000] {dagbag.py:588} INFO - Filling up the DagBag from /home/airflow/.local/lib/python3.12/site-packages/airflow/example_dags/example_complex.py
[2024-10-13T09:09:12.325+0000] {processor.py:925} INFO - DAG(s) 'example_complex' retrieved from /home/airflow/.local/lib/python3.12/site-packages/airflow/example_dags/example_complex.py
[2024-10-13T09:09:12.405+0000] {logging_mixin.py:190} INFO - [2024-10-13T09:09:12.404+0000] {dag.py:3239} INFO - Sync 1 DAGs
[2024-10-13T09:09:12.458+0000] {logging_mixin.py:190} INFO - [2024-10-13T09:09:12.457+0000] {dag.py:4180} INFO - Setting next_dagrun for example_complex to None, run_after=None
[2024-10-13T09:09:12.534+0000] {processor.py:208} INFO - Processing /home/airflow/.local/lib/python3.12/site-packages/airflow/example_dags/example_complex.py took 0.266 seconds
[2024-10-13T09:09:42.928+0000] {processor.py:186} INFO - Started process (PID=981) to work on /home/airflow/.local/lib/python3.12/site-packages/airflow/example_dags/example_complex.py
[2024-10-13T09:09:42.932+0000] {processor.py:914} INFO - Processing file /home/airflow/.local/lib/python3.12/site-packages/airflow/example_dags/example_complex.py for tasks to queue
[2024-10-13T09:09:42.942+0000] {logging_mixin.py:190} INFO - [2024-10-13T09:09:42.941+0000] {dagbag.py:588} INFO - Filling up the DagBag from /home/airflow/.local/lib/python3.12/site-packages/airflow/example_dags/example_complex.py
[2024-10-13T09:09:42.981+0000] {processor.py:925} INFO - DAG(s) 'example_complex' retrieved from /home/airflow/.local/lib/python3.12/site-packages/airflow/example_dags/example_complex.py
[2024-10-13T09:09:43.082+0000] {logging_mixin.py:190} INFO - [2024-10-13T09:09:43.081+0000] {dag.py:3239} INFO - Sync 1 DAGs
[2024-10-13T09:09:43.125+0000] {logging_mixin.py:190} INFO - [2024-10-13T09:09:43.125+0000] {dag.py:4180} INFO - Setting next_dagrun for example_complex to None, run_after=None
[2024-10-13T09:09:43.177+0000] {processor.py:208} INFO - Processing /home/airflow/.local/lib/python3.12/site-packages/airflow/example_dags/example_complex.py took 0.269 seconds
[2024-10-13T09:10:13.995+0000] {processor.py:186} INFO - Started process (PID=1044) to work on /home/airflow/.local/lib/python3.12/site-packages/airflow/example_dags/example_complex.py
[2024-10-13T09:10:13.996+0000] {processor.py:914} INFO - Processing file /home/airflow/.local/lib/python3.12/site-packages/airflow/example_dags/example_complex.py for tasks to queue
[2024-10-13T09:10:14.002+0000] {logging_mixin.py:190} INFO - [2024-10-13T09:10:14.001+0000] {dagbag.py:588} INFO - Filling up the DagBag from /home/airflow/.local/lib/python3.12/site-packages/airflow/example_dags/example_complex.py
[2024-10-13T09:10:14.022+0000] {processor.py:925} INFO - DAG(s) 'example_complex' retrieved from /home/airflow/.local/lib/python3.12/site-packages/airflow/example_dags/example_complex.py
[2024-10-13T09:10:14.070+0000] {logging_mixin.py:190} INFO - [2024-10-13T09:10:14.069+0000] {dag.py:3239} INFO - Sync 1 DAGs
[2024-10-13T09:10:14.092+0000] {logging_mixin.py:190} INFO - [2024-10-13T09:10:14.092+0000] {dag.py:4180} INFO - Setting next_dagrun for example_complex to None, run_after=None
[2024-10-13T09:10:14.130+0000] {processor.py:208} INFO - Processing /home/airflow/.local/lib/python3.12/site-packages/airflow/example_dags/example_complex.py took 0.143 seconds
[2024-10-13T09:10:44.486+0000] {processor.py:186} INFO - Started process (PID=1107) to work on /home/airflow/.local/lib/python3.12/site-packages/airflow/example_dags/example_complex.py
[2024-10-13T09:10:44.488+0000] {processor.py:914} INFO - Processing file /home/airflow/.local/lib/python3.12/site-packages/airflow/example_dags/example_complex.py for tasks to queue
[2024-10-13T09:10:44.491+0000] {logging_mixin.py:190} INFO - [2024-10-13T09:10:44.491+0000] {dagbag.py:588} INFO - Filling up the DagBag from /home/airflow/.local/lib/python3.12/site-packages/airflow/example_dags/example_complex.py
[2024-10-13T09:10:44.503+0000] {processor.py:925} INFO - DAG(s) 'example_complex' retrieved from /home/airflow/.local/lib/python3.12/site-packages/airflow/example_dags/example_complex.py
[2024-10-13T09:10:44.531+0000] {logging_mixin.py:190} INFO - [2024-10-13T09:10:44.531+0000] {dag.py:3239} INFO - Sync 1 DAGs
[2024-10-13T09:10:44.546+0000] {logging_mixin.py:190} INFO - [2024-10-13T09:10:44.545+0000] {dag.py:4180} INFO - Setting next_dagrun for example_complex to None, run_after=None
[2024-10-13T09:10:44.565+0000] {processor.py:208} INFO - Processing /home/airflow/.local/lib/python3.12/site-packages/airflow/example_dags/example_complex.py took 0.088 seconds
[2024-10-13T09:11:15.247+0000] {processor.py:186} INFO - Started process (PID=1170) to work on /home/airflow/.local/lib/python3.12/site-packages/airflow/example_dags/example_complex.py
[2024-10-13T09:11:15.248+0000] {processor.py:914} INFO - Processing file /home/airflow/.local/lib/python3.12/site-packages/airflow/example_dags/example_complex.py for tasks to queue
[2024-10-13T09:11:15.251+0000] {logging_mixin.py:190} INFO - [2024-10-13T09:11:15.250+0000] {dagbag.py:588} INFO - Filling up the DagBag from /home/airflow/.local/lib/python3.12/site-packages/airflow/example_dags/example_complex.py
[2024-10-13T09:11:15.260+0000] {processor.py:925} INFO - DAG(s) 'example_complex' retrieved from /home/airflow/.local/lib/python3.12/site-packages/airflow/example_dags/example_complex.py
[2024-10-13T09:11:15.290+0000] {logging_mixin.py:190} INFO - [2024-10-13T09:11:15.290+0000] {dag.py:3239} INFO - Sync 1 DAGs
[2024-10-13T09:11:15.312+0000] {logging_mixin.py:190} INFO - [2024-10-13T09:11:15.311+0000] {dag.py:4180} INFO - Setting next_dagrun for example_complex to None, run_after=None
[2024-10-13T09:11:15.332+0000] {processor.py:208} INFO - Processing /home/airflow/.local/lib/python3.12/site-packages/airflow/example_dags/example_complex.py took 0.094 seconds
[2024-10-13T09:11:45.510+0000] {processor.py:186} INFO - Started process (PID=1232) to work on /home/airflow/.local/lib/python3.12/site-packages/airflow/example_dags/example_complex.py
[2024-10-13T09:11:45.512+0000] {processor.py:914} INFO - Processing file /home/airflow/.local/lib/python3.12/site-packages/airflow/example_dags/example_complex.py for tasks to queue
[2024-10-13T09:11:45.515+0000] {logging_mixin.py:190} INFO - [2024-10-13T09:11:45.514+0000] {dagbag.py:588} INFO - Filling up the DagBag from /home/airflow/.local/lib/python3.12/site-packages/airflow/example_dags/example_complex.py
[2024-10-13T09:11:45.529+0000] {processor.py:925} INFO - DAG(s) 'example_complex' retrieved from /home/airflow/.local/lib/python3.12/site-packages/airflow/example_dags/example_complex.py
[2024-10-13T09:11:45.569+0000] {logging_mixin.py:190} INFO - [2024-10-13T09:11:45.568+0000] {dag.py:3239} INFO - Sync 1 DAGs
[2024-10-13T09:11:45.587+0000] {logging_mixin.py:190} INFO - [2024-10-13T09:11:45.587+0000] {dag.py:4180} INFO - Setting next_dagrun for example_complex to None, run_after=None
[2024-10-13T09:11:45.624+0000] {processor.py:208} INFO - Processing /home/airflow/.local/lib/python3.12/site-packages/airflow/example_dags/example_complex.py took 0.124 seconds
[2024-10-13T09:12:16.431+0000] {processor.py:186} INFO - Started process (PID=1296) to work on /home/airflow/.local/lib/python3.12/site-packages/airflow/example_dags/example_complex.py
[2024-10-13T09:12:16.433+0000] {processor.py:914} INFO - Processing file /home/airflow/.local/lib/python3.12/site-packages/airflow/example_dags/example_complex.py for tasks to queue
[2024-10-13T09:12:16.437+0000] {logging_mixin.py:190} INFO - [2024-10-13T09:12:16.437+0000] {dagbag.py:588} INFO - Filling up the DagBag from /home/airflow/.local/lib/python3.12/site-packages/airflow/example_dags/example_complex.py
[2024-10-13T09:12:16.458+0000] {processor.py:925} INFO - DAG(s) 'example_complex' retrieved from /home/airflow/.local/lib/python3.12/site-packages/airflow/example_dags/example_complex.py
[2024-10-13T09:12:16.518+0000] {logging_mixin.py:190} INFO - [2024-10-13T09:12:16.518+0000] {dag.py:3239} INFO - Sync 1 DAGs
[2024-10-13T09:12:16.533+0000] {logging_mixin.py:190} INFO - [2024-10-13T09:12:16.532+0000] {dag.py:4180} INFO - Setting next_dagrun for example_complex to None, run_after=None
[2024-10-13T09:12:16.562+0000] {processor.py:208} INFO - Processing /home/airflow/.local/lib/python3.12/site-packages/airflow/example_dags/example_complex.py took 0.143 seconds
[2024-10-13T09:12:46.787+0000] {processor.py:186} INFO - Started process (PID=1365) to work on /home/airflow/.local/lib/python3.12/site-packages/airflow/example_dags/example_complex.py
[2024-10-13T09:12:46.788+0000] {processor.py:914} INFO - Processing file /home/airflow/.local/lib/python3.12/site-packages/airflow/example_dags/example_complex.py for tasks to queue
[2024-10-13T09:12:46.792+0000] {logging_mixin.py:190} INFO - [2024-10-13T09:12:46.791+0000] {dagbag.py:588} INFO - Filling up the DagBag from /home/airflow/.local/lib/python3.12/site-packages/airflow/example_dags/example_complex.py
[2024-10-13T09:12:46.802+0000] {processor.py:925} INFO - DAG(s) 'example_complex' retrieved from /home/airflow/.local/lib/python3.12/site-packages/airflow/example_dags/example_complex.py
[2024-10-13T09:12:46.833+0000] {logging_mixin.py:190} INFO - [2024-10-13T09:12:46.833+0000] {dag.py:3239} INFO - Sync 1 DAGs
[2024-10-13T09:12:46.848+0000] {logging_mixin.py:190} INFO - [2024-10-13T09:12:46.848+0000] {dag.py:4180} INFO - Setting next_dagrun for example_complex to None, run_after=None
[2024-10-13T09:12:46.878+0000] {processor.py:208} INFO - Processing /home/airflow/.local/lib/python3.12/site-packages/airflow/example_dags/example_complex.py took 0.096 seconds
[2024-10-13T09:13:18.516+0000] {processor.py:186} INFO - Started process (PID=1426) to work on /home/airflow/.local/lib/python3.12/site-packages/airflow/example_dags/example_complex.py
[2024-10-13T09:13:18.519+0000] {processor.py:914} INFO - Processing file /home/airflow/.local/lib/python3.12/site-packages/airflow/example_dags/example_complex.py for tasks to queue
[2024-10-13T09:13:18.525+0000] {logging_mixin.py:190} INFO - [2024-10-13T09:13:18.524+0000] {dagbag.py:588} INFO - Filling up the DagBag from /home/airflow/.local/lib/python3.12/site-packages/airflow/example_dags/example_complex.py
[2024-10-13T09:13:18.555+0000] {processor.py:925} INFO - DAG(s) 'example_complex' retrieved from /home/airflow/.local/lib/python3.12/site-packages/airflow/example_dags/example_complex.py
[2024-10-13T09:13:18.647+0000] {logging_mixin.py:190} INFO - [2024-10-13T09:13:18.646+0000] {dag.py:3239} INFO - Sync 1 DAGs
[2024-10-13T09:13:18.696+0000] {logging_mixin.py:190} INFO - [2024-10-13T09:13:18.695+0000] {dag.py:4180} INFO - Setting next_dagrun for example_complex to None, run_after=None
[2024-10-13T09:13:18.761+0000] {processor.py:208} INFO - Processing /home/airflow/.local/lib/python3.12/site-packages/airflow/example_dags/example_complex.py took 0.262 seconds
[2024-10-13T09:13:49.307+0000] {processor.py:186} INFO - Started process (PID=1489) to work on /home/airflow/.local/lib/python3.12/site-packages/airflow/example_dags/example_complex.py
[2024-10-13T09:13:49.309+0000] {processor.py:914} INFO - Processing file /home/airflow/.local/lib/python3.12/site-packages/airflow/example_dags/example_complex.py for tasks to queue
[2024-10-13T09:13:49.314+0000] {logging_mixin.py:190} INFO - [2024-10-13T09:13:49.313+0000] {dagbag.py:588} INFO - Filling up the DagBag from /home/airflow/.local/lib/python3.12/site-packages/airflow/example_dags/example_complex.py
[2024-10-13T09:13:49.339+0000] {processor.py:925} INFO - DAG(s) 'example_complex' retrieved from /home/airflow/.local/lib/python3.12/site-packages/airflow/example_dags/example_complex.py
[2024-10-13T09:13:49.407+0000] {logging_mixin.py:190} INFO - [2024-10-13T09:13:49.406+0000] {dag.py:3239} INFO - Sync 1 DAGs
[2024-10-13T09:13:49.434+0000] {logging_mixin.py:190} INFO - [2024-10-13T09:13:49.433+0000] {dag.py:4180} INFO - Setting next_dagrun for example_complex to None, run_after=None
[2024-10-13T09:13:49.487+0000] {processor.py:208} INFO - Processing /home/airflow/.local/lib/python3.12/site-packages/airflow/example_dags/example_complex.py took 0.188 seconds
[2024-10-13T09:14:20.041+0000] {processor.py:186} INFO - Started process (PID=1552) to work on /home/airflow/.local/lib/python3.12/site-packages/airflow/example_dags/example_complex.py
[2024-10-13T09:14:20.043+0000] {processor.py:914} INFO - Processing file /home/airflow/.local/lib/python3.12/site-packages/airflow/example_dags/example_complex.py for tasks to queue
[2024-10-13T09:14:20.048+0000] {logging_mixin.py:190} INFO - [2024-10-13T09:14:20.048+0000] {dagbag.py:588} INFO - Filling up the DagBag from /home/airflow/.local/lib/python3.12/site-packages/airflow/example_dags/example_complex.py
[2024-10-13T09:14:20.075+0000] {processor.py:925} INFO - DAG(s) 'example_complex' retrieved from /home/airflow/.local/lib/python3.12/site-packages/airflow/example_dags/example_complex.py
[2024-10-13T09:14:20.152+0000] {logging_mixin.py:190} INFO - [2024-10-13T09:14:20.152+0000] {dag.py:3239} INFO - Sync 1 DAGs
[2024-10-13T09:14:20.180+0000] {logging_mixin.py:190} INFO - [2024-10-13T09:14:20.179+0000] {dag.py:4180} INFO - Setting next_dagrun for example_complex to None, run_after=None
[2024-10-13T09:14:20.222+0000] {processor.py:208} INFO - Processing /home/airflow/.local/lib/python3.12/site-packages/airflow/example_dags/example_complex.py took 0.189 seconds
[2024-10-13T09:14:50.665+0000] {processor.py:186} INFO - Started process (PID=1616) to work on /home/airflow/.local/lib/python3.12/site-packages/airflow/example_dags/example_complex.py
[2024-10-13T09:14:50.668+0000] {processor.py:914} INFO - Processing file /home/airflow/.local/lib/python3.12/site-packages/airflow/example_dags/example_complex.py for tasks to queue
[2024-10-13T09:14:50.671+0000] {logging_mixin.py:190} INFO - [2024-10-13T09:14:50.671+0000] {dagbag.py:588} INFO - Filling up the DagBag from /home/airflow/.local/lib/python3.12/site-packages/airflow/example_dags/example_complex.py
[2024-10-13T09:14:50.685+0000] {processor.py:925} INFO - DAG(s) 'example_complex' retrieved from /home/airflow/.local/lib/python3.12/site-packages/airflow/example_dags/example_complex.py
[2024-10-13T09:14:50.727+0000] {logging_mixin.py:190} INFO - [2024-10-13T09:14:50.727+0000] {dag.py:3239} INFO - Sync 1 DAGs
[2024-10-13T09:14:50.746+0000] {logging_mixin.py:190} INFO - [2024-10-13T09:14:50.746+0000] {dag.py:4180} INFO - Setting next_dagrun for example_complex to None, run_after=None
[2024-10-13T09:14:50.773+0000] {processor.py:208} INFO - Processing /home/airflow/.local/lib/python3.12/site-packages/airflow/example_dags/example_complex.py took 0.114 seconds
[2024-10-13T09:15:20.858+0000] {processor.py:186} INFO - Started process (PID=1679) to work on /home/airflow/.local/lib/python3.12/site-packages/airflow/example_dags/example_complex.py
[2024-10-13T09:15:20.862+0000] {processor.py:914} INFO - Processing file /home/airflow/.local/lib/python3.12/site-packages/airflow/example_dags/example_complex.py for tasks to queue
[2024-10-13T09:15:20.865+0000] {logging_mixin.py:190} INFO - [2024-10-13T09:15:20.865+0000] {dagbag.py:588} INFO - Filling up the DagBag from /home/airflow/.local/lib/python3.12/site-packages/airflow/example_dags/example_complex.py
[2024-10-13T09:15:20.879+0000] {processor.py:925} INFO - DAG(s) 'example_complex' retrieved from /home/airflow/.local/lib/python3.12/site-packages/airflow/example_dags/example_complex.py
[2024-10-13T09:15:20.937+0000] {logging_mixin.py:190} INFO - [2024-10-13T09:15:20.936+0000] {dag.py:3239} INFO - Sync 1 DAGs
[2024-10-13T09:15:20.959+0000] {logging_mixin.py:190} INFO - [2024-10-13T09:15:20.959+0000] {dag.py:4180} INFO - Setting next_dagrun for example_complex to None, run_after=None
[2024-10-13T09:15:20.992+0000] {processor.py:208} INFO - Processing /home/airflow/.local/lib/python3.12/site-packages/airflow/example_dags/example_complex.py took 0.143 seconds
[2024-10-13T09:15:51.560+0000] {processor.py:186} INFO - Started process (PID=1741) to work on /home/airflow/.local/lib/python3.12/site-packages/airflow/example_dags/example_complex.py
[2024-10-13T09:15:51.562+0000] {processor.py:914} INFO - Processing file /home/airflow/.local/lib/python3.12/site-packages/airflow/example_dags/example_complex.py for tasks to queue
[2024-10-13T09:15:51.565+0000] {logging_mixin.py:190} INFO - [2024-10-13T09:15:51.564+0000] {dagbag.py:588} INFO - Filling up the DagBag from /home/airflow/.local/lib/python3.12/site-packages/airflow/example_dags/example_complex.py
[2024-10-13T09:15:51.577+0000] {processor.py:925} INFO - DAG(s) 'example_complex' retrieved from /home/airflow/.local/lib/python3.12/site-packages/airflow/example_dags/example_complex.py
[2024-10-13T09:15:51.619+0000] {logging_mixin.py:190} INFO - [2024-10-13T09:15:51.619+0000] {dag.py:3239} INFO - Sync 1 DAGs
[2024-10-13T09:15:51.638+0000] {logging_mixin.py:190} INFO - [2024-10-13T09:15:51.638+0000] {dag.py:4180} INFO - Setting next_dagrun for example_complex to None, run_after=None
[2024-10-13T09:15:51.667+0000] {processor.py:208} INFO - Processing /home/airflow/.local/lib/python3.12/site-packages/airflow/example_dags/example_complex.py took 0.114 seconds
[2024-10-13T09:16:22.745+0000] {processor.py:186} INFO - Started process (PID=1804) to work on /home/airflow/.local/lib/python3.12/site-packages/airflow/example_dags/example_complex.py
[2024-10-13T09:16:22.748+0000] {processor.py:914} INFO - Processing file /home/airflow/.local/lib/python3.12/site-packages/airflow/example_dags/example_complex.py for tasks to queue
[2024-10-13T09:16:22.753+0000] {logging_mixin.py:190} INFO - [2024-10-13T09:16:22.752+0000] {dagbag.py:588} INFO - Filling up the DagBag from /home/airflow/.local/lib/python3.12/site-packages/airflow/example_dags/example_complex.py
[2024-10-13T09:16:22.780+0000] {processor.py:925} INFO - DAG(s) 'example_complex' retrieved from /home/airflow/.local/lib/python3.12/site-packages/airflow/example_dags/example_complex.py
[2024-10-13T09:16:22.844+0000] {logging_mixin.py:190} INFO - [2024-10-13T09:16:22.844+0000] {dag.py:3239} INFO - Sync 1 DAGs
[2024-10-13T09:16:22.877+0000] {logging_mixin.py:190} INFO - [2024-10-13T09:16:22.877+0000] {dag.py:4180} INFO - Setting next_dagrun for example_complex to None, run_after=None
[2024-10-13T09:16:22.914+0000] {processor.py:208} INFO - Processing /home/airflow/.local/lib/python3.12/site-packages/airflow/example_dags/example_complex.py took 0.181 seconds
[2024-10-13T09:16:53.858+0000] {processor.py:186} INFO - Started process (PID=1867) to work on /home/airflow/.local/lib/python3.12/site-packages/airflow/example_dags/example_complex.py
[2024-10-13T09:16:53.863+0000] {processor.py:914} INFO - Processing file /home/airflow/.local/lib/python3.12/site-packages/airflow/example_dags/example_complex.py for tasks to queue
[2024-10-13T09:16:53.865+0000] {logging_mixin.py:190} INFO - [2024-10-13T09:16:53.865+0000] {dagbag.py:588} INFO - Filling up the DagBag from /home/airflow/.local/lib/python3.12/site-packages/airflow/example_dags/example_complex.py
[2024-10-13T09:16:53.877+0000] {processor.py:925} INFO - DAG(s) 'example_complex' retrieved from /home/airflow/.local/lib/python3.12/site-packages/airflow/example_dags/example_complex.py
[2024-10-13T09:16:53.909+0000] {logging_mixin.py:190} INFO - [2024-10-13T09:16:53.908+0000] {dag.py:3239} INFO - Sync 1 DAGs
[2024-10-13T09:16:53.921+0000] {logging_mixin.py:190} INFO - [2024-10-13T09:16:53.921+0000] {dag.py:4180} INFO - Setting next_dagrun for example_complex to None, run_after=None
[2024-10-13T09:16:53.943+0000] {processor.py:208} INFO - Processing /home/airflow/.local/lib/python3.12/site-packages/airflow/example_dags/example_complex.py took 0.090 seconds
[2024-10-13T09:17:24.829+0000] {processor.py:186} INFO - Started process (PID=1930) to work on /home/airflow/.local/lib/python3.12/site-packages/airflow/example_dags/example_complex.py
[2024-10-13T09:17:24.832+0000] {processor.py:914} INFO - Processing file /home/airflow/.local/lib/python3.12/site-packages/airflow/example_dags/example_complex.py for tasks to queue
[2024-10-13T09:17:24.836+0000] {logging_mixin.py:190} INFO - [2024-10-13T09:17:24.836+0000] {dagbag.py:588} INFO - Filling up the DagBag from /home/airflow/.local/lib/python3.12/site-packages/airflow/example_dags/example_complex.py
[2024-10-13T09:17:24.857+0000] {processor.py:925} INFO - DAG(s) 'example_complex' retrieved from /home/airflow/.local/lib/python3.12/site-packages/airflow/example_dags/example_complex.py
[2024-10-13T09:17:24.900+0000] {logging_mixin.py:190} INFO - [2024-10-13T09:17:24.900+0000] {dag.py:3239} INFO - Sync 1 DAGs
[2024-10-13T09:17:24.919+0000] {logging_mixin.py:190} INFO - [2024-10-13T09:17:24.919+0000] {dag.py:4180} INFO - Setting next_dagrun for example_complex to None, run_after=None
[2024-10-13T09:17:24.953+0000] {processor.py:208} INFO - Processing /home/airflow/.local/lib/python3.12/site-packages/airflow/example_dags/example_complex.py took 0.130 seconds
[2024-10-13T09:17:55.891+0000] {processor.py:186} INFO - Started process (PID=1993) to work on /home/airflow/.local/lib/python3.12/site-packages/airflow/example_dags/example_complex.py
[2024-10-13T09:17:55.892+0000] {processor.py:914} INFO - Processing file /home/airflow/.local/lib/python3.12/site-packages/airflow/example_dags/example_complex.py for tasks to queue
[2024-10-13T09:17:55.900+0000] {logging_mixin.py:190} INFO - [2024-10-13T09:17:55.900+0000] {dagbag.py:588} INFO - Filling up the DagBag from /home/airflow/.local/lib/python3.12/site-packages/airflow/example_dags/example_complex.py
[2024-10-13T09:17:55.924+0000] {processor.py:925} INFO - DAG(s) 'example_complex' retrieved from /home/airflow/.local/lib/python3.12/site-packages/airflow/example_dags/example_complex.py
[2024-10-13T09:17:55.982+0000] {logging_mixin.py:190} INFO - [2024-10-13T09:17:55.982+0000] {dag.py:3239} INFO - Sync 1 DAGs
[2024-10-13T09:17:56.009+0000] {logging_mixin.py:190} INFO - [2024-10-13T09:17:56.008+0000] {dag.py:4180} INFO - Setting next_dagrun for example_complex to None, run_after=None
[2024-10-13T09:17:56.057+0000] {processor.py:208} INFO - Processing /home/airflow/.local/lib/python3.12/site-packages/airflow/example_dags/example_complex.py took 0.172 seconds
[2024-10-13T09:18:26.847+0000] {processor.py:186} INFO - Started process (PID=2056) to work on /home/airflow/.local/lib/python3.12/site-packages/airflow/example_dags/example_complex.py
[2024-10-13T09:18:26.848+0000] {processor.py:914} INFO - Processing file /home/airflow/.local/lib/python3.12/site-packages/airflow/example_dags/example_complex.py for tasks to queue
[2024-10-13T09:18:26.852+0000] {logging_mixin.py:190} INFO - [2024-10-13T09:18:26.851+0000] {dagbag.py:588} INFO - Filling up the DagBag from /home/airflow/.local/lib/python3.12/site-packages/airflow/example_dags/example_complex.py
[2024-10-13T09:18:26.865+0000] {processor.py:925} INFO - DAG(s) 'example_complex' retrieved from /home/airflow/.local/lib/python3.12/site-packages/airflow/example_dags/example_complex.py
[2024-10-13T09:18:26.900+0000] {logging_mixin.py:190} INFO - [2024-10-13T09:18:26.900+0000] {dag.py:3239} INFO - Sync 1 DAGs
[2024-10-13T09:18:26.927+0000] {logging_mixin.py:190} INFO - [2024-10-13T09:18:26.927+0000] {dag.py:4180} INFO - Setting next_dagrun for example_complex to None, run_after=None
[2024-10-13T09:18:26.959+0000] {processor.py:208} INFO - Processing /home/airflow/.local/lib/python3.12/site-packages/airflow/example_dags/example_complex.py took 0.119 seconds
[2024-10-13T09:18:57.839+0000] {processor.py:186} INFO - Started process (PID=2119) to work on /home/airflow/.local/lib/python3.12/site-packages/airflow/example_dags/example_complex.py
[2024-10-13T09:18:57.841+0000] {processor.py:914} INFO - Processing file /home/airflow/.local/lib/python3.12/site-packages/airflow/example_dags/example_complex.py for tasks to queue
[2024-10-13T09:18:57.846+0000] {logging_mixin.py:190} INFO - [2024-10-13T09:18:57.845+0000] {dagbag.py:588} INFO - Filling up the DagBag from /home/airflow/.local/lib/python3.12/site-packages/airflow/example_dags/example_complex.py
[2024-10-13T09:18:57.861+0000] {processor.py:925} INFO - DAG(s) 'example_complex' retrieved from /home/airflow/.local/lib/python3.12/site-packages/airflow/example_dags/example_complex.py
[2024-10-13T09:18:57.900+0000] {logging_mixin.py:190} INFO - [2024-10-13T09:18:57.900+0000] {dag.py:3239} INFO - Sync 1 DAGs
[2024-10-13T09:18:57.921+0000] {logging_mixin.py:190} INFO - [2024-10-13T09:18:57.921+0000] {dag.py:4180} INFO - Setting next_dagrun for example_complex to None, run_after=None
[2024-10-13T09:18:57.948+0000] {processor.py:208} INFO - Processing /home/airflow/.local/lib/python3.12/site-packages/airflow/example_dags/example_complex.py took 0.114 seconds
[2024-10-13T09:19:28.593+0000] {processor.py:186} INFO - Started process (PID=2182) to work on /home/airflow/.local/lib/python3.12/site-packages/airflow/example_dags/example_complex.py
[2024-10-13T09:19:28.594+0000] {processor.py:914} INFO - Processing file /home/airflow/.local/lib/python3.12/site-packages/airflow/example_dags/example_complex.py for tasks to queue
[2024-10-13T09:19:28.596+0000] {logging_mixin.py:190} INFO - [2024-10-13T09:19:28.596+0000] {dagbag.py:588} INFO - Filling up the DagBag from /home/airflow/.local/lib/python3.12/site-packages/airflow/example_dags/example_complex.py
[2024-10-13T09:19:28.605+0000] {processor.py:925} INFO - DAG(s) 'example_complex' retrieved from /home/airflow/.local/lib/python3.12/site-packages/airflow/example_dags/example_complex.py
[2024-10-13T09:19:28.630+0000] {logging_mixin.py:190} INFO - [2024-10-13T09:19:28.630+0000] {dag.py:3239} INFO - Sync 1 DAGs
[2024-10-13T09:19:28.642+0000] {logging_mixin.py:190} INFO - [2024-10-13T09:19:28.642+0000] {dag.py:4180} INFO - Setting next_dagrun for example_complex to None, run_after=None
[2024-10-13T09:19:28.661+0000] {processor.py:208} INFO - Processing /home/airflow/.local/lib/python3.12/site-packages/airflow/example_dags/example_complex.py took 0.073 seconds
[2024-10-13T09:19:59.416+0000] {processor.py:186} INFO - Started process (PID=2245) to work on /home/airflow/.local/lib/python3.12/site-packages/airflow/example_dags/example_complex.py
[2024-10-13T09:19:59.417+0000] {processor.py:914} INFO - Processing file /home/airflow/.local/lib/python3.12/site-packages/airflow/example_dags/example_complex.py for tasks to queue
[2024-10-13T09:19:59.429+0000] {logging_mixin.py:190} INFO - [2024-10-13T09:19:59.429+0000] {dagbag.py:588} INFO - Filling up the DagBag from /home/airflow/.local/lib/python3.12/site-packages/airflow/example_dags/example_complex.py
[2024-10-13T09:19:59.454+0000] {processor.py:925} INFO - DAG(s) 'example_complex' retrieved from /home/airflow/.local/lib/python3.12/site-packages/airflow/example_dags/example_complex.py
[2024-10-13T09:19:59.494+0000] {logging_mixin.py:190} INFO - [2024-10-13T09:19:59.494+0000] {dag.py:3239} INFO - Sync 1 DAGs
[2024-10-13T09:19:59.512+0000] {logging_mixin.py:190} INFO - [2024-10-13T09:19:59.512+0000] {dag.py:4180} INFO - Setting next_dagrun for example_complex to None, run_after=None
[2024-10-13T09:19:59.542+0000] {processor.py:208} INFO - Processing /home/airflow/.local/lib/python3.12/site-packages/airflow/example_dags/example_complex.py took 0.132 seconds
[2024-10-13T09:20:29.602+0000] {processor.py:186} INFO - Started process (PID=2307) to work on /home/airflow/.local/lib/python3.12/site-packages/airflow/example_dags/example_complex.py
[2024-10-13T09:20:29.603+0000] {processor.py:914} INFO - Processing file /home/airflow/.local/lib/python3.12/site-packages/airflow/example_dags/example_complex.py for tasks to queue
[2024-10-13T09:20:29.606+0000] {logging_mixin.py:190} INFO - [2024-10-13T09:20:29.605+0000] {dagbag.py:588} INFO - Filling up the DagBag from /home/airflow/.local/lib/python3.12/site-packages/airflow/example_dags/example_complex.py
[2024-10-13T09:20:29.623+0000] {processor.py:925} INFO - DAG(s) 'example_complex' retrieved from /home/airflow/.local/lib/python3.12/site-packages/airflow/example_dags/example_complex.py
[2024-10-13T09:20:29.669+0000] {logging_mixin.py:190} INFO - [2024-10-13T09:20:29.668+0000] {dag.py:3239} INFO - Sync 1 DAGs
[2024-10-13T09:20:29.687+0000] {logging_mixin.py:190} INFO - [2024-10-13T09:20:29.686+0000] {dag.py:4180} INFO - Setting next_dagrun for example_complex to None, run_after=None
[2024-10-13T09:20:29.710+0000] {processor.py:208} INFO - Processing /home/airflow/.local/lib/python3.12/site-packages/airflow/example_dags/example_complex.py took 0.114 seconds
[2024-10-13T09:21:00.305+0000] {processor.py:186} INFO - Started process (PID=2370) to work on /home/airflow/.local/lib/python3.12/site-packages/airflow/example_dags/example_complex.py
[2024-10-13T09:21:00.307+0000] {processor.py:914} INFO - Processing file /home/airflow/.local/lib/python3.12/site-packages/airflow/example_dags/example_complex.py for tasks to queue
[2024-10-13T09:21:00.310+0000] {logging_mixin.py:190} INFO - [2024-10-13T09:21:00.309+0000] {dagbag.py:588} INFO - Filling up the DagBag from /home/airflow/.local/lib/python3.12/site-packages/airflow/example_dags/example_complex.py
[2024-10-13T09:21:00.323+0000] {processor.py:925} INFO - DAG(s) 'example_complex' retrieved from /home/airflow/.local/lib/python3.12/site-packages/airflow/example_dags/example_complex.py
[2024-10-13T09:21:00.356+0000] {logging_mixin.py:190} INFO - [2024-10-13T09:21:00.356+0000] {dag.py:3239} INFO - Sync 1 DAGs
[2024-10-13T09:21:00.370+0000] {logging_mixin.py:190} INFO - [2024-10-13T09:21:00.370+0000] {dag.py:4180} INFO - Setting next_dagrun for example_complex to None, run_after=None
[2024-10-13T09:21:00.392+0000] {processor.py:208} INFO - Processing /home/airflow/.local/lib/python3.12/site-packages/airflow/example_dags/example_complex.py took 0.091 seconds
[2024-10-13T09:21:30.766+0000] {processor.py:186} INFO - Started process (PID=2434) to work on /home/airflow/.local/lib/python3.12/site-packages/airflow/example_dags/example_complex.py
[2024-10-13T09:21:30.768+0000] {processor.py:914} INFO - Processing file /home/airflow/.local/lib/python3.12/site-packages/airflow/example_dags/example_complex.py for tasks to queue
[2024-10-13T09:21:30.771+0000] {logging_mixin.py:190} INFO - [2024-10-13T09:21:30.770+0000] {dagbag.py:588} INFO - Filling up the DagBag from /home/airflow/.local/lib/python3.12/site-packages/airflow/example_dags/example_complex.py
[2024-10-13T09:21:30.787+0000] {processor.py:925} INFO - DAG(s) 'example_complex' retrieved from /home/airflow/.local/lib/python3.12/site-packages/airflow/example_dags/example_complex.py
[2024-10-13T09:21:30.821+0000] {logging_mixin.py:190} INFO - [2024-10-13T09:21:30.820+0000] {dag.py:3239} INFO - Sync 1 DAGs
[2024-10-13T09:21:30.835+0000] {logging_mixin.py:190} INFO - [2024-10-13T09:21:30.835+0000] {dag.py:4180} INFO - Setting next_dagrun for example_complex to None, run_after=None
[2024-10-13T09:21:30.861+0000] {processor.py:208} INFO - Processing /home/airflow/.local/lib/python3.12/site-packages/airflow/example_dags/example_complex.py took 0.107 seconds
[2024-10-13T09:22:01.531+0000] {processor.py:186} INFO - Started process (PID=2497) to work on /home/airflow/.local/lib/python3.12/site-packages/airflow/example_dags/example_complex.py
[2024-10-13T09:22:01.533+0000] {processor.py:914} INFO - Processing file /home/airflow/.local/lib/python3.12/site-packages/airflow/example_dags/example_complex.py for tasks to queue
[2024-10-13T09:22:01.538+0000] {logging_mixin.py:190} INFO - [2024-10-13T09:22:01.537+0000] {dagbag.py:588} INFO - Filling up the DagBag from /home/airflow/.local/lib/python3.12/site-packages/airflow/example_dags/example_complex.py
[2024-10-13T09:22:01.555+0000] {processor.py:925} INFO - DAG(s) 'example_complex' retrieved from /home/airflow/.local/lib/python3.12/site-packages/airflow/example_dags/example_complex.py
[2024-10-13T09:22:01.602+0000] {logging_mixin.py:190} INFO - [2024-10-13T09:22:01.602+0000] {dag.py:3239} INFO - Sync 1 DAGs
[2024-10-13T09:22:01.617+0000] {logging_mixin.py:190} INFO - [2024-10-13T09:22:01.617+0000] {dag.py:4180} INFO - Setting next_dagrun for example_complex to None, run_after=None
[2024-10-13T09:22:01.639+0000] {processor.py:208} INFO - Processing /home/airflow/.local/lib/python3.12/site-packages/airflow/example_dags/example_complex.py took 0.117 seconds
[2024-10-13T09:22:31.833+0000] {processor.py:186} INFO - Started process (PID=2560) to work on /home/airflow/.local/lib/python3.12/site-packages/airflow/example_dags/example_complex.py
[2024-10-13T09:22:31.834+0000] {processor.py:914} INFO - Processing file /home/airflow/.local/lib/python3.12/site-packages/airflow/example_dags/example_complex.py for tasks to queue
[2024-10-13T09:22:31.837+0000] {logging_mixin.py:190} INFO - [2024-10-13T09:22:31.837+0000] {dagbag.py:588} INFO - Filling up the DagBag from /home/airflow/.local/lib/python3.12/site-packages/airflow/example_dags/example_complex.py
[2024-10-13T09:22:31.855+0000] {processor.py:925} INFO - DAG(s) 'example_complex' retrieved from /home/airflow/.local/lib/python3.12/site-packages/airflow/example_dags/example_complex.py
[2024-10-13T09:22:31.904+0000] {logging_mixin.py:190} INFO - [2024-10-13T09:22:31.903+0000] {dag.py:3239} INFO - Sync 1 DAGs
[2024-10-13T09:22:31.947+0000] {logging_mixin.py:190} INFO - [2024-10-13T09:22:31.946+0000] {dag.py:4180} INFO - Setting next_dagrun for example_complex to None, run_after=None
[2024-10-13T09:22:32.003+0000] {processor.py:208} INFO - Processing /home/airflow/.local/lib/python3.12/site-packages/airflow/example_dags/example_complex.py took 0.182 seconds
[2024-10-13T09:23:02.099+0000] {processor.py:186} INFO - Started process (PID=2623) to work on /home/airflow/.local/lib/python3.12/site-packages/airflow/example_dags/example_complex.py
[2024-10-13T09:23:02.100+0000] {processor.py:914} INFO - Processing file /home/airflow/.local/lib/python3.12/site-packages/airflow/example_dags/example_complex.py for tasks to queue
[2024-10-13T09:23:02.104+0000] {logging_mixin.py:190} INFO - [2024-10-13T09:23:02.104+0000] {dagbag.py:588} INFO - Filling up the DagBag from /home/airflow/.local/lib/python3.12/site-packages/airflow/example_dags/example_complex.py
[2024-10-13T09:23:02.121+0000] {processor.py:925} INFO - DAG(s) 'example_complex' retrieved from /home/airflow/.local/lib/python3.12/site-packages/airflow/example_dags/example_complex.py
[2024-10-13T09:23:02.155+0000] {logging_mixin.py:190} INFO - [2024-10-13T09:23:02.155+0000] {dag.py:3239} INFO - Sync 1 DAGs
[2024-10-13T09:23:02.173+0000] {logging_mixin.py:190} INFO - [2024-10-13T09:23:02.173+0000] {dag.py:4180} INFO - Setting next_dagrun for example_complex to None, run_after=None
[2024-10-13T09:23:02.198+0000] {processor.py:208} INFO - Processing /home/airflow/.local/lib/python3.12/site-packages/airflow/example_dags/example_complex.py took 0.109 seconds
[2024-10-13T09:23:32.781+0000] {processor.py:186} INFO - Started process (PID=2684) to work on /home/airflow/.local/lib/python3.12/site-packages/airflow/example_dags/example_complex.py
[2024-10-13T09:23:32.783+0000] {processor.py:914} INFO - Processing file /home/airflow/.local/lib/python3.12/site-packages/airflow/example_dags/example_complex.py for tasks to queue
[2024-10-13T09:23:32.790+0000] {logging_mixin.py:190} INFO - [2024-10-13T09:23:32.789+0000] {dagbag.py:588} INFO - Filling up the DagBag from /home/airflow/.local/lib/python3.12/site-packages/airflow/example_dags/example_complex.py
[2024-10-13T09:23:32.808+0000] {processor.py:925} INFO - DAG(s) 'example_complex' retrieved from /home/airflow/.local/lib/python3.12/site-packages/airflow/example_dags/example_complex.py
[2024-10-13T09:23:32.887+0000] {logging_mixin.py:190} INFO - [2024-10-13T09:23:32.886+0000] {dag.py:3239} INFO - Sync 1 DAGs
[2024-10-13T09:23:32.912+0000] {logging_mixin.py:190} INFO - [2024-10-13T09:23:32.912+0000] {dag.py:4180} INFO - Setting next_dagrun for example_complex to None, run_after=None
[2024-10-13T09:23:32.960+0000] {processor.py:208} INFO - Processing /home/airflow/.local/lib/python3.12/site-packages/airflow/example_dags/example_complex.py took 0.187 seconds
[2024-10-13T09:24:03.494+0000] {processor.py:186} INFO - Started process (PID=2748) to work on /home/airflow/.local/lib/python3.12/site-packages/airflow/example_dags/example_complex.py
[2024-10-13T09:24:03.497+0000] {processor.py:914} INFO - Processing file /home/airflow/.local/lib/python3.12/site-packages/airflow/example_dags/example_complex.py for tasks to queue
[2024-10-13T09:24:03.501+0000] {logging_mixin.py:190} INFO - [2024-10-13T09:24:03.500+0000] {dagbag.py:588} INFO - Filling up the DagBag from /home/airflow/.local/lib/python3.12/site-packages/airflow/example_dags/example_complex.py
[2024-10-13T09:24:03.513+0000] {processor.py:925} INFO - DAG(s) 'example_complex' retrieved from /home/airflow/.local/lib/python3.12/site-packages/airflow/example_dags/example_complex.py
[2024-10-13T09:24:03.551+0000] {logging_mixin.py:190} INFO - [2024-10-13T09:24:03.550+0000] {dag.py:3239} INFO - Sync 1 DAGs
[2024-10-13T09:24:03.581+0000] {logging_mixin.py:190} INFO - [2024-10-13T09:24:03.580+0000] {dag.py:4180} INFO - Setting next_dagrun for example_complex to None, run_after=None
[2024-10-13T09:24:03.622+0000] {processor.py:208} INFO - Processing /home/airflow/.local/lib/python3.12/site-packages/airflow/example_dags/example_complex.py took 0.138 seconds
[2024-10-13T09:24:34.191+0000] {processor.py:186} INFO - Started process (PID=2810) to work on /home/airflow/.local/lib/python3.12/site-packages/airflow/example_dags/example_complex.py
[2024-10-13T09:24:34.198+0000] {processor.py:914} INFO - Processing file /home/airflow/.local/lib/python3.12/site-packages/airflow/example_dags/example_complex.py for tasks to queue
[2024-10-13T09:24:34.207+0000] {logging_mixin.py:190} INFO - [2024-10-13T09:24:34.206+0000] {dagbag.py:588} INFO - Filling up the DagBag from /home/airflow/.local/lib/python3.12/site-packages/airflow/example_dags/example_complex.py
[2024-10-13T09:24:34.244+0000] {processor.py:925} INFO - DAG(s) 'example_complex' retrieved from /home/airflow/.local/lib/python3.12/site-packages/airflow/example_dags/example_complex.py
[2024-10-13T09:24:34.341+0000] {logging_mixin.py:190} INFO - [2024-10-13T09:24:34.339+0000] {dag.py:3239} INFO - Sync 1 DAGs
[2024-10-13T09:24:34.404+0000] {logging_mixin.py:190} INFO - [2024-10-13T09:24:34.403+0000] {dag.py:4180} INFO - Setting next_dagrun for example_complex to None, run_after=None
[2024-10-13T09:24:34.486+0000] {processor.py:208} INFO - Processing /home/airflow/.local/lib/python3.12/site-packages/airflow/example_dags/example_complex.py took 0.320 seconds
[2024-10-13T09:25:05.144+0000] {processor.py:186} INFO - Started process (PID=2874) to work on /home/airflow/.local/lib/python3.12/site-packages/airflow/example_dags/example_complex.py
[2024-10-13T09:25:05.147+0000] {processor.py:914} INFO - Processing file /home/airflow/.local/lib/python3.12/site-packages/airflow/example_dags/example_complex.py for tasks to queue
[2024-10-13T09:25:05.154+0000] {logging_mixin.py:190} INFO - [2024-10-13T09:25:05.153+0000] {dagbag.py:588} INFO - Filling up the DagBag from /home/airflow/.local/lib/python3.12/site-packages/airflow/example_dags/example_complex.py
[2024-10-13T09:25:05.182+0000] {processor.py:925} INFO - DAG(s) 'example_complex' retrieved from /home/airflow/.local/lib/python3.12/site-packages/airflow/example_dags/example_complex.py
[2024-10-13T09:25:05.254+0000] {logging_mixin.py:190} INFO - [2024-10-13T09:25:05.253+0000] {dag.py:3239} INFO - Sync 1 DAGs
[2024-10-13T09:25:05.289+0000] {logging_mixin.py:190} INFO - [2024-10-13T09:25:05.288+0000] {dag.py:4180} INFO - Setting next_dagrun for example_complex to None, run_after=None
[2024-10-13T09:25:05.333+0000] {processor.py:208} INFO - Processing /home/airflow/.local/lib/python3.12/site-packages/airflow/example_dags/example_complex.py took 0.206 seconds
[2024-10-13T09:25:35.890+0000] {processor.py:186} INFO - Started process (PID=2937) to work on /home/airflow/.local/lib/python3.12/site-packages/airflow/example_dags/example_complex.py
[2024-10-13T09:25:35.892+0000] {processor.py:914} INFO - Processing file /home/airflow/.local/lib/python3.12/site-packages/airflow/example_dags/example_complex.py for tasks to queue
[2024-10-13T09:25:35.897+0000] {logging_mixin.py:190} INFO - [2024-10-13T09:25:35.896+0000] {dagbag.py:588} INFO - Filling up the DagBag from /home/airflow/.local/lib/python3.12/site-packages/airflow/example_dags/example_complex.py
[2024-10-13T09:25:35.910+0000] {processor.py:925} INFO - DAG(s) 'example_complex' retrieved from /home/airflow/.local/lib/python3.12/site-packages/airflow/example_dags/example_complex.py
[2024-10-13T09:25:35.953+0000] {logging_mixin.py:190} INFO - [2024-10-13T09:25:35.952+0000] {dag.py:3239} INFO - Sync 1 DAGs
[2024-10-13T09:25:35.969+0000] {logging_mixin.py:190} INFO - [2024-10-13T09:25:35.968+0000] {dag.py:4180} INFO - Setting next_dagrun for example_complex to None, run_after=None
[2024-10-13T09:25:35.992+0000] {processor.py:208} INFO - Processing /home/airflow/.local/lib/python3.12/site-packages/airflow/example_dags/example_complex.py took 0.108 seconds
[2024-10-13T09:26:06.210+0000] {processor.py:186} INFO - Started process (PID=3000) to work on /home/airflow/.local/lib/python3.12/site-packages/airflow/example_dags/example_complex.py
[2024-10-13T09:26:06.211+0000] {processor.py:914} INFO - Processing file /home/airflow/.local/lib/python3.12/site-packages/airflow/example_dags/example_complex.py for tasks to queue
[2024-10-13T09:26:06.214+0000] {logging_mixin.py:190} INFO - [2024-10-13T09:26:06.214+0000] {dagbag.py:588} INFO - Filling up the DagBag from /home/airflow/.local/lib/python3.12/site-packages/airflow/example_dags/example_complex.py
[2024-10-13T09:26:06.226+0000] {processor.py:925} INFO - DAG(s) 'example_complex' retrieved from /home/airflow/.local/lib/python3.12/site-packages/airflow/example_dags/example_complex.py
[2024-10-13T09:26:06.263+0000] {logging_mixin.py:190} INFO - [2024-10-13T09:26:06.262+0000] {dag.py:3239} INFO - Sync 1 DAGs
[2024-10-13T09:26:06.279+0000] {logging_mixin.py:190} INFO - [2024-10-13T09:26:06.278+0000] {dag.py:4180} INFO - Setting next_dagrun for example_complex to None, run_after=None
[2024-10-13T09:26:06.305+0000] {processor.py:208} INFO - Processing /home/airflow/.local/lib/python3.12/site-packages/airflow/example_dags/example_complex.py took 0.104 seconds
[2024-10-13T09:26:42.305+0000] {processor.py:186} INFO - Started process (PID=3056) to work on /home/airflow/.local/lib/python3.12/site-packages/airflow/example_dags/example_complex.py
[2024-10-13T09:26:42.309+0000] {processor.py:914} INFO - Processing file /home/airflow/.local/lib/python3.12/site-packages/airflow/example_dags/example_complex.py for tasks to queue
[2024-10-13T09:26:42.356+0000] {logging_mixin.py:190} INFO - [2024-10-13T09:26:42.356+0000] {dagbag.py:588} INFO - Filling up the DagBag from /home/airflow/.local/lib/python3.12/site-packages/airflow/example_dags/example_complex.py
[2024-10-13T09:26:42.392+0000] {processor.py:925} INFO - DAG(s) 'example_complex' retrieved from /home/airflow/.local/lib/python3.12/site-packages/airflow/example_dags/example_complex.py
[2024-10-13T09:26:42.454+0000] {logging_mixin.py:190} INFO - [2024-10-13T09:26:42.454+0000] {dag.py:3239} INFO - Sync 1 DAGs
[2024-10-13T09:26:42.553+0000] {logging_mixin.py:190} INFO - [2024-10-13T09:26:42.553+0000] {dag.py:4180} INFO - Setting next_dagrun for example_complex to None, run_after=None
[2024-10-13T09:26:42.651+0000] {processor.py:208} INFO - Processing /home/airflow/.local/lib/python3.12/site-packages/airflow/example_dags/example_complex.py took 0.354 seconds
[2024-10-13T09:27:16.027+0000] {processor.py:186} INFO - Started process (PID=3110) to work on /home/airflow/.local/lib/python3.12/site-packages/airflow/example_dags/example_complex.py
[2024-10-13T09:27:16.032+0000] {processor.py:914} INFO - Processing file /home/airflow/.local/lib/python3.12/site-packages/airflow/example_dags/example_complex.py for tasks to queue
[2024-10-13T09:27:16.038+0000] {logging_mixin.py:190} INFO - [2024-10-13T09:27:16.038+0000] {dagbag.py:588} INFO - Filling up the DagBag from /home/airflow/.local/lib/python3.12/site-packages/airflow/example_dags/example_complex.py
[2024-10-13T09:27:16.061+0000] {processor.py:925} INFO - DAG(s) 'example_complex' retrieved from /home/airflow/.local/lib/python3.12/site-packages/airflow/example_dags/example_complex.py
[2024-10-13T09:27:16.159+0000] {logging_mixin.py:190} INFO - [2024-10-13T09:27:16.159+0000] {dag.py:3239} INFO - Sync 1 DAGs
[2024-10-13T09:27:16.204+0000] {logging_mixin.py:190} INFO - [2024-10-13T09:27:16.204+0000] {dag.py:4180} INFO - Setting next_dagrun for example_complex to None, run_after=None
[2024-10-13T09:27:16.264+0000] {processor.py:208} INFO - Processing /home/airflow/.local/lib/python3.12/site-packages/airflow/example_dags/example_complex.py took 0.246 seconds
[2024-10-13T09:27:46.466+0000] {processor.py:186} INFO - Started process (PID=3173) to work on /home/airflow/.local/lib/python3.12/site-packages/airflow/example_dags/example_complex.py
[2024-10-13T09:27:46.469+0000] {processor.py:914} INFO - Processing file /home/airflow/.local/lib/python3.12/site-packages/airflow/example_dags/example_complex.py for tasks to queue
[2024-10-13T09:27:46.476+0000] {logging_mixin.py:190} INFO - [2024-10-13T09:27:46.475+0000] {dagbag.py:588} INFO - Filling up the DagBag from /home/airflow/.local/lib/python3.12/site-packages/airflow/example_dags/example_complex.py
[2024-10-13T09:27:46.513+0000] {processor.py:925} INFO - DAG(s) 'example_complex' retrieved from /home/airflow/.local/lib/python3.12/site-packages/airflow/example_dags/example_complex.py
[2024-10-13T09:27:46.618+0000] {logging_mixin.py:190} INFO - [2024-10-13T09:27:46.617+0000] {dag.py:3239} INFO - Sync 1 DAGs
[2024-10-13T09:27:46.655+0000] {logging_mixin.py:190} INFO - [2024-10-13T09:27:46.655+0000] {dag.py:4180} INFO - Setting next_dagrun for example_complex to None, run_after=None
[2024-10-13T09:27:46.702+0000] {processor.py:208} INFO - Processing /home/airflow/.local/lib/python3.12/site-packages/airflow/example_dags/example_complex.py took 0.249 seconds
[2024-10-13T09:28:17.411+0000] {processor.py:186} INFO - Started process (PID=3236) to work on /home/airflow/.local/lib/python3.12/site-packages/airflow/example_dags/example_complex.py
[2024-10-13T09:28:17.412+0000] {processor.py:914} INFO - Processing file /home/airflow/.local/lib/python3.12/site-packages/airflow/example_dags/example_complex.py for tasks to queue
[2024-10-13T09:28:17.414+0000] {logging_mixin.py:190} INFO - [2024-10-13T09:28:17.414+0000] {dagbag.py:588} INFO - Filling up the DagBag from /home/airflow/.local/lib/python3.12/site-packages/airflow/example_dags/example_complex.py
[2024-10-13T09:28:17.425+0000] {processor.py:925} INFO - DAG(s) 'example_complex' retrieved from /home/airflow/.local/lib/python3.12/site-packages/airflow/example_dags/example_complex.py
[2024-10-13T09:28:17.457+0000] {logging_mixin.py:190} INFO - [2024-10-13T09:28:17.457+0000] {dag.py:3239} INFO - Sync 1 DAGs
[2024-10-13T09:28:17.470+0000] {logging_mixin.py:190} INFO - [2024-10-13T09:28:17.470+0000] {dag.py:4180} INFO - Setting next_dagrun for example_complex to None, run_after=None
[2024-10-13T09:28:17.489+0000] {processor.py:208} INFO - Processing /home/airflow/.local/lib/python3.12/site-packages/airflow/example_dags/example_complex.py took 0.085 seconds
[2024-10-13T09:28:47.766+0000] {processor.py:186} INFO - Started process (PID=3299) to work on /home/airflow/.local/lib/python3.12/site-packages/airflow/example_dags/example_complex.py
[2024-10-13T09:28:47.768+0000] {processor.py:914} INFO - Processing file /home/airflow/.local/lib/python3.12/site-packages/airflow/example_dags/example_complex.py for tasks to queue
[2024-10-13T09:28:47.775+0000] {logging_mixin.py:190} INFO - [2024-10-13T09:28:47.774+0000] {dagbag.py:588} INFO - Filling up the DagBag from /home/airflow/.local/lib/python3.12/site-packages/airflow/example_dags/example_complex.py
[2024-10-13T09:28:47.800+0000] {processor.py:925} INFO - DAG(s) 'example_complex' retrieved from /home/airflow/.local/lib/python3.12/site-packages/airflow/example_dags/example_complex.py
[2024-10-13T09:28:47.847+0000] {logging_mixin.py:190} INFO - [2024-10-13T09:28:47.846+0000] {dag.py:3239} INFO - Sync 1 DAGs
[2024-10-13T09:28:47.878+0000] {logging_mixin.py:190} INFO - [2024-10-13T09:28:47.876+0000] {dag.py:4180} INFO - Setting next_dagrun for example_complex to None, run_after=None
[2024-10-13T09:28:47.937+0000] {processor.py:208} INFO - Processing /home/airflow/.local/lib/python3.12/site-packages/airflow/example_dags/example_complex.py took 0.183 seconds
[2024-10-13T09:29:18.445+0000] {processor.py:186} INFO - Started process (PID=3362) to work on /home/airflow/.local/lib/python3.12/site-packages/airflow/example_dags/example_complex.py
[2024-10-13T09:29:18.447+0000] {processor.py:914} INFO - Processing file /home/airflow/.local/lib/python3.12/site-packages/airflow/example_dags/example_complex.py for tasks to queue
[2024-10-13T09:29:18.452+0000] {logging_mixin.py:190} INFO - [2024-10-13T09:29:18.451+0000] {dagbag.py:588} INFO - Filling up the DagBag from /home/airflow/.local/lib/python3.12/site-packages/airflow/example_dags/example_complex.py
[2024-10-13T09:29:18.470+0000] {processor.py:925} INFO - DAG(s) 'example_complex' retrieved from /home/airflow/.local/lib/python3.12/site-packages/airflow/example_dags/example_complex.py
[2024-10-13T09:29:18.514+0000] {logging_mixin.py:190} INFO - [2024-10-13T09:29:18.514+0000] {dag.py:3239} INFO - Sync 1 DAGs
[2024-10-13T09:29:18.545+0000] {logging_mixin.py:190} INFO - [2024-10-13T09:29:18.545+0000] {dag.py:4180} INFO - Setting next_dagrun for example_complex to None, run_after=None
[2024-10-13T09:29:18.574+0000] {processor.py:208} INFO - Processing /home/airflow/.local/lib/python3.12/site-packages/airflow/example_dags/example_complex.py took 0.139 seconds
[2024-10-13T09:29:49.492+0000] {processor.py:186} INFO - Started process (PID=3431) to work on /home/airflow/.local/lib/python3.12/site-packages/airflow/example_dags/example_complex.py
[2024-10-13T09:29:49.494+0000] {processor.py:914} INFO - Processing file /home/airflow/.local/lib/python3.12/site-packages/airflow/example_dags/example_complex.py for tasks to queue
[2024-10-13T09:29:49.497+0000] {logging_mixin.py:190} INFO - [2024-10-13T09:29:49.497+0000] {dagbag.py:588} INFO - Filling up the DagBag from /home/airflow/.local/lib/python3.12/site-packages/airflow/example_dags/example_complex.py
[2024-10-13T09:29:49.513+0000] {processor.py:925} INFO - DAG(s) 'example_complex' retrieved from /home/airflow/.local/lib/python3.12/site-packages/airflow/example_dags/example_complex.py
[2024-10-13T09:29:49.553+0000] {logging_mixin.py:190} INFO - [2024-10-13T09:29:49.552+0000] {dag.py:3239} INFO - Sync 1 DAGs
[2024-10-13T09:29:49.577+0000] {logging_mixin.py:190} INFO - [2024-10-13T09:29:49.577+0000] {dag.py:4180} INFO - Setting next_dagrun for example_complex to None, run_after=None
[2024-10-13T09:29:49.613+0000] {processor.py:208} INFO - Processing /home/airflow/.local/lib/python3.12/site-packages/airflow/example_dags/example_complex.py took 0.127 seconds
