[2024-10-13T09:02:42.989+0000] {processor.py:186} INFO - Started process (PID=131) to work on /home/airflow/.local/lib/python3.12/site-packages/airflow/example_dags/example_task_group.py
[2024-10-13T09:02:42.993+0000] {processor.py:914} INFO - Processing file /home/airflow/.local/lib/python3.12/site-packages/airflow/example_dags/example_task_group.py for tasks to queue
[2024-10-13T09:02:43.058+0000] {logging_mixin.py:190} INFO - [2024-10-13T09:02:43.052+0000] {dagbag.py:588} INFO - Filling up the DagBag from /home/airflow/.local/lib/python3.12/site-packages/airflow/example_dags/example_task_group.py
[2024-10-13T09:02:43.127+0000] {processor.py:925} INFO - DAG(s) 'example_task_group' retrieved from /home/airflow/.local/lib/python3.12/site-packages/airflow/example_dags/example_task_group.py
[2024-10-13T09:02:43.303+0000] {logging_mixin.py:190} INFO - [2024-10-13T09:02:43.302+0000] {dag.py:3239} INFO - Sync 1 DAGs
[2024-10-13T09:02:43.396+0000] {logging_mixin.py:190} INFO - [2024-10-13T09:02:43.395+0000] {dag.py:4180} INFO - Setting next_dagrun for example_task_group to None, run_after=None
[2024-10-13T09:02:43.484+0000] {processor.py:208} INFO - Processing /home/airflow/.local/lib/python3.12/site-packages/airflow/example_dags/example_task_group.py took 0.516 seconds
[2024-10-13T09:03:14.634+0000] {processor.py:186} INFO - Started process (PID=194) to work on /home/airflow/.local/lib/python3.12/site-packages/airflow/example_dags/example_task_group.py
[2024-10-13T09:03:14.660+0000] {processor.py:914} INFO - Processing file /home/airflow/.local/lib/python3.12/site-packages/airflow/example_dags/example_task_group.py for tasks to queue
[2024-10-13T09:03:14.666+0000] {logging_mixin.py:190} INFO - [2024-10-13T09:03:14.665+0000] {dagbag.py:588} INFO - Filling up the DagBag from /home/airflow/.local/lib/python3.12/site-packages/airflow/example_dags/example_task_group.py
[2024-10-13T09:03:14.789+0000] {processor.py:925} INFO - DAG(s) 'example_task_group' retrieved from /home/airflow/.local/lib/python3.12/site-packages/airflow/example_dags/example_task_group.py
[2024-10-13T09:03:14.894+0000] {logging_mixin.py:190} INFO - [2024-10-13T09:03:14.893+0000] {dag.py:3239} INFO - Sync 1 DAGs
[2024-10-13T09:03:14.981+0000] {logging_mixin.py:190} INFO - [2024-10-13T09:03:14.981+0000] {dag.py:4180} INFO - Setting next_dagrun for example_task_group to None, run_after=None
[2024-10-13T09:03:15.056+0000] {processor.py:208} INFO - Processing /home/airflow/.local/lib/python3.12/site-packages/airflow/example_dags/example_task_group.py took 0.555 seconds
[2024-10-13T09:03:45.546+0000] {processor.py:186} INFO - Started process (PID=258) to work on /home/airflow/.local/lib/python3.12/site-packages/airflow/example_dags/example_task_group.py
[2024-10-13T09:03:45.550+0000] {processor.py:914} INFO - Processing file /home/airflow/.local/lib/python3.12/site-packages/airflow/example_dags/example_task_group.py for tasks to queue
[2024-10-13T09:03:45.569+0000] {logging_mixin.py:190} INFO - [2024-10-13T09:03:45.568+0000] {dagbag.py:588} INFO - Filling up the DagBag from /home/airflow/.local/lib/python3.12/site-packages/airflow/example_dags/example_task_group.py
[2024-10-13T09:03:45.602+0000] {processor.py:925} INFO - DAG(s) 'example_task_group' retrieved from /home/airflow/.local/lib/python3.12/site-packages/airflow/example_dags/example_task_group.py
[2024-10-13T09:03:45.703+0000] {logging_mixin.py:190} INFO - [2024-10-13T09:03:45.702+0000] {dag.py:3239} INFO - Sync 1 DAGs
[2024-10-13T09:03:45.792+0000] {logging_mixin.py:190} INFO - [2024-10-13T09:03:45.792+0000] {dag.py:4180} INFO - Setting next_dagrun for example_task_group to None, run_after=None
[2024-10-13T09:03:45.891+0000] {processor.py:208} INFO - Processing /home/airflow/.local/lib/python3.12/site-packages/airflow/example_dags/example_task_group.py took 0.359 seconds
[2024-10-13T09:04:22.365+0000] {processor.py:186} INFO - Started process (PID=320) to work on /home/airflow/.local/lib/python3.12/site-packages/airflow/example_dags/example_task_group.py
[2024-10-13T09:04:22.390+0000] {processor.py:914} INFO - Processing file /home/airflow/.local/lib/python3.12/site-packages/airflow/example_dags/example_task_group.py for tasks to queue
[2024-10-13T09:04:22.421+0000] {logging_mixin.py:190} INFO - [2024-10-13T09:04:22.420+0000] {dagbag.py:588} INFO - Filling up the DagBag from /home/airflow/.local/lib/python3.12/site-packages/airflow/example_dags/example_task_group.py
[2024-10-13T09:04:22.452+0000] {processor.py:925} INFO - DAG(s) 'example_task_group' retrieved from /home/airflow/.local/lib/python3.12/site-packages/airflow/example_dags/example_task_group.py
[2024-10-13T09:04:22.524+0000] {logging_mixin.py:190} INFO - [2024-10-13T09:04:22.523+0000] {dag.py:3239} INFO - Sync 1 DAGs
[2024-10-13T09:04:22.609+0000] {logging_mixin.py:190} INFO - [2024-10-13T09:04:22.608+0000] {dag.py:4180} INFO - Setting next_dagrun for example_task_group to None, run_after=None
[2024-10-13T09:04:22.695+0000] {processor.py:208} INFO - Processing /home/airflow/.local/lib/python3.12/site-packages/airflow/example_dags/example_task_group.py took 0.356 seconds
[2024-10-13T09:04:53.093+0000] {processor.py:186} INFO - Started process (PID=383) to work on /home/airflow/.local/lib/python3.12/site-packages/airflow/example_dags/example_task_group.py
[2024-10-13T09:04:53.095+0000] {processor.py:914} INFO - Processing file /home/airflow/.local/lib/python3.12/site-packages/airflow/example_dags/example_task_group.py for tasks to queue
[2024-10-13T09:04:53.101+0000] {logging_mixin.py:190} INFO - [2024-10-13T09:04:53.100+0000] {dagbag.py:588} INFO - Filling up the DagBag from /home/airflow/.local/lib/python3.12/site-packages/airflow/example_dags/example_task_group.py
[2024-10-13T09:04:53.116+0000] {processor.py:925} INFO - DAG(s) 'example_task_group' retrieved from /home/airflow/.local/lib/python3.12/site-packages/airflow/example_dags/example_task_group.py
[2024-10-13T09:04:53.150+0000] {logging_mixin.py:190} INFO - [2024-10-13T09:04:53.150+0000] {dag.py:3239} INFO - Sync 1 DAGs
[2024-10-13T09:04:53.174+0000] {logging_mixin.py:190} INFO - [2024-10-13T09:04:53.174+0000] {dag.py:4180} INFO - Setting next_dagrun for example_task_group to None, run_after=None
[2024-10-13T09:04:53.205+0000] {processor.py:208} INFO - Processing /home/airflow/.local/lib/python3.12/site-packages/airflow/example_dags/example_task_group.py took 0.120 seconds
[2024-10-13T09:05:23.845+0000] {processor.py:186} INFO - Started process (PID=446) to work on /home/airflow/.local/lib/python3.12/site-packages/airflow/example_dags/example_task_group.py
[2024-10-13T09:05:23.848+0000] {processor.py:914} INFO - Processing file /home/airflow/.local/lib/python3.12/site-packages/airflow/example_dags/example_task_group.py for tasks to queue
[2024-10-13T09:05:23.853+0000] {logging_mixin.py:190} INFO - [2024-10-13T09:05:23.853+0000] {dagbag.py:588} INFO - Filling up the DagBag from /home/airflow/.local/lib/python3.12/site-packages/airflow/example_dags/example_task_group.py
[2024-10-13T09:05:23.868+0000] {processor.py:925} INFO - DAG(s) 'example_task_group' retrieved from /home/airflow/.local/lib/python3.12/site-packages/airflow/example_dags/example_task_group.py
[2024-10-13T09:05:23.902+0000] {logging_mixin.py:190} INFO - [2024-10-13T09:05:23.902+0000] {dag.py:3239} INFO - Sync 1 DAGs
[2024-10-13T09:05:23.923+0000] {logging_mixin.py:190} INFO - [2024-10-13T09:05:23.922+0000] {dag.py:4180} INFO - Setting next_dagrun for example_task_group to None, run_after=None
[2024-10-13T09:05:23.953+0000] {processor.py:208} INFO - Processing /home/airflow/.local/lib/python3.12/site-packages/airflow/example_dags/example_task_group.py took 0.117 seconds
[2024-10-13T09:05:55.506+0000] {processor.py:186} INFO - Started process (PID=510) to work on /home/airflow/.local/lib/python3.12/site-packages/airflow/example_dags/example_task_group.py
[2024-10-13T09:05:55.509+0000] {processor.py:914} INFO - Processing file /home/airflow/.local/lib/python3.12/site-packages/airflow/example_dags/example_task_group.py for tasks to queue
[2024-10-13T09:05:55.516+0000] {logging_mixin.py:190} INFO - [2024-10-13T09:05:55.515+0000] {dagbag.py:588} INFO - Filling up the DagBag from /home/airflow/.local/lib/python3.12/site-packages/airflow/example_dags/example_task_group.py
[2024-10-13T09:05:55.536+0000] {processor.py:925} INFO - DAG(s) 'example_task_group' retrieved from /home/airflow/.local/lib/python3.12/site-packages/airflow/example_dags/example_task_group.py
[2024-10-13T09:05:55.589+0000] {logging_mixin.py:190} INFO - [2024-10-13T09:05:55.589+0000] {dag.py:3239} INFO - Sync 1 DAGs
[2024-10-13T09:05:55.622+0000] {logging_mixin.py:190} INFO - [2024-10-13T09:05:55.621+0000] {dag.py:4180} INFO - Setting next_dagrun for example_task_group to None, run_after=None
[2024-10-13T09:05:55.679+0000] {processor.py:208} INFO - Processing /home/airflow/.local/lib/python3.12/site-packages/airflow/example_dags/example_task_group.py took 0.185 seconds
[2024-10-13T09:06:25.978+0000] {processor.py:186} INFO - Started process (PID=573) to work on /home/airflow/.local/lib/python3.12/site-packages/airflow/example_dags/example_task_group.py
[2024-10-13T09:06:25.980+0000] {processor.py:914} INFO - Processing file /home/airflow/.local/lib/python3.12/site-packages/airflow/example_dags/example_task_group.py for tasks to queue
[2024-10-13T09:06:25.983+0000] {logging_mixin.py:190} INFO - [2024-10-13T09:06:25.982+0000] {dagbag.py:588} INFO - Filling up the DagBag from /home/airflow/.local/lib/python3.12/site-packages/airflow/example_dags/example_task_group.py
[2024-10-13T09:06:25.996+0000] {processor.py:925} INFO - DAG(s) 'example_task_group' retrieved from /home/airflow/.local/lib/python3.12/site-packages/airflow/example_dags/example_task_group.py
[2024-10-13T09:06:26.030+0000] {logging_mixin.py:190} INFO - [2024-10-13T09:06:26.029+0000] {dag.py:3239} INFO - Sync 1 DAGs
[2024-10-13T09:06:26.051+0000] {logging_mixin.py:190} INFO - [2024-10-13T09:06:26.050+0000] {dag.py:4180} INFO - Setting next_dagrun for example_task_group to None, run_after=None
[2024-10-13T09:06:26.083+0000] {processor.py:208} INFO - Processing /home/airflow/.local/lib/python3.12/site-packages/airflow/example_dags/example_task_group.py took 0.113 seconds
[2024-10-13T09:06:57.300+0000] {processor.py:186} INFO - Started process (PID=639) to work on /home/airflow/.local/lib/python3.12/site-packages/airflow/example_dags/example_task_group.py
[2024-10-13T09:06:57.301+0000] {processor.py:914} INFO - Processing file /home/airflow/.local/lib/python3.12/site-packages/airflow/example_dags/example_task_group.py for tasks to queue
[2024-10-13T09:06:57.306+0000] {logging_mixin.py:190} INFO - [2024-10-13T09:06:57.306+0000] {dagbag.py:588} INFO - Filling up the DagBag from /home/airflow/.local/lib/python3.12/site-packages/airflow/example_dags/example_task_group.py
[2024-10-13T09:06:57.316+0000] {processor.py:925} INFO - DAG(s) 'example_task_group' retrieved from /home/airflow/.local/lib/python3.12/site-packages/airflow/example_dags/example_task_group.py
[2024-10-13T09:06:57.346+0000] {logging_mixin.py:190} INFO - [2024-10-13T09:06:57.346+0000] {dag.py:3239} INFO - Sync 1 DAGs
[2024-10-13T09:06:57.371+0000] {logging_mixin.py:190} INFO - [2024-10-13T09:06:57.371+0000] {dag.py:4180} INFO - Setting next_dagrun for example_task_group to None, run_after=None
[2024-10-13T09:06:57.405+0000] {processor.py:208} INFO - Processing /home/airflow/.local/lib/python3.12/site-packages/airflow/example_dags/example_task_group.py took 0.114 seconds
[2024-10-13T09:07:28.348+0000] {processor.py:186} INFO - Started process (PID=704) to work on /home/airflow/.local/lib/python3.12/site-packages/airflow/example_dags/example_task_group.py
[2024-10-13T09:07:28.349+0000] {processor.py:914} INFO - Processing file /home/airflow/.local/lib/python3.12/site-packages/airflow/example_dags/example_task_group.py for tasks to queue
[2024-10-13T09:07:28.353+0000] {logging_mixin.py:190} INFO - [2024-10-13T09:07:28.352+0000] {dagbag.py:588} INFO - Filling up the DagBag from /home/airflow/.local/lib/python3.12/site-packages/airflow/example_dags/example_task_group.py
[2024-10-13T09:07:28.364+0000] {processor.py:925} INFO - DAG(s) 'example_task_group' retrieved from /home/airflow/.local/lib/python3.12/site-packages/airflow/example_dags/example_task_group.py
[2024-10-13T09:07:28.393+0000] {logging_mixin.py:190} INFO - [2024-10-13T09:07:28.392+0000] {dag.py:3239} INFO - Sync 1 DAGs
[2024-10-13T09:07:28.410+0000] {logging_mixin.py:190} INFO - [2024-10-13T09:07:28.410+0000] {dag.py:4180} INFO - Setting next_dagrun for example_task_group to None, run_after=None
[2024-10-13T09:07:28.437+0000] {processor.py:208} INFO - Processing /home/airflow/.local/lib/python3.12/site-packages/airflow/example_dags/example_task_group.py took 0.097 seconds
[2024-10-13T09:07:58.801+0000] {processor.py:186} INFO - Started process (PID=767) to work on /home/airflow/.local/lib/python3.12/site-packages/airflow/example_dags/example_task_group.py
[2024-10-13T09:07:58.805+0000] {processor.py:914} INFO - Processing file /home/airflow/.local/lib/python3.12/site-packages/airflow/example_dags/example_task_group.py for tasks to queue
[2024-10-13T09:07:58.811+0000] {logging_mixin.py:190} INFO - [2024-10-13T09:07:58.810+0000] {dagbag.py:588} INFO - Filling up the DagBag from /home/airflow/.local/lib/python3.12/site-packages/airflow/example_dags/example_task_group.py
[2024-10-13T09:07:58.831+0000] {processor.py:925} INFO - DAG(s) 'example_task_group' retrieved from /home/airflow/.local/lib/python3.12/site-packages/airflow/example_dags/example_task_group.py
[2024-10-13T09:07:58.874+0000] {logging_mixin.py:190} INFO - [2024-10-13T09:07:58.874+0000] {dag.py:3239} INFO - Sync 1 DAGs
[2024-10-13T09:07:58.908+0000] {logging_mixin.py:190} INFO - [2024-10-13T09:07:58.907+0000] {dag.py:4180} INFO - Setting next_dagrun for example_task_group to None, run_after=None
[2024-10-13T09:07:58.951+0000] {processor.py:208} INFO - Processing /home/airflow/.local/lib/python3.12/site-packages/airflow/example_dags/example_task_group.py took 0.160 seconds
[2024-10-13T09:08:29.758+0000] {processor.py:186} INFO - Started process (PID=830) to work on /home/airflow/.local/lib/python3.12/site-packages/airflow/example_dags/example_task_group.py
[2024-10-13T09:08:29.761+0000] {processor.py:914} INFO - Processing file /home/airflow/.local/lib/python3.12/site-packages/airflow/example_dags/example_task_group.py for tasks to queue
[2024-10-13T09:08:29.767+0000] {logging_mixin.py:190} INFO - [2024-10-13T09:08:29.766+0000] {dagbag.py:588} INFO - Filling up the DagBag from /home/airflow/.local/lib/python3.12/site-packages/airflow/example_dags/example_task_group.py
[2024-10-13T09:08:29.793+0000] {processor.py:925} INFO - DAG(s) 'example_task_group' retrieved from /home/airflow/.local/lib/python3.12/site-packages/airflow/example_dags/example_task_group.py
[2024-10-13T09:08:29.857+0000] {logging_mixin.py:190} INFO - [2024-10-13T09:08:29.856+0000] {dag.py:3239} INFO - Sync 1 DAGs
[2024-10-13T09:08:29.899+0000] {logging_mixin.py:190} INFO - [2024-10-13T09:08:29.898+0000] {dag.py:4180} INFO - Setting next_dagrun for example_task_group to None, run_after=None
[2024-10-13T09:08:29.977+0000] {processor.py:208} INFO - Processing /home/airflow/.local/lib/python3.12/site-packages/airflow/example_dags/example_task_group.py took 0.235 seconds
[2024-10-13T09:09:01.628+0000] {processor.py:186} INFO - Started process (PID=893) to work on /home/airflow/.local/lib/python3.12/site-packages/airflow/example_dags/example_task_group.py
[2024-10-13T09:09:01.632+0000] {processor.py:914} INFO - Processing file /home/airflow/.local/lib/python3.12/site-packages/airflow/example_dags/example_task_group.py for tasks to queue
[2024-10-13T09:09:01.646+0000] {logging_mixin.py:190} INFO - [2024-10-13T09:09:01.645+0000] {dagbag.py:588} INFO - Filling up the DagBag from /home/airflow/.local/lib/python3.12/site-packages/airflow/example_dags/example_task_group.py
[2024-10-13T09:09:01.713+0000] {processor.py:925} INFO - DAG(s) 'example_task_group' retrieved from /home/airflow/.local/lib/python3.12/site-packages/airflow/example_dags/example_task_group.py
[2024-10-13T09:09:01.822+0000] {logging_mixin.py:190} INFO - [2024-10-13T09:09:01.822+0000] {dag.py:3239} INFO - Sync 1 DAGs
[2024-10-13T09:09:01.923+0000] {logging_mixin.py:190} INFO - [2024-10-13T09:09:01.922+0000] {dag.py:4180} INFO - Setting next_dagrun for example_task_group to None, run_after=None
[2024-10-13T09:09:01.999+0000] {processor.py:208} INFO - Processing /home/airflow/.local/lib/python3.12/site-packages/airflow/example_dags/example_task_group.py took 0.391 seconds
[2024-10-13T09:09:32.689+0000] {processor.py:186} INFO - Started process (PID=956) to work on /home/airflow/.local/lib/python3.12/site-packages/airflow/example_dags/example_task_group.py
[2024-10-13T09:09:32.699+0000] {processor.py:914} INFO - Processing file /home/airflow/.local/lib/python3.12/site-packages/airflow/example_dags/example_task_group.py for tasks to queue
[2024-10-13T09:09:32.704+0000] {logging_mixin.py:190} INFO - [2024-10-13T09:09:32.703+0000] {dagbag.py:588} INFO - Filling up the DagBag from /home/airflow/.local/lib/python3.12/site-packages/airflow/example_dags/example_task_group.py
[2024-10-13T09:09:32.759+0000] {processor.py:925} INFO - DAG(s) 'example_task_group' retrieved from /home/airflow/.local/lib/python3.12/site-packages/airflow/example_dags/example_task_group.py
[2024-10-13T09:09:32.851+0000] {logging_mixin.py:190} INFO - [2024-10-13T09:09:32.851+0000] {dag.py:3239} INFO - Sync 1 DAGs
[2024-10-13T09:09:32.911+0000] {logging_mixin.py:190} INFO - [2024-10-13T09:09:32.911+0000] {dag.py:4180} INFO - Setting next_dagrun for example_task_group to None, run_after=None
[2024-10-13T09:09:32.995+0000] {processor.py:208} INFO - Processing /home/airflow/.local/lib/python3.12/site-packages/airflow/example_dags/example_task_group.py took 0.333 seconds
[2024-10-13T09:10:03.811+0000] {processor.py:186} INFO - Started process (PID=1020) to work on /home/airflow/.local/lib/python3.12/site-packages/airflow/example_dags/example_task_group.py
[2024-10-13T09:10:03.812+0000] {processor.py:914} INFO - Processing file /home/airflow/.local/lib/python3.12/site-packages/airflow/example_dags/example_task_group.py for tasks to queue
[2024-10-13T09:10:03.816+0000] {logging_mixin.py:190} INFO - [2024-10-13T09:10:03.815+0000] {dagbag.py:588} INFO - Filling up the DagBag from /home/airflow/.local/lib/python3.12/site-packages/airflow/example_dags/example_task_group.py
[2024-10-13T09:10:03.826+0000] {processor.py:925} INFO - DAG(s) 'example_task_group' retrieved from /home/airflow/.local/lib/python3.12/site-packages/airflow/example_dags/example_task_group.py
[2024-10-13T09:10:03.856+0000] {logging_mixin.py:190} INFO - [2024-10-13T09:10:03.855+0000] {dag.py:3239} INFO - Sync 1 DAGs
[2024-10-13T09:10:03.872+0000] {logging_mixin.py:190} INFO - [2024-10-13T09:10:03.871+0000] {dag.py:4180} INFO - Setting next_dagrun for example_task_group to None, run_after=None
[2024-10-13T09:10:03.901+0000] {processor.py:208} INFO - Processing /home/airflow/.local/lib/python3.12/site-packages/airflow/example_dags/example_task_group.py took 0.096 seconds
[2024-10-13T09:10:34.187+0000] {processor.py:186} INFO - Started process (PID=1083) to work on /home/airflow/.local/lib/python3.12/site-packages/airflow/example_dags/example_task_group.py
[2024-10-13T09:10:34.189+0000] {processor.py:914} INFO - Processing file /home/airflow/.local/lib/python3.12/site-packages/airflow/example_dags/example_task_group.py for tasks to queue
[2024-10-13T09:10:34.194+0000] {logging_mixin.py:190} INFO - [2024-10-13T09:10:34.194+0000] {dagbag.py:588} INFO - Filling up the DagBag from /home/airflow/.local/lib/python3.12/site-packages/airflow/example_dags/example_task_group.py
[2024-10-13T09:10:34.205+0000] {processor.py:925} INFO - DAG(s) 'example_task_group' retrieved from /home/airflow/.local/lib/python3.12/site-packages/airflow/example_dags/example_task_group.py
[2024-10-13T09:10:34.227+0000] {logging_mixin.py:190} INFO - [2024-10-13T09:10:34.227+0000] {dag.py:3239} INFO - Sync 1 DAGs
[2024-10-13T09:10:34.243+0000] {logging_mixin.py:190} INFO - [2024-10-13T09:10:34.242+0000] {dag.py:4180} INFO - Setting next_dagrun for example_task_group to None, run_after=None
[2024-10-13T09:10:34.266+0000] {processor.py:208} INFO - Processing /home/airflow/.local/lib/python3.12/site-packages/airflow/example_dags/example_task_group.py took 0.085 seconds
[2024-10-13T09:11:04.384+0000] {processor.py:186} INFO - Started process (PID=1146) to work on /home/airflow/.local/lib/python3.12/site-packages/airflow/example_dags/example_task_group.py
[2024-10-13T09:11:04.385+0000] {processor.py:914} INFO - Processing file /home/airflow/.local/lib/python3.12/site-packages/airflow/example_dags/example_task_group.py for tasks to queue
[2024-10-13T09:11:04.387+0000] {logging_mixin.py:190} INFO - [2024-10-13T09:11:04.387+0000] {dagbag.py:588} INFO - Filling up the DagBag from /home/airflow/.local/lib/python3.12/site-packages/airflow/example_dags/example_task_group.py
[2024-10-13T09:11:04.394+0000] {processor.py:925} INFO - DAG(s) 'example_task_group' retrieved from /home/airflow/.local/lib/python3.12/site-packages/airflow/example_dags/example_task_group.py
[2024-10-13T09:11:04.414+0000] {logging_mixin.py:190} INFO - [2024-10-13T09:11:04.414+0000] {dag.py:3239} INFO - Sync 1 DAGs
[2024-10-13T09:11:04.425+0000] {logging_mixin.py:190} INFO - [2024-10-13T09:11:04.425+0000] {dag.py:4180} INFO - Setting next_dagrun for example_task_group to None, run_after=None
[2024-10-13T09:11:04.445+0000] {processor.py:208} INFO - Processing /home/airflow/.local/lib/python3.12/site-packages/airflow/example_dags/example_task_group.py took 0.066 seconds
[2024-10-13T09:11:35.034+0000] {processor.py:186} INFO - Started process (PID=1210) to work on /home/airflow/.local/lib/python3.12/site-packages/airflow/example_dags/example_task_group.py
[2024-10-13T09:11:35.035+0000] {processor.py:914} INFO - Processing file /home/airflow/.local/lib/python3.12/site-packages/airflow/example_dags/example_task_group.py for tasks to queue
[2024-10-13T09:11:35.039+0000] {logging_mixin.py:190} INFO - [2024-10-13T09:11:35.038+0000] {dagbag.py:588} INFO - Filling up the DagBag from /home/airflow/.local/lib/python3.12/site-packages/airflow/example_dags/example_task_group.py
[2024-10-13T09:11:35.047+0000] {processor.py:925} INFO - DAG(s) 'example_task_group' retrieved from /home/airflow/.local/lib/python3.12/site-packages/airflow/example_dags/example_task_group.py
[2024-10-13T09:11:35.066+0000] {logging_mixin.py:190} INFO - [2024-10-13T09:11:35.065+0000] {dag.py:3239} INFO - Sync 1 DAGs
[2024-10-13T09:11:35.077+0000] {logging_mixin.py:190} INFO - [2024-10-13T09:11:35.077+0000] {dag.py:4180} INFO - Setting next_dagrun for example_task_group to None, run_after=None
[2024-10-13T09:11:35.094+0000] {processor.py:208} INFO - Processing /home/airflow/.local/lib/python3.12/site-packages/airflow/example_dags/example_task_group.py took 0.071 seconds
[2024-10-13T09:12:05.979+0000] {processor.py:186} INFO - Started process (PID=1273) to work on /home/airflow/.local/lib/python3.12/site-packages/airflow/example_dags/example_task_group.py
[2024-10-13T09:12:05.981+0000] {processor.py:914} INFO - Processing file /home/airflow/.local/lib/python3.12/site-packages/airflow/example_dags/example_task_group.py for tasks to queue
[2024-10-13T09:12:05.985+0000] {logging_mixin.py:190} INFO - [2024-10-13T09:12:05.985+0000] {dagbag.py:588} INFO - Filling up the DagBag from /home/airflow/.local/lib/python3.12/site-packages/airflow/example_dags/example_task_group.py
[2024-10-13T09:12:05.992+0000] {processor.py:925} INFO - DAG(s) 'example_task_group' retrieved from /home/airflow/.local/lib/python3.12/site-packages/airflow/example_dags/example_task_group.py
[2024-10-13T09:12:06.009+0000] {logging_mixin.py:190} INFO - [2024-10-13T09:12:06.009+0000] {dag.py:3239} INFO - Sync 1 DAGs
[2024-10-13T09:12:06.020+0000] {logging_mixin.py:190} INFO - [2024-10-13T09:12:06.020+0000] {dag.py:4180} INFO - Setting next_dagrun for example_task_group to None, run_after=None
[2024-10-13T09:12:06.037+0000] {processor.py:208} INFO - Processing /home/airflow/.local/lib/python3.12/site-packages/airflow/example_dags/example_task_group.py took 0.063 seconds
[2024-10-13T09:12:36.930+0000] {processor.py:186} INFO - Started process (PID=1336) to work on /home/airflow/.local/lib/python3.12/site-packages/airflow/example_dags/example_task_group.py
[2024-10-13T09:12:36.931+0000] {processor.py:914} INFO - Processing file /home/airflow/.local/lib/python3.12/site-packages/airflow/example_dags/example_task_group.py for tasks to queue
[2024-10-13T09:12:36.934+0000] {logging_mixin.py:190} INFO - [2024-10-13T09:12:36.934+0000] {dagbag.py:588} INFO - Filling up the DagBag from /home/airflow/.local/lib/python3.12/site-packages/airflow/example_dags/example_task_group.py
[2024-10-13T09:12:36.949+0000] {processor.py:925} INFO - DAG(s) 'example_task_group' retrieved from /home/airflow/.local/lib/python3.12/site-packages/airflow/example_dags/example_task_group.py
[2024-10-13T09:12:36.987+0000] {logging_mixin.py:190} INFO - [2024-10-13T09:12:36.986+0000] {dag.py:3239} INFO - Sync 1 DAGs
[2024-10-13T09:12:37.006+0000] {logging_mixin.py:190} INFO - [2024-10-13T09:12:37.006+0000] {dag.py:4180} INFO - Setting next_dagrun for example_task_group to None, run_after=None
[2024-10-13T09:12:37.044+0000] {processor.py:208} INFO - Processing /home/airflow/.local/lib/python3.12/site-packages/airflow/example_dags/example_task_group.py took 0.122 seconds
[2024-10-13T09:13:15.838+0000] {processor.py:186} INFO - Started process (PID=1408) to work on /home/airflow/.local/lib/python3.12/site-packages/airflow/example_dags/example_task_group.py
[2024-10-13T09:13:15.843+0000] {processor.py:914} INFO - Processing file /home/airflow/.local/lib/python3.12/site-packages/airflow/example_dags/example_task_group.py for tasks to queue
[2024-10-13T09:13:15.856+0000] {logging_mixin.py:190} INFO - [2024-10-13T09:13:15.853+0000] {dagbag.py:588} INFO - Filling up the DagBag from /home/airflow/.local/lib/python3.12/site-packages/airflow/example_dags/example_task_group.py
[2024-10-13T09:13:15.886+0000] {processor.py:925} INFO - DAG(s) 'example_task_group' retrieved from /home/airflow/.local/lib/python3.12/site-packages/airflow/example_dags/example_task_group.py
[2024-10-13T09:13:15.976+0000] {logging_mixin.py:190} INFO - [2024-10-13T09:13:15.975+0000] {dag.py:3239} INFO - Sync 1 DAGs
[2024-10-13T09:13:16.040+0000] {logging_mixin.py:190} INFO - [2024-10-13T09:13:16.039+0000] {dag.py:4180} INFO - Setting next_dagrun for example_task_group to None, run_after=None
[2024-10-13T09:13:16.139+0000] {processor.py:208} INFO - Processing /home/airflow/.local/lib/python3.12/site-packages/airflow/example_dags/example_task_group.py took 0.320 seconds
[2024-10-13T09:13:46.244+0000] {processor.py:186} INFO - Started process (PID=1471) to work on /home/airflow/.local/lib/python3.12/site-packages/airflow/example_dags/example_task_group.py
[2024-10-13T09:13:46.246+0000] {processor.py:914} INFO - Processing file /home/airflow/.local/lib/python3.12/site-packages/airflow/example_dags/example_task_group.py for tasks to queue
[2024-10-13T09:13:46.253+0000] {logging_mixin.py:190} INFO - [2024-10-13T09:13:46.253+0000] {dagbag.py:588} INFO - Filling up the DagBag from /home/airflow/.local/lib/python3.12/site-packages/airflow/example_dags/example_task_group.py
[2024-10-13T09:13:46.273+0000] {processor.py:925} INFO - DAG(s) 'example_task_group' retrieved from /home/airflow/.local/lib/python3.12/site-packages/airflow/example_dags/example_task_group.py
[2024-10-13T09:13:46.322+0000] {logging_mixin.py:190} INFO - [2024-10-13T09:13:46.321+0000] {dag.py:3239} INFO - Sync 1 DAGs
[2024-10-13T09:13:46.359+0000] {logging_mixin.py:190} INFO - [2024-10-13T09:13:46.359+0000] {dag.py:4180} INFO - Setting next_dagrun for example_task_group to None, run_after=None
[2024-10-13T09:13:46.405+0000] {processor.py:208} INFO - Processing /home/airflow/.local/lib/python3.12/site-packages/airflow/example_dags/example_task_group.py took 0.173 seconds
[2024-10-13T09:14:16.595+0000] {processor.py:186} INFO - Started process (PID=1534) to work on /home/airflow/.local/lib/python3.12/site-packages/airflow/example_dags/example_task_group.py
[2024-10-13T09:14:16.596+0000] {processor.py:914} INFO - Processing file /home/airflow/.local/lib/python3.12/site-packages/airflow/example_dags/example_task_group.py for tasks to queue
[2024-10-13T09:14:16.600+0000] {logging_mixin.py:190} INFO - [2024-10-13T09:14:16.599+0000] {dagbag.py:588} INFO - Filling up the DagBag from /home/airflow/.local/lib/python3.12/site-packages/airflow/example_dags/example_task_group.py
[2024-10-13T09:14:16.615+0000] {processor.py:925} INFO - DAG(s) 'example_task_group' retrieved from /home/airflow/.local/lib/python3.12/site-packages/airflow/example_dags/example_task_group.py
[2024-10-13T09:14:16.649+0000] {logging_mixin.py:190} INFO - [2024-10-13T09:14:16.648+0000] {dag.py:3239} INFO - Sync 1 DAGs
[2024-10-13T09:14:16.671+0000] {logging_mixin.py:190} INFO - [2024-10-13T09:14:16.671+0000] {dag.py:4180} INFO - Setting next_dagrun for example_task_group to None, run_after=None
[2024-10-13T09:14:16.707+0000] {processor.py:208} INFO - Processing /home/airflow/.local/lib/python3.12/site-packages/airflow/example_dags/example_task_group.py took 0.122 seconds
[2024-10-13T09:14:46.830+0000] {processor.py:186} INFO - Started process (PID=1597) to work on /home/airflow/.local/lib/python3.12/site-packages/airflow/example_dags/example_task_group.py
[2024-10-13T09:14:46.833+0000] {processor.py:914} INFO - Processing file /home/airflow/.local/lib/python3.12/site-packages/airflow/example_dags/example_task_group.py for tasks to queue
[2024-10-13T09:14:46.840+0000] {logging_mixin.py:190} INFO - [2024-10-13T09:14:46.839+0000] {dagbag.py:588} INFO - Filling up the DagBag from /home/airflow/.local/lib/python3.12/site-packages/airflow/example_dags/example_task_group.py
[2024-10-13T09:14:46.859+0000] {processor.py:925} INFO - DAG(s) 'example_task_group' retrieved from /home/airflow/.local/lib/python3.12/site-packages/airflow/example_dags/example_task_group.py
[2024-10-13T09:14:46.913+0000] {logging_mixin.py:190} INFO - [2024-10-13T09:14:46.913+0000] {dag.py:3239} INFO - Sync 1 DAGs
[2024-10-13T09:14:46.950+0000] {logging_mixin.py:190} INFO - [2024-10-13T09:14:46.949+0000] {dag.py:4180} INFO - Setting next_dagrun for example_task_group to None, run_after=None
[2024-10-13T09:14:47.021+0000] {processor.py:208} INFO - Processing /home/airflow/.local/lib/python3.12/site-packages/airflow/example_dags/example_task_group.py took 0.204 seconds
[2024-10-13T09:15:17.304+0000] {processor.py:186} INFO - Started process (PID=1665) to work on /home/airflow/.local/lib/python3.12/site-packages/airflow/example_dags/example_task_group.py
[2024-10-13T09:15:17.306+0000] {processor.py:914} INFO - Processing file /home/airflow/.local/lib/python3.12/site-packages/airflow/example_dags/example_task_group.py for tasks to queue
[2024-10-13T09:15:17.310+0000] {logging_mixin.py:190} INFO - [2024-10-13T09:15:17.309+0000] {dagbag.py:588} INFO - Filling up the DagBag from /home/airflow/.local/lib/python3.12/site-packages/airflow/example_dags/example_task_group.py
[2024-10-13T09:15:17.319+0000] {processor.py:925} INFO - DAG(s) 'example_task_group' retrieved from /home/airflow/.local/lib/python3.12/site-packages/airflow/example_dags/example_task_group.py
[2024-10-13T09:15:17.349+0000] {logging_mixin.py:190} INFO - [2024-10-13T09:15:17.348+0000] {dag.py:3239} INFO - Sync 1 DAGs
[2024-10-13T09:15:17.366+0000] {logging_mixin.py:190} INFO - [2024-10-13T09:15:17.366+0000] {dag.py:4180} INFO - Setting next_dagrun for example_task_group to None, run_after=None
[2024-10-13T09:15:17.411+0000] {processor.py:208} INFO - Processing /home/airflow/.local/lib/python3.12/site-packages/airflow/example_dags/example_task_group.py took 0.116 seconds
[2024-10-13T09:15:48.316+0000] {processor.py:186} INFO - Started process (PID=1729) to work on /home/airflow/.local/lib/python3.12/site-packages/airflow/example_dags/example_task_group.py
[2024-10-13T09:15:48.317+0000] {processor.py:914} INFO - Processing file /home/airflow/.local/lib/python3.12/site-packages/airflow/example_dags/example_task_group.py for tasks to queue
[2024-10-13T09:15:48.321+0000] {logging_mixin.py:190} INFO - [2024-10-13T09:15:48.321+0000] {dagbag.py:588} INFO - Filling up the DagBag from /home/airflow/.local/lib/python3.12/site-packages/airflow/example_dags/example_task_group.py
[2024-10-13T09:15:48.333+0000] {processor.py:925} INFO - DAG(s) 'example_task_group' retrieved from /home/airflow/.local/lib/python3.12/site-packages/airflow/example_dags/example_task_group.py
[2024-10-13T09:15:48.366+0000] {logging_mixin.py:190} INFO - [2024-10-13T09:15:48.366+0000] {dag.py:3239} INFO - Sync 1 DAGs
[2024-10-13T09:15:48.384+0000] {logging_mixin.py:190} INFO - [2024-10-13T09:15:48.384+0000] {dag.py:4180} INFO - Setting next_dagrun for example_task_group to None, run_after=None
[2024-10-13T09:15:48.423+0000] {processor.py:208} INFO - Processing /home/airflow/.local/lib/python3.12/site-packages/airflow/example_dags/example_task_group.py took 0.115 seconds
[2024-10-13T09:16:19.034+0000] {processor.py:186} INFO - Started process (PID=1791) to work on /home/airflow/.local/lib/python3.12/site-packages/airflow/example_dags/example_task_group.py
[2024-10-13T09:16:19.036+0000] {processor.py:914} INFO - Processing file /home/airflow/.local/lib/python3.12/site-packages/airflow/example_dags/example_task_group.py for tasks to queue
[2024-10-13T09:16:19.041+0000] {logging_mixin.py:190} INFO - [2024-10-13T09:16:19.041+0000] {dagbag.py:588} INFO - Filling up the DagBag from /home/airflow/.local/lib/python3.12/site-packages/airflow/example_dags/example_task_group.py
[2024-10-13T09:16:19.059+0000] {processor.py:925} INFO - DAG(s) 'example_task_group' retrieved from /home/airflow/.local/lib/python3.12/site-packages/airflow/example_dags/example_task_group.py
[2024-10-13T09:16:19.107+0000] {logging_mixin.py:190} INFO - [2024-10-13T09:16:19.106+0000] {dag.py:3239} INFO - Sync 1 DAGs
[2024-10-13T09:16:19.155+0000] {logging_mixin.py:190} INFO - [2024-10-13T09:16:19.154+0000] {dag.py:4180} INFO - Setting next_dagrun for example_task_group to None, run_after=None
[2024-10-13T09:16:19.209+0000] {processor.py:208} INFO - Processing /home/airflow/.local/lib/python3.12/site-packages/airflow/example_dags/example_task_group.py took 0.188 seconds
[2024-10-13T09:16:49.628+0000] {processor.py:186} INFO - Started process (PID=1854) to work on /home/airflow/.local/lib/python3.12/site-packages/airflow/example_dags/example_task_group.py
[2024-10-13T09:16:49.629+0000] {processor.py:914} INFO - Processing file /home/airflow/.local/lib/python3.12/site-packages/airflow/example_dags/example_task_group.py for tasks to queue
[2024-10-13T09:16:49.632+0000] {logging_mixin.py:190} INFO - [2024-10-13T09:16:49.631+0000] {dagbag.py:588} INFO - Filling up the DagBag from /home/airflow/.local/lib/python3.12/site-packages/airflow/example_dags/example_task_group.py
[2024-10-13T09:16:49.640+0000] {processor.py:925} INFO - DAG(s) 'example_task_group' retrieved from /home/airflow/.local/lib/python3.12/site-packages/airflow/example_dags/example_task_group.py
[2024-10-13T09:16:49.668+0000] {logging_mixin.py:190} INFO - [2024-10-13T09:16:49.667+0000] {dag.py:3239} INFO - Sync 1 DAGs
[2024-10-13T09:16:49.684+0000] {logging_mixin.py:190} INFO - [2024-10-13T09:16:49.684+0000] {dag.py:4180} INFO - Setting next_dagrun for example_task_group to None, run_after=None
[2024-10-13T09:16:49.713+0000] {processor.py:208} INFO - Processing /home/airflow/.local/lib/python3.12/site-packages/airflow/example_dags/example_task_group.py took 0.091 seconds
[2024-10-13T09:17:20.605+0000] {processor.py:186} INFO - Started process (PID=1918) to work on /home/airflow/.local/lib/python3.12/site-packages/airflow/example_dags/example_task_group.py
[2024-10-13T09:17:20.607+0000] {processor.py:914} INFO - Processing file /home/airflow/.local/lib/python3.12/site-packages/airflow/example_dags/example_task_group.py for tasks to queue
[2024-10-13T09:17:20.610+0000] {logging_mixin.py:190} INFO - [2024-10-13T09:17:20.609+0000] {dagbag.py:588} INFO - Filling up the DagBag from /home/airflow/.local/lib/python3.12/site-packages/airflow/example_dags/example_task_group.py
[2024-10-13T09:17:20.623+0000] {processor.py:925} INFO - DAG(s) 'example_task_group' retrieved from /home/airflow/.local/lib/python3.12/site-packages/airflow/example_dags/example_task_group.py
[2024-10-13T09:17:20.647+0000] {logging_mixin.py:190} INFO - [2024-10-13T09:17:20.647+0000] {dag.py:3239} INFO - Sync 1 DAGs
[2024-10-13T09:17:20.683+0000] {logging_mixin.py:190} INFO - [2024-10-13T09:17:20.682+0000] {dag.py:4180} INFO - Setting next_dagrun for example_task_group to None, run_after=None
[2024-10-13T09:17:20.725+0000] {processor.py:208} INFO - Processing /home/airflow/.local/lib/python3.12/site-packages/airflow/example_dags/example_task_group.py took 0.127 seconds
[2024-10-13T09:17:51.626+0000] {processor.py:186} INFO - Started process (PID=1981) to work on /home/airflow/.local/lib/python3.12/site-packages/airflow/example_dags/example_task_group.py
[2024-10-13T09:17:51.628+0000] {processor.py:914} INFO - Processing file /home/airflow/.local/lib/python3.12/site-packages/airflow/example_dags/example_task_group.py for tasks to queue
[2024-10-13T09:17:51.630+0000] {logging_mixin.py:190} INFO - [2024-10-13T09:17:51.630+0000] {dagbag.py:588} INFO - Filling up the DagBag from /home/airflow/.local/lib/python3.12/site-packages/airflow/example_dags/example_task_group.py
[2024-10-13T09:17:51.642+0000] {processor.py:925} INFO - DAG(s) 'example_task_group' retrieved from /home/airflow/.local/lib/python3.12/site-packages/airflow/example_dags/example_task_group.py
[2024-10-13T09:17:51.669+0000] {logging_mixin.py:190} INFO - [2024-10-13T09:17:51.668+0000] {dag.py:3239} INFO - Sync 1 DAGs
[2024-10-13T09:17:51.697+0000] {logging_mixin.py:190} INFO - [2024-10-13T09:17:51.697+0000] {dag.py:4180} INFO - Setting next_dagrun for example_task_group to None, run_after=None
[2024-10-13T09:17:51.752+0000] {processor.py:208} INFO - Processing /home/airflow/.local/lib/python3.12/site-packages/airflow/example_dags/example_task_group.py took 0.135 seconds
[2024-10-13T09:18:22.623+0000] {processor.py:186} INFO - Started process (PID=2044) to work on /home/airflow/.local/lib/python3.12/site-packages/airflow/example_dags/example_task_group.py
[2024-10-13T09:18:22.625+0000] {processor.py:914} INFO - Processing file /home/airflow/.local/lib/python3.12/site-packages/airflow/example_dags/example_task_group.py for tasks to queue
[2024-10-13T09:18:22.628+0000] {logging_mixin.py:190} INFO - [2024-10-13T09:18:22.627+0000] {dagbag.py:588} INFO - Filling up the DagBag from /home/airflow/.local/lib/python3.12/site-packages/airflow/example_dags/example_task_group.py
[2024-10-13T09:18:22.637+0000] {processor.py:925} INFO - DAG(s) 'example_task_group' retrieved from /home/airflow/.local/lib/python3.12/site-packages/airflow/example_dags/example_task_group.py
[2024-10-13T09:18:22.659+0000] {logging_mixin.py:190} INFO - [2024-10-13T09:18:22.659+0000] {dag.py:3239} INFO - Sync 1 DAGs
[2024-10-13T09:18:22.675+0000] {logging_mixin.py:190} INFO - [2024-10-13T09:18:22.675+0000] {dag.py:4180} INFO - Setting next_dagrun for example_task_group to None, run_after=None
[2024-10-13T09:18:22.699+0000] {processor.py:208} INFO - Processing /home/airflow/.local/lib/python3.12/site-packages/airflow/example_dags/example_task_group.py took 0.080 seconds
[2024-10-13T09:18:52.897+0000] {processor.py:186} INFO - Started process (PID=2107) to work on /home/airflow/.local/lib/python3.12/site-packages/airflow/example_dags/example_task_group.py
[2024-10-13T09:18:52.898+0000] {processor.py:914} INFO - Processing file /home/airflow/.local/lib/python3.12/site-packages/airflow/example_dags/example_task_group.py for tasks to queue
[2024-10-13T09:18:52.901+0000] {logging_mixin.py:190} INFO - [2024-10-13T09:18:52.901+0000] {dagbag.py:588} INFO - Filling up the DagBag from /home/airflow/.local/lib/python3.12/site-packages/airflow/example_dags/example_task_group.py
[2024-10-13T09:18:52.909+0000] {processor.py:925} INFO - DAG(s) 'example_task_group' retrieved from /home/airflow/.local/lib/python3.12/site-packages/airflow/example_dags/example_task_group.py
[2024-10-13T09:18:52.930+0000] {logging_mixin.py:190} INFO - [2024-10-13T09:18:52.929+0000] {dag.py:3239} INFO - Sync 1 DAGs
[2024-10-13T09:18:52.943+0000] {logging_mixin.py:190} INFO - [2024-10-13T09:18:52.943+0000] {dag.py:4180} INFO - Setting next_dagrun for example_task_group to None, run_after=None
[2024-10-13T09:18:52.964+0000] {processor.py:208} INFO - Processing /home/airflow/.local/lib/python3.12/site-packages/airflow/example_dags/example_task_group.py took 0.072 seconds
[2024-10-13T09:19:23.417+0000] {processor.py:186} INFO - Started process (PID=2170) to work on /home/airflow/.local/lib/python3.12/site-packages/airflow/example_dags/example_task_group.py
[2024-10-13T09:19:23.421+0000] {processor.py:914} INFO - Processing file /home/airflow/.local/lib/python3.12/site-packages/airflow/example_dags/example_task_group.py for tasks to queue
[2024-10-13T09:19:23.425+0000] {logging_mixin.py:190} INFO - [2024-10-13T09:19:23.425+0000] {dagbag.py:588} INFO - Filling up the DagBag from /home/airflow/.local/lib/python3.12/site-packages/airflow/example_dags/example_task_group.py
[2024-10-13T09:19:23.442+0000] {processor.py:925} INFO - DAG(s) 'example_task_group' retrieved from /home/airflow/.local/lib/python3.12/site-packages/airflow/example_dags/example_task_group.py
[2024-10-13T09:19:23.470+0000] {logging_mixin.py:190} INFO - [2024-10-13T09:19:23.470+0000] {dag.py:3239} INFO - Sync 1 DAGs
[2024-10-13T09:19:23.492+0000] {logging_mixin.py:190} INFO - [2024-10-13T09:19:23.492+0000] {dag.py:4180} INFO - Setting next_dagrun for example_task_group to None, run_after=None
[2024-10-13T09:19:23.529+0000] {processor.py:208} INFO - Processing /home/airflow/.local/lib/python3.12/site-packages/airflow/example_dags/example_task_group.py took 0.123 seconds
[2024-10-13T09:19:53.593+0000] {processor.py:186} INFO - Started process (PID=2232) to work on /home/airflow/.local/lib/python3.12/site-packages/airflow/example_dags/example_task_group.py
[2024-10-13T09:19:53.595+0000] {processor.py:914} INFO - Processing file /home/airflow/.local/lib/python3.12/site-packages/airflow/example_dags/example_task_group.py for tasks to queue
[2024-10-13T09:19:53.598+0000] {logging_mixin.py:190} INFO - [2024-10-13T09:19:53.597+0000] {dagbag.py:588} INFO - Filling up the DagBag from /home/airflow/.local/lib/python3.12/site-packages/airflow/example_dags/example_task_group.py
[2024-10-13T09:19:53.612+0000] {processor.py:925} INFO - DAG(s) 'example_task_group' retrieved from /home/airflow/.local/lib/python3.12/site-packages/airflow/example_dags/example_task_group.py
[2024-10-13T09:19:53.643+0000] {logging_mixin.py:190} INFO - [2024-10-13T09:19:53.642+0000] {dag.py:3239} INFO - Sync 1 DAGs
[2024-10-13T09:19:53.665+0000] {logging_mixin.py:190} INFO - [2024-10-13T09:19:53.665+0000] {dag.py:4180} INFO - Setting next_dagrun for example_task_group to None, run_after=None
[2024-10-13T09:19:53.685+0000] {processor.py:208} INFO - Processing /home/airflow/.local/lib/python3.12/site-packages/airflow/example_dags/example_task_group.py took 0.105 seconds
[2024-10-13T09:20:23.858+0000] {processor.py:186} INFO - Started process (PID=2295) to work on /home/airflow/.local/lib/python3.12/site-packages/airflow/example_dags/example_task_group.py
[2024-10-13T09:20:23.859+0000] {processor.py:914} INFO - Processing file /home/airflow/.local/lib/python3.12/site-packages/airflow/example_dags/example_task_group.py for tasks to queue
[2024-10-13T09:20:23.862+0000] {logging_mixin.py:190} INFO - [2024-10-13T09:20:23.861+0000] {dagbag.py:588} INFO - Filling up the DagBag from /home/airflow/.local/lib/python3.12/site-packages/airflow/example_dags/example_task_group.py
[2024-10-13T09:20:23.870+0000] {processor.py:925} INFO - DAG(s) 'example_task_group' retrieved from /home/airflow/.local/lib/python3.12/site-packages/airflow/example_dags/example_task_group.py
[2024-10-13T09:20:23.888+0000] {logging_mixin.py:190} INFO - [2024-10-13T09:20:23.888+0000] {dag.py:3239} INFO - Sync 1 DAGs
[2024-10-13T09:20:23.901+0000] {logging_mixin.py:190} INFO - [2024-10-13T09:20:23.900+0000] {dag.py:4180} INFO - Setting next_dagrun for example_task_group to None, run_after=None
[2024-10-13T09:20:23.918+0000] {processor.py:208} INFO - Processing /home/airflow/.local/lib/python3.12/site-packages/airflow/example_dags/example_task_group.py took 0.066 seconds
[2024-10-13T09:20:54.790+0000] {processor.py:186} INFO - Started process (PID=2359) to work on /home/airflow/.local/lib/python3.12/site-packages/airflow/example_dags/example_task_group.py
[2024-10-13T09:20:54.791+0000] {processor.py:914} INFO - Processing file /home/airflow/.local/lib/python3.12/site-packages/airflow/example_dags/example_task_group.py for tasks to queue
[2024-10-13T09:20:54.793+0000] {logging_mixin.py:190} INFO - [2024-10-13T09:20:54.793+0000] {dagbag.py:588} INFO - Filling up the DagBag from /home/airflow/.local/lib/python3.12/site-packages/airflow/example_dags/example_task_group.py
[2024-10-13T09:20:54.801+0000] {processor.py:925} INFO - DAG(s) 'example_task_group' retrieved from /home/airflow/.local/lib/python3.12/site-packages/airflow/example_dags/example_task_group.py
[2024-10-13T09:20:54.821+0000] {logging_mixin.py:190} INFO - [2024-10-13T09:20:54.821+0000] {dag.py:3239} INFO - Sync 1 DAGs
[2024-10-13T09:20:54.839+0000] {logging_mixin.py:190} INFO - [2024-10-13T09:20:54.839+0000] {dag.py:4180} INFO - Setting next_dagrun for example_task_group to None, run_after=None
[2024-10-13T09:20:54.857+0000] {processor.py:208} INFO - Processing /home/airflow/.local/lib/python3.12/site-packages/airflow/example_dags/example_task_group.py took 0.072 seconds
[2024-10-13T09:21:25.852+0000] {processor.py:186} INFO - Started process (PID=2423) to work on /home/airflow/.local/lib/python3.12/site-packages/airflow/example_dags/example_task_group.py
[2024-10-13T09:21:25.853+0000] {processor.py:914} INFO - Processing file /home/airflow/.local/lib/python3.12/site-packages/airflow/example_dags/example_task_group.py for tasks to queue
[2024-10-13T09:21:25.858+0000] {logging_mixin.py:190} INFO - [2024-10-13T09:21:25.857+0000] {dagbag.py:588} INFO - Filling up the DagBag from /home/airflow/.local/lib/python3.12/site-packages/airflow/example_dags/example_task_group.py
[2024-10-13T09:21:25.882+0000] {processor.py:925} INFO - DAG(s) 'example_task_group' retrieved from /home/airflow/.local/lib/python3.12/site-packages/airflow/example_dags/example_task_group.py
[2024-10-13T09:21:25.932+0000] {logging_mixin.py:190} INFO - [2024-10-13T09:21:25.931+0000] {dag.py:3239} INFO - Sync 1 DAGs
[2024-10-13T09:21:25.968+0000] {logging_mixin.py:190} INFO - [2024-10-13T09:21:25.967+0000] {dag.py:4180} INFO - Setting next_dagrun for example_task_group to None, run_after=None
[2024-10-13T09:21:26.008+0000] {processor.py:208} INFO - Processing /home/airflow/.local/lib/python3.12/site-packages/airflow/example_dags/example_task_group.py took 0.166 seconds
[2024-10-13T09:21:56.132+0000] {processor.py:186} INFO - Started process (PID=2486) to work on /home/airflow/.local/lib/python3.12/site-packages/airflow/example_dags/example_task_group.py
[2024-10-13T09:21:56.133+0000] {processor.py:914} INFO - Processing file /home/airflow/.local/lib/python3.12/site-packages/airflow/example_dags/example_task_group.py for tasks to queue
[2024-10-13T09:21:56.138+0000] {logging_mixin.py:190} INFO - [2024-10-13T09:21:56.137+0000] {dagbag.py:588} INFO - Filling up the DagBag from /home/airflow/.local/lib/python3.12/site-packages/airflow/example_dags/example_task_group.py
[2024-10-13T09:21:56.149+0000] {processor.py:925} INFO - DAG(s) 'example_task_group' retrieved from /home/airflow/.local/lib/python3.12/site-packages/airflow/example_dags/example_task_group.py
[2024-10-13T09:21:56.192+0000] {logging_mixin.py:190} INFO - [2024-10-13T09:21:56.191+0000] {dag.py:3239} INFO - Sync 1 DAGs
[2024-10-13T09:21:56.219+0000] {logging_mixin.py:190} INFO - [2024-10-13T09:21:56.219+0000] {dag.py:4180} INFO - Setting next_dagrun for example_task_group to None, run_after=None
[2024-10-13T09:21:56.263+0000] {processor.py:208} INFO - Processing /home/airflow/.local/lib/python3.12/site-packages/airflow/example_dags/example_task_group.py took 0.138 seconds
[2024-10-13T09:22:26.837+0000] {processor.py:186} INFO - Started process (PID=2548) to work on /home/airflow/.local/lib/python3.12/site-packages/airflow/example_dags/example_task_group.py
[2024-10-13T09:22:26.838+0000] {processor.py:914} INFO - Processing file /home/airflow/.local/lib/python3.12/site-packages/airflow/example_dags/example_task_group.py for tasks to queue
[2024-10-13T09:22:26.848+0000] {logging_mixin.py:190} INFO - [2024-10-13T09:22:26.848+0000] {dagbag.py:588} INFO - Filling up the DagBag from /home/airflow/.local/lib/python3.12/site-packages/airflow/example_dags/example_task_group.py
[2024-10-13T09:22:26.865+0000] {processor.py:925} INFO - DAG(s) 'example_task_group' retrieved from /home/airflow/.local/lib/python3.12/site-packages/airflow/example_dags/example_task_group.py
[2024-10-13T09:22:26.889+0000] {logging_mixin.py:190} INFO - [2024-10-13T09:22:26.889+0000] {dag.py:3239} INFO - Sync 1 DAGs
[2024-10-13T09:22:26.904+0000] {logging_mixin.py:190} INFO - [2024-10-13T09:22:26.904+0000] {dag.py:4180} INFO - Setting next_dagrun for example_task_group to None, run_after=None
[2024-10-13T09:22:26.922+0000] {processor.py:208} INFO - Processing /home/airflow/.local/lib/python3.12/site-packages/airflow/example_dags/example_task_group.py took 0.091 seconds
[2024-10-13T09:22:57.837+0000] {processor.py:186} INFO - Started process (PID=2612) to work on /home/airflow/.local/lib/python3.12/site-packages/airflow/example_dags/example_task_group.py
[2024-10-13T09:22:57.839+0000] {processor.py:914} INFO - Processing file /home/airflow/.local/lib/python3.12/site-packages/airflow/example_dags/example_task_group.py for tasks to queue
[2024-10-13T09:22:57.846+0000] {logging_mixin.py:190} INFO - [2024-10-13T09:22:57.845+0000] {dagbag.py:588} INFO - Filling up the DagBag from /home/airflow/.local/lib/python3.12/site-packages/airflow/example_dags/example_task_group.py
[2024-10-13T09:22:57.863+0000] {processor.py:925} INFO - DAG(s) 'example_task_group' retrieved from /home/airflow/.local/lib/python3.12/site-packages/airflow/example_dags/example_task_group.py
[2024-10-13T09:22:57.920+0000] {logging_mixin.py:190} INFO - [2024-10-13T09:22:57.920+0000] {dag.py:3239} INFO - Sync 1 DAGs
[2024-10-13T09:22:57.963+0000] {logging_mixin.py:190} INFO - [2024-10-13T09:22:57.963+0000] {dag.py:4180} INFO - Setting next_dagrun for example_task_group to None, run_after=None
[2024-10-13T09:22:58.020+0000] {processor.py:208} INFO - Processing /home/airflow/.local/lib/python3.12/site-packages/airflow/example_dags/example_task_group.py took 0.195 seconds
[2024-10-13T09:23:28.422+0000] {processor.py:186} INFO - Started process (PID=2675) to work on /home/airflow/.local/lib/python3.12/site-packages/airflow/example_dags/example_task_group.py
[2024-10-13T09:23:28.424+0000] {processor.py:914} INFO - Processing file /home/airflow/.local/lib/python3.12/site-packages/airflow/example_dags/example_task_group.py for tasks to queue
[2024-10-13T09:23:28.428+0000] {logging_mixin.py:190} INFO - [2024-10-13T09:23:28.427+0000] {dagbag.py:588} INFO - Filling up the DagBag from /home/airflow/.local/lib/python3.12/site-packages/airflow/example_dags/example_task_group.py
[2024-10-13T09:23:28.446+0000] {processor.py:925} INFO - DAG(s) 'example_task_group' retrieved from /home/airflow/.local/lib/python3.12/site-packages/airflow/example_dags/example_task_group.py
[2024-10-13T09:23:28.492+0000] {logging_mixin.py:190} INFO - [2024-10-13T09:23:28.492+0000] {dag.py:3239} INFO - Sync 1 DAGs
[2024-10-13T09:23:28.520+0000] {logging_mixin.py:190} INFO - [2024-10-13T09:23:28.520+0000] {dag.py:4180} INFO - Setting next_dagrun for example_task_group to None, run_after=None
[2024-10-13T09:23:28.559+0000] {processor.py:208} INFO - Processing /home/airflow/.local/lib/python3.12/site-packages/airflow/example_dags/example_task_group.py took 0.158 seconds
[2024-10-13T09:23:59.523+0000] {processor.py:186} INFO - Started process (PID=2739) to work on /home/airflow/.local/lib/python3.12/site-packages/airflow/example_dags/example_task_group.py
[2024-10-13T09:23:59.526+0000] {processor.py:914} INFO - Processing file /home/airflow/.local/lib/python3.12/site-packages/airflow/example_dags/example_task_group.py for tasks to queue
[2024-10-13T09:23:59.530+0000] {logging_mixin.py:190} INFO - [2024-10-13T09:23:59.529+0000] {dagbag.py:588} INFO - Filling up the DagBag from /home/airflow/.local/lib/python3.12/site-packages/airflow/example_dags/example_task_group.py
[2024-10-13T09:23:59.545+0000] {processor.py:925} INFO - DAG(s) 'example_task_group' retrieved from /home/airflow/.local/lib/python3.12/site-packages/airflow/example_dags/example_task_group.py
[2024-10-13T09:23:59.576+0000] {logging_mixin.py:190} INFO - [2024-10-13T09:23:59.575+0000] {dag.py:3239} INFO - Sync 1 DAGs
[2024-10-13T09:23:59.603+0000] {logging_mixin.py:190} INFO - [2024-10-13T09:23:59.602+0000] {dag.py:4180} INFO - Setting next_dagrun for example_task_group to None, run_after=None
[2024-10-13T09:23:59.656+0000] {processor.py:208} INFO - Processing /home/airflow/.local/lib/python3.12/site-packages/airflow/example_dags/example_task_group.py took 0.145 seconds
[2024-10-13T09:24:31.097+0000] {processor.py:186} INFO - Started process (PID=2801) to work on /home/airflow/.local/lib/python3.12/site-packages/airflow/example_dags/example_task_group.py
[2024-10-13T09:24:31.102+0000] {processor.py:914} INFO - Processing file /home/airflow/.local/lib/python3.12/site-packages/airflow/example_dags/example_task_group.py for tasks to queue
[2024-10-13T09:24:31.109+0000] {logging_mixin.py:190} INFO - [2024-10-13T09:24:31.108+0000] {dagbag.py:588} INFO - Filling up the DagBag from /home/airflow/.local/lib/python3.12/site-packages/airflow/example_dags/example_task_group.py
[2024-10-13T09:24:31.137+0000] {processor.py:925} INFO - DAG(s) 'example_task_group' retrieved from /home/airflow/.local/lib/python3.12/site-packages/airflow/example_dags/example_task_group.py
[2024-10-13T09:24:31.187+0000] {logging_mixin.py:190} INFO - [2024-10-13T09:24:31.187+0000] {dag.py:3239} INFO - Sync 1 DAGs
[2024-10-13T09:24:31.223+0000] {logging_mixin.py:190} INFO - [2024-10-13T09:24:31.223+0000] {dag.py:4180} INFO - Setting next_dagrun for example_task_group to None, run_after=None
[2024-10-13T09:24:31.277+0000] {processor.py:208} INFO - Processing /home/airflow/.local/lib/python3.12/site-packages/airflow/example_dags/example_task_group.py took 0.195 seconds
[2024-10-13T09:25:02.015+0000] {processor.py:186} INFO - Started process (PID=2865) to work on /home/airflow/.local/lib/python3.12/site-packages/airflow/example_dags/example_task_group.py
[2024-10-13T09:25:02.017+0000] {processor.py:914} INFO - Processing file /home/airflow/.local/lib/python3.12/site-packages/airflow/example_dags/example_task_group.py for tasks to queue
[2024-10-13T09:25:02.025+0000] {logging_mixin.py:190} INFO - [2024-10-13T09:25:02.024+0000] {dagbag.py:588} INFO - Filling up the DagBag from /home/airflow/.local/lib/python3.12/site-packages/airflow/example_dags/example_task_group.py
[2024-10-13T09:25:02.046+0000] {processor.py:925} INFO - DAG(s) 'example_task_group' retrieved from /home/airflow/.local/lib/python3.12/site-packages/airflow/example_dags/example_task_group.py
[2024-10-13T09:25:02.089+0000] {logging_mixin.py:190} INFO - [2024-10-13T09:25:02.089+0000] {dag.py:3239} INFO - Sync 1 DAGs
[2024-10-13T09:25:02.126+0000] {logging_mixin.py:190} INFO - [2024-10-13T09:25:02.126+0000] {dag.py:4180} INFO - Setting next_dagrun for example_task_group to None, run_after=None
[2024-10-13T09:25:02.174+0000] {processor.py:208} INFO - Processing /home/airflow/.local/lib/python3.12/site-packages/airflow/example_dags/example_task_group.py took 0.168 seconds
[2024-10-13T09:25:33.017+0000] {processor.py:186} INFO - Started process (PID=2929) to work on /home/airflow/.local/lib/python3.12/site-packages/airflow/example_dags/example_task_group.py
[2024-10-13T09:25:33.019+0000] {processor.py:914} INFO - Processing file /home/airflow/.local/lib/python3.12/site-packages/airflow/example_dags/example_task_group.py for tasks to queue
[2024-10-13T09:25:33.024+0000] {logging_mixin.py:190} INFO - [2024-10-13T09:25:33.023+0000] {dagbag.py:588} INFO - Filling up the DagBag from /home/airflow/.local/lib/python3.12/site-packages/airflow/example_dags/example_task_group.py
[2024-10-13T09:25:33.045+0000] {processor.py:925} INFO - DAG(s) 'example_task_group' retrieved from /home/airflow/.local/lib/python3.12/site-packages/airflow/example_dags/example_task_group.py
[2024-10-13T09:25:33.091+0000] {logging_mixin.py:190} INFO - [2024-10-13T09:25:33.091+0000] {dag.py:3239} INFO - Sync 1 DAGs
[2024-10-13T09:25:33.116+0000] {logging_mixin.py:190} INFO - [2024-10-13T09:25:33.116+0000] {dag.py:4180} INFO - Setting next_dagrun for example_task_group to None, run_after=None
[2024-10-13T09:25:33.151+0000] {processor.py:208} INFO - Processing /home/airflow/.local/lib/python3.12/site-packages/airflow/example_dags/example_task_group.py took 0.143 seconds
[2024-10-13T09:26:03.891+0000] {processor.py:186} INFO - Started process (PID=2992) to work on /home/airflow/.local/lib/python3.12/site-packages/airflow/example_dags/example_task_group.py
[2024-10-13T09:26:03.894+0000] {processor.py:914} INFO - Processing file /home/airflow/.local/lib/python3.12/site-packages/airflow/example_dags/example_task_group.py for tasks to queue
[2024-10-13T09:26:03.899+0000] {logging_mixin.py:190} INFO - [2024-10-13T09:26:03.898+0000] {dagbag.py:588} INFO - Filling up the DagBag from /home/airflow/.local/lib/python3.12/site-packages/airflow/example_dags/example_task_group.py
[2024-10-13T09:26:03.914+0000] {processor.py:925} INFO - DAG(s) 'example_task_group' retrieved from /home/airflow/.local/lib/python3.12/site-packages/airflow/example_dags/example_task_group.py
[2024-10-13T09:26:03.962+0000] {logging_mixin.py:190} INFO - [2024-10-13T09:26:03.961+0000] {dag.py:3239} INFO - Sync 1 DAGs
[2024-10-13T09:26:03.990+0000] {logging_mixin.py:190} INFO - [2024-10-13T09:26:03.989+0000] {dag.py:4180} INFO - Setting next_dagrun for example_task_group to None, run_after=None
[2024-10-13T09:26:04.039+0000] {processor.py:208} INFO - Processing /home/airflow/.local/lib/python3.12/site-packages/airflow/example_dags/example_task_group.py took 0.158 seconds
[2024-10-13T09:26:43.529+0000] {processor.py:186} INFO - Started process (PID=3063) to work on /home/airflow/.local/lib/python3.12/site-packages/airflow/example_dags/example_task_group.py
[2024-10-13T09:26:43.532+0000] {processor.py:914} INFO - Processing file /home/airflow/.local/lib/python3.12/site-packages/airflow/example_dags/example_task_group.py for tasks to queue
[2024-10-13T09:26:43.553+0000] {logging_mixin.py:190} INFO - [2024-10-13T09:26:43.552+0000] {dagbag.py:588} INFO - Filling up the DagBag from /home/airflow/.local/lib/python3.12/site-packages/airflow/example_dags/example_task_group.py
[2024-10-13T09:26:43.577+0000] {processor.py:925} INFO - DAG(s) 'example_task_group' retrieved from /home/airflow/.local/lib/python3.12/site-packages/airflow/example_dags/example_task_group.py
[2024-10-13T09:26:43.647+0000] {logging_mixin.py:190} INFO - [2024-10-13T09:26:43.646+0000] {dag.py:3239} INFO - Sync 1 DAGs
[2024-10-13T09:26:43.682+0000] {logging_mixin.py:190} INFO - [2024-10-13T09:26:43.682+0000] {dag.py:4180} INFO - Setting next_dagrun for example_task_group to None, run_after=None
[2024-10-13T09:26:43.724+0000] {processor.py:208} INFO - Processing /home/airflow/.local/lib/python3.12/site-packages/airflow/example_dags/example_task_group.py took 0.208 seconds
[2024-10-13T09:27:21.883+0000] {processor.py:186} INFO - Started process (PID=3132) to work on /home/airflow/.local/lib/python3.12/site-packages/airflow/example_dags/example_task_group.py
[2024-10-13T09:27:21.887+0000] {processor.py:914} INFO - Processing file /home/airflow/.local/lib/python3.12/site-packages/airflow/example_dags/example_task_group.py for tasks to queue
[2024-10-13T09:27:21.892+0000] {logging_mixin.py:190} INFO - [2024-10-13T09:27:21.891+0000] {dagbag.py:588} INFO - Filling up the DagBag from /home/airflow/.local/lib/python3.12/site-packages/airflow/example_dags/example_task_group.py
[2024-10-13T09:27:21.927+0000] {processor.py:925} INFO - DAG(s) 'example_task_group' retrieved from /home/airflow/.local/lib/python3.12/site-packages/airflow/example_dags/example_task_group.py
[2024-10-13T09:27:21.985+0000] {logging_mixin.py:190} INFO - [2024-10-13T09:27:21.984+0000] {dag.py:3239} INFO - Sync 1 DAGs
[2024-10-13T09:27:22.041+0000] {logging_mixin.py:190} INFO - [2024-10-13T09:27:22.041+0000] {dag.py:4180} INFO - Setting next_dagrun for example_task_group to None, run_after=None
[2024-10-13T09:27:22.123+0000] {processor.py:208} INFO - Processing /home/airflow/.local/lib/python3.12/site-packages/airflow/example_dags/example_task_group.py took 0.255 seconds
[2024-10-13T09:27:55.440+0000] {processor.py:186} INFO - Started process (PID=3195) to work on /home/airflow/.local/lib/python3.12/site-packages/airflow/example_dags/example_task_group.py
[2024-10-13T09:27:55.443+0000] {processor.py:914} INFO - Processing file /home/airflow/.local/lib/python3.12/site-packages/airflow/example_dags/example_task_group.py for tasks to queue
[2024-10-13T09:27:55.447+0000] {logging_mixin.py:190} INFO - [2024-10-13T09:27:55.446+0000] {dagbag.py:588} INFO - Filling up the DagBag from /home/airflow/.local/lib/python3.12/site-packages/airflow/example_dags/example_task_group.py
[2024-10-13T09:27:55.469+0000] {processor.py:925} INFO - DAG(s) 'example_task_group' retrieved from /home/airflow/.local/lib/python3.12/site-packages/airflow/example_dags/example_task_group.py
[2024-10-13T09:27:55.518+0000] {logging_mixin.py:190} INFO - [2024-10-13T09:27:55.517+0000] {dag.py:3239} INFO - Sync 1 DAGs
[2024-10-13T09:27:55.548+0000] {logging_mixin.py:190} INFO - [2024-10-13T09:27:55.547+0000] {dag.py:4180} INFO - Setting next_dagrun for example_task_group to None, run_after=None
[2024-10-13T09:27:55.591+0000] {processor.py:208} INFO - Processing /home/airflow/.local/lib/python3.12/site-packages/airflow/example_dags/example_task_group.py took 0.163 seconds
[2024-10-13T09:28:25.733+0000] {processor.py:186} INFO - Started process (PID=3258) to work on /home/airflow/.local/lib/python3.12/site-packages/airflow/example_dags/example_task_group.py
[2024-10-13T09:28:25.736+0000] {processor.py:914} INFO - Processing file /home/airflow/.local/lib/python3.12/site-packages/airflow/example_dags/example_task_group.py for tasks to queue
[2024-10-13T09:28:25.743+0000] {logging_mixin.py:190} INFO - [2024-10-13T09:28:25.742+0000] {dagbag.py:588} INFO - Filling up the DagBag from /home/airflow/.local/lib/python3.12/site-packages/airflow/example_dags/example_task_group.py
[2024-10-13T09:28:25.766+0000] {processor.py:925} INFO - DAG(s) 'example_task_group' retrieved from /home/airflow/.local/lib/python3.12/site-packages/airflow/example_dags/example_task_group.py
[2024-10-13T09:28:25.823+0000] {logging_mixin.py:190} INFO - [2024-10-13T09:28:25.822+0000] {dag.py:3239} INFO - Sync 1 DAGs
[2024-10-13T09:28:25.854+0000] {logging_mixin.py:190} INFO - [2024-10-13T09:28:25.854+0000] {dag.py:4180} INFO - Setting next_dagrun for example_task_group to None, run_after=None
[2024-10-13T09:28:25.909+0000] {processor.py:208} INFO - Processing /home/airflow/.local/lib/python3.12/site-packages/airflow/example_dags/example_task_group.py took 0.190 seconds
[2024-10-13T09:28:55.986+0000] {processor.py:186} INFO - Started process (PID=3320) to work on /home/airflow/.local/lib/python3.12/site-packages/airflow/example_dags/example_task_group.py
[2024-10-13T09:28:55.988+0000] {processor.py:914} INFO - Processing file /home/airflow/.local/lib/python3.12/site-packages/airflow/example_dags/example_task_group.py for tasks to queue
[2024-10-13T09:28:55.991+0000] {logging_mixin.py:190} INFO - [2024-10-13T09:28:55.990+0000] {dagbag.py:588} INFO - Filling up the DagBag from /home/airflow/.local/lib/python3.12/site-packages/airflow/example_dags/example_task_group.py
[2024-10-13T09:28:56.001+0000] {processor.py:925} INFO - DAG(s) 'example_task_group' retrieved from /home/airflow/.local/lib/python3.12/site-packages/airflow/example_dags/example_task_group.py
[2024-10-13T09:28:56.035+0000] {logging_mixin.py:190} INFO - [2024-10-13T09:28:56.034+0000] {dag.py:3239} INFO - Sync 1 DAGs
[2024-10-13T09:28:56.056+0000] {logging_mixin.py:190} INFO - [2024-10-13T09:28:56.056+0000] {dag.py:4180} INFO - Setting next_dagrun for example_task_group to None, run_after=None
[2024-10-13T09:28:56.086+0000] {processor.py:208} INFO - Processing /home/airflow/.local/lib/python3.12/site-packages/airflow/example_dags/example_task_group.py took 0.108 seconds
[2024-10-13T09:29:26.214+0000] {processor.py:186} INFO - Started process (PID=3383) to work on /home/airflow/.local/lib/python3.12/site-packages/airflow/example_dags/example_task_group.py
[2024-10-13T09:29:26.216+0000] {processor.py:914} INFO - Processing file /home/airflow/.local/lib/python3.12/site-packages/airflow/example_dags/example_task_group.py for tasks to queue
[2024-10-13T09:29:26.219+0000] {logging_mixin.py:190} INFO - [2024-10-13T09:29:26.219+0000] {dagbag.py:588} INFO - Filling up the DagBag from /home/airflow/.local/lib/python3.12/site-packages/airflow/example_dags/example_task_group.py
[2024-10-13T09:29:26.232+0000] {processor.py:925} INFO - DAG(s) 'example_task_group' retrieved from /home/airflow/.local/lib/python3.12/site-packages/airflow/example_dags/example_task_group.py
[2024-10-13T09:29:26.265+0000] {logging_mixin.py:190} INFO - [2024-10-13T09:29:26.264+0000] {dag.py:3239} INFO - Sync 1 DAGs
[2024-10-13T09:29:26.287+0000] {logging_mixin.py:190} INFO - [2024-10-13T09:29:26.287+0000] {dag.py:4180} INFO - Setting next_dagrun for example_task_group to None, run_after=None
[2024-10-13T09:29:26.346+0000] {processor.py:208} INFO - Processing /home/airflow/.local/lib/python3.12/site-packages/airflow/example_dags/example_task_group.py took 0.141 seconds
[2024-10-13T09:29:57.587+0000] {processor.py:186} INFO - Started process (PID=3448) to work on /home/airflow/.local/lib/python3.12/site-packages/airflow/example_dags/example_task_group.py
[2024-10-13T09:29:57.589+0000] {processor.py:914} INFO - Processing file /home/airflow/.local/lib/python3.12/site-packages/airflow/example_dags/example_task_group.py for tasks to queue
[2024-10-13T09:29:57.601+0000] {logging_mixin.py:190} INFO - [2024-10-13T09:29:57.600+0000] {dagbag.py:588} INFO - Filling up the DagBag from /home/airflow/.local/lib/python3.12/site-packages/airflow/example_dags/example_task_group.py
[2024-10-13T09:29:57.624+0000] {processor.py:925} INFO - DAG(s) 'example_task_group' retrieved from /home/airflow/.local/lib/python3.12/site-packages/airflow/example_dags/example_task_group.py
[2024-10-13T09:29:57.698+0000] {logging_mixin.py:190} INFO - [2024-10-13T09:29:57.697+0000] {dag.py:3239} INFO - Sync 1 DAGs
[2024-10-13T09:29:57.744+0000] {logging_mixin.py:190} INFO - [2024-10-13T09:29:57.743+0000] {dag.py:4180} INFO - Setting next_dagrun for example_task_group to None, run_after=None
[2024-10-13T09:29:57.809+0000] {processor.py:208} INFO - Processing /home/airflow/.local/lib/python3.12/site-packages/airflow/example_dags/example_task_group.py took 0.243 seconds
