[2024-10-13T09:02:14.863+0000] {processor.py:186} INFO - Started process (PID=80) to work on /home/airflow/.local/lib/python3.12/site-packages/airflow/example_dags/example_skip_dag.py
[2024-10-13T09:02:14.893+0000] {processor.py:914} INFO - Processing file /home/airflow/.local/lib/python3.12/site-packages/airflow/example_dags/example_skip_dag.py for tasks to queue
[2024-10-13T09:02:15.080+0000] {logging_mixin.py:190} INFO - [2024-10-13T09:02:15.076+0000] {dagbag.py:588} INFO - Filling up the DagBag from /home/airflow/.local/lib/python3.12/site-packages/airflow/example_dags/example_skip_dag.py
[2024-10-13T09:02:15.462+0000] {processor.py:925} INFO - DAG(s) 'example_skip_dag' retrieved from /home/airflow/.local/lib/python3.12/site-packages/airflow/example_dags/example_skip_dag.py
[2024-10-13T09:02:15.929+0000] {logging_mixin.py:190} INFO - [2024-10-13T09:02:15.928+0000] {dag.py:3239} INFO - Sync 1 DAGs
[2024-10-13T09:02:16.124+0000] {logging_mixin.py:190} INFO - [2024-10-13T09:02:16.124+0000] {dag.py:4180} INFO - Setting next_dagrun for example_skip_dag to 2024-10-12 00:00:00+00:00, run_after=2024-10-13 00:00:00+00:00
[2024-10-13T09:02:16.280+0000] {processor.py:208} INFO - Processing /home/airflow/.local/lib/python3.12/site-packages/airflow/example_dags/example_skip_dag.py took 1.485 seconds
[2024-10-13T09:02:47.056+0000] {processor.py:186} INFO - Started process (PID=144) to work on /home/airflow/.local/lib/python3.12/site-packages/airflow/example_dags/example_skip_dag.py
[2024-10-13T09:02:47.061+0000] {processor.py:914} INFO - Processing file /home/airflow/.local/lib/python3.12/site-packages/airflow/example_dags/example_skip_dag.py for tasks to queue
[2024-10-13T09:02:47.066+0000] {logging_mixin.py:190} INFO - [2024-10-13T09:02:47.065+0000] {dagbag.py:588} INFO - Filling up the DagBag from /home/airflow/.local/lib/python3.12/site-packages/airflow/example_dags/example_skip_dag.py
[2024-10-13T09:02:47.083+0000] {processor.py:925} INFO - DAG(s) 'example_skip_dag' retrieved from /home/airflow/.local/lib/python3.12/site-packages/airflow/example_dags/example_skip_dag.py
[2024-10-13T09:02:47.133+0000] {logging_mixin.py:190} INFO - [2024-10-13T09:02:47.132+0000] {dag.py:3239} INFO - Sync 1 DAGs
[2024-10-13T09:02:47.185+0000] {logging_mixin.py:190} INFO - [2024-10-13T09:02:47.184+0000] {dag.py:4180} INFO - Setting next_dagrun for example_skip_dag to 2024-10-12 00:00:00+00:00, run_after=2024-10-13 00:00:00+00:00
[2024-10-13T09:02:47.232+0000] {processor.py:208} INFO - Processing /home/airflow/.local/lib/python3.12/site-packages/airflow/example_dags/example_skip_dag.py took 0.190 seconds
[2024-10-13T09:03:19.465+0000] {processor.py:186} INFO - Started process (PID=207) to work on /home/airflow/.local/lib/python3.12/site-packages/airflow/example_dags/example_skip_dag.py
[2024-10-13T09:03:19.477+0000] {processor.py:914} INFO - Processing file /home/airflow/.local/lib/python3.12/site-packages/airflow/example_dags/example_skip_dag.py for tasks to queue
[2024-10-13T09:03:19.483+0000] {logging_mixin.py:190} INFO - [2024-10-13T09:03:19.482+0000] {dagbag.py:588} INFO - Filling up the DagBag from /home/airflow/.local/lib/python3.12/site-packages/airflow/example_dags/example_skip_dag.py
[2024-10-13T09:03:19.516+0000] {processor.py:925} INFO - DAG(s) 'example_skip_dag' retrieved from /home/airflow/.local/lib/python3.12/site-packages/airflow/example_dags/example_skip_dag.py
[2024-10-13T09:03:19.609+0000] {logging_mixin.py:190} INFO - [2024-10-13T09:03:19.608+0000] {dag.py:3239} INFO - Sync 1 DAGs
[2024-10-13T09:03:19.702+0000] {logging_mixin.py:190} INFO - [2024-10-13T09:03:19.701+0000] {dag.py:4180} INFO - Setting next_dagrun for example_skip_dag to 2024-10-12 00:00:00+00:00, run_after=2024-10-13 00:00:00+00:00
[2024-10-13T09:03:19.803+0000] {processor.py:208} INFO - Processing /home/airflow/.local/lib/python3.12/site-packages/airflow/example_dags/example_skip_dag.py took 0.355 seconds
[2024-10-13T09:03:50.408+0000] {processor.py:186} INFO - Started process (PID=269) to work on /home/airflow/.local/lib/python3.12/site-packages/airflow/example_dags/example_skip_dag.py
[2024-10-13T09:03:50.417+0000] {processor.py:914} INFO - Processing file /home/airflow/.local/lib/python3.12/site-packages/airflow/example_dags/example_skip_dag.py for tasks to queue
[2024-10-13T09:03:50.424+0000] {logging_mixin.py:190} INFO - [2024-10-13T09:03:50.424+0000] {dagbag.py:588} INFO - Filling up the DagBag from /home/airflow/.local/lib/python3.12/site-packages/airflow/example_dags/example_skip_dag.py
[2024-10-13T09:03:50.443+0000] {processor.py:925} INFO - DAG(s) 'example_skip_dag' retrieved from /home/airflow/.local/lib/python3.12/site-packages/airflow/example_dags/example_skip_dag.py
[2024-10-13T09:03:50.516+0000] {logging_mixin.py:190} INFO - [2024-10-13T09:03:50.515+0000] {dag.py:3239} INFO - Sync 1 DAGs
[2024-10-13T09:03:50.594+0000] {logging_mixin.py:190} INFO - [2024-10-13T09:03:50.593+0000] {dag.py:4180} INFO - Setting next_dagrun for example_skip_dag to 2024-10-12 00:00:00+00:00, run_after=2024-10-13 00:00:00+00:00
[2024-10-13T09:03:50.677+0000] {processor.py:208} INFO - Processing /home/airflow/.local/lib/python3.12/site-packages/airflow/example_dags/example_skip_dag.py took 0.289 seconds
[2024-10-13T09:04:24.680+0000] {processor.py:186} INFO - Started process (PID=328) to work on /home/airflow/.local/lib/python3.12/site-packages/airflow/example_dags/example_skip_dag.py
[2024-10-13T09:04:24.684+0000] {processor.py:914} INFO - Processing file /home/airflow/.local/lib/python3.12/site-packages/airflow/example_dags/example_skip_dag.py for tasks to queue
[2024-10-13T09:04:24.696+0000] {logging_mixin.py:190} INFO - [2024-10-13T09:04:24.695+0000] {dagbag.py:588} INFO - Filling up the DagBag from /home/airflow/.local/lib/python3.12/site-packages/airflow/example_dags/example_skip_dag.py
[2024-10-13T09:04:24.719+0000] {processor.py:925} INFO - DAG(s) 'example_skip_dag' retrieved from /home/airflow/.local/lib/python3.12/site-packages/airflow/example_dags/example_skip_dag.py
[2024-10-13T09:04:24.776+0000] {logging_mixin.py:190} INFO - [2024-10-13T09:04:24.775+0000] {dag.py:3239} INFO - Sync 1 DAGs
[2024-10-13T09:04:24.854+0000] {logging_mixin.py:190} INFO - [2024-10-13T09:04:24.853+0000] {dag.py:4180} INFO - Setting next_dagrun for example_skip_dag to 2024-10-12 00:00:00+00:00, run_after=2024-10-13 00:00:00+00:00
[2024-10-13T09:04:24.916+0000] {processor.py:208} INFO - Processing /home/airflow/.local/lib/python3.12/site-packages/airflow/example_dags/example_skip_dag.py took 0.252 seconds
[2024-10-13T09:04:55.163+0000] {processor.py:186} INFO - Started process (PID=391) to work on /home/airflow/.local/lib/python3.12/site-packages/airflow/example_dags/example_skip_dag.py
[2024-10-13T09:04:55.165+0000] {processor.py:914} INFO - Processing file /home/airflow/.local/lib/python3.12/site-packages/airflow/example_dags/example_skip_dag.py for tasks to queue
[2024-10-13T09:04:55.172+0000] {logging_mixin.py:190} INFO - [2024-10-13T09:04:55.170+0000] {dagbag.py:588} INFO - Filling up the DagBag from /home/airflow/.local/lib/python3.12/site-packages/airflow/example_dags/example_skip_dag.py
[2024-10-13T09:04:55.182+0000] {processor.py:925} INFO - DAG(s) 'example_skip_dag' retrieved from /home/airflow/.local/lib/python3.12/site-packages/airflow/example_dags/example_skip_dag.py
[2024-10-13T09:04:55.221+0000] {logging_mixin.py:190} INFO - [2024-10-13T09:04:55.221+0000] {dag.py:3239} INFO - Sync 1 DAGs
[2024-10-13T09:04:55.262+0000] {logging_mixin.py:190} INFO - [2024-10-13T09:04:55.262+0000] {dag.py:4180} INFO - Setting next_dagrun for example_skip_dag to 2024-10-12 00:00:00+00:00, run_after=2024-10-13 00:00:00+00:00
[2024-10-13T09:04:55.302+0000] {processor.py:208} INFO - Processing /home/airflow/.local/lib/python3.12/site-packages/airflow/example_dags/example_skip_dag.py took 0.146 seconds
[2024-10-13T09:05:25.862+0000] {processor.py:186} INFO - Started process (PID=454) to work on /home/airflow/.local/lib/python3.12/site-packages/airflow/example_dags/example_skip_dag.py
[2024-10-13T09:05:25.863+0000] {processor.py:914} INFO - Processing file /home/airflow/.local/lib/python3.12/site-packages/airflow/example_dags/example_skip_dag.py for tasks to queue
[2024-10-13T09:05:25.868+0000] {logging_mixin.py:190} INFO - [2024-10-13T09:05:25.868+0000] {dagbag.py:588} INFO - Filling up the DagBag from /home/airflow/.local/lib/python3.12/site-packages/airflow/example_dags/example_skip_dag.py
[2024-10-13T09:05:25.879+0000] {processor.py:925} INFO - DAG(s) 'example_skip_dag' retrieved from /home/airflow/.local/lib/python3.12/site-packages/airflow/example_dags/example_skip_dag.py
[2024-10-13T09:05:25.916+0000] {logging_mixin.py:190} INFO - [2024-10-13T09:05:25.916+0000] {dag.py:3239} INFO - Sync 1 DAGs
[2024-10-13T09:05:25.944+0000] {logging_mixin.py:190} INFO - [2024-10-13T09:05:25.944+0000] {dag.py:4180} INFO - Setting next_dagrun for example_skip_dag to 2024-10-12 00:00:00+00:00, run_after=2024-10-13 00:00:00+00:00
[2024-10-13T09:05:25.967+0000] {processor.py:208} INFO - Processing /home/airflow/.local/lib/python3.12/site-packages/airflow/example_dags/example_skip_dag.py took 0.111 seconds
[2024-10-13T09:05:56.502+0000] {processor.py:186} INFO - Started process (PID=515) to work on /home/airflow/.local/lib/python3.12/site-packages/airflow/example_dags/example_skip_dag.py
[2024-10-13T09:05:56.510+0000] {processor.py:914} INFO - Processing file /home/airflow/.local/lib/python3.12/site-packages/airflow/example_dags/example_skip_dag.py for tasks to queue
[2024-10-13T09:05:56.528+0000] {logging_mixin.py:190} INFO - [2024-10-13T09:05:56.526+0000] {dagbag.py:588} INFO - Filling up the DagBag from /home/airflow/.local/lib/python3.12/site-packages/airflow/example_dags/example_skip_dag.py
[2024-10-13T09:05:56.558+0000] {processor.py:925} INFO - DAG(s) 'example_skip_dag' retrieved from /home/airflow/.local/lib/python3.12/site-packages/airflow/example_dags/example_skip_dag.py
[2024-10-13T09:05:56.639+0000] {logging_mixin.py:190} INFO - [2024-10-13T09:05:56.638+0000] {dag.py:3239} INFO - Sync 1 DAGs
[2024-10-13T09:05:56.717+0000] {logging_mixin.py:190} INFO - [2024-10-13T09:05:56.716+0000] {dag.py:4180} INFO - Setting next_dagrun for example_skip_dag to 2024-10-12 00:00:00+00:00, run_after=2024-10-13 00:00:00+00:00
[2024-10-13T09:05:56.783+0000] {processor.py:208} INFO - Processing /home/airflow/.local/lib/python3.12/site-packages/airflow/example_dags/example_skip_dag.py took 0.304 seconds
[2024-10-13T09:06:27.046+0000] {processor.py:186} INFO - Started process (PID=578) to work on /home/airflow/.local/lib/python3.12/site-packages/airflow/example_dags/example_skip_dag.py
[2024-10-13T09:06:27.048+0000] {processor.py:914} INFO - Processing file /home/airflow/.local/lib/python3.12/site-packages/airflow/example_dags/example_skip_dag.py for tasks to queue
[2024-10-13T09:06:27.053+0000] {logging_mixin.py:190} INFO - [2024-10-13T09:06:27.052+0000] {dagbag.py:588} INFO - Filling up the DagBag from /home/airflow/.local/lib/python3.12/site-packages/airflow/example_dags/example_skip_dag.py
[2024-10-13T09:06:27.066+0000] {processor.py:925} INFO - DAG(s) 'example_skip_dag' retrieved from /home/airflow/.local/lib/python3.12/site-packages/airflow/example_dags/example_skip_dag.py
[2024-10-13T09:06:27.105+0000] {logging_mixin.py:190} INFO - [2024-10-13T09:06:27.105+0000] {dag.py:3239} INFO - Sync 1 DAGs
[2024-10-13T09:06:27.135+0000] {logging_mixin.py:190} INFO - [2024-10-13T09:06:27.135+0000] {dag.py:4180} INFO - Setting next_dagrun for example_skip_dag to 2024-10-12 00:00:00+00:00, run_after=2024-10-13 00:00:00+00:00
[2024-10-13T09:06:27.166+0000] {processor.py:208} INFO - Processing /home/airflow/.local/lib/python3.12/site-packages/airflow/example_dags/example_skip_dag.py took 0.126 seconds
[2024-10-13T09:06:57.484+0000] {processor.py:186} INFO - Started process (PID=641) to work on /home/airflow/.local/lib/python3.12/site-packages/airflow/example_dags/example_skip_dag.py
[2024-10-13T09:06:57.486+0000] {processor.py:914} INFO - Processing file /home/airflow/.local/lib/python3.12/site-packages/airflow/example_dags/example_skip_dag.py for tasks to queue
[2024-10-13T09:06:57.492+0000] {logging_mixin.py:190} INFO - [2024-10-13T09:06:57.492+0000] {dagbag.py:588} INFO - Filling up the DagBag from /home/airflow/.local/lib/python3.12/site-packages/airflow/example_dags/example_skip_dag.py
[2024-10-13T09:06:57.504+0000] {processor.py:925} INFO - DAG(s) 'example_skip_dag' retrieved from /home/airflow/.local/lib/python3.12/site-packages/airflow/example_dags/example_skip_dag.py
[2024-10-13T09:06:57.552+0000] {logging_mixin.py:190} INFO - [2024-10-13T09:06:57.551+0000] {dag.py:3239} INFO - Sync 1 DAGs
[2024-10-13T09:06:57.599+0000] {logging_mixin.py:190} INFO - [2024-10-13T09:06:57.599+0000] {dag.py:4180} INFO - Setting next_dagrun for example_skip_dag to 2024-10-12 00:00:00+00:00, run_after=2024-10-13 00:00:00+00:00
[2024-10-13T09:06:57.629+0000] {processor.py:208} INFO - Processing /home/airflow/.local/lib/python3.12/site-packages/airflow/example_dags/example_skip_dag.py took 0.166 seconds
[2024-10-13T09:07:28.236+0000] {processor.py:186} INFO - Started process (PID=703) to work on /home/airflow/.local/lib/python3.12/site-packages/airflow/example_dags/example_skip_dag.py
[2024-10-13T09:07:28.238+0000] {processor.py:914} INFO - Processing file /home/airflow/.local/lib/python3.12/site-packages/airflow/example_dags/example_skip_dag.py for tasks to queue
[2024-10-13T09:07:28.243+0000] {logging_mixin.py:190} INFO - [2024-10-13T09:07:28.242+0000] {dagbag.py:588} INFO - Filling up the DagBag from /home/airflow/.local/lib/python3.12/site-packages/airflow/example_dags/example_skip_dag.py
[2024-10-13T09:07:28.260+0000] {processor.py:925} INFO - DAG(s) 'example_skip_dag' retrieved from /home/airflow/.local/lib/python3.12/site-packages/airflow/example_dags/example_skip_dag.py
[2024-10-13T09:07:28.290+0000] {logging_mixin.py:190} INFO - [2024-10-13T09:07:28.290+0000] {dag.py:3239} INFO - Sync 1 DAGs
[2024-10-13T09:07:28.330+0000] {logging_mixin.py:190} INFO - [2024-10-13T09:07:28.330+0000] {dag.py:4180} INFO - Setting next_dagrun for example_skip_dag to 2024-10-12 00:00:00+00:00, run_after=2024-10-13 00:00:00+00:00
[2024-10-13T09:07:28.362+0000] {processor.py:208} INFO - Processing /home/airflow/.local/lib/python3.12/site-packages/airflow/example_dags/example_skip_dag.py took 0.135 seconds
[2024-10-13T09:07:58.707+0000] {processor.py:186} INFO - Started process (PID=766) to work on /home/airflow/.local/lib/python3.12/site-packages/airflow/example_dags/example_skip_dag.py
[2024-10-13T09:07:58.709+0000] {processor.py:914} INFO - Processing file /home/airflow/.local/lib/python3.12/site-packages/airflow/example_dags/example_skip_dag.py for tasks to queue
[2024-10-13T09:07:58.719+0000] {logging_mixin.py:190} INFO - [2024-10-13T09:07:58.718+0000] {dagbag.py:588} INFO - Filling up the DagBag from /home/airflow/.local/lib/python3.12/site-packages/airflow/example_dags/example_skip_dag.py
[2024-10-13T09:07:58.742+0000] {processor.py:925} INFO - DAG(s) 'example_skip_dag' retrieved from /home/airflow/.local/lib/python3.12/site-packages/airflow/example_dags/example_skip_dag.py
[2024-10-13T09:07:58.786+0000] {logging_mixin.py:190} INFO - [2024-10-13T09:07:58.785+0000] {dag.py:3239} INFO - Sync 1 DAGs
[2024-10-13T09:07:58.835+0000] {logging_mixin.py:190} INFO - [2024-10-13T09:07:58.835+0000] {dag.py:4180} INFO - Setting next_dagrun for example_skip_dag to 2024-10-12 00:00:00+00:00, run_after=2024-10-13 00:00:00+00:00
[2024-10-13T09:07:58.878+0000] {processor.py:208} INFO - Processing /home/airflow/.local/lib/python3.12/site-packages/airflow/example_dags/example_skip_dag.py took 0.183 seconds
[2024-10-13T09:08:29.650+0000] {processor.py:186} INFO - Started process (PID=829) to work on /home/airflow/.local/lib/python3.12/site-packages/airflow/example_dags/example_skip_dag.py
[2024-10-13T09:08:29.654+0000] {processor.py:914} INFO - Processing file /home/airflow/.local/lib/python3.12/site-packages/airflow/example_dags/example_skip_dag.py for tasks to queue
[2024-10-13T09:08:29.664+0000] {logging_mixin.py:190} INFO - [2024-10-13T09:08:29.663+0000] {dagbag.py:588} INFO - Filling up the DagBag from /home/airflow/.local/lib/python3.12/site-packages/airflow/example_dags/example_skip_dag.py
[2024-10-13T09:08:29.691+0000] {processor.py:925} INFO - DAG(s) 'example_skip_dag' retrieved from /home/airflow/.local/lib/python3.12/site-packages/airflow/example_dags/example_skip_dag.py
[2024-10-13T09:08:29.762+0000] {logging_mixin.py:190} INFO - [2024-10-13T09:08:29.761+0000] {dag.py:3239} INFO - Sync 1 DAGs
[2024-10-13T09:08:29.840+0000] {logging_mixin.py:190} INFO - [2024-10-13T09:08:29.839+0000] {dag.py:4180} INFO - Setting next_dagrun for example_skip_dag to 2024-10-12 00:00:00+00:00, run_after=2024-10-13 00:00:00+00:00
[2024-10-13T09:08:29.903+0000] {processor.py:208} INFO - Processing /home/airflow/.local/lib/python3.12/site-packages/airflow/example_dags/example_skip_dag.py took 0.271 seconds
[2024-10-13T09:09:01.157+0000] {processor.py:186} INFO - Started process (PID=891) to work on /home/airflow/.local/lib/python3.12/site-packages/airflow/example_dags/example_skip_dag.py
[2024-10-13T09:09:01.160+0000] {processor.py:914} INFO - Processing file /home/airflow/.local/lib/python3.12/site-packages/airflow/example_dags/example_skip_dag.py for tasks to queue
[2024-10-13T09:09:01.200+0000] {logging_mixin.py:190} INFO - [2024-10-13T09:09:01.199+0000] {dagbag.py:588} INFO - Filling up the DagBag from /home/airflow/.local/lib/python3.12/site-packages/airflow/example_dags/example_skip_dag.py
[2024-10-13T09:09:01.240+0000] {processor.py:925} INFO - DAG(s) 'example_skip_dag' retrieved from /home/airflow/.local/lib/python3.12/site-packages/airflow/example_dags/example_skip_dag.py
[2024-10-13T09:09:01.337+0000] {logging_mixin.py:190} INFO - [2024-10-13T09:09:01.336+0000] {dag.py:3239} INFO - Sync 1 DAGs
[2024-10-13T09:09:01.418+0000] {logging_mixin.py:190} INFO - [2024-10-13T09:09:01.416+0000] {dag.py:4180} INFO - Setting next_dagrun for example_skip_dag to 2024-10-12 00:00:00+00:00, run_after=2024-10-13 00:00:00+00:00
[2024-10-13T09:09:01.511+0000] {processor.py:208} INFO - Processing /home/airflow/.local/lib/python3.12/site-packages/airflow/example_dags/example_skip_dag.py took 0.374 seconds
[2024-10-13T09:09:32.253+0000] {processor.py:186} INFO - Started process (PID=954) to work on /home/airflow/.local/lib/python3.12/site-packages/airflow/example_dags/example_skip_dag.py
[2024-10-13T09:09:32.256+0000] {processor.py:914} INFO - Processing file /home/airflow/.local/lib/python3.12/site-packages/airflow/example_dags/example_skip_dag.py for tasks to queue
[2024-10-13T09:09:32.270+0000] {logging_mixin.py:190} INFO - [2024-10-13T09:09:32.268+0000] {dagbag.py:588} INFO - Filling up the DagBag from /home/airflow/.local/lib/python3.12/site-packages/airflow/example_dags/example_skip_dag.py
[2024-10-13T09:09:32.290+0000] {processor.py:925} INFO - DAG(s) 'example_skip_dag' retrieved from /home/airflow/.local/lib/python3.12/site-packages/airflow/example_dags/example_skip_dag.py
[2024-10-13T09:09:32.362+0000] {logging_mixin.py:190} INFO - [2024-10-13T09:09:32.361+0000] {dag.py:3239} INFO - Sync 1 DAGs
[2024-10-13T09:09:32.455+0000] {logging_mixin.py:190} INFO - [2024-10-13T09:09:32.454+0000] {dag.py:4180} INFO - Setting next_dagrun for example_skip_dag to 2024-10-12 00:00:00+00:00, run_after=2024-10-13 00:00:00+00:00
[2024-10-13T09:09:32.573+0000] {processor.py:208} INFO - Processing /home/airflow/.local/lib/python3.12/site-packages/airflow/example_dags/example_skip_dag.py took 0.336 seconds
[2024-10-13T09:10:02.637+0000] {processor.py:186} INFO - Started process (PID=1017) to work on /home/airflow/.local/lib/python3.12/site-packages/airflow/example_dags/example_skip_dag.py
[2024-10-13T09:10:02.639+0000] {processor.py:914} INFO - Processing file /home/airflow/.local/lib/python3.12/site-packages/airflow/example_dags/example_skip_dag.py for tasks to queue
[2024-10-13T09:10:02.643+0000] {logging_mixin.py:190} INFO - [2024-10-13T09:10:02.642+0000] {dagbag.py:588} INFO - Filling up the DagBag from /home/airflow/.local/lib/python3.12/site-packages/airflow/example_dags/example_skip_dag.py
[2024-10-13T09:10:02.656+0000] {processor.py:925} INFO - DAG(s) 'example_skip_dag' retrieved from /home/airflow/.local/lib/python3.12/site-packages/airflow/example_dags/example_skip_dag.py
[2024-10-13T09:10:02.690+0000] {logging_mixin.py:190} INFO - [2024-10-13T09:10:02.689+0000] {dag.py:3239} INFO - Sync 1 DAGs
[2024-10-13T09:10:02.717+0000] {logging_mixin.py:190} INFO - [2024-10-13T09:10:02.716+0000] {dag.py:4180} INFO - Setting next_dagrun for example_skip_dag to 2024-10-12 00:00:00+00:00, run_after=2024-10-13 00:00:00+00:00
[2024-10-13T09:10:02.741+0000] {processor.py:208} INFO - Processing /home/airflow/.local/lib/python3.12/site-packages/airflow/example_dags/example_skip_dag.py took 0.111 seconds
[2024-10-13T09:10:33.015+0000] {processor.py:186} INFO - Started process (PID=1080) to work on /home/airflow/.local/lib/python3.12/site-packages/airflow/example_dags/example_skip_dag.py
[2024-10-13T09:10:33.017+0000] {processor.py:914} INFO - Processing file /home/airflow/.local/lib/python3.12/site-packages/airflow/example_dags/example_skip_dag.py for tasks to queue
[2024-10-13T09:10:33.021+0000] {logging_mixin.py:190} INFO - [2024-10-13T09:10:33.020+0000] {dagbag.py:588} INFO - Filling up the DagBag from /home/airflow/.local/lib/python3.12/site-packages/airflow/example_dags/example_skip_dag.py
[2024-10-13T09:10:33.031+0000] {processor.py:925} INFO - DAG(s) 'example_skip_dag' retrieved from /home/airflow/.local/lib/python3.12/site-packages/airflow/example_dags/example_skip_dag.py
[2024-10-13T09:10:33.061+0000] {logging_mixin.py:190} INFO - [2024-10-13T09:10:33.060+0000] {dag.py:3239} INFO - Sync 1 DAGs
[2024-10-13T09:10:33.094+0000] {logging_mixin.py:190} INFO - [2024-10-13T09:10:33.094+0000] {dag.py:4180} INFO - Setting next_dagrun for example_skip_dag to 2024-10-12 00:00:00+00:00, run_after=2024-10-13 00:00:00+00:00
[2024-10-13T09:10:33.131+0000] {processor.py:208} INFO - Processing /home/airflow/.local/lib/python3.12/site-packages/airflow/example_dags/example_skip_dag.py took 0.132 seconds
[2024-10-13T09:11:03.329+0000] {processor.py:186} INFO - Started process (PID=1143) to work on /home/airflow/.local/lib/python3.12/site-packages/airflow/example_dags/example_skip_dag.py
[2024-10-13T09:11:03.332+0000] {processor.py:914} INFO - Processing file /home/airflow/.local/lib/python3.12/site-packages/airflow/example_dags/example_skip_dag.py for tasks to queue
[2024-10-13T09:11:03.337+0000] {logging_mixin.py:190} INFO - [2024-10-13T09:11:03.336+0000] {dagbag.py:588} INFO - Filling up the DagBag from /home/airflow/.local/lib/python3.12/site-packages/airflow/example_dags/example_skip_dag.py
[2024-10-13T09:11:03.352+0000] {processor.py:925} INFO - DAG(s) 'example_skip_dag' retrieved from /home/airflow/.local/lib/python3.12/site-packages/airflow/example_dags/example_skip_dag.py
[2024-10-13T09:11:03.381+0000] {logging_mixin.py:190} INFO - [2024-10-13T09:11:03.380+0000] {dag.py:3239} INFO - Sync 1 DAGs
[2024-10-13T09:11:03.415+0000] {logging_mixin.py:190} INFO - [2024-10-13T09:11:03.415+0000] {dag.py:4180} INFO - Setting next_dagrun for example_skip_dag to 2024-10-12 00:00:00+00:00, run_after=2024-10-13 00:00:00+00:00
[2024-10-13T09:11:03.515+0000] {processor.py:208} INFO - Processing /home/airflow/.local/lib/python3.12/site-packages/airflow/example_dags/example_skip_dag.py took 0.195 seconds
[2024-10-13T09:11:33.758+0000] {processor.py:186} INFO - Started process (PID=1206) to work on /home/airflow/.local/lib/python3.12/site-packages/airflow/example_dags/example_skip_dag.py
[2024-10-13T09:11:33.760+0000] {processor.py:914} INFO - Processing file /home/airflow/.local/lib/python3.12/site-packages/airflow/example_dags/example_skip_dag.py for tasks to queue
[2024-10-13T09:11:33.763+0000] {logging_mixin.py:190} INFO - [2024-10-13T09:11:33.762+0000] {dagbag.py:588} INFO - Filling up the DagBag from /home/airflow/.local/lib/python3.12/site-packages/airflow/example_dags/example_skip_dag.py
[2024-10-13T09:11:33.777+0000] {processor.py:925} INFO - DAG(s) 'example_skip_dag' retrieved from /home/airflow/.local/lib/python3.12/site-packages/airflow/example_dags/example_skip_dag.py
[2024-10-13T09:11:33.802+0000] {logging_mixin.py:190} INFO - [2024-10-13T09:11:33.801+0000] {dag.py:3239} INFO - Sync 1 DAGs
[2024-10-13T09:11:33.822+0000] {logging_mixin.py:190} INFO - [2024-10-13T09:11:33.821+0000] {dag.py:4180} INFO - Setting next_dagrun for example_skip_dag to 2024-10-12 00:00:00+00:00, run_after=2024-10-13 00:00:00+00:00
[2024-10-13T09:11:33.843+0000] {processor.py:208} INFO - Processing /home/airflow/.local/lib/python3.12/site-packages/airflow/example_dags/example_skip_dag.py took 0.093 seconds
[2024-10-13T09:12:04.561+0000] {processor.py:186} INFO - Started process (PID=1267) to work on /home/airflow/.local/lib/python3.12/site-packages/airflow/example_dags/example_skip_dag.py
[2024-10-13T09:12:04.563+0000] {processor.py:914} INFO - Processing file /home/airflow/.local/lib/python3.12/site-packages/airflow/example_dags/example_skip_dag.py for tasks to queue
[2024-10-13T09:12:04.566+0000] {logging_mixin.py:190} INFO - [2024-10-13T09:12:04.565+0000] {dagbag.py:588} INFO - Filling up the DagBag from /home/airflow/.local/lib/python3.12/site-packages/airflow/example_dags/example_skip_dag.py
[2024-10-13T09:12:04.574+0000] {processor.py:925} INFO - DAG(s) 'example_skip_dag' retrieved from /home/airflow/.local/lib/python3.12/site-packages/airflow/example_dags/example_skip_dag.py
[2024-10-13T09:12:04.598+0000] {logging_mixin.py:190} INFO - [2024-10-13T09:12:04.598+0000] {dag.py:3239} INFO - Sync 1 DAGs
[2024-10-13T09:12:04.624+0000] {logging_mixin.py:190} INFO - [2024-10-13T09:12:04.624+0000] {dag.py:4180} INFO - Setting next_dagrun for example_skip_dag to 2024-10-12 00:00:00+00:00, run_after=2024-10-13 00:00:00+00:00
[2024-10-13T09:12:04.648+0000] {processor.py:208} INFO - Processing /home/airflow/.local/lib/python3.12/site-packages/airflow/example_dags/example_skip_dag.py took 0.092 seconds
[2024-10-13T09:12:35.318+0000] {processor.py:186} INFO - Started process (PID=1330) to work on /home/airflow/.local/lib/python3.12/site-packages/airflow/example_dags/example_skip_dag.py
[2024-10-13T09:12:35.320+0000] {processor.py:914} INFO - Processing file /home/airflow/.local/lib/python3.12/site-packages/airflow/example_dags/example_skip_dag.py for tasks to queue
[2024-10-13T09:12:35.325+0000] {logging_mixin.py:190} INFO - [2024-10-13T09:12:35.324+0000] {dagbag.py:588} INFO - Filling up the DagBag from /home/airflow/.local/lib/python3.12/site-packages/airflow/example_dags/example_skip_dag.py
[2024-10-13T09:12:35.339+0000] {processor.py:925} INFO - DAG(s) 'example_skip_dag' retrieved from /home/airflow/.local/lib/python3.12/site-packages/airflow/example_dags/example_skip_dag.py
[2024-10-13T09:12:35.387+0000] {logging_mixin.py:190} INFO - [2024-10-13T09:12:35.387+0000] {dag.py:3239} INFO - Sync 1 DAGs
[2024-10-13T09:12:35.433+0000] {logging_mixin.py:190} INFO - [2024-10-13T09:12:35.433+0000] {dag.py:4180} INFO - Setting next_dagrun for example_skip_dag to 2024-10-12 00:00:00+00:00, run_after=2024-10-13 00:00:00+00:00
[2024-10-13T09:12:35.463+0000] {processor.py:208} INFO - Processing /home/airflow/.local/lib/python3.12/site-packages/airflow/example_dags/example_skip_dag.py took 0.158 seconds
[2024-10-13T09:13:06.570+0000] {processor.py:186} INFO - Started process (PID=1380) to work on /home/airflow/.local/lib/python3.12/site-packages/airflow/example_dags/example_skip_dag.py
[2024-10-13T09:13:06.576+0000] {processor.py:914} INFO - Processing file /home/airflow/.local/lib/python3.12/site-packages/airflow/example_dags/example_skip_dag.py for tasks to queue
[2024-10-13T09:13:06.590+0000] {logging_mixin.py:190} INFO - [2024-10-13T09:13:06.589+0000] {dagbag.py:588} INFO - Filling up the DagBag from /home/airflow/.local/lib/python3.12/site-packages/airflow/example_dags/example_skip_dag.py
[2024-10-13T09:13:06.618+0000] {processor.py:925} INFO - DAG(s) 'example_skip_dag' retrieved from /home/airflow/.local/lib/python3.12/site-packages/airflow/example_dags/example_skip_dag.py
[2024-10-13T09:13:06.777+0000] {logging_mixin.py:190} INFO - [2024-10-13T09:13:06.777+0000] {dag.py:3239} INFO - Sync 1 DAGs
[2024-10-13T09:13:06.927+0000] {logging_mixin.py:190} INFO - [2024-10-13T09:13:06.926+0000] {dag.py:4180} INFO - Setting next_dagrun for example_skip_dag to 2024-10-12 00:00:00+00:00, run_after=2024-10-13 00:00:00+00:00
[2024-10-13T09:13:07.070+0000] {processor.py:208} INFO - Processing /home/airflow/.local/lib/python3.12/site-packages/airflow/example_dags/example_skip_dag.py took 0.527 seconds
[2024-10-13T09:13:37.999+0000] {processor.py:186} INFO - Started process (PID=1443) to work on /home/airflow/.local/lib/python3.12/site-packages/airflow/example_dags/example_skip_dag.py
[2024-10-13T09:13:38.006+0000] {processor.py:914} INFO - Processing file /home/airflow/.local/lib/python3.12/site-packages/airflow/example_dags/example_skip_dag.py for tasks to queue
[2024-10-13T09:13:38.011+0000] {logging_mixin.py:190} INFO - [2024-10-13T09:13:38.010+0000] {dagbag.py:588} INFO - Filling up the DagBag from /home/airflow/.local/lib/python3.12/site-packages/airflow/example_dags/example_skip_dag.py
[2024-10-13T09:13:38.037+0000] {processor.py:925} INFO - DAG(s) 'example_skip_dag' retrieved from /home/airflow/.local/lib/python3.12/site-packages/airflow/example_dags/example_skip_dag.py
[2024-10-13T09:13:38.103+0000] {logging_mixin.py:190} INFO - [2024-10-13T09:13:38.102+0000] {dag.py:3239} INFO - Sync 1 DAGs
[2024-10-13T09:13:38.173+0000] {logging_mixin.py:190} INFO - [2024-10-13T09:13:38.172+0000] {dag.py:4180} INFO - Setting next_dagrun for example_skip_dag to 2024-10-12 00:00:00+00:00, run_after=2024-10-13 00:00:00+00:00
[2024-10-13T09:13:38.237+0000] {processor.py:208} INFO - Processing /home/airflow/.local/lib/python3.12/site-packages/airflow/example_dags/example_skip_dag.py took 0.249 seconds
[2024-10-13T09:14:09.018+0000] {processor.py:186} INFO - Started process (PID=1506) to work on /home/airflow/.local/lib/python3.12/site-packages/airflow/example_dags/example_skip_dag.py
[2024-10-13T09:14:09.030+0000] {processor.py:914} INFO - Processing file /home/airflow/.local/lib/python3.12/site-packages/airflow/example_dags/example_skip_dag.py for tasks to queue
[2024-10-13T09:14:09.038+0000] {logging_mixin.py:190} INFO - [2024-10-13T09:14:09.037+0000] {dagbag.py:588} INFO - Filling up the DagBag from /home/airflow/.local/lib/python3.12/site-packages/airflow/example_dags/example_skip_dag.py
[2024-10-13T09:14:09.072+0000] {processor.py:925} INFO - DAG(s) 'example_skip_dag' retrieved from /home/airflow/.local/lib/python3.12/site-packages/airflow/example_dags/example_skip_dag.py
[2024-10-13T09:14:09.154+0000] {logging_mixin.py:190} INFO - [2024-10-13T09:14:09.154+0000] {dag.py:3239} INFO - Sync 1 DAGs
[2024-10-13T09:14:09.212+0000] {logging_mixin.py:190} INFO - [2024-10-13T09:14:09.211+0000] {dag.py:4180} INFO - Setting next_dagrun for example_skip_dag to 2024-10-12 00:00:00+00:00, run_after=2024-10-13 00:00:00+00:00
[2024-10-13T09:14:09.266+0000] {processor.py:208} INFO - Processing /home/airflow/.local/lib/python3.12/site-packages/airflow/example_dags/example_skip_dag.py took 0.266 seconds
[2024-10-13T09:14:40.109+0000] {processor.py:186} INFO - Started process (PID=1569) to work on /home/airflow/.local/lib/python3.12/site-packages/airflow/example_dags/example_skip_dag.py
[2024-10-13T09:14:40.112+0000] {processor.py:914} INFO - Processing file /home/airflow/.local/lib/python3.12/site-packages/airflow/example_dags/example_skip_dag.py for tasks to queue
[2024-10-13T09:14:40.123+0000] {logging_mixin.py:190} INFO - [2024-10-13T09:14:40.123+0000] {dagbag.py:588} INFO - Filling up the DagBag from /home/airflow/.local/lib/python3.12/site-packages/airflow/example_dags/example_skip_dag.py
[2024-10-13T09:14:40.146+0000] {processor.py:925} INFO - DAG(s) 'example_skip_dag' retrieved from /home/airflow/.local/lib/python3.12/site-packages/airflow/example_dags/example_skip_dag.py
[2024-10-13T09:14:40.192+0000] {logging_mixin.py:190} INFO - [2024-10-13T09:14:40.191+0000] {dag.py:3239} INFO - Sync 1 DAGs
[2024-10-13T09:14:40.249+0000] {logging_mixin.py:190} INFO - [2024-10-13T09:14:40.249+0000] {dag.py:4180} INFO - Setting next_dagrun for example_skip_dag to 2024-10-12 00:00:00+00:00, run_after=2024-10-13 00:00:00+00:00
[2024-10-13T09:14:40.308+0000] {processor.py:208} INFO - Processing /home/airflow/.local/lib/python3.12/site-packages/airflow/example_dags/example_skip_dag.py took 0.214 seconds
[2024-10-13T09:15:10.623+0000] {processor.py:186} INFO - Started process (PID=1632) to work on /home/airflow/.local/lib/python3.12/site-packages/airflow/example_dags/example_skip_dag.py
[2024-10-13T09:15:10.625+0000] {processor.py:914} INFO - Processing file /home/airflow/.local/lib/python3.12/site-packages/airflow/example_dags/example_skip_dag.py for tasks to queue
[2024-10-13T09:15:10.630+0000] {logging_mixin.py:190} INFO - [2024-10-13T09:15:10.629+0000] {dagbag.py:588} INFO - Filling up the DagBag from /home/airflow/.local/lib/python3.12/site-packages/airflow/example_dags/example_skip_dag.py
[2024-10-13T09:15:10.645+0000] {processor.py:925} INFO - DAG(s) 'example_skip_dag' retrieved from /home/airflow/.local/lib/python3.12/site-packages/airflow/example_dags/example_skip_dag.py
[2024-10-13T09:15:10.693+0000] {logging_mixin.py:190} INFO - [2024-10-13T09:15:10.693+0000] {dag.py:3239} INFO - Sync 1 DAGs
[2024-10-13T09:15:10.719+0000] {logging_mixin.py:190} INFO - [2024-10-13T09:15:10.718+0000] {dag.py:4180} INFO - Setting next_dagrun for example_skip_dag to 2024-10-12 00:00:00+00:00, run_after=2024-10-13 00:00:00+00:00
[2024-10-13T09:15:10.738+0000] {processor.py:208} INFO - Processing /home/airflow/.local/lib/python3.12/site-packages/airflow/example_dags/example_skip_dag.py took 0.129 seconds
[2024-10-13T09:15:40.836+0000] {processor.py:186} INFO - Started process (PID=1695) to work on /home/airflow/.local/lib/python3.12/site-packages/airflow/example_dags/example_skip_dag.py
[2024-10-13T09:15:40.837+0000] {processor.py:914} INFO - Processing file /home/airflow/.local/lib/python3.12/site-packages/airflow/example_dags/example_skip_dag.py for tasks to queue
[2024-10-13T09:15:40.841+0000] {logging_mixin.py:190} INFO - [2024-10-13T09:15:40.840+0000] {dagbag.py:588} INFO - Filling up the DagBag from /home/airflow/.local/lib/python3.12/site-packages/airflow/example_dags/example_skip_dag.py
[2024-10-13T09:15:40.849+0000] {processor.py:925} INFO - DAG(s) 'example_skip_dag' retrieved from /home/airflow/.local/lib/python3.12/site-packages/airflow/example_dags/example_skip_dag.py
[2024-10-13T09:15:40.875+0000] {logging_mixin.py:190} INFO - [2024-10-13T09:15:40.875+0000] {dag.py:3239} INFO - Sync 1 DAGs
[2024-10-13T09:15:40.904+0000] {logging_mixin.py:190} INFO - [2024-10-13T09:15:40.904+0000] {dag.py:4180} INFO - Setting next_dagrun for example_skip_dag to 2024-10-12 00:00:00+00:00, run_after=2024-10-13 00:00:00+00:00
[2024-10-13T09:15:40.932+0000] {processor.py:208} INFO - Processing /home/airflow/.local/lib/python3.12/site-packages/airflow/example_dags/example_skip_dag.py took 0.100 seconds
[2024-10-13T09:16:11.269+0000] {processor.py:186} INFO - Started process (PID=1758) to work on /home/airflow/.local/lib/python3.12/site-packages/airflow/example_dags/example_skip_dag.py
[2024-10-13T09:16:11.272+0000] {processor.py:914} INFO - Processing file /home/airflow/.local/lib/python3.12/site-packages/airflow/example_dags/example_skip_dag.py for tasks to queue
[2024-10-13T09:16:11.278+0000] {logging_mixin.py:190} INFO - [2024-10-13T09:16:11.277+0000] {dagbag.py:588} INFO - Filling up the DagBag from /home/airflow/.local/lib/python3.12/site-packages/airflow/example_dags/example_skip_dag.py
[2024-10-13T09:16:11.296+0000] {processor.py:925} INFO - DAG(s) 'example_skip_dag' retrieved from /home/airflow/.local/lib/python3.12/site-packages/airflow/example_dags/example_skip_dag.py
[2024-10-13T09:16:11.351+0000] {logging_mixin.py:190} INFO - [2024-10-13T09:16:11.350+0000] {dag.py:3239} INFO - Sync 1 DAGs
[2024-10-13T09:16:11.412+0000] {logging_mixin.py:190} INFO - [2024-10-13T09:16:11.411+0000] {dag.py:4180} INFO - Setting next_dagrun for example_skip_dag to 2024-10-12 00:00:00+00:00, run_after=2024-10-13 00:00:00+00:00
[2024-10-13T09:16:11.478+0000] {processor.py:208} INFO - Processing /home/airflow/.local/lib/python3.12/site-packages/airflow/example_dags/example_skip_dag.py took 0.223 seconds
[2024-10-13T09:16:41.824+0000] {processor.py:186} INFO - Started process (PID=1818) to work on /home/airflow/.local/lib/python3.12/site-packages/airflow/example_dags/example_skip_dag.py
[2024-10-13T09:16:41.827+0000] {processor.py:914} INFO - Processing file /home/airflow/.local/lib/python3.12/site-packages/airflow/example_dags/example_skip_dag.py for tasks to queue
[2024-10-13T09:16:41.833+0000] {logging_mixin.py:190} INFO - [2024-10-13T09:16:41.832+0000] {dagbag.py:588} INFO - Filling up the DagBag from /home/airflow/.local/lib/python3.12/site-packages/airflow/example_dags/example_skip_dag.py
[2024-10-13T09:16:41.864+0000] {processor.py:925} INFO - DAG(s) 'example_skip_dag' retrieved from /home/airflow/.local/lib/python3.12/site-packages/airflow/example_dags/example_skip_dag.py
[2024-10-13T09:16:41.943+0000] {logging_mixin.py:190} INFO - [2024-10-13T09:16:41.941+0000] {dag.py:3239} INFO - Sync 1 DAGs
[2024-10-13T09:16:42.012+0000] {logging_mixin.py:190} INFO - [2024-10-13T09:16:42.011+0000] {dag.py:4180} INFO - Setting next_dagrun for example_skip_dag to 2024-10-12 00:00:00+00:00, run_after=2024-10-13 00:00:00+00:00
[2024-10-13T09:16:42.062+0000] {processor.py:208} INFO - Processing /home/airflow/.local/lib/python3.12/site-packages/airflow/example_dags/example_skip_dag.py took 0.409 seconds
[2024-10-13T09:17:12.556+0000] {processor.py:186} INFO - Started process (PID=1879) to work on /home/airflow/.local/lib/python3.12/site-packages/airflow/example_dags/example_skip_dag.py
[2024-10-13T09:17:12.559+0000] {processor.py:914} INFO - Processing file /home/airflow/.local/lib/python3.12/site-packages/airflow/example_dags/example_skip_dag.py for tasks to queue
[2024-10-13T09:17:12.562+0000] {logging_mixin.py:190} INFO - [2024-10-13T09:17:12.562+0000] {dagbag.py:588} INFO - Filling up the DagBag from /home/airflow/.local/lib/python3.12/site-packages/airflow/example_dags/example_skip_dag.py
[2024-10-13T09:17:12.570+0000] {processor.py:925} INFO - DAG(s) 'example_skip_dag' retrieved from /home/airflow/.local/lib/python3.12/site-packages/airflow/example_dags/example_skip_dag.py
[2024-10-13T09:17:12.593+0000] {logging_mixin.py:190} INFO - [2024-10-13T09:17:12.593+0000] {dag.py:3239} INFO - Sync 1 DAGs
[2024-10-13T09:17:12.616+0000] {logging_mixin.py:190} INFO - [2024-10-13T09:17:12.616+0000] {dag.py:4180} INFO - Setting next_dagrun for example_skip_dag to 2024-10-12 00:00:00+00:00, run_after=2024-10-13 00:00:00+00:00
[2024-10-13T09:17:12.641+0000] {processor.py:208} INFO - Processing /home/airflow/.local/lib/python3.12/site-packages/airflow/example_dags/example_skip_dag.py took 0.091 seconds
[2024-10-13T09:17:43.542+0000] {processor.py:186} INFO - Started process (PID=1942) to work on /home/airflow/.local/lib/python3.12/site-packages/airflow/example_dags/example_skip_dag.py
[2024-10-13T09:17:43.544+0000] {processor.py:914} INFO - Processing file /home/airflow/.local/lib/python3.12/site-packages/airflow/example_dags/example_skip_dag.py for tasks to queue
[2024-10-13T09:17:43.547+0000] {logging_mixin.py:190} INFO - [2024-10-13T09:17:43.547+0000] {dagbag.py:588} INFO - Filling up the DagBag from /home/airflow/.local/lib/python3.12/site-packages/airflow/example_dags/example_skip_dag.py
[2024-10-13T09:17:43.556+0000] {processor.py:925} INFO - DAG(s) 'example_skip_dag' retrieved from /home/airflow/.local/lib/python3.12/site-packages/airflow/example_dags/example_skip_dag.py
[2024-10-13T09:17:43.577+0000] {logging_mixin.py:190} INFO - [2024-10-13T09:17:43.577+0000] {dag.py:3239} INFO - Sync 1 DAGs
[2024-10-13T09:17:43.600+0000] {logging_mixin.py:190} INFO - [2024-10-13T09:17:43.600+0000] {dag.py:4180} INFO - Setting next_dagrun for example_skip_dag to 2024-10-12 00:00:00+00:00, run_after=2024-10-13 00:00:00+00:00
[2024-10-13T09:17:43.622+0000] {processor.py:208} INFO - Processing /home/airflow/.local/lib/python3.12/site-packages/airflow/example_dags/example_skip_dag.py took 0.086 seconds
[2024-10-13T09:18:14.264+0000] {processor.py:186} INFO - Started process (PID=2005) to work on /home/airflow/.local/lib/python3.12/site-packages/airflow/example_dags/example_skip_dag.py
[2024-10-13T09:18:14.266+0000] {processor.py:914} INFO - Processing file /home/airflow/.local/lib/python3.12/site-packages/airflow/example_dags/example_skip_dag.py for tasks to queue
[2024-10-13T09:18:14.269+0000] {logging_mixin.py:190} INFO - [2024-10-13T09:18:14.269+0000] {dagbag.py:588} INFO - Filling up the DagBag from /home/airflow/.local/lib/python3.12/site-packages/airflow/example_dags/example_skip_dag.py
[2024-10-13T09:18:14.276+0000] {processor.py:925} INFO - DAG(s) 'example_skip_dag' retrieved from /home/airflow/.local/lib/python3.12/site-packages/airflow/example_dags/example_skip_dag.py
[2024-10-13T09:18:14.304+0000] {logging_mixin.py:190} INFO - [2024-10-13T09:18:14.303+0000] {dag.py:3239} INFO - Sync 1 DAGs
[2024-10-13T09:18:14.330+0000] {logging_mixin.py:190} INFO - [2024-10-13T09:18:14.330+0000] {dag.py:4180} INFO - Setting next_dagrun for example_skip_dag to 2024-10-12 00:00:00+00:00, run_after=2024-10-13 00:00:00+00:00
[2024-10-13T09:18:14.352+0000] {processor.py:208} INFO - Processing /home/airflow/.local/lib/python3.12/site-packages/airflow/example_dags/example_skip_dag.py took 0.092 seconds
[2024-10-13T09:18:44.584+0000] {processor.py:186} INFO - Started process (PID=2068) to work on /home/airflow/.local/lib/python3.12/site-packages/airflow/example_dags/example_skip_dag.py
[2024-10-13T09:18:44.585+0000] {processor.py:914} INFO - Processing file /home/airflow/.local/lib/python3.12/site-packages/airflow/example_dags/example_skip_dag.py for tasks to queue
[2024-10-13T09:18:44.588+0000] {logging_mixin.py:190} INFO - [2024-10-13T09:18:44.587+0000] {dagbag.py:588} INFO - Filling up the DagBag from /home/airflow/.local/lib/python3.12/site-packages/airflow/example_dags/example_skip_dag.py
[2024-10-13T09:18:44.595+0000] {processor.py:925} INFO - DAG(s) 'example_skip_dag' retrieved from /home/airflow/.local/lib/python3.12/site-packages/airflow/example_dags/example_skip_dag.py
[2024-10-13T09:18:44.624+0000] {logging_mixin.py:190} INFO - [2024-10-13T09:18:44.623+0000] {dag.py:3239} INFO - Sync 1 DAGs
[2024-10-13T09:18:44.650+0000] {logging_mixin.py:190} INFO - [2024-10-13T09:18:44.650+0000] {dag.py:4180} INFO - Setting next_dagrun for example_skip_dag to 2024-10-12 00:00:00+00:00, run_after=2024-10-13 00:00:00+00:00
[2024-10-13T09:18:44.678+0000] {processor.py:208} INFO - Processing /home/airflow/.local/lib/python3.12/site-packages/airflow/example_dags/example_skip_dag.py took 0.098 seconds
[2024-10-13T09:19:15.322+0000] {processor.py:186} INFO - Started process (PID=2131) to work on /home/airflow/.local/lib/python3.12/site-packages/airflow/example_dags/example_skip_dag.py
[2024-10-13T09:19:15.323+0000] {processor.py:914} INFO - Processing file /home/airflow/.local/lib/python3.12/site-packages/airflow/example_dags/example_skip_dag.py for tasks to queue
[2024-10-13T09:19:15.329+0000] {logging_mixin.py:190} INFO - [2024-10-13T09:19:15.329+0000] {dagbag.py:588} INFO - Filling up the DagBag from /home/airflow/.local/lib/python3.12/site-packages/airflow/example_dags/example_skip_dag.py
[2024-10-13T09:19:15.348+0000] {processor.py:925} INFO - DAG(s) 'example_skip_dag' retrieved from /home/airflow/.local/lib/python3.12/site-packages/airflow/example_dags/example_skip_dag.py
[2024-10-13T09:19:15.372+0000] {logging_mixin.py:190} INFO - [2024-10-13T09:19:15.372+0000] {dag.py:3239} INFO - Sync 1 DAGs
[2024-10-13T09:19:15.401+0000] {logging_mixin.py:190} INFO - [2024-10-13T09:19:15.400+0000] {dag.py:4180} INFO - Setting next_dagrun for example_skip_dag to 2024-10-12 00:00:00+00:00, run_after=2024-10-13 00:00:00+00:00
[2024-10-13T09:19:15.426+0000] {processor.py:208} INFO - Processing /home/airflow/.local/lib/python3.12/site-packages/airflow/example_dags/example_skip_dag.py took 0.109 seconds
[2024-10-13T09:19:45.729+0000] {processor.py:186} INFO - Started process (PID=2194) to work on /home/airflow/.local/lib/python3.12/site-packages/airflow/example_dags/example_skip_dag.py
[2024-10-13T09:19:45.734+0000] {processor.py:914} INFO - Processing file /home/airflow/.local/lib/python3.12/site-packages/airflow/example_dags/example_skip_dag.py for tasks to queue
[2024-10-13T09:19:45.739+0000] {logging_mixin.py:190} INFO - [2024-10-13T09:19:45.739+0000] {dagbag.py:588} INFO - Filling up the DagBag from /home/airflow/.local/lib/python3.12/site-packages/airflow/example_dags/example_skip_dag.py
[2024-10-13T09:19:45.755+0000] {processor.py:925} INFO - DAG(s) 'example_skip_dag' retrieved from /home/airflow/.local/lib/python3.12/site-packages/airflow/example_dags/example_skip_dag.py
[2024-10-13T09:19:45.790+0000] {logging_mixin.py:190} INFO - [2024-10-13T09:19:45.789+0000] {dag.py:3239} INFO - Sync 1 DAGs
[2024-10-13T09:19:45.831+0000] {logging_mixin.py:190} INFO - [2024-10-13T09:19:45.830+0000] {dag.py:4180} INFO - Setting next_dagrun for example_skip_dag to 2024-10-12 00:00:00+00:00, run_after=2024-10-13 00:00:00+00:00
[2024-10-13T09:19:45.876+0000] {processor.py:208} INFO - Processing /home/airflow/.local/lib/python3.12/site-packages/airflow/example_dags/example_skip_dag.py took 0.158 seconds
[2024-10-13T09:20:16.819+0000] {processor.py:186} INFO - Started process (PID=2257) to work on /home/airflow/.local/lib/python3.12/site-packages/airflow/example_dags/example_skip_dag.py
[2024-10-13T09:20:16.822+0000] {processor.py:914} INFO - Processing file /home/airflow/.local/lib/python3.12/site-packages/airflow/example_dags/example_skip_dag.py for tasks to queue
[2024-10-13T09:20:16.827+0000] {logging_mixin.py:190} INFO - [2024-10-13T09:20:16.827+0000] {dagbag.py:588} INFO - Filling up the DagBag from /home/airflow/.local/lib/python3.12/site-packages/airflow/example_dags/example_skip_dag.py
[2024-10-13T09:20:16.844+0000] {processor.py:925} INFO - DAG(s) 'example_skip_dag' retrieved from /home/airflow/.local/lib/python3.12/site-packages/airflow/example_dags/example_skip_dag.py
[2024-10-13T09:20:16.879+0000] {logging_mixin.py:190} INFO - [2024-10-13T09:20:16.879+0000] {dag.py:3239} INFO - Sync 1 DAGs
[2024-10-13T09:20:16.924+0000] {logging_mixin.py:190} INFO - [2024-10-13T09:20:16.924+0000] {dag.py:4180} INFO - Setting next_dagrun for example_skip_dag to 2024-10-12 00:00:00+00:00, run_after=2024-10-13 00:00:00+00:00
[2024-10-13T09:20:16.967+0000] {processor.py:208} INFO - Processing /home/airflow/.local/lib/python3.12/site-packages/airflow/example_dags/example_skip_dag.py took 0.157 seconds
[2024-10-13T09:20:47.569+0000] {processor.py:186} INFO - Started process (PID=2326) to work on /home/airflow/.local/lib/python3.12/site-packages/airflow/example_dags/example_skip_dag.py
[2024-10-13T09:20:47.571+0000] {processor.py:914} INFO - Processing file /home/airflow/.local/lib/python3.12/site-packages/airflow/example_dags/example_skip_dag.py for tasks to queue
[2024-10-13T09:20:47.576+0000] {logging_mixin.py:190} INFO - [2024-10-13T09:20:47.575+0000] {dagbag.py:588} INFO - Filling up the DagBag from /home/airflow/.local/lib/python3.12/site-packages/airflow/example_dags/example_skip_dag.py
[2024-10-13T09:20:47.592+0000] {processor.py:925} INFO - DAG(s) 'example_skip_dag' retrieved from /home/airflow/.local/lib/python3.12/site-packages/airflow/example_dags/example_skip_dag.py
[2024-10-13T09:20:47.648+0000] {logging_mixin.py:190} INFO - [2024-10-13T09:20:47.648+0000] {dag.py:3239} INFO - Sync 1 DAGs
[2024-10-13T09:20:47.703+0000] {logging_mixin.py:190} INFO - [2024-10-13T09:20:47.703+0000] {dag.py:4180} INFO - Setting next_dagrun for example_skip_dag to 2024-10-12 00:00:00+00:00, run_after=2024-10-13 00:00:00+00:00
[2024-10-13T09:20:47.753+0000] {processor.py:208} INFO - Processing /home/airflow/.local/lib/python3.12/site-packages/airflow/example_dags/example_skip_dag.py took 0.192 seconds
[2024-10-13T09:21:17.817+0000] {processor.py:186} INFO - Started process (PID=2390) to work on /home/airflow/.local/lib/python3.12/site-packages/airflow/example_dags/example_skip_dag.py
[2024-10-13T09:21:17.818+0000] {processor.py:914} INFO - Processing file /home/airflow/.local/lib/python3.12/site-packages/airflow/example_dags/example_skip_dag.py for tasks to queue
[2024-10-13T09:21:17.821+0000] {logging_mixin.py:190} INFO - [2024-10-13T09:21:17.821+0000] {dagbag.py:588} INFO - Filling up the DagBag from /home/airflow/.local/lib/python3.12/site-packages/airflow/example_dags/example_skip_dag.py
[2024-10-13T09:21:17.831+0000] {processor.py:925} INFO - DAG(s) 'example_skip_dag' retrieved from /home/airflow/.local/lib/python3.12/site-packages/airflow/example_dags/example_skip_dag.py
[2024-10-13T09:21:17.864+0000] {logging_mixin.py:190} INFO - [2024-10-13T09:21:17.863+0000] {dag.py:3239} INFO - Sync 1 DAGs
[2024-10-13T09:21:17.905+0000] {logging_mixin.py:190} INFO - [2024-10-13T09:21:17.905+0000] {dag.py:4180} INFO - Setting next_dagrun for example_skip_dag to 2024-10-12 00:00:00+00:00, run_after=2024-10-13 00:00:00+00:00
[2024-10-13T09:21:17.940+0000] {processor.py:208} INFO - Processing /home/airflow/.local/lib/python3.12/site-packages/airflow/example_dags/example_skip_dag.py took 0.131 seconds
[2024-10-13T09:21:48.257+0000] {processor.py:186} INFO - Started process (PID=2453) to work on /home/airflow/.local/lib/python3.12/site-packages/airflow/example_dags/example_skip_dag.py
[2024-10-13T09:21:48.259+0000] {processor.py:914} INFO - Processing file /home/airflow/.local/lib/python3.12/site-packages/airflow/example_dags/example_skip_dag.py for tasks to queue
[2024-10-13T09:21:48.264+0000] {logging_mixin.py:190} INFO - [2024-10-13T09:21:48.263+0000] {dagbag.py:588} INFO - Filling up the DagBag from /home/airflow/.local/lib/python3.12/site-packages/airflow/example_dags/example_skip_dag.py
[2024-10-13T09:21:48.290+0000] {processor.py:925} INFO - DAG(s) 'example_skip_dag' retrieved from /home/airflow/.local/lib/python3.12/site-packages/airflow/example_dags/example_skip_dag.py
[2024-10-13T09:21:48.338+0000] {logging_mixin.py:190} INFO - [2024-10-13T09:21:48.338+0000] {dag.py:3239} INFO - Sync 1 DAGs
[2024-10-13T09:21:48.386+0000] {logging_mixin.py:190} INFO - [2024-10-13T09:21:48.386+0000] {dag.py:4180} INFO - Setting next_dagrun for example_skip_dag to 2024-10-12 00:00:00+00:00, run_after=2024-10-13 00:00:00+00:00
[2024-10-13T09:21:48.419+0000] {processor.py:208} INFO - Processing /home/airflow/.local/lib/python3.12/site-packages/airflow/example_dags/example_skip_dag.py took 0.176 seconds
[2024-10-13T09:22:18.928+0000] {processor.py:186} INFO - Started process (PID=2516) to work on /home/airflow/.local/lib/python3.12/site-packages/airflow/example_dags/example_skip_dag.py
[2024-10-13T09:22:18.940+0000] {processor.py:914} INFO - Processing file /home/airflow/.local/lib/python3.12/site-packages/airflow/example_dags/example_skip_dag.py for tasks to queue
[2024-10-13T09:22:18.944+0000] {logging_mixin.py:190} INFO - [2024-10-13T09:22:18.944+0000] {dagbag.py:588} INFO - Filling up the DagBag from /home/airflow/.local/lib/python3.12/site-packages/airflow/example_dags/example_skip_dag.py
[2024-10-13T09:22:18.954+0000] {processor.py:925} INFO - DAG(s) 'example_skip_dag' retrieved from /home/airflow/.local/lib/python3.12/site-packages/airflow/example_dags/example_skip_dag.py
[2024-10-13T09:22:18.983+0000] {logging_mixin.py:190} INFO - [2024-10-13T09:22:18.983+0000] {dag.py:3239} INFO - Sync 1 DAGs
[2024-10-13T09:22:19.010+0000] {logging_mixin.py:190} INFO - [2024-10-13T09:22:19.010+0000] {dag.py:4180} INFO - Setting next_dagrun for example_skip_dag to 2024-10-12 00:00:00+00:00, run_after=2024-10-13 00:00:00+00:00
[2024-10-13T09:22:19.037+0000] {processor.py:208} INFO - Processing /home/airflow/.local/lib/python3.12/site-packages/airflow/example_dags/example_skip_dag.py took 0.117 seconds
[2024-10-13T09:22:49.623+0000] {processor.py:186} INFO - Started process (PID=2579) to work on /home/airflow/.local/lib/python3.12/site-packages/airflow/example_dags/example_skip_dag.py
[2024-10-13T09:22:49.624+0000] {processor.py:914} INFO - Processing file /home/airflow/.local/lib/python3.12/site-packages/airflow/example_dags/example_skip_dag.py for tasks to queue
[2024-10-13T09:22:49.627+0000] {logging_mixin.py:190} INFO - [2024-10-13T09:22:49.626+0000] {dagbag.py:588} INFO - Filling up the DagBag from /home/airflow/.local/lib/python3.12/site-packages/airflow/example_dags/example_skip_dag.py
[2024-10-13T09:22:49.635+0000] {processor.py:925} INFO - DAG(s) 'example_skip_dag' retrieved from /home/airflow/.local/lib/python3.12/site-packages/airflow/example_dags/example_skip_dag.py
[2024-10-13T09:22:49.655+0000] {logging_mixin.py:190} INFO - [2024-10-13T09:22:49.655+0000] {dag.py:3239} INFO - Sync 1 DAGs
[2024-10-13T09:22:49.680+0000] {logging_mixin.py:190} INFO - [2024-10-13T09:22:49.679+0000] {dag.py:4180} INFO - Setting next_dagrun for example_skip_dag to 2024-10-12 00:00:00+00:00, run_after=2024-10-13 00:00:00+00:00
[2024-10-13T09:22:49.708+0000] {processor.py:208} INFO - Processing /home/airflow/.local/lib/python3.12/site-packages/airflow/example_dags/example_skip_dag.py took 0.090 seconds
[2024-10-13T09:23:20.153+0000] {processor.py:186} INFO - Started process (PID=2642) to work on /home/airflow/.local/lib/python3.12/site-packages/airflow/example_dags/example_skip_dag.py
[2024-10-13T09:23:20.155+0000] {processor.py:914} INFO - Processing file /home/airflow/.local/lib/python3.12/site-packages/airflow/example_dags/example_skip_dag.py for tasks to queue
[2024-10-13T09:23:20.159+0000] {logging_mixin.py:190} INFO - [2024-10-13T09:23:20.158+0000] {dagbag.py:588} INFO - Filling up the DagBag from /home/airflow/.local/lib/python3.12/site-packages/airflow/example_dags/example_skip_dag.py
[2024-10-13T09:23:20.170+0000] {processor.py:925} INFO - DAG(s) 'example_skip_dag' retrieved from /home/airflow/.local/lib/python3.12/site-packages/airflow/example_dags/example_skip_dag.py
[2024-10-13T09:23:20.204+0000] {logging_mixin.py:190} INFO - [2024-10-13T09:23:20.203+0000] {dag.py:3239} INFO - Sync 1 DAGs
[2024-10-13T09:23:20.246+0000] {logging_mixin.py:190} INFO - [2024-10-13T09:23:20.246+0000] {dag.py:4180} INFO - Setting next_dagrun for example_skip_dag to 2024-10-12 00:00:00+00:00, run_after=2024-10-13 00:00:00+00:00
[2024-10-13T09:23:20.282+0000] {processor.py:208} INFO - Processing /home/airflow/.local/lib/python3.12/site-packages/airflow/example_dags/example_skip_dag.py took 0.142 seconds
[2024-10-13T09:23:50.350+0000] {processor.py:186} INFO - Started process (PID=2706) to work on /home/airflow/.local/lib/python3.12/site-packages/airflow/example_dags/example_skip_dag.py
[2024-10-13T09:23:50.351+0000] {processor.py:914} INFO - Processing file /home/airflow/.local/lib/python3.12/site-packages/airflow/example_dags/example_skip_dag.py for tasks to queue
[2024-10-13T09:23:50.354+0000] {logging_mixin.py:190} INFO - [2024-10-13T09:23:50.354+0000] {dagbag.py:588} INFO - Filling up the DagBag from /home/airflow/.local/lib/python3.12/site-packages/airflow/example_dags/example_skip_dag.py
[2024-10-13T09:23:50.365+0000] {processor.py:925} INFO - DAG(s) 'example_skip_dag' retrieved from /home/airflow/.local/lib/python3.12/site-packages/airflow/example_dags/example_skip_dag.py
[2024-10-13T09:23:50.392+0000] {logging_mixin.py:190} INFO - [2024-10-13T09:23:50.391+0000] {dag.py:3239} INFO - Sync 1 DAGs
[2024-10-13T09:23:50.420+0000] {logging_mixin.py:190} INFO - [2024-10-13T09:23:50.420+0000] {dag.py:4180} INFO - Setting next_dagrun for example_skip_dag to 2024-10-12 00:00:00+00:00, run_after=2024-10-13 00:00:00+00:00
[2024-10-13T09:23:50.446+0000] {processor.py:208} INFO - Processing /home/airflow/.local/lib/python3.12/site-packages/airflow/example_dags/example_skip_dag.py took 0.105 seconds
[2024-10-13T09:24:21.547+0000] {processor.py:186} INFO - Started process (PID=2768) to work on /home/airflow/.local/lib/python3.12/site-packages/airflow/example_dags/example_skip_dag.py
[2024-10-13T09:24:21.551+0000] {processor.py:914} INFO - Processing file /home/airflow/.local/lib/python3.12/site-packages/airflow/example_dags/example_skip_dag.py for tasks to queue
[2024-10-13T09:24:21.578+0000] {logging_mixin.py:190} INFO - [2024-10-13T09:24:21.577+0000] {dagbag.py:588} INFO - Filling up the DagBag from /home/airflow/.local/lib/python3.12/site-packages/airflow/example_dags/example_skip_dag.py
[2024-10-13T09:24:21.655+0000] {processor.py:925} INFO - DAG(s) 'example_skip_dag' retrieved from /home/airflow/.local/lib/python3.12/site-packages/airflow/example_dags/example_skip_dag.py
[2024-10-13T09:24:21.816+0000] {logging_mixin.py:190} INFO - [2024-10-13T09:24:21.816+0000] {dag.py:3239} INFO - Sync 1 DAGs
[2024-10-13T09:24:21.912+0000] {logging_mixin.py:190} INFO - [2024-10-13T09:24:21.911+0000] {dag.py:4180} INFO - Setting next_dagrun for example_skip_dag to 2024-10-12 00:00:00+00:00, run_after=2024-10-13 00:00:00+00:00
[2024-10-13T09:24:22.039+0000] {processor.py:208} INFO - Processing /home/airflow/.local/lib/python3.12/site-packages/airflow/example_dags/example_skip_dag.py took 0.519 seconds
[2024-10-13T09:24:52.341+0000] {processor.py:186} INFO - Started process (PID=2832) to work on /home/airflow/.local/lib/python3.12/site-packages/airflow/example_dags/example_skip_dag.py
[2024-10-13T09:24:52.344+0000] {processor.py:914} INFO - Processing file /home/airflow/.local/lib/python3.12/site-packages/airflow/example_dags/example_skip_dag.py for tasks to queue
[2024-10-13T09:24:52.350+0000] {logging_mixin.py:190} INFO - [2024-10-13T09:24:52.349+0000] {dagbag.py:588} INFO - Filling up the DagBag from /home/airflow/.local/lib/python3.12/site-packages/airflow/example_dags/example_skip_dag.py
[2024-10-13T09:24:52.372+0000] {processor.py:925} INFO - DAG(s) 'example_skip_dag' retrieved from /home/airflow/.local/lib/python3.12/site-packages/airflow/example_dags/example_skip_dag.py
[2024-10-13T09:24:52.422+0000] {logging_mixin.py:190} INFO - [2024-10-13T09:24:52.421+0000] {dag.py:3239} INFO - Sync 1 DAGs
[2024-10-13T09:24:52.474+0000] {logging_mixin.py:190} INFO - [2024-10-13T09:24:52.474+0000] {dag.py:4180} INFO - Setting next_dagrun for example_skip_dag to 2024-10-12 00:00:00+00:00, run_after=2024-10-13 00:00:00+00:00
[2024-10-13T09:24:52.523+0000] {processor.py:208} INFO - Processing /home/airflow/.local/lib/python3.12/site-packages/airflow/example_dags/example_skip_dag.py took 0.194 seconds
[2024-10-13T09:25:22.981+0000] {processor.py:186} INFO - Started process (PID=2895) to work on /home/airflow/.local/lib/python3.12/site-packages/airflow/example_dags/example_skip_dag.py
[2024-10-13T09:25:22.983+0000] {processor.py:914} INFO - Processing file /home/airflow/.local/lib/python3.12/site-packages/airflow/example_dags/example_skip_dag.py for tasks to queue
[2024-10-13T09:25:22.986+0000] {logging_mixin.py:190} INFO - [2024-10-13T09:25:22.985+0000] {dagbag.py:588} INFO - Filling up the DagBag from /home/airflow/.local/lib/python3.12/site-packages/airflow/example_dags/example_skip_dag.py
[2024-10-13T09:25:23.001+0000] {processor.py:925} INFO - DAG(s) 'example_skip_dag' retrieved from /home/airflow/.local/lib/python3.12/site-packages/airflow/example_dags/example_skip_dag.py
[2024-10-13T09:25:23.037+0000] {logging_mixin.py:190} INFO - [2024-10-13T09:25:23.036+0000] {dag.py:3239} INFO - Sync 1 DAGs
[2024-10-13T09:25:23.083+0000] {logging_mixin.py:190} INFO - [2024-10-13T09:25:23.083+0000] {dag.py:4180} INFO - Setting next_dagrun for example_skip_dag to 2024-10-12 00:00:00+00:00, run_after=2024-10-13 00:00:00+00:00
[2024-10-13T09:25:23.123+0000] {processor.py:208} INFO - Processing /home/airflow/.local/lib/python3.12/site-packages/airflow/example_dags/example_skip_dag.py took 0.151 seconds
[2024-10-13T09:25:53.933+0000] {processor.py:186} INFO - Started process (PID=2958) to work on /home/airflow/.local/lib/python3.12/site-packages/airflow/example_dags/example_skip_dag.py
[2024-10-13T09:25:53.936+0000] {processor.py:914} INFO - Processing file /home/airflow/.local/lib/python3.12/site-packages/airflow/example_dags/example_skip_dag.py for tasks to queue
[2024-10-13T09:25:53.943+0000] {logging_mixin.py:190} INFO - [2024-10-13T09:25:53.942+0000] {dagbag.py:588} INFO - Filling up the DagBag from /home/airflow/.local/lib/python3.12/site-packages/airflow/example_dags/example_skip_dag.py
[2024-10-13T09:25:53.957+0000] {processor.py:925} INFO - DAG(s) 'example_skip_dag' retrieved from /home/airflow/.local/lib/python3.12/site-packages/airflow/example_dags/example_skip_dag.py
[2024-10-13T09:25:54.003+0000] {logging_mixin.py:190} INFO - [2024-10-13T09:25:54.003+0000] {dag.py:3239} INFO - Sync 1 DAGs
[2024-10-13T09:25:54.052+0000] {logging_mixin.py:190} INFO - [2024-10-13T09:25:54.052+0000] {dag.py:4180} INFO - Setting next_dagrun for example_skip_dag to 2024-10-12 00:00:00+00:00, run_after=2024-10-13 00:00:00+00:00
[2024-10-13T09:25:54.130+0000] {processor.py:208} INFO - Processing /home/airflow/.local/lib/python3.12/site-packages/airflow/example_dags/example_skip_dag.py took 0.207 seconds
[2024-10-13T09:26:24.784+0000] {processor.py:186} INFO - Started process (PID=3020) to work on /home/airflow/.local/lib/python3.12/site-packages/airflow/example_dags/example_skip_dag.py
[2024-10-13T09:26:24.806+0000] {processor.py:914} INFO - Processing file /home/airflow/.local/lib/python3.12/site-packages/airflow/example_dags/example_skip_dag.py for tasks to queue
[2024-10-13T09:26:24.833+0000] {logging_mixin.py:190} INFO - [2024-10-13T09:26:24.832+0000] {dagbag.py:588} INFO - Filling up the DagBag from /home/airflow/.local/lib/python3.12/site-packages/airflow/example_dags/example_skip_dag.py
[2024-10-13T09:26:24.875+0000] {processor.py:925} INFO - DAG(s) 'example_skip_dag' retrieved from /home/airflow/.local/lib/python3.12/site-packages/airflow/example_dags/example_skip_dag.py
[2024-10-13T09:26:24.961+0000] {logging_mixin.py:190} INFO - [2024-10-13T09:26:24.961+0000] {dag.py:3239} INFO - Sync 1 DAGs
[2024-10-13T09:26:25.056+0000] {logging_mixin.py:190} INFO - [2024-10-13T09:26:25.055+0000] {dag.py:4180} INFO - Setting next_dagrun for example_skip_dag to 2024-10-12 00:00:00+00:00, run_after=2024-10-13 00:00:00+00:00
[2024-10-13T09:26:25.161+0000] {processor.py:208} INFO - Processing /home/airflow/.local/lib/python3.12/site-packages/airflow/example_dags/example_skip_dag.py took 0.399 seconds
[2024-10-13T09:26:55.421+0000] {processor.py:186} INFO - Started process (PID=3082) to work on /home/airflow/.local/lib/python3.12/site-packages/airflow/example_dags/example_skip_dag.py
[2024-10-13T09:26:55.437+0000] {processor.py:914} INFO - Processing file /home/airflow/.local/lib/python3.12/site-packages/airflow/example_dags/example_skip_dag.py for tasks to queue
[2024-10-13T09:26:55.451+0000] {logging_mixin.py:190} INFO - [2024-10-13T09:26:55.450+0000] {dagbag.py:588} INFO - Filling up the DagBag from /home/airflow/.local/lib/python3.12/site-packages/airflow/example_dags/example_skip_dag.py
[2024-10-13T09:26:55.495+0000] {processor.py:925} INFO - DAG(s) 'example_skip_dag' retrieved from /home/airflow/.local/lib/python3.12/site-packages/airflow/example_dags/example_skip_dag.py
[2024-10-13T09:26:55.608+0000] {logging_mixin.py:190} INFO - [2024-10-13T09:26:55.607+0000] {dag.py:3239} INFO - Sync 1 DAGs
[2024-10-13T09:26:55.658+0000] {logging_mixin.py:190} INFO - [2024-10-13T09:26:55.658+0000] {dag.py:4180} INFO - Setting next_dagrun for example_skip_dag to 2024-10-12 00:00:00+00:00, run_after=2024-10-13 00:00:00+00:00
[2024-10-13T09:26:55.750+0000] {processor.py:208} INFO - Processing /home/airflow/.local/lib/python3.12/site-packages/airflow/example_dags/example_skip_dag.py took 0.338 seconds
[2024-10-13T09:27:27.307+0000] {processor.py:186} INFO - Started process (PID=3146) to work on /home/airflow/.local/lib/python3.12/site-packages/airflow/example_dags/example_skip_dag.py
[2024-10-13T09:27:27.344+0000] {processor.py:914} INFO - Processing file /home/airflow/.local/lib/python3.12/site-packages/airflow/example_dags/example_skip_dag.py for tasks to queue
[2024-10-13T09:27:27.395+0000] {logging_mixin.py:190} INFO - [2024-10-13T09:27:27.394+0000] {dagbag.py:588} INFO - Filling up the DagBag from /home/airflow/.local/lib/python3.12/site-packages/airflow/example_dags/example_skip_dag.py
[2024-10-13T09:27:27.427+0000] {processor.py:925} INFO - DAG(s) 'example_skip_dag' retrieved from /home/airflow/.local/lib/python3.12/site-packages/airflow/example_dags/example_skip_dag.py
[2024-10-13T09:27:27.504+0000] {logging_mixin.py:190} INFO - [2024-10-13T09:27:27.503+0000] {dag.py:3239} INFO - Sync 1 DAGs
[2024-10-13T09:27:27.553+0000] {logging_mixin.py:190} INFO - [2024-10-13T09:27:27.552+0000] {dag.py:4180} INFO - Setting next_dagrun for example_skip_dag to 2024-10-12 00:00:00+00:00, run_after=2024-10-13 00:00:00+00:00
[2024-10-13T09:27:27.605+0000] {processor.py:208} INFO - Processing /home/airflow/.local/lib/python3.12/site-packages/airflow/example_dags/example_skip_dag.py took 0.308 seconds
[2024-10-13T09:27:58.345+0000] {processor.py:186} INFO - Started process (PID=3207) to work on /home/airflow/.local/lib/python3.12/site-packages/airflow/example_dags/example_skip_dag.py
[2024-10-13T09:27:58.347+0000] {processor.py:914} INFO - Processing file /home/airflow/.local/lib/python3.12/site-packages/airflow/example_dags/example_skip_dag.py for tasks to queue
[2024-10-13T09:27:58.353+0000] {logging_mixin.py:190} INFO - [2024-10-13T09:27:58.352+0000] {dagbag.py:588} INFO - Filling up the DagBag from /home/airflow/.local/lib/python3.12/site-packages/airflow/example_dags/example_skip_dag.py
[2024-10-13T09:27:58.368+0000] {processor.py:925} INFO - DAG(s) 'example_skip_dag' retrieved from /home/airflow/.local/lib/python3.12/site-packages/airflow/example_dags/example_skip_dag.py
[2024-10-13T09:27:58.405+0000] {logging_mixin.py:190} INFO - [2024-10-13T09:27:58.405+0000] {dag.py:3239} INFO - Sync 1 DAGs
[2024-10-13T09:27:58.451+0000] {logging_mixin.py:190} INFO - [2024-10-13T09:27:58.450+0000] {dag.py:4180} INFO - Setting next_dagrun for example_skip_dag to 2024-10-12 00:00:00+00:00, run_after=2024-10-13 00:00:00+00:00
[2024-10-13T09:27:58.509+0000] {processor.py:208} INFO - Processing /home/airflow/.local/lib/python3.12/site-packages/airflow/example_dags/example_skip_dag.py took 0.172 seconds
[2024-10-13T09:28:28.867+0000] {processor.py:186} INFO - Started process (PID=3266) to work on /home/airflow/.local/lib/python3.12/site-packages/airflow/example_dags/example_skip_dag.py
[2024-10-13T09:28:28.871+0000] {processor.py:914} INFO - Processing file /home/airflow/.local/lib/python3.12/site-packages/airflow/example_dags/example_skip_dag.py for tasks to queue
[2024-10-13T09:28:28.877+0000] {logging_mixin.py:190} INFO - [2024-10-13T09:28:28.876+0000] {dagbag.py:588} INFO - Filling up the DagBag from /home/airflow/.local/lib/python3.12/site-packages/airflow/example_dags/example_skip_dag.py
[2024-10-13T09:28:28.895+0000] {processor.py:925} INFO - DAG(s) 'example_skip_dag' retrieved from /home/airflow/.local/lib/python3.12/site-packages/airflow/example_dags/example_skip_dag.py
[2024-10-13T09:28:28.942+0000] {logging_mixin.py:190} INFO - [2024-10-13T09:28:28.941+0000] {dag.py:3239} INFO - Sync 1 DAGs
[2024-10-13T09:28:28.999+0000] {logging_mixin.py:190} INFO - [2024-10-13T09:28:28.998+0000] {dag.py:4180} INFO - Setting next_dagrun for example_skip_dag to 2024-10-12 00:00:00+00:00, run_after=2024-10-13 00:00:00+00:00
[2024-10-13T09:28:29.041+0000] {processor.py:208} INFO - Processing /home/airflow/.local/lib/python3.12/site-packages/airflow/example_dags/example_skip_dag.py took 0.188 seconds
[2024-10-13T09:28:59.153+0000] {processor.py:186} INFO - Started process (PID=3329) to work on /home/airflow/.local/lib/python3.12/site-packages/airflow/example_dags/example_skip_dag.py
[2024-10-13T09:28:59.156+0000] {processor.py:914} INFO - Processing file /home/airflow/.local/lib/python3.12/site-packages/airflow/example_dags/example_skip_dag.py for tasks to queue
[2024-10-13T09:28:59.169+0000] {logging_mixin.py:190} INFO - [2024-10-13T09:28:59.168+0000] {dagbag.py:588} INFO - Filling up the DagBag from /home/airflow/.local/lib/python3.12/site-packages/airflow/example_dags/example_skip_dag.py
[2024-10-13T09:28:59.183+0000] {processor.py:925} INFO - DAG(s) 'example_skip_dag' retrieved from /home/airflow/.local/lib/python3.12/site-packages/airflow/example_dags/example_skip_dag.py
[2024-10-13T09:28:59.226+0000] {logging_mixin.py:190} INFO - [2024-10-13T09:28:59.225+0000] {dag.py:3239} INFO - Sync 1 DAGs
[2024-10-13T09:28:59.276+0000] {logging_mixin.py:190} INFO - [2024-10-13T09:28:59.275+0000] {dag.py:4180} INFO - Setting next_dagrun for example_skip_dag to 2024-10-12 00:00:00+00:00, run_after=2024-10-13 00:00:00+00:00
[2024-10-13T09:28:59.316+0000] {processor.py:208} INFO - Processing /home/airflow/.local/lib/python3.12/site-packages/airflow/example_dags/example_skip_dag.py took 0.179 seconds
[2024-10-13T09:29:29.979+0000] {processor.py:186} INFO - Started process (PID=3392) to work on /home/airflow/.local/lib/python3.12/site-packages/airflow/example_dags/example_skip_dag.py
[2024-10-13T09:29:29.980+0000] {processor.py:914} INFO - Processing file /home/airflow/.local/lib/python3.12/site-packages/airflow/example_dags/example_skip_dag.py for tasks to queue
[2024-10-13T09:29:29.984+0000] {logging_mixin.py:190} INFO - [2024-10-13T09:29:29.984+0000] {dagbag.py:588} INFO - Filling up the DagBag from /home/airflow/.local/lib/python3.12/site-packages/airflow/example_dags/example_skip_dag.py
[2024-10-13T09:29:29.995+0000] {processor.py:925} INFO - DAG(s) 'example_skip_dag' retrieved from /home/airflow/.local/lib/python3.12/site-packages/airflow/example_dags/example_skip_dag.py
[2024-10-13T09:29:30.019+0000] {logging_mixin.py:190} INFO - [2024-10-13T09:29:30.019+0000] {dag.py:3239} INFO - Sync 1 DAGs
[2024-10-13T09:29:30.044+0000] {logging_mixin.py:190} INFO - [2024-10-13T09:29:30.044+0000] {dag.py:4180} INFO - Setting next_dagrun for example_skip_dag to 2024-10-12 00:00:00+00:00, run_after=2024-10-13 00:00:00+00:00
[2024-10-13T09:29:30.072+0000] {processor.py:208} INFO - Processing /home/airflow/.local/lib/python3.12/site-packages/airflow/example_dags/example_skip_dag.py took 0.100 seconds
[2024-10-13T09:30:00.490+0000] {processor.py:186} INFO - Started process (PID=3455) to work on /home/airflow/.local/lib/python3.12/site-packages/airflow/example_dags/example_skip_dag.py
[2024-10-13T09:30:00.492+0000] {processor.py:914} INFO - Processing file /home/airflow/.local/lib/python3.12/site-packages/airflow/example_dags/example_skip_dag.py for tasks to queue
[2024-10-13T09:30:00.497+0000] {logging_mixin.py:190} INFO - [2024-10-13T09:30:00.496+0000] {dagbag.py:588} INFO - Filling up the DagBag from /home/airflow/.local/lib/python3.12/site-packages/airflow/example_dags/example_skip_dag.py
[2024-10-13T09:30:00.509+0000] {processor.py:925} INFO - DAG(s) 'example_skip_dag' retrieved from /home/airflow/.local/lib/python3.12/site-packages/airflow/example_dags/example_skip_dag.py
[2024-10-13T09:30:00.557+0000] {logging_mixin.py:190} INFO - [2024-10-13T09:30:00.557+0000] {dag.py:3239} INFO - Sync 1 DAGs
[2024-10-13T09:30:00.596+0000] {logging_mixin.py:190} INFO - [2024-10-13T09:30:00.595+0000] {dag.py:4180} INFO - Setting next_dagrun for example_skip_dag to 2024-10-12 00:00:00+00:00, run_after=2024-10-13 00:00:00+00:00
[2024-10-13T09:30:00.618+0000] {processor.py:208} INFO - Processing /home/airflow/.local/lib/python3.12/site-packages/airflow/example_dags/example_skip_dag.py took 0.137 seconds
