[2024-10-13T09:02:38.375+0000] {processor.py:186} INFO - Started process (PID=106) to work on /home/airflow/.local/lib/python3.12/site-packages/airflow/example_dags/example_kubernetes_executor.py
[2024-10-13T09:02:38.380+0000] {processor.py:914} INFO - Processing file /home/airflow/.local/lib/python3.12/site-packages/airflow/example_dags/example_kubernetes_executor.py for tasks to queue
[2024-10-13T09:02:38.386+0000] {logging_mixin.py:190} INFO - [2024-10-13T09:02:38.385+0000] {dagbag.py:588} INFO - Filling up the DagBag from /home/airflow/.local/lib/python3.12/site-packages/airflow/example_dags/example_kubernetes_executor.py
[2024-10-13T09:02:38.454+0000] {processor.py:925} INFO - DAG(s) 'example_kubernetes_executor' retrieved from /home/airflow/.local/lib/python3.12/site-packages/airflow/example_dags/example_kubernetes_executor.py
[2024-10-13T09:02:38.570+0000] {logging_mixin.py:190} INFO - [2024-10-13T09:02:38.569+0000] {dag.py:3239} INFO - Sync 1 DAGs
[2024-10-13T09:02:38.623+0000] {logging_mixin.py:190} INFO - [2024-10-13T09:02:38.623+0000] {dag.py:4180} INFO - Setting next_dagrun for example_kubernetes_executor to None, run_after=None
[2024-10-13T09:02:38.723+0000] {processor.py:208} INFO - Processing /home/airflow/.local/lib/python3.12/site-packages/airflow/example_dags/example_kubernetes_executor.py took 0.363 seconds
[2024-10-13T09:03:08.960+0000] {processor.py:186} INFO - Started process (PID=170) to work on /home/airflow/.local/lib/python3.12/site-packages/airflow/example_dags/example_kubernetes_executor.py
[2024-10-13T09:03:08.962+0000] {processor.py:914} INFO - Processing file /home/airflow/.local/lib/python3.12/site-packages/airflow/example_dags/example_kubernetes_executor.py for tasks to queue
[2024-10-13T09:03:08.969+0000] {logging_mixin.py:190} INFO - [2024-10-13T09:03:08.968+0000] {dagbag.py:588} INFO - Filling up the DagBag from /home/airflow/.local/lib/python3.12/site-packages/airflow/example_dags/example_kubernetes_executor.py
[2024-10-13T09:03:09.008+0000] {processor.py:925} INFO - DAG(s) 'example_kubernetes_executor' retrieved from /home/airflow/.local/lib/python3.12/site-packages/airflow/example_dags/example_kubernetes_executor.py
[2024-10-13T09:03:09.091+0000] {logging_mixin.py:190} INFO - [2024-10-13T09:03:09.090+0000] {dag.py:3239} INFO - Sync 1 DAGs
[2024-10-13T09:03:09.129+0000] {logging_mixin.py:190} INFO - [2024-10-13T09:03:09.129+0000] {dag.py:4180} INFO - Setting next_dagrun for example_kubernetes_executor to None, run_after=None
[2024-10-13T09:03:09.197+0000] {processor.py:208} INFO - Processing /home/airflow/.local/lib/python3.12/site-packages/airflow/example_dags/example_kubernetes_executor.py took 0.245 seconds
[2024-10-13T09:03:41.570+0000] {processor.py:186} INFO - Started process (PID=240) to work on /home/airflow/.local/lib/python3.12/site-packages/airflow/example_dags/example_kubernetes_executor.py
[2024-10-13T09:03:41.574+0000] {processor.py:914} INFO - Processing file /home/airflow/.local/lib/python3.12/site-packages/airflow/example_dags/example_kubernetes_executor.py for tasks to queue
[2024-10-13T09:03:41.584+0000] {logging_mixin.py:190} INFO - [2024-10-13T09:03:41.584+0000] {dagbag.py:588} INFO - Filling up the DagBag from /home/airflow/.local/lib/python3.12/site-packages/airflow/example_dags/example_kubernetes_executor.py
[2024-10-13T09:03:41.641+0000] {processor.py:925} INFO - DAG(s) 'example_kubernetes_executor' retrieved from /home/airflow/.local/lib/python3.12/site-packages/airflow/example_dags/example_kubernetes_executor.py
[2024-10-13T09:03:41.757+0000] {logging_mixin.py:190} INFO - [2024-10-13T09:03:41.756+0000] {dag.py:3239} INFO - Sync 1 DAGs
[2024-10-13T09:03:41.826+0000] {logging_mixin.py:190} INFO - [2024-10-13T09:03:41.826+0000] {dag.py:4180} INFO - Setting next_dagrun for example_kubernetes_executor to None, run_after=None
[2024-10-13T09:03:41.916+0000] {processor.py:208} INFO - Processing /home/airflow/.local/lib/python3.12/site-packages/airflow/example_dags/example_kubernetes_executor.py took 0.358 seconds
[2024-10-13T09:04:13.685+0000] {processor.py:186} INFO - Started process (PID=302) to work on /home/airflow/.local/lib/python3.12/site-packages/airflow/example_dags/example_kubernetes_executor.py
[2024-10-13T09:04:13.695+0000] {processor.py:914} INFO - Processing file /home/airflow/.local/lib/python3.12/site-packages/airflow/example_dags/example_kubernetes_executor.py for tasks to queue
[2024-10-13T09:04:13.705+0000] {logging_mixin.py:190} INFO - [2024-10-13T09:04:13.704+0000] {dagbag.py:588} INFO - Filling up the DagBag from /home/airflow/.local/lib/python3.12/site-packages/airflow/example_dags/example_kubernetes_executor.py
[2024-10-13T09:04:13.776+0000] {processor.py:925} INFO - DAG(s) 'example_kubernetes_executor' retrieved from /home/airflow/.local/lib/python3.12/site-packages/airflow/example_dags/example_kubernetes_executor.py
[2024-10-13T09:04:13.981+0000] {logging_mixin.py:190} INFO - [2024-10-13T09:04:13.980+0000] {dag.py:3239} INFO - Sync 1 DAGs
[2024-10-13T09:04:14.046+0000] {logging_mixin.py:190} INFO - [2024-10-13T09:04:14.045+0000] {dag.py:4180} INFO - Setting next_dagrun for example_kubernetes_executor to None, run_after=None
[2024-10-13T09:04:14.138+0000] {processor.py:208} INFO - Processing /home/airflow/.local/lib/python3.12/site-packages/airflow/example_dags/example_kubernetes_executor.py took 0.465 seconds
[2024-10-13T09:04:44.826+0000] {processor.py:186} INFO - Started process (PID=365) to work on /home/airflow/.local/lib/python3.12/site-packages/airflow/example_dags/example_kubernetes_executor.py
[2024-10-13T09:04:44.828+0000] {processor.py:914} INFO - Processing file /home/airflow/.local/lib/python3.12/site-packages/airflow/example_dags/example_kubernetes_executor.py for tasks to queue
[2024-10-13T09:04:44.832+0000] {logging_mixin.py:190} INFO - [2024-10-13T09:04:44.831+0000] {dagbag.py:588} INFO - Filling up the DagBag from /home/airflow/.local/lib/python3.12/site-packages/airflow/example_dags/example_kubernetes_executor.py
[2024-10-13T09:04:44.852+0000] {processor.py:925} INFO - DAG(s) 'example_kubernetes_executor' retrieved from /home/airflow/.local/lib/python3.12/site-packages/airflow/example_dags/example_kubernetes_executor.py
[2024-10-13T09:04:44.900+0000] {logging_mixin.py:190} INFO - [2024-10-13T09:04:44.899+0000] {dag.py:3239} INFO - Sync 1 DAGs
[2024-10-13T09:04:44.917+0000] {logging_mixin.py:190} INFO - [2024-10-13T09:04:44.917+0000] {dag.py:4180} INFO - Setting next_dagrun for example_kubernetes_executor to None, run_after=None
[2024-10-13T09:04:44.950+0000] {processor.py:208} INFO - Processing /home/airflow/.local/lib/python3.12/site-packages/airflow/example_dags/example_kubernetes_executor.py took 0.131 seconds
[2024-10-13T09:05:17.075+0000] {processor.py:186} INFO - Started process (PID=428) to work on /home/airflow/.local/lib/python3.12/site-packages/airflow/example_dags/example_kubernetes_executor.py
[2024-10-13T09:05:17.077+0000] {processor.py:914} INFO - Processing file /home/airflow/.local/lib/python3.12/site-packages/airflow/example_dags/example_kubernetes_executor.py for tasks to queue
[2024-10-13T09:05:17.082+0000] {logging_mixin.py:190} INFO - [2024-10-13T09:05:17.081+0000] {dagbag.py:588} INFO - Filling up the DagBag from /home/airflow/.local/lib/python3.12/site-packages/airflow/example_dags/example_kubernetes_executor.py
[2024-10-13T09:05:17.098+0000] {processor.py:925} INFO - DAG(s) 'example_kubernetes_executor' retrieved from /home/airflow/.local/lib/python3.12/site-packages/airflow/example_dags/example_kubernetes_executor.py
[2024-10-13T09:05:17.149+0000] {logging_mixin.py:190} INFO - [2024-10-13T09:05:17.149+0000] {dag.py:3239} INFO - Sync 1 DAGs
[2024-10-13T09:05:17.172+0000] {logging_mixin.py:190} INFO - [2024-10-13T09:05:17.171+0000] {dag.py:4180} INFO - Setting next_dagrun for example_kubernetes_executor to None, run_after=None
[2024-10-13T09:05:17.204+0000] {processor.py:208} INFO - Processing /home/airflow/.local/lib/python3.12/site-packages/airflow/example_dags/example_kubernetes_executor.py took 0.153 seconds
[2024-10-13T09:05:47.949+0000] {processor.py:186} INFO - Started process (PID=491) to work on /home/airflow/.local/lib/python3.12/site-packages/airflow/example_dags/example_kubernetes_executor.py
[2024-10-13T09:05:47.954+0000] {processor.py:914} INFO - Processing file /home/airflow/.local/lib/python3.12/site-packages/airflow/example_dags/example_kubernetes_executor.py for tasks to queue
[2024-10-13T09:05:47.958+0000] {logging_mixin.py:190} INFO - [2024-10-13T09:05:47.958+0000] {dagbag.py:588} INFO - Filling up the DagBag from /home/airflow/.local/lib/python3.12/site-packages/airflow/example_dags/example_kubernetes_executor.py
[2024-10-13T09:05:47.996+0000] {processor.py:925} INFO - DAG(s) 'example_kubernetes_executor' retrieved from /home/airflow/.local/lib/python3.12/site-packages/airflow/example_dags/example_kubernetes_executor.py
[2024-10-13T09:05:48.091+0000] {logging_mixin.py:190} INFO - [2024-10-13T09:05:48.090+0000] {dag.py:3239} INFO - Sync 1 DAGs
[2024-10-13T09:05:48.131+0000] {logging_mixin.py:190} INFO - [2024-10-13T09:05:48.130+0000] {dag.py:4180} INFO - Setting next_dagrun for example_kubernetes_executor to None, run_after=None
[2024-10-13T09:05:48.194+0000] {processor.py:208} INFO - Processing /home/airflow/.local/lib/python3.12/site-packages/airflow/example_dags/example_kubernetes_executor.py took 0.257 seconds
[2024-10-13T09:06:18.749+0000] {processor.py:186} INFO - Started process (PID=554) to work on /home/airflow/.local/lib/python3.12/site-packages/airflow/example_dags/example_kubernetes_executor.py
[2024-10-13T09:06:18.750+0000] {processor.py:914} INFO - Processing file /home/airflow/.local/lib/python3.12/site-packages/airflow/example_dags/example_kubernetes_executor.py for tasks to queue
[2024-10-13T09:06:18.754+0000] {logging_mixin.py:190} INFO - [2024-10-13T09:06:18.753+0000] {dagbag.py:588} INFO - Filling up the DagBag from /home/airflow/.local/lib/python3.12/site-packages/airflow/example_dags/example_kubernetes_executor.py
[2024-10-13T09:06:18.790+0000] {processor.py:925} INFO - DAG(s) 'example_kubernetes_executor' retrieved from /home/airflow/.local/lib/python3.12/site-packages/airflow/example_dags/example_kubernetes_executor.py
[2024-10-13T09:06:18.858+0000] {logging_mixin.py:190} INFO - [2024-10-13T09:06:18.858+0000] {dag.py:3239} INFO - Sync 1 DAGs
[2024-10-13T09:06:18.884+0000] {logging_mixin.py:190} INFO - [2024-10-13T09:06:18.884+0000] {dag.py:4180} INFO - Setting next_dagrun for example_kubernetes_executor to None, run_after=None
[2024-10-13T09:06:18.925+0000] {processor.py:208} INFO - Processing /home/airflow/.local/lib/python3.12/site-packages/airflow/example_dags/example_kubernetes_executor.py took 0.183 seconds
[2024-10-13T09:06:50.233+0000] {processor.py:186} INFO - Started process (PID=617) to work on /home/airflow/.local/lib/python3.12/site-packages/airflow/example_dags/example_kubernetes_executor.py
[2024-10-13T09:06:50.235+0000] {processor.py:914} INFO - Processing file /home/airflow/.local/lib/python3.12/site-packages/airflow/example_dags/example_kubernetes_executor.py for tasks to queue
[2024-10-13T09:06:50.240+0000] {logging_mixin.py:190} INFO - [2024-10-13T09:06:50.239+0000] {dagbag.py:588} INFO - Filling up the DagBag from /home/airflow/.local/lib/python3.12/site-packages/airflow/example_dags/example_kubernetes_executor.py
[2024-10-13T09:06:50.258+0000] {processor.py:925} INFO - DAG(s) 'example_kubernetes_executor' retrieved from /home/airflow/.local/lib/python3.12/site-packages/airflow/example_dags/example_kubernetes_executor.py
[2024-10-13T09:06:50.316+0000] {logging_mixin.py:190} INFO - [2024-10-13T09:06:50.315+0000] {dag.py:3239} INFO - Sync 1 DAGs
[2024-10-13T09:06:50.336+0000] {logging_mixin.py:190} INFO - [2024-10-13T09:06:50.336+0000] {dag.py:4180} INFO - Setting next_dagrun for example_kubernetes_executor to None, run_after=None
[2024-10-13T09:06:50.364+0000] {processor.py:208} INFO - Processing /home/airflow/.local/lib/python3.12/site-packages/airflow/example_dags/example_kubernetes_executor.py took 0.138 seconds
[2024-10-13T09:07:21.741+0000] {processor.py:186} INFO - Started process (PID=681) to work on /home/airflow/.local/lib/python3.12/site-packages/airflow/example_dags/example_kubernetes_executor.py
[2024-10-13T09:07:21.747+0000] {processor.py:914} INFO - Processing file /home/airflow/.local/lib/python3.12/site-packages/airflow/example_dags/example_kubernetes_executor.py for tasks to queue
[2024-10-13T09:07:21.762+0000] {logging_mixin.py:190} INFO - [2024-10-13T09:07:21.756+0000] {dagbag.py:588} INFO - Filling up the DagBag from /home/airflow/.local/lib/python3.12/site-packages/airflow/example_dags/example_kubernetes_executor.py
[2024-10-13T09:07:21.814+0000] {processor.py:925} INFO - DAG(s) 'example_kubernetes_executor' retrieved from /home/airflow/.local/lib/python3.12/site-packages/airflow/example_dags/example_kubernetes_executor.py
[2024-10-13T09:07:21.936+0000] {logging_mixin.py:190} INFO - [2024-10-13T09:07:21.936+0000] {dag.py:3239} INFO - Sync 1 DAGs
[2024-10-13T09:07:22.010+0000] {logging_mixin.py:190} INFO - [2024-10-13T09:07:22.009+0000] {dag.py:4180} INFO - Setting next_dagrun for example_kubernetes_executor to None, run_after=None
[2024-10-13T09:07:22.091+0000] {processor.py:208} INFO - Processing /home/airflow/.local/lib/python3.12/site-packages/airflow/example_dags/example_kubernetes_executor.py took 0.367 seconds
[2024-10-13T09:07:53.311+0000] {processor.py:186} INFO - Started process (PID=744) to work on /home/airflow/.local/lib/python3.12/site-packages/airflow/example_dags/example_kubernetes_executor.py
[2024-10-13T09:07:53.313+0000] {processor.py:914} INFO - Processing file /home/airflow/.local/lib/python3.12/site-packages/airflow/example_dags/example_kubernetes_executor.py for tasks to queue
[2024-10-13T09:07:53.321+0000] {logging_mixin.py:190} INFO - [2024-10-13T09:07:53.320+0000] {dagbag.py:588} INFO - Filling up the DagBag from /home/airflow/.local/lib/python3.12/site-packages/airflow/example_dags/example_kubernetes_executor.py
[2024-10-13T09:07:53.386+0000] {processor.py:925} INFO - DAG(s) 'example_kubernetes_executor' retrieved from /home/airflow/.local/lib/python3.12/site-packages/airflow/example_dags/example_kubernetes_executor.py
[2024-10-13T09:07:53.515+0000] {logging_mixin.py:190} INFO - [2024-10-13T09:07:53.514+0000] {dag.py:3239} INFO - Sync 1 DAGs
[2024-10-13T09:07:53.554+0000] {logging_mixin.py:190} INFO - [2024-10-13T09:07:53.553+0000] {dag.py:4180} INFO - Setting next_dagrun for example_kubernetes_executor to None, run_after=None
[2024-10-13T09:07:53.610+0000] {processor.py:208} INFO - Processing /home/airflow/.local/lib/python3.12/site-packages/airflow/example_dags/example_kubernetes_executor.py took 0.311 seconds
[2024-10-13T09:08:24.249+0000] {processor.py:186} INFO - Started process (PID=807) to work on /home/airflow/.local/lib/python3.12/site-packages/airflow/example_dags/example_kubernetes_executor.py
[2024-10-13T09:08:24.251+0000] {processor.py:914} INFO - Processing file /home/airflow/.local/lib/python3.12/site-packages/airflow/example_dags/example_kubernetes_executor.py for tasks to queue
[2024-10-13T09:08:24.257+0000] {logging_mixin.py:190} INFO - [2024-10-13T09:08:24.256+0000] {dagbag.py:588} INFO - Filling up the DagBag from /home/airflow/.local/lib/python3.12/site-packages/airflow/example_dags/example_kubernetes_executor.py
[2024-10-13T09:08:24.279+0000] {processor.py:925} INFO - DAG(s) 'example_kubernetes_executor' retrieved from /home/airflow/.local/lib/python3.12/site-packages/airflow/example_dags/example_kubernetes_executor.py
[2024-10-13T09:08:24.348+0000] {logging_mixin.py:190} INFO - [2024-10-13T09:08:24.348+0000] {dag.py:3239} INFO - Sync 1 DAGs
[2024-10-13T09:08:24.380+0000] {logging_mixin.py:190} INFO - [2024-10-13T09:08:24.379+0000] {dag.py:4180} INFO - Setting next_dagrun for example_kubernetes_executor to None, run_after=None
[2024-10-13T09:08:24.437+0000] {processor.py:208} INFO - Processing /home/airflow/.local/lib/python3.12/site-packages/airflow/example_dags/example_kubernetes_executor.py took 0.198 seconds
[2024-10-13T09:08:55.253+0000] {processor.py:186} INFO - Started process (PID=870) to work on /home/airflow/.local/lib/python3.12/site-packages/airflow/example_dags/example_kubernetes_executor.py
[2024-10-13T09:08:55.255+0000] {processor.py:914} INFO - Processing file /home/airflow/.local/lib/python3.12/site-packages/airflow/example_dags/example_kubernetes_executor.py for tasks to queue
[2024-10-13T09:08:55.258+0000] {logging_mixin.py:190} INFO - [2024-10-13T09:08:55.258+0000] {dagbag.py:588} INFO - Filling up the DagBag from /home/airflow/.local/lib/python3.12/site-packages/airflow/example_dags/example_kubernetes_executor.py
[2024-10-13T09:08:55.276+0000] {processor.py:925} INFO - DAG(s) 'example_kubernetes_executor' retrieved from /home/airflow/.local/lib/python3.12/site-packages/airflow/example_dags/example_kubernetes_executor.py
[2024-10-13T09:08:55.327+0000] {logging_mixin.py:190} INFO - [2024-10-13T09:08:55.327+0000] {dag.py:3239} INFO - Sync 1 DAGs
[2024-10-13T09:08:55.354+0000] {logging_mixin.py:190} INFO - [2024-10-13T09:08:55.354+0000] {dag.py:4180} INFO - Setting next_dagrun for example_kubernetes_executor to None, run_after=None
[2024-10-13T09:08:55.392+0000] {processor.py:208} INFO - Processing /home/airflow/.local/lib/python3.12/site-packages/airflow/example_dags/example_kubernetes_executor.py took 0.150 seconds
[2024-10-13T09:09:27.030+0000] {processor.py:186} INFO - Started process (PID=933) to work on /home/airflow/.local/lib/python3.12/site-packages/airflow/example_dags/example_kubernetes_executor.py
[2024-10-13T09:09:27.034+0000] {processor.py:914} INFO - Processing file /home/airflow/.local/lib/python3.12/site-packages/airflow/example_dags/example_kubernetes_executor.py for tasks to queue
[2024-10-13T09:09:27.042+0000] {logging_mixin.py:190} INFO - [2024-10-13T09:09:27.041+0000] {dagbag.py:588} INFO - Filling up the DagBag from /home/airflow/.local/lib/python3.12/site-packages/airflow/example_dags/example_kubernetes_executor.py
[2024-10-13T09:09:27.080+0000] {processor.py:925} INFO - DAG(s) 'example_kubernetes_executor' retrieved from /home/airflow/.local/lib/python3.12/site-packages/airflow/example_dags/example_kubernetes_executor.py
[2024-10-13T09:09:27.177+0000] {logging_mixin.py:190} INFO - [2024-10-13T09:09:27.176+0000] {dag.py:3239} INFO - Sync 1 DAGs
[2024-10-13T09:09:27.224+0000] {logging_mixin.py:190} INFO - [2024-10-13T09:09:27.223+0000] {dag.py:4180} INFO - Setting next_dagrun for example_kubernetes_executor to None, run_after=None
[2024-10-13T09:09:27.327+0000] {processor.py:208} INFO - Processing /home/airflow/.local/lib/python3.12/site-packages/airflow/example_dags/example_kubernetes_executor.py took 0.313 seconds
[2024-10-13T09:09:57.965+0000] {processor.py:186} INFO - Started process (PID=996) to work on /home/airflow/.local/lib/python3.12/site-packages/airflow/example_dags/example_kubernetes_executor.py
[2024-10-13T09:09:57.967+0000] {processor.py:914} INFO - Processing file /home/airflow/.local/lib/python3.12/site-packages/airflow/example_dags/example_kubernetes_executor.py for tasks to queue
[2024-10-13T09:09:57.969+0000] {logging_mixin.py:190} INFO - [2024-10-13T09:09:57.969+0000] {dagbag.py:588} INFO - Filling up the DagBag from /home/airflow/.local/lib/python3.12/site-packages/airflow/example_dags/example_kubernetes_executor.py
[2024-10-13T09:09:57.986+0000] {processor.py:925} INFO - DAG(s) 'example_kubernetes_executor' retrieved from /home/airflow/.local/lib/python3.12/site-packages/airflow/example_dags/example_kubernetes_executor.py
[2024-10-13T09:09:58.029+0000] {logging_mixin.py:190} INFO - [2024-10-13T09:09:58.029+0000] {dag.py:3239} INFO - Sync 1 DAGs
[2024-10-13T09:09:58.042+0000] {logging_mixin.py:190} INFO - [2024-10-13T09:09:58.042+0000] {dag.py:4180} INFO - Setting next_dagrun for example_kubernetes_executor to None, run_after=None
[2024-10-13T09:09:58.061+0000] {processor.py:208} INFO - Processing /home/airflow/.local/lib/python3.12/site-packages/airflow/example_dags/example_kubernetes_executor.py took 0.105 seconds
[2024-10-13T09:10:28.149+0000] {processor.py:186} INFO - Started process (PID=1058) to work on /home/airflow/.local/lib/python3.12/site-packages/airflow/example_dags/example_kubernetes_executor.py
[2024-10-13T09:10:28.150+0000] {processor.py:914} INFO - Processing file /home/airflow/.local/lib/python3.12/site-packages/airflow/example_dags/example_kubernetes_executor.py for tasks to queue
[2024-10-13T09:10:28.159+0000] {logging_mixin.py:190} INFO - [2024-10-13T09:10:28.158+0000] {dagbag.py:588} INFO - Filling up the DagBag from /home/airflow/.local/lib/python3.12/site-packages/airflow/example_dags/example_kubernetes_executor.py
[2024-10-13T09:10:28.189+0000] {processor.py:925} INFO - DAG(s) 'example_kubernetes_executor' retrieved from /home/airflow/.local/lib/python3.12/site-packages/airflow/example_dags/example_kubernetes_executor.py
[2024-10-13T09:10:28.234+0000] {logging_mixin.py:190} INFO - [2024-10-13T09:10:28.233+0000] {dag.py:3239} INFO - Sync 1 DAGs
[2024-10-13T09:10:28.251+0000] {logging_mixin.py:190} INFO - [2024-10-13T09:10:28.251+0000] {dag.py:4180} INFO - Setting next_dagrun for example_kubernetes_executor to None, run_after=None
[2024-10-13T09:10:28.284+0000] {processor.py:208} INFO - Processing /home/airflow/.local/lib/python3.12/site-packages/airflow/example_dags/example_kubernetes_executor.py took 0.143 seconds
[2024-10-13T09:10:59.486+0000] {processor.py:186} INFO - Started process (PID=1122) to work on /home/airflow/.local/lib/python3.12/site-packages/airflow/example_dags/example_kubernetes_executor.py
[2024-10-13T09:10:59.487+0000] {processor.py:914} INFO - Processing file /home/airflow/.local/lib/python3.12/site-packages/airflow/example_dags/example_kubernetes_executor.py for tasks to queue
[2024-10-13T09:10:59.489+0000] {logging_mixin.py:190} INFO - [2024-10-13T09:10:59.489+0000] {dagbag.py:588} INFO - Filling up the DagBag from /home/airflow/.local/lib/python3.12/site-packages/airflow/example_dags/example_kubernetes_executor.py
[2024-10-13T09:10:59.502+0000] {processor.py:925} INFO - DAG(s) 'example_kubernetes_executor' retrieved from /home/airflow/.local/lib/python3.12/site-packages/airflow/example_dags/example_kubernetes_executor.py
[2024-10-13T09:10:59.538+0000] {logging_mixin.py:190} INFO - [2024-10-13T09:10:59.537+0000] {dag.py:3239} INFO - Sync 1 DAGs
[2024-10-13T09:10:59.553+0000] {logging_mixin.py:190} INFO - [2024-10-13T09:10:59.552+0000] {dag.py:4180} INFO - Setting next_dagrun for example_kubernetes_executor to None, run_after=None
[2024-10-13T09:10:59.575+0000] {processor.py:208} INFO - Processing /home/airflow/.local/lib/python3.12/site-packages/airflow/example_dags/example_kubernetes_executor.py took 0.095 seconds
[2024-10-13T09:11:30.217+0000] {processor.py:186} INFO - Started process (PID=1185) to work on /home/airflow/.local/lib/python3.12/site-packages/airflow/example_dags/example_kubernetes_executor.py
[2024-10-13T09:11:30.218+0000] {processor.py:914} INFO - Processing file /home/airflow/.local/lib/python3.12/site-packages/airflow/example_dags/example_kubernetes_executor.py for tasks to queue
[2024-10-13T09:11:30.222+0000] {logging_mixin.py:190} INFO - [2024-10-13T09:11:30.222+0000] {dagbag.py:588} INFO - Filling up the DagBag from /home/airflow/.local/lib/python3.12/site-packages/airflow/example_dags/example_kubernetes_executor.py
[2024-10-13T09:11:30.243+0000] {processor.py:925} INFO - DAG(s) 'example_kubernetes_executor' retrieved from /home/airflow/.local/lib/python3.12/site-packages/airflow/example_dags/example_kubernetes_executor.py
[2024-10-13T09:11:30.296+0000] {logging_mixin.py:190} INFO - [2024-10-13T09:11:30.296+0000] {dag.py:3239} INFO - Sync 1 DAGs
[2024-10-13T09:11:30.318+0000] {logging_mixin.py:190} INFO - [2024-10-13T09:11:30.318+0000] {dag.py:4180} INFO - Setting next_dagrun for example_kubernetes_executor to None, run_after=None
[2024-10-13T09:11:30.359+0000] {processor.py:208} INFO - Processing /home/airflow/.local/lib/python3.12/site-packages/airflow/example_dags/example_kubernetes_executor.py took 0.151 seconds
[2024-10-13T09:12:00.801+0000] {processor.py:186} INFO - Started process (PID=1248) to work on /home/airflow/.local/lib/python3.12/site-packages/airflow/example_dags/example_kubernetes_executor.py
[2024-10-13T09:12:00.803+0000] {processor.py:914} INFO - Processing file /home/airflow/.local/lib/python3.12/site-packages/airflow/example_dags/example_kubernetes_executor.py for tasks to queue
[2024-10-13T09:12:00.812+0000] {logging_mixin.py:190} INFO - [2024-10-13T09:12:00.811+0000] {dagbag.py:588} INFO - Filling up the DagBag from /home/airflow/.local/lib/python3.12/site-packages/airflow/example_dags/example_kubernetes_executor.py
[2024-10-13T09:12:00.836+0000] {processor.py:925} INFO - DAG(s) 'example_kubernetes_executor' retrieved from /home/airflow/.local/lib/python3.12/site-packages/airflow/example_dags/example_kubernetes_executor.py
[2024-10-13T09:12:00.899+0000] {logging_mixin.py:190} INFO - [2024-10-13T09:12:00.899+0000] {dag.py:3239} INFO - Sync 1 DAGs
[2024-10-13T09:12:00.921+0000] {logging_mixin.py:190} INFO - [2024-10-13T09:12:00.921+0000] {dag.py:4180} INFO - Setting next_dagrun for example_kubernetes_executor to None, run_after=None
[2024-10-13T09:12:00.960+0000] {processor.py:208} INFO - Processing /home/airflow/.local/lib/python3.12/site-packages/airflow/example_dags/example_kubernetes_executor.py took 0.169 seconds
[2024-10-13T09:12:32.282+0000] {processor.py:186} INFO - Started process (PID=1311) to work on /home/airflow/.local/lib/python3.12/site-packages/airflow/example_dags/example_kubernetes_executor.py
[2024-10-13T09:12:32.284+0000] {processor.py:914} INFO - Processing file /home/airflow/.local/lib/python3.12/site-packages/airflow/example_dags/example_kubernetes_executor.py for tasks to queue
[2024-10-13T09:12:32.291+0000] {logging_mixin.py:190} INFO - [2024-10-13T09:12:32.290+0000] {dagbag.py:588} INFO - Filling up the DagBag from /home/airflow/.local/lib/python3.12/site-packages/airflow/example_dags/example_kubernetes_executor.py
[2024-10-13T09:12:32.312+0000] {processor.py:925} INFO - DAG(s) 'example_kubernetes_executor' retrieved from /home/airflow/.local/lib/python3.12/site-packages/airflow/example_dags/example_kubernetes_executor.py
[2024-10-13T09:12:32.386+0000] {logging_mixin.py:190} INFO - [2024-10-13T09:12:32.385+0000] {dag.py:3239} INFO - Sync 1 DAGs
[2024-10-13T09:12:32.408+0000] {logging_mixin.py:190} INFO - [2024-10-13T09:12:32.407+0000] {dag.py:4180} INFO - Setting next_dagrun for example_kubernetes_executor to None, run_after=None
[2024-10-13T09:12:32.454+0000] {processor.py:208} INFO - Processing /home/airflow/.local/lib/python3.12/site-packages/airflow/example_dags/example_kubernetes_executor.py took 0.189 seconds
[2024-10-13T09:13:04.576+0000] {processor.py:186} INFO - Started process (PID=1375) to work on /home/airflow/.local/lib/python3.12/site-packages/airflow/example_dags/example_kubernetes_executor.py
[2024-10-13T09:13:04.578+0000] {processor.py:914} INFO - Processing file /home/airflow/.local/lib/python3.12/site-packages/airflow/example_dags/example_kubernetes_executor.py for tasks to queue
[2024-10-13T09:13:04.595+0000] {logging_mixin.py:190} INFO - [2024-10-13T09:13:04.595+0000] {dagbag.py:588} INFO - Filling up the DagBag from /home/airflow/.local/lib/python3.12/site-packages/airflow/example_dags/example_kubernetes_executor.py
[2024-10-13T09:13:04.679+0000] {processor.py:925} INFO - DAG(s) 'example_kubernetes_executor' retrieved from /home/airflow/.local/lib/python3.12/site-packages/airflow/example_dags/example_kubernetes_executor.py
[2024-10-13T09:13:04.888+0000] {logging_mixin.py:190} INFO - [2024-10-13T09:13:04.880+0000] {dag.py:3239} INFO - Sync 1 DAGs
[2024-10-13T09:13:04.956+0000] {logging_mixin.py:190} INFO - [2024-10-13T09:13:04.954+0000] {dag.py:4180} INFO - Setting next_dagrun for example_kubernetes_executor to None, run_after=None
[2024-10-13T09:13:05.040+0000] {processor.py:208} INFO - Processing /home/airflow/.local/lib/python3.12/site-packages/airflow/example_dags/example_kubernetes_executor.py took 0.496 seconds
[2024-10-13T09:13:35.540+0000] {processor.py:186} INFO - Started process (PID=1438) to work on /home/airflow/.local/lib/python3.12/site-packages/airflow/example_dags/example_kubernetes_executor.py
[2024-10-13T09:13:35.546+0000] {processor.py:914} INFO - Processing file /home/airflow/.local/lib/python3.12/site-packages/airflow/example_dags/example_kubernetes_executor.py for tasks to queue
[2024-10-13T09:13:35.563+0000] {logging_mixin.py:190} INFO - [2024-10-13T09:13:35.562+0000] {dagbag.py:588} INFO - Filling up the DagBag from /home/airflow/.local/lib/python3.12/site-packages/airflow/example_dags/example_kubernetes_executor.py
[2024-10-13T09:13:35.614+0000] {processor.py:925} INFO - DAG(s) 'example_kubernetes_executor' retrieved from /home/airflow/.local/lib/python3.12/site-packages/airflow/example_dags/example_kubernetes_executor.py
[2024-10-13T09:13:35.697+0000] {logging_mixin.py:190} INFO - [2024-10-13T09:13:35.696+0000] {dag.py:3239} INFO - Sync 1 DAGs
[2024-10-13T09:13:35.729+0000] {logging_mixin.py:190} INFO - [2024-10-13T09:13:35.728+0000] {dag.py:4180} INFO - Setting next_dagrun for example_kubernetes_executor to None, run_after=None
[2024-10-13T09:13:35.778+0000] {processor.py:208} INFO - Processing /home/airflow/.local/lib/python3.12/site-packages/airflow/example_dags/example_kubernetes_executor.py took 0.265 seconds
[2024-10-13T09:14:06.445+0000] {processor.py:186} INFO - Started process (PID=1501) to work on /home/airflow/.local/lib/python3.12/site-packages/airflow/example_dags/example_kubernetes_executor.py
[2024-10-13T09:14:06.447+0000] {processor.py:914} INFO - Processing file /home/airflow/.local/lib/python3.12/site-packages/airflow/example_dags/example_kubernetes_executor.py for tasks to queue
[2024-10-13T09:14:06.451+0000] {logging_mixin.py:190} INFO - [2024-10-13T09:14:06.450+0000] {dagbag.py:588} INFO - Filling up the DagBag from /home/airflow/.local/lib/python3.12/site-packages/airflow/example_dags/example_kubernetes_executor.py
[2024-10-13T09:14:06.473+0000] {processor.py:925} INFO - DAG(s) 'example_kubernetes_executor' retrieved from /home/airflow/.local/lib/python3.12/site-packages/airflow/example_dags/example_kubernetes_executor.py
[2024-10-13T09:14:06.528+0000] {logging_mixin.py:190} INFO - [2024-10-13T09:14:06.527+0000] {dag.py:3239} INFO - Sync 1 DAGs
[2024-10-13T09:14:06.548+0000] {logging_mixin.py:190} INFO - [2024-10-13T09:14:06.547+0000] {dag.py:4180} INFO - Setting next_dagrun for example_kubernetes_executor to None, run_after=None
[2024-10-13T09:14:06.580+0000] {processor.py:208} INFO - Processing /home/airflow/.local/lib/python3.12/site-packages/airflow/example_dags/example_kubernetes_executor.py took 0.143 seconds
[2024-10-13T09:14:37.475+0000] {processor.py:186} INFO - Started process (PID=1564) to work on /home/airflow/.local/lib/python3.12/site-packages/airflow/example_dags/example_kubernetes_executor.py
[2024-10-13T09:14:37.476+0000] {processor.py:914} INFO - Processing file /home/airflow/.local/lib/python3.12/site-packages/airflow/example_dags/example_kubernetes_executor.py for tasks to queue
[2024-10-13T09:14:37.480+0000] {logging_mixin.py:190} INFO - [2024-10-13T09:14:37.479+0000] {dagbag.py:588} INFO - Filling up the DagBag from /home/airflow/.local/lib/python3.12/site-packages/airflow/example_dags/example_kubernetes_executor.py
[2024-10-13T09:14:37.503+0000] {processor.py:925} INFO - DAG(s) 'example_kubernetes_executor' retrieved from /home/airflow/.local/lib/python3.12/site-packages/airflow/example_dags/example_kubernetes_executor.py
[2024-10-13T09:14:37.560+0000] {logging_mixin.py:190} INFO - [2024-10-13T09:14:37.559+0000] {dag.py:3239} INFO - Sync 1 DAGs
[2024-10-13T09:14:37.585+0000] {logging_mixin.py:190} INFO - [2024-10-13T09:14:37.585+0000] {dag.py:4180} INFO - Setting next_dagrun for example_kubernetes_executor to None, run_after=None
[2024-10-13T09:14:37.621+0000] {processor.py:208} INFO - Processing /home/airflow/.local/lib/python3.12/site-packages/airflow/example_dags/example_kubernetes_executor.py took 0.157 seconds
[2024-10-13T09:15:08.780+0000] {processor.py:186} INFO - Started process (PID=1628) to work on /home/airflow/.local/lib/python3.12/site-packages/airflow/example_dags/example_kubernetes_executor.py
[2024-10-13T09:15:08.781+0000] {processor.py:914} INFO - Processing file /home/airflow/.local/lib/python3.12/site-packages/airflow/example_dags/example_kubernetes_executor.py for tasks to queue
[2024-10-13T09:15:08.784+0000] {logging_mixin.py:190} INFO - [2024-10-13T09:15:08.784+0000] {dagbag.py:588} INFO - Filling up the DagBag from /home/airflow/.local/lib/python3.12/site-packages/airflow/example_dags/example_kubernetes_executor.py
[2024-10-13T09:15:09.210+0000] {processor.py:925} INFO - DAG(s) 'example_kubernetes_executor' retrieved from /home/airflow/.local/lib/python3.12/site-packages/airflow/example_dags/example_kubernetes_executor.py
[2024-10-13T09:15:09.334+0000] {logging_mixin.py:190} INFO - [2024-10-13T09:15:09.333+0000] {dag.py:3239} INFO - Sync 1 DAGs
[2024-10-13T09:15:09.379+0000] {logging_mixin.py:190} INFO - [2024-10-13T09:15:09.377+0000] {dag.py:4180} INFO - Setting next_dagrun for example_kubernetes_executor to None, run_after=None
[2024-10-13T09:15:09.428+0000] {processor.py:208} INFO - Processing /home/airflow/.local/lib/python3.12/site-packages/airflow/example_dags/example_kubernetes_executor.py took 0.657 seconds
[2024-10-13T09:15:39.528+0000] {processor.py:186} INFO - Started process (PID=1692) to work on /home/airflow/.local/lib/python3.12/site-packages/airflow/example_dags/example_kubernetes_executor.py
[2024-10-13T09:15:39.529+0000] {processor.py:914} INFO - Processing file /home/airflow/.local/lib/python3.12/site-packages/airflow/example_dags/example_kubernetes_executor.py for tasks to queue
[2024-10-13T09:15:39.533+0000] {logging_mixin.py:190} INFO - [2024-10-13T09:15:39.532+0000] {dagbag.py:588} INFO - Filling up the DagBag from /home/airflow/.local/lib/python3.12/site-packages/airflow/example_dags/example_kubernetes_executor.py
[2024-10-13T09:15:39.549+0000] {processor.py:925} INFO - DAG(s) 'example_kubernetes_executor' retrieved from /home/airflow/.local/lib/python3.12/site-packages/airflow/example_dags/example_kubernetes_executor.py
[2024-10-13T09:15:39.589+0000] {logging_mixin.py:190} INFO - [2024-10-13T09:15:39.588+0000] {dag.py:3239} INFO - Sync 1 DAGs
[2024-10-13T09:15:39.607+0000] {logging_mixin.py:190} INFO - [2024-10-13T09:15:39.607+0000] {dag.py:4180} INFO - Setting next_dagrun for example_kubernetes_executor to None, run_after=None
[2024-10-13T09:15:39.633+0000] {processor.py:208} INFO - Processing /home/airflow/.local/lib/python3.12/site-packages/airflow/example_dags/example_kubernetes_executor.py took 0.111 seconds
[2024-10-13T09:16:10.916+0000] {processor.py:186} INFO - Started process (PID=1756) to work on /home/airflow/.local/lib/python3.12/site-packages/airflow/example_dags/example_kubernetes_executor.py
[2024-10-13T09:16:10.918+0000] {processor.py:914} INFO - Processing file /home/airflow/.local/lib/python3.12/site-packages/airflow/example_dags/example_kubernetes_executor.py for tasks to queue
[2024-10-13T09:16:10.924+0000] {logging_mixin.py:190} INFO - [2024-10-13T09:16:10.924+0000] {dagbag.py:588} INFO - Filling up the DagBag from /home/airflow/.local/lib/python3.12/site-packages/airflow/example_dags/example_kubernetes_executor.py
[2024-10-13T09:16:10.961+0000] {processor.py:925} INFO - DAG(s) 'example_kubernetes_executor' retrieved from /home/airflow/.local/lib/python3.12/site-packages/airflow/example_dags/example_kubernetes_executor.py
[2024-10-13T09:16:11.049+0000] {logging_mixin.py:190} INFO - [2024-10-13T09:16:11.049+0000] {dag.py:3239} INFO - Sync 1 DAGs
[2024-10-13T09:16:11.080+0000] {logging_mixin.py:190} INFO - [2024-10-13T09:16:11.079+0000] {dag.py:4180} INFO - Setting next_dagrun for example_kubernetes_executor to None, run_after=None
[2024-10-13T09:16:11.124+0000] {processor.py:208} INFO - Processing /home/airflow/.local/lib/python3.12/site-packages/airflow/example_dags/example_kubernetes_executor.py took 0.224 seconds
[2024-10-13T09:16:42.142+0000] {processor.py:186} INFO - Started process (PID=1820) to work on /home/airflow/.local/lib/python3.12/site-packages/airflow/example_dags/example_kubernetes_executor.py
[2024-10-13T09:16:42.144+0000] {processor.py:914} INFO - Processing file /home/airflow/.local/lib/python3.12/site-packages/airflow/example_dags/example_kubernetes_executor.py for tasks to queue
[2024-10-13T09:16:42.150+0000] {logging_mixin.py:190} INFO - [2024-10-13T09:16:42.149+0000] {dagbag.py:588} INFO - Filling up the DagBag from /home/airflow/.local/lib/python3.12/site-packages/airflow/example_dags/example_kubernetes_executor.py
[2024-10-13T09:16:42.182+0000] {processor.py:925} INFO - DAG(s) 'example_kubernetes_executor' retrieved from /home/airflow/.local/lib/python3.12/site-packages/airflow/example_dags/example_kubernetes_executor.py
[2024-10-13T09:16:42.269+0000] {logging_mixin.py:190} INFO - [2024-10-13T09:16:42.268+0000] {dag.py:3239} INFO - Sync 1 DAGs
[2024-10-13T09:16:42.331+0000] {logging_mixin.py:190} INFO - [2024-10-13T09:16:42.330+0000] {dag.py:4180} INFO - Setting next_dagrun for example_kubernetes_executor to None, run_after=None
[2024-10-13T09:16:42.398+0000] {processor.py:208} INFO - Processing /home/airflow/.local/lib/python3.12/site-packages/airflow/example_dags/example_kubernetes_executor.py took 0.271 seconds
[2024-10-13T09:17:12.929+0000] {processor.py:186} INFO - Started process (PID=1883) to work on /home/airflow/.local/lib/python3.12/site-packages/airflow/example_dags/example_kubernetes_executor.py
[2024-10-13T09:17:12.930+0000] {processor.py:914} INFO - Processing file /home/airflow/.local/lib/python3.12/site-packages/airflow/example_dags/example_kubernetes_executor.py for tasks to queue
[2024-10-13T09:17:12.932+0000] {logging_mixin.py:190} INFO - [2024-10-13T09:17:12.932+0000] {dagbag.py:588} INFO - Filling up the DagBag from /home/airflow/.local/lib/python3.12/site-packages/airflow/example_dags/example_kubernetes_executor.py
[2024-10-13T09:17:12.959+0000] {processor.py:925} INFO - DAG(s) 'example_kubernetes_executor' retrieved from /home/airflow/.local/lib/python3.12/site-packages/airflow/example_dags/example_kubernetes_executor.py
[2024-10-13T09:17:13.001+0000] {logging_mixin.py:190} INFO - [2024-10-13T09:17:13.000+0000] {dag.py:3239} INFO - Sync 1 DAGs
[2024-10-13T09:17:13.012+0000] {logging_mixin.py:190} INFO - [2024-10-13T09:17:13.012+0000] {dag.py:4180} INFO - Setting next_dagrun for example_kubernetes_executor to None, run_after=None
[2024-10-13T09:17:13.033+0000] {processor.py:208} INFO - Processing /home/airflow/.local/lib/python3.12/site-packages/airflow/example_dags/example_kubernetes_executor.py took 0.109 seconds
[2024-10-13T09:17:43.897+0000] {processor.py:186} INFO - Started process (PID=1946) to work on /home/airflow/.local/lib/python3.12/site-packages/airflow/example_dags/example_kubernetes_executor.py
[2024-10-13T09:17:43.898+0000] {processor.py:914} INFO - Processing file /home/airflow/.local/lib/python3.12/site-packages/airflow/example_dags/example_kubernetes_executor.py for tasks to queue
[2024-10-13T09:17:43.900+0000] {logging_mixin.py:190} INFO - [2024-10-13T09:17:43.900+0000] {dagbag.py:588} INFO - Filling up the DagBag from /home/airflow/.local/lib/python3.12/site-packages/airflow/example_dags/example_kubernetes_executor.py
[2024-10-13T09:17:43.920+0000] {processor.py:925} INFO - DAG(s) 'example_kubernetes_executor' retrieved from /home/airflow/.local/lib/python3.12/site-packages/airflow/example_dags/example_kubernetes_executor.py
[2024-10-13T09:17:43.958+0000] {logging_mixin.py:190} INFO - [2024-10-13T09:17:43.958+0000] {dag.py:3239} INFO - Sync 1 DAGs
[2024-10-13T09:17:43.971+0000] {logging_mixin.py:190} INFO - [2024-10-13T09:17:43.971+0000] {dag.py:4180} INFO - Setting next_dagrun for example_kubernetes_executor to None, run_after=None
[2024-10-13T09:17:43.991+0000] {processor.py:208} INFO - Processing /home/airflow/.local/lib/python3.12/site-packages/airflow/example_dags/example_kubernetes_executor.py took 0.100 seconds
[2024-10-13T09:18:14.644+0000] {processor.py:186} INFO - Started process (PID=2009) to work on /home/airflow/.local/lib/python3.12/site-packages/airflow/example_dags/example_kubernetes_executor.py
[2024-10-13T09:18:14.645+0000] {processor.py:914} INFO - Processing file /home/airflow/.local/lib/python3.12/site-packages/airflow/example_dags/example_kubernetes_executor.py for tasks to queue
[2024-10-13T09:18:14.648+0000] {logging_mixin.py:190} INFO - [2024-10-13T09:18:14.647+0000] {dagbag.py:588} INFO - Filling up the DagBag from /home/airflow/.local/lib/python3.12/site-packages/airflow/example_dags/example_kubernetes_executor.py
[2024-10-13T09:18:14.668+0000] {processor.py:925} INFO - DAG(s) 'example_kubernetes_executor' retrieved from /home/airflow/.local/lib/python3.12/site-packages/airflow/example_dags/example_kubernetes_executor.py
[2024-10-13T09:18:14.707+0000] {logging_mixin.py:190} INFO - [2024-10-13T09:18:14.707+0000] {dag.py:3239} INFO - Sync 1 DAGs
[2024-10-13T09:18:14.720+0000] {logging_mixin.py:190} INFO - [2024-10-13T09:18:14.719+0000] {dag.py:4180} INFO - Setting next_dagrun for example_kubernetes_executor to None, run_after=None
[2024-10-13T09:18:14.740+0000] {processor.py:208} INFO - Processing /home/airflow/.local/lib/python3.12/site-packages/airflow/example_dags/example_kubernetes_executor.py took 0.101 seconds
[2024-10-13T09:18:44.957+0000] {processor.py:186} INFO - Started process (PID=2072) to work on /home/airflow/.local/lib/python3.12/site-packages/airflow/example_dags/example_kubernetes_executor.py
[2024-10-13T09:18:44.958+0000] {processor.py:914} INFO - Processing file /home/airflow/.local/lib/python3.12/site-packages/airflow/example_dags/example_kubernetes_executor.py for tasks to queue
[2024-10-13T09:18:44.960+0000] {logging_mixin.py:190} INFO - [2024-10-13T09:18:44.960+0000] {dagbag.py:588} INFO - Filling up the DagBag from /home/airflow/.local/lib/python3.12/site-packages/airflow/example_dags/example_kubernetes_executor.py
[2024-10-13T09:18:44.977+0000] {processor.py:925} INFO - DAG(s) 'example_kubernetes_executor' retrieved from /home/airflow/.local/lib/python3.12/site-packages/airflow/example_dags/example_kubernetes_executor.py
[2024-10-13T09:18:45.014+0000] {logging_mixin.py:190} INFO - [2024-10-13T09:18:45.014+0000] {dag.py:3239} INFO - Sync 1 DAGs
[2024-10-13T09:18:45.028+0000] {logging_mixin.py:190} INFO - [2024-10-13T09:18:45.027+0000] {dag.py:4180} INFO - Setting next_dagrun for example_kubernetes_executor to None, run_after=None
[2024-10-13T09:18:45.048+0000] {processor.py:208} INFO - Processing /home/airflow/.local/lib/python3.12/site-packages/airflow/example_dags/example_kubernetes_executor.py took 0.096 seconds
[2024-10-13T09:19:15.786+0000] {processor.py:186} INFO - Started process (PID=2135) to work on /home/airflow/.local/lib/python3.12/site-packages/airflow/example_dags/example_kubernetes_executor.py
[2024-10-13T09:19:15.788+0000] {processor.py:914} INFO - Processing file /home/airflow/.local/lib/python3.12/site-packages/airflow/example_dags/example_kubernetes_executor.py for tasks to queue
[2024-10-13T09:19:15.790+0000] {logging_mixin.py:190} INFO - [2024-10-13T09:19:15.790+0000] {dagbag.py:588} INFO - Filling up the DagBag from /home/airflow/.local/lib/python3.12/site-packages/airflow/example_dags/example_kubernetes_executor.py
[2024-10-13T09:19:15.805+0000] {processor.py:925} INFO - DAG(s) 'example_kubernetes_executor' retrieved from /home/airflow/.local/lib/python3.12/site-packages/airflow/example_dags/example_kubernetes_executor.py
[2024-10-13T09:19:15.844+0000] {logging_mixin.py:190} INFO - [2024-10-13T09:19:15.844+0000] {dag.py:3239} INFO - Sync 1 DAGs
[2024-10-13T09:19:15.859+0000] {logging_mixin.py:190} INFO - [2024-10-13T09:19:15.859+0000] {dag.py:4180} INFO - Setting next_dagrun for example_kubernetes_executor to None, run_after=None
[2024-10-13T09:19:15.884+0000] {processor.py:208} INFO - Processing /home/airflow/.local/lib/python3.12/site-packages/airflow/example_dags/example_kubernetes_executor.py took 0.104 seconds
[2024-10-13T09:19:46.333+0000] {processor.py:186} INFO - Started process (PID=2198) to work on /home/airflow/.local/lib/python3.12/site-packages/airflow/example_dags/example_kubernetes_executor.py
[2024-10-13T09:19:46.334+0000] {processor.py:914} INFO - Processing file /home/airflow/.local/lib/python3.12/site-packages/airflow/example_dags/example_kubernetes_executor.py for tasks to queue
[2024-10-13T09:19:46.338+0000] {logging_mixin.py:190} INFO - [2024-10-13T09:19:46.337+0000] {dagbag.py:588} INFO - Filling up the DagBag from /home/airflow/.local/lib/python3.12/site-packages/airflow/example_dags/example_kubernetes_executor.py
[2024-10-13T09:19:46.370+0000] {processor.py:925} INFO - DAG(s) 'example_kubernetes_executor' retrieved from /home/airflow/.local/lib/python3.12/site-packages/airflow/example_dags/example_kubernetes_executor.py
[2024-10-13T09:19:46.423+0000] {logging_mixin.py:190} INFO - [2024-10-13T09:19:46.423+0000] {dag.py:3239} INFO - Sync 1 DAGs
[2024-10-13T09:19:46.448+0000] {logging_mixin.py:190} INFO - [2024-10-13T09:19:46.448+0000] {dag.py:4180} INFO - Setting next_dagrun for example_kubernetes_executor to None, run_after=None
[2024-10-13T09:19:46.472+0000] {processor.py:208} INFO - Processing /home/airflow/.local/lib/python3.12/site-packages/airflow/example_dags/example_kubernetes_executor.py took 0.150 seconds
[2024-10-13T09:20:17.541+0000] {processor.py:186} INFO - Started process (PID=2267) to work on /home/airflow/.local/lib/python3.12/site-packages/airflow/example_dags/example_kubernetes_executor.py
[2024-10-13T09:20:17.543+0000] {processor.py:914} INFO - Processing file /home/airflow/.local/lib/python3.12/site-packages/airflow/example_dags/example_kubernetes_executor.py for tasks to queue
[2024-10-13T09:20:17.548+0000] {logging_mixin.py:190} INFO - [2024-10-13T09:20:17.548+0000] {dagbag.py:588} INFO - Filling up the DagBag from /home/airflow/.local/lib/python3.12/site-packages/airflow/example_dags/example_kubernetes_executor.py
[2024-10-13T09:20:17.574+0000] {processor.py:925} INFO - DAG(s) 'example_kubernetes_executor' retrieved from /home/airflow/.local/lib/python3.12/site-packages/airflow/example_dags/example_kubernetes_executor.py
[2024-10-13T09:20:17.651+0000] {logging_mixin.py:190} INFO - [2024-10-13T09:20:17.650+0000] {dag.py:3239} INFO - Sync 1 DAGs
[2024-10-13T09:20:17.674+0000] {logging_mixin.py:190} INFO - [2024-10-13T09:20:17.674+0000] {dag.py:4180} INFO - Setting next_dagrun for example_kubernetes_executor to None, run_after=None
[2024-10-13T09:20:17.708+0000] {processor.py:208} INFO - Processing /home/airflow/.local/lib/python3.12/site-packages/airflow/example_dags/example_kubernetes_executor.py took 0.175 seconds
[2024-10-13T09:20:48.234+0000] {processor.py:186} INFO - Started process (PID=2330) to work on /home/airflow/.local/lib/python3.12/site-packages/airflow/example_dags/example_kubernetes_executor.py
[2024-10-13T09:20:48.235+0000] {processor.py:914} INFO - Processing file /home/airflow/.local/lib/python3.12/site-packages/airflow/example_dags/example_kubernetes_executor.py for tasks to queue
[2024-10-13T09:20:48.240+0000] {logging_mixin.py:190} INFO - [2024-10-13T09:20:48.239+0000] {dagbag.py:588} INFO - Filling up the DagBag from /home/airflow/.local/lib/python3.12/site-packages/airflow/example_dags/example_kubernetes_executor.py
[2024-10-13T09:20:48.269+0000] {processor.py:925} INFO - DAG(s) 'example_kubernetes_executor' retrieved from /home/airflow/.local/lib/python3.12/site-packages/airflow/example_dags/example_kubernetes_executor.py
[2024-10-13T09:20:48.334+0000] {logging_mixin.py:190} INFO - [2024-10-13T09:20:48.334+0000] {dag.py:3239} INFO - Sync 1 DAGs
[2024-10-13T09:20:48.372+0000] {logging_mixin.py:190} INFO - [2024-10-13T09:20:48.372+0000] {dag.py:4180} INFO - Setting next_dagrun for example_kubernetes_executor to None, run_after=None
[2024-10-13T09:20:48.412+0000] {processor.py:208} INFO - Processing /home/airflow/.local/lib/python3.12/site-packages/airflow/example_dags/example_kubernetes_executor.py took 0.188 seconds
[2024-10-13T09:21:19.628+0000] {processor.py:186} INFO - Started process (PID=2394) to work on /home/airflow/.local/lib/python3.12/site-packages/airflow/example_dags/example_kubernetes_executor.py
[2024-10-13T09:21:19.630+0000] {processor.py:914} INFO - Processing file /home/airflow/.local/lib/python3.12/site-packages/airflow/example_dags/example_kubernetes_executor.py for tasks to queue
[2024-10-13T09:21:19.635+0000] {logging_mixin.py:190} INFO - [2024-10-13T09:21:19.634+0000] {dagbag.py:588} INFO - Filling up the DagBag from /home/airflow/.local/lib/python3.12/site-packages/airflow/example_dags/example_kubernetes_executor.py
[2024-10-13T09:21:19.656+0000] {processor.py:925} INFO - DAG(s) 'example_kubernetes_executor' retrieved from /home/airflow/.local/lib/python3.12/site-packages/airflow/example_dags/example_kubernetes_executor.py
[2024-10-13T09:21:19.706+0000] {logging_mixin.py:190} INFO - [2024-10-13T09:21:19.706+0000] {dag.py:3239} INFO - Sync 1 DAGs
[2024-10-13T09:21:19.725+0000] {logging_mixin.py:190} INFO - [2024-10-13T09:21:19.725+0000] {dag.py:4180} INFO - Setting next_dagrun for example_kubernetes_executor to None, run_after=None
[2024-10-13T09:21:19.759+0000] {processor.py:208} INFO - Processing /home/airflow/.local/lib/python3.12/site-packages/airflow/example_dags/example_kubernetes_executor.py took 0.138 seconds
[2024-10-13T09:21:50.312+0000] {processor.py:186} INFO - Started process (PID=2457) to work on /home/airflow/.local/lib/python3.12/site-packages/airflow/example_dags/example_kubernetes_executor.py
[2024-10-13T09:21:50.314+0000] {processor.py:914} INFO - Processing file /home/airflow/.local/lib/python3.12/site-packages/airflow/example_dags/example_kubernetes_executor.py for tasks to queue
[2024-10-13T09:21:50.321+0000] {logging_mixin.py:190} INFO - [2024-10-13T09:21:50.320+0000] {dagbag.py:588} INFO - Filling up the DagBag from /home/airflow/.local/lib/python3.12/site-packages/airflow/example_dags/example_kubernetes_executor.py
[2024-10-13T09:21:50.344+0000] {processor.py:925} INFO - DAG(s) 'example_kubernetes_executor' retrieved from /home/airflow/.local/lib/python3.12/site-packages/airflow/example_dags/example_kubernetes_executor.py
[2024-10-13T09:21:50.409+0000] {logging_mixin.py:190} INFO - [2024-10-13T09:21:50.409+0000] {dag.py:3239} INFO - Sync 1 DAGs
[2024-10-13T09:21:50.454+0000] {logging_mixin.py:190} INFO - [2024-10-13T09:21:50.453+0000] {dag.py:4180} INFO - Setting next_dagrun for example_kubernetes_executor to None, run_after=None
[2024-10-13T09:21:50.486+0000] {processor.py:208} INFO - Processing /home/airflow/.local/lib/python3.12/site-packages/airflow/example_dags/example_kubernetes_executor.py took 0.181 seconds
[2024-10-13T09:22:20.678+0000] {processor.py:186} INFO - Started process (PID=2520) to work on /home/airflow/.local/lib/python3.12/site-packages/airflow/example_dags/example_kubernetes_executor.py
[2024-10-13T09:22:20.680+0000] {processor.py:914} INFO - Processing file /home/airflow/.local/lib/python3.12/site-packages/airflow/example_dags/example_kubernetes_executor.py for tasks to queue
[2024-10-13T09:22:20.684+0000] {logging_mixin.py:190} INFO - [2024-10-13T09:22:20.684+0000] {dagbag.py:588} INFO - Filling up the DagBag from /home/airflow/.local/lib/python3.12/site-packages/airflow/example_dags/example_kubernetes_executor.py
[2024-10-13T09:22:20.706+0000] {processor.py:925} INFO - DAG(s) 'example_kubernetes_executor' retrieved from /home/airflow/.local/lib/python3.12/site-packages/airflow/example_dags/example_kubernetes_executor.py
[2024-10-13T09:22:20.761+0000] {logging_mixin.py:190} INFO - [2024-10-13T09:22:20.760+0000] {dag.py:3239} INFO - Sync 1 DAGs
[2024-10-13T09:22:20.785+0000] {logging_mixin.py:190} INFO - [2024-10-13T09:22:20.785+0000] {dag.py:4180} INFO - Setting next_dagrun for example_kubernetes_executor to None, run_after=None
[2024-10-13T09:22:20.823+0000] {processor.py:208} INFO - Processing /home/airflow/.local/lib/python3.12/site-packages/airflow/example_dags/example_kubernetes_executor.py took 0.154 seconds
[2024-10-13T09:22:51.164+0000] {processor.py:186} INFO - Started process (PID=2583) to work on /home/airflow/.local/lib/python3.12/site-packages/airflow/example_dags/example_kubernetes_executor.py
[2024-10-13T09:22:51.166+0000] {processor.py:914} INFO - Processing file /home/airflow/.local/lib/python3.12/site-packages/airflow/example_dags/example_kubernetes_executor.py for tasks to queue
[2024-10-13T09:22:51.170+0000] {logging_mixin.py:190} INFO - [2024-10-13T09:22:51.170+0000] {dagbag.py:588} INFO - Filling up the DagBag from /home/airflow/.local/lib/python3.12/site-packages/airflow/example_dags/example_kubernetes_executor.py
[2024-10-13T09:22:51.185+0000] {processor.py:925} INFO - DAG(s) 'example_kubernetes_executor' retrieved from /home/airflow/.local/lib/python3.12/site-packages/airflow/example_dags/example_kubernetes_executor.py
[2024-10-13T09:22:51.226+0000] {logging_mixin.py:190} INFO - [2024-10-13T09:22:51.225+0000] {dag.py:3239} INFO - Sync 1 DAGs
[2024-10-13T09:22:51.240+0000] {logging_mixin.py:190} INFO - [2024-10-13T09:22:51.240+0000] {dag.py:4180} INFO - Setting next_dagrun for example_kubernetes_executor to None, run_after=None
[2024-10-13T09:22:51.262+0000] {processor.py:208} INFO - Processing /home/airflow/.local/lib/python3.12/site-packages/airflow/example_dags/example_kubernetes_executor.py took 0.109 seconds
[2024-10-13T09:23:21.793+0000] {processor.py:186} INFO - Started process (PID=2645) to work on /home/airflow/.local/lib/python3.12/site-packages/airflow/example_dags/example_kubernetes_executor.py
[2024-10-13T09:23:21.796+0000] {processor.py:914} INFO - Processing file /home/airflow/.local/lib/python3.12/site-packages/airflow/example_dags/example_kubernetes_executor.py for tasks to queue
[2024-10-13T09:23:21.800+0000] {logging_mixin.py:190} INFO - [2024-10-13T09:23:21.800+0000] {dagbag.py:588} INFO - Filling up the DagBag from /home/airflow/.local/lib/python3.12/site-packages/airflow/example_dags/example_kubernetes_executor.py
[2024-10-13T09:23:21.822+0000] {processor.py:925} INFO - DAG(s) 'example_kubernetes_executor' retrieved from /home/airflow/.local/lib/python3.12/site-packages/airflow/example_dags/example_kubernetes_executor.py
[2024-10-13T09:23:21.876+0000] {logging_mixin.py:190} INFO - [2024-10-13T09:23:21.875+0000] {dag.py:3239} INFO - Sync 1 DAGs
[2024-10-13T09:23:21.894+0000] {logging_mixin.py:190} INFO - [2024-10-13T09:23:21.894+0000] {dag.py:4180} INFO - Setting next_dagrun for example_kubernetes_executor to None, run_after=None
[2024-10-13T09:23:21.937+0000] {processor.py:208} INFO - Processing /home/airflow/.local/lib/python3.12/site-packages/airflow/example_dags/example_kubernetes_executor.py took 0.153 seconds
[2024-10-13T09:23:52.813+0000] {processor.py:186} INFO - Started process (PID=2710) to work on /home/airflow/.local/lib/python3.12/site-packages/airflow/example_dags/example_kubernetes_executor.py
[2024-10-13T09:23:52.814+0000] {processor.py:914} INFO - Processing file /home/airflow/.local/lib/python3.12/site-packages/airflow/example_dags/example_kubernetes_executor.py for tasks to queue
[2024-10-13T09:23:52.817+0000] {logging_mixin.py:190} INFO - [2024-10-13T09:23:52.817+0000] {dagbag.py:588} INFO - Filling up the DagBag from /home/airflow/.local/lib/python3.12/site-packages/airflow/example_dags/example_kubernetes_executor.py
[2024-10-13T09:23:52.831+0000] {processor.py:925} INFO - DAG(s) 'example_kubernetes_executor' retrieved from /home/airflow/.local/lib/python3.12/site-packages/airflow/example_dags/example_kubernetes_executor.py
[2024-10-13T09:23:52.865+0000] {logging_mixin.py:190} INFO - [2024-10-13T09:23:52.865+0000] {dag.py:3239} INFO - Sync 1 DAGs
[2024-10-13T09:23:52.877+0000] {logging_mixin.py:190} INFO - [2024-10-13T09:23:52.877+0000] {dag.py:4180} INFO - Setting next_dagrun for example_kubernetes_executor to None, run_after=None
[2024-10-13T09:23:52.898+0000] {processor.py:208} INFO - Processing /home/airflow/.local/lib/python3.12/site-packages/airflow/example_dags/example_kubernetes_executor.py took 0.090 seconds
[2024-10-13T09:24:25.224+0000] {processor.py:186} INFO - Started process (PID=2772) to work on /home/airflow/.local/lib/python3.12/site-packages/airflow/example_dags/example_kubernetes_executor.py
[2024-10-13T09:24:25.226+0000] {processor.py:914} INFO - Processing file /home/airflow/.local/lib/python3.12/site-packages/airflow/example_dags/example_kubernetes_executor.py for tasks to queue
[2024-10-13T09:24:25.233+0000] {logging_mixin.py:190} INFO - [2024-10-13T09:24:25.233+0000] {dagbag.py:588} INFO - Filling up the DagBag from /home/airflow/.local/lib/python3.12/site-packages/airflow/example_dags/example_kubernetes_executor.py
[2024-10-13T09:24:25.283+0000] {processor.py:925} INFO - DAG(s) 'example_kubernetes_executor' retrieved from /home/airflow/.local/lib/python3.12/site-packages/airflow/example_dags/example_kubernetes_executor.py
[2024-10-13T09:24:25.366+0000] {logging_mixin.py:190} INFO - [2024-10-13T09:24:25.366+0000] {dag.py:3239} INFO - Sync 1 DAGs
[2024-10-13T09:24:25.414+0000] {logging_mixin.py:190} INFO - [2024-10-13T09:24:25.413+0000] {dag.py:4180} INFO - Setting next_dagrun for example_kubernetes_executor to None, run_after=None
[2024-10-13T09:24:25.470+0000] {processor.py:208} INFO - Processing /home/airflow/.local/lib/python3.12/site-packages/airflow/example_dags/example_kubernetes_executor.py took 0.268 seconds
[2024-10-13T09:24:56.361+0000] {processor.py:186} INFO - Started process (PID=2835) to work on /home/airflow/.local/lib/python3.12/site-packages/airflow/example_dags/example_kubernetes_executor.py
[2024-10-13T09:24:56.364+0000] {processor.py:914} INFO - Processing file /home/airflow/.local/lib/python3.12/site-packages/airflow/example_dags/example_kubernetes_executor.py for tasks to queue
[2024-10-13T09:24:56.371+0000] {logging_mixin.py:190} INFO - [2024-10-13T09:24:56.370+0000] {dagbag.py:588} INFO - Filling up the DagBag from /home/airflow/.local/lib/python3.12/site-packages/airflow/example_dags/example_kubernetes_executor.py
[2024-10-13T09:24:56.410+0000] {processor.py:925} INFO - DAG(s) 'example_kubernetes_executor' retrieved from /home/airflow/.local/lib/python3.12/site-packages/airflow/example_dags/example_kubernetes_executor.py
[2024-10-13T09:24:56.496+0000] {logging_mixin.py:190} INFO - [2024-10-13T09:24:56.495+0000] {dag.py:3239} INFO - Sync 1 DAGs
[2024-10-13T09:24:56.539+0000] {logging_mixin.py:190} INFO - [2024-10-13T09:24:56.539+0000] {dag.py:4180} INFO - Setting next_dagrun for example_kubernetes_executor to None, run_after=None
[2024-10-13T09:24:56.590+0000] {processor.py:208} INFO - Processing /home/airflow/.local/lib/python3.12/site-packages/airflow/example_dags/example_kubernetes_executor.py took 0.241 seconds
[2024-10-13T09:25:27.821+0000] {processor.py:186} INFO - Started process (PID=2900) to work on /home/airflow/.local/lib/python3.12/site-packages/airflow/example_dags/example_kubernetes_executor.py
[2024-10-13T09:25:27.823+0000] {processor.py:914} INFO - Processing file /home/airflow/.local/lib/python3.12/site-packages/airflow/example_dags/example_kubernetes_executor.py for tasks to queue
[2024-10-13T09:25:27.826+0000] {logging_mixin.py:190} INFO - [2024-10-13T09:25:27.826+0000] {dagbag.py:588} INFO - Filling up the DagBag from /home/airflow/.local/lib/python3.12/site-packages/airflow/example_dags/example_kubernetes_executor.py
[2024-10-13T09:25:27.845+0000] {processor.py:925} INFO - DAG(s) 'example_kubernetes_executor' retrieved from /home/airflow/.local/lib/python3.12/site-packages/airflow/example_dags/example_kubernetes_executor.py
[2024-10-13T09:25:27.896+0000] {logging_mixin.py:190} INFO - [2024-10-13T09:25:27.895+0000] {dag.py:3239} INFO - Sync 1 DAGs
[2024-10-13T09:25:27.924+0000] {logging_mixin.py:190} INFO - [2024-10-13T09:25:27.923+0000] {dag.py:4180} INFO - Setting next_dagrun for example_kubernetes_executor to None, run_after=None
[2024-10-13T09:25:27.968+0000] {processor.py:208} INFO - Processing /home/airflow/.local/lib/python3.12/site-packages/airflow/example_dags/example_kubernetes_executor.py took 0.156 seconds
[2024-10-13T09:25:58.524+0000] {processor.py:186} INFO - Started process (PID=2963) to work on /home/airflow/.local/lib/python3.12/site-packages/airflow/example_dags/example_kubernetes_executor.py
[2024-10-13T09:25:58.526+0000] {processor.py:914} INFO - Processing file /home/airflow/.local/lib/python3.12/site-packages/airflow/example_dags/example_kubernetes_executor.py for tasks to queue
[2024-10-13T09:25:58.530+0000] {logging_mixin.py:190} INFO - [2024-10-13T09:25:58.530+0000] {dagbag.py:588} INFO - Filling up the DagBag from /home/airflow/.local/lib/python3.12/site-packages/airflow/example_dags/example_kubernetes_executor.py
[2024-10-13T09:25:58.555+0000] {processor.py:925} INFO - DAG(s) 'example_kubernetes_executor' retrieved from /home/airflow/.local/lib/python3.12/site-packages/airflow/example_dags/example_kubernetes_executor.py
[2024-10-13T09:25:58.622+0000] {logging_mixin.py:190} INFO - [2024-10-13T09:25:58.622+0000] {dag.py:3239} INFO - Sync 1 DAGs
[2024-10-13T09:25:58.642+0000] {logging_mixin.py:190} INFO - [2024-10-13T09:25:58.642+0000] {dag.py:4180} INFO - Setting next_dagrun for example_kubernetes_executor to None, run_after=None
[2024-10-13T09:25:58.679+0000] {processor.py:208} INFO - Processing /home/airflow/.local/lib/python3.12/site-packages/airflow/example_dags/example_kubernetes_executor.py took 0.163 seconds
[2024-10-13T09:26:33.737+0000] {processor.py:186} INFO - Started process (PID=3027) to work on /home/airflow/.local/lib/python3.12/site-packages/airflow/example_dags/example_kubernetes_executor.py
[2024-10-13T09:26:33.741+0000] {processor.py:914} INFO - Processing file /home/airflow/.local/lib/python3.12/site-packages/airflow/example_dags/example_kubernetes_executor.py for tasks to queue
[2024-10-13T09:26:33.759+0000] {logging_mixin.py:190} INFO - [2024-10-13T09:26:33.756+0000] {dagbag.py:588} INFO - Filling up the DagBag from /home/airflow/.local/lib/python3.12/site-packages/airflow/example_dags/example_kubernetes_executor.py
[2024-10-13T09:26:33.839+0000] {processor.py:925} INFO - DAG(s) 'example_kubernetes_executor' retrieved from /home/airflow/.local/lib/python3.12/site-packages/airflow/example_dags/example_kubernetes_executor.py
[2024-10-13T09:26:34.067+0000] {logging_mixin.py:190} INFO - [2024-10-13T09:26:34.066+0000] {dag.py:3239} INFO - Sync 1 DAGs
[2024-10-13T09:26:34.161+0000] {logging_mixin.py:190} INFO - [2024-10-13T09:26:34.160+0000] {dag.py:4180} INFO - Setting next_dagrun for example_kubernetes_executor to None, run_after=None
[2024-10-13T09:26:34.308+0000] {processor.py:208} INFO - Processing /home/airflow/.local/lib/python3.12/site-packages/airflow/example_dags/example_kubernetes_executor.py took 0.604 seconds
[2024-10-13T09:27:06.564+0000] {processor.py:186} INFO - Started process (PID=3093) to work on /home/airflow/.local/lib/python3.12/site-packages/airflow/example_dags/example_kubernetes_executor.py
[2024-10-13T09:27:06.591+0000] {processor.py:914} INFO - Processing file /home/airflow/.local/lib/python3.12/site-packages/airflow/example_dags/example_kubernetes_executor.py for tasks to queue
[2024-10-13T09:27:06.609+0000] {logging_mixin.py:190} INFO - [2024-10-13T09:27:06.608+0000] {dagbag.py:588} INFO - Filling up the DagBag from /home/airflow/.local/lib/python3.12/site-packages/airflow/example_dags/example_kubernetes_executor.py
[2024-10-13T09:27:06.650+0000] {processor.py:925} INFO - DAG(s) 'example_kubernetes_executor' retrieved from /home/airflow/.local/lib/python3.12/site-packages/airflow/example_dags/example_kubernetes_executor.py
[2024-10-13T09:27:06.790+0000] {logging_mixin.py:190} INFO - [2024-10-13T09:27:06.789+0000] {dag.py:3239} INFO - Sync 1 DAGs
[2024-10-13T09:27:06.824+0000] {logging_mixin.py:190} INFO - [2024-10-13T09:27:06.824+0000] {dag.py:4180} INFO - Setting next_dagrun for example_kubernetes_executor to None, run_after=None
[2024-10-13T09:27:06.882+0000] {processor.py:208} INFO - Processing /home/airflow/.local/lib/python3.12/site-packages/airflow/example_dags/example_kubernetes_executor.py took 0.331 seconds
[2024-10-13T09:27:37.475+0000] {processor.py:186} INFO - Started process (PID=3157) to work on /home/airflow/.local/lib/python3.12/site-packages/airflow/example_dags/example_kubernetes_executor.py
[2024-10-13T09:27:37.478+0000] {processor.py:914} INFO - Processing file /home/airflow/.local/lib/python3.12/site-packages/airflow/example_dags/example_kubernetes_executor.py for tasks to queue
[2024-10-13T09:27:37.490+0000] {logging_mixin.py:190} INFO - [2024-10-13T09:27:37.489+0000] {dagbag.py:588} INFO - Filling up the DagBag from /home/airflow/.local/lib/python3.12/site-packages/airflow/example_dags/example_kubernetes_executor.py
[2024-10-13T09:27:37.543+0000] {processor.py:925} INFO - DAG(s) 'example_kubernetes_executor' retrieved from /home/airflow/.local/lib/python3.12/site-packages/airflow/example_dags/example_kubernetes_executor.py
[2024-10-13T09:27:37.638+0000] {logging_mixin.py:190} INFO - [2024-10-13T09:27:37.637+0000] {dag.py:3239} INFO - Sync 1 DAGs
[2024-10-13T09:27:37.663+0000] {logging_mixin.py:190} INFO - [2024-10-13T09:27:37.663+0000] {dag.py:4180} INFO - Setting next_dagrun for example_kubernetes_executor to None, run_after=None
[2024-10-13T09:27:37.702+0000] {processor.py:208} INFO - Processing /home/airflow/.local/lib/python3.12/site-packages/airflow/example_dags/example_kubernetes_executor.py took 0.245 seconds
[2024-10-13T09:28:08.040+0000] {processor.py:186} INFO - Started process (PID=3220) to work on /home/airflow/.local/lib/python3.12/site-packages/airflow/example_dags/example_kubernetes_executor.py
[2024-10-13T09:28:08.044+0000] {processor.py:914} INFO - Processing file /home/airflow/.local/lib/python3.12/site-packages/airflow/example_dags/example_kubernetes_executor.py for tasks to queue
[2024-10-13T09:28:08.049+0000] {logging_mixin.py:190} INFO - [2024-10-13T09:28:08.048+0000] {dagbag.py:588} INFO - Filling up the DagBag from /home/airflow/.local/lib/python3.12/site-packages/airflow/example_dags/example_kubernetes_executor.py
[2024-10-13T09:28:08.080+0000] {processor.py:925} INFO - DAG(s) 'example_kubernetes_executor' retrieved from /home/airflow/.local/lib/python3.12/site-packages/airflow/example_dags/example_kubernetes_executor.py
[2024-10-13T09:28:08.158+0000] {logging_mixin.py:190} INFO - [2024-10-13T09:28:08.157+0000] {dag.py:3239} INFO - Sync 1 DAGs
[2024-10-13T09:28:08.197+0000] {logging_mixin.py:190} INFO - [2024-10-13T09:28:08.196+0000] {dag.py:4180} INFO - Setting next_dagrun for example_kubernetes_executor to None, run_after=None
[2024-10-13T09:28:08.234+0000] {processor.py:208} INFO - Processing /home/airflow/.local/lib/python3.12/site-packages/airflow/example_dags/example_kubernetes_executor.py took 0.206 seconds
[2024-10-13T09:28:38.396+0000] {processor.py:186} INFO - Started process (PID=3282) to work on /home/airflow/.local/lib/python3.12/site-packages/airflow/example_dags/example_kubernetes_executor.py
[2024-10-13T09:28:38.398+0000] {processor.py:914} INFO - Processing file /home/airflow/.local/lib/python3.12/site-packages/airflow/example_dags/example_kubernetes_executor.py for tasks to queue
[2024-10-13T09:28:38.402+0000] {logging_mixin.py:190} INFO - [2024-10-13T09:28:38.401+0000] {dagbag.py:588} INFO - Filling up the DagBag from /home/airflow/.local/lib/python3.12/site-packages/airflow/example_dags/example_kubernetes_executor.py
[2024-10-13T09:28:38.422+0000] {processor.py:925} INFO - DAG(s) 'example_kubernetes_executor' retrieved from /home/airflow/.local/lib/python3.12/site-packages/airflow/example_dags/example_kubernetes_executor.py
[2024-10-13T09:28:38.485+0000] {logging_mixin.py:190} INFO - [2024-10-13T09:28:38.485+0000] {dag.py:3239} INFO - Sync 1 DAGs
[2024-10-13T09:28:38.504+0000] {logging_mixin.py:190} INFO - [2024-10-13T09:28:38.503+0000] {dag.py:4180} INFO - Setting next_dagrun for example_kubernetes_executor to None, run_after=None
[2024-10-13T09:28:38.534+0000] {processor.py:208} INFO - Processing /home/airflow/.local/lib/python3.12/site-packages/airflow/example_dags/example_kubernetes_executor.py took 0.146 seconds
[2024-10-13T09:29:08.621+0000] {processor.py:186} INFO - Started process (PID=3345) to work on /home/airflow/.local/lib/python3.12/site-packages/airflow/example_dags/example_kubernetes_executor.py
[2024-10-13T09:29:08.623+0000] {processor.py:914} INFO - Processing file /home/airflow/.local/lib/python3.12/site-packages/airflow/example_dags/example_kubernetes_executor.py for tasks to queue
[2024-10-13T09:29:08.627+0000] {logging_mixin.py:190} INFO - [2024-10-13T09:29:08.627+0000] {dagbag.py:588} INFO - Filling up the DagBag from /home/airflow/.local/lib/python3.12/site-packages/airflow/example_dags/example_kubernetes_executor.py
[2024-10-13T09:29:08.646+0000] {processor.py:925} INFO - DAG(s) 'example_kubernetes_executor' retrieved from /home/airflow/.local/lib/python3.12/site-packages/airflow/example_dags/example_kubernetes_executor.py
[2024-10-13T09:29:08.696+0000] {logging_mixin.py:190} INFO - [2024-10-13T09:29:08.695+0000] {dag.py:3239} INFO - Sync 1 DAGs
[2024-10-13T09:29:08.736+0000] {logging_mixin.py:190} INFO - [2024-10-13T09:29:08.736+0000] {dag.py:4180} INFO - Setting next_dagrun for example_kubernetes_executor to None, run_after=None
[2024-10-13T09:29:08.767+0000] {processor.py:208} INFO - Processing /home/airflow/.local/lib/python3.12/site-packages/airflow/example_dags/example_kubernetes_executor.py took 0.155 seconds
[2024-10-13T09:29:39.180+0000] {processor.py:186} INFO - Started process (PID=3409) to work on /home/airflow/.local/lib/python3.12/site-packages/airflow/example_dags/example_kubernetes_executor.py
[2024-10-13T09:29:39.181+0000] {processor.py:914} INFO - Processing file /home/airflow/.local/lib/python3.12/site-packages/airflow/example_dags/example_kubernetes_executor.py for tasks to queue
[2024-10-13T09:29:39.184+0000] {logging_mixin.py:190} INFO - [2024-10-13T09:29:39.183+0000] {dagbag.py:588} INFO - Filling up the DagBag from /home/airflow/.local/lib/python3.12/site-packages/airflow/example_dags/example_kubernetes_executor.py
[2024-10-13T09:29:39.202+0000] {processor.py:925} INFO - DAG(s) 'example_kubernetes_executor' retrieved from /home/airflow/.local/lib/python3.12/site-packages/airflow/example_dags/example_kubernetes_executor.py
[2024-10-13T09:29:39.254+0000] {logging_mixin.py:190} INFO - [2024-10-13T09:29:39.254+0000] {dag.py:3239} INFO - Sync 1 DAGs
[2024-10-13T09:29:39.270+0000] {logging_mixin.py:190} INFO - [2024-10-13T09:29:39.270+0000] {dag.py:4180} INFO - Setting next_dagrun for example_kubernetes_executor to None, run_after=None
[2024-10-13T09:29:39.303+0000] {processor.py:208} INFO - Processing /home/airflow/.local/lib/python3.12/site-packages/airflow/example_dags/example_kubernetes_executor.py took 0.129 seconds
[2024-10-13T09:30:09.562+0000] {processor.py:186} INFO - Started process (PID=3471) to work on /home/airflow/.local/lib/python3.12/site-packages/airflow/example_dags/example_kubernetes_executor.py
[2024-10-13T09:30:09.564+0000] {processor.py:914} INFO - Processing file /home/airflow/.local/lib/python3.12/site-packages/airflow/example_dags/example_kubernetes_executor.py for tasks to queue
[2024-10-13T09:30:09.569+0000] {logging_mixin.py:190} INFO - [2024-10-13T09:30:09.569+0000] {dagbag.py:588} INFO - Filling up the DagBag from /home/airflow/.local/lib/python3.12/site-packages/airflow/example_dags/example_kubernetes_executor.py
[2024-10-13T09:30:09.588+0000] {processor.py:925} INFO - DAG(s) 'example_kubernetes_executor' retrieved from /home/airflow/.local/lib/python3.12/site-packages/airflow/example_dags/example_kubernetes_executor.py
[2024-10-13T09:30:09.638+0000] {logging_mixin.py:190} INFO - [2024-10-13T09:30:09.638+0000] {dag.py:3239} INFO - Sync 1 DAGs
[2024-10-13T09:30:09.654+0000] {logging_mixin.py:190} INFO - [2024-10-13T09:30:09.653+0000] {dag.py:4180} INFO - Setting next_dagrun for example_kubernetes_executor to None, run_after=None
[2024-10-13T09:30:09.682+0000] {processor.py:208} INFO - Processing /home/airflow/.local/lib/python3.12/site-packages/airflow/example_dags/example_kubernetes_executor.py took 0.126 seconds
