[2024-10-13T09:02:41.318+0000] {processor.py:186} INFO - Started process (PID=126) to work on /home/airflow/.local/lib/python3.12/site-packages/airflow/example_dags/tutorial_objectstorage.py
[2024-10-13T09:02:41.324+0000] {processor.py:914} INFO - Processing file /home/airflow/.local/lib/python3.12/site-packages/airflow/example_dags/tutorial_objectstorage.py for tasks to queue
[2024-10-13T09:02:41.331+0000] {logging_mixin.py:190} INFO - [2024-10-13T09:02:41.330+0000] {dagbag.py:588} INFO - Filling up the DagBag from /home/airflow/.local/lib/python3.12/site-packages/airflow/example_dags/tutorial_objectstorage.py
[2024-10-13T09:02:41.372+0000] {processor.py:925} INFO - DAG(s) 'tutorial_objectstorage' retrieved from /home/airflow/.local/lib/python3.12/site-packages/airflow/example_dags/tutorial_objectstorage.py
[2024-10-13T09:02:41.448+0000] {logging_mixin.py:190} INFO - [2024-10-13T09:02:41.447+0000] {dag.py:3239} INFO - Sync 1 DAGs
[2024-10-13T09:02:41.525+0000] {logging_mixin.py:190} INFO - [2024-10-13T09:02:41.525+0000] {dag.py:4180} INFO - Setting next_dagrun for tutorial_objectstorage to None, run_after=None
[2024-10-13T09:02:41.610+0000] {processor.py:208} INFO - Processing /home/airflow/.local/lib/python3.12/site-packages/airflow/example_dags/tutorial_objectstorage.py took 0.310 seconds
[2024-10-13T09:03:12.526+0000] {processor.py:186} INFO - Started process (PID=189) to work on /home/airflow/.local/lib/python3.12/site-packages/airflow/example_dags/tutorial_objectstorage.py
[2024-10-13T09:03:12.530+0000] {processor.py:914} INFO - Processing file /home/airflow/.local/lib/python3.12/site-packages/airflow/example_dags/tutorial_objectstorage.py for tasks to queue
[2024-10-13T09:03:12.539+0000] {logging_mixin.py:190} INFO - [2024-10-13T09:03:12.538+0000] {dagbag.py:588} INFO - Filling up the DagBag from /home/airflow/.local/lib/python3.12/site-packages/airflow/example_dags/tutorial_objectstorage.py
[2024-10-13T09:03:12.566+0000] {processor.py:925} INFO - DAG(s) 'tutorial_objectstorage' retrieved from /home/airflow/.local/lib/python3.12/site-packages/airflow/example_dags/tutorial_objectstorage.py
[2024-10-13T09:03:12.687+0000] {logging_mixin.py:190} INFO - [2024-10-13T09:03:12.678+0000] {dag.py:3239} INFO - Sync 1 DAGs
[2024-10-13T09:03:12.751+0000] {logging_mixin.py:190} INFO - [2024-10-13T09:03:12.750+0000] {dag.py:4180} INFO - Setting next_dagrun for tutorial_objectstorage to None, run_after=None
[2024-10-13T09:03:12.894+0000] {processor.py:208} INFO - Processing /home/airflow/.local/lib/python3.12/site-packages/airflow/example_dags/tutorial_objectstorage.py took 0.430 seconds
[2024-10-13T09:03:44.159+0000] {processor.py:186} INFO - Started process (PID=253) to work on /home/airflow/.local/lib/python3.12/site-packages/airflow/example_dags/tutorial_objectstorage.py
[2024-10-13T09:03:44.162+0000] {processor.py:914} INFO - Processing file /home/airflow/.local/lib/python3.12/site-packages/airflow/example_dags/tutorial_objectstorage.py for tasks to queue
[2024-10-13T09:03:44.167+0000] {logging_mixin.py:190} INFO - [2024-10-13T09:03:44.166+0000] {dagbag.py:588} INFO - Filling up the DagBag from /home/airflow/.local/lib/python3.12/site-packages/airflow/example_dags/tutorial_objectstorage.py
[2024-10-13T09:03:44.192+0000] {processor.py:925} INFO - DAG(s) 'tutorial_objectstorage' retrieved from /home/airflow/.local/lib/python3.12/site-packages/airflow/example_dags/tutorial_objectstorage.py
[2024-10-13T09:03:44.254+0000] {logging_mixin.py:190} INFO - [2024-10-13T09:03:44.254+0000] {dag.py:3239} INFO - Sync 1 DAGs
[2024-10-13T09:03:44.308+0000] {logging_mixin.py:190} INFO - [2024-10-13T09:03:44.308+0000] {dag.py:4180} INFO - Setting next_dagrun for tutorial_objectstorage to None, run_after=None
[2024-10-13T09:03:44.358+0000] {processor.py:208} INFO - Processing /home/airflow/.local/lib/python3.12/site-packages/airflow/example_dags/tutorial_objectstorage.py took 0.215 seconds
[2024-10-13T09:04:20.653+0000] {processor.py:186} INFO - Started process (PID=315) to work on /home/airflow/.local/lib/python3.12/site-packages/airflow/example_dags/tutorial_objectstorage.py
[2024-10-13T09:04:20.679+0000] {processor.py:914} INFO - Processing file /home/airflow/.local/lib/python3.12/site-packages/airflow/example_dags/tutorial_objectstorage.py for tasks to queue
[2024-10-13T09:04:20.689+0000] {logging_mixin.py:190} INFO - [2024-10-13T09:04:20.686+0000] {dagbag.py:588} INFO - Filling up the DagBag from /home/airflow/.local/lib/python3.12/site-packages/airflow/example_dags/tutorial_objectstorage.py
[2024-10-13T09:04:20.751+0000] {processor.py:925} INFO - DAG(s) 'tutorial_objectstorage' retrieved from /home/airflow/.local/lib/python3.12/site-packages/airflow/example_dags/tutorial_objectstorage.py
[2024-10-13T09:04:20.810+0000] {logging_mixin.py:190} INFO - [2024-10-13T09:04:20.810+0000] {dag.py:3239} INFO - Sync 1 DAGs
[2024-10-13T09:04:20.887+0000] {logging_mixin.py:190} INFO - [2024-10-13T09:04:20.886+0000] {dag.py:4180} INFO - Setting next_dagrun for tutorial_objectstorage to None, run_after=None
[2024-10-13T09:04:20.979+0000] {processor.py:208} INFO - Processing /home/airflow/.local/lib/python3.12/site-packages/airflow/example_dags/tutorial_objectstorage.py took 0.366 seconds
[2024-10-13T09:04:51.209+0000] {processor.py:186} INFO - Started process (PID=378) to work on /home/airflow/.local/lib/python3.12/site-packages/airflow/example_dags/tutorial_objectstorage.py
[2024-10-13T09:04:51.211+0000] {processor.py:914} INFO - Processing file /home/airflow/.local/lib/python3.12/site-packages/airflow/example_dags/tutorial_objectstorage.py for tasks to queue
[2024-10-13T09:04:51.217+0000] {logging_mixin.py:190} INFO - [2024-10-13T09:04:51.216+0000] {dagbag.py:588} INFO - Filling up the DagBag from /home/airflow/.local/lib/python3.12/site-packages/airflow/example_dags/tutorial_objectstorage.py
[2024-10-13T09:04:51.237+0000] {processor.py:925} INFO - DAG(s) 'tutorial_objectstorage' retrieved from /home/airflow/.local/lib/python3.12/site-packages/airflow/example_dags/tutorial_objectstorage.py
[2024-10-13T09:04:51.278+0000] {logging_mixin.py:190} INFO - [2024-10-13T09:04:51.278+0000] {dag.py:3239} INFO - Sync 1 DAGs
[2024-10-13T09:04:51.304+0000] {logging_mixin.py:190} INFO - [2024-10-13T09:04:51.304+0000] {dag.py:4180} INFO - Setting next_dagrun for tutorial_objectstorage to None, run_after=None
[2024-10-13T09:04:51.352+0000] {processor.py:208} INFO - Processing /home/airflow/.local/lib/python3.12/site-packages/airflow/example_dags/tutorial_objectstorage.py took 0.155 seconds
[2024-10-13T09:05:21.587+0000] {processor.py:186} INFO - Started process (PID=441) to work on /home/airflow/.local/lib/python3.12/site-packages/airflow/example_dags/tutorial_objectstorage.py
[2024-10-13T09:05:21.591+0000] {processor.py:914} INFO - Processing file /home/airflow/.local/lib/python3.12/site-packages/airflow/example_dags/tutorial_objectstorage.py for tasks to queue
[2024-10-13T09:05:21.595+0000] {logging_mixin.py:190} INFO - [2024-10-13T09:05:21.594+0000] {dagbag.py:588} INFO - Filling up the DagBag from /home/airflow/.local/lib/python3.12/site-packages/airflow/example_dags/tutorial_objectstorage.py
[2024-10-13T09:05:21.607+0000] {processor.py:925} INFO - DAG(s) 'tutorial_objectstorage' retrieved from /home/airflow/.local/lib/python3.12/site-packages/airflow/example_dags/tutorial_objectstorage.py
[2024-10-13T09:05:21.630+0000] {logging_mixin.py:190} INFO - [2024-10-13T09:05:21.630+0000] {dag.py:3239} INFO - Sync 1 DAGs
[2024-10-13T09:05:21.646+0000] {logging_mixin.py:190} INFO - [2024-10-13T09:05:21.645+0000] {dag.py:4180} INFO - Setting next_dagrun for tutorial_objectstorage to None, run_after=None
[2024-10-13T09:05:21.673+0000] {processor.py:208} INFO - Processing /home/airflow/.local/lib/python3.12/site-packages/airflow/example_dags/tutorial_objectstorage.py took 0.093 seconds
[2024-10-13T09:05:51.885+0000] {processor.py:186} INFO - Started process (PID=504) to work on /home/airflow/.local/lib/python3.12/site-packages/airflow/example_dags/tutorial_objectstorage.py
[2024-10-13T09:05:51.888+0000] {processor.py:914} INFO - Processing file /home/airflow/.local/lib/python3.12/site-packages/airflow/example_dags/tutorial_objectstorage.py for tasks to queue
[2024-10-13T09:05:51.895+0000] {logging_mixin.py:190} INFO - [2024-10-13T09:05:51.894+0000] {dagbag.py:588} INFO - Filling up the DagBag from /home/airflow/.local/lib/python3.12/site-packages/airflow/example_dags/tutorial_objectstorage.py
[2024-10-13T09:05:51.925+0000] {processor.py:925} INFO - DAG(s) 'tutorial_objectstorage' retrieved from /home/airflow/.local/lib/python3.12/site-packages/airflow/example_dags/tutorial_objectstorage.py
[2024-10-13T09:05:51.974+0000] {logging_mixin.py:190} INFO - [2024-10-13T09:05:51.974+0000] {dag.py:3239} INFO - Sync 1 DAGs
[2024-10-13T09:05:52.007+0000] {logging_mixin.py:190} INFO - [2024-10-13T09:05:52.006+0000] {dag.py:4180} INFO - Setting next_dagrun for tutorial_objectstorage to None, run_after=None
[2024-10-13T09:05:52.058+0000] {processor.py:208} INFO - Processing /home/airflow/.local/lib/python3.12/site-packages/airflow/example_dags/tutorial_objectstorage.py took 0.186 seconds
[2024-10-13T09:06:22.333+0000] {processor.py:186} INFO - Started process (PID=567) to work on /home/airflow/.local/lib/python3.12/site-packages/airflow/example_dags/tutorial_objectstorage.py
[2024-10-13T09:06:22.335+0000] {processor.py:914} INFO - Processing file /home/airflow/.local/lib/python3.12/site-packages/airflow/example_dags/tutorial_objectstorage.py for tasks to queue
[2024-10-13T09:06:22.338+0000] {logging_mixin.py:190} INFO - [2024-10-13T09:06:22.337+0000] {dagbag.py:588} INFO - Filling up the DagBag from /home/airflow/.local/lib/python3.12/site-packages/airflow/example_dags/tutorial_objectstorage.py
[2024-10-13T09:06:22.348+0000] {processor.py:925} INFO - DAG(s) 'tutorial_objectstorage' retrieved from /home/airflow/.local/lib/python3.12/site-packages/airflow/example_dags/tutorial_objectstorage.py
[2024-10-13T09:06:22.375+0000] {logging_mixin.py:190} INFO - [2024-10-13T09:06:22.375+0000] {dag.py:3239} INFO - Sync 1 DAGs
[2024-10-13T09:06:22.397+0000] {logging_mixin.py:190} INFO - [2024-10-13T09:06:22.397+0000] {dag.py:4180} INFO - Setting next_dagrun for tutorial_objectstorage to None, run_after=None
[2024-10-13T09:06:22.427+0000] {processor.py:208} INFO - Processing /home/airflow/.local/lib/python3.12/site-packages/airflow/example_dags/tutorial_objectstorage.py took 0.100 seconds
[2024-10-13T09:06:52.627+0000] {processor.py:186} INFO - Started process (PID=630) to work on /home/airflow/.local/lib/python3.12/site-packages/airflow/example_dags/tutorial_objectstorage.py
[2024-10-13T09:06:52.628+0000] {processor.py:914} INFO - Processing file /home/airflow/.local/lib/python3.12/site-packages/airflow/example_dags/tutorial_objectstorage.py for tasks to queue
[2024-10-13T09:06:52.631+0000] {logging_mixin.py:190} INFO - [2024-10-13T09:06:52.630+0000] {dagbag.py:588} INFO - Filling up the DagBag from /home/airflow/.local/lib/python3.12/site-packages/airflow/example_dags/tutorial_objectstorage.py
[2024-10-13T09:06:52.642+0000] {processor.py:925} INFO - DAG(s) 'tutorial_objectstorage' retrieved from /home/airflow/.local/lib/python3.12/site-packages/airflow/example_dags/tutorial_objectstorage.py
[2024-10-13T09:06:52.663+0000] {logging_mixin.py:190} INFO - [2024-10-13T09:06:52.663+0000] {dag.py:3239} INFO - Sync 1 DAGs
[2024-10-13T09:06:52.686+0000] {logging_mixin.py:190} INFO - [2024-10-13T09:06:52.685+0000] {dag.py:4180} INFO - Setting next_dagrun for tutorial_objectstorage to None, run_after=None
[2024-10-13T09:06:52.711+0000] {processor.py:208} INFO - Processing /home/airflow/.local/lib/python3.12/site-packages/airflow/example_dags/tutorial_objectstorage.py took 0.092 seconds
[2024-10-13T09:07:24.607+0000] {processor.py:186} INFO - Started process (PID=694) to work on /home/airflow/.local/lib/python3.12/site-packages/airflow/example_dags/tutorial_objectstorage.py
[2024-10-13T09:07:24.609+0000] {processor.py:914} INFO - Processing file /home/airflow/.local/lib/python3.12/site-packages/airflow/example_dags/tutorial_objectstorage.py for tasks to queue
[2024-10-13T09:07:24.614+0000] {logging_mixin.py:190} INFO - [2024-10-13T09:07:24.614+0000] {dagbag.py:588} INFO - Filling up the DagBag from /home/airflow/.local/lib/python3.12/site-packages/airflow/example_dags/tutorial_objectstorage.py
[2024-10-13T09:07:24.632+0000] {processor.py:925} INFO - DAG(s) 'tutorial_objectstorage' retrieved from /home/airflow/.local/lib/python3.12/site-packages/airflow/example_dags/tutorial_objectstorage.py
[2024-10-13T09:07:24.667+0000] {logging_mixin.py:190} INFO - [2024-10-13T09:07:24.666+0000] {dag.py:3239} INFO - Sync 1 DAGs
[2024-10-13T09:07:24.703+0000] {logging_mixin.py:190} INFO - [2024-10-13T09:07:24.702+0000] {dag.py:4180} INFO - Setting next_dagrun for tutorial_objectstorage to None, run_after=None
[2024-10-13T09:07:24.755+0000] {processor.py:208} INFO - Processing /home/airflow/.local/lib/python3.12/site-packages/airflow/example_dags/tutorial_objectstorage.py took 0.160 seconds
[2024-10-13T09:07:55.135+0000] {processor.py:186} INFO - Started process (PID=757) to work on /home/airflow/.local/lib/python3.12/site-packages/airflow/example_dags/tutorial_objectstorage.py
[2024-10-13T09:07:55.138+0000] {processor.py:914} INFO - Processing file /home/airflow/.local/lib/python3.12/site-packages/airflow/example_dags/tutorial_objectstorage.py for tasks to queue
[2024-10-13T09:07:55.143+0000] {logging_mixin.py:190} INFO - [2024-10-13T09:07:55.142+0000] {dagbag.py:588} INFO - Filling up the DagBag from /home/airflow/.local/lib/python3.12/site-packages/airflow/example_dags/tutorial_objectstorage.py
[2024-10-13T09:07:55.163+0000] {processor.py:925} INFO - DAG(s) 'tutorial_objectstorage' retrieved from /home/airflow/.local/lib/python3.12/site-packages/airflow/example_dags/tutorial_objectstorage.py
[2024-10-13T09:07:55.207+0000] {logging_mixin.py:190} INFO - [2024-10-13T09:07:55.207+0000] {dag.py:3239} INFO - Sync 1 DAGs
[2024-10-13T09:07:55.230+0000] {logging_mixin.py:190} INFO - [2024-10-13T09:07:55.230+0000] {dag.py:4180} INFO - Setting next_dagrun for tutorial_objectstorage to None, run_after=None
[2024-10-13T09:07:55.264+0000] {processor.py:208} INFO - Processing /home/airflow/.local/lib/python3.12/site-packages/airflow/example_dags/tutorial_objectstorage.py took 0.142 seconds
[2024-10-13T09:08:25.840+0000] {processor.py:186} INFO - Started process (PID=820) to work on /home/airflow/.local/lib/python3.12/site-packages/airflow/example_dags/tutorial_objectstorage.py
[2024-10-13T09:08:25.842+0000] {processor.py:914} INFO - Processing file /home/airflow/.local/lib/python3.12/site-packages/airflow/example_dags/tutorial_objectstorage.py for tasks to queue
[2024-10-13T09:08:25.847+0000] {logging_mixin.py:190} INFO - [2024-10-13T09:08:25.847+0000] {dagbag.py:588} INFO - Filling up the DagBag from /home/airflow/.local/lib/python3.12/site-packages/airflow/example_dags/tutorial_objectstorage.py
[2024-10-13T09:08:25.867+0000] {processor.py:925} INFO - DAG(s) 'tutorial_objectstorage' retrieved from /home/airflow/.local/lib/python3.12/site-packages/airflow/example_dags/tutorial_objectstorage.py
[2024-10-13T09:08:25.918+0000] {logging_mixin.py:190} INFO - [2024-10-13T09:08:25.917+0000] {dag.py:3239} INFO - Sync 1 DAGs
[2024-10-13T09:08:25.966+0000] {logging_mixin.py:190} INFO - [2024-10-13T09:08:25.965+0000] {dag.py:4180} INFO - Setting next_dagrun for tutorial_objectstorage to None, run_after=None
[2024-10-13T09:08:26.039+0000] {processor.py:208} INFO - Processing /home/airflow/.local/lib/python3.12/site-packages/airflow/example_dags/tutorial_objectstorage.py took 0.217 seconds
[2024-10-13T09:08:56.625+0000] {processor.py:186} INFO - Started process (PID=883) to work on /home/airflow/.local/lib/python3.12/site-packages/airflow/example_dags/tutorial_objectstorage.py
[2024-10-13T09:08:56.633+0000] {processor.py:914} INFO - Processing file /home/airflow/.local/lib/python3.12/site-packages/airflow/example_dags/tutorial_objectstorage.py for tasks to queue
[2024-10-13T09:08:56.647+0000] {logging_mixin.py:190} INFO - [2024-10-13T09:08:56.646+0000] {dagbag.py:588} INFO - Filling up the DagBag from /home/airflow/.local/lib/python3.12/site-packages/airflow/example_dags/tutorial_objectstorage.py
[2024-10-13T09:08:56.675+0000] {processor.py:925} INFO - DAG(s) 'tutorial_objectstorage' retrieved from /home/airflow/.local/lib/python3.12/site-packages/airflow/example_dags/tutorial_objectstorage.py
[2024-10-13T09:08:56.758+0000] {logging_mixin.py:190} INFO - [2024-10-13T09:08:56.757+0000] {dag.py:3239} INFO - Sync 1 DAGs
[2024-10-13T09:08:56.789+0000] {logging_mixin.py:190} INFO - [2024-10-13T09:08:56.789+0000] {dag.py:4180} INFO - Setting next_dagrun for tutorial_objectstorage to None, run_after=None
[2024-10-13T09:08:56.844+0000] {processor.py:208} INFO - Processing /home/airflow/.local/lib/python3.12/site-packages/airflow/example_dags/tutorial_objectstorage.py took 0.235 seconds
[2024-10-13T09:09:30.094+0000] {processor.py:186} INFO - Started process (PID=947) to work on /home/airflow/.local/lib/python3.12/site-packages/airflow/example_dags/tutorial_objectstorage.py
[2024-10-13T09:09:30.416+0000] {processor.py:914} INFO - Processing file /home/airflow/.local/lib/python3.12/site-packages/airflow/example_dags/tutorial_objectstorage.py for tasks to queue
[2024-10-13T09:09:30.435+0000] {logging_mixin.py:190} INFO - [2024-10-13T09:09:30.433+0000] {dagbag.py:588} INFO - Filling up the DagBag from /home/airflow/.local/lib/python3.12/site-packages/airflow/example_dags/tutorial_objectstorage.py
[2024-10-13T09:09:30.477+0000] {processor.py:925} INFO - DAG(s) 'tutorial_objectstorage' retrieved from /home/airflow/.local/lib/python3.12/site-packages/airflow/example_dags/tutorial_objectstorage.py
[2024-10-13T09:09:30.596+0000] {logging_mixin.py:190} INFO - [2024-10-13T09:09:30.595+0000] {dag.py:3239} INFO - Sync 1 DAGs
[2024-10-13T09:09:30.660+0000] {logging_mixin.py:190} INFO - [2024-10-13T09:09:30.659+0000] {dag.py:4180} INFO - Setting next_dagrun for tutorial_objectstorage to None, run_after=None
[2024-10-13T09:09:30.768+0000] {processor.py:208} INFO - Processing /home/airflow/.local/lib/python3.12/site-packages/airflow/example_dags/tutorial_objectstorage.py took 0.695 seconds
[2024-10-13T09:10:01.050+0000] {processor.py:186} INFO - Started process (PID=1010) to work on /home/airflow/.local/lib/python3.12/site-packages/airflow/example_dags/tutorial_objectstorage.py
[2024-10-13T09:10:01.051+0000] {processor.py:914} INFO - Processing file /home/airflow/.local/lib/python3.12/site-packages/airflow/example_dags/tutorial_objectstorage.py for tasks to queue
[2024-10-13T09:10:01.053+0000] {logging_mixin.py:190} INFO - [2024-10-13T09:10:01.053+0000] {dagbag.py:588} INFO - Filling up the DagBag from /home/airflow/.local/lib/python3.12/site-packages/airflow/example_dags/tutorial_objectstorage.py
[2024-10-13T09:10:01.061+0000] {processor.py:925} INFO - DAG(s) 'tutorial_objectstorage' retrieved from /home/airflow/.local/lib/python3.12/site-packages/airflow/example_dags/tutorial_objectstorage.py
[2024-10-13T09:10:01.079+0000] {logging_mixin.py:190} INFO - [2024-10-13T09:10:01.079+0000] {dag.py:3239} INFO - Sync 1 DAGs
[2024-10-13T09:10:01.093+0000] {logging_mixin.py:190} INFO - [2024-10-13T09:10:01.093+0000] {dag.py:4180} INFO - Setting next_dagrun for tutorial_objectstorage to None, run_after=None
[2024-10-13T09:10:01.111+0000] {processor.py:208} INFO - Processing /home/airflow/.local/lib/python3.12/site-packages/airflow/example_dags/tutorial_objectstorage.py took 0.066 seconds
[2024-10-13T09:10:31.406+0000] {processor.py:186} INFO - Started process (PID=1073) to work on /home/airflow/.local/lib/python3.12/site-packages/airflow/example_dags/tutorial_objectstorage.py
[2024-10-13T09:10:31.407+0000] {processor.py:914} INFO - Processing file /home/airflow/.local/lib/python3.12/site-packages/airflow/example_dags/tutorial_objectstorage.py for tasks to queue
[2024-10-13T09:10:31.410+0000] {logging_mixin.py:190} INFO - [2024-10-13T09:10:31.410+0000] {dagbag.py:588} INFO - Filling up the DagBag from /home/airflow/.local/lib/python3.12/site-packages/airflow/example_dags/tutorial_objectstorage.py
[2024-10-13T09:10:31.419+0000] {processor.py:925} INFO - DAG(s) 'tutorial_objectstorage' retrieved from /home/airflow/.local/lib/python3.12/site-packages/airflow/example_dags/tutorial_objectstorage.py
[2024-10-13T09:10:31.436+0000] {logging_mixin.py:190} INFO - [2024-10-13T09:10:31.436+0000] {dag.py:3239} INFO - Sync 1 DAGs
[2024-10-13T09:10:31.449+0000] {logging_mixin.py:190} INFO - [2024-10-13T09:10:31.449+0000] {dag.py:4180} INFO - Setting next_dagrun for tutorial_objectstorage to None, run_after=None
[2024-10-13T09:10:31.467+0000] {processor.py:208} INFO - Processing /home/airflow/.local/lib/python3.12/site-packages/airflow/example_dags/tutorial_objectstorage.py took 0.066 seconds
[2024-10-13T09:11:01.578+0000] {processor.py:186} INFO - Started process (PID=1136) to work on /home/airflow/.local/lib/python3.12/site-packages/airflow/example_dags/tutorial_objectstorage.py
[2024-10-13T09:11:01.580+0000] {processor.py:914} INFO - Processing file /home/airflow/.local/lib/python3.12/site-packages/airflow/example_dags/tutorial_objectstorage.py for tasks to queue
[2024-10-13T09:11:01.584+0000] {logging_mixin.py:190} INFO - [2024-10-13T09:11:01.584+0000] {dagbag.py:588} INFO - Filling up the DagBag from /home/airflow/.local/lib/python3.12/site-packages/airflow/example_dags/tutorial_objectstorage.py
[2024-10-13T09:11:01.598+0000] {processor.py:925} INFO - DAG(s) 'tutorial_objectstorage' retrieved from /home/airflow/.local/lib/python3.12/site-packages/airflow/example_dags/tutorial_objectstorage.py
[2024-10-13T09:11:01.619+0000] {logging_mixin.py:190} INFO - [2024-10-13T09:11:01.619+0000] {dag.py:3239} INFO - Sync 1 DAGs
[2024-10-13T09:11:01.635+0000] {logging_mixin.py:190} INFO - [2024-10-13T09:11:01.635+0000] {dag.py:4180} INFO - Setting next_dagrun for tutorial_objectstorage to None, run_after=None
[2024-10-13T09:11:01.769+0000] {processor.py:208} INFO - Processing /home/airflow/.local/lib/python3.12/site-packages/airflow/example_dags/tutorial_objectstorage.py took 0.200 seconds
[2024-10-13T09:11:32.171+0000] {processor.py:186} INFO - Started process (PID=1199) to work on /home/airflow/.local/lib/python3.12/site-packages/airflow/example_dags/tutorial_objectstorage.py
[2024-10-13T09:11:32.173+0000] {processor.py:914} INFO - Processing file /home/airflow/.local/lib/python3.12/site-packages/airflow/example_dags/tutorial_objectstorage.py for tasks to queue
[2024-10-13T09:11:32.176+0000] {logging_mixin.py:190} INFO - [2024-10-13T09:11:32.176+0000] {dagbag.py:588} INFO - Filling up the DagBag from /home/airflow/.local/lib/python3.12/site-packages/airflow/example_dags/tutorial_objectstorage.py
[2024-10-13T09:11:32.187+0000] {processor.py:925} INFO - DAG(s) 'tutorial_objectstorage' retrieved from /home/airflow/.local/lib/python3.12/site-packages/airflow/example_dags/tutorial_objectstorage.py
[2024-10-13T09:11:32.208+0000] {logging_mixin.py:190} INFO - [2024-10-13T09:11:32.208+0000] {dag.py:3239} INFO - Sync 1 DAGs
[2024-10-13T09:11:32.224+0000] {logging_mixin.py:190} INFO - [2024-10-13T09:11:32.224+0000] {dag.py:4180} INFO - Setting next_dagrun for tutorial_objectstorage to None, run_after=None
[2024-10-13T09:11:32.254+0000] {processor.py:208} INFO - Processing /home/airflow/.local/lib/python3.12/site-packages/airflow/example_dags/tutorial_objectstorage.py took 0.089 seconds
[2024-10-13T09:12:03.150+0000] {processor.py:186} INFO - Started process (PID=1262) to work on /home/airflow/.local/lib/python3.12/site-packages/airflow/example_dags/tutorial_objectstorage.py
[2024-10-13T09:12:03.152+0000] {processor.py:914} INFO - Processing file /home/airflow/.local/lib/python3.12/site-packages/airflow/example_dags/tutorial_objectstorage.py for tasks to queue
[2024-10-13T09:12:03.159+0000] {logging_mixin.py:190} INFO - [2024-10-13T09:12:03.158+0000] {dagbag.py:588} INFO - Filling up the DagBag from /home/airflow/.local/lib/python3.12/site-packages/airflow/example_dags/tutorial_objectstorage.py
[2024-10-13T09:12:03.180+0000] {processor.py:925} INFO - DAG(s) 'tutorial_objectstorage' retrieved from /home/airflow/.local/lib/python3.12/site-packages/airflow/example_dags/tutorial_objectstorage.py
[2024-10-13T09:12:03.222+0000] {logging_mixin.py:190} INFO - [2024-10-13T09:12:03.222+0000] {dag.py:3239} INFO - Sync 1 DAGs
[2024-10-13T09:12:03.252+0000] {logging_mixin.py:190} INFO - [2024-10-13T09:12:03.251+0000] {dag.py:4180} INFO - Setting next_dagrun for tutorial_objectstorage to None, run_after=None
[2024-10-13T09:12:03.285+0000] {processor.py:208} INFO - Processing /home/airflow/.local/lib/python3.12/site-packages/airflow/example_dags/tutorial_objectstorage.py took 0.144 seconds
[2024-10-13T09:12:33.836+0000] {processor.py:186} INFO - Started process (PID=1325) to work on /home/airflow/.local/lib/python3.12/site-packages/airflow/example_dags/tutorial_objectstorage.py
[2024-10-13T09:12:33.837+0000] {processor.py:914} INFO - Processing file /home/airflow/.local/lib/python3.12/site-packages/airflow/example_dags/tutorial_objectstorage.py for tasks to queue
[2024-10-13T09:12:33.843+0000] {logging_mixin.py:190} INFO - [2024-10-13T09:12:33.842+0000] {dagbag.py:588} INFO - Filling up the DagBag from /home/airflow/.local/lib/python3.12/site-packages/airflow/example_dags/tutorial_objectstorage.py
[2024-10-13T09:12:33.856+0000] {processor.py:925} INFO - DAG(s) 'tutorial_objectstorage' retrieved from /home/airflow/.local/lib/python3.12/site-packages/airflow/example_dags/tutorial_objectstorage.py
[2024-10-13T09:12:33.889+0000] {logging_mixin.py:190} INFO - [2024-10-13T09:12:33.889+0000] {dag.py:3239} INFO - Sync 1 DAGs
[2024-10-13T09:12:33.910+0000] {logging_mixin.py:190} INFO - [2024-10-13T09:12:33.910+0000] {dag.py:4180} INFO - Setting next_dagrun for tutorial_objectstorage to None, run_after=None
[2024-10-13T09:12:33.944+0000] {processor.py:208} INFO - Processing /home/airflow/.local/lib/python3.12/site-packages/airflow/example_dags/tutorial_objectstorage.py took 0.116 seconds
[2024-10-13T09:13:10.639+0000] {processor.py:186} INFO - Started process (PID=1392) to work on /home/airflow/.local/lib/python3.12/site-packages/airflow/example_dags/tutorial_objectstorage.py
[2024-10-13T09:13:10.645+0000] {processor.py:914} INFO - Processing file /home/airflow/.local/lib/python3.12/site-packages/airflow/example_dags/tutorial_objectstorage.py for tasks to queue
[2024-10-13T09:13:10.650+0000] {logging_mixin.py:190} INFO - [2024-10-13T09:13:10.649+0000] {dagbag.py:588} INFO - Filling up the DagBag from /home/airflow/.local/lib/python3.12/site-packages/airflow/example_dags/tutorial_objectstorage.py
[2024-10-13T09:13:10.720+0000] {processor.py:925} INFO - DAG(s) 'tutorial_objectstorage' retrieved from /home/airflow/.local/lib/python3.12/site-packages/airflow/example_dags/tutorial_objectstorage.py
[2024-10-13T09:13:10.801+0000] {logging_mixin.py:190} INFO - [2024-10-13T09:13:10.800+0000] {dag.py:3239} INFO - Sync 1 DAGs
[2024-10-13T09:13:10.869+0000] {logging_mixin.py:190} INFO - [2024-10-13T09:13:10.864+0000] {dag.py:4180} INFO - Setting next_dagrun for tutorial_objectstorage to None, run_after=None
[2024-10-13T09:13:11.056+0000] {processor.py:208} INFO - Processing /home/airflow/.local/lib/python3.12/site-packages/airflow/example_dags/tutorial_objectstorage.py took 0.452 seconds
[2024-10-13T09:13:41.305+0000] {processor.py:186} INFO - Started process (PID=1455) to work on /home/airflow/.local/lib/python3.12/site-packages/airflow/example_dags/tutorial_objectstorage.py
[2024-10-13T09:13:41.307+0000] {processor.py:914} INFO - Processing file /home/airflow/.local/lib/python3.12/site-packages/airflow/example_dags/tutorial_objectstorage.py for tasks to queue
[2024-10-13T09:13:41.313+0000] {logging_mixin.py:190} INFO - [2024-10-13T09:13:41.313+0000] {dagbag.py:588} INFO - Filling up the DagBag from /home/airflow/.local/lib/python3.12/site-packages/airflow/example_dags/tutorial_objectstorage.py
[2024-10-13T09:13:41.328+0000] {processor.py:925} INFO - DAG(s) 'tutorial_objectstorage' retrieved from /home/airflow/.local/lib/python3.12/site-packages/airflow/example_dags/tutorial_objectstorage.py
[2024-10-13T09:13:41.362+0000] {logging_mixin.py:190} INFO - [2024-10-13T09:13:41.362+0000] {dag.py:3239} INFO - Sync 1 DAGs
[2024-10-13T09:13:41.397+0000] {logging_mixin.py:190} INFO - [2024-10-13T09:13:41.396+0000] {dag.py:4180} INFO - Setting next_dagrun for tutorial_objectstorage to None, run_after=None
[2024-10-13T09:13:41.446+0000] {processor.py:208} INFO - Processing /home/airflow/.local/lib/python3.12/site-packages/airflow/example_dags/tutorial_objectstorage.py took 0.152 seconds
[2024-10-13T09:14:11.913+0000] {processor.py:186} INFO - Started process (PID=1518) to work on /home/airflow/.local/lib/python3.12/site-packages/airflow/example_dags/tutorial_objectstorage.py
[2024-10-13T09:14:11.923+0000] {processor.py:914} INFO - Processing file /home/airflow/.local/lib/python3.12/site-packages/airflow/example_dags/tutorial_objectstorage.py for tasks to queue
[2024-10-13T09:14:11.935+0000] {logging_mixin.py:190} INFO - [2024-10-13T09:14:11.934+0000] {dagbag.py:588} INFO - Filling up the DagBag from /home/airflow/.local/lib/python3.12/site-packages/airflow/example_dags/tutorial_objectstorage.py
[2024-10-13T09:14:11.970+0000] {processor.py:925} INFO - DAG(s) 'tutorial_objectstorage' retrieved from /home/airflow/.local/lib/python3.12/site-packages/airflow/example_dags/tutorial_objectstorage.py
[2024-10-13T09:14:12.049+0000] {logging_mixin.py:190} INFO - [2024-10-13T09:14:12.042+0000] {dag.py:3239} INFO - Sync 1 DAGs
[2024-10-13T09:14:12.098+0000] {logging_mixin.py:190} INFO - [2024-10-13T09:14:12.098+0000] {dag.py:4180} INFO - Setting next_dagrun for tutorial_objectstorage to None, run_after=None
[2024-10-13T09:14:12.187+0000] {processor.py:208} INFO - Processing /home/airflow/.local/lib/python3.12/site-packages/airflow/example_dags/tutorial_objectstorage.py took 0.296 seconds
[2024-10-13T09:14:43.047+0000] {processor.py:186} INFO - Started process (PID=1582) to work on /home/airflow/.local/lib/python3.12/site-packages/airflow/example_dags/tutorial_objectstorage.py
[2024-10-13T09:14:43.049+0000] {processor.py:914} INFO - Processing file /home/airflow/.local/lib/python3.12/site-packages/airflow/example_dags/tutorial_objectstorage.py for tasks to queue
[2024-10-13T09:14:43.053+0000] {logging_mixin.py:190} INFO - [2024-10-13T09:14:43.053+0000] {dagbag.py:588} INFO - Filling up the DagBag from /home/airflow/.local/lib/python3.12/site-packages/airflow/example_dags/tutorial_objectstorage.py
[2024-10-13T09:14:43.068+0000] {processor.py:925} INFO - DAG(s) 'tutorial_objectstorage' retrieved from /home/airflow/.local/lib/python3.12/site-packages/airflow/example_dags/tutorial_objectstorage.py
[2024-10-13T09:14:43.099+0000] {logging_mixin.py:190} INFO - [2024-10-13T09:14:43.098+0000] {dag.py:3239} INFO - Sync 1 DAGs
[2024-10-13T09:14:43.122+0000] {logging_mixin.py:190} INFO - [2024-10-13T09:14:43.122+0000] {dag.py:4180} INFO - Setting next_dagrun for tutorial_objectstorage to None, run_after=None
[2024-10-13T09:14:43.160+0000] {processor.py:208} INFO - Processing /home/airflow/.local/lib/python3.12/site-packages/airflow/example_dags/tutorial_objectstorage.py took 0.121 seconds
[2024-10-13T09:15:13.865+0000] {processor.py:186} INFO - Started process (PID=1645) to work on /home/airflow/.local/lib/python3.12/site-packages/airflow/example_dags/tutorial_objectstorage.py
[2024-10-13T09:15:13.866+0000] {processor.py:914} INFO - Processing file /home/airflow/.local/lib/python3.12/site-packages/airflow/example_dags/tutorial_objectstorage.py for tasks to queue
[2024-10-13T09:15:13.869+0000] {logging_mixin.py:190} INFO - [2024-10-13T09:15:13.869+0000] {dagbag.py:588} INFO - Filling up the DagBag from /home/airflow/.local/lib/python3.12/site-packages/airflow/example_dags/tutorial_objectstorage.py
[2024-10-13T09:15:13.880+0000] {processor.py:925} INFO - DAG(s) 'tutorial_objectstorage' retrieved from /home/airflow/.local/lib/python3.12/site-packages/airflow/example_dags/tutorial_objectstorage.py
[2024-10-13T09:15:13.901+0000] {logging_mixin.py:190} INFO - [2024-10-13T09:15:13.901+0000] {dag.py:3239} INFO - Sync 1 DAGs
[2024-10-13T09:15:13.917+0000] {logging_mixin.py:190} INFO - [2024-10-13T09:15:13.917+0000] {dag.py:4180} INFO - Setting next_dagrun for tutorial_objectstorage to None, run_after=None
[2024-10-13T09:15:13.943+0000] {processor.py:208} INFO - Processing /home/airflow/.local/lib/python3.12/site-packages/airflow/example_dags/tutorial_objectstorage.py took 0.085 seconds
[2024-10-13T09:15:44.898+0000] {processor.py:186} INFO - Started process (PID=1708) to work on /home/airflow/.local/lib/python3.12/site-packages/airflow/example_dags/tutorial_objectstorage.py
[2024-10-13T09:15:44.900+0000] {processor.py:914} INFO - Processing file /home/airflow/.local/lib/python3.12/site-packages/airflow/example_dags/tutorial_objectstorage.py for tasks to queue
[2024-10-13T09:15:44.903+0000] {logging_mixin.py:190} INFO - [2024-10-13T09:15:44.902+0000] {dagbag.py:588} INFO - Filling up the DagBag from /home/airflow/.local/lib/python3.12/site-packages/airflow/example_dags/tutorial_objectstorage.py
[2024-10-13T09:15:44.918+0000] {processor.py:925} INFO - DAG(s) 'tutorial_objectstorage' retrieved from /home/airflow/.local/lib/python3.12/site-packages/airflow/example_dags/tutorial_objectstorage.py
[2024-10-13T09:15:44.945+0000] {logging_mixin.py:190} INFO - [2024-10-13T09:15:44.944+0000] {dag.py:3239} INFO - Sync 1 DAGs
[2024-10-13T09:15:44.961+0000] {logging_mixin.py:190} INFO - [2024-10-13T09:15:44.961+0000] {dag.py:4180} INFO - Setting next_dagrun for tutorial_objectstorage to None, run_after=None
[2024-10-13T09:15:44.994+0000] {processor.py:208} INFO - Processing /home/airflow/.local/lib/python3.12/site-packages/airflow/example_dags/tutorial_objectstorage.py took 0.102 seconds
[2024-10-13T09:16:15.476+0000] {processor.py:186} INFO - Started process (PID=1771) to work on /home/airflow/.local/lib/python3.12/site-packages/airflow/example_dags/tutorial_objectstorage.py
[2024-10-13T09:16:15.478+0000] {processor.py:914} INFO - Processing file /home/airflow/.local/lib/python3.12/site-packages/airflow/example_dags/tutorial_objectstorage.py for tasks to queue
[2024-10-13T09:16:15.484+0000] {logging_mixin.py:190} INFO - [2024-10-13T09:16:15.483+0000] {dagbag.py:588} INFO - Filling up the DagBag from /home/airflow/.local/lib/python3.12/site-packages/airflow/example_dags/tutorial_objectstorage.py
[2024-10-13T09:16:15.509+0000] {processor.py:925} INFO - DAG(s) 'tutorial_objectstorage' retrieved from /home/airflow/.local/lib/python3.12/site-packages/airflow/example_dags/tutorial_objectstorage.py
[2024-10-13T09:16:15.556+0000] {logging_mixin.py:190} INFO - [2024-10-13T09:16:15.555+0000] {dag.py:3239} INFO - Sync 1 DAGs
[2024-10-13T09:16:15.594+0000] {logging_mixin.py:190} INFO - [2024-10-13T09:16:15.594+0000] {dag.py:4180} INFO - Setting next_dagrun for tutorial_objectstorage to None, run_after=None
[2024-10-13T09:16:15.644+0000] {processor.py:208} INFO - Processing /home/airflow/.local/lib/python3.12/site-packages/airflow/example_dags/tutorial_objectstorage.py took 0.178 seconds
[2024-10-13T09:16:46.503+0000] {processor.py:186} INFO - Started process (PID=1834) to work on /home/airflow/.local/lib/python3.12/site-packages/airflow/example_dags/tutorial_objectstorage.py
[2024-10-13T09:16:46.506+0000] {processor.py:914} INFO - Processing file /home/airflow/.local/lib/python3.12/site-packages/airflow/example_dags/tutorial_objectstorage.py for tasks to queue
[2024-10-13T09:16:46.510+0000] {logging_mixin.py:190} INFO - [2024-10-13T09:16:46.509+0000] {dagbag.py:588} INFO - Filling up the DagBag from /home/airflow/.local/lib/python3.12/site-packages/airflow/example_dags/tutorial_objectstorage.py
[2024-10-13T09:16:46.524+0000] {processor.py:925} INFO - DAG(s) 'tutorial_objectstorage' retrieved from /home/airflow/.local/lib/python3.12/site-packages/airflow/example_dags/tutorial_objectstorage.py
[2024-10-13T09:16:46.552+0000] {logging_mixin.py:190} INFO - [2024-10-13T09:16:46.551+0000] {dag.py:3239} INFO - Sync 1 DAGs
[2024-10-13T09:16:46.572+0000] {logging_mixin.py:190} INFO - [2024-10-13T09:16:46.571+0000] {dag.py:4180} INFO - Setting next_dagrun for tutorial_objectstorage to None, run_after=None
[2024-10-13T09:16:46.598+0000] {processor.py:208} INFO - Processing /home/airflow/.local/lib/python3.12/site-packages/airflow/example_dags/tutorial_objectstorage.py took 0.104 seconds
[2024-10-13T09:17:17.483+0000] {processor.py:186} INFO - Started process (PID=1905) to work on /home/airflow/.local/lib/python3.12/site-packages/airflow/example_dags/tutorial_objectstorage.py
[2024-10-13T09:17:17.484+0000] {processor.py:914} INFO - Processing file /home/airflow/.local/lib/python3.12/site-packages/airflow/example_dags/tutorial_objectstorage.py for tasks to queue
[2024-10-13T09:17:17.488+0000] {logging_mixin.py:190} INFO - [2024-10-13T09:17:17.488+0000] {dagbag.py:588} INFO - Filling up the DagBag from /home/airflow/.local/lib/python3.12/site-packages/airflow/example_dags/tutorial_objectstorage.py
[2024-10-13T09:17:17.497+0000] {processor.py:925} INFO - DAG(s) 'tutorial_objectstorage' retrieved from /home/airflow/.local/lib/python3.12/site-packages/airflow/example_dags/tutorial_objectstorage.py
[2024-10-13T09:17:17.518+0000] {logging_mixin.py:190} INFO - [2024-10-13T09:17:17.518+0000] {dag.py:3239} INFO - Sync 1 DAGs
[2024-10-13T09:17:17.532+0000] {logging_mixin.py:190} INFO - [2024-10-13T09:17:17.531+0000] {dag.py:4180} INFO - Setting next_dagrun for tutorial_objectstorage to None, run_after=None
[2024-10-13T09:17:17.552+0000] {processor.py:208} INFO - Processing /home/airflow/.local/lib/python3.12/site-packages/airflow/example_dags/tutorial_objectstorage.py took 0.074 seconds
[2024-10-13T09:17:48.194+0000] {processor.py:186} INFO - Started process (PID=1971) to work on /home/airflow/.local/lib/python3.12/site-packages/airflow/example_dags/tutorial_objectstorage.py
[2024-10-13T09:17:48.196+0000] {processor.py:914} INFO - Processing file /home/airflow/.local/lib/python3.12/site-packages/airflow/example_dags/tutorial_objectstorage.py for tasks to queue
[2024-10-13T09:17:48.201+0000] {logging_mixin.py:190} INFO - [2024-10-13T09:17:48.201+0000] {dagbag.py:588} INFO - Filling up the DagBag from /home/airflow/.local/lib/python3.12/site-packages/airflow/example_dags/tutorial_objectstorage.py
[2024-10-13T09:17:48.211+0000] {processor.py:925} INFO - DAG(s) 'tutorial_objectstorage' retrieved from /home/airflow/.local/lib/python3.12/site-packages/airflow/example_dags/tutorial_objectstorage.py
[2024-10-13T09:17:48.232+0000] {logging_mixin.py:190} INFO - [2024-10-13T09:17:48.231+0000] {dag.py:3239} INFO - Sync 1 DAGs
[2024-10-13T09:17:48.250+0000] {logging_mixin.py:190} INFO - [2024-10-13T09:17:48.250+0000] {dag.py:4180} INFO - Setting next_dagrun for tutorial_objectstorage to None, run_after=None
[2024-10-13T09:17:48.279+0000] {processor.py:208} INFO - Processing /home/airflow/.local/lib/python3.12/site-packages/airflow/example_dags/tutorial_objectstorage.py took 0.091 seconds
[2024-10-13T09:18:19.239+0000] {processor.py:186} INFO - Started process (PID=2036) to work on /home/airflow/.local/lib/python3.12/site-packages/airflow/example_dags/tutorial_objectstorage.py
[2024-10-13T09:18:19.240+0000] {processor.py:914} INFO - Processing file /home/airflow/.local/lib/python3.12/site-packages/airflow/example_dags/tutorial_objectstorage.py for tasks to queue
[2024-10-13T09:18:19.244+0000] {logging_mixin.py:190} INFO - [2024-10-13T09:18:19.244+0000] {dagbag.py:588} INFO - Filling up the DagBag from /home/airflow/.local/lib/python3.12/site-packages/airflow/example_dags/tutorial_objectstorage.py
[2024-10-13T09:18:19.256+0000] {processor.py:925} INFO - DAG(s) 'tutorial_objectstorage' retrieved from /home/airflow/.local/lib/python3.12/site-packages/airflow/example_dags/tutorial_objectstorage.py
[2024-10-13T09:18:19.282+0000] {logging_mixin.py:190} INFO - [2024-10-13T09:18:19.281+0000] {dag.py:3239} INFO - Sync 1 DAGs
[2024-10-13T09:18:19.304+0000] {logging_mixin.py:190} INFO - [2024-10-13T09:18:19.303+0000] {dag.py:4180} INFO - Setting next_dagrun for tutorial_objectstorage to None, run_after=None
[2024-10-13T09:18:19.334+0000] {processor.py:208} INFO - Processing /home/airflow/.local/lib/python3.12/site-packages/airflow/example_dags/tutorial_objectstorage.py took 0.102 seconds
[2024-10-13T09:18:49.490+0000] {processor.py:186} INFO - Started process (PID=2099) to work on /home/airflow/.local/lib/python3.12/site-packages/airflow/example_dags/tutorial_objectstorage.py
[2024-10-13T09:18:49.491+0000] {processor.py:914} INFO - Processing file /home/airflow/.local/lib/python3.12/site-packages/airflow/example_dags/tutorial_objectstorage.py for tasks to queue
[2024-10-13T09:18:49.493+0000] {logging_mixin.py:190} INFO - [2024-10-13T09:18:49.493+0000] {dagbag.py:588} INFO - Filling up the DagBag from /home/airflow/.local/lib/python3.12/site-packages/airflow/example_dags/tutorial_objectstorage.py
[2024-10-13T09:18:49.500+0000] {processor.py:925} INFO - DAG(s) 'tutorial_objectstorage' retrieved from /home/airflow/.local/lib/python3.12/site-packages/airflow/example_dags/tutorial_objectstorage.py
[2024-10-13T09:18:49.518+0000] {logging_mixin.py:190} INFO - [2024-10-13T09:18:49.517+0000] {dag.py:3239} INFO - Sync 1 DAGs
[2024-10-13T09:18:49.529+0000] {logging_mixin.py:190} INFO - [2024-10-13T09:18:49.529+0000] {dag.py:4180} INFO - Setting next_dagrun for tutorial_objectstorage to None, run_after=None
[2024-10-13T09:18:49.549+0000] {processor.py:208} INFO - Processing /home/airflow/.local/lib/python3.12/site-packages/airflow/example_dags/tutorial_objectstorage.py took 0.063 seconds
[2024-10-13T09:19:20.598+0000] {processor.py:186} INFO - Started process (PID=2162) to work on /home/airflow/.local/lib/python3.12/site-packages/airflow/example_dags/tutorial_objectstorage.py
[2024-10-13T09:19:20.600+0000] {processor.py:914} INFO - Processing file /home/airflow/.local/lib/python3.12/site-packages/airflow/example_dags/tutorial_objectstorage.py for tasks to queue
[2024-10-13T09:19:20.603+0000] {logging_mixin.py:190} INFO - [2024-10-13T09:19:20.603+0000] {dagbag.py:588} INFO - Filling up the DagBag from /home/airflow/.local/lib/python3.12/site-packages/airflow/example_dags/tutorial_objectstorage.py
[2024-10-13T09:19:20.619+0000] {processor.py:925} INFO - DAG(s) 'tutorial_objectstorage' retrieved from /home/airflow/.local/lib/python3.12/site-packages/airflow/example_dags/tutorial_objectstorage.py
[2024-10-13T09:19:20.648+0000] {logging_mixin.py:190} INFO - [2024-10-13T09:19:20.647+0000] {dag.py:3239} INFO - Sync 1 DAGs
[2024-10-13T09:19:20.667+0000] {logging_mixin.py:190} INFO - [2024-10-13T09:19:20.666+0000] {dag.py:4180} INFO - Setting next_dagrun for tutorial_objectstorage to None, run_after=None
[2024-10-13T09:19:20.709+0000] {processor.py:208} INFO - Processing /home/airflow/.local/lib/python3.12/site-packages/airflow/example_dags/tutorial_objectstorage.py took 0.122 seconds
[2024-10-13T09:19:50.937+0000] {processor.py:186} INFO - Started process (PID=2225) to work on /home/airflow/.local/lib/python3.12/site-packages/airflow/example_dags/tutorial_objectstorage.py
[2024-10-13T09:19:50.938+0000] {processor.py:914} INFO - Processing file /home/airflow/.local/lib/python3.12/site-packages/airflow/example_dags/tutorial_objectstorage.py for tasks to queue
[2024-10-13T09:19:50.941+0000] {logging_mixin.py:190} INFO - [2024-10-13T09:19:50.941+0000] {dagbag.py:588} INFO - Filling up the DagBag from /home/airflow/.local/lib/python3.12/site-packages/airflow/example_dags/tutorial_objectstorage.py
[2024-10-13T09:19:50.949+0000] {processor.py:925} INFO - DAG(s) 'tutorial_objectstorage' retrieved from /home/airflow/.local/lib/python3.12/site-packages/airflow/example_dags/tutorial_objectstorage.py
[2024-10-13T09:19:50.970+0000] {logging_mixin.py:190} INFO - [2024-10-13T09:19:50.969+0000] {dag.py:3239} INFO - Sync 1 DAGs
[2024-10-13T09:19:50.991+0000] {logging_mixin.py:190} INFO - [2024-10-13T09:19:50.991+0000] {dag.py:4180} INFO - Setting next_dagrun for tutorial_objectstorage to None, run_after=None
[2024-10-13T09:19:51.022+0000] {processor.py:208} INFO - Processing /home/airflow/.local/lib/python3.12/site-packages/airflow/example_dags/tutorial_objectstorage.py took 0.090 seconds
[2024-10-13T09:20:21.242+0000] {processor.py:186} INFO - Started process (PID=2288) to work on /home/airflow/.local/lib/python3.12/site-packages/airflow/example_dags/tutorial_objectstorage.py
[2024-10-13T09:20:21.243+0000] {processor.py:914} INFO - Processing file /home/airflow/.local/lib/python3.12/site-packages/airflow/example_dags/tutorial_objectstorage.py for tasks to queue
[2024-10-13T09:20:21.247+0000] {logging_mixin.py:190} INFO - [2024-10-13T09:20:21.246+0000] {dagbag.py:588} INFO - Filling up the DagBag from /home/airflow/.local/lib/python3.12/site-packages/airflow/example_dags/tutorial_objectstorage.py
[2024-10-13T09:20:21.257+0000] {processor.py:925} INFO - DAG(s) 'tutorial_objectstorage' retrieved from /home/airflow/.local/lib/python3.12/site-packages/airflow/example_dags/tutorial_objectstorage.py
[2024-10-13T09:20:21.281+0000] {logging_mixin.py:190} INFO - [2024-10-13T09:20:21.280+0000] {dag.py:3239} INFO - Sync 1 DAGs
[2024-10-13T09:20:21.301+0000] {logging_mixin.py:190} INFO - [2024-10-13T09:20:21.301+0000] {dag.py:4180} INFO - Setting next_dagrun for tutorial_objectstorage to None, run_after=None
[2024-10-13T09:20:21.326+0000] {processor.py:208} INFO - Processing /home/airflow/.local/lib/python3.12/site-packages/airflow/example_dags/tutorial_objectstorage.py took 0.090 seconds
[2024-10-13T09:20:52.334+0000] {processor.py:186} INFO - Started process (PID=2353) to work on /home/airflow/.local/lib/python3.12/site-packages/airflow/example_dags/tutorial_objectstorage.py
[2024-10-13T09:20:52.335+0000] {processor.py:914} INFO - Processing file /home/airflow/.local/lib/python3.12/site-packages/airflow/example_dags/tutorial_objectstorage.py for tasks to queue
[2024-10-13T09:20:52.341+0000] {logging_mixin.py:190} INFO - [2024-10-13T09:20:52.340+0000] {dagbag.py:588} INFO - Filling up the DagBag from /home/airflow/.local/lib/python3.12/site-packages/airflow/example_dags/tutorial_objectstorage.py
[2024-10-13T09:20:52.355+0000] {processor.py:925} INFO - DAG(s) 'tutorial_objectstorage' retrieved from /home/airflow/.local/lib/python3.12/site-packages/airflow/example_dags/tutorial_objectstorage.py
[2024-10-13T09:20:52.385+0000] {logging_mixin.py:190} INFO - [2024-10-13T09:20:52.384+0000] {dag.py:3239} INFO - Sync 1 DAGs
[2024-10-13T09:20:52.404+0000] {logging_mixin.py:190} INFO - [2024-10-13T09:20:52.404+0000] {dag.py:4180} INFO - Setting next_dagrun for tutorial_objectstorage to None, run_after=None
[2024-10-13T09:20:52.440+0000] {processor.py:208} INFO - Processing /home/airflow/.local/lib/python3.12/site-packages/airflow/example_dags/tutorial_objectstorage.py took 0.113 seconds
[2024-10-13T09:21:23.000+0000] {processor.py:186} INFO - Started process (PID=2417) to work on /home/airflow/.local/lib/python3.12/site-packages/airflow/example_dags/tutorial_objectstorage.py
[2024-10-13T09:21:23.001+0000] {processor.py:914} INFO - Processing file /home/airflow/.local/lib/python3.12/site-packages/airflow/example_dags/tutorial_objectstorage.py for tasks to queue
[2024-10-13T09:21:23.005+0000] {logging_mixin.py:190} INFO - [2024-10-13T09:21:23.005+0000] {dagbag.py:588} INFO - Filling up the DagBag from /home/airflow/.local/lib/python3.12/site-packages/airflow/example_dags/tutorial_objectstorage.py
[2024-10-13T09:21:23.021+0000] {processor.py:925} INFO - DAG(s) 'tutorial_objectstorage' retrieved from /home/airflow/.local/lib/python3.12/site-packages/airflow/example_dags/tutorial_objectstorage.py
[2024-10-13T09:21:23.056+0000] {logging_mixin.py:190} INFO - [2024-10-13T09:21:23.056+0000] {dag.py:3239} INFO - Sync 1 DAGs
[2024-10-13T09:21:23.080+0000] {logging_mixin.py:190} INFO - [2024-10-13T09:21:23.079+0000] {dag.py:4180} INFO - Setting next_dagrun for tutorial_objectstorage to None, run_after=None
[2024-10-13T09:21:23.119+0000] {processor.py:208} INFO - Processing /home/airflow/.local/lib/python3.12/site-packages/airflow/example_dags/tutorial_objectstorage.py took 0.126 seconds
[2024-10-13T09:21:53.495+0000] {processor.py:186} INFO - Started process (PID=2480) to work on /home/airflow/.local/lib/python3.12/site-packages/airflow/example_dags/tutorial_objectstorage.py
[2024-10-13T09:21:53.496+0000] {processor.py:914} INFO - Processing file /home/airflow/.local/lib/python3.12/site-packages/airflow/example_dags/tutorial_objectstorage.py for tasks to queue
[2024-10-13T09:21:53.499+0000] {logging_mixin.py:190} INFO - [2024-10-13T09:21:53.499+0000] {dagbag.py:588} INFO - Filling up the DagBag from /home/airflow/.local/lib/python3.12/site-packages/airflow/example_dags/tutorial_objectstorage.py
[2024-10-13T09:21:53.509+0000] {processor.py:925} INFO - DAG(s) 'tutorial_objectstorage' retrieved from /home/airflow/.local/lib/python3.12/site-packages/airflow/example_dags/tutorial_objectstorage.py
[2024-10-13T09:21:53.533+0000] {logging_mixin.py:190} INFO - [2024-10-13T09:21:53.533+0000] {dag.py:3239} INFO - Sync 1 DAGs
[2024-10-13T09:21:53.553+0000] {logging_mixin.py:190} INFO - [2024-10-13T09:21:53.553+0000] {dag.py:4180} INFO - Setting next_dagrun for tutorial_objectstorage to None, run_after=None
[2024-10-13T09:21:53.577+0000] {processor.py:208} INFO - Processing /home/airflow/.local/lib/python3.12/site-packages/airflow/example_dags/tutorial_objectstorage.py took 0.089 seconds
[2024-10-13T09:22:24.201+0000] {processor.py:186} INFO - Started process (PID=2543) to work on /home/airflow/.local/lib/python3.12/site-packages/airflow/example_dags/tutorial_objectstorage.py
[2024-10-13T09:22:24.203+0000] {processor.py:914} INFO - Processing file /home/airflow/.local/lib/python3.12/site-packages/airflow/example_dags/tutorial_objectstorage.py for tasks to queue
[2024-10-13T09:22:24.209+0000] {logging_mixin.py:190} INFO - [2024-10-13T09:22:24.208+0000] {dagbag.py:588} INFO - Filling up the DagBag from /home/airflow/.local/lib/python3.12/site-packages/airflow/example_dags/tutorial_objectstorage.py
[2024-10-13T09:22:24.222+0000] {processor.py:925} INFO - DAG(s) 'tutorial_objectstorage' retrieved from /home/airflow/.local/lib/python3.12/site-packages/airflow/example_dags/tutorial_objectstorage.py
[2024-10-13T09:22:24.254+0000] {logging_mixin.py:190} INFO - [2024-10-13T09:22:24.253+0000] {dag.py:3239} INFO - Sync 1 DAGs
[2024-10-13T09:22:24.277+0000] {logging_mixin.py:190} INFO - [2024-10-13T09:22:24.277+0000] {dag.py:4180} INFO - Setting next_dagrun for tutorial_objectstorage to None, run_after=None
[2024-10-13T09:22:24.312+0000] {processor.py:208} INFO - Processing /home/airflow/.local/lib/python3.12/site-packages/airflow/example_dags/tutorial_objectstorage.py took 0.119 seconds
[2024-10-13T09:22:55.104+0000] {processor.py:186} INFO - Started process (PID=2606) to work on /home/airflow/.local/lib/python3.12/site-packages/airflow/example_dags/tutorial_objectstorage.py
[2024-10-13T09:22:55.107+0000] {processor.py:914} INFO - Processing file /home/airflow/.local/lib/python3.12/site-packages/airflow/example_dags/tutorial_objectstorage.py for tasks to queue
[2024-10-13T09:22:55.112+0000] {logging_mixin.py:190} INFO - [2024-10-13T09:22:55.111+0000] {dagbag.py:588} INFO - Filling up the DagBag from /home/airflow/.local/lib/python3.12/site-packages/airflow/example_dags/tutorial_objectstorage.py
[2024-10-13T09:22:55.126+0000] {processor.py:925} INFO - DAG(s) 'tutorial_objectstorage' retrieved from /home/airflow/.local/lib/python3.12/site-packages/airflow/example_dags/tutorial_objectstorage.py
[2024-10-13T09:22:55.171+0000] {logging_mixin.py:190} INFO - [2024-10-13T09:22:55.170+0000] {dag.py:3239} INFO - Sync 1 DAGs
[2024-10-13T09:22:55.192+0000] {logging_mixin.py:190} INFO - [2024-10-13T09:22:55.192+0000] {dag.py:4180} INFO - Setting next_dagrun for tutorial_objectstorage to None, run_after=None
[2024-10-13T09:22:55.229+0000] {processor.py:208} INFO - Processing /home/airflow/.local/lib/python3.12/site-packages/airflow/example_dags/tutorial_objectstorage.py took 0.134 seconds
[2024-10-13T09:23:26.589+0000] {processor.py:186} INFO - Started process (PID=2669) to work on /home/airflow/.local/lib/python3.12/site-packages/airflow/example_dags/tutorial_objectstorage.py
[2024-10-13T09:23:26.593+0000] {processor.py:914} INFO - Processing file /home/airflow/.local/lib/python3.12/site-packages/airflow/example_dags/tutorial_objectstorage.py for tasks to queue
[2024-10-13T09:23:26.608+0000] {logging_mixin.py:190} INFO - [2024-10-13T09:23:26.607+0000] {dagbag.py:588} INFO - Filling up the DagBag from /home/airflow/.local/lib/python3.12/site-packages/airflow/example_dags/tutorial_objectstorage.py
[2024-10-13T09:23:26.649+0000] {processor.py:925} INFO - DAG(s) 'tutorial_objectstorage' retrieved from /home/airflow/.local/lib/python3.12/site-packages/airflow/example_dags/tutorial_objectstorage.py
[2024-10-13T09:23:26.739+0000] {logging_mixin.py:190} INFO - [2024-10-13T09:23:26.738+0000] {dag.py:3239} INFO - Sync 1 DAGs
[2024-10-13T09:23:26.812+0000] {logging_mixin.py:190} INFO - [2024-10-13T09:23:26.811+0000] {dag.py:4180} INFO - Setting next_dagrun for tutorial_objectstorage to None, run_after=None
[2024-10-13T09:23:26.873+0000] {processor.py:208} INFO - Processing /home/airflow/.local/lib/python3.12/site-packages/airflow/example_dags/tutorial_objectstorage.py took 0.305 seconds
[2024-10-13T09:23:57.730+0000] {processor.py:186} INFO - Started process (PID=2733) to work on /home/airflow/.local/lib/python3.12/site-packages/airflow/example_dags/tutorial_objectstorage.py
[2024-10-13T09:23:57.732+0000] {processor.py:914} INFO - Processing file /home/airflow/.local/lib/python3.12/site-packages/airflow/example_dags/tutorial_objectstorage.py for tasks to queue
[2024-10-13T09:23:57.736+0000] {logging_mixin.py:190} INFO - [2024-10-13T09:23:57.735+0000] {dagbag.py:588} INFO - Filling up the DagBag from /home/airflow/.local/lib/python3.12/site-packages/airflow/example_dags/tutorial_objectstorage.py
[2024-10-13T09:23:57.751+0000] {processor.py:925} INFO - DAG(s) 'tutorial_objectstorage' retrieved from /home/airflow/.local/lib/python3.12/site-packages/airflow/example_dags/tutorial_objectstorage.py
[2024-10-13T09:23:57.778+0000] {logging_mixin.py:190} INFO - [2024-10-13T09:23:57.777+0000] {dag.py:3239} INFO - Sync 1 DAGs
[2024-10-13T09:23:57.802+0000] {logging_mixin.py:190} INFO - [2024-10-13T09:23:57.802+0000] {dag.py:4180} INFO - Setting next_dagrun for tutorial_objectstorage to None, run_after=None
[2024-10-13T09:23:57.833+0000] {processor.py:208} INFO - Processing /home/airflow/.local/lib/python3.12/site-packages/airflow/example_dags/tutorial_objectstorage.py took 0.111 seconds
[2024-10-13T09:24:30.069+0000] {processor.py:186} INFO - Started process (PID=2795) to work on /home/airflow/.local/lib/python3.12/site-packages/airflow/example_dags/tutorial_objectstorage.py
[2024-10-13T09:24:30.072+0000] {processor.py:914} INFO - Processing file /home/airflow/.local/lib/python3.12/site-packages/airflow/example_dags/tutorial_objectstorage.py for tasks to queue
[2024-10-13T09:24:30.078+0000] {logging_mixin.py:190} INFO - [2024-10-13T09:24:30.077+0000] {dagbag.py:588} INFO - Filling up the DagBag from /home/airflow/.local/lib/python3.12/site-packages/airflow/example_dags/tutorial_objectstorage.py
[2024-10-13T09:24:30.104+0000] {processor.py:925} INFO - DAG(s) 'tutorial_objectstorage' retrieved from /home/airflow/.local/lib/python3.12/site-packages/airflow/example_dags/tutorial_objectstorage.py
[2024-10-13T09:24:30.149+0000] {logging_mixin.py:190} INFO - [2024-10-13T09:24:30.149+0000] {dag.py:3239} INFO - Sync 1 DAGs
[2024-10-13T09:24:30.198+0000] {logging_mixin.py:190} INFO - [2024-10-13T09:24:30.198+0000] {dag.py:4180} INFO - Setting next_dagrun for tutorial_objectstorage to None, run_after=None
[2024-10-13T09:24:30.266+0000] {processor.py:208} INFO - Processing /home/airflow/.local/lib/python3.12/site-packages/airflow/example_dags/tutorial_objectstorage.py took 0.213 seconds
[2024-10-13T09:25:00.648+0000] {processor.py:186} INFO - Started process (PID=2859) to work on /home/airflow/.local/lib/python3.12/site-packages/airflow/example_dags/tutorial_objectstorage.py
[2024-10-13T09:25:00.677+0000] {processor.py:914} INFO - Processing file /home/airflow/.local/lib/python3.12/site-packages/airflow/example_dags/tutorial_objectstorage.py for tasks to queue
[2024-10-13T09:25:00.693+0000] {logging_mixin.py:190} INFO - [2024-10-13T09:25:00.692+0000] {dagbag.py:588} INFO - Filling up the DagBag from /home/airflow/.local/lib/python3.12/site-packages/airflow/example_dags/tutorial_objectstorage.py
[2024-10-13T09:25:00.789+0000] {processor.py:925} INFO - DAG(s) 'tutorial_objectstorage' retrieved from /home/airflow/.local/lib/python3.12/site-packages/airflow/example_dags/tutorial_objectstorage.py
[2024-10-13T09:25:00.843+0000] {logging_mixin.py:190} INFO - [2024-10-13T09:25:00.842+0000] {dag.py:3239} INFO - Sync 1 DAGs
[2024-10-13T09:25:00.866+0000] {logging_mixin.py:190} INFO - [2024-10-13T09:25:00.865+0000] {dag.py:4180} INFO - Setting next_dagrun for tutorial_objectstorage to None, run_after=None
[2024-10-13T09:25:00.901+0000] {processor.py:208} INFO - Processing /home/airflow/.local/lib/python3.12/site-packages/airflow/example_dags/tutorial_objectstorage.py took 0.273 seconds
[2024-10-13T09:25:31.301+0000] {processor.py:186} INFO - Started process (PID=2922) to work on /home/airflow/.local/lib/python3.12/site-packages/airflow/example_dags/tutorial_objectstorage.py
[2024-10-13T09:25:31.303+0000] {processor.py:914} INFO - Processing file /home/airflow/.local/lib/python3.12/site-packages/airflow/example_dags/tutorial_objectstorage.py for tasks to queue
[2024-10-13T09:25:31.306+0000] {logging_mixin.py:190} INFO - [2024-10-13T09:25:31.306+0000] {dagbag.py:588} INFO - Filling up the DagBag from /home/airflow/.local/lib/python3.12/site-packages/airflow/example_dags/tutorial_objectstorage.py
[2024-10-13T09:25:31.320+0000] {processor.py:925} INFO - DAG(s) 'tutorial_objectstorage' retrieved from /home/airflow/.local/lib/python3.12/site-packages/airflow/example_dags/tutorial_objectstorage.py
[2024-10-13T09:25:31.350+0000] {logging_mixin.py:190} INFO - [2024-10-13T09:25:31.349+0000] {dag.py:3239} INFO - Sync 1 DAGs
[2024-10-13T09:25:31.371+0000] {logging_mixin.py:190} INFO - [2024-10-13T09:25:31.371+0000] {dag.py:4180} INFO - Setting next_dagrun for tutorial_objectstorage to None, run_after=None
[2024-10-13T09:25:31.403+0000] {processor.py:208} INFO - Processing /home/airflow/.local/lib/python3.12/site-packages/airflow/example_dags/tutorial_objectstorage.py took 0.112 seconds
[2024-10-13T09:26:02.460+0000] {processor.py:186} INFO - Started process (PID=2986) to work on /home/airflow/.local/lib/python3.12/site-packages/airflow/example_dags/tutorial_objectstorage.py
[2024-10-13T09:26:02.463+0000] {processor.py:914} INFO - Processing file /home/airflow/.local/lib/python3.12/site-packages/airflow/example_dags/tutorial_objectstorage.py for tasks to queue
[2024-10-13T09:26:02.466+0000] {logging_mixin.py:190} INFO - [2024-10-13T09:26:02.466+0000] {dagbag.py:588} INFO - Filling up the DagBag from /home/airflow/.local/lib/python3.12/site-packages/airflow/example_dags/tutorial_objectstorage.py
[2024-10-13T09:26:02.478+0000] {processor.py:925} INFO - DAG(s) 'tutorial_objectstorage' retrieved from /home/airflow/.local/lib/python3.12/site-packages/airflow/example_dags/tutorial_objectstorage.py
[2024-10-13T09:26:02.500+0000] {logging_mixin.py:190} INFO - [2024-10-13T09:26:02.500+0000] {dag.py:3239} INFO - Sync 1 DAGs
[2024-10-13T09:26:02.517+0000] {logging_mixin.py:190} INFO - [2024-10-13T09:26:02.517+0000] {dag.py:4180} INFO - Setting next_dagrun for tutorial_objectstorage to None, run_after=None
[2024-10-13T09:26:02.544+0000] {processor.py:208} INFO - Processing /home/airflow/.local/lib/python3.12/site-packages/airflow/example_dags/tutorial_objectstorage.py took 0.091 seconds
[2024-10-13T09:26:40.019+0000] {processor.py:186} INFO - Started process (PID=3049) to work on /home/airflow/.local/lib/python3.12/site-packages/airflow/example_dags/tutorial_objectstorage.py
[2024-10-13T09:26:40.023+0000] {processor.py:914} INFO - Processing file /home/airflow/.local/lib/python3.12/site-packages/airflow/example_dags/tutorial_objectstorage.py for tasks to queue
[2024-10-13T09:26:40.031+0000] {logging_mixin.py:190} INFO - [2024-10-13T09:26:40.030+0000] {dagbag.py:588} INFO - Filling up the DagBag from /home/airflow/.local/lib/python3.12/site-packages/airflow/example_dags/tutorial_objectstorage.py
[2024-10-13T09:26:40.058+0000] {processor.py:925} INFO - DAG(s) 'tutorial_objectstorage' retrieved from /home/airflow/.local/lib/python3.12/site-packages/airflow/example_dags/tutorial_objectstorage.py
[2024-10-13T09:26:40.113+0000] {logging_mixin.py:190} INFO - [2024-10-13T09:26:40.112+0000] {dag.py:3239} INFO - Sync 1 DAGs
[2024-10-13T09:26:40.146+0000] {logging_mixin.py:190} INFO - [2024-10-13T09:26:40.146+0000] {dag.py:4180} INFO - Setting next_dagrun for tutorial_objectstorage to None, run_after=None
[2024-10-13T09:26:40.189+0000] {processor.py:208} INFO - Processing /home/airflow/.local/lib/python3.12/site-packages/airflow/example_dags/tutorial_objectstorage.py took 0.183 seconds
[2024-10-13T09:27:20.859+0000] {processor.py:186} INFO - Started process (PID=3127) to work on /home/airflow/.local/lib/python3.12/site-packages/airflow/example_dags/tutorial_objectstorage.py
[2024-10-13T09:27:20.868+0000] {processor.py:914} INFO - Processing file /home/airflow/.local/lib/python3.12/site-packages/airflow/example_dags/tutorial_objectstorage.py for tasks to queue
[2024-10-13T09:27:20.874+0000] {logging_mixin.py:190} INFO - [2024-10-13T09:27:20.873+0000] {dagbag.py:588} INFO - Filling up the DagBag from /home/airflow/.local/lib/python3.12/site-packages/airflow/example_dags/tutorial_objectstorage.py
[2024-10-13T09:27:20.906+0000] {processor.py:925} INFO - DAG(s) 'tutorial_objectstorage' retrieved from /home/airflow/.local/lib/python3.12/site-packages/airflow/example_dags/tutorial_objectstorage.py
[2024-10-13T09:27:20.968+0000] {logging_mixin.py:190} INFO - [2024-10-13T09:27:20.967+0000] {dag.py:3239} INFO - Sync 1 DAGs
[2024-10-13T09:27:21.016+0000] {logging_mixin.py:190} INFO - [2024-10-13T09:27:21.016+0000] {dag.py:4180} INFO - Setting next_dagrun for tutorial_objectstorage to None, run_after=None
[2024-10-13T09:27:21.083+0000] {processor.py:208} INFO - Processing /home/airflow/.local/lib/python3.12/site-packages/airflow/example_dags/tutorial_objectstorage.py took 0.237 seconds
[2024-10-13T09:27:54.259+0000] {processor.py:186} INFO - Started process (PID=3190) to work on /home/airflow/.local/lib/python3.12/site-packages/airflow/example_dags/tutorial_objectstorage.py
[2024-10-13T09:27:54.263+0000] {processor.py:914} INFO - Processing file /home/airflow/.local/lib/python3.12/site-packages/airflow/example_dags/tutorial_objectstorage.py for tasks to queue
[2024-10-13T09:27:54.272+0000] {logging_mixin.py:190} INFO - [2024-10-13T09:27:54.272+0000] {dagbag.py:588} INFO - Filling up the DagBag from /home/airflow/.local/lib/python3.12/site-packages/airflow/example_dags/tutorial_objectstorage.py
[2024-10-13T09:27:54.325+0000] {processor.py:925} INFO - DAG(s) 'tutorial_objectstorage' retrieved from /home/airflow/.local/lib/python3.12/site-packages/airflow/example_dags/tutorial_objectstorage.py
[2024-10-13T09:27:54.390+0000] {logging_mixin.py:190} INFO - [2024-10-13T09:27:54.389+0000] {dag.py:3239} INFO - Sync 1 DAGs
[2024-10-13T09:27:54.472+0000] {logging_mixin.py:190} INFO - [2024-10-13T09:27:54.471+0000] {dag.py:4180} INFO - Setting next_dagrun for tutorial_objectstorage to None, run_after=None
[2024-10-13T09:27:54.546+0000] {processor.py:208} INFO - Processing /home/airflow/.local/lib/python3.12/site-packages/airflow/example_dags/tutorial_objectstorage.py took 0.303 seconds
[2024-10-13T09:28:24.824+0000] {processor.py:186} INFO - Started process (PID=3253) to work on /home/airflow/.local/lib/python3.12/site-packages/airflow/example_dags/tutorial_objectstorage.py
[2024-10-13T09:28:24.827+0000] {processor.py:914} INFO - Processing file /home/airflow/.local/lib/python3.12/site-packages/airflow/example_dags/tutorial_objectstorage.py for tasks to queue
[2024-10-13T09:28:24.833+0000] {logging_mixin.py:190} INFO - [2024-10-13T09:28:24.832+0000] {dagbag.py:588} INFO - Filling up the DagBag from /home/airflow/.local/lib/python3.12/site-packages/airflow/example_dags/tutorial_objectstorage.py
[2024-10-13T09:28:24.850+0000] {processor.py:925} INFO - DAG(s) 'tutorial_objectstorage' retrieved from /home/airflow/.local/lib/python3.12/site-packages/airflow/example_dags/tutorial_objectstorage.py
[2024-10-13T09:28:24.898+0000] {logging_mixin.py:190} INFO - [2024-10-13T09:28:24.897+0000] {dag.py:3239} INFO - Sync 1 DAGs
[2024-10-13T09:28:24.941+0000] {logging_mixin.py:190} INFO - [2024-10-13T09:28:24.941+0000] {dag.py:4180} INFO - Setting next_dagrun for tutorial_objectstorage to None, run_after=None
[2024-10-13T09:28:24.992+0000] {processor.py:208} INFO - Processing /home/airflow/.local/lib/python3.12/site-packages/airflow/example_dags/tutorial_objectstorage.py took 0.183 seconds
[2024-10-13T09:28:55.552+0000] {processor.py:186} INFO - Started process (PID=3316) to work on /home/airflow/.local/lib/python3.12/site-packages/airflow/example_dags/tutorial_objectstorage.py
[2024-10-13T09:28:55.553+0000] {processor.py:914} INFO - Processing file /home/airflow/.local/lib/python3.12/site-packages/airflow/example_dags/tutorial_objectstorage.py for tasks to queue
[2024-10-13T09:28:55.556+0000] {logging_mixin.py:190} INFO - [2024-10-13T09:28:55.555+0000] {dagbag.py:588} INFO - Filling up the DagBag from /home/airflow/.local/lib/python3.12/site-packages/airflow/example_dags/tutorial_objectstorage.py
[2024-10-13T09:28:55.566+0000] {processor.py:925} INFO - DAG(s) 'tutorial_objectstorage' retrieved from /home/airflow/.local/lib/python3.12/site-packages/airflow/example_dags/tutorial_objectstorage.py
[2024-10-13T09:28:55.591+0000] {logging_mixin.py:190} INFO - [2024-10-13T09:28:55.591+0000] {dag.py:3239} INFO - Sync 1 DAGs
[2024-10-13T09:28:55.612+0000] {logging_mixin.py:190} INFO - [2024-10-13T09:28:55.611+0000] {dag.py:4180} INFO - Setting next_dagrun for tutorial_objectstorage to None, run_after=None
[2024-10-13T09:28:55.640+0000] {processor.py:208} INFO - Processing /home/airflow/.local/lib/python3.12/site-packages/airflow/example_dags/tutorial_objectstorage.py took 0.096 seconds
[2024-10-13T09:29:25.812+0000] {processor.py:186} INFO - Started process (PID=3379) to work on /home/airflow/.local/lib/python3.12/site-packages/airflow/example_dags/tutorial_objectstorage.py
[2024-10-13T09:29:25.813+0000] {processor.py:914} INFO - Processing file /home/airflow/.local/lib/python3.12/site-packages/airflow/example_dags/tutorial_objectstorage.py for tasks to queue
[2024-10-13T09:29:25.816+0000] {logging_mixin.py:190} INFO - [2024-10-13T09:29:25.816+0000] {dagbag.py:588} INFO - Filling up the DagBag from /home/airflow/.local/lib/python3.12/site-packages/airflow/example_dags/tutorial_objectstorage.py
[2024-10-13T09:29:25.824+0000] {processor.py:925} INFO - DAG(s) 'tutorial_objectstorage' retrieved from /home/airflow/.local/lib/python3.12/site-packages/airflow/example_dags/tutorial_objectstorage.py
[2024-10-13T09:29:25.844+0000] {logging_mixin.py:190} INFO - [2024-10-13T09:29:25.843+0000] {dag.py:3239} INFO - Sync 1 DAGs
[2024-10-13T09:29:25.856+0000] {logging_mixin.py:190} INFO - [2024-10-13T09:29:25.856+0000] {dag.py:4180} INFO - Setting next_dagrun for tutorial_objectstorage to None, run_after=None
[2024-10-13T09:29:25.876+0000] {processor.py:208} INFO - Processing /home/airflow/.local/lib/python3.12/site-packages/airflow/example_dags/tutorial_objectstorage.py took 0.068 seconds
[2024-10-13T09:29:56.305+0000] {processor.py:186} INFO - Started process (PID=3442) to work on /home/airflow/.local/lib/python3.12/site-packages/airflow/example_dags/tutorial_objectstorage.py
[2024-10-13T09:29:56.308+0000] {processor.py:914} INFO - Processing file /home/airflow/.local/lib/python3.12/site-packages/airflow/example_dags/tutorial_objectstorage.py for tasks to queue
[2024-10-13T09:29:56.320+0000] {logging_mixin.py:190} INFO - [2024-10-13T09:29:56.318+0000] {dagbag.py:588} INFO - Filling up the DagBag from /home/airflow/.local/lib/python3.12/site-packages/airflow/example_dags/tutorial_objectstorage.py
[2024-10-13T09:29:56.357+0000] {processor.py:925} INFO - DAG(s) 'tutorial_objectstorage' retrieved from /home/airflow/.local/lib/python3.12/site-packages/airflow/example_dags/tutorial_objectstorage.py
[2024-10-13T09:29:56.401+0000] {logging_mixin.py:190} INFO - [2024-10-13T09:29:56.400+0000] {dag.py:3239} INFO - Sync 1 DAGs
[2024-10-13T09:29:56.426+0000] {logging_mixin.py:190} INFO - [2024-10-13T09:29:56.425+0000] {dag.py:4180} INFO - Setting next_dagrun for tutorial_objectstorage to None, run_after=None
[2024-10-13T09:29:56.454+0000] {processor.py:208} INFO - Processing /home/airflow/.local/lib/python3.12/site-packages/airflow/example_dags/tutorial_objectstorage.py took 0.161 seconds
